#
# There is insufficient memory for the Java Runtime Environment to continue.
# Native memory allocation (malloc) failed to allocate 76546048 bytes for committing reserved memory.
# Possible reasons:
#   The system is out of physical RAM or swap space
#   In 32 bit mode, the process size limit was hit
# Possible solutions:
#   Reduce memory load on the system
#   Increase physical memory or swap space
#   Check if swap backing store is full
#   Use 64 bit Java on a 64 bit OS
#   Decrease Java heap size (-Xmx/-Xms)
#   Decrease number of Java threads
#   Decrease Java thread stack sizes (-Xss)
#   Set larger code cache with -XX:ReservedCodeCacheSize=
# This output file may be truncated or incomplete.
#
#  Out of Memory Error (os_linux.cpp:2827), pid=19439, tid=139832613177088
#
# JRE version: OpenJDK Runtime Environment (7.0_95) (build 1.7.0_95-b00)
# Java VM: OpenJDK 64-Bit Server VM (24.95-b01 mixed mode linux-amd64 compressed oops)
# Derivative: IcedTea 2.6.4
# Distribution: Ubuntu 14.04.3 LTS, package 7u95-2.6.4-0ubuntu0.14.04.1
# Failed to write core dump. Core dumps have been disabled. To enable core dumping, try "ulimit -c unlimited" before starting Java again
#

---------------  T H R E A D  ---------------

Current thread (0x00007f2d68076000):  VMThread [stack: 0x00007f2d512c8000,0x00007f2d513c9000] [id=19449]

Stack: [0x00007f2d512c8000,0x00007f2d513c9000],  sp=0x00007f2d513c7490,  free space=1021k
Native frames: (J=compiled Java code, j=interpreted, Vv=VM code, C=native code)
V  [libjvm.so+0x9550e5]
V  [libjvm.so+0x4902b4]
V  [libjvm.so+0x7cf7bb]
V  [libjvm.so+0x7ca28f]
V  [libjvm.so+0x83e56b]
V  [libjvm.so+0x82dacb]
V  [libjvm.so+0x82dc8b]
V  [libjvm.so+0x82ebb8]
V  [libjvm.so+0x835814]
V  [libjvm.so+0x83be8d]
V  [libjvm.so+0x7f1fd3]
V  [libjvm.so+0x956ae4]
V  [libjvm.so+0x95abe7]
V  [libjvm.so+0x9596a8]
V  [libjvm.so+0x959b09]
V  [libjvm.so+0x959f52]
V  [libjvm.so+0x7cc682]

VM_Operation (0x00007f2d6fb43810): ParallelGCFailedAllocation, mode: safepoint, requested by thread 0x00007f2d6800a800


---------------  P R O C E S S  ---------------

Java Threads: ( => current thread )
  0x00007f2d681d4000 JavaThread "pool-2-thread-4" [_thread_blocked, id=19461, stack(0x00007f2d32690000,0x00007f2d32791000)]
  0x00007f2d681d2800 JavaThread "pool-2-thread-3" [_thread_blocked, id=19460, stack(0x00007f2d32791000,0x00007f2d32892000)]
  0x00007f2d681d1000 JavaThread "pool-2-thread-2" [_thread_blocked, id=19459, stack(0x00007f2d32892000,0x00007f2d32993000)]
  0x00007f2d681cf000 JavaThread "pool-3-thread-1" [_thread_blocked, id=19458, stack(0x00007f2d32993000,0x00007f2d32a94000)]
  0x00007f2d681ce800 JavaThread "pool-2-thread-1" [_thread_blocked, id=19457, stack(0x00007f2d5002b000,0x00007f2d5012c000)]
  0x00007f2d680b0000 JavaThread "Service Thread" daemon [_thread_blocked, id=19455, stack(0x00007f2d50470000,0x00007f2d50571000)]
  0x00007f2d680ad800 JavaThread "C2 CompilerThread1" daemon [_thread_blocked, id=19454, stack(0x00007f2d50571000,0x00007f2d50672000)]
  0x00007f2d680aa800 JavaThread "C2 CompilerThread0" daemon [_thread_blocked, id=19453, stack(0x00007f2d50672000,0x00007f2d50773000)]
  0x00007f2d680a8800 JavaThread "Signal Dispatcher" daemon [_thread_blocked, id=19452, stack(0x00007f2d50773000,0x00007f2d50874000)]
  0x00007f2d6807c000 JavaThread "Finalizer" daemon [_thread_blocked, id=19451, stack(0x00007f2d510c6000,0x00007f2d511c7000)]
  0x00007f2d6807a000 JavaThread "Reference Handler" daemon [_thread_blocked, id=19450, stack(0x00007f2d511c7000,0x00007f2d512c8000)]
  0x00007f2d6800a800 JavaThread "main" [_thread_blocked, id=19444, stack(0x00007f2d6fa45000,0x00007f2d6fb46000)]

Other Threads:
=>0x00007f2d68076000 VMThread [stack: 0x00007f2d512c8000,0x00007f2d513c9000] [id=19449]
  0x00007f2d680ba800 WatcherThread [stack: 0x00007f2d5036f000,0x00007f2d50470000] [id=19456]

VM state:at safepoint (normal execution)

VM Mutex/Monitor currently owned by a thread:  ([mutex/lock_event])
[0x00007f2d68006370] ExpandHeap_lock - owner thread: 0x00007f2d68076000
[0x00007f2d680069f0] Threads_lock - owner thread: 0x00007f2d68076000
[0x00007f2d68006ef0] Heap_lock - owner thread: 0x00007f2d6800a800

Heap
 PSYoungGen      total 238080K, used 22856K [0x00000000eaa80000, 0x0000000100000000, 0x0000000100000000)
  eden space 210944K, 0% used [0x00000000eaa80000,0x00000000eaa80000,0x00000000f7880000)
  from space 27136K, 84% used [0x00000000fb100000,0x00000000fc7523e8,0x00000000fcb80000)
  to   space 57856K, 0% used [0x00000000f7880000,0x00000000f7880000,0x00000000fb100000)
 ParOldGen       total 95232K, used 94761K [0x00000000c0000000, 0x00000000c5d00000, 0x00000000eaa80000)
  object space 95232K, 99% used [0x00000000c0000000,0x00000000c5c8a788,0x00000000c5d00000)
 PSPermGen       total 21504K, used 6449K [0x00000000b5a00000, 0x00000000b6f00000, 0x00000000c0000000)
  object space 21504K, 29% used [0x00000000b5a00000,0x00000000b604c650,0x00000000b6f00000)

Card table byte_map: [0x00007f2d6c428000,0x00007f2d6c67c000] byte_map_base: 0x00007f2d6be7b000

Polling page: 0x00007f2d6fb66000

Code Cache  [0x00007f2d65000000, 0x00007f2d653a0000, 0x00007f2d68000000)
 total_blobs=1177 nmethods=946 adapters=184 free_code_cache=45677Kb largest_free_block=46574464

Compilation events (10 events):
Event: 11,409 Thread 0x00007f2d680aa800 nmethod 965 0x00007f2d6538a890 code [0x00007f2d6538b020, 0x00007f2d6538ed18]
Event: 11,409 Thread 0x00007f2d680aa800  973             java.util.concurrent.locks.AbstractOwnableSynchronizer::getExclusiveOwnerThread (5 bytes)
Event: 11,426 Thread 0x00007f2d680ad800 nmethod 972 0x00007f2d6536cad0 code [0x00007f2d6536cc60, 0x00007f2d6536ceb8]
Event: 11,426 Thread 0x00007f2d680ad800  974             com.android.dx.dex.file.DexFile::getMethodIds (5 bytes)
Event: 11,427 Thread 0x00007f2d680ad800 nmethod 974 0x00007f2d65370610 code [0x00007f2d65370740, 0x00007f2d65370798]
Event: 11,427 Thread 0x00007f2d680ad800  975             com.android.dx.rop.cst.CstKnownNull::hashCode (3 bytes)
Event: 11,427 Thread 0x00007f2d680ad800 nmethod 975 0x00007f2d65100050 code [0x00007f2d65100180, 0x00007f2d651001d8]
Event: 11,427 Thread 0x00007f2d680ad800  976   !         com.android.dx.dex.cf.CfTranslator::processMethods (583 bytes)
Event: 11,430 Thread 0x00007f2d680aa800 nmethod 973 0x00007f2d650ffe50 code [0x00007f2d650fff80, 0x00007f2d650fffd8]
Event: 11,430 Thread 0x00007f2d680aa800  977             com.android.dx.cf.code.Ropper::addOrReplaceBlock (66 bytes)

GC Heap History (10 events):
Event: 7,493 GC heap after
Heap after GC invocations=7 (full 0):
 PSYoungGen      total 141824K, used 16890K [0x00000000eaa80000, 0x00000000fd380000, 0x0000000100000000)
  eden space 124928K, 0% used [0x00000000eaa80000,0x00000000eaa80000,0x00000000f2480000)
  from space 16896K, 99% used [0x00000000f2480000,0x00000000f34fe9a0,0x00000000f3500000)
  to   space 27136K, 0% used [0x00000000fb900000,0x00000000fb900000,0x00000000fd380000)
 ParOldGen       total 40960K, used 33470K [0x00000000c0000000, 0x00000000c2800000, 0x00000000eaa80000)
  object space 40960K, 81% used [0x00000000c0000000,0x00000000c20afb40,0x00000000c2800000)
 PSPermGen       total 21504K, used 6371K [0x00000000b5a00000, 0x00000000b6f00000, 0x00000000c0000000)
  object space 21504K, 29% used [0x00000000b5a00000,0x00000000b6038e18,0x00000000b6f00000)
}
Event: 7,493 GC heap before
{Heap before GC invocations=8 (full 1):
 PSYoungGen      total 141824K, used 16890K [0x00000000eaa80000, 0x00000000fd380000, 0x0000000100000000)
  eden space 124928K, 0% used [0x00000000eaa80000,0x00000000eaa80000,0x00000000f2480000)
  from space 16896K, 99% used [0x00000000f2480000,0x00000000f34fe9a0,0x00000000f3500000)
  to   space 27136K, 0% used [0x00000000fb900000,0x00000000fb900000,0x00000000fd380000)
 ParOldGen       total 40960K, used 33470K [0x00000000c0000000, 0x00000000c2800000, 0x00000000eaa80000)
  object space 40960K, 81% used [0x00000000c0000000,0x00000000c20afb40,0x00000000c2800000)
 PSPermGen       total 21504K, used 6371K [0x00000000b5a00000, 0x00000000b6f00000, 0x00000000c0000000)
  object space 21504K, 29% used [0x00000000b5a00000,0x00000000b6038e18,0x00000000b6f00000)
Event: 7,887 GC heap after
Heap after GC invocations=8 (full 1):
 PSYoungGen      total 141824K, used 6122K [0x00000000eaa80000, 0x00000000fd380000, 0x0000000100000000)
  eden space 124928K, 0% used [0x00000000eaa80000,0x00000000eaa80000,0x00000000f2480000)
  from space 16896K, 36% used [0x00000000f2480000,0x00000000f2a7a8e0,0x00000000f3500000)
  to   space 27136K, 0% used [0x00000000fb900000,0x00000000fb900000,0x00000000fd380000)
 ParOldGen       total 82432K, used 40479K [0x00000000c0000000, 0x00000000c5080000, 0x00000000eaa80000)
  object space 82432K, 49% used [0x00000000c0000000,0x00000000c2787c50,0x00000000c5080000)
 PSPermGen       total 21504K, used 6367K [0x00000000b5a00000, 0x00000000b6f00000, 0x00000000c0000000)
  object space 21504K, 29% used [0x00000000b5a00000,0x00000000b6037e68,0x00000000b6f00000)
}
Event: 8,957 GC heap before
{Heap before GC invocations=9 (full 1):
 PSYoungGen      total 141824K, used 131050K [0x00000000eaa80000, 0x00000000fd380000, 0x0000000100000000)
  eden space 124928K, 100% used [0x00000000eaa80000,0x00000000f2480000,0x00000000f2480000)
  from space 16896K, 36% used [0x00000000f2480000,0x00000000f2a7a8e0,0x00000000f3500000)
  to   space 27136K, 0% used [0x00000000fb900000,0x00000000fb900000,0x00000000fd380000)
 ParOldGen       total 82432K, used 40479K [0x00000000c0000000, 0x00000000c5080000, 0x00000000eaa80000)
  object space 82432K, 49% used [0x00000000c0000000,0x00000000c2787c50,0x00000000c5080000)
 PSPermGen       total 21504K, used 6402K [0x00000000b5a00000, 0x00000000b6f00000, 0x00000000c0000000)
  object space 21504K, 29% used [0x00000000b5a00000,0x00000000b60409f8,0x00000000b6f00000)
Event: 9,005 GC heap after
Heap after GC invocations=9 (full 1):
 PSYoungGen      total 189952K, used 21519K [0x00000000eaa80000, 0x00000000fce80000, 0x0000000100000000)
  eden space 167936K, 0% used [0x00000000eaa80000,0x00000000eaa80000,0x00000000f4e80000)
  from space 22016K, 97% used [0x00000000fb900000,0x00000000fce03e80,0x00000000fce80000)
  to   space 30208K, 0% used [0x00000000f9380000,0x00000000f9380000,0x00000000fb100000)
 ParOldGen       total 82432K, used 40503K [0x00000000c0000000, 0x00000000c5080000, 0x00000000eaa80000)
  object space 82432K, 49% used [0x00000000c0000000,0x00000000c278dc50,0x00000000c5080000)
 PSPermGen       total 21504K, used 6402K [0x00000000b5a00000, 0x00000000b6f00000, 0x00000000c0000000)
  object space 21504K, 29% used [0x00000000b5a00000,0x00000000b60409f8,0x00000000b6f00000)
}
Event: 10,153 GC heap before
{Heap before GC invocations=10 (full 1):
 PSYoungGen      total 189952K, used 189455K [0x00000000eaa80000, 0x00000000fce80000, 0x0000000100000000)
  eden space 167936K, 100% used [0x00000000eaa80000,0x00000000f4e80000,0x00000000f4e80000)
  from space 22016K, 97% used [0x00000000fb900000,0x00000000fce03e80,0x00000000fce80000)
  to   space 30208K, 0% used [0x00000000f9380000,0x00000000f9380000,0x00000000fb100000)
 ParOldGen       total 82432K, used 40503K [0x00000000c0000000, 0x00000000c5080000, 0x00000000eaa80000)
  object space 82432K, 49% used [0x00000000c0000000,0x00000000c278dc50,0x00000000c5080000)
 PSPermGen       total 21504K, used 6426K [0x00000000b5a00000, 0x00000000b6f00000, 0x00000000c0000000)
  object space 21504K, 29% used [0x00000000b5a00000,0x00000000b6046940,0x00000000b6f00000)
Event: 10,232 GC heap after
Heap after GC invocations=10 (full 1):
 PSYoungGen      total 240128K, used 30184K [0x00000000eaa80000, 0x00000000fcb80000, 0x0000000100000000)
  eden space 209920K, 0% used [0x00000000eaa80000,0x00000000eaa80000,0x00000000f7780000)
  from space 30208K, 99% used [0x00000000f9380000,0x00000000fb0fa1c0,0x00000000fb100000)
  to   space 27136K, 0% used [0x00000000fb100000,0x00000000fb100000,0x00000000fcb80000)
 ParOldGen       total 82432K, used 57807K [0x00000000c0000000, 0x00000000c5080000, 0x00000000eaa80000)
  object space 82432K, 70% used [0x00000000c0000000,0x00000000c3873e80,0x00000000c5080000)
 PSPermGen       total 21504K, used 6426K [0x00000000b5a00000, 0x00000000b6f00000, 0x00000000c0000000)
  object space 21504K, 29% used [0x00000000b5a00000,0x00000000b6046940,0x00000000b6f00000)
}
Event: 11,448 GC heap before
{Heap before GC invocations=11 (full 1):
 PSYoungGen      total 240128K, used 240104K [0x00000000eaa80000, 0x00000000fcb80000, 0x0000000100000000)
  eden space 209920K, 100% used [0x00000000eaa80000,0x00000000f7780000,0x00000000f7780000)
  from space 30208K, 99% used [0x00000000f9380000,0x00000000fb0fa1c0,0x00000000fb100000)
  to   space 27136K, 0% used [0x00000000fb100000,0x00000000fb100000,0x00000000fcb80000)
 ParOldGen       total 82432K, used 57807K [0x00000000c0000000, 0x00000000c5080000, 0x00000000eaa80000)
  object space 82432K, 70% used [0x00000000c0000000,0x00000000c3873e80,0x00000000c5080000)
 PSPermGen       total 21504K, used 6450K [0x00000000b5a00000, 0x00000000b6f00000, 0x00000000c0000000)
  object space 21504K, 29% used [0x00000000b5a00000,0x00000000b604ca50,0x00000000b6f00000)
Event: 11,552 GC heap after
Heap after GC invocations=11 (full 1):
 PSYoungGen      total 238080K, used 27122K [0x00000000eaa80000, 0x0000000100000000, 0x0000000100000000)
  eden space 210944K, 0% used [0x00000000eaa80000,0x00000000eaa80000,0x00000000f7880000)
  from space 27136K, 99% used [0x00000000fb100000,0x00000000fcb7cad8,0x00000000fcb80000)
  to   space 57856K, 0% used [0x00000000f7880000,0x00000000f7880000,0x00000000fb100000)
 ParOldGen       total 95232K, used 94941K [0x00000000c0000000, 0x00000000c5d00000, 0x00000000eaa80000)
  object space 95232K, 99% used [0x00000000c0000000,0x00000000c5cb7628,0x00000000c5d00000)
 PSPermGen       total 21504K, used 6450K [0x00000000b5a00000, 0x00000000b6f00000, 0x00000000c0000000)
  object space 21504K, 29% used [0x00000000b5a00000,0x00000000b604ca50,0x00000000b6f00000)
}
Event: 11,552 GC heap before
{Heap before GC invocations=12 (full 2):
 PSYoungGen      total 238080K, used 27122K [0x00000000eaa80000, 0x0000000100000000, 0x0000000100000000)
  eden space 210944K, 0% used [0x00000000eaa80000,0x00000000eaa80000,0x00000000f7880000)
  from space 27136K, 99% used [0x00000000fb100000,0x00000000fcb7cad8,0x00000000fcb80000)
  to   space 57856K, 0% used [0x00000000f7880000,0x00000000f7880000,0x00000000fb100000)
 ParOldGen       total 95232K, used 94941K [0x00000000c0000000, 0x00000000c5d00000, 0x00000000eaa80000)
  object space 95232K, 99% used [0x00000000c0000000,0x00000000c5cb7628,0x00000000c5d00000)
 PSPermGen       total 21504K, used 6450K [0x00000000b5a00000, 0x00000000b6f00000, 0x00000000c0000000)
  object space 21504K, 29% used [0x00000000b5a00000,0x00000000b604ca50,0x00000000b6f00000)

Deoptimization events (10 events):
Event: 10,712 Thread 0x00007f2d681ce800 Uncommon trap: reason=class_check action=maybe_recompile pc=0x00007f2d6521d400 method=com.android.dx.cf.code.RopperMachine.run(Lcom/android/dx/cf/code/Frame;II)V @ 1024
Event: 10,712 Thread 0x00007f2d681ce800 Uncommon trap: reason=class_check action=maybe_recompile pc=0x00007f2d6521d400 method=com.android.dx.cf.code.RopperMachine.run(Lcom/android/dx/cf/code/Frame;II)V @ 1024
Event: 10,717 Thread 0x00007f2d681ce800 Uncommon trap: reason=unstable_if action=reinterpret pc=0x00007f2d652edb24 method=com.android.dx.ssa.SCCP.simulateStmt(Lcom/android/dx/ssa/SsaInsn;)V @ 435
Event: 10,818 Thread 0x00007f2d681d2800 Uncommon trap: reason=bimorphic action=maybe_recompile pc=0x00007f2d65311f44 method=com.android.dx.cf.code.OneLocalsArray.set(ILcom/android/dx/rop/type/TypeBearer;)V @ 40
Event: 10,818 Thread 0x00007f2d681d2800 Uncommon trap: reason=bimorphic action=maybe_recompile pc=0x00007f2d65311e44 method=com.android.dx.cf.code.OneLocalsArray.set(ILcom/android/dx/rop/type/TypeBearer;)V @ 85
Event: 10,927 Thread 0x00007f2d681d4000 Uncommon trap: reason=bimorphic action=maybe_recompile pc=0x00007f2d65311f44 method=com.android.dx.cf.code.OneLocalsArray.set(ILcom/android/dx/rop/type/TypeBearer;)V @ 40
Event: 11,415 Thread 0x00007f2d681ce800 Uncommon trap: reason=bimorphic action=maybe_recompile pc=0x00007f2d652fdf28 method=com.android.dx.cf.code.BytecodeArray.parseInstruction(ILcom/android/dx/cf/code/BytecodeArray$Visitor;)I @ 1357
Event: 11,420 Thread 0x00007f2d681ce800 Uncommon trap: reason=bimorphic action=maybe_recompile pc=0x00007f2d652fdf28 method=com.android.dx.cf.code.BytecodeArray.parseInstruction(ILcom/android/dx/cf/code/BytecodeArray$Visitor;)I @ 1357
Event: 11,439 Thread 0x00007f2d6800a800 Uncommon trap: reason=bimorphic action=maybe_recompile pc=0x00007f2d651cddbc method=com.android.dx.ssa.LiteralOpUpgrader.tryReplacingWithConstant(Lcom/android/dx/ssa/NormalSsaInsn;)Z @ 62
Event: 11,443 Thread 0x00007f2d6800a800 Uncommon trap: reason=bimorphic action=maybe_recompile pc=0x00007f2d651cddbc method=com.android.dx.ssa.LiteralOpUpgrader.tryReplacingWithConstant(Lcom/android/dx/ssa/NormalSsaInsn;)Z @ 62

Internal exceptions (10 events):
Event: 2,398 Thread 0x00007f2d681d2800 Implicit null exception at 0x00007f2d650d03fc to 0x00007f2d650d0511
Event: 2,400 Thread 0x00007f2d681d2800 Implicit null exception at 0x00007f2d650bf3e8 to 0x00007f2d650bf669
Event: 2,777 Thread 0x00007f2d6800a800 Threw 0x00000000ec31d9b8 at /build/openjdk-7-2FOwCu/openjdk-7-7u95-2.6.4/build/openjdk/hotspot/src/share/vm/prims/jvm.cpp:1322
Event: 2,947 Thread 0x00007f2d681d4000 Threw 0x00000000ecaefbc0 at /build/openjdk-7-2FOwCu/openjdk-7-7u95-2.6.4/build/openjdk/hotspot/src/share/vm/prims/jvm.cpp:1322
Event: 3,928 Thread 0x00007f2d6800a800 Threw 0x00000000eb722af8 at /build/openjdk-7-2FOwCu/openjdk-7-7u95-2.6.4/build/openjdk/hotspot/src/share/vm/prims/jvm.cpp:1322
Event: 4,583 Thread 0x00007f2d6800a800 Threw 0x00000000ed322368 at /build/openjdk-7-2FOwCu/openjdk-7-7u95-2.6.4/build/openjdk/hotspot/src/share/vm/prims/jvm.cpp:1322
Event: 4,963 Thread 0x00007f2d6800a800 Implicit null exception at 0x00007f2d65178891 to 0x00007f2d6517c16d
Event: 8,472 Thread 0x00007f2d6800a800 Threw 0x00000000ed5837e8 at /build/openjdk-7-2FOwCu/openjdk-7-7u95-2.6.4/build/openjdk/hotspot/src/share/vm/prims/jvm.cpp:1322
Event: 8,603 Thread 0x00007f2d6800a800 Implicit null exception at 0x00007f2d651a2577 to 0x00007f2d651a365d
Event: 8,843 Thread 0x00007f2d6800a800 Threw 0x00000000efb64cc8 at /build/openjdk-7-2FOwCu/openjdk-7-7u95-2.6.4/build/openjdk/hotspot/src/share/vm/prims/jvm.cpp:1322

Events (10 events):
Event: 11,427 Thread 0x00007f2d680ad800 flushing nmethod 0x00007f2d6511d950
Event: 11,427 Thread 0x00007f2d680ad800 flushing nmethod 0x00007f2d65151250
Event: 11,430 Thread 0x00007f2d680aa800 flushing nmethod 0x00007f2d651bdcd0
Event: 11,439 Thread 0x00007f2d6800a800 Uncommon trap: trap_request=0xffffffc6 fr.pc=0x00007f2d651cddbc
Event: 11,439 Thread 0x00007f2d6800a800 DEOPT PACKING pc=0x00007f2d651cddbc sp=0x00007f2d6fb438c0
Event: 11,439 Thread 0x00007f2d6800a800 DEOPT UNPACKING pc=0x00007f2d65039445 sp=0x00007f2d6fb437a8 mode 2
Event: 11,443 Thread 0x00007f2d6800a800 Uncommon trap: trap_request=0xffffffc6 fr.pc=0x00007f2d651cddbc
Event: 11,443 Thread 0x00007f2d6800a800 DEOPT PACKING pc=0x00007f2d651cddbc sp=0x00007f2d6fb43830
Event: 11,443 Thread 0x00007f2d6800a800 DEOPT UNPACKING pc=0x00007f2d65039445 sp=0x00007f2d6fb43718 mode 2
Event: 11,446 Executing VM operation: ParallelGCFailedAllocation


Dynamic libraries:
00400000-00401000 r-xp 00000000 08:06 1454669                            /usr/lib/jvm/java-7-openjdk-amd64/jre/bin/java
00600000-00601000 r--p 00000000 08:06 1454669                            /usr/lib/jvm/java-7-openjdk-amd64/jre/bin/java
00601000-00602000 rw-p 00001000 08:06 1454669                            /usr/lib/jvm/java-7-openjdk-amd64/jre/bin/java
01092000-010b3000 rw-p 00000000 00:00 0                                  [heap]
b5a00000-b6f00000 rw-p 00000000 00:00 0 
b6f00000-c0000000 rw-p 00000000 00:00 0 
c0000000-c5d00000 rw-p 00000000 00:00 0 
ca600000-eaa80000 rw-p 00000000 00:00 0 
eaa80000-100000000 rw-p 00000000 00:00 0 
7f2d18000000-7f2d18030000 rw-p 00000000 00:00 0 
7f2d18030000-7f2d1c000000 ---p 00000000 00:00 0 
7f2d1c000000-7f2d1c02f000 rw-p 00000000 00:00 0 
7f2d1c02f000-7f2d20000000 ---p 00000000 00:00 0 
7f2d20000000-7f2d20021000 rw-p 00000000 00:00 0 
7f2d20021000-7f2d24000000 ---p 00000000 00:00 0 
7f2d24000000-7f2d2402c000 rw-p 00000000 00:00 0 
7f2d2402c000-7f2d28000000 ---p 00000000 00:00 0 
7f2d28000000-7f2d28029000 rw-p 00000000 00:00 0 
7f2d28029000-7f2d2c000000 ---p 00000000 00:00 0 
7f2d2c000000-7f2d2c021000 rw-p 00000000 00:00 0 
7f2d2c021000-7f2d30000000 ---p 00000000 00:00 0 
7f2d32690000-7f2d32693000 ---p 00000000 00:00 0 
7f2d32693000-7f2d32791000 rw-p 00000000 00:00 0                          [stack:19461]
7f2d32791000-7f2d32794000 ---p 00000000 00:00 0 
7f2d32794000-7f2d32892000 rw-p 00000000 00:00 0                          [stack:19460]
7f2d32892000-7f2d32895000 ---p 00000000 00:00 0 
7f2d32895000-7f2d32993000 rw-p 00000000 00:00 0                          [stack:19459]
7f2d32993000-7f2d32996000 ---p 00000000 00:00 0 
7f2d32996000-7f2d32a94000 rw-p 00000000 00:00 0                          [stack:19458]
7f2d32a94000-7f2d32ad1000 r-xp 00000000 08:06 130821                     /lib/x86_64-linux-gnu/libpcre.so.3.13.1
7f2d32ad1000-7f2d32cd0000 ---p 0003d000 08:06 130821                     /lib/x86_64-linux-gnu/libpcre.so.3.13.1
7f2d32cd0000-7f2d32cd1000 r--p 0003c000 08:06 130821                     /lib/x86_64-linux-gnu/libpcre.so.3.13.1
7f2d32cd1000-7f2d32cd2000 rw-p 0003d000 08:06 130821                     /lib/x86_64-linux-gnu/libpcre.so.3.13.1
7f2d32cd2000-7f2d32cd9000 r-xp 00000000 08:06 1447540                    /usr/lib/x86_64-linux-gnu/libffi.so.6.0.1
7f2d32cd9000-7f2d32ed8000 ---p 00007000 08:06 1447540                    /usr/lib/x86_64-linux-gnu/libffi.so.6.0.1
7f2d32ed8000-7f2d32ed9000 r--p 00006000 08:06 1447540                    /usr/lib/x86_64-linux-gnu/libffi.so.6.0.1
7f2d32ed9000-7f2d32eda000 rw-p 00007000 08:06 1447540                    /usr/lib/x86_64-linux-gnu/libffi.so.6.0.1
7f2d32eda000-7f2d32ef1000 r-xp 00000000 08:06 134868                     /lib/x86_64-linux-gnu/libresolv-2.19.so
7f2d32ef1000-7f2d330f1000 ---p 00017000 08:06 134868                     /lib/x86_64-linux-gnu/libresolv-2.19.so
7f2d330f1000-7f2d330f2000 r--p 00017000 08:06 134868                     /lib/x86_64-linux-gnu/libresolv-2.19.so
7f2d330f2000-7f2d330f3000 rw-p 00018000 08:06 134868                     /lib/x86_64-linux-gnu/libresolv-2.19.so
7f2d330f3000-7f2d330f5000 rw-p 00000000 00:00 0 
7f2d330f5000-7f2d33115000 r-xp 00000000 08:06 135079                     /lib/x86_64-linux-gnu/libselinux.so.1
7f2d33115000-7f2d33314000 ---p 00020000 08:06 135079                     /lib/x86_64-linux-gnu/libselinux.so.1
7f2d33314000-7f2d33315000 r--p 0001f000 08:06 135079                     /lib/x86_64-linux-gnu/libselinux.so.1
7f2d33315000-7f2d33316000 rw-p 00020000 08:06 135079                     /lib/x86_64-linux-gnu/libselinux.so.1
7f2d33316000-7f2d33318000 rw-p 00000000 00:00 0 
7f2d33318000-7f2d3331b000 r-xp 00000000 08:06 1439340                    /usr/lib/x86_64-linux-gnu/libgmodule-2.0.so.0.4002.0
7f2d3331b000-7f2d3351a000 ---p 00003000 08:06 1439340                    /usr/lib/x86_64-linux-gnu/libgmodule-2.0.so.0.4002.0
7f2d3351a000-7f2d3351b000 r--p 00002000 08:06 1439340                    /usr/lib/x86_64-linux-gnu/libgmodule-2.0.so.0.4002.0
7f2d3351b000-7f2d3351c000 rw-p 00003000 08:06 1439340                    /usr/lib/x86_64-linux-gnu/libgmodule-2.0.so.0.4002.0
7f2d3351c000-7f2d33622000 r-xp 00000000 08:06 134871                     /lib/x86_64-linux-gnu/libglib-2.0.so.0.4002.0
7f2d33622000-7f2d33821000 ---p 00106000 08:06 134871                     /lib/x86_64-linux-gnu/libglib-2.0.so.0.4002.0
7f2d33821000-7f2d33822000 r--p 00105000 08:06 134871                     /lib/x86_64-linux-gnu/libglib-2.0.so.0.4002.0
7f2d33822000-7f2d33823000 rw-p 00106000 08:06 134871                     /lib/x86_64-linux-gnu/libglib-2.0.so.0.4002.0
7f2d33823000-7f2d33824000 rw-p 00000000 00:00 0 
7f2d33824000-7f2d33873000 r-xp 00000000 08:06 1439358                    /usr/lib/x86_64-linux-gnu/libgobject-2.0.so.0.4002.0
7f2d33873000-7f2d33a73000 ---p 0004f000 08:06 1439358                    /usr/lib/x86_64-linux-gnu/libgobject-2.0.so.0.4002.0
7f2d33a73000-7f2d33a74000 r--p 0004f000 08:06 1439358                    /usr/lib/x86_64-linux-gnu/libgobject-2.0.so.0.4002.0
7f2d33a74000-7f2d33a75000 rw-p 00050000 08:06 1439358                    /usr/lib/x86_64-linux-gnu/libgobject-2.0.so.0.4002.0
7f2d33a75000-7f2d33be1000 r-xp 00000000 08:06 1439362                    /usr/lib/x86_64-linux-gnu/libgio-2.0.so.0.4002.0
7f2d33be1000-7f2d33de0000 ---p 0016c000 08:06 1439362                    /usr/lib/x86_64-linux-gnu/libgio-2.0.so.0.4002.0
7f2d33de0000-7f2d33de4000 r--p 0016b000 08:06 1439362                    /usr/lib/x86_64-linux-gnu/libgio-2.0.so.0.4002.0
7f2d33de4000-7f2d33de6000 rw-p 0016f000 08:06 1439362                    /usr/lib/x86_64-linux-gnu/libgio-2.0.so.0.4002.0
7f2d33de6000-7f2d33de8000 rw-p 00000000 00:00 0 
7f2d33de8000-7f2d33dff000 r-xp 00000000 08:06 1489830                    /usr/lib/jvm/java-7-openjdk-amd64/jre/lib/amd64/libnet.so
7f2d33dff000-7f2d33ffe000 ---p 00017000 08:06 1489830                    /usr/lib/jvm/java-7-openjdk-amd64/jre/lib/amd64/libnet.so
7f2d33ffe000-7f2d33fff000 r--p 00016000 08:06 1489830                    /usr/lib/jvm/java-7-openjdk-amd64/jre/lib/amd64/libnet.so
7f2d33fff000-7f2d34000000 rw-p 00017000 08:06 1489830                    /usr/lib/jvm/java-7-openjdk-amd64/jre/lib/amd64/libnet.so
7f2d34000000-7f2d354e3000 rw-p 00000000 00:00 0 
7f2d354e3000-7f2d38000000 ---p 00000000 00:00 0 
7f2d38000000-7f2d38021000 rw-p 00000000 00:00 0 
7f2d38021000-7f2d3c000000 ---p 00000000 00:00 0 
7f2d3c000000-7f2d3c021000 rw-p 00000000 00:00 0 
7f2d3c021000-7f2d40000000 ---p 00000000 00:00 0 
7f2d40000000-7f2d41a4c000 rw-p 00000000 00:00 0 
7f2d41a4c000-7f2d44000000 ---p 00000000 00:00 0 
7f2d44000000-7f2d44021000 rw-p 00000000 00:00 0 
7f2d44021000-7f2d48000000 ---p 00000000 00:00 0 
7f2d48000000-7f2d48021000 rw-p 00000000 00:00 0 
7f2d48021000-7f2d4c000000 ---p 00000000 00:00 0 
7f2d4c000000-7f2d4c021000 rw-p 00000000 00:00 0 
7f2d4c021000-7f2d50000000 ---p 00000000 00:00 0 
7f2d5002b000-7f2d5002e000 ---p 00000000 00:00 0 
7f2d5002e000-7f2d5015d000 rw-p 00000000 00:00 0                          [stack:19457]
7f2d5015d000-7f2d5016d000 r-xp 00000000 08:06 1489812                    /usr/lib/jvm/java-7-openjdk-amd64/jre/lib/amd64/libnio.so
7f2d5016d000-7f2d5036d000 ---p 00010000 08:06 1489812                    /usr/lib/jvm/java-7-openjdk-amd64/jre/lib/amd64/libnio.so
7f2d5036d000-7f2d5036e000 r--p 00010000 08:06 1489812                    /usr/lib/jvm/java-7-openjdk-amd64/jre/lib/amd64/libnio.so
7f2d5036e000-7f2d5036f000 rw-p 00011000 08:06 1489812                    /usr/lib/jvm/java-7-openjdk-amd64/jre/lib/amd64/libnio.so
7f2d5036f000-7f2d50370000 ---p 00000000 00:00 0 
7f2d50370000-7f2d50470000 rw-p 00000000 00:00 0                          [stack:19456]
7f2d50470000-7f2d50473000 ---p 00000000 00:00 0 
7f2d50473000-7f2d50571000 rw-p 00000000 00:00 0                          [stack:19455]
7f2d50571000-7f2d50574000 ---p 00000000 00:00 0 
7f2d50574000-7f2d50672000 rw-p 00000000 00:00 0                          [stack:19454]
7f2d50672000-7f2d50675000 ---p 00000000 00:00 0 
7f2d50675000-7f2d50773000 rw-p 00000000 00:00 0                          [stack:19453]
7f2d50773000-7f2d50776000 ---p 00000000 00:00 0 
7f2d50776000-7f2d50874000 rw-p 00000000 00:00 0                          [stack:19452]
7f2d50874000-7f2d510c6000 r--p 00000000 08:06 1447082                    /usr/lib/locale/locale-archive
7f2d510c6000-7f2d510c9000 ---p 00000000 00:00 0 
7f2d510c9000-7f2d511c7000 rw-p 00000000 00:00 0                          [stack:19451]
7f2d511c7000-7f2d511ca000 ---p 00000000 00:00 0 
7f2d511ca000-7f2d512c8000 rw-p 00000000 00:00 0                          [stack:19450]
7f2d512c8000-7f2d512c9000 ---p 00000000 00:00 0 
7f2d512c9000-7f2d54000000 rw-p 00000000 00:00 0                          [stack:19449]
7f2d54000000-7f2d54025000 rw-p 00000000 00:00 0 
7f2d54025000-7f2d58000000 ---p 00000000 00:00 0 
7f2d58000000-7f2d58021000 rw-p 00000000 00:00 0 
7f2d58021000-7f2d5c000000 ---p 00000000 00:00 0 
7f2d5c000000-7f2d5c021000 rw-p 00000000 00:00 0 
7f2d5c021000-7f2d60000000 ---p 00000000 00:00 0 
7f2d60000000-7f2d60021000 rw-p 00000000 00:00 0 
7f2d60021000-7f2d64000000 ---p 00000000 00:00 0 
7f2d6402f000-7f2d6406c000 r--s 00306000 08:06 3283097                    /home/tulin/AndroidStudioProjects/CamApp/app/build/intermediates/transforms/jarMerging/debug/jars/1/1f/combined.jar
7f2d6406c000-7f2d6407b000 r--s 000df000 08:06 3216701                    /home/tulin/Android/Sdk/build-tools/23.0.2/lib/dx.jar
7f2d6407b000-7f2d64928000 rw-p 00000000 00:00 0 
7f2d64928000-7f2d64ada000 r--s 01d2f000 08:06 1489796                    /usr/lib/jvm/java-7-openjdk-amd64/jre/lib/rt.jar
7f2d64ada000-7f2d64dfe000 rw-p 00000000 00:00 0 
7f2d64dfe000-7f2d64dff000 ---p 00000000 00:00 0 
7f2d64dff000-7f2d64eff000 rw-p 00000000 00:00 0                          [stack:19448]
7f2d64eff000-7f2d64f00000 ---p 00000000 00:00 0 
7f2d64f00000-7f2d65000000 rw-p 00000000 00:00 0                          [stack:19447]
7f2d65000000-7f2d653a0000 rwxp 00000000 00:00 0 
7f2d653a0000-7f2d68223000 rw-p 00000000 00:00 0 
7f2d68223000-7f2d6c000000 ---p 00000000 00:00 0 
7f2d6c00c000-7f2d6c07d000 rw-p 00000000 00:00 0 
7f2d6c07d000-7f2d6c07e000 ---p 00000000 00:00 0 
7f2d6c07e000-7f2d6c17e000 rw-p 00000000 00:00 0                          [stack:19446]
7f2d6c17e000-7f2d6c17f000 ---p 00000000 00:00 0 
7f2d6c17f000-7f2d6c28a000 rw-p 00000000 00:00 0                          [stack:19445]
7f2d6c28a000-7f2d6c2d2000 rw-p 00000000 00:00 0 
7f2d6c2d2000-7f2d6c301000 rw-p 00000000 00:00 0 
7f2d6c301000-7f2d6c428000 rw-p 00000000 00:00 0 
7f2d6c428000-7f2d6c433000 rw-p 00000000 00:00 0 
7f2d6c433000-7f2d6c47b000 rw-p 00000000 00:00 0 
7f2d6c47b000-7f2d6c4aa000 rw-p 00000000 00:00 0 
7f2d6c4aa000-7f2d6c5d0000 rw-p 00000000 00:00 0 
7f2d6c5d0000-7f2d6c67b000 rw-p 00000000 00:00 0 
7f2d6c67b000-7f2d6c67c000 rw-p 00000000 00:00 0 
7f2d6c67c000-7f2d6c684000 r-xp 00000000 08:06 1489805                    /usr/lib/jvm/java-7-openjdk-amd64/jre/lib/amd64/libzip.so
7f2d6c684000-7f2d6c883000 ---p 00008000 08:06 1489805                    /usr/lib/jvm/java-7-openjdk-amd64/jre/lib/amd64/libzip.so
7f2d6c883000-7f2d6c884000 r--p 00007000 08:06 1489805                    /usr/lib/jvm/java-7-openjdk-amd64/jre/lib/amd64/libzip.so
7f2d6c884000-7f2d6c885000 rw-p 00008000 08:06 1489805                    /usr/lib/jvm/java-7-openjdk-amd64/jre/lib/amd64/libzip.so
7f2d6c885000-7f2d6c890000 r-xp 00000000 08:06 184225                     /lib/x86_64-linux-gnu/libnss_files-2.19.so
7f2d6c890000-7f2d6ca8f000 ---p 0000b000 08:06 184225                     /lib/x86_64-linux-gnu/libnss_files-2.19.so
7f2d6ca8f000-7f2d6ca90000 r--p 0000a000 08:06 184225                     /lib/x86_64-linux-gnu/libnss_files-2.19.so
7f2d6ca90000-7f2d6ca91000 rw-p 0000b000 08:06 184225                     /lib/x86_64-linux-gnu/libnss_files-2.19.so
7f2d6ca91000-7f2d6ca9c000 r-xp 00000000 08:06 145746                     /lib/x86_64-linux-gnu/libnss_nis-2.19.so
7f2d6ca9c000-7f2d6cc9b000 ---p 0000b000 08:06 145746                     /lib/x86_64-linux-gnu/libnss_nis-2.19.so
7f2d6cc9b000-7f2d6cc9c000 r--p 0000a000 08:06 145746                     /lib/x86_64-linux-gnu/libnss_nis-2.19.so
7f2d6cc9c000-7f2d6cc9d000 rw-p 0000b000 08:06 145746                     /lib/x86_64-linux-gnu/libnss_nis-2.19.so
7f2d6cc9d000-7f2d6ccb4000 r-xp 00000000 08:06 145742                     /lib/x86_64-linux-gnu/libnsl-2.19.so
7f2d6ccb4000-7f2d6ceb3000 ---p 00017000 08:06 145742                     /lib/x86_64-linux-gnu/libnsl-2.19.so
7f2d6ceb3000-7f2d6ceb4000 r--p 00016000 08:06 145742                     /lib/x86_64-linux-gnu/libnsl-2.19.so
7f2d6ceb4000-7f2d6ceb5000 rw-p 00017000 08:06 145742                     /lib/x86_64-linux-gnu/libnsl-2.19.so
7f2d6ceb5000-7f2d6ceb7000 rw-p 00000000 00:00 0 
7f2d6ceb7000-7f2d6cec0000 r-xp 00000000 08:06 145741                     /lib/x86_64-linux-gnu/libnss_compat-2.19.so
7f2d6cec0000-7f2d6d0bf000 ---p 00009000 08:06 145741                     /lib/x86_64-linux-gnu/libnss_compat-2.19.so
7f2d6d0bf000-7f2d6d0c0000 r--p 00008000 08:06 145741                     /lib/x86_64-linux-gnu/libnss_compat-2.19.so
7f2d6d0c0000-7f2d6d0c1000 rw-p 00009000 08:06 145741                     /lib/x86_64-linux-gnu/libnss_compat-2.19.so
7f2d6d0c1000-7f2d6d0ec000 r-xp 00000000 08:06 1489826                    /usr/lib/jvm/java-7-openjdk-amd64/jre/lib/amd64/libjava.so
7f2d6d0ec000-7f2d6d2ec000 ---p 0002b000 08:06 1489826                    /usr/lib/jvm/java-7-openjdk-amd64/jre/lib/amd64/libjava.so
7f2d6d2ec000-7f2d6d2ed000 r--p 0002b000 08:06 1489826                    /usr/lib/jvm/java-7-openjdk-amd64/jre/lib/amd64/libjava.so
7f2d6d2ed000-7f2d6d2ef000 rw-p 0002c000 08:06 1489826                    /usr/lib/jvm/java-7-openjdk-amd64/jre/lib/amd64/libjava.so
7f2d6d2ef000-7f2d6d2ff000 r-xp 00000000 08:06 1489810                    /usr/lib/jvm/java-7-openjdk-amd64/jre/lib/amd64/libverify.so
7f2d6d2ff000-7f2d6d4fe000 ---p 00010000 08:06 1489810                    /usr/lib/jvm/java-7-openjdk-amd64/jre/lib/amd64/libverify.so
7f2d6d4fe000-7f2d6d500000 r--p 0000f000 08:06 1489810                    /usr/lib/jvm/java-7-openjdk-amd64/jre/lib/amd64/libverify.so
7f2d6d500000-7f2d6d501000 rw-p 00011000 08:06 1489810                    /usr/lib/jvm/java-7-openjdk-amd64/jre/lib/amd64/libverify.so
7f2d6d501000-7f2d6d508000 r-xp 00000000 08:06 148472                     /lib/x86_64-linux-gnu/librt-2.19.so
7f2d6d508000-7f2d6d707000 ---p 00007000 08:06 148472                     /lib/x86_64-linux-gnu/librt-2.19.so
7f2d6d707000-7f2d6d708000 r--p 00006000 08:06 148472                     /lib/x86_64-linux-gnu/librt-2.19.so
7f2d6d708000-7f2d6d709000 rw-p 00007000 08:06 148472                     /lib/x86_64-linux-gnu/librt-2.19.so
7f2d6d709000-7f2d6d71f000 r-xp 00000000 08:06 131070                     /lib/x86_64-linux-gnu/libgcc_s.so.1
7f2d6d71f000-7f2d6d91e000 ---p 00016000 08:06 131070                     /lib/x86_64-linux-gnu/libgcc_s.so.1
7f2d6d91e000-7f2d6d91f000 rw-p 00015000 08:06 131070                     /lib/x86_64-linux-gnu/libgcc_s.so.1
7f2d6d91f000-7f2d6da24000 r-xp 00000000 08:06 135048                     /lib/x86_64-linux-gnu/libm-2.19.so
7f2d6da24000-7f2d6dc23000 ---p 00105000 08:06 135048                     /lib/x86_64-linux-gnu/libm-2.19.so
7f2d6dc23000-7f2d6dc24000 r--p 00104000 08:06 135048                     /lib/x86_64-linux-gnu/libm-2.19.so
7f2d6dc24000-7f2d6dc25000 rw-p 00105000 08:06 135048                     /lib/x86_64-linux-gnu/libm-2.19.so
7f2d6dc25000-7f2d6dd0b000 r-xp 00000000 08:06 1439330                    /usr/lib/x86_64-linux-gnu/libstdc++.so.6.0.19
7f2d6dd0b000-7f2d6df0a000 ---p 000e6000 08:06 1439330                    /usr/lib/x86_64-linux-gnu/libstdc++.so.6.0.19
7f2d6df0a000-7f2d6df12000 r--p 000e5000 08:06 1439330                    /usr/lib/x86_64-linux-gnu/libstdc++.so.6.0.19
7f2d6df12000-7f2d6df14000 rw-p 000ed000 08:06 1439330                    /usr/lib/x86_64-linux-gnu/libstdc++.so.6.0.19
7f2d6df14000-7f2d6df29000 rw-p 00000000 00:00 0 
7f2d6df29000-7f2d6ea4e000 r-xp 00000000 08:06 1489806                    /usr/lib/jvm/java-7-openjdk-amd64/jre/lib/amd64/server/libjvm.so
7f2d6ea4e000-7f2d6ec4e000 ---p 00b25000 08:06 1489806                    /usr/lib/jvm/java-7-openjdk-amd64/jre/lib/amd64/server/libjvm.so
7f2d6ec4e000-7f2d6ece8000 r--p 00b25000 08:06 1489806                    /usr/lib/jvm/java-7-openjdk-amd64/jre/lib/amd64/server/libjvm.so
7f2d6ece8000-7f2d6ed0b000 rw-p 00bbf000 08:06 1489806                    /usr/lib/jvm/java-7-openjdk-amd64/jre/lib/amd64/server/libjvm.so
7f2d6ed0b000-7f2d6ed39000 rw-p 00000000 00:00 0 
7f2d6ed39000-7f2d6ed51000 r-xp 00000000 08:06 135112                     /lib/x86_64-linux-gnu/libz.so.1.2.8
7f2d6ed51000-7f2d6ef50000 ---p 00018000 08:06 135112                     /lib/x86_64-linux-gnu/libz.so.1.2.8
7f2d6ef50000-7f2d6ef51000 r--p 00017000 08:06 135112                     /lib/x86_64-linux-gnu/libz.so.1.2.8
7f2d6ef51000-7f2d6ef52000 rw-p 00018000 08:06 135112                     /lib/x86_64-linux-gnu/libz.so.1.2.8
7f2d6ef52000-7f2d6ef6b000 r-xp 00000000 08:06 145743                     /lib/x86_64-linux-gnu/libpthread-2.19.so
7f2d6ef6b000-7f2d6f16a000 ---p 00019000 08:06 145743                     /lib/x86_64-linux-gnu/libpthread-2.19.so
7f2d6f16a000-7f2d6f16b000 r--p 00018000 08:06 145743                     /lib/x86_64-linux-gnu/libpthread-2.19.so
7f2d6f16b000-7f2d6f16c000 rw-p 00019000 08:06 145743                     /lib/x86_64-linux-gnu/libpthread-2.19.so
7f2d6f16c000-7f2d6f170000 rw-p 00000000 00:00 0 
7f2d6f170000-7f2d6f173000 r-xp 00000000 08:06 145738                     /lib/x86_64-linux-gnu/libdl-2.19.so
7f2d6f173000-7f2d6f372000 ---p 00003000 08:06 145738                     /lib/x86_64-linux-gnu/libdl-2.19.so
7f2d6f372000-7f2d6f373000 r--p 00002000 08:06 145738                     /lib/x86_64-linux-gnu/libdl-2.19.so
7f2d6f373000-7f2d6f374000 rw-p 00003000 08:06 145738                     /lib/x86_64-linux-gnu/libdl-2.19.so
7f2d6f374000-7f2d6f52f000 r-xp 00000000 08:06 148473                     /lib/x86_64-linux-gnu/libc-2.19.so
7f2d6f52f000-7f2d6f72e000 ---p 001bb000 08:06 148473                     /lib/x86_64-linux-gnu/libc-2.19.so
7f2d6f72e000-7f2d6f732000 r--p 001ba000 08:06 148473                     /lib/x86_64-linux-gnu/libc-2.19.so
7f2d6f732000-7f2d6f734000 rw-p 001be000 08:06 148473                     /lib/x86_64-linux-gnu/libc-2.19.so
7f2d6f734000-7f2d6f739000 rw-p 00000000 00:00 0 
7f2d6f739000-7f2d6f746000 r-xp 00000000 08:06 1489800                    /usr/lib/jvm/java-7-openjdk-amd64/jre/lib/amd64/jli/libjli.so
7f2d6f746000-7f2d6f945000 ---p 0000d000 08:06 1489800                    /usr/lib/jvm/java-7-openjdk-amd64/jre/lib/amd64/jli/libjli.so
7f2d6f945000-7f2d6f946000 r--p 0000c000 08:06 1489800                    /usr/lib/jvm/java-7-openjdk-amd64/jre/lib/amd64/jli/libjli.so
7f2d6f946000-7f2d6f947000 rw-p 0000d000 08:06 1489800                    /usr/lib/jvm/java-7-openjdk-amd64/jre/lib/amd64/jli/libjli.so
7f2d6f947000-7f2d6f96a000 r-xp 00000000 08:06 145744                     /lib/x86_64-linux-gnu/ld-2.19.so
7f2d6f96a000-7f2d6f96d000 r--s 0000f000 08:06 1489840                    /usr/lib/jvm/java-7-openjdk-amd64/jre/lib/ext/icedtea-sound.jar
7f2d6f96d000-7f2d6f994000 rw-p 00000000 00:00 0 
7f2d6f994000-7f2d6fa45000 rw-p 00000000 00:00 0 
7f2d6fa45000-7f2d6fa48000 ---p 00000000 00:00 0 
7f2d6fa48000-7f2d6fb4c000 rw-p 00000000 00:00 0                          [stack:19444]
7f2d6fb4c000-7f2d6fb4e000 r--s 00012000 08:06 1489837                    /usr/lib/jvm/java-7-openjdk-amd64/jre/lib/ext/zipfs.jar
7f2d6fb4e000-7f2d6fb4f000 r--s 00002000 08:06 1489839                    /usr/lib/jvm/java-7-openjdk-amd64/jre/lib/ext/dnsns.jar
7f2d6fb4f000-7f2d6fb51000 r--s 00006000 08:06 1840524                    /usr/share/java/java-atk-wrapper.jar
7f2d6fb51000-7f2d6fb55000 r--s 0003c000 08:06 1489838                    /usr/lib/jvm/java-7-openjdk-amd64/jre/lib/ext/sunpkcs11.jar
7f2d6fb55000-7f2d6fb59000 r--s 00034000 08:06 1489836                    /usr/lib/jvm/java-7-openjdk-amd64/jre/lib/ext/sunjce_provider.jar
7f2d6fb59000-7f2d6fb5d000 r--s 00085000 08:06 1489835                    /usr/lib/jvm/java-7-openjdk-amd64/jre/lib/ext/localedata.jar
7f2d6fb5d000-7f2d6fb65000 rw-s 00000000 08:06 1846333                    /tmp/hsperfdata_tulin/19439
7f2d6fb65000-7f2d6fb66000 rw-p 00000000 00:00 0 
7f2d6fb66000-7f2d6fb67000 ---p 00000000 00:00 0 
7f2d6fb67000-7f2d6fb69000 rw-p 00000000 00:00 0 
7f2d6fb69000-7f2d6fb6a000 r--p 00022000 08:06 145744                     /lib/x86_64-linux-gnu/ld-2.19.so
7f2d6fb6a000-7f2d6fb6b000 rw-p 00023000 08:06 145744                     /lib/x86_64-linux-gnu/ld-2.19.so
7f2d6fb6b000-7f2d6fb6c000 rw-p 00000000 00:00 0 
7ffdb0c36000-7ffdb0c57000 rw-p 00000000 00:00 0                          [stack]
7ffdb0c94000-7ffdb0c96000 r-xp 00000000 00:00 0                          [vdso]
ffffffffff600000-ffffffffff601000 r-xp 00000000 00:00 0                  [vsyscall]

VM Arguments:
jvm_args: -Djava.awt.headless=true -Xmx1024M -Dfile.encoding=UTF-8 -Duser.country=US -Duser.language=en -Duser.variant 
java_command: com.android.dx.command.Main --dex --num-threads=4 --multi-dex --main-dex-list /home/tulin/AndroidStudioProjects/CamApp/app/build/intermediates/multi-dex/debug/maindexlist.txt --output /home/tulin/AndroidStudioProjects/CamApp/app/build/intermediates/transforms/dex/debug/folders/1000/1f/main /home/tulin/AndroidStudioProjects/CamApp/app/build/intermediates/transforms/jarMerging/debug/jars/1/1f/combined.jar
Launcher Type: SUN_STANDARD

Environment Variables:
PATH=/usr/local/sbin:/usr/local/bin:/usr/sbin:/usr/bin:/sbin:/bin:/usr/games:/usr/local/games
SHELL=/bin/bash
DISPLAY=:0

Signal Handlers:
SIGSEGV: [libjvm.so+0x955bc0], sa_mask[0]=0x7ffbfeff, sa_flags=0x10000004
SIGBUS: [libjvm.so+0x955bc0], sa_mask[0]=0x7ffbfeff, sa_flags=0x10000004
SIGFPE: [libjvm.so+0x7caff0], sa_mask[0]=0x7ffbfeff, sa_flags=0x10000004
SIGPIPE: [libjvm.so+0x7caff0], sa_mask[0]=0x7ffbfeff, sa_flags=0x10000004
SIGXFSZ: [libjvm.so+0x7caff0], sa_mask[0]=0x7ffbfeff, sa_flags=0x10000004
SIGILL: [libjvm.so+0x7caff0], sa_mask[0]=0x7ffbfeff, sa_flags=0x10000004
SIGUSR1: SIG_DFL, sa_mask[0]=0x00000000, sa_flags=0x00000000
SIGUSR2: [libjvm.so+0x7cae90], sa_mask[0]=0x00000004, sa_flags=0x10000004
SIGHUP: [libjvm.so+0x7cb070], sa_mask[0]=0x7ffbfeff, sa_flags=0x10000004
SIGINT: [libjvm.so+0x7cb070], sa_mask[0]=0x7ffbfeff, sa_flags=0x10000004
SIGTERM: [libjvm.so+0x7cb070], sa_mask[0]=0x7ffbfeff, sa_flags=0x10000004
SIGQUIT: [libjvm.so+0x7cb070], sa_mask[0]=0x7ffbfeff, sa_flags=0x10000004
SIGTRAP: SIG_DFL, sa_mask[0]=0x00000000, sa_flags=0x00000000


---------------  S Y S T E M  ---------------

OS:Ubuntu 14.04 (trusty)
uname:Linux 3.13.0-79-generic #123-Ubuntu SMP Fri Feb 19 14:27:58 UTC 2016 x86_64
libc:glibc 2.19 NPTL 2.19 
rlimit: STACK 8192k, CORE 0k, NPROC 30460, NOFILE 4096, AS infinity
load average:2,54 1,86 1,24

/proc/meminfo:
MemTotal:        3946988 kB
MemFree:          120808 kB
Buffers:            1012 kB
Cached:           517272 kB
SwapCached:            0 kB
Active:          3142876 kB
Inactive:         497332 kB
Active(anon):    3125216 kB
Inactive(anon):   485760 kB
Active(file):      17660 kB
Inactive(file):    11572 kB
Unevictable:         112 kB
Mlocked:             112 kB
SwapTotal:             0 kB
SwapFree:              0 kB
Dirty:                40 kB
Writeback:             0 kB
AnonPages:       3122348 kB
Mapped:           143728 kB
Shmem:            488784 kB
Slab:              75756 kB
SReclaimable:      36368 kB
SUnreclaim:        39388 kB
KernelStack:        5648 kB
PageTables:        41592 kB
NFS_Unstable:          0 kB
Bounce:                0 kB
WritebackTmp:          0 kB
CommitLimit:     1973492 kB
Committed_AS:    8497348 kB
VmallocTotal:   34359738367 kB
VmallocUsed:      350184 kB
VmallocChunk:   34359379708 kB
HardwareCorrupted:     0 kB
AnonHugePages:    815104 kB
HugePages_Total:       0
HugePages_Free:        0
HugePages_Rsvd:        0
HugePages_Surp:        0
Hugepagesize:       2048 kB
DirectMap4k:       74784 kB
DirectMap2M:     4020224 kB


CPU:total 4 (2 cores per cpu, 2 threads per core) family 6 model 42 stepping 7, cmov, cx8, fxsr, mmx, sse, sse2, sse3, ssse3, sse4.1, sse4.2, popcnt, avx, aes, ht, tsc, tscinvbit

/proc/cpuinfo:
processor	: 0
vendor_id	: GenuineIntel
cpu family	: 6
model		: 42
model name	: Intel(R) Core(TM) i5-2557M CPU @ 1.70GHz
stepping	: 7
microcode	: 0x1a
cpu MHz		: 800.000
cache size	: 3072 KB
physical id	: 0
siblings	: 4
core id		: 0
cpu cores	: 2
apicid		: 0
initial apicid	: 0
fpu		: yes
fpu_exception	: yes
cpuid level	: 13
wp		: yes
flags		: fpu vme de pse tsc msr pae mce cx8 apic sep mtrr pge mca cmov pat pse36 clflush dts acpi mmx fxsr sse sse2 ss ht tm pbe syscall nx rdtscp lm constant_tsc arch_perfmon pebs bts rep_good nopl xtopology nonstop_tsc aperfmperf eagerfpu pni pclmulqdq dtes64 monitor ds_cpl vmx smx est tm2 ssse3 cx16 xtpr pdcm pcid sse4_1 sse4_2 x2apic popcnt tsc_deadline_timer aes xsave avx lahf_lm ida arat epb xsaveopt pln pts dtherm tpr_shadow vnmi flexpriority ept vpid
bogomips	: 3391.98
clflush size	: 64
cache_alignment	: 64
address sizes	: 36 bits physical, 48 bits virtual
power management:

processor	: 1
vendor_id	: GenuineIntel
cpu family	: 6
model		: 42
model name	: Intel(R) Core(TM) i5-2557M CPU @ 1.70GHz
stepping	: 7
microcode	: 0x1a
cpu MHz		: 1701.000
cache size	: 3072 KB
physical id	: 0
siblings	: 4
core id		: 1
cpu cores	: 2
apicid		: 2
initial apicid	: 2
fpu		: yes
fpu_exception	: yes
cpuid level	: 13
wp		: yes
flags		: fpu vme de pse tsc msr pae mce cx8 apic sep mtrr pge mca cmov pat pse36 clflush dts acpi mmx fxsr sse sse2 ss ht tm pbe syscall nx rdtscp lm constant_tsc arch_perfmon pebs bts rep_good nopl xtopology nonstop_tsc aperfmperf eagerfpu pni pclmulqdq dtes64 monitor ds_cpl vmx smx est tm2 ssse3 cx16 xtpr pdcm pcid sse4_1 sse4_2 x2apic popcnt tsc_deadline_timer aes xsave avx lahf_lm ida arat epb xsaveopt pln pts dtherm tpr_shadow vnmi flexpriority ept vpid
bogomips	: 3391.98
clflush size	: 64
cache_alignment	: 64
address sizes	: 36 bits physical, 48 bits virtual
power management:

processor	: 2
vendor_id	: GenuineIntel
cpu family	: 6
model		: 42
model name	: Intel(R) Core(TM) i5-2557M CPU @ 1.70GHz
stepping	: 7
microcode	: 0x1a
cpu MHz		: 1701.000
cache size	: 3072 KB
physical id	: 0
siblings	: 4
core id		: 0
cpu cores	: 2
apicid		: 1
initial apicid	: 1
fpu		: yes
fpu_exception	: yes
cpuid level	: 13
wp		: yes
flags		: fpu vme de pse tsc msr pae mce cx8 apic sep mtrr pge mca cmov pat pse36 clflush dts acpi mmx fxsr sse sse2 ss ht tm pbe syscall nx rdtscp lm constant_tsc arch_perfmon pebs bts rep_good nopl xtopology nonstop_tsc aperfmperf eagerfpu pni pclmulqdq dtes64 monitor ds_cpl vmx smx est tm2 ssse3 cx16 xtpr pdcm pcid sse4_1 sse4_2 x2apic popcnt tsc_deadline_timer aes xsave avx lahf_lm ida arat epb xsaveopt pln pts dtherm tpr_shadow vnmi flexpriority ept vpid
bogomips	: 3391.98
clflush size	: 64
cache_alignment	: 64
address sizes	: 36 bits physical, 48 bits virtual
power management:

processor	: 3
vendor_id	: GenuineIntel
cpu family	: 6
model		: 42
model name	: Intel(R) Core(TM) i5-2557M CPU @ 1.70GHz
stepping	: 7
microcode	: 0x1a
cpu MHz		: 1701.000
cache size	: 3072 KB
physical id	: 0
siblings	: 4
core id		: 1
cpu cores	: 2
apicid		: 3
initial apicid	: 3
fpu		: yes
fpu_exception	: yes
cpuid level	: 13
wp		: yes
flags		: fpu vme de pse tsc msr pae mce cx8 apic sep mtrr pge mca cmov pat pse36 clflush dts acpi mmx fxsr sse sse2 ss ht tm pbe syscall nx rdtscp lm constant_tsc arch_perfmon pebs bts rep_good nopl xtopology nonstop_tsc aperfmperf eagerfpu pni pclmulqdq dtes64 monitor ds_cpl vmx smx est tm2 ssse3 cx16 xtpr pdcm pcid sse4_1 sse4_2 x2apic popcnt tsc_deadline_timer aes xsave avx lahf_lm ida arat epb xsaveopt pln pts dtherm tpr_shadow vnmi flexpriority ept vpid
bogomips	: 3391.98
clflush size	: 64
cache_alignment	: 64
address sizes	: 36 bits physical, 48 bits virtual
power management:



Memory: 4k page, physical 3946988k(121252k free), swap 0k(0k free)

vm_info: OpenJDK 64-Bit Server VM (24.95-b01) for linux-amd64 JRE (1.7.0_95-b00), built on Jan 21 2016 03:31:40 by "buildd" with gcc 4.8.4

time: Thu Mar 31 00:51:06 2016
elapsed time: 12 seconds

