#
# There is insufficient memory for the Java Runtime Environment to continue.
# Native memory allocation (malloc) failed to allocate 88080384 bytes for committing reserved memory.
# Possible reasons:
#   The system is out of physical RAM or swap space
#   In 32 bit mode, the process size limit was hit
# Possible solutions:
#   Reduce memory load on the system
#   Increase physical memory or swap space
#   Check if swap backing store is full
#   Use 64 bit Java on a 64 bit OS
#   Decrease Java heap size (-Xmx/-Xms)
#   Decrease number of Java threads
#   Decrease Java thread stack sizes (-Xss)
#   Set larger code cache with -XX:ReservedCodeCacheSize=
# This output file may be truncated or incomplete.
#
#  Out of Memory Error (os_linux.cpp:2827), pid=8557, tid=140380075501312
#
# JRE version: OpenJDK Runtime Environment (7.0_95) (build 1.7.0_95-b00)
# Java VM: OpenJDK 64-Bit Server VM (24.95-b01 mixed mode linux-amd64 compressed oops)
# Derivative: IcedTea 2.6.4
# Distribution: Ubuntu 14.04.3 LTS, package 7u95-2.6.4-0ubuntu0.14.04.1
# Failed to write core dump. Core dumps have been disabled. To enable core dumping, try "ulimit -c unlimited" before starting Java again
#

---------------  T H R E A D  ---------------

Current thread (0x00007facc4076000):  VMThread [stack: 0x00007facc878a000,0x00007facc888b000] [id=8567]

Stack: [0x00007facc878a000,0x00007facc888b000],  sp=0x00007facc8889490,  free space=1021k
Native frames: (J=compiled Java code, j=interpreted, Vv=VM code, C=native code)
V  [libjvm.so+0x9550e5]
V  [libjvm.so+0x4902b4]
V  [libjvm.so+0x7cf7bb]
V  [libjvm.so+0x7ca28f]
V  [libjvm.so+0x83e56b]
V  [libjvm.so+0x83f3e0]
V  [libjvm.so+0x83facb]
V  [libjvm.so+0x83b4d8]
V  [libjvm.so+0x83bd48]
V  [libjvm.so+0x7f1fd3]
V  [libjvm.so+0x956ae4]
V  [libjvm.so+0x95abe7]
V  [libjvm.so+0x9596a8]
V  [libjvm.so+0x959b09]
V  [libjvm.so+0x959f52]
V  [libjvm.so+0x7cc682]

VM_Operation (0x00007faccda4e7d0): ParallelGCFailedAllocation, mode: safepoint, requested by thread 0x00007facc400a800


---------------  P R O C E S S  ---------------

Java Threads: ( => current thread )
  0x00007facc41a5800 JavaThread "pool-1-thread-4" [_thread_blocked, id=8593, stack(0x00007facb85ea000,0x00007facb86eb000)]
  0x00007facc41a4000 JavaThread "pool-1-thread-3" [_thread_blocked, id=8591, stack(0x00007facb86eb000,0x00007facb87ec000)]
  0x00007facc41a3000 JavaThread "pool-1-thread-2" [_thread_blocked, id=8590, stack(0x00007facb87ec000,0x00007facb88ed000)]
  0x00007facc41a1800 JavaThread "pool-2-thread-1" [_thread_blocked, id=8589, stack(0x00007facb88ed000,0x00007facb89ee000)]
  0x00007facc419f800 JavaThread "pool-1-thread-1" [_thread_blocked, id=8588, stack(0x00007facb89ee000,0x00007facb8aef000)]
  0x00007facc40b2000 JavaThread "Service Thread" daemon [_thread_blocked, id=8573, stack(0x00007facc8184000,0x00007facc8285000)]
  0x00007facc40af800 JavaThread "C2 CompilerThread1" daemon [_thread_blocked, id=8572, stack(0x00007facc8285000,0x00007facc8386000)]
  0x00007facc40ac800 JavaThread "C2 CompilerThread0" daemon [_thread_blocked, id=8571, stack(0x00007facc8386000,0x00007facc8487000)]
  0x00007facc40aa800 JavaThread "Signal Dispatcher" daemon [_thread_blocked, id=8570, stack(0x00007facc8487000,0x00007facc8588000)]
  0x00007facc407c000 JavaThread "Finalizer" daemon [_thread_blocked, id=8569, stack(0x00007facc8588000,0x00007facc8689000)]
  0x00007facc407a000 JavaThread "Reference Handler" daemon [_thread_blocked, id=8568, stack(0x00007facc8689000,0x00007facc878a000)]
  0x00007facc400a800 JavaThread "main" [_thread_blocked, id=8560, stack(0x00007faccd950000,0x00007faccda51000)]

Other Threads:
=>0x00007facc4076000 VMThread [stack: 0x00007facc878a000,0x00007facc888b000] [id=8567]
  0x00007facc40bc800 WatcherThread [stack: 0x00007facc8083000,0x00007facc8184000] [id=8574]

VM state:at safepoint (normal execution)

VM Mutex/Monitor currently owned by a thread:  ([mutex/lock_event])
[0x00007facc4006990] Threads_lock - owner thread: 0x00007facc4076000
[0x00007facc4006e90] Heap_lock - owner thread: 0x00007facc400a800
[0x00007facc4007490] MethodData_lock - owner thread: 0x00007facc41a3000

Heap
 PSYoungGen      total 66048K, used 2554K [0x00000000eaa80000, 0x00000000eed80000, 0x0000000100000000)
  eden space 63488K, 0% used [0x00000000eaa80000,0x00000000eaa80000,0x00000000ee880000)
  from space 2560K, 99% used [0x00000000ee880000,0x00000000eeafeae8,0x00000000eeb00000)
  to   space 2560K, 0% used [0x00000000eeb00000,0x00000000eeb00000,0x00000000eed80000)
 ParOldGen       total 40960K, used 22812K [0x00000000c0000000, 0x00000000c2800000, 0x00000000eaa80000)
  object space 40960K, 55% used [0x00000000c0000000,0x00000000c16473b8,0x00000000c2800000)
 PSPermGen       total 21504K, used 6249K [0x00000000b5a00000, 0x00000000b6f00000, 0x00000000c0000000)
  object space 21504K, 29% used [0x00000000b5a00000,0x00000000b601a408,0x00000000b6f00000)

Card table byte_map: [0x00007facca333000,0x00007facca587000] byte_map_base: 0x00007facc9d86000

Polling page: 0x00007faccda71000

Code Cache  [0x00007facc1000000, 0x00007facc1270000, 0x00007facc4000000)
 total_blobs=506 nmethods=273 adapters=184 free_code_cache=47941Kb largest_free_block=49045440

Compilation events (10 events):
Event: 17,761 Thread 0x00007facc40ac800 nmethod 271 0x00007facc1093650 code [0x00007facc10937a0, 0x00007facc1093838]
Event: 17,761 Thread 0x00007facc40ac800  272   !         com.android.dx.cf.code.Ropper::processBlock (1101 bytes)
Event: 19,967 Thread 0x00007facc40ac800 nmethod 272 0x00007facc11214d0 code [0x00007facc1121c40, 0x00007facc1128640]
Event: 19,970 Thread 0x00007facc40ac800  273   !         com.android.dx.ssa.LocalVariableInfo::getStarts0 (18 bytes)
Event: 20,082 Thread 0x00007facc40ac800 nmethod 273 0x00007facc10f9f50 code [0x00007facc10fa0a0, 0x00007facc10fa138]
Event: 20,089 Thread 0x00007facc40ac800  274             com.android.dx.rop.code.RegisterSpec::make (7 bytes)
Event: 20,107 Thread 0x00007facc40ac800 nmethod 274 0x00007facc10f9d10 code [0x00007facc10f9e60, 0x00007facc10f9ec8]
Event: 20,108 Thread 0x00007facc40ac800  275             com.android.dx.util.LabeledList::set (45 bytes)
Event: 20,242 Thread 0x00007facc40ac800 nmethod 275 0x00007facc111f4d0 code [0x00007facc111f660, 0x00007facc111f8b8]
Event: 20,358 Thread 0x00007facc40ac800  276             java.util.Collections$UnmodifiableCollection$1::next (10 bytes)

GC Heap History (9 events):
Event: 1,702 GC heap before
{Heap before GC invocations=1 (full 0):
 PSYoungGen      total 18432K, used 15872K [0x00000000eaa80000, 0x00000000ebf00000, 0x0000000100000000)
  eden space 15872K, 100% used [0x00000000eaa80000,0x00000000eba00000,0x00000000eba00000)
  from space 2560K, 0% used [0x00000000ebc80000,0x00000000ebc80000,0x00000000ebf00000)
  to   space 2560K, 0% used [0x00000000eba00000,0x00000000eba00000,0x00000000ebc80000)
 ParOldGen       total 40960K, used 0K [0x00000000c0000000, 0x00000000c2800000, 0x00000000eaa80000)
  object space 40960K, 0% used [0x00000000c0000000,0x00000000c0000000,0x00000000c2800000)
 PSPermGen       total 21504K, used 5808K [0x00000000b5a00000, 0x00000000b6f00000, 0x00000000c0000000)
  object space 21504K, 27% used [0x00000000b5a00000,0x00000000b5fac1b0,0x00000000b6f00000)
Event: 1,722 GC heap after
Heap after GC invocations=1 (full 0):
 PSYoungGen      total 18432K, used 2549K [0x00000000eaa80000, 0x00000000ece80000, 0x0000000100000000)
  eden space 15872K, 0% used [0x00000000eaa80000,0x00000000eaa80000,0x00000000eba00000)
  from space 2560K, 99% used [0x00000000eba00000,0x00000000ebc7d618,0x00000000ebc80000)
  to   space 2560K, 0% used [0x00000000ecc00000,0x00000000ecc00000,0x00000000ece80000)
 ParOldGen       total 40960K, used 641K [0x00000000c0000000, 0x00000000c2800000, 0x00000000eaa80000)
  object space 40960K, 1% used [0x00000000c0000000,0x00000000c00a04a8,0x00000000c2800000)
 PSPermGen       total 21504K, used 5808K [0x00000000b5a00000, 0x00000000b6f00000, 0x00000000c0000000)
  object space 21504K, 27% used [0x00000000b5a00000,0x00000000b5fac1b0,0x00000000b6f00000)
}
Event: 2,826 GC heap before
{Heap before GC invocations=2 (full 0):
 PSYoungGen      total 18432K, used 18421K [0x00000000eaa80000, 0x00000000ece80000, 0x0000000100000000)
  eden space 15872K, 100% used [0x00000000eaa80000,0x00000000eba00000,0x00000000eba00000)
  from space 2560K, 99% used [0x00000000eba00000,0x00000000ebc7d618,0x00000000ebc80000)
  to   space 2560K, 0% used [0x00000000ecc00000,0x00000000ecc00000,0x00000000ece80000)
 ParOldGen       total 40960K, used 641K [0x00000000c0000000, 0x00000000c2800000, 0x00000000eaa80000)
  object space 40960K, 1% used [0x00000000c0000000,0x00000000c00a04a8,0x00000000c2800000)
 PSPermGen       total 21504K, used 6038K [0x00000000b5a00000, 0x00000000b6f00000, 0x00000000c0000000)
  object space 21504K, 28% used [0x00000000b5a00000,0x00000000b5fe5968,0x00000000b6f00000)
Event: 2,843 GC heap after
Heap after GC invocations=2 (full 0):
 PSYoungGen      total 34304K, used 2552K [0x00000000eaa80000, 0x00000000ece80000, 0x0000000100000000)
  eden space 31744K, 0% used [0x00000000eaa80000,0x00000000eaa80000,0x00000000ec980000)
  from space 2560K, 99% used [0x00000000ecc00000,0x00000000ece7e050,0x00000000ece80000)
  to   space 2560K, 0% used [0x00000000ec980000,0x00000000ec980000,0x00000000ecc00000)
 ParOldGen       total 40960K, used 2571K [0x00000000c0000000, 0x00000000c2800000, 0x00000000eaa80000)
  object space 40960K, 6% used [0x00000000c0000000,0x00000000c0282f18,0x00000000c2800000)
 PSPermGen       total 21504K, used 6038K [0x00000000b5a00000, 0x00000000b6f00000, 0x00000000c0000000)
  object space 21504K, 28% used [0x00000000b5a00000,0x00000000b5fe5968,0x00000000b6f00000)
}
Event: 7,761 GC heap before
{Heap before GC invocations=3 (full 0):
 PSYoungGen      total 34304K, used 34296K [0x00000000eaa80000, 0x00000000ece80000, 0x0000000100000000)
  eden space 31744K, 100% used [0x00000000eaa80000,0x00000000ec980000,0x00000000ec980000)
  from space 2560K, 99% used [0x00000000ecc00000,0x00000000ece7e050,0x00000000ece80000)
  to   space 2560K, 0% used [0x00000000ec980000,0x00000000ec980000,0x00000000ecc00000)
 ParOldGen       total 40960K, used 2571K [0x00000000c0000000, 0x00000000c2800000, 0x00000000eaa80000)
  object space 40960K, 6% used [0x00000000c0000000,0x00000000c0282f18,0x00000000c2800000)
 PSPermGen       total 21504K, used 6172K [0x00000000b5a00000, 0x00000000b6f00000, 0x00000000c0000000)
  object space 21504K, 28% used [0x00000000b5a00000,0x00000000b6007138,0x00000000b6f00000)
Event: 7,823 GC heap after
Heap after GC invocations=3 (full 0):
 PSYoungGen      total 34304K, used 2550K [0x00000000eaa80000, 0x00000000eed80000, 0x0000000100000000)
  eden space 31744K, 0% used [0x00000000eaa80000,0x00000000eaa80000,0x00000000ec980000)
  from space 2560K, 99% used [0x00000000ec980000,0x00000000ecbfd9e0,0x00000000ecc00000)
  to   space 2560K, 0% used [0x00000000eeb00000,0x00000000eeb00000,0x00000000eed80000)
 ParOldGen       total 40960K, used 7638K [0x00000000c0000000, 0x00000000c2800000, 0x00000000eaa80000)
  object space 40960K, 18% used [0x00000000c0000000,0x00000000c07759f8,0x00000000c2800000)
 PSPermGen       total 21504K, used 6172K [0x00000000b5a00000, 0x00000000b6f00000, 0x00000000c0000000)
  object space 21504K, 28% used [0x00000000b5a00000,0x00000000b6007138,0x00000000b6f00000)
}
Event: 14,253 GC heap before
{Heap before GC invocations=4 (full 0):
 PSYoungGen      total 34304K, used 34294K [0x00000000eaa80000, 0x00000000eed80000, 0x0000000100000000)
  eden space 31744K, 100% used [0x00000000eaa80000,0x00000000ec980000,0x00000000ec980000)
  from space 2560K, 99% used [0x00000000ec980000,0x00000000ecbfd9e0,0x00000000ecc00000)
  to   space 2560K, 0% used [0x00000000eeb00000,0x00000000eeb00000,0x00000000eed80000)
 ParOldGen       total 40960K, used 7638K [0x00000000c0000000, 0x00000000c2800000, 0x00000000eaa80000)
  object space 40960K, 18% used [0x00000000c0000000,0x00000000c07759f8,0x00000000c2800000)
 PSPermGen       total 21504K, used 6206K [0x00000000b5a00000, 0x00000000b6f00000, 0x00000000c0000000)
  object space 21504K, 28% used [0x00000000b5a00000,0x00000000b600f860,0x00000000b6f00000)
Event: 14,322 GC heap after
Heap after GC invocations=4 (full 0):
 PSYoungGen      total 66048K, used 2550K [0x00000000eaa80000, 0x00000000eed80000, 0x0000000100000000)
  eden space 63488K, 0% used [0x00000000eaa80000,0x00000000eaa80000,0x00000000ee880000)
  from space 2560K, 99% used [0x00000000eeb00000,0x00000000eed7d9e0,0x00000000eed80000)
  to   space 2560K, 0% used [0x00000000ee880000,0x00000000ee880000,0x00000000eeb00000)
 ParOldGen       total 40960K, used 12689K [0x00000000c0000000, 0x00000000c2800000, 0x00000000eaa80000)
  object space 40960K, 30% used [0x00000000c0000000,0x00000000c0c645e0,0x00000000c2800000)
 PSPermGen       total 21504K, used 6206K [0x00000000b5a00000, 0x00000000b6f00000, 0x00000000c0000000)
  object space 21504K, 28% used [0x00000000b5a00000,0x00000000b600f860,0x00000000b6f00000)
}
Event: 20,362 GC heap before
{Heap before GC invocations=5 (full 0):
 PSYoungGen      total 66048K, used 66038K [0x00000000eaa80000, 0x00000000eed80000, 0x0000000100000000)
  eden space 63488K, 100% used [0x00000000eaa80000,0x00000000ee880000,0x00000000ee880000)
  from space 2560K, 99% used [0x00000000eeb00000,0x00000000eed7d9e0,0x00000000eed80000)
  to   space 2560K, 0% used [0x00000000ee880000,0x00000000ee880000,0x00000000eeb00000)
 ParOldGen       total 40960K, used 12689K [0x00000000c0000000, 0x00000000c2800000, 0x00000000eaa80000)
  object space 40960K, 30% used [0x00000000c0000000,0x00000000c0c645e0,0x00000000c2800000)
 PSPermGen       total 21504K, used 6249K [0x00000000b5a00000, 0x00000000b6f00000, 0x00000000c0000000)
  object space 21504K, 29% used [0x00000000b5a00000,0x00000000b601a408,0x00000000b6f00000)

Deoptimization events (10 events):
Event: 7,919 Thread 0x00007facc41a4000 Uncommon trap: reason=unstable_if action=reinterpret pc=0x00007facc10e7918 method=com.android.dx.ssa.SCCP.simulateBranch(Lcom/android/dx/ssa/SsaInsn;)V @ 64
Event: 8,181 Thread 0x00007facc41a4000 Uncommon trap: reason=unstable_if action=reinterpret pc=0x00007facc10efe48 method=com.android.dx.ssa.Dominators.run()V @ 346
Event: 8,306 Thread 0x00007facc41a5800 Uncommon trap: reason=bimorphic action=maybe_recompile pc=0x00007facc10b3968 method=java.util.HashMap.put(Ljava/lang/Object;Ljava/lang/Object;)Ljava/lang/Object; @ 83
Event: 8,306 Thread 0x00007facc41a5800 Uncommon trap: reason=bimorphic action=maybe_recompile pc=0x00007facc10b3968 method=java.util.HashMap.put(Ljava/lang/Object;Ljava/lang/Object;)Ljava/lang/Object; @ 83
Event: 8,306 Thread 0x00007facc41a5800 Uncommon trap: reason=bimorphic action=maybe_recompile pc=0x00007facc10b3968 method=java.util.HashMap.put(Ljava/lang/Object;Ljava/lang/Object;)Ljava/lang/Object; @ 83
Event: 8,306 Thread 0x00007facc41a5800 Uncommon trap: reason=bimorphic action=maybe_recompile pc=0x00007facc10b3968 method=java.util.HashMap.put(Ljava/lang/Object;Ljava/lang/Object;)Ljava/lang/Object; @ 83
Event: 13,911 Thread 0x00007facc41a4000 Uncommon trap: reason=unstable_if action=reinterpret pc=0x00007facc10d1834 method=com.android.dx.util.IntList.binarysearch(I)I @ 105
Event: 13,934 Thread 0x00007facc41a4000 Uncommon trap: reason=unstable_if action=reinterpret pc=0x00007facc109cef4 method=com.android.dx.util.IntList.binarysearch(I)I @ 105
Event: 15,306 Thread 0x00007facc41a3000 Uncommon trap: reason=unstable_if action=reinterpret pc=0x00007facc10e010c method=com.android.dx.ssa.SsaMethod.updateOneDefinition(Lcom/android/dx/ssa/SsaInsn;Lcom/android/dx/rop/code/RegisterSpec;)V @ 4
Event: 16,374 Thread 0x00007facc41a5800 Uncommon trap: reason=unstable_if action=reinterpret pc=0x00007facc10fd9c4 method=com.android.dx.rop.code.LocalVariableInfo.mergeStarts(ILcom/android/dx/rop/code/RegisterSpecSet;)Z @ 31

Internal exceptions (10 events):
Event: 1,814 Thread 0x00007facc41a4000 Threw 0x00000000eab10dc0 at /build/openjdk-7-2FOwCu/openjdk-7-7u95-2.6.4/build/openjdk/hotspot/src/share/vm/prims/jvm.cpp:1322
Event: 1,913 Thread 0x00007facc41a5800 Threw 0x00000000ead518f8 at /build/openjdk-7-2FOwCu/openjdk-7-7u95-2.6.4/build/openjdk/hotspot/src/share/vm/prims/jvm.cpp:1322
Event: 2,024 Thread 0x00007facc41a3000 Implicit null exception at 0x00007facc107db02 to 0x00007facc107dced
Event: 2,077 Thread 0x00007facc400a800 Threw 0x00000000eaf811d0 at /build/openjdk-7-2FOwCu/openjdk-7-7u95-2.6.4/build/openjdk/hotspot/src/share/vm/prims/jvm.cpp:1322
Event: 2,097 Thread 0x00007facc400a800 Threw 0x00000000eaf92960 at /build/openjdk-7-2FOwCu/openjdk-7-7u95-2.6.4/build/openjdk/hotspot/src/share/vm/prims/jvm.cpp:1322
Event: 6,934 Thread 0x00007facc400a800 Implicit null exception at 0x00007facc10b0a1f to 0x00007facc10b10d5
Event: 6,988 Thread 0x00007facc41a4000 Implicit null exception at 0x00007facc10c9358 to 0x00007facc10cb119
Event: 7,116 Thread 0x00007facc400a800 Threw 0x00000000ec18b7c0 at /build/openjdk-7-2FOwCu/openjdk-7-7u95-2.6.4/build/openjdk/hotspot/src/share/vm/prims/jvm.cpp:1322
Event: 11,129 Thread 0x00007facc419f800 Threw 0x00000000ec09cb48 at /build/openjdk-7-2FOwCu/openjdk-7-7u95-2.6.4/build/openjdk/hotspot/src/share/vm/prims/jvm.cpp:1322
Event: 15,284 Thread 0x00007facc41a3000 Threw 0x00000000eb22e4b0 at /build/openjdk-7-2FOwCu/openjdk-7-7u95-2.6.4/build/openjdk/hotspot/src/share/vm/prims/jvm.cpp:1322

Events (10 events):
Event: 15,283 loading class 0x00007fac80022560
Event: 15,283 loading class 0x00007fac80022560 done
Event: 15,306 Thread 0x00007facc41a3000 Uncommon trap: trap_request=0xffffff75 fr.pc=0x00007facc10e010c
Event: 15,306 Thread 0x00007facc41a3000 DEOPT PACKING pc=0x00007facc10e010c sp=0x00007facb88eaf30
Event: 15,306 Thread 0x00007facc41a3000 DEOPT UNPACKING pc=0x00007facc1039445 sp=0x00007facb88eaef8 mode 2
Event: 16,374 Thread 0x00007facc41a5800 Uncommon trap: trap_request=0xffffff75 fr.pc=0x00007facc10fd9c4
Event: 16,374 Thread 0x00007facc41a5800 DEOPT PACKING pc=0x00007facc10fd9c4 sp=0x00007facb86e9300
Event: 16,374 Thread 0x00007facc41a5800 DEOPT UNPACKING pc=0x00007facc1039445 sp=0x00007facb86e9260 mode 2
Event: 17,382 Thread 0x00007facc40ac800 flushing nmethod 0x00007facc1093550
Event: 20,339 Executing VM operation: ParallelGCFailedAllocation


Dynamic libraries:
00400000-00401000 r-xp 00000000 08:06 1454669                            /usr/lib/jvm/java-7-openjdk-amd64/jre/bin/java
00600000-00601000 r--p 00000000 08:06 1454669                            /usr/lib/jvm/java-7-openjdk-amd64/jre/bin/java
00601000-00602000 rw-p 00001000 08:06 1454669                            /usr/lib/jvm/java-7-openjdk-amd64/jre/bin/java
00ef3000-00f14000 rw-p 00000000 00:00 0                                  [heap]
b5a00000-b6f00000 rw-p 00000000 00:00 0 
b6f00000-c0000000 rw-p 00000000 00:00 0 
c0000000-c2800000 rw-p 00000000 00:00 0 
c2800000-eaa80000 rw-p 00000000 00:00 0 
eaa80000-eed80000 rw-p 00000000 00:00 0 
f4180000-100000000 rw-p 00000000 00:00 0 
7fac74000000-7fac74021000 rw-p 00000000 00:00 0 
7fac74021000-7fac78000000 ---p 00000000 00:00 0 
7fac7c000000-7fac7c021000 rw-p 00000000 00:00 0 
7fac7c021000-7fac80000000 ---p 00000000 00:00 0 
7fac80000000-7fac8002d000 rw-p 00000000 00:00 0 
7fac8002d000-7fac84000000 ---p 00000000 00:00 0 
7fac84000000-7fac84031000 rw-p 00000000 00:00 0 
7fac84031000-7fac88000000 ---p 00000000 00:00 0 
7fac88000000-7fac88021000 rw-p 00000000 00:00 0 
7fac88021000-7fac8c000000 ---p 00000000 00:00 0 
7fac8c000000-7fac8c021000 rw-p 00000000 00:00 0 
7fac8c021000-7fac90000000 ---p 00000000 00:00 0 
7fac90000000-7fac90021000 rw-p 00000000 00:00 0 
7fac90021000-7fac94000000 ---p 00000000 00:00 0 
7fac94000000-7fac95294000 rw-p 00000000 00:00 0 
7fac95294000-7fac98000000 ---p 00000000 00:00 0 
7fac98000000-7fac9978e000 rw-p 00000000 00:00 0 
7fac9978e000-7fac9c000000 ---p 00000000 00:00 0 
7fac9c000000-7fac9c021000 rw-p 00000000 00:00 0 
7fac9c021000-7faca0000000 ---p 00000000 00:00 0 
7faca0000000-7faca0021000 rw-p 00000000 00:00 0 
7faca0021000-7faca4000000 ---p 00000000 00:00 0 
7faca4000000-7faca4021000 rw-p 00000000 00:00 0 
7faca4021000-7faca8000000 ---p 00000000 00:00 0 
7faca8000000-7faca8021000 rw-p 00000000 00:00 0 
7faca8021000-7facac000000 ---p 00000000 00:00 0 
7facac000000-7facac021000 rw-p 00000000 00:00 0 
7facac021000-7facb0000000 ---p 00000000 00:00 0 
7facb0000000-7facb0021000 rw-p 00000000 00:00 0 
7facb0021000-7facb4000000 ---p 00000000 00:00 0 
7facb4000000-7facb4021000 rw-p 00000000 00:00 0 
7facb4021000-7facb8000000 ---p 00000000 00:00 0 
7facb85ea000-7facb85ed000 ---p 00000000 00:00 0 
7facb85ed000-7facb86eb000 rw-p 00000000 00:00 0                          [stack:8593]
7facb86eb000-7facb86ee000 ---p 00000000 00:00 0 
7facb86ee000-7facb87ec000 rw-p 00000000 00:00 0                          [stack:8591]
7facb87ec000-7facb87ef000 ---p 00000000 00:00 0 
7facb87ef000-7facb88ed000 rw-p 00000000 00:00 0                          [stack:8590]
7facb88ed000-7facb88f0000 ---p 00000000 00:00 0 
7facb88f0000-7facb89ee000 rw-p 00000000 00:00 0                          [stack:8589]
7facb89ee000-7facb89f1000 ---p 00000000 00:00 0 
7facb89f1000-7facb8aef000 rw-p 00000000 00:00 0                          [stack:8588]
7facb8aef000-7facb8b2c000 r-xp 00000000 08:06 130821                     /lib/x86_64-linux-gnu/libpcre.so.3.13.1
7facb8b2c000-7facb8d2b000 ---p 0003d000 08:06 130821                     /lib/x86_64-linux-gnu/libpcre.so.3.13.1
7facb8d2b000-7facb8d2c000 r--p 0003c000 08:06 130821                     /lib/x86_64-linux-gnu/libpcre.so.3.13.1
7facb8d2c000-7facb8d2d000 rw-p 0003d000 08:06 130821                     /lib/x86_64-linux-gnu/libpcre.so.3.13.1
7facb8d2d000-7facb8d34000 r-xp 00000000 08:06 1447540                    /usr/lib/x86_64-linux-gnu/libffi.so.6.0.1
7facb8d34000-7facb8f33000 ---p 00007000 08:06 1447540                    /usr/lib/x86_64-linux-gnu/libffi.so.6.0.1
7facb8f33000-7facb8f34000 r--p 00006000 08:06 1447540                    /usr/lib/x86_64-linux-gnu/libffi.so.6.0.1
7facb8f34000-7facb8f35000 rw-p 00007000 08:06 1447540                    /usr/lib/x86_64-linux-gnu/libffi.so.6.0.1
7facb8f35000-7facb8f4c000 r-xp 00000000 08:06 134868                     /lib/x86_64-linux-gnu/libresolv-2.19.so
7facb8f4c000-7facb914c000 ---p 00017000 08:06 134868                     /lib/x86_64-linux-gnu/libresolv-2.19.so
7facb914c000-7facb914d000 r--p 00017000 08:06 134868                     /lib/x86_64-linux-gnu/libresolv-2.19.so
7facb914d000-7facb914e000 rw-p 00018000 08:06 134868                     /lib/x86_64-linux-gnu/libresolv-2.19.so
7facb914e000-7facb9150000 rw-p 00000000 00:00 0 
7facb9150000-7facb9170000 r-xp 00000000 08:06 135079                     /lib/x86_64-linux-gnu/libselinux.so.1
7facb9170000-7facb936f000 ---p 00020000 08:06 135079                     /lib/x86_64-linux-gnu/libselinux.so.1
7facb936f000-7facb9370000 r--p 0001f000 08:06 135079                     /lib/x86_64-linux-gnu/libselinux.so.1
7facb9370000-7facb9371000 rw-p 00020000 08:06 135079                     /lib/x86_64-linux-gnu/libselinux.so.1
7facb9371000-7facb9373000 rw-p 00000000 00:00 0 
7facb9373000-7facb9376000 r-xp 00000000 08:06 1439340                    /usr/lib/x86_64-linux-gnu/libgmodule-2.0.so.0.4002.0
7facb9376000-7facb9575000 ---p 00003000 08:06 1439340                    /usr/lib/x86_64-linux-gnu/libgmodule-2.0.so.0.4002.0
7facb9575000-7facb9576000 r--p 00002000 08:06 1439340                    /usr/lib/x86_64-linux-gnu/libgmodule-2.0.so.0.4002.0
7facb9576000-7facb9577000 rw-p 00003000 08:06 1439340                    /usr/lib/x86_64-linux-gnu/libgmodule-2.0.so.0.4002.0
7facb9577000-7facb967d000 r-xp 00000000 08:06 134871                     /lib/x86_64-linux-gnu/libglib-2.0.so.0.4002.0
7facb967d000-7facb987c000 ---p 00106000 08:06 134871                     /lib/x86_64-linux-gnu/libglib-2.0.so.0.4002.0
7facb987c000-7facb987d000 r--p 00105000 08:06 134871                     /lib/x86_64-linux-gnu/libglib-2.0.so.0.4002.0
7facb987d000-7facb987e000 rw-p 00106000 08:06 134871                     /lib/x86_64-linux-gnu/libglib-2.0.so.0.4002.0
7facb987e000-7facb987f000 rw-p 00000000 00:00 0 
7facb987f000-7facb98ce000 r-xp 00000000 08:06 1439358                    /usr/lib/x86_64-linux-gnu/libgobject-2.0.so.0.4002.0
7facb98ce000-7facb9ace000 ---p 0004f000 08:06 1439358                    /usr/lib/x86_64-linux-gnu/libgobject-2.0.so.0.4002.0
7facb9ace000-7facb9acf000 r--p 0004f000 08:06 1439358                    /usr/lib/x86_64-linux-gnu/libgobject-2.0.so.0.4002.0
7facb9acf000-7facb9ad0000 rw-p 00050000 08:06 1439358                    /usr/lib/x86_64-linux-gnu/libgobject-2.0.so.0.4002.0
7facb9ad0000-7facbc000000 rw-p 00000000 00:00 0 
7facbc000000-7facbc021000 rw-p 00000000 00:00 0 
7facbc021000-7facc0000000 ---p 00000000 00:00 0 
7facc0011000-7facc017d000 r-xp 00000000 08:06 1439362                    /usr/lib/x86_64-linux-gnu/libgio-2.0.so.0.4002.0
7facc017d000-7facc037c000 ---p 0016c000 08:06 1439362                    /usr/lib/x86_64-linux-gnu/libgio-2.0.so.0.4002.0
7facc037c000-7facc0380000 r--p 0016b000 08:06 1439362                    /usr/lib/x86_64-linux-gnu/libgio-2.0.so.0.4002.0
7facc0380000-7facc0382000 rw-p 0016f000 08:06 1439362                    /usr/lib/x86_64-linux-gnu/libgio-2.0.so.0.4002.0
7facc0382000-7facc0384000 rw-p 00000000 00:00 0 
7facc0384000-7facc039b000 r-xp 00000000 08:06 1489830                    /usr/lib/jvm/java-7-openjdk-amd64/jre/lib/amd64/libnet.so
7facc039b000-7facc059a000 ---p 00017000 08:06 1489830                    /usr/lib/jvm/java-7-openjdk-amd64/jre/lib/amd64/libnet.so
7facc059a000-7facc059b000 r--p 00016000 08:06 1489830                    /usr/lib/jvm/java-7-openjdk-amd64/jre/lib/amd64/libnet.so
7facc059b000-7facc059c000 rw-p 00017000 08:06 1489830                    /usr/lib/jvm/java-7-openjdk-amd64/jre/lib/amd64/libnet.so
7facc059c000-7facc05ac000 r-xp 00000000 08:06 1489812                    /usr/lib/jvm/java-7-openjdk-amd64/jre/lib/amd64/libnio.so
7facc05ac000-7facc07ac000 ---p 00010000 08:06 1489812                    /usr/lib/jvm/java-7-openjdk-amd64/jre/lib/amd64/libnio.so
7facc07ac000-7facc07ad000 r--p 00010000 08:06 1489812                    /usr/lib/jvm/java-7-openjdk-amd64/jre/lib/amd64/libnio.so
7facc07ad000-7facc07ae000 rw-p 00011000 08:06 1489812                    /usr/lib/jvm/java-7-openjdk-amd64/jre/lib/amd64/libnio.so
7facc07ae000-7facc1000000 r--p 00000000 08:06 1447082                    /usr/lib/locale/locale-archive
7facc1000000-7facc1270000 rwxp 00000000 00:00 0 
7facc1270000-7facc41c7000 rw-p 00000000 00:00 0 
7facc41c7000-7facc8000000 ---p 00000000 00:00 0 
7facc801e000-7facc804f000 rw-p 00000000 00:00 0 
7facc806b000-7facc8074000 r--s 0008a000 08:06 3244777                    /home/tulin/AndroidStudioProjects/CamApp/app/build/intermediates/exploded-aar/com.android.support/appcompat-v7/23.2.0/jars/classes.jar
7facc8074000-7facc8083000 r--s 000df000 08:06 3216701                    /home/tulin/Android/Sdk/build-tools/23.0.2/lib/dx.jar
7facc8083000-7facc8084000 ---p 00000000 00:00 0 
7facc8084000-7facc8184000 rw-p 00000000 00:00 0                          [stack:8574]
7facc8184000-7facc8187000 ---p 00000000 00:00 0 
7facc8187000-7facc8285000 rw-p 00000000 00:00 0                          [stack:8573]
7facc8285000-7facc8288000 ---p 00000000 00:00 0 
7facc8288000-7facc8386000 rw-p 00000000 00:00 0                          [stack:8572]
7facc8386000-7facc8389000 ---p 00000000 00:00 0 
7facc8389000-7facc8487000 rw-p 00000000 00:00 0                          [stack:8571]
7facc8487000-7facc848a000 ---p 00000000 00:00 0 
7facc848a000-7facc8588000 rw-p 00000000 00:00 0                          [stack:8570]
7facc8588000-7facc858b000 ---p 00000000 00:00 0 
7facc858b000-7facc8689000 rw-p 00000000 00:00 0                          [stack:8569]
7facc8689000-7facc868c000 ---p 00000000 00:00 0 
7facc868c000-7facc878a000 rw-p 00000000 00:00 0                          [stack:8568]
7facc878a000-7facc878b000 ---p 00000000 00:00 0 
7facc878b000-7facc9888000 rw-p 00000000 00:00 0                          [stack:8567]
7facc9888000-7facc9a3a000 r--s 01d2f000 08:06 1489796                    /usr/lib/jvm/java-7-openjdk-amd64/jre/lib/rt.jar
7facc9a3a000-7facc9d86000 rw-p 00000000 00:00 0 
7facc9d86000-7facc9d87000 ---p 00000000 00:00 0 
7facc9d87000-7facc9e87000 rw-p 00000000 00:00 0                          [stack:8566]
7facc9e87000-7facc9e88000 ---p 00000000 00:00 0 
7facc9e88000-7facc9f88000 rw-p 00000000 00:00 0                          [stack:8565]
7facc9f88000-7facc9f89000 ---p 00000000 00:00 0 
7facc9f89000-7facca089000 rw-p 00000000 00:00 0                          [stack:8564]
7facca089000-7facca08a000 ---p 00000000 00:00 0 
7facca08a000-7facca195000 rw-p 00000000 00:00 0                          [stack:8562]
7facca195000-7facca1dd000 rw-p 00000000 00:00 0 
7facca1dd000-7facca1f1000 rw-p 00000000 00:00 0 
7facca1f1000-7facca333000 rw-p 00000000 00:00 0 
7facca333000-7facca33e000 rw-p 00000000 00:00 0 
7facca33e000-7facca386000 rw-p 00000000 00:00 0 
7facca386000-7facca39a000 rw-p 00000000 00:00 0 
7facca39a000-7facca4db000 rw-p 00000000 00:00 0 
7facca4db000-7facca4fd000 rw-p 00000000 00:00 0 
7facca4fd000-7facca586000 rw-p 00000000 00:00 0 
7facca586000-7facca587000 rw-p 00000000 00:00 0 
7facca587000-7facca58f000 r-xp 00000000 08:06 1489805                    /usr/lib/jvm/java-7-openjdk-amd64/jre/lib/amd64/libzip.so
7facca58f000-7facca78e000 ---p 00008000 08:06 1489805                    /usr/lib/jvm/java-7-openjdk-amd64/jre/lib/amd64/libzip.so
7facca78e000-7facca78f000 r--p 00007000 08:06 1489805                    /usr/lib/jvm/java-7-openjdk-amd64/jre/lib/amd64/libzip.so
7facca78f000-7facca790000 rw-p 00008000 08:06 1489805                    /usr/lib/jvm/java-7-openjdk-amd64/jre/lib/amd64/libzip.so
7facca790000-7facca79b000 r-xp 00000000 08:06 184225                     /lib/x86_64-linux-gnu/libnss_files-2.19.so
7facca79b000-7facca99a000 ---p 0000b000 08:06 184225                     /lib/x86_64-linux-gnu/libnss_files-2.19.so
7facca99a000-7facca99b000 r--p 0000a000 08:06 184225                     /lib/x86_64-linux-gnu/libnss_files-2.19.so
7facca99b000-7facca99c000 rw-p 0000b000 08:06 184225                     /lib/x86_64-linux-gnu/libnss_files-2.19.so
7facca99c000-7facca9a7000 r-xp 00000000 08:06 145746                     /lib/x86_64-linux-gnu/libnss_nis-2.19.so
7facca9a7000-7faccaba6000 ---p 0000b000 08:06 145746                     /lib/x86_64-linux-gnu/libnss_nis-2.19.so
7faccaba6000-7faccaba7000 r--p 0000a000 08:06 145746                     /lib/x86_64-linux-gnu/libnss_nis-2.19.so
7faccaba7000-7faccaba8000 rw-p 0000b000 08:06 145746                     /lib/x86_64-linux-gnu/libnss_nis-2.19.so
7faccaba8000-7faccabbf000 r-xp 00000000 08:06 145742                     /lib/x86_64-linux-gnu/libnsl-2.19.so
7faccabbf000-7faccadbe000 ---p 00017000 08:06 145742                     /lib/x86_64-linux-gnu/libnsl-2.19.so
7faccadbe000-7faccadbf000 r--p 00016000 08:06 145742                     /lib/x86_64-linux-gnu/libnsl-2.19.so
7faccadbf000-7faccadc0000 rw-p 00017000 08:06 145742                     /lib/x86_64-linux-gnu/libnsl-2.19.so
7faccadc0000-7faccadc2000 rw-p 00000000 00:00 0 
7faccadc2000-7faccadcb000 r-xp 00000000 08:06 145741                     /lib/x86_64-linux-gnu/libnss_compat-2.19.so
7faccadcb000-7faccafca000 ---p 00009000 08:06 145741                     /lib/x86_64-linux-gnu/libnss_compat-2.19.so
7faccafca000-7faccafcb000 r--p 00008000 08:06 145741                     /lib/x86_64-linux-gnu/libnss_compat-2.19.so
7faccafcb000-7faccafcc000 rw-p 00009000 08:06 145741                     /lib/x86_64-linux-gnu/libnss_compat-2.19.so
7faccafcc000-7faccaff7000 r-xp 00000000 08:06 1489826                    /usr/lib/jvm/java-7-openjdk-amd64/jre/lib/amd64/libjava.so
7faccaff7000-7faccb1f7000 ---p 0002b000 08:06 1489826                    /usr/lib/jvm/java-7-openjdk-amd64/jre/lib/amd64/libjava.so
7faccb1f7000-7faccb1f8000 r--p 0002b000 08:06 1489826                    /usr/lib/jvm/java-7-openjdk-amd64/jre/lib/amd64/libjava.so
7faccb1f8000-7faccb1fa000 rw-p 0002c000 08:06 1489826                    /usr/lib/jvm/java-7-openjdk-amd64/jre/lib/amd64/libjava.so
7faccb1fa000-7faccb20a000 r-xp 00000000 08:06 1489810                    /usr/lib/jvm/java-7-openjdk-amd64/jre/lib/amd64/libverify.so
7faccb20a000-7faccb409000 ---p 00010000 08:06 1489810                    /usr/lib/jvm/java-7-openjdk-amd64/jre/lib/amd64/libverify.so
7faccb409000-7faccb40b000 r--p 0000f000 08:06 1489810                    /usr/lib/jvm/java-7-openjdk-amd64/jre/lib/amd64/libverify.so
7faccb40b000-7faccb40c000 rw-p 00011000 08:06 1489810                    /usr/lib/jvm/java-7-openjdk-amd64/jre/lib/amd64/libverify.so
7faccb40c000-7faccb413000 r-xp 00000000 08:06 148472                     /lib/x86_64-linux-gnu/librt-2.19.so
7faccb413000-7faccb612000 ---p 00007000 08:06 148472                     /lib/x86_64-linux-gnu/librt-2.19.so
7faccb612000-7faccb613000 r--p 00006000 08:06 148472                     /lib/x86_64-linux-gnu/librt-2.19.so
7faccb613000-7faccb614000 rw-p 00007000 08:06 148472                     /lib/x86_64-linux-gnu/librt-2.19.so
7faccb614000-7faccb62a000 r-xp 00000000 08:06 131070                     /lib/x86_64-linux-gnu/libgcc_s.so.1
7faccb62a000-7faccb829000 ---p 00016000 08:06 131070                     /lib/x86_64-linux-gnu/libgcc_s.so.1
7faccb829000-7faccb82a000 rw-p 00015000 08:06 131070                     /lib/x86_64-linux-gnu/libgcc_s.so.1
7faccb82a000-7faccb92f000 r-xp 00000000 08:06 135048                     /lib/x86_64-linux-gnu/libm-2.19.so
7faccb92f000-7faccbb2e000 ---p 00105000 08:06 135048                     /lib/x86_64-linux-gnu/libm-2.19.so
7faccbb2e000-7faccbb2f000 r--p 00104000 08:06 135048                     /lib/x86_64-linux-gnu/libm-2.19.so
7faccbb2f000-7faccbb30000 rw-p 00105000 08:06 135048                     /lib/x86_64-linux-gnu/libm-2.19.so
7faccbb30000-7faccbc16000 r-xp 00000000 08:06 1439330                    /usr/lib/x86_64-linux-gnu/libstdc++.so.6.0.19
7faccbc16000-7faccbe15000 ---p 000e6000 08:06 1439330                    /usr/lib/x86_64-linux-gnu/libstdc++.so.6.0.19
7faccbe15000-7faccbe1d000 r--p 000e5000 08:06 1439330                    /usr/lib/x86_64-linux-gnu/libstdc++.so.6.0.19
7faccbe1d000-7faccbe1f000 rw-p 000ed000 08:06 1439330                    /usr/lib/x86_64-linux-gnu/libstdc++.so.6.0.19
7faccbe1f000-7faccbe34000 rw-p 00000000 00:00 0 
7faccbe34000-7faccc959000 r-xp 00000000 08:06 1489806                    /usr/lib/jvm/java-7-openjdk-amd64/jre/lib/amd64/server/libjvm.so
7faccc959000-7facccb59000 ---p 00b25000 08:06 1489806                    /usr/lib/jvm/java-7-openjdk-amd64/jre/lib/amd64/server/libjvm.so
7facccb59000-7facccbf3000 r--p 00b25000 08:06 1489806                    /usr/lib/jvm/java-7-openjdk-amd64/jre/lib/amd64/server/libjvm.so
7facccbf3000-7facccc16000 rw-p 00bbf000 08:06 1489806                    /usr/lib/jvm/java-7-openjdk-amd64/jre/lib/amd64/server/libjvm.so
7facccc16000-7facccc44000 rw-p 00000000 00:00 0 
7facccc44000-7facccc5c000 r-xp 00000000 08:06 135112                     /lib/x86_64-linux-gnu/libz.so.1.2.8
7facccc5c000-7faccce5b000 ---p 00018000 08:06 135112                     /lib/x86_64-linux-gnu/libz.so.1.2.8
7faccce5b000-7faccce5c000 r--p 00017000 08:06 135112                     /lib/x86_64-linux-gnu/libz.so.1.2.8
7faccce5c000-7faccce5d000 rw-p 00018000 08:06 135112                     /lib/x86_64-linux-gnu/libz.so.1.2.8
7faccce5d000-7faccce76000 r-xp 00000000 08:06 145743                     /lib/x86_64-linux-gnu/libpthread-2.19.so
7faccce76000-7faccd075000 ---p 00019000 08:06 145743                     /lib/x86_64-linux-gnu/libpthread-2.19.so
7faccd075000-7faccd076000 r--p 00018000 08:06 145743                     /lib/x86_64-linux-gnu/libpthread-2.19.so
7faccd076000-7faccd077000 rw-p 00019000 08:06 145743                     /lib/x86_64-linux-gnu/libpthread-2.19.so
7faccd077000-7faccd07b000 rw-p 00000000 00:00 0 
7faccd07b000-7faccd07e000 r-xp 00000000 08:06 145738                     /lib/x86_64-linux-gnu/libdl-2.19.so
7faccd07e000-7faccd27d000 ---p 00003000 08:06 145738                     /lib/x86_64-linux-gnu/libdl-2.19.so
7faccd27d000-7faccd27e000 r--p 00002000 08:06 145738                     /lib/x86_64-linux-gnu/libdl-2.19.so
7faccd27e000-7faccd27f000 rw-p 00003000 08:06 145738                     /lib/x86_64-linux-gnu/libdl-2.19.so
7faccd27f000-7faccd43a000 r-xp 00000000 08:06 148473                     /lib/x86_64-linux-gnu/libc-2.19.so
7faccd43a000-7faccd639000 ---p 001bb000 08:06 148473                     /lib/x86_64-linux-gnu/libc-2.19.so
7faccd639000-7faccd63d000 r--p 001ba000 08:06 148473                     /lib/x86_64-linux-gnu/libc-2.19.so
7faccd63d000-7faccd63f000 rw-p 001be000 08:06 148473                     /lib/x86_64-linux-gnu/libc-2.19.so
7faccd63f000-7faccd644000 rw-p 00000000 00:00 0 
7faccd644000-7faccd651000 r-xp 00000000 08:06 1489800                    /usr/lib/jvm/java-7-openjdk-amd64/jre/lib/amd64/jli/libjli.so
7faccd651000-7faccd850000 ---p 0000d000 08:06 1489800                    /usr/lib/jvm/java-7-openjdk-amd64/jre/lib/amd64/jli/libjli.so
7faccd850000-7faccd851000 r--p 0000c000 08:06 1489800                    /usr/lib/jvm/java-7-openjdk-amd64/jre/lib/amd64/jli/libjli.so
7faccd851000-7faccd852000 rw-p 0000d000 08:06 1489800                    /usr/lib/jvm/java-7-openjdk-amd64/jre/lib/amd64/jli/libjli.so
7faccd852000-7faccd875000 r-xp 00000000 08:06 145744                     /lib/x86_64-linux-gnu/ld-2.19.so
7faccd875000-7faccd878000 r--s 0000f000 08:06 1489840                    /usr/lib/jvm/java-7-openjdk-amd64/jre/lib/ext/icedtea-sound.jar
7faccd878000-7faccd89a000 rw-p 00000000 00:00 0 
7faccd89a000-7faccd950000 rw-p 00000000 00:00 0 
7faccd950000-7faccd953000 ---p 00000000 00:00 0 
7faccd953000-7faccda57000 rw-p 00000000 00:00 0                          [stack:8560]
7faccda57000-7faccda59000 r--s 00012000 08:06 1489837                    /usr/lib/jvm/java-7-openjdk-amd64/jre/lib/ext/zipfs.jar
7faccda59000-7faccda5a000 r--s 00002000 08:06 1489839                    /usr/lib/jvm/java-7-openjdk-amd64/jre/lib/ext/dnsns.jar
7faccda5a000-7faccda5c000 r--s 00006000 08:06 1840524                    /usr/share/java/java-atk-wrapper.jar
7faccda5c000-7faccda60000 r--s 0003c000 08:06 1489838                    /usr/lib/jvm/java-7-openjdk-amd64/jre/lib/ext/sunpkcs11.jar
7faccda60000-7faccda64000 r--s 00034000 08:06 1489836                    /usr/lib/jvm/java-7-openjdk-amd64/jre/lib/ext/sunjce_provider.jar
7faccda64000-7faccda68000 r--s 00085000 08:06 1489835                    /usr/lib/jvm/java-7-openjdk-amd64/jre/lib/ext/localedata.jar
7faccda68000-7faccda70000 rw-s 00000000 08:06 1840795                    /tmp/hsperfdata_tulin/8557
7faccda70000-7faccda71000 rw-p 00000000 00:00 0 
7faccda71000-7faccda72000 ---p 00000000 00:00 0 
7faccda72000-7faccda74000 rw-p 00000000 00:00 0 
7faccda74000-7faccda75000 r--p 00022000 08:06 145744                     /lib/x86_64-linux-gnu/ld-2.19.so
7faccda75000-7faccda76000 rw-p 00023000 08:06 145744                     /lib/x86_64-linux-gnu/ld-2.19.so
7faccda76000-7faccda77000 rw-p 00000000 00:00 0 
7ffc75d4b000-7ffc75d6c000 rw-p 00000000 00:00 0                          [stack]
7ffc75df6000-7ffc75df8000 r-xp 00000000 00:00 0                          [vdso]
ffffffffff600000-ffffffffff601000 r-xp 00000000 00:00 0                  [vsyscall]

VM Arguments:
jvm_args: -Djava.awt.headless=true -Xmx1024M -Dfile.encoding=UTF-8 -Duser.country=US -Duser.language=en -Duser.variant 
java_command: com.android.dx.command.Main --dex --num-threads=4 --output /home/tulin/AndroidStudioProjects/CamApp/app/build/intermediates/pre-dexed/debug/com.android.support-appcompat-v7-23.2.0_379181285c7b8b84d75b0ff6e2ce57e79279b14d.jar /home/tulin/AndroidStudioProjects/CamApp/app/build/intermediates/exploded-aar/com.android.support/appcompat-v7/23.2.0/jars/classes.jar
Launcher Type: SUN_STANDARD

Environment Variables:
PATH=/usr/local/sbin:/usr/local/bin:/usr/sbin:/usr/bin:/sbin:/bin:/usr/games:/usr/local/games
SHELL=/bin/bash
DISPLAY=:0

Signal Handlers:
SIGSEGV: [libjvm.so+0x955bc0], sa_mask[0]=0x7ffbfeff, sa_flags=0x10000004
SIGBUS: [libjvm.so+0x955bc0], sa_mask[0]=0x7ffbfeff, sa_flags=0x10000004
SIGFPE: [libjvm.so+0x7caff0], sa_mask[0]=0x7ffbfeff, sa_flags=0x10000004
SIGPIPE: [libjvm.so+0x7caff0], sa_mask[0]=0x7ffbfeff, sa_flags=0x10000004
SIGXFSZ: [libjvm.so+0x7caff0], sa_mask[0]=0x7ffbfeff, sa_flags=0x10000004
SIGILL: [libjvm.so+0x7caff0], sa_mask[0]=0x7ffbfeff, sa_flags=0x10000004
SIGUSR1: SIG_DFL, sa_mask[0]=0x00000000, sa_flags=0x00000000
SIGUSR2: [libjvm.so+0x7cae90], sa_mask[0]=0x00000004, sa_flags=0x10000004
SIGHUP: [libjvm.so+0x7cb070], sa_mask[0]=0x7ffbfeff, sa_flags=0x10000004
SIGINT: [libjvm.so+0x7cb070], sa_mask[0]=0x7ffbfeff, sa_flags=0x10000004
SIGTERM: [libjvm.so+0x7cb070], sa_mask[0]=0x7ffbfeff, sa_flags=0x10000004
SIGQUIT: [libjvm.so+0x7cb070], sa_mask[0]=0x7ffbfeff, sa_flags=0x10000004
SIGTRAP: SIG_DFL, sa_mask[0]=0x00000000, sa_flags=0x00000000


---------------  S Y S T E M  ---------------

OS:Ubuntu 14.04 (trusty)
uname:Linux 3.13.0-79-generic #123-Ubuntu SMP Fri Feb 19 14:27:58 UTC 2016 x86_64
libc:glibc 2.19 NPTL 2.19 
rlimit: STACK 8192k, CORE 0k, NPROC 30460, NOFILE 4096, AS infinity
load average:14,56 6,62 5,22

/proc/meminfo:
MemTotal:        3946988 kB
MemFree:           90348 kB
Buffers:             384 kB
Cached:           666652 kB
SwapCached:            0 kB
Active:          3029076 kB
Inactive:         648752 kB
Active(anon):    3027476 kB
Inactive(anon):   638976 kB
Active(file):       1600 kB
Inactive(file):     9776 kB
Unevictable:          32 kB
Mlocked:              32 kB
SwapTotal:             0 kB
SwapFree:              0 kB
Dirty:                52 kB
Writeback:             0 kB
AnonPages:       3011220 kB
Mapped:           198404 kB
Shmem:            655264 kB
Slab:              75416 kB
SReclaimable:      35996 kB
SUnreclaim:        39420 kB
KernelStack:        6088 kB
PageTables:        43840 kB
NFS_Unstable:          0 kB
Bounce:                0 kB
WritebackTmp:          0 kB
CommitLimit:     1973492 kB
Committed_AS:    8850876 kB
VmallocTotal:   34359738367 kB
VmallocUsed:      350184 kB
VmallocChunk:   34359381756 kB
HardwareCorrupted:     0 kB
AnonHugePages:   1159168 kB
HugePages_Total:       0
HugePages_Free:        0
HugePages_Rsvd:        0
HugePages_Surp:        0
Hugepagesize:       2048 kB
DirectMap4k:       66592 kB
DirectMap2M:     4028416 kB


CPU:total 4 (2 cores per cpu, 2 threads per core) family 6 model 42 stepping 7, cmov, cx8, fxsr, mmx, sse, sse2, sse3, ssse3, sse4.1, sse4.2, popcnt, avx, aes, ht, tsc, tscinvbit

/proc/cpuinfo:
processor	: 0
vendor_id	: GenuineIntel
cpu family	: 6
model		: 42
model name	: Intel(R) Core(TM) i5-2557M CPU @ 1.70GHz
stepping	: 7
microcode	: 0x1a
cpu MHz		: 1701.000
cache size	: 3072 KB
physical id	: 0
siblings	: 4
core id		: 0
cpu cores	: 2
apicid		: 0
initial apicid	: 0
fpu		: yes
fpu_exception	: yes
cpuid level	: 13
wp		: yes
flags		: fpu vme de pse tsc msr pae mce cx8 apic sep mtrr pge mca cmov pat pse36 clflush dts acpi mmx fxsr sse sse2 ss ht tm pbe syscall nx rdtscp lm constant_tsc arch_perfmon pebs bts rep_good nopl xtopology nonstop_tsc aperfmperf eagerfpu pni pclmulqdq dtes64 monitor ds_cpl vmx smx est tm2 ssse3 cx16 xtpr pdcm pcid sse4_1 sse4_2 x2apic popcnt tsc_deadline_timer aes xsave avx lahf_lm ida arat epb xsaveopt pln pts dtherm tpr_shadow vnmi flexpriority ept vpid
bogomips	: 3392.10
clflush size	: 64
cache_alignment	: 64
address sizes	: 36 bits physical, 48 bits virtual
power management:

processor	: 1
vendor_id	: GenuineIntel
cpu family	: 6
model		: 42
model name	: Intel(R) Core(TM) i5-2557M CPU @ 1.70GHz
stepping	: 7
microcode	: 0x1a
cpu MHz		: 1701.000
cache size	: 3072 KB
physical id	: 0
siblings	: 4
core id		: 1
cpu cores	: 2
apicid		: 2
initial apicid	: 2
fpu		: yes
fpu_exception	: yes
cpuid level	: 13
wp		: yes
flags		: fpu vme de pse tsc msr pae mce cx8 apic sep mtrr pge mca cmov pat pse36 clflush dts acpi mmx fxsr sse sse2 ss ht tm pbe syscall nx rdtscp lm constant_tsc arch_perfmon pebs bts rep_good nopl xtopology nonstop_tsc aperfmperf eagerfpu pni pclmulqdq dtes64 monitor ds_cpl vmx smx est tm2 ssse3 cx16 xtpr pdcm pcid sse4_1 sse4_2 x2apic popcnt tsc_deadline_timer aes xsave avx lahf_lm ida arat epb xsaveopt pln pts dtherm tpr_shadow vnmi flexpriority ept vpid
bogomips	: 3392.10
clflush size	: 64
cache_alignment	: 64
address sizes	: 36 bits physical, 48 bits virtual
power management:

processor	: 2
vendor_id	: GenuineIntel
cpu family	: 6
model		: 42
model name	: Intel(R) Core(TM) i5-2557M CPU @ 1.70GHz
stepping	: 7
microcode	: 0x1a
cpu MHz		: 1701.000
cache size	: 3072 KB
physical id	: 0
siblings	: 4
core id		: 0
cpu cores	: 2
apicid		: 1
initial apicid	: 1
fpu		: yes
fpu_exception	: yes
cpuid level	: 13
wp		: yes
flags		: fpu vme de pse tsc msr pae mce cx8 apic sep mtrr pge mca cmov pat pse36 clflush dts acpi mmx fxsr sse sse2 ss ht tm pbe syscall nx rdtscp lm constant_tsc arch_perfmon pebs bts rep_good nopl xtopology nonstop_tsc aperfmperf eagerfpu pni pclmulqdq dtes64 monitor ds_cpl vmx smx est tm2 ssse3 cx16 xtpr pdcm pcid sse4_1 sse4_2 x2apic popcnt tsc_deadline_timer aes xsave avx lahf_lm ida arat epb xsaveopt pln pts dtherm tpr_shadow vnmi flexpriority ept vpid
bogomips	: 3392.10
clflush size	: 64
cache_alignment	: 64
address sizes	: 36 bits physical, 48 bits virtual
power management:

processor	: 3
vendor_id	: GenuineIntel
cpu family	: 6
model		: 42
model name	: Intel(R) Core(TM) i5-2557M CPU @ 1.70GHz
stepping	: 7
microcode	: 0x1a
cpu MHz		: 1701.000
cache size	: 3072 KB
physical id	: 0
siblings	: 4
core id		: 1
cpu cores	: 2
apicid		: 3
initial apicid	: 3
fpu		: yes
fpu_exception	: yes
cpuid level	: 13
wp		: yes
flags		: fpu vme de pse tsc msr pae mce cx8 apic sep mtrr pge mca cmov pat pse36 clflush dts acpi mmx fxsr sse sse2 ss ht tm pbe syscall nx rdtscp lm constant_tsc arch_perfmon pebs bts rep_good nopl xtopology nonstop_tsc aperfmperf eagerfpu pni pclmulqdq dtes64 monitor ds_cpl vmx smx est tm2 ssse3 cx16 xtpr pdcm pcid sse4_1 sse4_2 x2apic popcnt tsc_deadline_timer aes xsave avx lahf_lm ida arat epb xsaveopt pln pts dtherm tpr_shadow vnmi flexpriority ept vpid
bogomips	: 3392.10
clflush size	: 64
cache_alignment	: 64
address sizes	: 36 bits physical, 48 bits virtual
power management:



Memory: 4k page, physical 3946988k(90348k free), swap 0k(0k free)

vm_info: OpenJDK 64-Bit Server VM (24.95-b01) for linux-amd64 JRE (1.7.0_95-b00), built on Jan 21 2016 03:31:40 by "buildd" with gcc 4.8.4

time: Wed Mar 23 15:50:01 2016
elapsed time: 29 seconds

