#
# There is insufficient memory for the Java Runtime Environment to continue.
# Native memory allocation (malloc) failed to allocate 88080384 bytes for committing reserved memory.
# Possible reasons:
#   The system is out of physical RAM or swap space
#   In 32 bit mode, the process size limit was hit
# Possible solutions:
#   Reduce memory load on the system
#   Increase physical memory or swap space
#   Check if swap backing store is full
#   Use 64 bit Java on a 64 bit OS
#   Decrease Java heap size (-Xmx/-Xms)
#   Decrease number of Java threads
#   Decrease Java thread stack sizes (-Xss)
#   Set larger code cache with -XX:ReservedCodeCacheSize=
# This output file may be truncated or incomplete.
#
#  Out of Memory Error (os_linux.cpp:2827), pid=8931, tid=140103730882304
#
# JRE version: OpenJDK Runtime Environment (7.0_95) (build 1.7.0_95-b00)
# Java VM: OpenJDK 64-Bit Server VM (24.95-b01 mixed mode linux-amd64 compressed oops)
# Derivative: IcedTea 2.6.4
# Distribution: Ubuntu 14.04.3 LTS, package 7u95-2.6.4-0ubuntu0.14.04.1
# Failed to write core dump. Core dumps have been disabled. To enable core dumping, try "ulimit -c unlimited" before starting Java again
#

---------------  T H R E A D  ---------------

Current thread (0x00007f6c7c076000):  VMThread [stack: 0x00007f6c710c6000,0x00007f6c711c7000] [id=8950]

Stack: [0x00007f6c710c6000,0x00007f6c711c7000],  sp=0x00007f6c711c5490,  free space=1021k
Native frames: (J=compiled Java code, j=interpreted, Vv=VM code, C=native code)
V  [libjvm.so+0x9550e5]
V  [libjvm.so+0x4902b4]
V  [libjvm.so+0x7cf7bb]
V  [libjvm.so+0x7ca28f]
V  [libjvm.so+0x83e56b]
V  [libjvm.so+0x83f3e0]
V  [libjvm.so+0x83facb]
V  [libjvm.so+0x83b4d8]
V  [libjvm.so+0x83bd48]
V  [libjvm.so+0x7f1fd3]
V  [libjvm.so+0x956ae4]
V  [libjvm.so+0x95abe7]
V  [libjvm.so+0x9596a8]
V  [libjvm.so+0x959b09]
V  [libjvm.so+0x959f52]
V  [libjvm.so+0x7cc682]

VM_Operation (0x00007f6c7013a100): ParallelGCFailedAllocation, mode: safepoint, requested by thread 0x00007f6c7c1b6000


---------------  P R O C E S S  ---------------

Java Threads: ( => current thread )
  0x00007f6c7c1bc000 JavaThread "pool-1-thread-4" [_thread_blocked, id=8996, stack(0x00007f6c6a47e000,0x00007f6c6a57f000)]
  0x00007f6c7c1ba800 JavaThread "pool-1-thread-3" [_thread_blocked, id=8995, stack(0x00007f6c6a57f000,0x00007f6c6a680000)]
  0x00007f6c7c1b9800 JavaThread "pool-1-thread-2" [_thread_blocked, id=8994, stack(0x00007f6c6a680000,0x00007f6c6a781000)]
  0x00007f6c7c1b7800 JavaThread "pool-2-thread-1" [_thread_blocked, id=8989, stack(0x00007f6c6a781000,0x00007f6c6a882000)]
  0x00007f6c7c1b6000 JavaThread "pool-1-thread-1" [_thread_blocked, id=8987, stack(0x00007f6c7003b000,0x00007f6c7013c000)]
  0x00007f6c7c0af800 JavaThread "Service Thread" daemon [_thread_blocked, id=8961, stack(0x00007f6c7026e000,0x00007f6c7036f000)]
  0x00007f6c7c0ad800 JavaThread "C2 CompilerThread1" daemon [_thread_blocked, id=8960, stack(0x00007f6c7036f000,0x00007f6c70470000)]
  0x00007f6c7c0aa800 JavaThread "C2 CompilerThread0" daemon [_thread_blocked, id=8958, stack(0x00007f6c70470000,0x00007f6c70571000)]
  0x00007f6c7c0a8800 JavaThread "Signal Dispatcher" daemon [_thread_blocked, id=8957, stack(0x00007f6c70571000,0x00007f6c70672000)]
  0x00007f6c7c07c000 JavaThread "Finalizer" daemon [_thread_blocked, id=8954, stack(0x00007f6c70ec4000,0x00007f6c70fc5000)]
  0x00007f6c7c07a000 JavaThread "Reference Handler" daemon [_thread_blocked, id=8952, stack(0x00007f6c70fc5000,0x00007f6c710c6000)]
  0x00007f6c7c00a800 JavaThread "main" [_thread_blocked, id=8940, stack(0x00007f6c8381c000,0x00007f6c8391d000)]

Other Threads:
=>0x00007f6c7c076000 VMThread [stack: 0x00007f6c710c6000,0x00007f6c711c7000] [id=8950]
  0x00007f6c7c0ba800 WatcherThread [stack: 0x00007f6c7016d000,0x00007f6c7026e000] [id=8962]

VM state:at safepoint (normal execution)

VM Mutex/Monitor currently owned by a thread:  ([mutex/lock_event])
[0x00007f6c7c006990] Threads_lock - owner thread: 0x00007f6c7c076000
[0x00007f6c7c006e90] Heap_lock - owner thread: 0x00007f6c7c1b6000

Heap
 PSYoungGen      total 66048K, used 2559K [0x00000000eaa80000, 0x00000000eed80000, 0x0000000100000000)
  eden space 63488K, 0% used [0x00000000eaa80000,0x00000000eaa80000,0x00000000ee880000)
  from space 2560K, 99% used [0x00000000ee880000,0x00000000eeaffeb8,0x00000000eeb00000)
  to   space 2560K, 0% used [0x00000000eeb00000,0x00000000eeb00000,0x00000000eed80000)
 ParOldGen       total 40960K, used 22777K [0x00000000c0000000, 0x00000000c2800000, 0x00000000eaa80000)
  object space 40960K, 55% used [0x00000000c0000000,0x00000000c163e710,0x00000000c2800000)
 PSPermGen       total 21504K, used 6248K [0x00000000b5a00000, 0x00000000b6f00000, 0x00000000c0000000)
  object space 21504K, 29% used [0x00000000b5a00000,0x00000000b601a3e8,0x00000000b6f00000)

Card table byte_map: [0x00007f6c801ff000,0x00007f6c80453000] byte_map_base: 0x00007f6c7fc52000

Polling page: 0x00007f6c8393d000

Code Cache  [0x00007f6c79000000, 0x00007f6c79270000, 0x00007f6c7c000000)
 total_blobs=509 nmethods=278 adapters=184 free_code_cache=47931Kb largest_free_block=49043648

Compilation events (10 events):
Event: 17,747 Thread 0x00007f6c7c0aa800 nmethod 277 0x00007f6c790fce50 code [0x00007f6c790fcfa0, 0x00007f6c790fd008]
Event: 17,747 Thread 0x00007f6c7c0aa800  278   !         com.android.dx.ssa.LocalVariableInfo::getStarts0 (18 bytes)
Event: 17,748 Thread 0x00007f6c7c0aa800 nmethod 278 0x00007f6c790fb590 code [0x00007f6c790fb6e0, 0x00007f6c790fb778]
Event: 17,748 Thread 0x00007f6c7c0aa800  279             com.android.dx.cf.iface.StdAttributeList::findFirst (44 bytes)
Event: 17,752 Thread 0x00007f6c7c0aa800 nmethod 279 0x00007f6c79119c90 code [0x00007f6c79119e00, 0x00007f6c7911a0b8]
Event: 17,752 Thread 0x00007f6c7c0aa800  280             com.android.dx.ssa.SsaMethod$1::visitNonMoveInsn (26 bytes)
Event: 17,862 Thread 0x00007f6c7c0aa800 nmethod 280 0x00007f6c791198d0 code [0x00007f6c79119a20, 0x00007f6c79119b18]
Event: 17,917 Thread 0x00007f6c7c0aa800  281             com.android.dx.ssa.SsaMethod::forEachBlockDepthFirstDom (128 bytes)
Event: 18,055 Thread 0x00007f6c7c0aa800 nmethod 281 0x00007f6c79114fd0 code [0x00007f6c79115220, 0x00007f6c79115eb8]
Event: 18,055 Thread 0x00007f6c7c0aa800  282             com.android.dx.ssa.back.SsaToRop::removePhiFunctions (83 bytes)

GC Heap History (9 events):
Event: 1,349 GC heap before
{Heap before GC invocations=1 (full 0):
 PSYoungGen      total 18432K, used 15872K [0x00000000eaa80000, 0x00000000ebf00000, 0x0000000100000000)
  eden space 15872K, 100% used [0x00000000eaa80000,0x00000000eba00000,0x00000000eba00000)
  from space 2560K, 0% used [0x00000000ebc80000,0x00000000ebc80000,0x00000000ebf00000)
  to   space 2560K, 0% used [0x00000000eba00000,0x00000000eba00000,0x00000000ebc80000)
 ParOldGen       total 40960K, used 0K [0x00000000c0000000, 0x00000000c2800000, 0x00000000eaa80000)
  object space 40960K, 0% used [0x00000000c0000000,0x00000000c0000000,0x00000000c2800000)
 PSPermGen       total 21504K, used 5798K [0x00000000b5a00000, 0x00000000b6f00000, 0x00000000c0000000)
  object space 21504K, 26% used [0x00000000b5a00000,0x00000000b5fa9be8,0x00000000b6f00000)
Event: 1,390 GC heap after
Heap after GC invocations=1 (full 0):
 PSYoungGen      total 18432K, used 2553K [0x00000000eaa80000, 0x00000000ece80000, 0x0000000100000000)
  eden space 15872K, 0% used [0x00000000eaa80000,0x00000000eaa80000,0x00000000eba00000)
  from space 2560K, 99% used [0x00000000eba00000,0x00000000ebc7e438,0x00000000ebc80000)
  to   space 2560K, 0% used [0x00000000ecc00000,0x00000000ecc00000,0x00000000ece80000)
 ParOldGen       total 40960K, used 568K [0x00000000c0000000, 0x00000000c2800000, 0x00000000eaa80000)
  object space 40960K, 1% used [0x00000000c0000000,0x00000000c008e308,0x00000000c2800000)
 PSPermGen       total 21504K, used 5798K [0x00000000b5a00000, 0x00000000b6f00000, 0x00000000c0000000)
  object space 21504K, 26% used [0x00000000b5a00000,0x00000000b5fa9be8,0x00000000b6f00000)
}
Event: 3,116 GC heap before
{Heap before GC invocations=2 (full 0):
 PSYoungGen      total 18432K, used 18425K [0x00000000eaa80000, 0x00000000ece80000, 0x0000000100000000)
  eden space 15872K, 100% used [0x00000000eaa80000,0x00000000eba00000,0x00000000eba00000)
  from space 2560K, 99% used [0x00000000eba00000,0x00000000ebc7e438,0x00000000ebc80000)
  to   space 2560K, 0% used [0x00000000ecc00000,0x00000000ecc00000,0x00000000ece80000)
 ParOldGen       total 40960K, used 568K [0x00000000c0000000, 0x00000000c2800000, 0x00000000eaa80000)
  object space 40960K, 1% used [0x00000000c0000000,0x00000000c008e308,0x00000000c2800000)
 PSPermGen       total 21504K, used 6050K [0x00000000b5a00000, 0x00000000b6f00000, 0x00000000c0000000)
  object space 21504K, 28% used [0x00000000b5a00000,0x00000000b5fe8b60,0x00000000b6f00000)
Event: 3,130 GC heap after
Heap after GC invocations=2 (full 0):
 PSYoungGen      total 34304K, used 2552K [0x00000000eaa80000, 0x00000000ece80000, 0x0000000100000000)
  eden space 31744K, 0% used [0x00000000eaa80000,0x00000000eaa80000,0x00000000ec980000)
  from space 2560K, 99% used [0x00000000ecc00000,0x00000000ece7e2f8,0x00000000ece80000)
  to   space 2560K, 0% used [0x00000000ec980000,0x00000000ec980000,0x00000000ecc00000)
 ParOldGen       total 40960K, used 1959K [0x00000000c0000000, 0x00000000c2800000, 0x00000000eaa80000)
  object space 40960K, 4% used [0x00000000c0000000,0x00000000c01e9f80,0x00000000c2800000)
 PSPermGen       total 21504K, used 6050K [0x00000000b5a00000, 0x00000000b6f00000, 0x00000000c0000000)
  object space 21504K, 28% used [0x00000000b5a00000,0x00000000b5fe8b60,0x00000000b6f00000)
}
Event: 7,801 GC heap before
{Heap before GC invocations=3 (full 0):
 PSYoungGen      total 34304K, used 34296K [0x00000000eaa80000, 0x00000000ece80000, 0x0000000100000000)
  eden space 31744K, 100% used [0x00000000eaa80000,0x00000000ec980000,0x00000000ec980000)
  from space 2560K, 99% used [0x00000000ecc00000,0x00000000ece7e2f8,0x00000000ece80000)
  to   space 2560K, 0% used [0x00000000ec980000,0x00000000ec980000,0x00000000ecc00000)
 ParOldGen       total 40960K, used 1959K [0x00000000c0000000, 0x00000000c2800000, 0x00000000eaa80000)
  object space 40960K, 4% used [0x00000000c0000000,0x00000000c01e9f80,0x00000000c2800000)
 PSPermGen       total 21504K, used 6172K [0x00000000b5a00000, 0x00000000b6f00000, 0x00000000c0000000)
  object space 21504K, 28% used [0x00000000b5a00000,0x00000000b60071e8,0x00000000b6f00000)
Event: 7,855 GC heap after
Heap after GC invocations=3 (full 0):
 PSYoungGen      total 34304K, used 2550K [0x00000000eaa80000, 0x00000000eed80000, 0x0000000100000000)
  eden space 31744K, 0% used [0x00000000eaa80000,0x00000000eaa80000,0x00000000ec980000)
  from space 2560K, 99% used [0x00000000ec980000,0x00000000ecbfdbc8,0x00000000ecc00000)
  to   space 2560K, 0% used [0x00000000eeb00000,0x00000000eeb00000,0x00000000eed80000)
 ParOldGen       total 40960K, used 7666K [0x00000000c0000000, 0x00000000c2800000, 0x00000000eaa80000)
  object space 40960K, 18% used [0x00000000c0000000,0x00000000c077c920,0x00000000c2800000)
 PSPermGen       total 21504K, used 6172K [0x00000000b5a00000, 0x00000000b6f00000, 0x00000000c0000000)
  object space 21504K, 28% used [0x00000000b5a00000,0x00000000b60071e8,0x00000000b6f00000)
}
Event: 10,370 GC heap before
{Heap before GC invocations=4 (full 0):
 PSYoungGen      total 34304K, used 34294K [0x00000000eaa80000, 0x00000000eed80000, 0x0000000100000000)
  eden space 31744K, 100% used [0x00000000eaa80000,0x00000000ec980000,0x00000000ec980000)
  from space 2560K, 99% used [0x00000000ec980000,0x00000000ecbfdbc8,0x00000000ecc00000)
  to   space 2560K, 0% used [0x00000000eeb00000,0x00000000eeb00000,0x00000000eed80000)
 ParOldGen       total 40960K, used 7666K [0x00000000c0000000, 0x00000000c2800000, 0x00000000eaa80000)
  object space 40960K, 18% used [0x00000000c0000000,0x00000000c077c920,0x00000000c2800000)
 PSPermGen       total 21504K, used 6205K [0x00000000b5a00000, 0x00000000b6f00000, 0x00000000c0000000)
  object space 21504K, 28% used [0x00000000b5a00000,0x00000000b600f5b0,0x00000000b6f00000)
Event: 10,449 GC heap after
Heap after GC invocations=4 (full 0):
 PSYoungGen      total 66048K, used 2550K [0x00000000eaa80000, 0x00000000eed80000, 0x0000000100000000)
  eden space 63488K, 0% used [0x00000000eaa80000,0x00000000eaa80000,0x00000000ee880000)
  from space 2560K, 99% used [0x00000000eeb00000,0x00000000eed7db98,0x00000000eed80000)
  to   space 2560K, 0% used [0x00000000ee880000,0x00000000ee880000,0x00000000eeb00000)
 ParOldGen       total 40960K, used 12789K [0x00000000c0000000, 0x00000000c2800000, 0x00000000eaa80000)
  object space 40960K, 31% used [0x00000000c0000000,0x00000000c0c7d6b8,0x00000000c2800000)
 PSPermGen       total 21504K, used 6205K [0x00000000b5a00000, 0x00000000b6f00000, 0x00000000c0000000)
  object space 21504K, 28% used [0x00000000b5a00000,0x00000000b600f5b0,0x00000000b6f00000)
}
Event: 18,187 GC heap before
{Heap before GC invocations=5 (full 0):
 PSYoungGen      total 66048K, used 66038K [0x00000000eaa80000, 0x00000000eed80000, 0x0000000100000000)
  eden space 63488K, 100% used [0x00000000eaa80000,0x00000000ee880000,0x00000000ee880000)
  from space 2560K, 99% used [0x00000000eeb00000,0x00000000eed7db98,0x00000000eed80000)
  to   space 2560K, 0% used [0x00000000ee880000,0x00000000ee880000,0x00000000eeb00000)
 ParOldGen       total 40960K, used 12789K [0x00000000c0000000, 0x00000000c2800000, 0x00000000eaa80000)
  object space 40960K, 31% used [0x00000000c0000000,0x00000000c0c7d6b8,0x00000000c2800000)
 PSPermGen       total 21504K, used 6248K [0x00000000b5a00000, 0x00000000b6f00000, 0x00000000c0000000)
  object space 21504K, 29% used [0x00000000b5a00000,0x00000000b601a3e8,0x00000000b6f00000)

Deoptimization events (10 events):
Event: 2,502 Thread 0x00007f6c7c1ba800 Uncommon trap: reason=class_check action=maybe_recompile pc=0x00007f6c7907ae1c method=com.android.dx.ssa.NormalSsaInsn.accept(Lcom/android/dx/ssa/SsaInsn$Visitor;)V @ 9
Event: 2,595 Thread 0x00007f6c7c1ba800 Uncommon trap: reason=unstable_if action=reinterpret pc=0x00007f6c7908da04 method=com.android.dx.rop.code.RegisterSpec.equals(ILcom/android/dx/rop/type/TypeBearer;Lcom/android/dx/rop/code/LocalItem;)Z @ 42
Event: 5,380 Thread 0x00007f6c7c00a800 Uncommon trap: reason=null_check action=make_not_entrant pc=0x00007f6c790c0ed8 method=com.android.dx.ssa.SsaRenamer.getLocalForNewReg(I)Lcom/android/dx/rop/code/LocalItem; @ 19
Event: 5,831 Thread 0x00007f6c7c1b9800 Uncommon trap: reason=null_check action=make_not_entrant pc=0x00007f6c790c4d14 method=com.android.dx.ssa.SsaRenamer.getLocalForNewReg(I)Lcom/android/dx/rop/code/LocalItem; @ 19
Event: 7,264 Thread 0x00007f6c7c1b6000 Uncommon trap: reason=unstable_if action=reinterpret pc=0x00007f6c7907ba44 method=com.android.dx.rop.cst.Constant.compareTo(Lcom/android/dx/rop/cst/Constant;)I @ 12
Event: 8,511 Thread 0x00007f6c7c1b6000 Uncommon trap: reason=unstable_if action=reinterpret pc=0x00007f6c790cd14c method=com.android.dx.ssa.LocalVariableExtractor.processBlock(I)V @ 251
Event: 9,643 Thread 0x00007f6c7c1ba800 Uncommon trap: reason=unstable_if action=reinterpret pc=0x00007f6c79094674 method=com.android.dx.util.IntList.binarysearch(I)I @ 105
Event: 11,761 Thread 0x00007f6c7c1b6000 Uncommon trap: reason=unstable_if action=reinterpret pc=0x00007f6c790e8d0c method=com.android.dx.ssa.SsaMethod.updateOneDefinition(Lcom/android/dx/ssa/SsaInsn;Lcom/android/dx/rop/code/RegisterSpec;)V @ 4
Event: 15,665 Thread 0x00007f6c7c00a800 Uncommon trap: reason=null_check action=make_not_entrant pc=0x00007f6c790ecc00 method=com.android.dx.rop.type.Type.putIntern(Lcom/android/dx/rop/type/Type;)Lcom/android/dx/rop/type/Type; @ 18
Event: 15,818 Thread 0x00007f6c7c1bc000 Uncommon trap: reason=unstable_if action=reinterpret pc=0x00007f6c790df8e8 method=com.android.dx.ssa.Dominators.run()V @ 346

Internal exceptions (10 events):
Event: 1,704 Thread 0x00007f6c7c1b9800 Threw 0x00000000ead5a368 at /build/openjdk-7-2FOwCu/openjdk-7-7u95-2.6.4/build/openjdk/hotspot/src/share/vm/prims/jvm.cpp:1322
Event: 1,817 Thread 0x00007f6c7c00a800 Threw 0x00000000eae4cb10 at /build/openjdk-7-2FOwCu/openjdk-7-7u95-2.6.4/build/openjdk/hotspot/src/share/vm/prims/jvm.cpp:1322
Event: 1,867 Thread 0x00007f6c7c00a800 Threw 0x00000000eaf355d0 at /build/openjdk-7-2FOwCu/openjdk-7-7u95-2.6.4/build/openjdk/hotspot/src/share/vm/prims/jvm.cpp:1322
Event: 1,891 Thread 0x00007f6c7c00a800 Implicit null exception at 0x00007f6c7907dc74 to 0x00007f6c7907de61
Event: 4,772 Thread 0x00007f6c7c00a800 Threw 0x00000000eb8fdc70 at /build/openjdk-7-2FOwCu/openjdk-7-7u95-2.6.4/build/openjdk/hotspot/src/share/vm/prims/jvm.cpp:1322
Event: 5,374 Thread 0x00007f6c7c00a800 Implicit null exception at 0x00007f6c790c03a3 to 0x00007f6c790c0ebd
Event: 5,814 Thread 0x00007f6c7c1b9800 Implicit null exception at 0x00007f6c790c3c39 to 0x00007f6c790c4cd1
Event: 9,659 Thread 0x00007f6c7c1ba800 Threw 0x00000000ec1fe928 at /build/openjdk-7-2FOwCu/openjdk-7-7u95-2.6.4/build/openjdk/hotspot/src/share/vm/prims/jvm.cpp:1322
Event: 11,755 Thread 0x00007f6c7c1b6000 Threw 0x00000000eb6d7700 at /build/openjdk-7-2FOwCu/openjdk-7-7u95-2.6.4/build/openjdk/hotspot/src/share/vm/prims/jvm.cpp:1322
Event: 15,665 Thread 0x00007f6c7c00a800 Implicit null exception at 0x00007f6c790ec53b to 0x00007f6c790ecbf1

Events (10 events):
Event: 11,761 Thread 0x00007f6c7c1b6000 Uncommon trap: trap_request=0xffffff75 fr.pc=0x00007f6c790e8d0c
Event: 11,761 Thread 0x00007f6c7c1b6000 DEOPT PACKING pc=0x00007f6c790e8d0c sp=0x00007f6c70139f30
Event: 11,761 Thread 0x00007f6c7c1b6000 DEOPT UNPACKING pc=0x00007f6c79039445 sp=0x00007f6c70139ef8 mode 2
Event: 15,665 Thread 0x00007f6c7c00a800 Uncommon trap: trap_request=0xfffffff4 fr.pc=0x00007f6c790ecc00
Event: 15,665 Thread 0x00007f6c7c00a800 DEOPT PACKING pc=0x00007f6c790ecc00 sp=0x00007f6c8391acc0
Event: 15,665 Thread 0x00007f6c7c00a800 DEOPT UNPACKING pc=0x00007f6c79039445 sp=0x00007f6c8391abf0 mode 2
Event: 15,818 Thread 0x00007f6c7c1bc000 Uncommon trap: trap_request=0xffffff75 fr.pc=0x00007f6c790df8e8
Event: 15,818 Thread 0x00007f6c7c1bc000 DEOPT PACKING pc=0x00007f6c790df8e8 sp=0x00007f6c6a57d060
Event: 15,818 Thread 0x00007f6c7c1bc000 DEOPT UNPACKING pc=0x00007f6c79039445 sp=0x00007f6c6a57d078 mode 2
Event: 18,180 Executing VM operation: ParallelGCFailedAllocation


Dynamic libraries:
00400000-00401000 r-xp 00000000 08:06 1454669                            /usr/lib/jvm/java-7-openjdk-amd64/jre/bin/java
00600000-00601000 r--p 00000000 08:06 1454669                            /usr/lib/jvm/java-7-openjdk-amd64/jre/bin/java
00601000-00602000 rw-p 00001000 08:06 1454669                            /usr/lib/jvm/java-7-openjdk-amd64/jre/bin/java
00f87000-00fa8000 rw-p 00000000 00:00 0                                  [heap]
b5a00000-b6f00000 rw-p 00000000 00:00 0 
b6f00000-c0000000 rw-p 00000000 00:00 0 
c0000000-c2800000 rw-p 00000000 00:00 0 
c2800000-eaa80000 rw-p 00000000 00:00 0 
eaa80000-eed80000 rw-p 00000000 00:00 0 
f4180000-100000000 rw-p 00000000 00:00 0 
7f6c2c000000-7f6c2c023000 rw-p 00000000 00:00 0 
7f6c2c023000-7f6c30000000 ---p 00000000 00:00 0 
7f6c30000000-7f6c30022000 rw-p 00000000 00:00 0 
7f6c30022000-7f6c34000000 ---p 00000000 00:00 0 
7f6c34000000-7f6c34021000 rw-p 00000000 00:00 0 
7f6c34021000-7f6c38000000 ---p 00000000 00:00 0 
7f6c38000000-7f6c38023000 rw-p 00000000 00:00 0 
7f6c38023000-7f6c3c000000 ---p 00000000 00:00 0 
7f6c3c000000-7f6c3c021000 rw-p 00000000 00:00 0 
7f6c3c021000-7f6c40000000 ---p 00000000 00:00 0 
7f6c40000000-7f6c40029000 rw-p 00000000 00:00 0 
7f6c40029000-7f6c44000000 ---p 00000000 00:00 0 
7f6c44000000-7f6c452f3000 rw-p 00000000 00:00 0 
7f6c452f3000-7f6c48000000 ---p 00000000 00:00 0 
7f6c48000000-7f6c48021000 rw-p 00000000 00:00 0 
7f6c48021000-7f6c4c000000 ---p 00000000 00:00 0 
7f6c4c000000-7f6c4c021000 rw-p 00000000 00:00 0 
7f6c4c021000-7f6c50000000 ---p 00000000 00:00 0 
7f6c50000000-7f6c51201000 rw-p 00000000 00:00 0 
7f6c51201000-7f6c54000000 ---p 00000000 00:00 0 
7f6c54000000-7f6c54021000 rw-p 00000000 00:00 0 
7f6c54021000-7f6c58000000 ---p 00000000 00:00 0 
7f6c58000000-7f6c58021000 rw-p 00000000 00:00 0 
7f6c58021000-7f6c5c000000 ---p 00000000 00:00 0 
7f6c5c000000-7f6c5c021000 rw-p 00000000 00:00 0 
7f6c5c021000-7f6c60000000 ---p 00000000 00:00 0 
7f6c60000000-7f6c60021000 rw-p 00000000 00:00 0 
7f6c60021000-7f6c64000000 ---p 00000000 00:00 0 
7f6c64000000-7f6c64021000 rw-p 00000000 00:00 0 
7f6c64021000-7f6c68000000 ---p 00000000 00:00 0 
7f6c6a47e000-7f6c6a481000 ---p 00000000 00:00 0 
7f6c6a481000-7f6c6a57f000 rw-p 00000000 00:00 0                          [stack:8996]
7f6c6a57f000-7f6c6a582000 ---p 00000000 00:00 0 
7f6c6a582000-7f6c6a680000 rw-p 00000000 00:00 0                          [stack:8995]
7f6c6a680000-7f6c6a683000 ---p 00000000 00:00 0 
7f6c6a683000-7f6c6a781000 rw-p 00000000 00:00 0                          [stack:8994]
7f6c6a781000-7f6c6a784000 ---p 00000000 00:00 0 
7f6c6a784000-7f6c6a882000 rw-p 00000000 00:00 0                          [stack:8989]
7f6c6a882000-7f6c6a8bf000 r-xp 00000000 08:06 130821                     /lib/x86_64-linux-gnu/libpcre.so.3.13.1
7f6c6a8bf000-7f6c6aabe000 ---p 0003d000 08:06 130821                     /lib/x86_64-linux-gnu/libpcre.so.3.13.1
7f6c6aabe000-7f6c6aabf000 r--p 0003c000 08:06 130821                     /lib/x86_64-linux-gnu/libpcre.so.3.13.1
7f6c6aabf000-7f6c6aac0000 rw-p 0003d000 08:06 130821                     /lib/x86_64-linux-gnu/libpcre.so.3.13.1
7f6c6aac0000-7f6c6aac7000 r-xp 00000000 08:06 1447540                    /usr/lib/x86_64-linux-gnu/libffi.so.6.0.1
7f6c6aac7000-7f6c6acc6000 ---p 00007000 08:06 1447540                    /usr/lib/x86_64-linux-gnu/libffi.so.6.0.1
7f6c6acc6000-7f6c6acc7000 r--p 00006000 08:06 1447540                    /usr/lib/x86_64-linux-gnu/libffi.so.6.0.1
7f6c6acc7000-7f6c6acc8000 rw-p 00007000 08:06 1447540                    /usr/lib/x86_64-linux-gnu/libffi.so.6.0.1
7f6c6acc8000-7f6c6acdf000 r-xp 00000000 08:06 134868                     /lib/x86_64-linux-gnu/libresolv-2.19.so
7f6c6acdf000-7f6c6aedf000 ---p 00017000 08:06 134868                     /lib/x86_64-linux-gnu/libresolv-2.19.so
7f6c6aedf000-7f6c6aee0000 r--p 00017000 08:06 134868                     /lib/x86_64-linux-gnu/libresolv-2.19.so
7f6c6aee0000-7f6c6aee1000 rw-p 00018000 08:06 134868                     /lib/x86_64-linux-gnu/libresolv-2.19.so
7f6c6aee1000-7f6c6aee3000 rw-p 00000000 00:00 0 
7f6c6aee3000-7f6c6af03000 r-xp 00000000 08:06 135079                     /lib/x86_64-linux-gnu/libselinux.so.1
7f6c6af03000-7f6c6b102000 ---p 00020000 08:06 135079                     /lib/x86_64-linux-gnu/libselinux.so.1
7f6c6b102000-7f6c6b103000 r--p 0001f000 08:06 135079                     /lib/x86_64-linux-gnu/libselinux.so.1
7f6c6b103000-7f6c6b104000 rw-p 00020000 08:06 135079                     /lib/x86_64-linux-gnu/libselinux.so.1
7f6c6b104000-7f6c6b106000 rw-p 00000000 00:00 0 
7f6c6b106000-7f6c6b109000 r-xp 00000000 08:06 1439340                    /usr/lib/x86_64-linux-gnu/libgmodule-2.0.so.0.4002.0
7f6c6b109000-7f6c6b308000 ---p 00003000 08:06 1439340                    /usr/lib/x86_64-linux-gnu/libgmodule-2.0.so.0.4002.0
7f6c6b308000-7f6c6b309000 r--p 00002000 08:06 1439340                    /usr/lib/x86_64-linux-gnu/libgmodule-2.0.so.0.4002.0
7f6c6b309000-7f6c6b30a000 rw-p 00003000 08:06 1439340                    /usr/lib/x86_64-linux-gnu/libgmodule-2.0.so.0.4002.0
7f6c6b30a000-7f6c6b410000 r-xp 00000000 08:06 134871                     /lib/x86_64-linux-gnu/libglib-2.0.so.0.4002.0
7f6c6b410000-7f6c6b60f000 ---p 00106000 08:06 134871                     /lib/x86_64-linux-gnu/libglib-2.0.so.0.4002.0
7f6c6b60f000-7f6c6b610000 r--p 00105000 08:06 134871                     /lib/x86_64-linux-gnu/libglib-2.0.so.0.4002.0
7f6c6b610000-7f6c6b611000 rw-p 00106000 08:06 134871                     /lib/x86_64-linux-gnu/libglib-2.0.so.0.4002.0
7f6c6b611000-7f6c6b612000 rw-p 00000000 00:00 0 
7f6c6b612000-7f6c6b661000 r-xp 00000000 08:06 1439358                    /usr/lib/x86_64-linux-gnu/libgobject-2.0.so.0.4002.0
7f6c6b661000-7f6c6b861000 ---p 0004f000 08:06 1439358                    /usr/lib/x86_64-linux-gnu/libgobject-2.0.so.0.4002.0
7f6c6b861000-7f6c6b862000 r--p 0004f000 08:06 1439358                    /usr/lib/x86_64-linux-gnu/libgobject-2.0.so.0.4002.0
7f6c6b862000-7f6c6b863000 rw-p 00050000 08:06 1439358                    /usr/lib/x86_64-linux-gnu/libgobject-2.0.so.0.4002.0
7f6c6b863000-7f6c6b9cf000 r-xp 00000000 08:06 1439362                    /usr/lib/x86_64-linux-gnu/libgio-2.0.so.0.4002.0
7f6c6b9cf000-7f6c6bbce000 ---p 0016c000 08:06 1439362                    /usr/lib/x86_64-linux-gnu/libgio-2.0.so.0.4002.0
7f6c6bbce000-7f6c6bbd2000 r--p 0016b000 08:06 1439362                    /usr/lib/x86_64-linux-gnu/libgio-2.0.so.0.4002.0
7f6c6bbd2000-7f6c6bbd4000 rw-p 0016f000 08:06 1439362                    /usr/lib/x86_64-linux-gnu/libgio-2.0.so.0.4002.0
7f6c6bbd4000-7f6c6bbd6000 rw-p 00000000 00:00 0 
7f6c6bbd6000-7f6c6bbed000 r-xp 00000000 08:06 1489830                    /usr/lib/jvm/java-7-openjdk-amd64/jre/lib/amd64/libnet.so
7f6c6bbed000-7f6c6bdec000 ---p 00017000 08:06 1489830                    /usr/lib/jvm/java-7-openjdk-amd64/jre/lib/amd64/libnet.so
7f6c6bdec000-7f6c6bded000 r--p 00016000 08:06 1489830                    /usr/lib/jvm/java-7-openjdk-amd64/jre/lib/amd64/libnet.so
7f6c6bded000-7f6c6bdee000 rw-p 00017000 08:06 1489830                    /usr/lib/jvm/java-7-openjdk-amd64/jre/lib/amd64/libnet.so
7f6c6bdee000-7f6c6bdfe000 r-xp 00000000 08:06 1489812                    /usr/lib/jvm/java-7-openjdk-amd64/jre/lib/amd64/libnio.so
7f6c6bdfe000-7f6c6bffe000 ---p 00010000 08:06 1489812                    /usr/lib/jvm/java-7-openjdk-amd64/jre/lib/amd64/libnio.so
7f6c6bffe000-7f6c6bfff000 r--p 00010000 08:06 1489812                    /usr/lib/jvm/java-7-openjdk-amd64/jre/lib/amd64/libnio.so
7f6c6bfff000-7f6c6c000000 rw-p 00011000 08:06 1489812                    /usr/lib/jvm/java-7-openjdk-amd64/jre/lib/amd64/libnio.so
7f6c6c000000-7f6c6c021000 rw-p 00000000 00:00 0 
7f6c6c021000-7f6c70000000 ---p 00000000 00:00 0 
7f6c7003b000-7f6c7003e000 ---p 00000000 00:00 0 
7f6c7003e000-7f6c7016d000 rw-p 00000000 00:00 0                          [stack:8987]
7f6c7016d000-7f6c7016e000 ---p 00000000 00:00 0 
7f6c7016e000-7f6c7026e000 rw-p 00000000 00:00 0                          [stack:8962]
7f6c7026e000-7f6c70271000 ---p 00000000 00:00 0 
7f6c70271000-7f6c7036f000 rw-p 00000000 00:00 0                          [stack:8961]
7f6c7036f000-7f6c70372000 ---p 00000000 00:00 0 
7f6c70372000-7f6c70470000 rw-p 00000000 00:00 0                          [stack:8960]
7f6c70470000-7f6c70473000 ---p 00000000 00:00 0 
7f6c70473000-7f6c70571000 rw-p 00000000 00:00 0                          [stack:8958]
7f6c70571000-7f6c70574000 ---p 00000000 00:00 0 
7f6c70574000-7f6c70672000 rw-p 00000000 00:00 0                          [stack:8957]
7f6c70672000-7f6c70ec4000 r--p 00000000 08:06 1447082                    /usr/lib/locale/locale-archive
7f6c70ec4000-7f6c70ec7000 ---p 00000000 00:00 0 
7f6c70ec7000-7f6c70fc5000 rw-p 00000000 00:00 0                          [stack:8954]
7f6c70fc5000-7f6c70fc8000 ---p 00000000 00:00 0 
7f6c70fc8000-7f6c710c6000 rw-p 00000000 00:00 0                          [stack:8952]
7f6c710c6000-7f6c710c7000 ---p 00000000 00:00 0 
7f6c710c7000-7f6c74000000 rw-p 00000000 00:00 0                          [stack:8950]
7f6c74000000-7f6c74021000 rw-p 00000000 00:00 0 
7f6c74021000-7f6c78000000 ---p 00000000 00:00 0 
7f6c78044000-7f6c78053000 r--s 000df000 08:06 3216701                    /home/tulin/Android/Sdk/build-tools/23.0.2/lib/dx.jar
7f6c78053000-7f6c78726000 rw-p 00000000 00:00 0 
7f6c78726000-7f6c788d8000 r--s 01d2f000 08:06 1489796                    /usr/lib/jvm/java-7-openjdk-amd64/jre/lib/rt.jar
7f6c788d8000-7f6c78bfc000 rw-p 00000000 00:00 0 
7f6c78bfc000-7f6c78bfd000 ---p 00000000 00:00 0 
7f6c78bfd000-7f6c78cfd000 rw-p 00000000 00:00 0                          [stack:8948]
7f6c78cfd000-7f6c78cfe000 ---p 00000000 00:00 0 
7f6c78cfe000-7f6c78dfe000 rw-p 00000000 00:00 0                          [stack:8946]
7f6c78dfe000-7f6c78dff000 ---p 00000000 00:00 0 
7f6c78dff000-7f6c78eff000 rw-p 00000000 00:00 0                          [stack:8945]
7f6c78eff000-7f6c78f00000 ---p 00000000 00:00 0 
7f6c78f00000-7f6c79000000 rw-p 00000000 00:00 0                          [stack:8943]
7f6c79000000-7f6c79270000 rwxp 00000000 00:00 0 
7f6c79270000-7f6c7c1d7000 rw-p 00000000 00:00 0 
7f6c7c1d7000-7f6c80000000 ---p 00000000 00:00 0 
7f6c80004000-7f6c8000d000 r--s 0008a000 08:06 3244772                    /home/tulin/AndroidStudioProjects/CamApp/app/build/intermediates/exploded-aar/com.android.support/appcompat-v7/23.2.0/jars/classes.jar
7f6c8000d000-7f6c80061000 rw-p 00000000 00:00 0 
7f6c80061000-7f6c800a9000 rw-p 00000000 00:00 0 
7f6c800a9000-7f6c800bd000 rw-p 00000000 00:00 0 
7f6c800bd000-7f6c801ff000 rw-p 00000000 00:00 0 
7f6c801ff000-7f6c8020a000 rw-p 00000000 00:00 0 
7f6c8020a000-7f6c80252000 rw-p 00000000 00:00 0 
7f6c80252000-7f6c80266000 rw-p 00000000 00:00 0 
7f6c80266000-7f6c803a7000 rw-p 00000000 00:00 0 
7f6c803a7000-7f6c803c9000 rw-p 00000000 00:00 0 
7f6c803c9000-7f6c80452000 rw-p 00000000 00:00 0 
7f6c80452000-7f6c80453000 rw-p 00000000 00:00 0 
7f6c80453000-7f6c8045b000 r-xp 00000000 08:06 1489805                    /usr/lib/jvm/java-7-openjdk-amd64/jre/lib/amd64/libzip.so
7f6c8045b000-7f6c8065a000 ---p 00008000 08:06 1489805                    /usr/lib/jvm/java-7-openjdk-amd64/jre/lib/amd64/libzip.so
7f6c8065a000-7f6c8065b000 r--p 00007000 08:06 1489805                    /usr/lib/jvm/java-7-openjdk-amd64/jre/lib/amd64/libzip.so
7f6c8065b000-7f6c8065c000 rw-p 00008000 08:06 1489805                    /usr/lib/jvm/java-7-openjdk-amd64/jre/lib/amd64/libzip.so
7f6c8065c000-7f6c80667000 r-xp 00000000 08:06 184225                     /lib/x86_64-linux-gnu/libnss_files-2.19.so
7f6c80667000-7f6c80866000 ---p 0000b000 08:06 184225                     /lib/x86_64-linux-gnu/libnss_files-2.19.so
7f6c80866000-7f6c80867000 r--p 0000a000 08:06 184225                     /lib/x86_64-linux-gnu/libnss_files-2.19.so
7f6c80867000-7f6c80868000 rw-p 0000b000 08:06 184225                     /lib/x86_64-linux-gnu/libnss_files-2.19.so
7f6c80868000-7f6c80873000 r-xp 00000000 08:06 145746                     /lib/x86_64-linux-gnu/libnss_nis-2.19.so
7f6c80873000-7f6c80a72000 ---p 0000b000 08:06 145746                     /lib/x86_64-linux-gnu/libnss_nis-2.19.so
7f6c80a72000-7f6c80a73000 r--p 0000a000 08:06 145746                     /lib/x86_64-linux-gnu/libnss_nis-2.19.so
7f6c80a73000-7f6c80a74000 rw-p 0000b000 08:06 145746                     /lib/x86_64-linux-gnu/libnss_nis-2.19.so
7f6c80a74000-7f6c80a8b000 r-xp 00000000 08:06 145742                     /lib/x86_64-linux-gnu/libnsl-2.19.so
7f6c80a8b000-7f6c80c8a000 ---p 00017000 08:06 145742                     /lib/x86_64-linux-gnu/libnsl-2.19.so
7f6c80c8a000-7f6c80c8b000 r--p 00016000 08:06 145742                     /lib/x86_64-linux-gnu/libnsl-2.19.so
7f6c80c8b000-7f6c80c8c000 rw-p 00017000 08:06 145742                     /lib/x86_64-linux-gnu/libnsl-2.19.so
7f6c80c8c000-7f6c80c8e000 rw-p 00000000 00:00 0 
7f6c80c8e000-7f6c80c97000 r-xp 00000000 08:06 145741                     /lib/x86_64-linux-gnu/libnss_compat-2.19.so
7f6c80c97000-7f6c80e96000 ---p 00009000 08:06 145741                     /lib/x86_64-linux-gnu/libnss_compat-2.19.so
7f6c80e96000-7f6c80e97000 r--p 00008000 08:06 145741                     /lib/x86_64-linux-gnu/libnss_compat-2.19.so
7f6c80e97000-7f6c80e98000 rw-p 00009000 08:06 145741                     /lib/x86_64-linux-gnu/libnss_compat-2.19.so
7f6c80e98000-7f6c80ec3000 r-xp 00000000 08:06 1489826                    /usr/lib/jvm/java-7-openjdk-amd64/jre/lib/amd64/libjava.so
7f6c80ec3000-7f6c810c3000 ---p 0002b000 08:06 1489826                    /usr/lib/jvm/java-7-openjdk-amd64/jre/lib/amd64/libjava.so
7f6c810c3000-7f6c810c4000 r--p 0002b000 08:06 1489826                    /usr/lib/jvm/java-7-openjdk-amd64/jre/lib/amd64/libjava.so
7f6c810c4000-7f6c810c6000 rw-p 0002c000 08:06 1489826                    /usr/lib/jvm/java-7-openjdk-amd64/jre/lib/amd64/libjava.so
7f6c810c6000-7f6c810d6000 r-xp 00000000 08:06 1489810                    /usr/lib/jvm/java-7-openjdk-amd64/jre/lib/amd64/libverify.so
7f6c810d6000-7f6c812d5000 ---p 00010000 08:06 1489810                    /usr/lib/jvm/java-7-openjdk-amd64/jre/lib/amd64/libverify.so
7f6c812d5000-7f6c812d7000 r--p 0000f000 08:06 1489810                    /usr/lib/jvm/java-7-openjdk-amd64/jre/lib/amd64/libverify.so
7f6c812d7000-7f6c812d8000 rw-p 00011000 08:06 1489810                    /usr/lib/jvm/java-7-openjdk-amd64/jre/lib/amd64/libverify.so
7f6c812d8000-7f6c812df000 r-xp 00000000 08:06 148472                     /lib/x86_64-linux-gnu/librt-2.19.so
7f6c812df000-7f6c814de000 ---p 00007000 08:06 148472                     /lib/x86_64-linux-gnu/librt-2.19.so
7f6c814de000-7f6c814df000 r--p 00006000 08:06 148472                     /lib/x86_64-linux-gnu/librt-2.19.so
7f6c814df000-7f6c814e0000 rw-p 00007000 08:06 148472                     /lib/x86_64-linux-gnu/librt-2.19.so
7f6c814e0000-7f6c814f6000 r-xp 00000000 08:06 131070                     /lib/x86_64-linux-gnu/libgcc_s.so.1
7f6c814f6000-7f6c816f5000 ---p 00016000 08:06 131070                     /lib/x86_64-linux-gnu/libgcc_s.so.1
7f6c816f5000-7f6c816f6000 rw-p 00015000 08:06 131070                     /lib/x86_64-linux-gnu/libgcc_s.so.1
7f6c816f6000-7f6c817fb000 r-xp 00000000 08:06 135048                     /lib/x86_64-linux-gnu/libm-2.19.so
7f6c817fb000-7f6c819fa000 ---p 00105000 08:06 135048                     /lib/x86_64-linux-gnu/libm-2.19.so
7f6c819fa000-7f6c819fb000 r--p 00104000 08:06 135048                     /lib/x86_64-linux-gnu/libm-2.19.so
7f6c819fb000-7f6c819fc000 rw-p 00105000 08:06 135048                     /lib/x86_64-linux-gnu/libm-2.19.so
7f6c819fc000-7f6c81ae2000 r-xp 00000000 08:06 1439330                    /usr/lib/x86_64-linux-gnu/libstdc++.so.6.0.19
7f6c81ae2000-7f6c81ce1000 ---p 000e6000 08:06 1439330                    /usr/lib/x86_64-linux-gnu/libstdc++.so.6.0.19
7f6c81ce1000-7f6c81ce9000 r--p 000e5000 08:06 1439330                    /usr/lib/x86_64-linux-gnu/libstdc++.so.6.0.19
7f6c81ce9000-7f6c81ceb000 rw-p 000ed000 08:06 1439330                    /usr/lib/x86_64-linux-gnu/libstdc++.so.6.0.19
7f6c81ceb000-7f6c81d00000 rw-p 00000000 00:00 0 
7f6c81d00000-7f6c82825000 r-xp 00000000 08:06 1489806                    /usr/lib/jvm/java-7-openjdk-amd64/jre/lib/amd64/server/libjvm.so
7f6c82825000-7f6c82a25000 ---p 00b25000 08:06 1489806                    /usr/lib/jvm/java-7-openjdk-amd64/jre/lib/amd64/server/libjvm.so
7f6c82a25000-7f6c82abf000 r--p 00b25000 08:06 1489806                    /usr/lib/jvm/java-7-openjdk-amd64/jre/lib/amd64/server/libjvm.so
7f6c82abf000-7f6c82ae2000 rw-p 00bbf000 08:06 1489806                    /usr/lib/jvm/java-7-openjdk-amd64/jre/lib/amd64/server/libjvm.so
7f6c82ae2000-7f6c82b10000 rw-p 00000000 00:00 0 
7f6c82b10000-7f6c82b28000 r-xp 00000000 08:06 135112                     /lib/x86_64-linux-gnu/libz.so.1.2.8
7f6c82b28000-7f6c82d27000 ---p 00018000 08:06 135112                     /lib/x86_64-linux-gnu/libz.so.1.2.8
7f6c82d27000-7f6c82d28000 r--p 00017000 08:06 135112                     /lib/x86_64-linux-gnu/libz.so.1.2.8
7f6c82d28000-7f6c82d29000 rw-p 00018000 08:06 135112                     /lib/x86_64-linux-gnu/libz.so.1.2.8
7f6c82d29000-7f6c82d42000 r-xp 00000000 08:06 145743                     /lib/x86_64-linux-gnu/libpthread-2.19.so
7f6c82d42000-7f6c82f41000 ---p 00019000 08:06 145743                     /lib/x86_64-linux-gnu/libpthread-2.19.so
7f6c82f41000-7f6c82f42000 r--p 00018000 08:06 145743                     /lib/x86_64-linux-gnu/libpthread-2.19.so
7f6c82f42000-7f6c82f43000 rw-p 00019000 08:06 145743                     /lib/x86_64-linux-gnu/libpthread-2.19.so
7f6c82f43000-7f6c82f47000 rw-p 00000000 00:00 0 
7f6c82f47000-7f6c82f4a000 r-xp 00000000 08:06 145738                     /lib/x86_64-linux-gnu/libdl-2.19.so
7f6c82f4a000-7f6c83149000 ---p 00003000 08:06 145738                     /lib/x86_64-linux-gnu/libdl-2.19.so
7f6c83149000-7f6c8314a000 r--p 00002000 08:06 145738                     /lib/x86_64-linux-gnu/libdl-2.19.so
7f6c8314a000-7f6c8314b000 rw-p 00003000 08:06 145738                     /lib/x86_64-linux-gnu/libdl-2.19.so
7f6c8314b000-7f6c83306000 r-xp 00000000 08:06 148473                     /lib/x86_64-linux-gnu/libc-2.19.so
7f6c83306000-7f6c83505000 ---p 001bb000 08:06 148473                     /lib/x86_64-linux-gnu/libc-2.19.so
7f6c83505000-7f6c83509000 r--p 001ba000 08:06 148473                     /lib/x86_64-linux-gnu/libc-2.19.so
7f6c83509000-7f6c8350b000 rw-p 001be000 08:06 148473                     /lib/x86_64-linux-gnu/libc-2.19.so
7f6c8350b000-7f6c83510000 rw-p 00000000 00:00 0 
7f6c83510000-7f6c8351d000 r-xp 00000000 08:06 1489800                    /usr/lib/jvm/java-7-openjdk-amd64/jre/lib/amd64/jli/libjli.so
7f6c8351d000-7f6c8371c000 ---p 0000d000 08:06 1489800                    /usr/lib/jvm/java-7-openjdk-amd64/jre/lib/amd64/jli/libjli.so
7f6c8371c000-7f6c8371d000 r--p 0000c000 08:06 1489800                    /usr/lib/jvm/java-7-openjdk-amd64/jre/lib/amd64/jli/libjli.so
7f6c8371d000-7f6c8371e000 rw-p 0000d000 08:06 1489800                    /usr/lib/jvm/java-7-openjdk-amd64/jre/lib/amd64/jli/libjli.so
7f6c8371e000-7f6c83741000 r-xp 00000000 08:06 145744                     /lib/x86_64-linux-gnu/ld-2.19.so
7f6c83741000-7f6c83744000 r--s 0000f000 08:06 1489840                    /usr/lib/jvm/java-7-openjdk-amd64/jre/lib/ext/icedtea-sound.jar
7f6c83744000-7f6c83766000 rw-p 00000000 00:00 0 
7f6c83766000-7f6c8381c000 rw-p 00000000 00:00 0 
7f6c8381c000-7f6c8381f000 ---p 00000000 00:00 0 
7f6c8381f000-7f6c83923000 rw-p 00000000 00:00 0                          [stack:8940]
7f6c83923000-7f6c83925000 r--s 00012000 08:06 1489837                    /usr/lib/jvm/java-7-openjdk-amd64/jre/lib/ext/zipfs.jar
7f6c83925000-7f6c83926000 r--s 00002000 08:06 1489839                    /usr/lib/jvm/java-7-openjdk-amd64/jre/lib/ext/dnsns.jar
7f6c83926000-7f6c83928000 r--s 00006000 08:06 1840524                    /usr/share/java/java-atk-wrapper.jar
7f6c83928000-7f6c8392c000 r--s 0003c000 08:06 1489838                    /usr/lib/jvm/java-7-openjdk-amd64/jre/lib/ext/sunpkcs11.jar
7f6c8392c000-7f6c83930000 r--s 00034000 08:06 1489836                    /usr/lib/jvm/java-7-openjdk-amd64/jre/lib/ext/sunjce_provider.jar
7f6c83930000-7f6c83934000 r--s 00085000 08:06 1489835                    /usr/lib/jvm/java-7-openjdk-amd64/jre/lib/ext/localedata.jar
7f6c83934000-7f6c8393c000 rw-s 00000000 08:06 1840796                    /tmp/hsperfdata_tulin/8931
7f6c8393c000-7f6c8393d000 rw-p 00000000 00:00 0 
7f6c8393d000-7f6c8393e000 ---p 00000000 00:00 0 
7f6c8393e000-7f6c83940000 rw-p 00000000 00:00 0 
7f6c83940000-7f6c83941000 r--p 00022000 08:06 145744                     /lib/x86_64-linux-gnu/ld-2.19.so
7f6c83941000-7f6c83942000 rw-p 00023000 08:06 145744                     /lib/x86_64-linux-gnu/ld-2.19.so
7f6c83942000-7f6c83943000 rw-p 00000000 00:00 0 
7ffec592c000-7ffec594d000 rw-p 00000000 00:00 0                          [stack]
7ffec5994000-7ffec5996000 r-xp 00000000 00:00 0                          [vdso]
ffffffffff600000-ffffffffff601000 r-xp 00000000 00:00 0                  [vsyscall]

VM Arguments:
jvm_args: -Djava.awt.headless=true -Xmx1024M -Dfile.encoding=UTF-8 -Duser.country=US -Duser.language=en -Duser.variant 
java_command: com.android.dx.command.Main --dex --num-threads=4 --output /home/tulin/AndroidStudioProjects/CamApp/app/build/intermediates/pre-dexed/debug/com.android.support-appcompat-v7-23.2.0_379181285c7b8b84d75b0ff6e2ce57e79279b14d.jar /home/tulin/AndroidStudioProjects/CamApp/app/build/intermediates/exploded-aar/com.android.support/appcompat-v7/23.2.0/jars/classes.jar
Launcher Type: SUN_STANDARD

Environment Variables:
PATH=/usr/local/sbin:/usr/local/bin:/usr/sbin:/usr/bin:/sbin:/bin:/usr/games:/usr/local/games
SHELL=/bin/bash
DISPLAY=:0

Signal Handlers:
SIGSEGV: [libjvm.so+0x955bc0], sa_mask[0]=0x7ffbfeff, sa_flags=0x10000004
SIGBUS: [libjvm.so+0x955bc0], sa_mask[0]=0x7ffbfeff, sa_flags=0x10000004
SIGFPE: [libjvm.so+0x7caff0], sa_mask[0]=0x7ffbfeff, sa_flags=0x10000004
SIGPIPE: [libjvm.so+0x7caff0], sa_mask[0]=0x7ffbfeff, sa_flags=0x10000004
SIGXFSZ: [libjvm.so+0x7caff0], sa_mask[0]=0x7ffbfeff, sa_flags=0x10000004
SIGILL: [libjvm.so+0x7caff0], sa_mask[0]=0x7ffbfeff, sa_flags=0x10000004
SIGUSR1: SIG_DFL, sa_mask[0]=0x00000000, sa_flags=0x00000000
SIGUSR2: [libjvm.so+0x7cae90], sa_mask[0]=0x00000004, sa_flags=0x10000004
SIGHUP: [libjvm.so+0x7cb070], sa_mask[0]=0x7ffbfeff, sa_flags=0x10000004
SIGINT: [libjvm.so+0x7cb070], sa_mask[0]=0x7ffbfeff, sa_flags=0x10000004
SIGTERM: [libjvm.so+0x7cb070], sa_mask[0]=0x7ffbfeff, sa_flags=0x10000004
SIGQUIT: [libjvm.so+0x7cb070], sa_mask[0]=0x7ffbfeff, sa_flags=0x10000004
SIGTRAP: SIG_DFL, sa_mask[0]=0x00000000, sa_flags=0x00000000


---------------  S Y S T E M  ---------------

OS:Ubuntu 14.04 (trusty)
uname:Linux 3.13.0-79-generic #123-Ubuntu SMP Fri Feb 19 14:27:58 UTC 2016 x86_64
libc:glibc 2.19 NPTL 2.19 
rlimit: STACK 8192k, CORE 0k, NPROC 30460, NOFILE 4096, AS infinity
load average:15,68 8,03 5,78

/proc/meminfo:
MemTotal:        3946988 kB
MemFree:          114408 kB
Buffers:             332 kB
Cached:           658360 kB
SwapCached:            0 kB
Active:          3017124 kB
Inactive:         637708 kB
Active(anon):    3012764 kB
Inactive(anon):   625980 kB
Active(file):       4360 kB
Inactive(file):    11728 kB
Unevictable:          32 kB
Mlocked:              32 kB
SwapTotal:             0 kB
SwapFree:              0 kB
Dirty:               240 kB
Writeback:             0 kB
AnonPages:       2996676 kB
Mapped:           192276 kB
Shmem:            642040 kB
Slab:              74268 kB
SReclaimable:      34752 kB
SUnreclaim:        39516 kB
KernelStack:        6144 kB
PageTables:        42844 kB
NFS_Unstable:          0 kB
Bounce:                0 kB
WritebackTmp:          0 kB
CommitLimit:     1973492 kB
Committed_AS:    8623740 kB
VmallocTotal:   34359738367 kB
VmallocUsed:      350184 kB
VmallocChunk:   34359381756 kB
HardwareCorrupted:     0 kB
AnonHugePages:   1165312 kB
HugePages_Total:       0
HugePages_Free:        0
HugePages_Rsvd:        0
HugePages_Surp:        0
Hugepagesize:       2048 kB
DirectMap4k:       66592 kB
DirectMap2M:     4028416 kB


CPU:total 4 (2 cores per cpu, 2 threads per core) family 6 model 42 stepping 7, cmov, cx8, fxsr, mmx, sse, sse2, sse3, ssse3, sse4.1, sse4.2, popcnt, avx, aes, ht, tsc, tscinvbit

/proc/cpuinfo:
processor	: 0
vendor_id	: GenuineIntel
cpu family	: 6
model		: 42
model name	: Intel(R) Core(TM) i5-2557M CPU @ 1.70GHz
stepping	: 7
microcode	: 0x1a
cpu MHz		: 1701.000
cache size	: 3072 KB
physical id	: 0
siblings	: 4
core id		: 0
cpu cores	: 2
apicid		: 0
initial apicid	: 0
fpu		: yes
fpu_exception	: yes
cpuid level	: 13
wp		: yes
flags		: fpu vme de pse tsc msr pae mce cx8 apic sep mtrr pge mca cmov pat pse36 clflush dts acpi mmx fxsr sse sse2 ss ht tm pbe syscall nx rdtscp lm constant_tsc arch_perfmon pebs bts rep_good nopl xtopology nonstop_tsc aperfmperf eagerfpu pni pclmulqdq dtes64 monitor ds_cpl vmx smx est tm2 ssse3 cx16 xtpr pdcm pcid sse4_1 sse4_2 x2apic popcnt tsc_deadline_timer aes xsave avx lahf_lm ida arat epb xsaveopt pln pts dtherm tpr_shadow vnmi flexpriority ept vpid
bogomips	: 3392.10
clflush size	: 64
cache_alignment	: 64
address sizes	: 36 bits physical, 48 bits virtual
power management:

processor	: 1
vendor_id	: GenuineIntel
cpu family	: 6
model		: 42
model name	: Intel(R) Core(TM) i5-2557M CPU @ 1.70GHz
stepping	: 7
microcode	: 0x1a
cpu MHz		: 1701.000
cache size	: 3072 KB
physical id	: 0
siblings	: 4
core id		: 1
cpu cores	: 2
apicid		: 2
initial apicid	: 2
fpu		: yes
fpu_exception	: yes
cpuid level	: 13
wp		: yes
flags		: fpu vme de pse tsc msr pae mce cx8 apic sep mtrr pge mca cmov pat pse36 clflush dts acpi mmx fxsr sse sse2 ss ht tm pbe syscall nx rdtscp lm constant_tsc arch_perfmon pebs bts rep_good nopl xtopology nonstop_tsc aperfmperf eagerfpu pni pclmulqdq dtes64 monitor ds_cpl vmx smx est tm2 ssse3 cx16 xtpr pdcm pcid sse4_1 sse4_2 x2apic popcnt tsc_deadline_timer aes xsave avx lahf_lm ida arat epb xsaveopt pln pts dtherm tpr_shadow vnmi flexpriority ept vpid
bogomips	: 3392.10
clflush size	: 64
cache_alignment	: 64
address sizes	: 36 bits physical, 48 bits virtual
power management:

processor	: 2
vendor_id	: GenuineIntel
cpu family	: 6
model		: 42
model name	: Intel(R) Core(TM) i5-2557M CPU @ 1.70GHz
stepping	: 7
microcode	: 0x1a
cpu MHz		: 1701.000
cache size	: 3072 KB
physical id	: 0
siblings	: 4
core id		: 0
cpu cores	: 2
apicid		: 1
initial apicid	: 1
fpu		: yes
fpu_exception	: yes
cpuid level	: 13
wp		: yes
flags		: fpu vme de pse tsc msr pae mce cx8 apic sep mtrr pge mca cmov pat pse36 clflush dts acpi mmx fxsr sse sse2 ss ht tm pbe syscall nx rdtscp lm constant_tsc arch_perfmon pebs bts rep_good nopl xtopology nonstop_tsc aperfmperf eagerfpu pni pclmulqdq dtes64 monitor ds_cpl vmx smx est tm2 ssse3 cx16 xtpr pdcm pcid sse4_1 sse4_2 x2apic popcnt tsc_deadline_timer aes xsave avx lahf_lm ida arat epb xsaveopt pln pts dtherm tpr_shadow vnmi flexpriority ept vpid
bogomips	: 3392.10
clflush size	: 64
cache_alignment	: 64
address sizes	: 36 bits physical, 48 bits virtual
power management:

processor	: 3
vendor_id	: GenuineIntel
cpu family	: 6
model		: 42
model name	: Intel(R) Core(TM) i5-2557M CPU @ 1.70GHz
stepping	: 7
microcode	: 0x1a
cpu MHz		: 1701.000
cache size	: 3072 KB
physical id	: 0
siblings	: 4
core id		: 1
cpu cores	: 2
apicid		: 3
initial apicid	: 3
fpu		: yes
fpu_exception	: yes
cpuid level	: 13
wp		: yes
flags		: fpu vme de pse tsc msr pae mce cx8 apic sep mtrr pge mca cmov pat pse36 clflush dts acpi mmx fxsr sse sse2 ss ht tm pbe syscall nx rdtscp lm constant_tsc arch_perfmon pebs bts rep_good nopl xtopology nonstop_tsc aperfmperf eagerfpu pni pclmulqdq dtes64 monitor ds_cpl vmx smx est tm2 ssse3 cx16 xtpr pdcm pcid sse4_1 sse4_2 x2apic popcnt tsc_deadline_timer aes xsave avx lahf_lm ida arat epb xsaveopt pln pts dtherm tpr_shadow vnmi flexpriority ept vpid
bogomips	: 3392.10
clflush size	: 64
cache_alignment	: 64
address sizes	: 36 bits physical, 48 bits virtual
power management:



Memory: 4k page, physical 3946988k(114408k free), swap 0k(0k free)

vm_info: OpenJDK 64-Bit Server VM (24.95-b01) for linux-amd64 JRE (1.7.0_95-b00), built on Jan 21 2016 03:31:40 by "buildd" with gcc 4.8.4

time: Wed Mar 23 15:51:09 2016
elapsed time: 18 seconds

