#
# There is insufficient memory for the Java Runtime Environment to continue.
# Native memory allocation (malloc) failed to allocate 16252928 bytes for committing reserved memory.
# Possible reasons:
#   The system is out of physical RAM or swap space
#   In 32 bit mode, the process size limit was hit
# Possible solutions:
#   Reduce memory load on the system
#   Increase physical memory or swap space
#   Check if swap backing store is full
#   Use 64 bit Java on a 64 bit OS
#   Decrease Java heap size (-Xmx/-Xms)
#   Decrease number of Java threads
#   Decrease Java thread stack sizes (-Xss)
#   Set larger code cache with -XX:ReservedCodeCacheSize=
# This output file may be truncated or incomplete.
#
#  Out of Memory Error (os_linux.cpp:2827), pid=15577, tid=140286848120576
#
# JRE version: OpenJDK Runtime Environment (7.0_95) (build 1.7.0_95-b00)
# Java VM: OpenJDK 64-Bit Server VM (24.95-b01 mixed mode linux-amd64 compressed oops)
# Derivative: IcedTea 2.6.4
# Distribution: Ubuntu 14.04.3 LTS, package 7u95-2.6.4-0ubuntu0.14.04.1
# Failed to write core dump. Core dumps have been disabled. To enable core dumping, try "ulimit -c unlimited" before starting Java again
#

---------------  T H R E A D  ---------------

Current thread (0x00007f971c076800):  VMThread [stack: 0x00007f9713afb000,0x00007f9713bfc000] [id=15586]

Stack: [0x00007f9713afb000,0x00007f9713bfc000],  sp=0x00007f9713bfa490,  free space=1021k
Native frames: (J=compiled Java code, j=interpreted, Vv=VM code, C=native code)
V  [libjvm.so+0x9550e5]
V  [libjvm.so+0x4902b4]
V  [libjvm.so+0x7cf7bb]
V  [libjvm.so+0x7ca28f]
V  [libjvm.so+0x83e56b]
V  [libjvm.so+0x83f3e0]
V  [libjvm.so+0x83facb]
V  [libjvm.so+0x83b4d8]
V  [libjvm.so+0x83bd48]
V  [libjvm.so+0x7f1fd3]
V  [libjvm.so+0x956ae4]
V  [libjvm.so+0x95abe7]
V  [libjvm.so+0x9596a8]
V  [libjvm.so+0x959b09]
V  [libjvm.so+0x959f52]
V  [libjvm.so+0x7cc682]

VM_Operation (0x00007f97263433c0): ParallelGCFailedAllocation, mode: safepoint, requested by thread 0x00007f971c00b000


---------------  P R O C E S S  ---------------

Java Threads: ( => current thread )
  0x00007f971c0b0800 JavaThread "Service Thread" daemon [_thread_blocked, id=15595, stack(0x00007f9712ca3000,0x00007f9712da4000)]
  0x00007f971c0ae000 JavaThread "C2 CompilerThread1" daemon [_thread_blocked, id=15594, stack(0x00007f9712da4000,0x00007f9712ea5000)]
  0x00007f971c0ab000 JavaThread "C2 CompilerThread0" daemon [_thread_in_native, id=15593, stack(0x00007f9712ea5000,0x00007f9712fa6000)]
  0x00007f971c0a9000 JavaThread "Signal Dispatcher" daemon [_thread_blocked, id=15592, stack(0x00007f9712fa6000,0x00007f97130a7000)]
  0x00007f971c07d000 JavaThread "Finalizer" daemon [_thread_blocked, id=15588, stack(0x00007f97138f9000,0x00007f97139fa000)]
  0x00007f971c07b000 JavaThread "Reference Handler" daemon [_thread_blocked, id=15587, stack(0x00007f97139fa000,0x00007f9713afb000)]
  0x00007f971c00b000 JavaThread "main" [_thread_blocked, id=15581, stack(0x00007f9726244000,0x00007f9726345000)]

Other Threads:
=>0x00007f971c076800 VMThread [stack: 0x00007f9713afb000,0x00007f9713bfc000] [id=15586]
  0x00007f971c0b3800 WatcherThread [stack: 0x00007f9712ba2000,0x00007f9712ca3000] [id=15596]

VM state:at safepoint (normal execution)

VM Mutex/Monitor currently owned by a thread:  ([mutex/lock_event])
[0x00007f971c0075b0] Threads_lock - owner thread: 0x00007f971c076800
[0x00007f971c007ab0] Heap_lock - owner thread: 0x00007f971c00b000

Heap
 PSYoungGen      total 18432K, used 2549K [0x00000000eaa80000, 0x00000000ebf00000, 0x0000000100000000)
  eden space 15872K, 0% used [0x00000000eaa80000,0x00000000eaa80000,0x00000000eba00000)
  from space 2560K, 99% used [0x00000000ebc80000,0x00000000ebefd470,0x00000000ebf00000)
  to   space 2560K, 0% used [0x00000000eba00000,0x00000000eba00000,0x00000000ebc80000)
 ParOldGen       total 40960K, used 13830K [0x00000000c0000000, 0x00000000c2800000, 0x00000000eaa80000)
  object space 40960K, 33% used [0x00000000c0000000,0x00000000c0d81ab8,0x00000000c2800000)
 PSPermGen       total 21504K, used 4216K [0x00000000b5a00000, 0x00000000b6f00000, 0x00000000c0000000)
  object space 21504K, 19% used [0x00000000b5a00000,0x00000000b5e1e170,0x00000000b6f00000)

Card table byte_map: [0x00007f9722c28000,0x00007f9722e7c000] byte_map_base: 0x00007f972267b000

Polling page: 0x00007f9726366000

Code Cache  [0x00007f9719000000, 0x00007f9719270000, 0x00007f971c000000)
 total_blobs=305 nmethods=94 adapters=165 free_code_cache=48633Kb largest_free_block=49778304

Compilation events (10 events):
Event: 1,871 Thread 0x00007f971c0ab000 nmethod 91 0x00007f9719083e90 code [0x00007f9719083fc0, 0x00007f9719084018]
Event: 1,871 Thread 0x00007f971c0ab000   92             java.util.TreeMap$Entry::getValue (5 bytes)
Event: 1,871 Thread 0x00007f971c0ab000 nmethod 92 0x00007f9719082f90 code [0x00007f97190830c0, 0x00007f9719083118]
Event: 1,871 Thread 0x00007f971c0ab000   93             java.util.TreeMap::deleteEntry (246 bytes)
Event: 1,875 Thread 0x00007f971c0ab000 nmethod 93 0x00007f9719082a90 code [0x00007f9719082c00, 0x00007f9719082df8]
Event: 1,875 Thread 0x00007f971c0ab000   94             java.util.AbstractMap$SimpleImmutableEntry::getValue (5 bytes)
Event: 1,875 Thread 0x00007f971c0ab000 nmethod 94 0x00007f9719082890 code [0x00007f97190829c0, 0x00007f9719082a18]
Event: 1,875 Thread 0x00007f971c0ab000   95             java.util.AbstractMap$SimpleImmutableEntry::getKey (5 bytes)
Event: 1,876 Thread 0x00007f971c0ab000 nmethod 95 0x00007f9719082690 code [0x00007f97190827c0, 0x00007f9719082818]
Event: 1,876 Thread 0x00007f971c0ab000   96             com.android.dx.merge.DexMerger$1::write (9 bytes)

GC Heap History (3 events):
Event: 1,137 GC heap before
{Heap before GC invocations=1 (full 0):
 PSYoungGen      total 18432K, used 13932K [0x00000000eaa80000, 0x00000000ebf00000, 0x0000000100000000)
  eden space 15872K, 87% used [0x00000000eaa80000,0x00000000eb81b0a0,0x00000000eba00000)
  from space 2560K, 0% used [0x00000000ebc80000,0x00000000ebc80000,0x00000000ebf00000)
  to   space 2560K, 0% used [0x00000000eba00000,0x00000000eba00000,0x00000000ebc80000)
 ParOldGen       total 40960K, used 0K [0x00000000c0000000, 0x00000000c2800000, 0x00000000eaa80000)
  object space 40960K, 0% used [0x00000000c0000000,0x00000000c0000000,0x00000000c2800000)
 PSPermGen       total 21504K, used 4091K [0x00000000b5a00000, 0x00000000b6f00000, 0x00000000c0000000)
  object space 21504K, 19% used [0x00000000b5a00000,0x00000000b5dfed60,0x00000000b6f00000)
Event: 1,145 GC heap after
Heap after GC invocations=1 (full 0):
 PSYoungGen      total 18432K, used 2556K [0x00000000eaa80000, 0x00000000ebf00000, 0x0000000100000000)
  eden space 15872K, 0% used [0x00000000eaa80000,0x00000000eaa80000,0x00000000eba00000)
  from space 2560K, 99% used [0x00000000eba00000,0x00000000ebc7f370,0x00000000ebc80000)
  to   space 2560K, 0% used [0x00000000ebc80000,0x00000000ebc80000,0x00000000ebf00000)
 ParOldGen       total 40960K, used 2608K [0x00000000c0000000, 0x00000000c2800000, 0x00000000eaa80000)
  object space 40960K, 6% used [0x00000000c0000000,0x00000000c028c040,0x00000000c2800000)
 PSPermGen       total 21504K, used 4091K [0x00000000b5a00000, 0x00000000b6f00000, 0x00000000c0000000)
  object space 21504K, 19% used [0x00000000b5a00000,0x00000000b5dfed60,0x00000000b6f00000)
}
Event: 1,916 GC heap before
{Heap before GC invocations=2 (full 0):
 PSYoungGen      total 18432K, used 18428K [0x00000000eaa80000, 0x00000000ebf00000, 0x0000000100000000)
  eden space 15872K, 100% used [0x00000000eaa80000,0x00000000eba00000,0x00000000eba00000)
  from space 2560K, 99% used [0x00000000eba00000,0x00000000ebc7f370,0x00000000ebc80000)
  to   space 2560K, 0% used [0x00000000ebc80000,0x00000000ebc80000,0x00000000ebf00000)
 ParOldGen       total 40960K, used 2608K [0x00000000c0000000, 0x00000000c2800000, 0x00000000eaa80000)
  object space 40960K, 6% used [0x00000000c0000000,0x00000000c028c040,0x00000000c2800000)
 PSPermGen       total 21504K, used 4216K [0x00000000b5a00000, 0x00000000b6f00000, 0x00000000c0000000)
  object space 21504K, 19% used [0x00000000b5a00000,0x00000000b5e1e170,0x00000000b6f00000)

Deoptimization events (10 events):
Event: 1,849 Thread 0x00007f971c00b000 Uncommon trap: reason=unstable_if action=reinterpret pc=0x00007f9719065a14 method=com.android.dex.Mutf8.encode([BILjava/lang/String;)V @ 31
Event: 1,855 Thread 0x00007f971c00b000 Uncommon trap: reason=class_check action=maybe_recompile pc=0x00007f971907a784 method=java.util.TreeMap.getEntry(Ljava/lang/Object;)Ljava/util/TreeMap$Entry; @ 26
Event: 1,855 Thread 0x00007f971c00b000 Uncommon trap: reason=class_check action=maybe_recompile pc=0x00007f971907a784 method=java.util.TreeMap.getEntry(Ljava/lang/Object;)Ljava/util/TreeMap$Entry; @ 26
Event: 1,855 Thread 0x00007f971c00b000 Uncommon trap: reason=class_check action=maybe_recompile pc=0x00007f971907a784 method=java.util.TreeMap.getEntry(Ljava/lang/Object;)Ljava/util/TreeMap$Entry; @ 26
Event: 1,855 Thread 0x00007f971c00b000 Uncommon trap: reason=class_check action=maybe_recompile pc=0x00007f971907a784 method=java.util.TreeMap.getEntry(Ljava/lang/Object;)Ljava/util/TreeMap$Entry; @ 26
Event: 1,855 Thread 0x00007f971c00b000 Uncommon trap: reason=class_check action=maybe_recompile pc=0x00007f971906affc method=java.util.TreeMap.getEntry(Ljava/lang/Object;)Ljava/util/TreeMap$Entry; @ 26
Event: 1,864 Thread 0x00007f971c00b000 Uncommon trap: reason=class_check action=maybe_recompile pc=0x00007f9719076350 method=java.util.TreeMap.put(Ljava/lang/Object;Ljava/lang/Object;)Ljava/lang/Object; @ 141
Event: 1,872 Thread 0x00007f971c00b000 Uncommon trap: reason=class_check action=maybe_recompile pc=0x00007f9719076350 method=java.util.TreeMap.put(Ljava/lang/Object;Ljava/lang/Object;)Ljava/lang/Object; @ 141
Event: 1,882 Thread 0x00007f971c00b000 Uncommon trap: reason=class_check action=maybe_recompile pc=0x00007f9719076350 method=java.util.TreeMap.put(Ljava/lang/Object;Ljava/lang/Object;)Ljava/lang/Object; @ 141
Event: 1,895 Thread 0x00007f971c00b000 Uncommon trap: reason=class_check action=maybe_recompile pc=0x00007f9719076350 method=java.util.TreeMap.put(Ljava/lang/Object;Ljava/lang/Object;)Ljava/lang/Object; @ 141

Internal exceptions (10 events):
Event: 1,172 Thread 0x00007f971c00b000 Threw 0x00000000eaea61f0 at /build/openjdk-7-2FOwCu/openjdk-7-7u95-2.6.4/build/openjdk/hotspot/src/share/vm/prims/jvm.cpp:1322
Event: 1,172 Thread 0x00007f971c00b000 Threw 0x00000000eaeaa010 at /build/openjdk-7-2FOwCu/openjdk-7-7u95-2.6.4/build/openjdk/hotspot/src/share/vm/prims/jvm.cpp:1322
Event: 1,173 Thread 0x00007f971c00b000 Threw 0x00000000eaeadf10 at /build/openjdk-7-2FOwCu/openjdk-7-7u95-2.6.4/build/openjdk/hotspot/src/share/vm/prims/jvm.cpp:1322
Event: 1,173 Thread 0x00007f971c00b000 Threw 0x00000000eaeb18a0 at /build/openjdk-7-2FOwCu/openjdk-7-7u95-2.6.4/build/openjdk/hotspot/src/share/vm/prims/jvm.cpp:1322
Event: 1,179 Thread 0x00007f971c00b000 Threw 0x00000000eaeb7da8 at /build/openjdk-7-2FOwCu/openjdk-7-7u95-2.6.4/build/openjdk/hotspot/src/share/vm/prims/jvm.cpp:1322
Event: 1,182 Thread 0x00007f971c00b000 Threw 0x00000000eaebb0f8 at /build/openjdk-7-2FOwCu/openjdk-7-7u95-2.6.4/build/openjdk/hotspot/src/share/vm/prims/jvm.cpp:1322
Event: 1,852 Thread 0x00007f971c00b000 Threw 0x00000000eb92ce28 at /build/openjdk-7-2FOwCu/openjdk-7-7u95-2.6.4/build/openjdk/hotspot/src/share/vm/prims/jvm.cpp:1322
Event: 1,908 Thread 0x00007f971c00b000 Threw 0x00000000eb9d5d08 at /build/openjdk-7-2FOwCu/openjdk-7-7u95-2.6.4/build/openjdk/hotspot/src/share/vm/prims/jvm.cpp:1322
Event: 1,909 Thread 0x00007f971c00b000 Threw 0x00000000eb9d93f8 at /build/openjdk-7-2FOwCu/openjdk-7-7u95-2.6.4/build/openjdk/hotspot/src/share/vm/prims/jvm.cpp:1322
Event: 1,911 Thread 0x00007f971c00b000 Threw 0x00000000eb9dcfa0 at /build/openjdk-7-2FOwCu/openjdk-7-7u95-2.6.4/build/openjdk/hotspot/src/share/vm/prims/jvm.cpp:1322

Events (10 events):
Event: 1,895 Thread 0x00007f971c00b000 Uncommon trap: trap_request=0xffffffde fr.pc=0x00007f9719076350
Event: 1,895 Thread 0x00007f971c00b000 DEOPT PACKING pc=0x00007f9719076350 sp=0x00007f97263434d0
Event: 1,895 Thread 0x00007f971c00b000 DEOPT UNPACKING pc=0x00007f9719039445 sp=0x00007f9726343498 mode 2
Event: 1,908 loading class 0x00007f971c1ab690
Event: 1,908 loading class 0x00007f971c1ab690 done
Event: 1,909 loading class 0x00007f971c192fa0
Event: 1,909 loading class 0x00007f971c192fa0 done
Event: 1,911 loading class 0x00007f971c1a8300
Event: 1,911 loading class 0x00007f971c1a8300 done
Event: 1,916 Executing VM operation: ParallelGCFailedAllocation


Dynamic libraries:
00400000-00401000 r-xp 00000000 08:06 1454669                            /usr/lib/jvm/java-7-openjdk-amd64/jre/bin/java
00600000-00601000 r--p 00000000 08:06 1454669                            /usr/lib/jvm/java-7-openjdk-amd64/jre/bin/java
00601000-00602000 rw-p 00001000 08:06 1454669                            /usr/lib/jvm/java-7-openjdk-amd64/jre/bin/java
008c5000-008e6000 rw-p 00000000 00:00 0                                  [heap]
b5a00000-b6f00000 rw-p 00000000 00:00 0 
b6f00000-c0000000 rw-p 00000000 00:00 0 
c0000000-c2800000 rw-p 00000000 00:00 0 
c2800000-eaa80000 rw-p 00000000 00:00 0 
eaa80000-ebf00000 rw-p 00000000 00:00 0 
ece80000-100000000 rw-p 00000000 00:00 0 
7f96dc000000-7f96dc021000 rw-p 00000000 00:00 0 
7f96dc021000-7f96e0000000 ---p 00000000 00:00 0 
7f96e4000000-7f96e43e2000 rw-p 00000000 00:00 0 
7f96e43e2000-7f96e8000000 ---p 00000000 00:00 0 
7f96e8000000-7f96e8021000 rw-p 00000000 00:00 0 
7f96e8021000-7f96ec000000 ---p 00000000 00:00 0 
7f96ec000000-7f96ec021000 rw-p 00000000 00:00 0 
7f96ec021000-7f96f0000000 ---p 00000000 00:00 0 
7f96f0000000-7f96f03e4000 rw-p 00000000 00:00 0 
7f96f03e4000-7f96f4000000 ---p 00000000 00:00 0 
7f96f4000000-7f96f4021000 rw-p 00000000 00:00 0 
7f96f4021000-7f96f8000000 ---p 00000000 00:00 0 
7f96f8000000-7f96f8021000 rw-p 00000000 00:00 0 
7f96f8021000-7f96fc000000 ---p 00000000 00:00 0 
7f96fc000000-7f96fc021000 rw-p 00000000 00:00 0 
7f96fc021000-7f9700000000 ---p 00000000 00:00 0 
7f9700000000-7f9700021000 rw-p 00000000 00:00 0 
7f9700021000-7f9704000000 ---p 00000000 00:00 0 
7f9704000000-7f9704021000 rw-p 00000000 00:00 0 
7f9704021000-7f9708000000 ---p 00000000 00:00 0 
7f970c000000-7f970c021000 rw-p 00000000 00:00 0 
7f970c021000-7f9710000000 ---p 00000000 00:00 0 
7f97113f3000-7f9711424000 rw-p 00000000 00:00 0 
7f9711424000-7f9711461000 r-xp 00000000 08:06 130821                     /lib/x86_64-linux-gnu/libpcre.so.3.13.1
7f9711461000-7f9711660000 ---p 0003d000 08:06 130821                     /lib/x86_64-linux-gnu/libpcre.so.3.13.1
7f9711660000-7f9711661000 r--p 0003c000 08:06 130821                     /lib/x86_64-linux-gnu/libpcre.so.3.13.1
7f9711661000-7f9711662000 rw-p 0003d000 08:06 130821                     /lib/x86_64-linux-gnu/libpcre.so.3.13.1
7f9711662000-7f9711669000 r-xp 00000000 08:06 1447540                    /usr/lib/x86_64-linux-gnu/libffi.so.6.0.1
7f9711669000-7f9711868000 ---p 00007000 08:06 1447540                    /usr/lib/x86_64-linux-gnu/libffi.so.6.0.1
7f9711868000-7f9711869000 r--p 00006000 08:06 1447540                    /usr/lib/x86_64-linux-gnu/libffi.so.6.0.1
7f9711869000-7f971186a000 rw-p 00007000 08:06 1447540                    /usr/lib/x86_64-linux-gnu/libffi.so.6.0.1
7f971186a000-7f9711881000 r-xp 00000000 08:06 134868                     /lib/x86_64-linux-gnu/libresolv-2.19.so
7f9711881000-7f9711a81000 ---p 00017000 08:06 134868                     /lib/x86_64-linux-gnu/libresolv-2.19.so
7f9711a81000-7f9711a82000 r--p 00017000 08:06 134868                     /lib/x86_64-linux-gnu/libresolv-2.19.so
7f9711a82000-7f9711a83000 rw-p 00018000 08:06 134868                     /lib/x86_64-linux-gnu/libresolv-2.19.so
7f9711a83000-7f9711a85000 rw-p 00000000 00:00 0 
7f9711a85000-7f9711aa5000 r-xp 00000000 08:06 135079                     /lib/x86_64-linux-gnu/libselinux.so.1
7f9711aa5000-7f9711ca4000 ---p 00020000 08:06 135079                     /lib/x86_64-linux-gnu/libselinux.so.1
7f9711ca4000-7f9711ca5000 r--p 0001f000 08:06 135079                     /lib/x86_64-linux-gnu/libselinux.so.1
7f9711ca5000-7f9711ca6000 rw-p 00020000 08:06 135079                     /lib/x86_64-linux-gnu/libselinux.so.1
7f9711ca6000-7f9711ca8000 rw-p 00000000 00:00 0 
7f9711ca8000-7f9711cab000 r-xp 00000000 08:06 1439340                    /usr/lib/x86_64-linux-gnu/libgmodule-2.0.so.0.4002.0
7f9711cab000-7f9711eaa000 ---p 00003000 08:06 1439340                    /usr/lib/x86_64-linux-gnu/libgmodule-2.0.so.0.4002.0
7f9711eaa000-7f9711eab000 r--p 00002000 08:06 1439340                    /usr/lib/x86_64-linux-gnu/libgmodule-2.0.so.0.4002.0
7f9711eab000-7f9711eac000 rw-p 00003000 08:06 1439340                    /usr/lib/x86_64-linux-gnu/libgmodule-2.0.so.0.4002.0
7f9711eac000-7f9711fb2000 r-xp 00000000 08:06 134871                     /lib/x86_64-linux-gnu/libglib-2.0.so.0.4002.0
7f9711fb2000-7f97121b1000 ---p 00106000 08:06 134871                     /lib/x86_64-linux-gnu/libglib-2.0.so.0.4002.0
7f97121b1000-7f97121b2000 r--p 00105000 08:06 134871                     /lib/x86_64-linux-gnu/libglib-2.0.so.0.4002.0
7f97121b2000-7f97121b3000 rw-p 00106000 08:06 134871                     /lib/x86_64-linux-gnu/libglib-2.0.so.0.4002.0
7f97121b3000-7f97121b4000 rw-p 00000000 00:00 0 
7f97121b4000-7f9712203000 r-xp 00000000 08:06 1439358                    /usr/lib/x86_64-linux-gnu/libgobject-2.0.so.0.4002.0
7f9712203000-7f9712403000 ---p 0004f000 08:06 1439358                    /usr/lib/x86_64-linux-gnu/libgobject-2.0.so.0.4002.0
7f9712403000-7f9712404000 r--p 0004f000 08:06 1439358                    /usr/lib/x86_64-linux-gnu/libgobject-2.0.so.0.4002.0
7f9712404000-7f9712405000 rw-p 00050000 08:06 1439358                    /usr/lib/x86_64-linux-gnu/libgobject-2.0.so.0.4002.0
7f9712405000-7f9712571000 r-xp 00000000 08:06 1439362                    /usr/lib/x86_64-linux-gnu/libgio-2.0.so.0.4002.0
7f9712571000-7f9712770000 ---p 0016c000 08:06 1439362                    /usr/lib/x86_64-linux-gnu/libgio-2.0.so.0.4002.0
7f9712770000-7f9712774000 r--p 0016b000 08:06 1439362                    /usr/lib/x86_64-linux-gnu/libgio-2.0.so.0.4002.0
7f9712774000-7f9712776000 rw-p 0016f000 08:06 1439362                    /usr/lib/x86_64-linux-gnu/libgio-2.0.so.0.4002.0
7f9712776000-7f9712778000 rw-p 00000000 00:00 0 
7f9712778000-7f971278f000 r-xp 00000000 08:06 1489830                    /usr/lib/jvm/java-7-openjdk-amd64/jre/lib/amd64/libnet.so
7f971278f000-7f971298e000 ---p 00017000 08:06 1489830                    /usr/lib/jvm/java-7-openjdk-amd64/jre/lib/amd64/libnet.so
7f971298e000-7f971298f000 r--p 00016000 08:06 1489830                    /usr/lib/jvm/java-7-openjdk-amd64/jre/lib/amd64/libnet.so
7f971298f000-7f9712990000 rw-p 00017000 08:06 1489830                    /usr/lib/jvm/java-7-openjdk-amd64/jre/lib/amd64/libnet.so
7f9712990000-7f97129a0000 r-xp 00000000 08:06 1489812                    /usr/lib/jvm/java-7-openjdk-amd64/jre/lib/amd64/libnio.so
7f97129a0000-7f9712ba0000 ---p 00010000 08:06 1489812                    /usr/lib/jvm/java-7-openjdk-amd64/jre/lib/amd64/libnio.so
7f9712ba0000-7f9712ba1000 r--p 00010000 08:06 1489812                    /usr/lib/jvm/java-7-openjdk-amd64/jre/lib/amd64/libnio.so
7f9712ba1000-7f9712ba2000 rw-p 00011000 08:06 1489812                    /usr/lib/jvm/java-7-openjdk-amd64/jre/lib/amd64/libnio.so
7f9712ba2000-7f9712ba3000 ---p 00000000 00:00 0 
7f9712ba3000-7f9712ca3000 rw-p 00000000 00:00 0                          [stack:15596]
7f9712ca3000-7f9712ca6000 ---p 00000000 00:00 0 
7f9712ca6000-7f9712da4000 rw-p 00000000 00:00 0                          [stack:15595]
7f9712da4000-7f9712da7000 ---p 00000000 00:00 0 
7f9712da7000-7f9712ea5000 rw-p 00000000 00:00 0                          [stack:15594]
7f9712ea5000-7f9712ea8000 ---p 00000000 00:00 0 
7f9712ea8000-7f9712fa6000 rw-p 00000000 00:00 0                          [stack:15593]
7f9712fa6000-7f9712fa9000 ---p 00000000 00:00 0 
7f9712fa9000-7f97130a7000 rw-p 00000000 00:00 0                          [stack:15592]
7f97130a7000-7f97138f9000 r--p 00000000 08:06 1447082                    /usr/lib/locale/locale-archive
7f97138f9000-7f97138fc000 ---p 00000000 00:00 0 
7f97138fc000-7f97139fa000 rw-p 00000000 00:00 0                          [stack:15588]
7f97139fa000-7f97139fd000 ---p 00000000 00:00 0 
7f97139fd000-7f9713afb000 rw-p 00000000 00:00 0                          [stack:15587]
7f9713afb000-7f9713afc000 ---p 00000000 00:00 0 
7f9713afc000-7f9714000000 rw-p 00000000 00:00 0                          [stack:15586]
7f9714000000-7f9714021000 rw-p 00000000 00:00 0 
7f9714021000-7f9718000000 ---p 00000000 00:00 0 
7f971803c000-7f971804b000 r--s 000df000 08:06 3216701                    /home/tulin/Android/Sdk/build-tools/23.0.2/lib/dx.jar
7f971804b000-7f9718bfb000 rw-p 00000000 00:00 0 
7f9718bfb000-7f9718dad000 r--s 01d2f000 08:06 1489796                    /usr/lib/jvm/java-7-openjdk-amd64/jre/lib/rt.jar
7f9718dad000-7f9719000000 rw-p 00000000 00:00 0 
7f9719000000-7f9719270000 rwxp 00000000 00:00 0 
7f9719270000-7f971c1c8000 rw-p 00000000 00:00 0 
7f971c1c8000-7f9720000000 ---p 00000000 00:00 0 
7f9720006000-7f9720009000 r--s 0000f000 08:06 1489840                    /usr/lib/jvm/java-7-openjdk-amd64/jre/lib/ext/icedtea-sound.jar
7f9720009000-7f972267b000 rw-p 00000000 00:00 0 
7f972267b000-7f972267c000 ---p 00000000 00:00 0 
7f972267c000-7f972277c000 rw-p 00000000 00:00 0                          [stack:15585]
7f972277c000-7f972277d000 ---p 00000000 00:00 0 
7f972277d000-7f972287d000 rw-p 00000000 00:00 0                          [stack:15584]
7f972287d000-7f972287e000 ---p 00000000 00:00 0 
7f972287e000-7f972297e000 rw-p 00000000 00:00 0                          [stack:15583]
7f972297e000-7f972297f000 ---p 00000000 00:00 0 
7f972297f000-7f9722a8a000 rw-p 00000000 00:00 0                          [stack:15582]
7f9722a8a000-7f9722ad2000 rw-p 00000000 00:00 0 
7f9722ad2000-7f9722ae6000 rw-p 00000000 00:00 0 
7f9722ae6000-7f9722c28000 rw-p 00000000 00:00 0 
7f9722c28000-7f9722c33000 rw-p 00000000 00:00 0 
7f9722c33000-7f9722c7b000 rw-p 00000000 00:00 0 
7f9722c7b000-7f9722c8f000 rw-p 00000000 00:00 0 
7f9722c8f000-7f9722dd0000 rw-p 00000000 00:00 0 
7f9722dd0000-7f9722ddb000 rw-p 00000000 00:00 0 
7f9722ddb000-7f9722e7b000 rw-p 00000000 00:00 0 
7f9722e7b000-7f9722e7c000 rw-p 00000000 00:00 0 
7f9722e7c000-7f9722e84000 r-xp 00000000 08:06 1489805                    /usr/lib/jvm/java-7-openjdk-amd64/jre/lib/amd64/libzip.so
7f9722e84000-7f9723083000 ---p 00008000 08:06 1489805                    /usr/lib/jvm/java-7-openjdk-amd64/jre/lib/amd64/libzip.so
7f9723083000-7f9723084000 r--p 00007000 08:06 1489805                    /usr/lib/jvm/java-7-openjdk-amd64/jre/lib/amd64/libzip.so
7f9723084000-7f9723085000 rw-p 00008000 08:06 1489805                    /usr/lib/jvm/java-7-openjdk-amd64/jre/lib/amd64/libzip.so
7f9723085000-7f9723090000 r-xp 00000000 08:06 184225                     /lib/x86_64-linux-gnu/libnss_files-2.19.so
7f9723090000-7f972328f000 ---p 0000b000 08:06 184225                     /lib/x86_64-linux-gnu/libnss_files-2.19.so
7f972328f000-7f9723290000 r--p 0000a000 08:06 184225                     /lib/x86_64-linux-gnu/libnss_files-2.19.so
7f9723290000-7f9723291000 rw-p 0000b000 08:06 184225                     /lib/x86_64-linux-gnu/libnss_files-2.19.so
7f9723291000-7f972329c000 r-xp 00000000 08:06 145746                     /lib/x86_64-linux-gnu/libnss_nis-2.19.so
7f972329c000-7f972349b000 ---p 0000b000 08:06 145746                     /lib/x86_64-linux-gnu/libnss_nis-2.19.so
7f972349b000-7f972349c000 r--p 0000a000 08:06 145746                     /lib/x86_64-linux-gnu/libnss_nis-2.19.so
7f972349c000-7f972349d000 rw-p 0000b000 08:06 145746                     /lib/x86_64-linux-gnu/libnss_nis-2.19.so
7f972349d000-7f97234b4000 r-xp 00000000 08:06 145742                     /lib/x86_64-linux-gnu/libnsl-2.19.so
7f97234b4000-7f97236b3000 ---p 00017000 08:06 145742                     /lib/x86_64-linux-gnu/libnsl-2.19.so
7f97236b3000-7f97236b4000 r--p 00016000 08:06 145742                     /lib/x86_64-linux-gnu/libnsl-2.19.so
7f97236b4000-7f97236b5000 rw-p 00017000 08:06 145742                     /lib/x86_64-linux-gnu/libnsl-2.19.so
7f97236b5000-7f97236b7000 rw-p 00000000 00:00 0 
7f97236b7000-7f97236c0000 r-xp 00000000 08:06 145741                     /lib/x86_64-linux-gnu/libnss_compat-2.19.so
7f97236c0000-7f97238bf000 ---p 00009000 08:06 145741                     /lib/x86_64-linux-gnu/libnss_compat-2.19.so
7f97238bf000-7f97238c0000 r--p 00008000 08:06 145741                     /lib/x86_64-linux-gnu/libnss_compat-2.19.so
7f97238c0000-7f97238c1000 rw-p 00009000 08:06 145741                     /lib/x86_64-linux-gnu/libnss_compat-2.19.so
7f97238c1000-7f97238ec000 r-xp 00000000 08:06 1489826                    /usr/lib/jvm/java-7-openjdk-amd64/jre/lib/amd64/libjava.so
7f97238ec000-7f9723aec000 ---p 0002b000 08:06 1489826                    /usr/lib/jvm/java-7-openjdk-amd64/jre/lib/amd64/libjava.so
7f9723aec000-7f9723aed000 r--p 0002b000 08:06 1489826                    /usr/lib/jvm/java-7-openjdk-amd64/jre/lib/amd64/libjava.so
7f9723aed000-7f9723aef000 rw-p 0002c000 08:06 1489826                    /usr/lib/jvm/java-7-openjdk-amd64/jre/lib/amd64/libjava.so
7f9723aef000-7f9723aff000 r-xp 00000000 08:06 1489810                    /usr/lib/jvm/java-7-openjdk-amd64/jre/lib/amd64/libverify.so
7f9723aff000-7f9723cfe000 ---p 00010000 08:06 1489810                    /usr/lib/jvm/java-7-openjdk-amd64/jre/lib/amd64/libverify.so
7f9723cfe000-7f9723d00000 r--p 0000f000 08:06 1489810                    /usr/lib/jvm/java-7-openjdk-amd64/jre/lib/amd64/libverify.so
7f9723d00000-7f9723d01000 rw-p 00011000 08:06 1489810                    /usr/lib/jvm/java-7-openjdk-amd64/jre/lib/amd64/libverify.so
7f9723d01000-7f9723d08000 r-xp 00000000 08:06 148472                     /lib/x86_64-linux-gnu/librt-2.19.so
7f9723d08000-7f9723f07000 ---p 00007000 08:06 148472                     /lib/x86_64-linux-gnu/librt-2.19.so
7f9723f07000-7f9723f08000 r--p 00006000 08:06 148472                     /lib/x86_64-linux-gnu/librt-2.19.so
7f9723f08000-7f9723f09000 rw-p 00007000 08:06 148472                     /lib/x86_64-linux-gnu/librt-2.19.so
7f9723f09000-7f9723f1f000 r-xp 00000000 08:06 131070                     /lib/x86_64-linux-gnu/libgcc_s.so.1
7f9723f1f000-7f972411e000 ---p 00016000 08:06 131070                     /lib/x86_64-linux-gnu/libgcc_s.so.1
7f972411e000-7f972411f000 rw-p 00015000 08:06 131070                     /lib/x86_64-linux-gnu/libgcc_s.so.1
7f972411f000-7f9724224000 r-xp 00000000 08:06 135048                     /lib/x86_64-linux-gnu/libm-2.19.so
7f9724224000-7f9724423000 ---p 00105000 08:06 135048                     /lib/x86_64-linux-gnu/libm-2.19.so
7f9724423000-7f9724424000 r--p 00104000 08:06 135048                     /lib/x86_64-linux-gnu/libm-2.19.so
7f9724424000-7f9724425000 rw-p 00105000 08:06 135048                     /lib/x86_64-linux-gnu/libm-2.19.so
7f9724425000-7f972450b000 r-xp 00000000 08:06 1439330                    /usr/lib/x86_64-linux-gnu/libstdc++.so.6.0.19
7f972450b000-7f972470a000 ---p 000e6000 08:06 1439330                    /usr/lib/x86_64-linux-gnu/libstdc++.so.6.0.19
7f972470a000-7f9724712000 r--p 000e5000 08:06 1439330                    /usr/lib/x86_64-linux-gnu/libstdc++.so.6.0.19
7f9724712000-7f9724714000 rw-p 000ed000 08:06 1439330                    /usr/lib/x86_64-linux-gnu/libstdc++.so.6.0.19
7f9724714000-7f9724729000 rw-p 00000000 00:00 0 
7f9724729000-7f972524e000 r-xp 00000000 08:06 1489806                    /usr/lib/jvm/java-7-openjdk-amd64/jre/lib/amd64/server/libjvm.so
7f972524e000-7f972544e000 ---p 00b25000 08:06 1489806                    /usr/lib/jvm/java-7-openjdk-amd64/jre/lib/amd64/server/libjvm.so
7f972544e000-7f97254e8000 r--p 00b25000 08:06 1489806                    /usr/lib/jvm/java-7-openjdk-amd64/jre/lib/amd64/server/libjvm.so
7f97254e8000-7f972550b000 rw-p 00bbf000 08:06 1489806                    /usr/lib/jvm/java-7-openjdk-amd64/jre/lib/amd64/server/libjvm.so
7f972550b000-7f9725539000 rw-p 00000000 00:00 0 
7f9725539000-7f9725551000 r-xp 00000000 08:06 135112                     /lib/x86_64-linux-gnu/libz.so.1.2.8
7f9725551000-7f9725750000 ---p 00018000 08:06 135112                     /lib/x86_64-linux-gnu/libz.so.1.2.8
7f9725750000-7f9725751000 r--p 00017000 08:06 135112                     /lib/x86_64-linux-gnu/libz.so.1.2.8
7f9725751000-7f9725752000 rw-p 00018000 08:06 135112                     /lib/x86_64-linux-gnu/libz.so.1.2.8
7f9725752000-7f972576b000 r-xp 00000000 08:06 145743                     /lib/x86_64-linux-gnu/libpthread-2.19.so
7f972576b000-7f972596a000 ---p 00019000 08:06 145743                     /lib/x86_64-linux-gnu/libpthread-2.19.so
7f972596a000-7f972596b000 r--p 00018000 08:06 145743                     /lib/x86_64-linux-gnu/libpthread-2.19.so
7f972596b000-7f972596c000 rw-p 00019000 08:06 145743                     /lib/x86_64-linux-gnu/libpthread-2.19.so
7f972596c000-7f9725970000 rw-p 00000000 00:00 0 
7f9725970000-7f9725973000 r-xp 00000000 08:06 145738                     /lib/x86_64-linux-gnu/libdl-2.19.so
7f9725973000-7f9725b72000 ---p 00003000 08:06 145738                     /lib/x86_64-linux-gnu/libdl-2.19.so
7f9725b72000-7f9725b73000 r--p 00002000 08:06 145738                     /lib/x86_64-linux-gnu/libdl-2.19.so
7f9725b73000-7f9725b74000 rw-p 00003000 08:06 145738                     /lib/x86_64-linux-gnu/libdl-2.19.so
7f9725b74000-7f9725d2f000 r-xp 00000000 08:06 148473                     /lib/x86_64-linux-gnu/libc-2.19.so
7f9725d2f000-7f9725f2e000 ---p 001bb000 08:06 148473                     /lib/x86_64-linux-gnu/libc-2.19.so
7f9725f2e000-7f9725f32000 r--p 001ba000 08:06 148473                     /lib/x86_64-linux-gnu/libc-2.19.so
7f9725f32000-7f9725f34000 rw-p 001be000 08:06 148473                     /lib/x86_64-linux-gnu/libc-2.19.so
7f9725f34000-7f9725f39000 rw-p 00000000 00:00 0 
7f9725f39000-7f9725f46000 r-xp 00000000 08:06 1489800                    /usr/lib/jvm/java-7-openjdk-amd64/jre/lib/amd64/jli/libjli.so
7f9725f46000-7f9726145000 ---p 0000d000 08:06 1489800                    /usr/lib/jvm/java-7-openjdk-amd64/jre/lib/amd64/jli/libjli.so
7f9726145000-7f9726146000 r--p 0000c000 08:06 1489800                    /usr/lib/jvm/java-7-openjdk-amd64/jre/lib/amd64/jli/libjli.so
7f9726146000-7f9726147000 rw-p 0000d000 08:06 1489800                    /usr/lib/jvm/java-7-openjdk-amd64/jre/lib/amd64/jli/libjli.so
7f9726147000-7f972616a000 r-xp 00000000 08:06 145744                     /lib/x86_64-linux-gnu/ld-2.19.so
7f972616c000-7f972618e000 rw-p 00000000 00:00 0 
7f972618e000-7f9726244000 rw-p 00000000 00:00 0 
7f9726244000-7f9726247000 ---p 00000000 00:00 0 
7f9726247000-7f972634a000 rw-p 00000000 00:00 0                          [stack:15581]
7f972634c000-7f972634e000 r--s 00012000 08:06 1489837                    /usr/lib/jvm/java-7-openjdk-amd64/jre/lib/ext/zipfs.jar
7f972634e000-7f972634f000 r--s 00002000 08:06 1489839                    /usr/lib/jvm/java-7-openjdk-amd64/jre/lib/ext/dnsns.jar
7f972634f000-7f9726351000 r--s 00006000 08:06 1840524                    /usr/share/java/java-atk-wrapper.jar
7f9726351000-7f9726355000 r--s 0003c000 08:06 1489838                    /usr/lib/jvm/java-7-openjdk-amd64/jre/lib/ext/sunpkcs11.jar
7f9726355000-7f9726359000 r--s 00034000 08:06 1489836                    /usr/lib/jvm/java-7-openjdk-amd64/jre/lib/ext/sunjce_provider.jar
7f9726359000-7f972635d000 r--s 00085000 08:06 1489835                    /usr/lib/jvm/java-7-openjdk-amd64/jre/lib/ext/localedata.jar
7f972635d000-7f9726365000 rw-s 00000000 08:06 1849186                    /tmp/hsperfdata_tulin/15577
7f9726365000-7f9726366000 rw-p 00000000 00:00 0 
7f9726366000-7f9726367000 ---p 00000000 00:00 0 
7f9726367000-7f9726369000 rw-p 00000000 00:00 0 
7f9726369000-7f972636a000 r--p 00022000 08:06 145744                     /lib/x86_64-linux-gnu/ld-2.19.so
7f972636a000-7f972636b000 rw-p 00023000 08:06 145744                     /lib/x86_64-linux-gnu/ld-2.19.so
7f972636b000-7f972636c000 rw-p 00000000 00:00 0 
7fff13847000-7fff13869000 rw-p 00000000 00:00 0                          [stack]
7fff13875000-7fff13877000 r-xp 00000000 00:00 0                          [vdso]
ffffffffff600000-ffffffffff601000 r-xp 00000000 00:00 0                  [vsyscall]

VM Arguments:
jvm_args: -Djava.awt.headless=true -Xmx1024M -Dfile.encoding=UTF-8 -Duser.country=US -Duser.language=en -Duser.variant 
java_command: com.android.dx.command.Main --dex --num-threads=4 --output /home/tulin/AndroidStudioProjects/CamApp/app/build/intermediates/transforms/dex/debug/folders/1000/1f/main /home/tulin/AndroidStudioProjects/CamApp/app/build/intermediates/pre-dexed/debug/support-annotations-23.2.0_9a8da4a0b11aa1ee88bb4952bb9ae53db530d604.jar /home/tulin/AndroidStudioProjects/CamApp/app/build/intermediates/pre-dexed/debug/com.android.support-animated-vector-drawable-23.2.0_57d52daf0612fb5aaf0db9b3a37f591bef895dc9.jar /home/tulin/AndroidStudioProjects/CamApp/app/build/intermediates/pre-dexed/debug/com.android.support-support-vector-drawable-23.2.0_707dd3d6f0403fd0ba3055daeb58a2eba326afb7.jar /home/tulin/AndroidStudioProjects/CamApp/app/build/intermediates/pre-dexed/debug/aspectjrt-1.6.11_3b1fbe55385a7a9bbbc00dc0bd74c8ccd55a2f6d.jar /home/tulin/AndroidStudioProjects/CamApp/app/build/intermediates/pre-dexed/debug/debug_330d08f32227c59993fa5ad7ca50294bfe0ab59c.jar /home/tulin/AndroidStudioProjects/CamApp/app/build/intermediates/pre-dexed/debug/internal_impl-23.2.0_0cc08f8c168423b2b1436595fca5f2211ebb22e7.jar /home/tulin/AndroidStudioProjects/CamApp/app/build/intermediates/pre-dexed/debug/com.android.support-design-23.2.0_ea87f2ce031a54d7b1d7f05cd62b5273dd2c61cc.jar /home/tulin/AndroidStudioProjects/CamApp/app/build/intermediates/pre-dexed/debug/com.android.support-recyclerview-v7-23.2.0_1e698ea31065689c0b0084fe9b14c8639469b576.jar /home/tulin/AndroidStudioProjects/CamApp/app/build/intermediates/pre-dexed/debug/isoparser-1.0-RC-2_f7701ebc939717442c7455f72206b6a0c43fa73c.jar /home/tulin/AndroidStudioProjects/CamApp/app/build/intermediates/pre-dexed/debug/com.android.support-appcompat-v7-23.2.0_379181285c7b8b84d75b0ff6e2ce57e79279b14d.jar /home/tulin/AndroidStudioProjects/CamApp/app/build/intermediates/pre-dexed/debug/com.android.support-support-v4-23.2.0_4b1fd8c92292e56f5a1fba56278554e72cab954d.jar
Launcher Type: SUN_STANDARD

Environment Variables:
PATH=/usr/local/sbin:/usr/local/bin:/usr/sbin:/usr/bin:/sbin:/bin:/usr/games:/usr/local/games
SHELL=/bin/bash
DISPLAY=:0

Signal Handlers:
SIGSEGV: [libjvm.so+0x955bc0], sa_mask[0]=0x7ffbfeff, sa_flags=0x10000004
SIGBUS: [libjvm.so+0x955bc0], sa_mask[0]=0x7ffbfeff, sa_flags=0x10000004
SIGFPE: [libjvm.so+0x7caff0], sa_mask[0]=0x7ffbfeff, sa_flags=0x10000004
SIGPIPE: [libjvm.so+0x7caff0], sa_mask[0]=0x7ffbfeff, sa_flags=0x10000004
SIGXFSZ: [libjvm.so+0x7caff0], sa_mask[0]=0x7ffbfeff, sa_flags=0x10000004
SIGILL: [libjvm.so+0x7caff0], sa_mask[0]=0x7ffbfeff, sa_flags=0x10000004
SIGUSR1: SIG_DFL, sa_mask[0]=0x00000000, sa_flags=0x00000000
SIGUSR2: [libjvm.so+0x7cae90], sa_mask[0]=0x00000004, sa_flags=0x10000004
SIGHUP: [libjvm.so+0x7cb070], sa_mask[0]=0x7ffbfeff, sa_flags=0x10000004
SIGINT: [libjvm.so+0x7cb070], sa_mask[0]=0x7ffbfeff, sa_flags=0x10000004
SIGTERM: [libjvm.so+0x7cb070], sa_mask[0]=0x7ffbfeff, sa_flags=0x10000004
SIGQUIT: [libjvm.so+0x7cb070], sa_mask[0]=0x7ffbfeff, sa_flags=0x10000004
SIGTRAP: SIG_DFL, sa_mask[0]=0x00000000, sa_flags=0x00000000


---------------  S Y S T E M  ---------------

OS:Ubuntu 14.04 (trusty)
uname:Linux 3.13.0-79-generic #123-Ubuntu SMP Fri Feb 19 14:27:58 UTC 2016 x86_64
libc:glibc 2.19 NPTL 2.19 
rlimit: STACK 8192k, CORE 0k, NPROC 30461, NOFILE 4096, AS infinity
load average:18,77 7,50 3,24

/proc/meminfo:
MemTotal:        3946988 kB
MemFree:           88244 kB
Buffers:             124 kB
Cached:           537184 kB
SwapCached:            0 kB
Active:          3150524 kB
Inactive:         531992 kB
Active(anon):    3148444 kB
Inactive(anon):   529492 kB
Active(file):       2080 kB
Inactive(file):     2500 kB
Unevictable:          80 kB
Mlocked:              80 kB
SwapTotal:             0 kB
SwapFree:              0 kB
Dirty:                12 kB
Writeback:             0 kB
AnonPages:       3145720 kB
Mapped:           152384 kB
Shmem:            532296 kB
Slab:              73220 kB
SReclaimable:      33860 kB
SUnreclaim:        39360 kB
KernelStack:        5440 kB
PageTables:        42552 kB
NFS_Unstable:          0 kB
Bounce:                0 kB
WritebackTmp:          0 kB
CommitLimit:     1973492 kB
Committed_AS:    8515276 kB
VmallocTotal:   34359738367 kB
VmallocUsed:      349444 kB
VmallocChunk:   34359381696 kB
HardwareCorrupted:     0 kB
AnonHugePages:    643072 kB
HugePages_Total:       0
HugePages_Free:        0
HugePages_Rsvd:        0
HugePages_Surp:        0
Hugepagesize:       2048 kB
DirectMap4k:       91168 kB
DirectMap2M:     4003840 kB


CPU:total 4 (2 cores per cpu, 2 threads per core) family 6 model 42 stepping 7, cmov, cx8, fxsr, mmx, sse, sse2, sse3, ssse3, sse4.1, sse4.2, popcnt, avx, aes, ht, tsc, tscinvbit

/proc/cpuinfo:
processor	: 0
vendor_id	: GenuineIntel
cpu family	: 6
model		: 42
model name	: Intel(R) Core(TM) i5-2557M CPU @ 1.70GHz
stepping	: 7
microcode	: 0x1a
cpu MHz		: 1701.000
cache size	: 3072 KB
physical id	: 0
siblings	: 4
core id		: 0
cpu cores	: 2
apicid		: 0
initial apicid	: 0
fpu		: yes
fpu_exception	: yes
cpuid level	: 13
wp		: yes
flags		: fpu vme de pse tsc msr pae mce cx8 apic sep mtrr pge mca cmov pat pse36 clflush dts acpi mmx fxsr sse sse2 ss ht tm pbe syscall nx rdtscp lm constant_tsc arch_perfmon pebs bts rep_good nopl xtopology nonstop_tsc aperfmperf eagerfpu pni pclmulqdq dtes64 monitor ds_cpl vmx smx est tm2 ssse3 cx16 xtpr pdcm pcid sse4_1 sse4_2 x2apic popcnt tsc_deadline_timer aes xsave avx lahf_lm ida arat epb xsaveopt pln pts dtherm tpr_shadow vnmi flexpriority ept vpid
bogomips	: 3392.06
clflush size	: 64
cache_alignment	: 64
address sizes	: 36 bits physical, 48 bits virtual
power management:

processor	: 1
vendor_id	: GenuineIntel
cpu family	: 6
model		: 42
model name	: Intel(R) Core(TM) i5-2557M CPU @ 1.70GHz
stepping	: 7
microcode	: 0x1a
cpu MHz		: 1701.000
cache size	: 3072 KB
physical id	: 0
siblings	: 4
core id		: 1
cpu cores	: 2
apicid		: 2
initial apicid	: 2
fpu		: yes
fpu_exception	: yes
cpuid level	: 13
wp		: yes
flags		: fpu vme de pse tsc msr pae mce cx8 apic sep mtrr pge mca cmov pat pse36 clflush dts acpi mmx fxsr sse sse2 ss ht tm pbe syscall nx rdtscp lm constant_tsc arch_perfmon pebs bts rep_good nopl xtopology nonstop_tsc aperfmperf eagerfpu pni pclmulqdq dtes64 monitor ds_cpl vmx smx est tm2 ssse3 cx16 xtpr pdcm pcid sse4_1 sse4_2 x2apic popcnt tsc_deadline_timer aes xsave avx lahf_lm ida arat epb xsaveopt pln pts dtherm tpr_shadow vnmi flexpriority ept vpid
bogomips	: 3392.06
clflush size	: 64
cache_alignment	: 64
address sizes	: 36 bits physical, 48 bits virtual
power management:

processor	: 2
vendor_id	: GenuineIntel
cpu family	: 6
model		: 42
model name	: Intel(R) Core(TM) i5-2557M CPU @ 1.70GHz
stepping	: 7
microcode	: 0x1a
cpu MHz		: 1701.000
cache size	: 3072 KB
physical id	: 0
siblings	: 4
core id		: 0
cpu cores	: 2
apicid		: 1
initial apicid	: 1
fpu		: yes
fpu_exception	: yes
cpuid level	: 13
wp		: yes
flags		: fpu vme de pse tsc msr pae mce cx8 apic sep mtrr pge mca cmov pat pse36 clflush dts acpi mmx fxsr sse sse2 ss ht tm pbe syscall nx rdtscp lm constant_tsc arch_perfmon pebs bts rep_good nopl xtopology nonstop_tsc aperfmperf eagerfpu pni pclmulqdq dtes64 monitor ds_cpl vmx smx est tm2 ssse3 cx16 xtpr pdcm pcid sse4_1 sse4_2 x2apic popcnt tsc_deadline_timer aes xsave avx lahf_lm ida arat epb xsaveopt pln pts dtherm tpr_shadow vnmi flexpriority ept vpid
bogomips	: 3392.06
clflush size	: 64
cache_alignment	: 64
address sizes	: 36 bits physical, 48 bits virtual
power management:

processor	: 3
vendor_id	: GenuineIntel
cpu family	: 6
model		: 42
model name	: Intel(R) Core(TM) i5-2557M CPU @ 1.70GHz
stepping	: 7
microcode	: 0x1a
cpu MHz		: 1300.000
cache size	: 3072 KB
physical id	: 0
siblings	: 4
core id		: 1
cpu cores	: 2
apicid		: 3
initial apicid	: 3
fpu		: yes
fpu_exception	: yes
cpuid level	: 13
wp		: yes
flags		: fpu vme de pse tsc msr pae mce cx8 apic sep mtrr pge mca cmov pat pse36 clflush dts acpi mmx fxsr sse sse2 ss ht tm pbe syscall nx rdtscp lm constant_tsc arch_perfmon pebs bts rep_good nopl xtopology nonstop_tsc aperfmperf eagerfpu pni pclmulqdq dtes64 monitor ds_cpl vmx smx est tm2 ssse3 cx16 xtpr pdcm pcid sse4_1 sse4_2 x2apic popcnt tsc_deadline_timer aes xsave avx lahf_lm ida arat epb xsaveopt pln pts dtherm tpr_shadow vnmi flexpriority ept vpid
bogomips	: 3392.06
clflush size	: 64
cache_alignment	: 64
address sizes	: 36 bits physical, 48 bits virtual
power management:



Memory: 4k page, physical 3946988k(86604k free), swap 0k(0k free)

vm_info: OpenJDK 64-Bit Server VM (24.95-b01) for linux-amd64 JRE (1.7.0_95-b00), built on Jan 21 2016 03:31:40 by "buildd" with gcc 4.8.4

time: Tue Apr  5 21:32:11 2016
elapsed time: 13 seconds

