#
# There is insufficient memory for the Java Runtime Environment to continue.
# Native memory allocation (malloc) failed to allocate 16252928 bytes for committing reserved memory.
# Possible reasons:
#   The system is out of physical RAM or swap space
#   In 32 bit mode, the process size limit was hit
# Possible solutions:
#   Reduce memory load on the system
#   Increase physical memory or swap space
#   Check if swap backing store is full
#   Use 64 bit Java on a 64 bit OS
#   Decrease Java heap size (-Xmx/-Xms)
#   Decrease number of Java threads
#   Decrease Java thread stack sizes (-Xss)
#   Set larger code cache with -XX:ReservedCodeCacheSize=
# This output file may be truncated or incomplete.
#
#  Out of Memory Error (os_linux.cpp:2827), pid=8972, tid=139659790083840
#
# JRE version: OpenJDK Runtime Environment (7.0_95) (build 1.7.0_95-b00)
# Java VM: OpenJDK 64-Bit Server VM (24.95-b01 mixed mode linux-amd64 compressed oops)
# Derivative: IcedTea 2.6.4
# Distribution: Ubuntu 14.04.3 LTS, package 7u95-2.6.4-0ubuntu0.14.04.1
# Failed to write core dump. Core dumps have been disabled. To enable core dumping, try "ulimit -c unlimited" before starting Java again
#

---------------  T H R E A D  ---------------

Current thread (0x00007f0510076000):  VMThread [stack: 0x00007f05141d6000,0x00007f05142d7000] [id=8999]

Stack: [0x00007f05141d6000,0x00007f05142d7000],  sp=0x00007f05142d5490,  free space=1021k
Native frames: (J=compiled Java code, j=interpreted, Vv=VM code, C=native code)
V  [libjvm.so+0x9550e5]
V  [libjvm.so+0x4902b4]
V  [libjvm.so+0x7cf7bb]
V  [libjvm.so+0x7ca28f]
V  [libjvm.so+0x83e56b]
V  [libjvm.so+0x83f3e0]
V  [libjvm.so+0x83facb]
V  [libjvm.so+0x83b4d8]
V  [libjvm.so+0x83bd48]
V  [libjvm.so+0x7f1fd3]
V  [libjvm.so+0x956ae4]
V  [libjvm.so+0x95abe7]
V  [libjvm.so+0x9596a8]
V  [libjvm.so+0x959b09]
V  [libjvm.so+0x959f52]
V  [libjvm.so+0x7cc682]

VM_Operation (0x00007f050c1a6080): ParallelGCFailedAllocation, mode: safepoint, requested by thread 0x00007f0510190800


---------------  P R O C E S S  ---------------

Java Threads: ( => current thread )
  0x00007f0510198800 JavaThread "pool-1-thread-4" [_thread_blocked, id=9023, stack(0x00007f04ffeff000,0x00007f0500000000)]
  0x00007f0510197800 JavaThread "pool-1-thread-3" [_thread_blocked, id=9022, stack(0x00007f050404f000,0x00007f0504150000)]
  0x00007f0510195800 JavaThread "pool-1-thread-2" [_thread_blocked, id=9017, stack(0x00007f0504150000,0x00007f0504251000)]
  0x00007f0510192000 JavaThread "pool-2-thread-1" [_thread_blocked, id=9015, stack(0x00007f0504251000,0x00007f0504352000)]
  0x00007f0510190800 JavaThread "pool-1-thread-1" [_thread_blocked, id=9014, stack(0x00007f050c0a7000,0x00007f050c1a8000)]
  0x00007f05100b2000 JavaThread "Service Thread" daemon [_thread_blocked, id=9012, stack(0x00007f050c2a9000,0x00007f050c3aa000)]
  0x00007f05100af800 JavaThread "C2 CompilerThread1" daemon [_thread_blocked, id=9011, stack(0x00007f050c3aa000,0x00007f050c4ab000)]
  0x00007f05100ac800 JavaThread "C2 CompilerThread0" daemon [_thread_blocked, id=9009, stack(0x00007f050c4ab000,0x00007f050c5ac000)]
  0x00007f05100aa800 JavaThread "Signal Dispatcher" daemon [_thread_blocked, id=9008, stack(0x00007f050c5ac000,0x00007f050c6ad000)]
  0x00007f051007c000 JavaThread "Finalizer" daemon [_thread_blocked, id=9003, stack(0x00007f050ceff000,0x00007f050d000000)]
  0x00007f051007a000 JavaThread "Reference Handler" daemon [_thread_blocked, id=9001, stack(0x00007f05140d5000,0x00007f05141d6000)]
  0x00007f051000a800 JavaThread "main" [_thread_blocked, id=8983, stack(0x00007f051939c000,0x00007f051949d000)]

Other Threads:
=>0x00007f0510076000 VMThread [stack: 0x00007f05141d6000,0x00007f05142d7000] [id=8999]
  0x00007f05100bc800 WatcherThread [stack: 0x00007f050c1a8000,0x00007f050c2a9000] [id=9013]

VM state:at safepoint (normal execution)

VM Mutex/Monitor currently owned by a thread:  ([mutex/lock_event])
[0x00007f05100069b0] Threads_lock - owner thread: 0x00007f0510076000
[0x00007f0510006eb0] Heap_lock - owner thread: 0x00007f0510190800

Heap
 PSYoungGen      total 18432K, used 2535K [0x00000000eaa80000, 0x00000000ebf00000, 0x0000000100000000)
  eden space 15872K, 0% used [0x00000000eaa80000,0x00000000eaa80000,0x00000000eba00000)
  from space 2560K, 99% used [0x00000000ebc80000,0x00000000ebef9ec8,0x00000000ebf00000)
  to   space 2560K, 0% used [0x00000000eba00000,0x00000000eba00000,0x00000000ebc80000)
 ParOldGen       total 40960K, used 3481K [0x00000000c0000000, 0x00000000c2800000, 0x00000000eaa80000)
  object space 40960K, 8% used [0x00000000c0000000,0x00000000c0366760,0x00000000c2800000)
 PSPermGen       total 21504K, used 6079K [0x00000000b5a00000, 0x00000000b6f00000, 0x00000000c0000000)
  object space 21504K, 28% used [0x00000000b5a00000,0x00000000b5fefde8,0x00000000b6f00000)

Card table byte_map: [0x00007f0515d7f000,0x00007f0515fd3000] byte_map_base: 0x00007f05157d2000

Polling page: 0x00007f05194bd000

Code Cache  [0x00007f050d000000, 0x00007f050d270000, 0x00007f0510000000)
 total_blobs=398 nmethods=167 adapters=184 free_code_cache=48493Kb largest_free_block=49631872

Compilation events (10 events):
Event: 4,479 Thread 0x00007f05100ac800 nmethod 162 0x00007f050d0a1b50 code [0x00007f050d0a1ca0, 0x00007f050d0a1fb8]
Event: 4,479 Thread 0x00007f05100ac800  165             com.android.dx.util.Bits::set (19 bytes)
Event: 4,485 Thread 0x00007f05100ac800 nmethod 165 0x00007f050d0a7890 code [0x00007f050d0a79c0, 0x00007f050d0a7a58]
Event: 4,485 Thread 0x00007f05100ac800  166             com.android.dx.ssa.SsaConverter::placePhiFunctions (394 bytes)
Event: 4,524 Thread 0x00007f05100af800 nmethod 164 0x00007f050d0a8b90 code [0x00007f050d0a8ce0, 0x00007f050d0a90e8]
Event: 4,524 Thread 0x00007f05100af800  167             com.android.dx.rop.code.Insn::getResult (5 bytes)
Event: 4,525 Thread 0x00007f05100af800 nmethod 167 0x00007f050d0a5ed0 code [0x00007f050d0a6000, 0x00007f050d0a6058]
Event: 4,525 Thread 0x00007f05100af800  168   !         com.android.dx.rop.cst.StdConstantPool::getOrNull (13 bytes)
Event: 4,525 Thread 0x00007f05100af800 nmethod 168 0x00007f050d0a9390 code [0x00007f050d0a94e0, 0x00007f050d0a9578]
Event: 4,525 Thread 0x00007f05100af800  169             com.android.dx.ssa.SsaMethod::mapRegisters (87 bytes)

GC Heap History (3 events):
Event: 2,781 GC heap before
{Heap before GC invocations=1 (full 0):
 PSYoungGen      total 18432K, used 15872K [0x00000000eaa80000, 0x00000000ebf00000, 0x0000000100000000)
  eden space 15872K, 100% used [0x00000000eaa80000,0x00000000eba00000,0x00000000eba00000)
  from space 2560K, 0% used [0x00000000ebc80000,0x00000000ebc80000,0x00000000ebf00000)
  to   space 2560K, 0% used [0x00000000eba00000,0x00000000eba00000,0x00000000ebc80000)
 ParOldGen       total 40960K, used 0K [0x00000000c0000000, 0x00000000c2800000, 0x00000000eaa80000)
  object space 40960K, 0% used [0x00000000c0000000,0x00000000c0000000,0x00000000c2800000)
 PSPermGen       total 21504K, used 5855K [0x00000000b5a00000, 0x00000000b6f00000, 0x00000000c0000000)
  object space 21504K, 27% used [0x00000000b5a00000,0x00000000b5fb7ed0,0x00000000b6f00000)
Event: 2,808 GC heap after
Heap after GC invocations=1 (full 0):
 PSYoungGen      total 18432K, used 2549K [0x00000000eaa80000, 0x00000000ebf00000, 0x0000000100000000)
  eden space 15872K, 0% used [0x00000000eaa80000,0x00000000eaa80000,0x00000000eba00000)
  from space 2560K, 99% used [0x00000000eba00000,0x00000000ebc7d618,0x00000000ebc80000)
  to   space 2560K, 0% used [0x00000000ebc80000,0x00000000ebc80000,0x00000000ebf00000)
 ParOldGen       total 40960K, used 1295K [0x00000000c0000000, 0x00000000c2800000, 0x00000000eaa80000)
  object space 40960K, 3% used [0x00000000c0000000,0x00000000c0143d78,0x00000000c2800000)
 PSPermGen       total 21504K, used 5855K [0x00000000b5a00000, 0x00000000b6f00000, 0x00000000c0000000)
  object space 21504K, 27% used [0x00000000b5a00000,0x00000000b5fb7ed0,0x00000000b6f00000)
}
Event: 4,769 GC heap before
{Heap before GC invocations=2 (full 0):
 PSYoungGen      total 18432K, used 18421K [0x00000000eaa80000, 0x00000000ebf00000, 0x0000000100000000)
  eden space 15872K, 100% used [0x00000000eaa80000,0x00000000eba00000,0x00000000eba00000)
  from space 2560K, 99% used [0x00000000eba00000,0x00000000ebc7d618,0x00000000ebc80000)
  to   space 2560K, 0% used [0x00000000ebc80000,0x00000000ebc80000,0x00000000ebf00000)
 ParOldGen       total 40960K, used 1295K [0x00000000c0000000, 0x00000000c2800000, 0x00000000eaa80000)
  object space 40960K, 3% used [0x00000000c0000000,0x00000000c0143d78,0x00000000c2800000)
 PSPermGen       total 21504K, used 6079K [0x00000000b5a00000, 0x00000000b6f00000, 0x00000000c0000000)
  object space 21504K, 28% used [0x00000000b5a00000,0x00000000b5fefde8,0x00000000b6f00000)

Deoptimization events (4 events):
Event: 0,982 Thread 0x00007f051000a800 Uncommon trap: reason=unstable_if action=reinterpret pc=0x00007f050d060c34 method=java.lang.String.indexOf(II)I @ 49
Event: 1,448 Thread 0x00007f0510190800 Uncommon trap: reason=unstable_if action=reinterpret pc=0x00007f050d063608 method=java.lang.String.compareTo(Ljava/lang/String;)I @ 38
Event: 2,442 Thread 0x00007f0510195800 Uncommon trap: reason=null_check action=make_not_entrant pc=0x00007f050d07b0c8 method=com.android.dx.rop.code.LocalItem.equals(Ljava/lang/Object;)Z @ 1
Event: 2,493 Thread 0x00007f0510197800 Uncommon trap: reason=null_check action=make_not_entrant pc=0x00007f050d080900 method=com.android.dx.rop.code.LocalItem.equals(Ljava/lang/Object;)Z @ 1

Internal exceptions (10 events):
Event: 1,938 Thread 0x00007f051000a800 Threw 0x00000000eb5b9c10 at /build/openjdk-7-2FOwCu/openjdk-7-7u95-2.6.4/build/openjdk/hotspot/src/share/vm/prims/jvm.cpp:1322
Event: 1,944 Thread 0x00007f0510190800 Threw 0x00000000eb378d90 at /build/openjdk-7-2FOwCu/openjdk-7-7u95-2.6.4/build/openjdk/hotspot/src/share/vm/prims/jvm.cpp:1322
Event: 1,957 Thread 0x00007f0510197800 Threw 0x00000000eb4566b8 at /build/openjdk-7-2FOwCu/openjdk-7-7u95-2.6.4/build/openjdk/hotspot/src/share/vm/prims/jvm.cpp:1322
Event: 2,035 Thread 0x00007f051000a800 Threw 0x00000000eb5d7098 at /build/openjdk-7-2FOwCu/openjdk-7-7u95-2.6.4/build/openjdk/hotspot/src/share/vm/prims/jvm.cpp:1322
Event: 2,432 Thread 0x00007f0510195800 Implicit null exception at 0x00007f050d07aeb4 to 0x00007f050d07b0a2
Event: 2,493 Thread 0x00007f0510197800 Implicit null exception at 0x00007f050d0800b6 to 0x00007f050d0808e5
Event: 2,598 Thread 0x00007f0510190800 Threw 0x00000000eb911078 at /build/openjdk-7-2FOwCu/openjdk-7-7u95-2.6.4/build/openjdk/hotspot/src/share/vm/prims/jvm.cpp:1322
Event: 2,654 Thread 0x00007f051000a800 Threw 0x00000000eb8e9090 at /build/openjdk-7-2FOwCu/openjdk-7-7u95-2.6.4/build/openjdk/hotspot/src/share/vm/prims/jvm.cpp:1322
Event: 3,393 Thread 0x00007f051000a800 Threw 0x00000000eaf01aa8 at /build/openjdk-7-2FOwCu/openjdk-7-7u95-2.6.4/build/openjdk/hotspot/src/share/vm/prims/jvm.cpp:1322
Event: 3,418 Thread 0x00007f051000a800 Threw 0x00000000eaf04a08 at /build/openjdk-7-2FOwCu/openjdk-7-7u95-2.6.4/build/openjdk/hotspot/src/share/vm/prims/jvm.cpp:1322

Events (10 events):
Event: 2,955 loading class 0x00007f051553d270 done
Event: 3,379 loading class 0x00007f0510134490
Event: 3,380 loading class 0x00007f0510134490 done
Event: 3,418 loading class 0x00007f0510199ab0
Event: 3,418 loading class 0x00007f0510199ab0 done
Event: 3,864 Thread 0x00007f05100af800 flushing nmethod 0x00007f050d0609d0
Event: 4,326 Executing VM operation: EnableBiasedLocking
Event: 4,346 Executing VM operation: EnableBiasedLocking done
Event: 4,365 Thread 0x00007f05100ac800 flushing nmethod 0x00007f050d063390
Event: 4,752 Executing VM operation: ParallelGCFailedAllocation


Dynamic libraries:
00400000-00401000 r-xp 00000000 08:06 1454669                            /usr/lib/jvm/java-7-openjdk-amd64/jre/bin/java
00600000-00601000 r--p 00000000 08:06 1454669                            /usr/lib/jvm/java-7-openjdk-amd64/jre/bin/java
00601000-00602000 rw-p 00001000 08:06 1454669                            /usr/lib/jvm/java-7-openjdk-amd64/jre/bin/java
01129000-0114a000 rw-p 00000000 00:00 0                                  [heap]
b5a00000-b6f00000 rw-p 00000000 00:00 0 
b6f00000-c0000000 rw-p 00000000 00:00 0 
c0000000-c2800000 rw-p 00000000 00:00 0 
c2800000-eaa80000 rw-p 00000000 00:00 0 
eaa80000-ebf00000 rw-p 00000000 00:00 0 
ece80000-100000000 rw-p 00000000 00:00 0 
7f04c0000000-7f04c0021000 rw-p 00000000 00:00 0 
7f04c0021000-7f04c4000000 ---p 00000000 00:00 0 
7f04c4000000-7f04c4021000 rw-p 00000000 00:00 0 
7f04c4021000-7f04c8000000 ---p 00000000 00:00 0 
7f04c8000000-7f04c8021000 rw-p 00000000 00:00 0 
7f04c8021000-7f04cc000000 ---p 00000000 00:00 0 
7f04cc000000-7f04cc021000 rw-p 00000000 00:00 0 
7f04cc021000-7f04d0000000 ---p 00000000 00:00 0 
7f04d0000000-7f04d0021000 rw-p 00000000 00:00 0 
7f04d0021000-7f04d4000000 ---p 00000000 00:00 0 
7f04d4000000-7f04d403a000 rw-p 00000000 00:00 0 
7f04d403a000-7f04d8000000 ---p 00000000 00:00 0 
7f04d8000000-7f04d83c5000 rw-p 00000000 00:00 0 
7f04d83c5000-7f04dc000000 ---p 00000000 00:00 0 
7f04dc000000-7f04dc021000 rw-p 00000000 00:00 0 
7f04dc021000-7f04e0000000 ---p 00000000 00:00 0 
7f04e0000000-7f04e0021000 rw-p 00000000 00:00 0 
7f04e0021000-7f04e4000000 ---p 00000000 00:00 0 
7f04e4000000-7f04e43ff000 rw-p 00000000 00:00 0 
7f04e43ff000-7f04e8000000 ---p 00000000 00:00 0 
7f04e8000000-7f04e8021000 rw-p 00000000 00:00 0 
7f04e8021000-7f04ec000000 ---p 00000000 00:00 0 
7f04ec000000-7f04ec021000 rw-p 00000000 00:00 0 
7f04ec021000-7f04f0000000 ---p 00000000 00:00 0 
7f04f0000000-7f04f0021000 rw-p 00000000 00:00 0 
7f04f0021000-7f04f4000000 ---p 00000000 00:00 0 
7f04f4000000-7f04f4021000 rw-p 00000000 00:00 0 
7f04f4021000-7f04f8000000 ---p 00000000 00:00 0 
7f04f8000000-7f04f8021000 rw-p 00000000 00:00 0 
7f04f8021000-7f04fc000000 ---p 00000000 00:00 0 
7f04ffeff000-7f04fff02000 ---p 00000000 00:00 0 
7f04fff02000-7f0500000000 rw-p 00000000 00:00 0                          [stack:9023]
7f0500000000-7f0500021000 rw-p 00000000 00:00 0 
7f0500021000-7f0504000000 ---p 00000000 00:00 0 
7f050404f000-7f0504052000 ---p 00000000 00:00 0 
7f0504052000-7f0504150000 rw-p 00000000 00:00 0                          [stack:9022]
7f0504150000-7f0504153000 ---p 00000000 00:00 0 
7f0504153000-7f0504251000 rw-p 00000000 00:00 0                          [stack:9017]
7f0504251000-7f0504254000 ---p 00000000 00:00 0 
7f0504254000-7f0504352000 rw-p 00000000 00:00 0                          [stack:9015]
7f0504352000-7f050438f000 r-xp 00000000 08:06 130821                     /lib/x86_64-linux-gnu/libpcre.so.3.13.1
7f050438f000-7f050458e000 ---p 0003d000 08:06 130821                     /lib/x86_64-linux-gnu/libpcre.so.3.13.1
7f050458e000-7f050458f000 r--p 0003c000 08:06 130821                     /lib/x86_64-linux-gnu/libpcre.so.3.13.1
7f050458f000-7f0504590000 rw-p 0003d000 08:06 130821                     /lib/x86_64-linux-gnu/libpcre.so.3.13.1
7f0504590000-7f0504597000 r-xp 00000000 08:06 1447540                    /usr/lib/x86_64-linux-gnu/libffi.so.6.0.1
7f0504597000-7f0504796000 ---p 00007000 08:06 1447540                    /usr/lib/x86_64-linux-gnu/libffi.so.6.0.1
7f0504796000-7f0504797000 r--p 00006000 08:06 1447540                    /usr/lib/x86_64-linux-gnu/libffi.so.6.0.1
7f0504797000-7f0504798000 rw-p 00007000 08:06 1447540                    /usr/lib/x86_64-linux-gnu/libffi.so.6.0.1
7f0504798000-7f05047af000 r-xp 00000000 08:06 134868                     /lib/x86_64-linux-gnu/libresolv-2.19.so
7f05047af000-7f05049af000 ---p 00017000 08:06 134868                     /lib/x86_64-linux-gnu/libresolv-2.19.so
7f05049af000-7f05049b0000 r--p 00017000 08:06 134868                     /lib/x86_64-linux-gnu/libresolv-2.19.so
7f05049b0000-7f05049b1000 rw-p 00018000 08:06 134868                     /lib/x86_64-linux-gnu/libresolv-2.19.so
7f05049b1000-7f05049b3000 rw-p 00000000 00:00 0 
7f05049b3000-7f05049d3000 r-xp 00000000 08:06 135079                     /lib/x86_64-linux-gnu/libselinux.so.1
7f05049d3000-7f0504bd2000 ---p 00020000 08:06 135079                     /lib/x86_64-linux-gnu/libselinux.so.1
7f0504bd2000-7f0504bd3000 r--p 0001f000 08:06 135079                     /lib/x86_64-linux-gnu/libselinux.so.1
7f0504bd3000-7f0504bd4000 rw-p 00020000 08:06 135079                     /lib/x86_64-linux-gnu/libselinux.so.1
7f0504bd4000-7f0504bd6000 rw-p 00000000 00:00 0 
7f0504bd6000-7f0504bd9000 r-xp 00000000 08:06 1439340                    /usr/lib/x86_64-linux-gnu/libgmodule-2.0.so.0.4002.0
7f0504bd9000-7f0504dd8000 ---p 00003000 08:06 1439340                    /usr/lib/x86_64-linux-gnu/libgmodule-2.0.so.0.4002.0
7f0504dd8000-7f0504dd9000 r--p 00002000 08:06 1439340                    /usr/lib/x86_64-linux-gnu/libgmodule-2.0.so.0.4002.0
7f0504dd9000-7f0504dda000 rw-p 00003000 08:06 1439340                    /usr/lib/x86_64-linux-gnu/libgmodule-2.0.so.0.4002.0
7f0504dda000-7f0504ee0000 r-xp 00000000 08:06 134871                     /lib/x86_64-linux-gnu/libglib-2.0.so.0.4002.0
7f0504ee0000-7f05050df000 ---p 00106000 08:06 134871                     /lib/x86_64-linux-gnu/libglib-2.0.so.0.4002.0
7f05050df000-7f05050e0000 r--p 00105000 08:06 134871                     /lib/x86_64-linux-gnu/libglib-2.0.so.0.4002.0
7f05050e0000-7f05050e1000 rw-p 00106000 08:06 134871                     /lib/x86_64-linux-gnu/libglib-2.0.so.0.4002.0
7f05050e1000-7f05050e2000 rw-p 00000000 00:00 0 
7f05050e2000-7f0505131000 r-xp 00000000 08:06 1439358                    /usr/lib/x86_64-linux-gnu/libgobject-2.0.so.0.4002.0
7f0505131000-7f0505331000 ---p 0004f000 08:06 1439358                    /usr/lib/x86_64-linux-gnu/libgobject-2.0.so.0.4002.0
7f0505331000-7f0505332000 r--p 0004f000 08:06 1439358                    /usr/lib/x86_64-linux-gnu/libgobject-2.0.so.0.4002.0
7f0505332000-7f0505333000 rw-p 00050000 08:06 1439358                    /usr/lib/x86_64-linux-gnu/libgobject-2.0.so.0.4002.0
7f0505333000-7f050549f000 r-xp 00000000 08:06 1439362                    /usr/lib/x86_64-linux-gnu/libgio-2.0.so.0.4002.0
7f050549f000-7f050569e000 ---p 0016c000 08:06 1439362                    /usr/lib/x86_64-linux-gnu/libgio-2.0.so.0.4002.0
7f050569e000-7f05056a2000 r--p 0016b000 08:06 1439362                    /usr/lib/x86_64-linux-gnu/libgio-2.0.so.0.4002.0
7f05056a2000-7f05056a4000 rw-p 0016f000 08:06 1439362                    /usr/lib/x86_64-linux-gnu/libgio-2.0.so.0.4002.0
7f05056a4000-7f05056a6000 rw-p 00000000 00:00 0 
7f05056a6000-7f05056bd000 r-xp 00000000 08:06 1489830                    /usr/lib/jvm/java-7-openjdk-amd64/jre/lib/amd64/libnet.so
7f05056bd000-7f05058bc000 ---p 00017000 08:06 1489830                    /usr/lib/jvm/java-7-openjdk-amd64/jre/lib/amd64/libnet.so
7f05058bc000-7f05058bd000 r--p 00016000 08:06 1489830                    /usr/lib/jvm/java-7-openjdk-amd64/jre/lib/amd64/libnet.so
7f05058bd000-7f05058be000 rw-p 00017000 08:06 1489830                    /usr/lib/jvm/java-7-openjdk-amd64/jre/lib/amd64/libnet.so
7f05058be000-7f05058ce000 r-xp 00000000 08:06 1489812                    /usr/lib/jvm/java-7-openjdk-amd64/jre/lib/amd64/libnio.so
7f05058ce000-7f0505ace000 ---p 00010000 08:06 1489812                    /usr/lib/jvm/java-7-openjdk-amd64/jre/lib/amd64/libnio.so
7f0505ace000-7f0505acf000 r--p 00010000 08:06 1489812                    /usr/lib/jvm/java-7-openjdk-amd64/jre/lib/amd64/libnio.so
7f0505acf000-7f0505ad0000 rw-p 00011000 08:06 1489812                    /usr/lib/jvm/java-7-openjdk-amd64/jre/lib/amd64/libnio.so
7f0505ad0000-7f0508000000 rw-p 00000000 00:00 0 
7f0508000000-7f0508021000 rw-p 00000000 00:00 0 
7f0508021000-7f050c000000 ---p 00000000 00:00 0 
7f050c0a7000-7f050c0aa000 ---p 00000000 00:00 0 
7f050c0aa000-7f050c1a8000 rw-p 00000000 00:00 0                          [stack:9014]
7f050c1a8000-7f050c1a9000 ---p 00000000 00:00 0 
7f050c1a9000-7f050c2a9000 rw-p 00000000 00:00 0                          [stack:9013]
7f050c2a9000-7f050c2ac000 ---p 00000000 00:00 0 
7f050c2ac000-7f050c3aa000 rw-p 00000000 00:00 0                          [stack:9012]
7f050c3aa000-7f050c3ad000 ---p 00000000 00:00 0 
7f050c3ad000-7f050c4ab000 rw-p 00000000 00:00 0                          [stack:9011]
7f050c4ab000-7f050c4ae000 ---p 00000000 00:00 0 
7f050c4ae000-7f050c5ac000 rw-p 00000000 00:00 0                          [stack:9009]
7f050c5ac000-7f050c5af000 ---p 00000000 00:00 0 
7f050c5af000-7f050c6ad000 rw-p 00000000 00:00 0                          [stack:9008]
7f050c6ad000-7f050ceff000 r--p 00000000 08:06 1447082                    /usr/lib/locale/locale-archive
7f050ceff000-7f050cf02000 ---p 00000000 00:00 0 
7f050cf02000-7f050d000000 rw-p 00000000 00:00 0                          [stack:9003]
7f050d000000-7f050d270000 rwxp 00000000 00:00 0 
7f050d270000-7f05101ae000 rw-p 00000000 00:00 0 
7f05101ae000-7f0514000000 ---p 00000000 00:00 0 
7f0514075000-7f05140a6000 rw-p 00000000 00:00 0 
7f05140c2000-7f05140c6000 r--s 00045000 08:06 3245229                    /home/tulin/AndroidStudioProjects/CamApp/app/build/intermediates/exploded-aar/com.android.support/recyclerview-v7/23.2.0/jars/classes.jar
7f05140c6000-7f05140d5000 r--s 000df000 08:06 3216701                    /home/tulin/Android/Sdk/build-tools/23.0.2/lib/dx.jar
7f05140d5000-7f05140d8000 ---p 00000000 00:00 0 
7f05140d8000-7f05141d6000 rw-p 00000000 00:00 0                          [stack:9001]
7f05141d6000-7f05141d7000 ---p 00000000 00:00 0 
7f05141d7000-7f05152d4000 rw-p 00000000 00:00 0                          [stack:8999]
7f05152d4000-7f0515486000 r--s 01d2f000 08:06 1489796                    /usr/lib/jvm/java-7-openjdk-amd64/jre/lib/rt.jar
7f0515486000-7f05157d2000 rw-p 00000000 00:00 0 
7f05157d2000-7f05157d3000 ---p 00000000 00:00 0 
7f05157d3000-7f05158d3000 rw-p 00000000 00:00 0                          [stack:8993]
7f05158d3000-7f05158d4000 ---p 00000000 00:00 0 
7f05158d4000-7f05159d4000 rw-p 00000000 00:00 0                          [stack:8992]
7f05159d4000-7f05159d5000 ---p 00000000 00:00 0 
7f05159d5000-7f0515ad5000 rw-p 00000000 00:00 0                          [stack:8991]
7f0515ad5000-7f0515ad6000 ---p 00000000 00:00 0 
7f0515ad6000-7f0515be1000 rw-p 00000000 00:00 0                          [stack:8986]
7f0515be1000-7f0515c29000 rw-p 00000000 00:00 0 
7f0515c29000-7f0515c3d000 rw-p 00000000 00:00 0 
7f0515c3d000-7f0515d7f000 rw-p 00000000 00:00 0 
7f0515d7f000-7f0515d8a000 rw-p 00000000 00:00 0 
7f0515d8a000-7f0515dd2000 rw-p 00000000 00:00 0 
7f0515dd2000-7f0515de6000 rw-p 00000000 00:00 0 
7f0515de6000-7f0515f27000 rw-p 00000000 00:00 0 
7f0515f27000-7f0515f32000 rw-p 00000000 00:00 0 
7f0515f32000-7f0515fd2000 rw-p 00000000 00:00 0 
7f0515fd2000-7f0515fd3000 rw-p 00000000 00:00 0 
7f0515fd3000-7f0515fdb000 r-xp 00000000 08:06 1489805                    /usr/lib/jvm/java-7-openjdk-amd64/jre/lib/amd64/libzip.so
7f0515fdb000-7f05161da000 ---p 00008000 08:06 1489805                    /usr/lib/jvm/java-7-openjdk-amd64/jre/lib/amd64/libzip.so
7f05161da000-7f05161db000 r--p 00007000 08:06 1489805                    /usr/lib/jvm/java-7-openjdk-amd64/jre/lib/amd64/libzip.so
7f05161db000-7f05161dc000 rw-p 00008000 08:06 1489805                    /usr/lib/jvm/java-7-openjdk-amd64/jre/lib/amd64/libzip.so
7f05161dc000-7f05161e7000 r-xp 00000000 08:06 184225                     /lib/x86_64-linux-gnu/libnss_files-2.19.so
7f05161e7000-7f05163e6000 ---p 0000b000 08:06 184225                     /lib/x86_64-linux-gnu/libnss_files-2.19.so
7f05163e6000-7f05163e7000 r--p 0000a000 08:06 184225                     /lib/x86_64-linux-gnu/libnss_files-2.19.so
7f05163e7000-7f05163e8000 rw-p 0000b000 08:06 184225                     /lib/x86_64-linux-gnu/libnss_files-2.19.so
7f05163e8000-7f05163f3000 r-xp 00000000 08:06 145746                     /lib/x86_64-linux-gnu/libnss_nis-2.19.so
7f05163f3000-7f05165f2000 ---p 0000b000 08:06 145746                     /lib/x86_64-linux-gnu/libnss_nis-2.19.so
7f05165f2000-7f05165f3000 r--p 0000a000 08:06 145746                     /lib/x86_64-linux-gnu/libnss_nis-2.19.so
7f05165f3000-7f05165f4000 rw-p 0000b000 08:06 145746                     /lib/x86_64-linux-gnu/libnss_nis-2.19.so
7f05165f4000-7f051660b000 r-xp 00000000 08:06 145742                     /lib/x86_64-linux-gnu/libnsl-2.19.so
7f051660b000-7f051680a000 ---p 00017000 08:06 145742                     /lib/x86_64-linux-gnu/libnsl-2.19.so
7f051680a000-7f051680b000 r--p 00016000 08:06 145742                     /lib/x86_64-linux-gnu/libnsl-2.19.so
7f051680b000-7f051680c000 rw-p 00017000 08:06 145742                     /lib/x86_64-linux-gnu/libnsl-2.19.so
7f051680c000-7f051680e000 rw-p 00000000 00:00 0 
7f051680e000-7f0516817000 r-xp 00000000 08:06 145741                     /lib/x86_64-linux-gnu/libnss_compat-2.19.so
7f0516817000-7f0516a16000 ---p 00009000 08:06 145741                     /lib/x86_64-linux-gnu/libnss_compat-2.19.so
7f0516a16000-7f0516a17000 r--p 00008000 08:06 145741                     /lib/x86_64-linux-gnu/libnss_compat-2.19.so
7f0516a17000-7f0516a18000 rw-p 00009000 08:06 145741                     /lib/x86_64-linux-gnu/libnss_compat-2.19.so
7f0516a18000-7f0516a43000 r-xp 00000000 08:06 1489826                    /usr/lib/jvm/java-7-openjdk-amd64/jre/lib/amd64/libjava.so
7f0516a43000-7f0516c43000 ---p 0002b000 08:06 1489826                    /usr/lib/jvm/java-7-openjdk-amd64/jre/lib/amd64/libjava.so
7f0516c43000-7f0516c44000 r--p 0002b000 08:06 1489826                    /usr/lib/jvm/java-7-openjdk-amd64/jre/lib/amd64/libjava.so
7f0516c44000-7f0516c46000 rw-p 0002c000 08:06 1489826                    /usr/lib/jvm/java-7-openjdk-amd64/jre/lib/amd64/libjava.so
7f0516c46000-7f0516c56000 r-xp 00000000 08:06 1489810                    /usr/lib/jvm/java-7-openjdk-amd64/jre/lib/amd64/libverify.so
7f0516c56000-7f0516e55000 ---p 00010000 08:06 1489810                    /usr/lib/jvm/java-7-openjdk-amd64/jre/lib/amd64/libverify.so
7f0516e55000-7f0516e57000 r--p 0000f000 08:06 1489810                    /usr/lib/jvm/java-7-openjdk-amd64/jre/lib/amd64/libverify.so
7f0516e57000-7f0516e58000 rw-p 00011000 08:06 1489810                    /usr/lib/jvm/java-7-openjdk-amd64/jre/lib/amd64/libverify.so
7f0516e58000-7f0516e5f000 r-xp 00000000 08:06 148472                     /lib/x86_64-linux-gnu/librt-2.19.so
7f0516e5f000-7f051705e000 ---p 00007000 08:06 148472                     /lib/x86_64-linux-gnu/librt-2.19.so
7f051705e000-7f051705f000 r--p 00006000 08:06 148472                     /lib/x86_64-linux-gnu/librt-2.19.so
7f051705f000-7f0517060000 rw-p 00007000 08:06 148472                     /lib/x86_64-linux-gnu/librt-2.19.so
7f0517060000-7f0517076000 r-xp 00000000 08:06 131070                     /lib/x86_64-linux-gnu/libgcc_s.so.1
7f0517076000-7f0517275000 ---p 00016000 08:06 131070                     /lib/x86_64-linux-gnu/libgcc_s.so.1
7f0517275000-7f0517276000 rw-p 00015000 08:06 131070                     /lib/x86_64-linux-gnu/libgcc_s.so.1
7f0517276000-7f051737b000 r-xp 00000000 08:06 135048                     /lib/x86_64-linux-gnu/libm-2.19.so
7f051737b000-7f051757a000 ---p 00105000 08:06 135048                     /lib/x86_64-linux-gnu/libm-2.19.so
7f051757a000-7f051757b000 r--p 00104000 08:06 135048                     /lib/x86_64-linux-gnu/libm-2.19.so
7f051757b000-7f051757c000 rw-p 00105000 08:06 135048                     /lib/x86_64-linux-gnu/libm-2.19.so
7f051757c000-7f0517662000 r-xp 00000000 08:06 1439330                    /usr/lib/x86_64-linux-gnu/libstdc++.so.6.0.19
7f0517662000-7f0517861000 ---p 000e6000 08:06 1439330                    /usr/lib/x86_64-linux-gnu/libstdc++.so.6.0.19
7f0517861000-7f0517869000 r--p 000e5000 08:06 1439330                    /usr/lib/x86_64-linux-gnu/libstdc++.so.6.0.19
7f0517869000-7f051786b000 rw-p 000ed000 08:06 1439330                    /usr/lib/x86_64-linux-gnu/libstdc++.so.6.0.19
7f051786b000-7f0517880000 rw-p 00000000 00:00 0 
7f0517880000-7f05183a5000 r-xp 00000000 08:06 1489806                    /usr/lib/jvm/java-7-openjdk-amd64/jre/lib/amd64/server/libjvm.so
7f05183a5000-7f05185a5000 ---p 00b25000 08:06 1489806                    /usr/lib/jvm/java-7-openjdk-amd64/jre/lib/amd64/server/libjvm.so
7f05185a5000-7f051863f000 r--p 00b25000 08:06 1489806                    /usr/lib/jvm/java-7-openjdk-amd64/jre/lib/amd64/server/libjvm.so
7f051863f000-7f0518662000 rw-p 00bbf000 08:06 1489806                    /usr/lib/jvm/java-7-openjdk-amd64/jre/lib/amd64/server/libjvm.so
7f0518662000-7f0518690000 rw-p 00000000 00:00 0 
7f0518690000-7f05186a8000 r-xp 00000000 08:06 135112                     /lib/x86_64-linux-gnu/libz.so.1.2.8
7f05186a8000-7f05188a7000 ---p 00018000 08:06 135112                     /lib/x86_64-linux-gnu/libz.so.1.2.8
7f05188a7000-7f05188a8000 r--p 00017000 08:06 135112                     /lib/x86_64-linux-gnu/libz.so.1.2.8
7f05188a8000-7f05188a9000 rw-p 00018000 08:06 135112                     /lib/x86_64-linux-gnu/libz.so.1.2.8
7f05188a9000-7f05188c2000 r-xp 00000000 08:06 145743                     /lib/x86_64-linux-gnu/libpthread-2.19.so
7f05188c2000-7f0518ac1000 ---p 00019000 08:06 145743                     /lib/x86_64-linux-gnu/libpthread-2.19.so
7f0518ac1000-7f0518ac2000 r--p 00018000 08:06 145743                     /lib/x86_64-linux-gnu/libpthread-2.19.so
7f0518ac2000-7f0518ac3000 rw-p 00019000 08:06 145743                     /lib/x86_64-linux-gnu/libpthread-2.19.so
7f0518ac3000-7f0518ac7000 rw-p 00000000 00:00 0 
7f0518ac7000-7f0518aca000 r-xp 00000000 08:06 145738                     /lib/x86_64-linux-gnu/libdl-2.19.so
7f0518aca000-7f0518cc9000 ---p 00003000 08:06 145738                     /lib/x86_64-linux-gnu/libdl-2.19.so
7f0518cc9000-7f0518cca000 r--p 00002000 08:06 145738                     /lib/x86_64-linux-gnu/libdl-2.19.so
7f0518cca000-7f0518ccb000 rw-p 00003000 08:06 145738                     /lib/x86_64-linux-gnu/libdl-2.19.so
7f0518ccb000-7f0518e86000 r-xp 00000000 08:06 148473                     /lib/x86_64-linux-gnu/libc-2.19.so
7f0518e86000-7f0519085000 ---p 001bb000 08:06 148473                     /lib/x86_64-linux-gnu/libc-2.19.so
7f0519085000-7f0519089000 r--p 001ba000 08:06 148473                     /lib/x86_64-linux-gnu/libc-2.19.so
7f0519089000-7f051908b000 rw-p 001be000 08:06 148473                     /lib/x86_64-linux-gnu/libc-2.19.so
7f051908b000-7f0519090000 rw-p 00000000 00:00 0 
7f0519090000-7f051909d000 r-xp 00000000 08:06 1489800                    /usr/lib/jvm/java-7-openjdk-amd64/jre/lib/amd64/jli/libjli.so
7f051909d000-7f051929c000 ---p 0000d000 08:06 1489800                    /usr/lib/jvm/java-7-openjdk-amd64/jre/lib/amd64/jli/libjli.so
7f051929c000-7f051929d000 r--p 0000c000 08:06 1489800                    /usr/lib/jvm/java-7-openjdk-amd64/jre/lib/amd64/jli/libjli.so
7f051929d000-7f051929e000 rw-p 0000d000 08:06 1489800                    /usr/lib/jvm/java-7-openjdk-amd64/jre/lib/amd64/jli/libjli.so
7f051929e000-7f05192c1000 r-xp 00000000 08:06 145744                     /lib/x86_64-linux-gnu/ld-2.19.so
7f05192c1000-7f05192c4000 r--s 0000f000 08:06 1489840                    /usr/lib/jvm/java-7-openjdk-amd64/jre/lib/ext/icedtea-sound.jar
7f05192c4000-7f05192e6000 rw-p 00000000 00:00 0 
7f05192e6000-7f051939c000 rw-p 00000000 00:00 0 
7f051939c000-7f051939f000 ---p 00000000 00:00 0 
7f051939f000-7f05194a3000 rw-p 00000000 00:00 0                          [stack:8983]
7f05194a3000-7f05194a5000 r--s 00012000 08:06 1489837                    /usr/lib/jvm/java-7-openjdk-amd64/jre/lib/ext/zipfs.jar
7f05194a5000-7f05194a6000 r--s 00002000 08:06 1489839                    /usr/lib/jvm/java-7-openjdk-amd64/jre/lib/ext/dnsns.jar
7f05194a6000-7f05194a8000 r--s 00006000 08:06 1840524                    /usr/share/java/java-atk-wrapper.jar
7f05194a8000-7f05194ac000 r--s 0003c000 08:06 1489838                    /usr/lib/jvm/java-7-openjdk-amd64/jre/lib/ext/sunpkcs11.jar
7f05194ac000-7f05194b0000 r--s 00034000 08:06 1489836                    /usr/lib/jvm/java-7-openjdk-amd64/jre/lib/ext/sunjce_provider.jar
7f05194b0000-7f05194b4000 r--s 00085000 08:06 1489835                    /usr/lib/jvm/java-7-openjdk-amd64/jre/lib/ext/localedata.jar
7f05194b4000-7f05194bc000 rw-s 00000000 08:06 1840845                    /tmp/hsperfdata_tulin/8972
7f05194bc000-7f05194bd000 rw-p 00000000 00:00 0 
7f05194bd000-7f05194be000 ---p 00000000 00:00 0 
7f05194be000-7f05194c0000 rw-p 00000000 00:00 0 
7f05194c0000-7f05194c1000 r--p 00022000 08:06 145744                     /lib/x86_64-linux-gnu/ld-2.19.so
7f05194c1000-7f05194c2000 rw-p 00023000 08:06 145744                     /lib/x86_64-linux-gnu/ld-2.19.so
7f05194c2000-7f05194c3000 rw-p 00000000 00:00 0 
7ffc8f489000-7ffc8f4aa000 rw-p 00000000 00:00 0                          [stack]
7ffc8f5f6000-7ffc8f5f8000 r-xp 00000000 00:00 0                          [vdso]
ffffffffff600000-ffffffffff601000 r-xp 00000000 00:00 0                  [vsyscall]

VM Arguments:
jvm_args: -Djava.awt.headless=true -Xmx1024M -Dfile.encoding=UTF-8 -Duser.country=US -Duser.language=en -Duser.variant 
java_command: com.android.dx.command.Main --dex --num-threads=4 --output /home/tulin/AndroidStudioProjects/CamApp/app/build/intermediates/pre-dexed/debug/com.android.support-recyclerview-v7-23.2.0_1e698ea31065689c0b0084fe9b14c8639469b576.jar /home/tulin/AndroidStudioProjects/CamApp/app/build/intermediates/exploded-aar/com.android.support/recyclerview-v7/23.2.0/jars/classes.jar
Launcher Type: SUN_STANDARD

Environment Variables:
PATH=/usr/local/sbin:/usr/local/bin:/usr/sbin:/usr/bin:/sbin:/bin:/usr/games:/usr/local/games
SHELL=/bin/bash
DISPLAY=:0

Signal Handlers:
SIGSEGV: [libjvm.so+0x955bc0], sa_mask[0]=0x7ffbfeff, sa_flags=0x10000004
SIGBUS: [libjvm.so+0x955bc0], sa_mask[0]=0x7ffbfeff, sa_flags=0x10000004
SIGFPE: [libjvm.so+0x7caff0], sa_mask[0]=0x7ffbfeff, sa_flags=0x10000004
SIGPIPE: [libjvm.so+0x7caff0], sa_mask[0]=0x7ffbfeff, sa_flags=0x10000004
SIGXFSZ: [libjvm.so+0x7caff0], sa_mask[0]=0x7ffbfeff, sa_flags=0x10000004
SIGILL: [libjvm.so+0x7caff0], sa_mask[0]=0x7ffbfeff, sa_flags=0x10000004
SIGUSR1: SIG_DFL, sa_mask[0]=0x00000000, sa_flags=0x00000000
SIGUSR2: [libjvm.so+0x7cae90], sa_mask[0]=0x00000004, sa_flags=0x10000004
SIGHUP: [libjvm.so+0x7cb070], sa_mask[0]=0x7ffbfeff, sa_flags=0x10000004
SIGINT: [libjvm.so+0x7cb070], sa_mask[0]=0x7ffbfeff, sa_flags=0x10000004
SIGTERM: [libjvm.so+0x7cb070], sa_mask[0]=0x7ffbfeff, sa_flags=0x10000004
SIGQUIT: [libjvm.so+0x7cb070], sa_mask[0]=0x7ffbfeff, sa_flags=0x10000004
SIGTRAP: SIG_DFL, sa_mask[0]=0x00000000, sa_flags=0x00000000


---------------  S Y S T E M  ---------------

OS:Ubuntu 14.04 (trusty)
uname:Linux 3.13.0-79-generic #123-Ubuntu SMP Fri Feb 19 14:27:58 UTC 2016 x86_64
libc:glibc 2.19 NPTL 2.19 
rlimit: STACK 8192k, CORE 0k, NPROC 30460, NOFILE 4096, AS infinity
load average:11,14 6,93 5,41

/proc/meminfo:
MemTotal:        3946988 kB
MemFree:          155444 kB
Buffers:             532 kB
Cached:           698204 kB
SwapCached:            0 kB
Active:          2931796 kB
Inactive:         680712 kB
Active(anon):    2930728 kB
Inactive(anon):   659788 kB
Active(file):       1068 kB
Inactive(file):    20924 kB
Unevictable:          32 kB
Mlocked:              32 kB
SwapTotal:             0 kB
SwapFree:              0 kB
Dirty:               856 kB
Writeback:             0 kB
AnonPages:       2914584 kB
Mapped:           198524 kB
Shmem:            675964 kB
Slab:              74288 kB
SReclaimable:      34784 kB
SUnreclaim:        39504 kB
KernelStack:        6464 kB
PageTables:        43296 kB
NFS_Unstable:          0 kB
Bounce:                0 kB
WritebackTmp:          0 kB
CommitLimit:     1973492 kB
Committed_AS:    8841544 kB
VmallocTotal:   34359738367 kB
VmallocUsed:      350184 kB
VmallocChunk:   34359381756 kB
HardwareCorrupted:     0 kB
AnonHugePages:   1165312 kB
HugePages_Total:       0
HugePages_Free:        0
HugePages_Rsvd:        0
HugePages_Surp:        0
Hugepagesize:       2048 kB
DirectMap4k:       66592 kB
DirectMap2M:     4028416 kB


CPU:total 4 (2 cores per cpu, 2 threads per core) family 6 model 42 stepping 7, cmov, cx8, fxsr, mmx, sse, sse2, sse3, ssse3, sse4.1, sse4.2, popcnt, avx, aes, ht, tsc, tscinvbit

/proc/cpuinfo:
processor	: 0
vendor_id	: GenuineIntel
cpu family	: 6
model		: 42
model name	: Intel(R) Core(TM) i5-2557M CPU @ 1.70GHz
stepping	: 7
microcode	: 0x1a
cpu MHz		: 1701.000
cache size	: 3072 KB
physical id	: 0
siblings	: 4
core id		: 0
cpu cores	: 2
apicid		: 0
initial apicid	: 0
fpu		: yes
fpu_exception	: yes
cpuid level	: 13
wp		: yes
flags		: fpu vme de pse tsc msr pae mce cx8 apic sep mtrr pge mca cmov pat pse36 clflush dts acpi mmx fxsr sse sse2 ss ht tm pbe syscall nx rdtscp lm constant_tsc arch_perfmon pebs bts rep_good nopl xtopology nonstop_tsc aperfmperf eagerfpu pni pclmulqdq dtes64 monitor ds_cpl vmx smx est tm2 ssse3 cx16 xtpr pdcm pcid sse4_1 sse4_2 x2apic popcnt tsc_deadline_timer aes xsave avx lahf_lm ida arat epb xsaveopt pln pts dtherm tpr_shadow vnmi flexpriority ept vpid
bogomips	: 3392.10
clflush size	: 64
cache_alignment	: 64
address sizes	: 36 bits physical, 48 bits virtual
power management:

processor	: 1
vendor_id	: GenuineIntel
cpu family	: 6
model		: 42
model name	: Intel(R) Core(TM) i5-2557M CPU @ 1.70GHz
stepping	: 7
microcode	: 0x1a
cpu MHz		: 1701.000
cache size	: 3072 KB
physical id	: 0
siblings	: 4
core id		: 1
cpu cores	: 2
apicid		: 2
initial apicid	: 2
fpu		: yes
fpu_exception	: yes
cpuid level	: 13
wp		: yes
flags		: fpu vme de pse tsc msr pae mce cx8 apic sep mtrr pge mca cmov pat pse36 clflush dts acpi mmx fxsr sse sse2 ss ht tm pbe syscall nx rdtscp lm constant_tsc arch_perfmon pebs bts rep_good nopl xtopology nonstop_tsc aperfmperf eagerfpu pni pclmulqdq dtes64 monitor ds_cpl vmx smx est tm2 ssse3 cx16 xtpr pdcm pcid sse4_1 sse4_2 x2apic popcnt tsc_deadline_timer aes xsave avx lahf_lm ida arat epb xsaveopt pln pts dtherm tpr_shadow vnmi flexpriority ept vpid
bogomips	: 3392.10
clflush size	: 64
cache_alignment	: 64
address sizes	: 36 bits physical, 48 bits virtual
power management:

processor	: 2
vendor_id	: GenuineIntel
cpu family	: 6
model		: 42
model name	: Intel(R) Core(TM) i5-2557M CPU @ 1.70GHz
stepping	: 7
microcode	: 0x1a
cpu MHz		: 1701.000
cache size	: 3072 KB
physical id	: 0
siblings	: 4
core id		: 0
cpu cores	: 2
apicid		: 1
initial apicid	: 1
fpu		: yes
fpu_exception	: yes
cpuid level	: 13
wp		: yes
flags		: fpu vme de pse tsc msr pae mce cx8 apic sep mtrr pge mca cmov pat pse36 clflush dts acpi mmx fxsr sse sse2 ss ht tm pbe syscall nx rdtscp lm constant_tsc arch_perfmon pebs bts rep_good nopl xtopology nonstop_tsc aperfmperf eagerfpu pni pclmulqdq dtes64 monitor ds_cpl vmx smx est tm2 ssse3 cx16 xtpr pdcm pcid sse4_1 sse4_2 x2apic popcnt tsc_deadline_timer aes xsave avx lahf_lm ida arat epb xsaveopt pln pts dtherm tpr_shadow vnmi flexpriority ept vpid
bogomips	: 3392.10
clflush size	: 64
cache_alignment	: 64
address sizes	: 36 bits physical, 48 bits virtual
power management:

processor	: 3
vendor_id	: GenuineIntel
cpu family	: 6
model		: 42
model name	: Intel(R) Core(TM) i5-2557M CPU @ 1.70GHz
stepping	: 7
microcode	: 0x1a
cpu MHz		: 1701.000
cache size	: 3072 KB
physical id	: 0
siblings	: 4
core id		: 1
cpu cores	: 2
apicid		: 3
initial apicid	: 3
fpu		: yes
fpu_exception	: yes
cpuid level	: 13
wp		: yes
flags		: fpu vme de pse tsc msr pae mce cx8 apic sep mtrr pge mca cmov pat pse36 clflush dts acpi mmx fxsr sse sse2 ss ht tm pbe syscall nx rdtscp lm constant_tsc arch_perfmon pebs bts rep_good nopl xtopology nonstop_tsc aperfmperf eagerfpu pni pclmulqdq dtes64 monitor ds_cpl vmx smx est tm2 ssse3 cx16 xtpr pdcm pcid sse4_1 sse4_2 x2apic popcnt tsc_deadline_timer aes xsave avx lahf_lm ida arat epb xsaveopt pln pts dtherm tpr_shadow vnmi flexpriority ept vpid
bogomips	: 3392.10
clflush size	: 64
cache_alignment	: 64
address sizes	: 36 bits physical, 48 bits virtual
power management:



Memory: 4k page, physical 3946988k(155444k free), swap 0k(0k free)

vm_info: OpenJDK 64-Bit Server VM (24.95-b01) for linux-amd64 JRE (1.7.0_95-b00), built on Jan 21 2016 03:31:40 by "buildd" with gcc 4.8.4

time: Wed Mar 23 15:50:58 2016
elapsed time: 6 seconds

