#
# There is insufficient memory for the Java Runtime Environment to continue.
# Native memory allocation (malloc) failed to allocate 111673344 bytes for committing reserved memory.
# Possible reasons:
#   The system is out of physical RAM or swap space
#   In 32 bit mode, the process size limit was hit
# Possible solutions:
#   Reduce memory load on the system
#   Increase physical memory or swap space
#   Check if swap backing store is full
#   Use 64 bit Java on a 64 bit OS
#   Decrease Java heap size (-Xmx/-Xms)
#   Decrease number of Java threads
#   Decrease Java thread stack sizes (-Xss)
#   Set larger code cache with -XX:ReservedCodeCacheSize=
# This output file may be truncated or incomplete.
#
#  Out of Memory Error (os_linux.cpp:2827), pid=8907, tid=140323037386496
#
# JRE version: OpenJDK Runtime Environment (7.0_101) (build 1.7.0_101-b00)
# Java VM: OpenJDK 64-Bit Server VM (24.95-b01 mixed mode linux-amd64 compressed oops)
# Derivative: IcedTea 2.6.6
# Distribution: Ubuntu 14.04 LTS, package 7u101-2.6.6-0ubuntu0.14.04.1
# Failed to write core dump. Core dumps have been disabled. To enable core dumping, try "ulimit -c unlimited" before starting Java again
#

---------------  T H R E A D  ---------------

Current thread (0x00007f9f94076000):  VMThread [stack: 0x00007f9f80bc1000,0x00007f9f80cc2000] [id=8916]

Stack: [0x00007f9f80bc1000,0x00007f9f80cc2000],  sp=0x00007f9f80cc0490,  free space=1021k
Native frames: (J=compiled Java code, j=interpreted, Vv=VM code, C=native code)
V  [libjvm.so+0x955705]
V  [libjvm.so+0x490c44]
V  [libjvm.so+0x7d0c9b]
V  [libjvm.so+0x7cb75f]
V  [libjvm.so+0x83ee5b]
V  [libjvm.so+0x82f0ab]
V  [libjvm.so+0x82f26b]
V  [libjvm.so+0x830198]
V  [libjvm.so+0x836a44]
V  [libjvm.so+0x83cf9d]
V  [libjvm.so+0x7f34a3]
V  [libjvm.so+0x957104]
V  [libjvm.so+0x95b207]
V  [libjvm.so+0x959cc8]
V  [libjvm.so+0x95a129]
V  [libjvm.so+0x95a572]
V  [libjvm.so+0x7cdb62]

VM_Operation (0x00007f9f6a34a2f0): ParallelGCFailedAllocation, mode: safepoint, requested by thread 0x00007f9f941a8800


---------------  P R O C E S S  ---------------

Java Threads: ( => current thread )
  0x00007f9f941a8800 JavaThread "pool-1-thread-1" [_thread_blocked, id=8930, stack(0x00007f9f6a24b000,0x00007f9f6a34c000)]
  0x00007f9f940af800 JavaThread "Service Thread" daemon [_thread_blocked, id=8922, stack(0x00007f9f6bcfd000,0x00007f9f6bdfe000)]
  0x00007f9f940ad800 JavaThread "C2 CompilerThread1" daemon [_thread_blocked, id=8921, stack(0x00007f9f6bdfe000,0x00007f9f6beff000)]
  0x00007f9f940aa800 JavaThread "C2 CompilerThread0" daemon [_thread_blocked, id=8920, stack(0x00007f9f6beff000,0x00007f9f6c000000)]
  0x00007f9f940a8800 JavaThread "Signal Dispatcher" daemon [_thread_blocked, id=8919, stack(0x00007f9f8006c000,0x00007f9f8016d000)]
  0x00007f9f9407c000 JavaThread "Finalizer" daemon [_thread_blocked, id=8918, stack(0x00007f9f809bf000,0x00007f9f80ac0000)]
  0x00007f9f9407a000 JavaThread "Reference Handler" daemon [_thread_blocked, id=8917, stack(0x00007f9f80ac0000,0x00007f9f80bc1000)]
  0x00007f9f9400a800 JavaThread "main" [_thread_blocked, id=8911, stack(0x00007f9f9b2de000,0x00007f9f9b3df000)]

Other Threads:
=>0x00007f9f94076000 VMThread [stack: 0x00007f9f80bc1000,0x00007f9f80cc2000] [id=8916]
  0x00007f9f940ba800 WatcherThread [stack: 0x00007f9f6bbfc000,0x00007f9f6bcfd000] [id=8923]

VM state:at safepoint (normal execution)

VM Mutex/Monitor currently owned by a thread:  ([mutex/lock_event])
[0x00007f9f94006370] ExpandHeap_lock - owner thread: 0x00007f9f94076000
[0x00007f9f940069f0] Threads_lock - owner thread: 0x00007f9f94076000
[0x00007f9f94006ef0] Heap_lock - owner thread: 0x00007f9f941a8800

Heap
 PSYoungGen      total 248832K, used 0K [0x00000000eaa80000, 0x00000000ffc80000, 0x0000000100000000)
  eden space 147968K, 0% used [0x00000000eaa80000,0x00000000eaa80000,0x00000000f3b00000)
  from space 100864K, 0% used [0x00000000f3b00000,0x00000000f3b00000,0x00000000f9d80000)
  to   space 96768K, 0% used [0x00000000f9e00000,0x00000000f9e00000,0x00000000ffc80000)
 ParOldGen       total 282624K, used 255027K [0x00000000c0000000, 0x00000000d1400000, 0x00000000eaa80000)
  object space 282624K, 90% used [0x00000000c0000000,0x00000000cf90cca0,0x00000000d1400000)
 PSPermGen       total 21504K, used 6651K [0x00000000b5a00000, 0x00000000b6f00000, 0x00000000c0000000)
  object space 21504K, 30% used [0x00000000b5a00000,0x00000000b607eeb8,0x00000000b6f00000)

Card table byte_map: [0x00007f9f90ba3000,0x00007f9f90df7000] byte_map_base: 0x00007f9f905f6000

Polling page: 0x00007f9f9b402000

Code Cache  [0x00007f9f90df7000, 0x00007f9f91237000, 0x00007f9f93df7000)
 total_blobs=1418 nmethods=1187 adapters=184 free_code_cache=44882Kb largest_free_block=45901056

Compilation events (10 events):
Event: 17,346 Thread 0x00007f9f940ad800 1235             java.util.HashMap$Entry::getKey (5 bytes)
Event: 17,346 Thread 0x00007f9f940ad800 nmethod 1235 0x00007f9f912033d0 code [0x00007f9f91203500, 0x00007f9f91203558]
Event: 17,346 Thread 0x00007f9f940ad800 1236             java.util.HashMap$KeyIterator::next (8 bytes)
Event: 17,351 Thread 0x00007f9f940ad800 nmethod 1236 0x00007f9f90f90710 code [0x00007f9f90f90860, 0x00007f9f90f90a98]
Event: 17,351 Thread 0x00007f9f940ad800 1237             com.android.dx.dex.code.LocalSnapshot::getLocals (5 bytes)
Event: 17,351 Thread 0x00007f9f940ad800 nmethod 1237 0x00007f9f910ff3d0 code [0x00007f9f910ff500, 0x00007f9f910ff558]
Event: 17,351 Thread 0x00007f9f940ad800 1238 %           com.android.dx.dex.code.OutputFinisher::addConstants @ 47 (93 bytes)
Event: 17,354 Thread 0x00007f9f940ad800 nmethod 1238% 0x00007f9f910fef10 code [0x00007f9f910ff060, 0x00007f9f910ff208]
Event: 17,354 Thread 0x00007f9f940ad800 1239             com.android.dx.dex.code.OutputFinisher::addConstants (93 bytes)
Event: 17,367 Thread 0x00007f9f940ad800 nmethod 1239 0x00007f9f9122dc50 code [0x00007f9f9122dde0, 0x00007f9f9122e0c8]

GC Heap History (10 events):
Event: 13,600 GC heap after
Heap after GC invocations=14 (full 2):
 PSYoungGen      total 243712K, used 68067K [0x00000000eaa80000, 0x0000000100000000, 0x0000000100000000)
  eden space 175616K, 0% used [0x00000000eaa80000,0x00000000eaa80000,0x00000000f5600000)
  from space 68096K, 99% used [0x00000000fbd80000,0x00000000ffff8ef8,0x0000000100000000)
  to   space 87040K, 0% used [0x00000000f5600000,0x00000000f5600000,0x00000000fab00000)
 ParOldGen       total 164352K, used 112833K [0x00000000c0000000, 0x00000000ca080000, 0x00000000eaa80000)
  object space 164352K, 68% used [0x00000000c0000000,0x00000000c6e30748,0x00000000ca080000)
 PSPermGen       total 21504K, used 6573K [0x00000000b5a00000, 0x00000000b6f00000, 0x00000000c0000000)
  object space 21504K, 30% used [0x00000000b5a00000,0x00000000b606b568,0x00000000b6f00000)
}
Event: 14,044 GC heap before
{Heap before GC invocations=15 (full 2):
 PSYoungGen      total 243712K, used 243683K [0x00000000eaa80000, 0x0000000100000000, 0x0000000100000000)
  eden space 175616K, 100% used [0x00000000eaa80000,0x00000000f5600000,0x00000000f5600000)
  from space 68096K, 99% used [0x00000000fbd80000,0x00000000ffff8ef8,0x0000000100000000)
  to   space 87040K, 0% used [0x00000000f5600000,0x00000000f5600000,0x00000000fab00000)
 ParOldGen       total 164352K, used 112833K [0x00000000c0000000, 0x00000000ca080000, 0x00000000eaa80000)
  object space 164352K, 68% used [0x00000000c0000000,0x00000000c6e30748,0x00000000ca080000)
 PSPermGen       total 21504K, used 6576K [0x00000000b5a00000, 0x00000000b6f00000, 0x00000000c0000000)
  object space 21504K, 30% used [0x00000000b5a00000,0x00000000b606c358,0x00000000b6f00000)
Event: 14,294 GC heap after
Heap after GC invocations=15 (full 2):
 PSYoungGen      total 253440K, used 77690K [0x00000000eaa80000, 0x0000000100000000, 0x0000000100000000)
  eden space 175616K, 0% used [0x00000000eaa80000,0x00000000eaa80000,0x00000000f5600000)
  from space 77824K, 99% used [0x00000000f5600000,0x00000000fa1dead0,0x00000000fa200000)
  to   space 96256K, 0% used [0x00000000fa200000,0x00000000fa200000,0x0000000100000000)
 ParOldGen       total 164352K, used 133032K [0x00000000c0000000, 0x00000000ca080000, 0x00000000eaa80000)
  object space 164352K, 80% used [0x00000000c0000000,0x00000000c81ea1c0,0x00000000ca080000)
 PSPermGen       total 21504K, used 6576K [0x00000000b5a00000, 0x00000000b6f00000, 0x00000000c0000000)
  object space 21504K, 30% used [0x00000000b5a00000,0x00000000b606c358,0x00000000b6f00000)
}
Event: 14,769 GC heap before
{Heap before GC invocations=16 (full 2):
 PSYoungGen      total 253440K, used 253306K [0x00000000eaa80000, 0x0000000100000000, 0x0000000100000000)
  eden space 175616K, 100% used [0x00000000eaa80000,0x00000000f5600000,0x00000000f5600000)
  from space 77824K, 99% used [0x00000000f5600000,0x00000000fa1dead0,0x00000000fa200000)
  to   space 96256K, 0% used [0x00000000fa200000,0x00000000fa200000,0x0000000100000000)
 ParOldGen       total 164352K, used 133032K [0x00000000c0000000, 0x00000000ca080000, 0x00000000eaa80000)
  object space 164352K, 80% used [0x00000000c0000000,0x00000000c81ea1c0,0x00000000ca080000)
 PSPermGen       total 21504K, used 6583K [0x00000000b5a00000, 0x00000000b6f00000, 0x00000000c0000000)
  object space 21504K, 30% used [0x00000000b5a00000,0x00000000b606ddf8,0x00000000b6f00000)
Event: 14,887 GC heap after
Heap after GC invocations=16 (full 2):
 PSYoungGen      total 244224K, used 57696K [0x00000000eaa80000, 0x0000000100000000, 0x0000000100000000)
  eden space 147968K, 0% used [0x00000000eaa80000,0x00000000eaa80000,0x00000000f3b00000)
  from space 96256K, 59% used [0x00000000fa200000,0x00000000fda58008,0x0000000100000000)
  to   space 100864K, 0% used [0x00000000f3b00000,0x00000000f3b00000,0x00000000f9d80000)
 ParOldGen       total 181248K, used 180873K [0x00000000c0000000, 0x00000000cb100000, 0x00000000eaa80000)
  object space 181248K, 99% used [0x00000000c0000000,0x00000000cb0a2790,0x00000000cb100000)
 PSPermGen       total 21504K, used 6583K [0x00000000b5a00000, 0x00000000b6f00000, 0x00000000c0000000)
  object space 21504K, 30% used [0x00000000b5a00000,0x00000000b606ddf8,0x00000000b6f00000)
}
Event: 14,887 GC heap before
{Heap before GC invocations=17 (full 3):
 PSYoungGen      total 244224K, used 57696K [0x00000000eaa80000, 0x0000000100000000, 0x0000000100000000)
  eden space 147968K, 0% used [0x00000000eaa80000,0x00000000eaa80000,0x00000000f3b00000)
  from space 96256K, 59% used [0x00000000fa200000,0x00000000fda58008,0x0000000100000000)
  to   space 100864K, 0% used [0x00000000f3b00000,0x00000000f3b00000,0x00000000f9d80000)
 ParOldGen       total 181248K, used 180873K [0x00000000c0000000, 0x00000000cb100000, 0x00000000eaa80000)
  object space 181248K, 99% used [0x00000000c0000000,0x00000000cb0a2790,0x00000000cb100000)
 PSPermGen       total 21504K, used 6583K [0x00000000b5a00000, 0x00000000b6f00000, 0x00000000c0000000)
  object space 21504K, 30% used [0x00000000b5a00000,0x00000000b606ddf8,0x00000000b6f00000)
Event: 16,133 GC heap after
Heap after GC invocations=17 (full 3):
 PSYoungGen      total 244224K, used 52719K [0x00000000eaa80000, 0x0000000100000000, 0x0000000100000000)
  eden space 147968K, 0% used [0x00000000eaa80000,0x00000000eaa80000,0x00000000f3b00000)
  from space 96256K, 54% used [0x00000000fa200000,0x00000000fd57bda0,0x0000000100000000)
  to   space 100864K, 0% used [0x00000000f3b00000,0x00000000f3b00000,0x00000000f9d80000)
 ParOldGen       total 282624K, used 180839K [0x00000000c0000000, 0x00000000d1400000, 0x00000000eaa80000)
  object space 282624K, 63% used [0x00000000c0000000,0x00000000cb099c00,0x00000000d1400000)
 PSPermGen       total 21504K, used 6582K [0x00000000b5a00000, 0x00000000b6f00000, 0x00000000c0000000)
  object space 21504K, 30% used [0x00000000b5a00000,0x00000000b606dbf8,0x00000000b6f00000)
}
Event: 17,380 GC heap before
{Heap before GC invocations=18 (full 3):
 PSYoungGen      total 244224K, used 200687K [0x00000000eaa80000, 0x0000000100000000, 0x0000000100000000)
  eden space 147968K, 100% used [0x00000000eaa80000,0x00000000f3b00000,0x00000000f3b00000)
  from space 96256K, 54% used [0x00000000fa200000,0x00000000fd57bda0,0x0000000100000000)
  to   space 100864K, 0% used [0x00000000f3b00000,0x00000000f3b00000,0x00000000f9d80000)
 ParOldGen       total 282624K, used 180839K [0x00000000c0000000, 0x00000000d1400000, 0x00000000eaa80000)
  object space 282624K, 63% used [0x00000000c0000000,0x00000000cb099c00,0x00000000d1400000)
 PSPermGen       total 21504K, used 6651K [0x00000000b5a00000, 0x00000000b6f00000, 0x00000000c0000000)
  object space 21504K, 30% used [0x00000000b5a00000,0x00000000b607ef68,0x00000000b6f00000)
Event: 17,545 GC heap after
Heap after GC invocations=18 (full 3):
 PSYoungGen      total 248832K, used 24929K [0x00000000eaa80000, 0x00000000ffc80000, 0x0000000100000000)
  eden space 147968K, 0% used [0x00000000eaa80000,0x00000000eaa80000,0x00000000f3b00000)
  from space 100864K, 24% used [0x00000000f3b00000,0x00000000f5358720,0x00000000f9d80000)
  to   space 96768K, 0% used [0x00000000f9e00000,0x00000000f9e00000,0x00000000ffc80000)
 ParOldGen       total 282624K, used 232749K [0x00000000c0000000, 0x00000000d1400000, 0x00000000eaa80000)
  object space 282624K, 82% used [0x00000000c0000000,0x00000000ce34b5b0,0x00000000d1400000)
 PSPermGen       total 21504K, used 6651K [0x00000000b5a00000, 0x00000000b6f00000, 0x00000000c0000000)
  object space 21504K, 30% used [0x00000000b5a00000,0x00000000b607ef68,0x00000000b6f00000)
}
Event: 17,545 GC heap before
{Heap before GC invocations=19 (full 4):
 PSYoungGen      total 248832K, used 24929K [0x00000000eaa80000, 0x00000000ffc80000, 0x0000000100000000)
  eden space 147968K, 0% used [0x00000000eaa80000,0x00000000eaa80000,0x00000000f3b00000)
  from space 100864K, 24% used [0x00000000f3b00000,0x00000000f5358720,0x00000000f9d80000)
  to   space 96768K, 0% used [0x00000000f9e00000,0x00000000f9e00000,0x00000000ffc80000)
 ParOldGen       total 282624K, used 232749K [0x00000000c0000000, 0x00000000d1400000, 0x00000000eaa80000)
  object space 282624K, 82% used [0x00000000c0000000,0x00000000ce34b5b0,0x00000000d1400000)
 PSPermGen       total 21504K, used 6651K [0x00000000b5a00000, 0x00000000b6f00000, 0x00000000c0000000)
  object space 21504K, 30% used [0x00000000b5a00000,0x00000000b607ef68,0x00000000b6f00000)

Deoptimization events (10 events):
Event: 16,385 Thread 0x00007f9f941ba000 Uncommon trap: reason=unstable_if action=reinterpret pc=0x00007f9f911684b0 method=com.android.dx.rop.code.AccessFlags.isNative(I)Z @ 5
Event: 16,387 Thread 0x00007f9f941bd800 Uncommon trap: reason=unstable_if action=reinterpret pc=0x00007f9f911baed4 method=com.android.dx.rop.code.AccessFlags.isNative(I)Z @ 5
Event: 16,436 Thread 0x00007f9f941bc000 Uncommon trap: reason=bimorphic action=maybe_recompile pc=0x00007f9f911e429c method=com.android.dx.cf.code.BytecodeArray.parseInstruction(ILcom/android/dx/cf/code/BytecodeArray$Visitor;)I @ 891
Event: 16,436 Thread 0x00007f9f941bc000 Uncommon trap: reason=bimorphic action=maybe_recompile pc=0x00007f9f911e429c method=com.android.dx.cf.code.BytecodeArray.parseInstruction(ILcom/android/dx/cf/code/BytecodeArray$Visitor;)I @ 891
Event: 16,448 Thread 0x00007f9f941a8800 Uncommon trap: reason=unstable_if action=reinterpret pc=0x00007f9f9111e0e4 method=com.android.dx.ssa.InterferenceRegisterMapper.areAnyPinned(Lcom/android/dx/rop/code/RegisterSpecList;II)Z @ 55
Event: 16,678 Thread 0x00007f9f9400a800 Uncommon trap: reason=unstable_if action=reinterpret pc=0x00007f9f911233bc method=java.util.concurrent.locks.ReentrantLock$Sync.tryRelease(I)Z @ 28
Event: 16,713 Thread 0x00007f9f9400a800 Uncommon trap: reason=unstable_if action=reinterpret pc=0x00007f9f911274d0 method=java.util.concurrent.locks.ReentrantLock$Sync.tryRelease(I)Z @ 28
Event: 16,713 Thread 0x00007f9f9400a800 Uncommon trap: reason=unstable_if action=reinterpret pc=0x00007f9f9119d224 method=java.util.concurrent.locks.AbstractQueuedSynchronizer.release(I)Z @ 5
Event: 17,342 Thread 0x00007f9f941a8800 Uncommon trap: reason=unstable_if action=reinterpret pc=0x00007f9f91229d58 method=com.android.dx.dex.code.OutputFinisher.addConstants(Ljava/util/HashSet;Lcom/android/dx/rop/code/RegisterSpec;)V @ 32
Event: 17,375 Thread 0x00007f9f941a8800 Uncommon trap: reason=unstable_if action=reinterpret pc=0x00007f9f91202038 method=com.android.dx.dex.code.OutputFinisher.addConstants(Ljava/util/HashSet;Lcom/android/dx/rop/code/RegisterSpec;)V @ 32

Internal exceptions (10 events):
Event: 8,623 Thread 0x00007f9f9400a800 Threw 0x00000000ec18e150 at /build/openjdk-7-9duhBW/openjdk-7-7u101-2.6.6/build/openjdk/hotspot/src/share/vm/prims/jvm.cpp:1322
Event: 9,173 Thread 0x00007f9f9400a800 Threw 0x00000000f09f2830 at /build/openjdk-7-9duhBW/openjdk-7-7u101-2.6.6/build/openjdk/hotspot/src/share/vm/prims/jvm.cpp:1322
Event: 9,829 Thread 0x00007f9f941bd800 Implicit null exception at 0x00007f9f9100e12f to 0x00007f9f910102d1
Event: 10,845 Thread 0x00007f9f941a8800 Implicit null exception at 0x00007f9f91120544 to 0x00007f9f9112363d
Event: 12,268 Thread 0x00007f9f941ba000 Implicit null exception at 0x00007f9f91157035 to 0x00007f9f91158611
Event: 12,347 Thread 0x00007f9f941ba000 Threw 0x00000000f16f0868 at /build/openjdk-7-9duhBW/openjdk-7-7u101-2.6.6/build/openjdk/hotspot/src/share/vm/prims/jvm.cpp:1322
Event: 13,798 Thread 0x00007f9f941ba000 Implicit null exception at 0x00007f9f90f63ae9 to 0x00007f9f90f646c1
Event: 16,714 Thread 0x00007f9f9400a800 Threw 0x00000000f278b650 at /build/openjdk-7-9duhBW/openjdk-7-7u101-2.6.6/build/openjdk/hotspot/src/share/vm/prims/jvm.cpp:1322
Event: 16,725 Thread 0x00007f9f941a8800 Threw 0x00000000f35f3948 at /build/openjdk-7-9duhBW/openjdk-7-7u101-2.6.6/build/openjdk/hotspot/src/share/vm/prims/jvm.cpp:1322
Event: 17,171 Thread 0x00007f9f941a8800 Threw 0x00000000f38a6ff0 at /build/openjdk-7-9duhBW/openjdk-7-7u101-2.6.6/build/openjdk/hotspot/src/share/vm/prims/jvm.cpp:1322

Events (10 events):
Event: 17,246 Thread 0x00007f9f940ad800 flushing nmethod 0x00007f9f90f90390
Event: 17,279 Thread 0x00007f9f940ad800 flushing nmethod 0x00007f9f910c2a10
Event: 17,280 Thread 0x00007f9f940ad800 flushing nmethod 0x00007f9f910fef10
Event: 17,342 Thread 0x00007f9f941a8800 Uncommon trap: trap_request=0xffffff75 fr.pc=0x00007f9f91229d58
Event: 17,342 Thread 0x00007f9f941a8800 DEOPT PACKING pc=0x00007f9f91229d58 sp=0x00007f9f6a34a370
Event: 17,342 Thread 0x00007f9f941a8800 DEOPT UNPACKING pc=0x00007f9f90e30445 sp=0x00007f9f6a34a2c8 mode 2
Event: 17,375 Thread 0x00007f9f941a8800 Uncommon trap: trap_request=0xffffff75 fr.pc=0x00007f9f91202038
Event: 17,375 Thread 0x00007f9f941a8800 DEOPT PACKING pc=0x00007f9f91202038 sp=0x00007f9f6a34a3c0
Event: 17,375 Thread 0x00007f9f941a8800 DEOPT UNPACKING pc=0x00007f9f90e30445 sp=0x00007f9f6a34a370 mode 2
Event: 17,380 Executing VM operation: ParallelGCFailedAllocation


Dynamic libraries:
00400000-00401000 r-xp 00000000 08:06 1440510                            /usr/lib/jvm/java-7-openjdk-amd64/jre/bin/java
00600000-00601000 r--p 00000000 08:06 1440510                            /usr/lib/jvm/java-7-openjdk-amd64/jre/bin/java
00601000-00602000 rw-p 00001000 08:06 1440510                            /usr/lib/jvm/java-7-openjdk-amd64/jre/bin/java
00c73000-00c94000 rw-p 00000000 00:00 0                                  [heap]
b5a00000-b6f00000 rw-p 00000000 00:00 0 
b6f00000-c0000000 rw-p 00000000 00:00 0 
c0000000-d1400000 rw-p 00000000 00:00 0 
d7e80000-eaa80000 rw-p 00000000 00:00 0 
eaa80000-ffc80000 rw-p 00000000 00:00 0 
ffc80000-100000000 ---p 00000000 00:00 0 
7f9f44000000-7f9f4402b000 rw-p 00000000 00:00 0 
7f9f4402b000-7f9f48000000 ---p 00000000 00:00 0 
7f9f48000000-7f9f4802a000 rw-p 00000000 00:00 0 
7f9f4802a000-7f9f4c000000 ---p 00000000 00:00 0 
7f9f4c000000-7f9f4c021000 rw-p 00000000 00:00 0 
7f9f4c021000-7f9f50000000 ---p 00000000 00:00 0 
7f9f50000000-7f9f50026000 rw-p 00000000 00:00 0 
7f9f50026000-7f9f54000000 ---p 00000000 00:00 0 
7f9f54000000-7f9f54021000 rw-p 00000000 00:00 0 
7f9f54021000-7f9f58000000 ---p 00000000 00:00 0 
7f9f58000000-7f9f58032000 rw-p 00000000 00:00 0 
7f9f58032000-7f9f5c000000 ---p 00000000 00:00 0 
7f9f5c000000-7f9f5d659000 rw-p 00000000 00:00 0 
7f9f5d659000-7f9f60000000 ---p 00000000 00:00 0 
7f9f60000000-7f9f60021000 rw-p 00000000 00:00 0 
7f9f60021000-7f9f64000000 ---p 00000000 00:00 0 
7f9f64000000-7f9f65bd1000 rw-p 00000000 00:00 0 
7f9f65bd1000-7f9f68000000 ---p 00000000 00:00 0 
7f9f69f48000-7f9f69f4b000 ---p 00000000 00:00 0 
7f9f69f4b000-7f9f6a049000 rw-p 00000000 00:00 0 
7f9f6a049000-7f9f6a04c000 ---p 00000000 00:00 0 
7f9f6a04c000-7f9f6a14a000 rw-p 00000000 00:00 0 
7f9f6a14a000-7f9f6a14d000 ---p 00000000 00:00 0 
7f9f6a14d000-7f9f6a24b000 rw-p 00000000 00:00 0 
7f9f6a24b000-7f9f6a24e000 ---p 00000000 00:00 0 
7f9f6a24e000-7f9f6a34c000 rw-p 00000000 00:00 0                          [stack:8930]
7f9f6a34c000-7f9f6a34f000 ---p 00000000 00:00 0 
7f9f6a34f000-7f9f6a47e000 rw-p 00000000 00:00 0 
7f9f6a47e000-7f9f6a4bb000 r-xp 00000000 08:06 130821                     /lib/x86_64-linux-gnu/libpcre.so.3.13.1
7f9f6a4bb000-7f9f6a6ba000 ---p 0003d000 08:06 130821                     /lib/x86_64-linux-gnu/libpcre.so.3.13.1
7f9f6a6ba000-7f9f6a6bb000 r--p 0003c000 08:06 130821                     /lib/x86_64-linux-gnu/libpcre.so.3.13.1
7f9f6a6bb000-7f9f6a6bc000 rw-p 0003d000 08:06 130821                     /lib/x86_64-linux-gnu/libpcre.so.3.13.1
7f9f6a6bc000-7f9f6a6c3000 r-xp 00000000 08:06 1447540                    /usr/lib/x86_64-linux-gnu/libffi.so.6.0.1
7f9f6a6c3000-7f9f6a8c2000 ---p 00007000 08:06 1447540                    /usr/lib/x86_64-linux-gnu/libffi.so.6.0.1
7f9f6a8c2000-7f9f6a8c3000 r--p 00006000 08:06 1447540                    /usr/lib/x86_64-linux-gnu/libffi.so.6.0.1
7f9f6a8c3000-7f9f6a8c4000 rw-p 00007000 08:06 1447540                    /usr/lib/x86_64-linux-gnu/libffi.so.6.0.1
7f9f6a8c4000-7f9f6a8db000 r-xp 00000000 08:06 134868                     /lib/x86_64-linux-gnu/libresolv-2.19.so
7f9f6a8db000-7f9f6aadb000 ---p 00017000 08:06 134868                     /lib/x86_64-linux-gnu/libresolv-2.19.so
7f9f6aadb000-7f9f6aadc000 r--p 00017000 08:06 134868                     /lib/x86_64-linux-gnu/libresolv-2.19.so
7f9f6aadc000-7f9f6aadd000 rw-p 00018000 08:06 134868                     /lib/x86_64-linux-gnu/libresolv-2.19.so
7f9f6aadd000-7f9f6aadf000 rw-p 00000000 00:00 0 
7f9f6aadf000-7f9f6aaff000 r-xp 00000000 08:06 135079                     /lib/x86_64-linux-gnu/libselinux.so.1
7f9f6aaff000-7f9f6acfe000 ---p 00020000 08:06 135079                     /lib/x86_64-linux-gnu/libselinux.so.1
7f9f6acfe000-7f9f6acff000 r--p 0001f000 08:06 135079                     /lib/x86_64-linux-gnu/libselinux.so.1
7f9f6acff000-7f9f6ad00000 rw-p 00020000 08:06 135079                     /lib/x86_64-linux-gnu/libselinux.so.1
7f9f6ad00000-7f9f6ad02000 rw-p 00000000 00:00 0 
7f9f6ad02000-7f9f6ad05000 r-xp 00000000 08:06 1439340                    /usr/lib/x86_64-linux-gnu/libgmodule-2.0.so.0.4002.0
7f9f6ad05000-7f9f6af04000 ---p 00003000 08:06 1439340                    /usr/lib/x86_64-linux-gnu/libgmodule-2.0.so.0.4002.0
7f9f6af04000-7f9f6af05000 r--p 00002000 08:06 1439340                    /usr/lib/x86_64-linux-gnu/libgmodule-2.0.so.0.4002.0
7f9f6af05000-7f9f6af06000 rw-p 00003000 08:06 1439340                    /usr/lib/x86_64-linux-gnu/libgmodule-2.0.so.0.4002.0
7f9f6af06000-7f9f6b00c000 r-xp 00000000 08:06 134871                     /lib/x86_64-linux-gnu/libglib-2.0.so.0.4002.0
7f9f6b00c000-7f9f6b20b000 ---p 00106000 08:06 134871                     /lib/x86_64-linux-gnu/libglib-2.0.so.0.4002.0
7f9f6b20b000-7f9f6b20c000 r--p 00105000 08:06 134871                     /lib/x86_64-linux-gnu/libglib-2.0.so.0.4002.0
7f9f6b20c000-7f9f6b20d000 rw-p 00106000 08:06 134871                     /lib/x86_64-linux-gnu/libglib-2.0.so.0.4002.0
7f9f6b20d000-7f9f6b20e000 rw-p 00000000 00:00 0 
7f9f6b20e000-7f9f6b25d000 r-xp 00000000 08:06 1439358                    /usr/lib/x86_64-linux-gnu/libgobject-2.0.so.0.4002.0
7f9f6b25d000-7f9f6b45d000 ---p 0004f000 08:06 1439358                    /usr/lib/x86_64-linux-gnu/libgobject-2.0.so.0.4002.0
7f9f6b45d000-7f9f6b45e000 r--p 0004f000 08:06 1439358                    /usr/lib/x86_64-linux-gnu/libgobject-2.0.so.0.4002.0
7f9f6b45e000-7f9f6b45f000 rw-p 00050000 08:06 1439358                    /usr/lib/x86_64-linux-gnu/libgobject-2.0.so.0.4002.0
7f9f6b45f000-7f9f6b5cb000 r-xp 00000000 08:06 1439362                    /usr/lib/x86_64-linux-gnu/libgio-2.0.so.0.4002.0
7f9f6b5cb000-7f9f6b7ca000 ---p 0016c000 08:06 1439362                    /usr/lib/x86_64-linux-gnu/libgio-2.0.so.0.4002.0
7f9f6b7ca000-7f9f6b7ce000 r--p 0016b000 08:06 1439362                    /usr/lib/x86_64-linux-gnu/libgio-2.0.so.0.4002.0
7f9f6b7ce000-7f9f6b7d0000 rw-p 0016f000 08:06 1439362                    /usr/lib/x86_64-linux-gnu/libgio-2.0.so.0.4002.0
7f9f6b7d0000-7f9f6b7d2000 rw-p 00000000 00:00 0 
7f9f6b7d2000-7f9f6b7e9000 r-xp 00000000 08:06 1489678                    /usr/lib/jvm/java-7-openjdk-amd64/jre/lib/amd64/libnet.so
7f9f6b7e9000-7f9f6b9e8000 ---p 00017000 08:06 1489678                    /usr/lib/jvm/java-7-openjdk-amd64/jre/lib/amd64/libnet.so
7f9f6b9e8000-7f9f6b9e9000 r--p 00016000 08:06 1489678                    /usr/lib/jvm/java-7-openjdk-amd64/jre/lib/amd64/libnet.so
7f9f6b9e9000-7f9f6b9ea000 rw-p 00017000 08:06 1489678                    /usr/lib/jvm/java-7-openjdk-amd64/jre/lib/amd64/libnet.so
7f9f6b9ea000-7f9f6b9fa000 r-xp 00000000 08:06 1489700                    /usr/lib/jvm/java-7-openjdk-amd64/jre/lib/amd64/libnio.so
7f9f6b9fa000-7f9f6bbfa000 ---p 00010000 08:06 1489700                    /usr/lib/jvm/java-7-openjdk-amd64/jre/lib/amd64/libnio.so
7f9f6bbfa000-7f9f6bbfb000 r--p 00010000 08:06 1489700                    /usr/lib/jvm/java-7-openjdk-amd64/jre/lib/amd64/libnio.so
7f9f6bbfb000-7f9f6bbfc000 rw-p 00011000 08:06 1489700                    /usr/lib/jvm/java-7-openjdk-amd64/jre/lib/amd64/libnio.so
7f9f6bbfc000-7f9f6bbfd000 ---p 00000000 00:00 0 
7f9f6bbfd000-7f9f6bcfd000 rw-p 00000000 00:00 0                          [stack:8923]
7f9f6bcfd000-7f9f6bd00000 ---p 00000000 00:00 0 
7f9f6bd00000-7f9f6bdfe000 rw-p 00000000 00:00 0                          [stack:8922]
7f9f6bdfe000-7f9f6be01000 ---p 00000000 00:00 0 
7f9f6be01000-7f9f6beff000 rw-p 00000000 00:00 0                          [stack:8921]
7f9f6beff000-7f9f6bf02000 ---p 00000000 00:00 0 
7f9f6bf02000-7f9f6c000000 rw-p 00000000 00:00 0                          [stack:8920]
7f9f6c000000-7f9f6c021000 rw-p 00000000 00:00 0 
7f9f6c021000-7f9f70000000 ---p 00000000 00:00 0 
7f9f70000000-7f9f70021000 rw-p 00000000 00:00 0 
7f9f70021000-7f9f74000000 ---p 00000000 00:00 0 
7f9f74000000-7f9f74021000 rw-p 00000000 00:00 0 
7f9f74021000-7f9f78000000 ---p 00000000 00:00 0 
7f9f78000000-7f9f78021000 rw-p 00000000 00:00 0 
7f9f78021000-7f9f7c000000 ---p 00000000 00:00 0 
7f9f7c000000-7f9f7c021000 rw-p 00000000 00:00 0 
7f9f7c021000-7f9f80000000 ---p 00000000 00:00 0 
7f9f8006c000-7f9f8006f000 ---p 00000000 00:00 0 
7f9f8006f000-7f9f8016d000 rw-p 00000000 00:00 0                          [stack:8919]
7f9f8016d000-7f9f809bf000 r--p 00000000 08:06 1447082                    /usr/lib/locale/locale-archive
7f9f809bf000-7f9f809c2000 ---p 00000000 00:00 0 
7f9f809c2000-7f9f80ac0000 rw-p 00000000 00:00 0                          [stack:8918]
7f9f80ac0000-7f9f80ac3000 ---p 00000000 00:00 0 
7f9f80ac3000-7f9f80bc1000 rw-p 00000000 00:00 0                          [stack:8917]
7f9f80bc1000-7f9f80bc2000 ---p 00000000 00:00 0 
7f9f80bc2000-7f9f84000000 rw-p 00000000 00:00 0                          [stack:8916]
7f9f84000000-7f9f84021000 rw-p 00000000 00:00 0 
7f9f84021000-7f9f88000000 ---p 00000000 00:00 0 
7f9f88000000-7f9f88021000 rw-p 00000000 00:00 0 
7f9f88021000-7f9f8c000000 ---p 00000000 00:00 0 
7f9f8c000000-7f9f8c021000 rw-p 00000000 00:00 0 
7f9f8c021000-7f9f90000000 ---p 00000000 00:00 0 
7f9f90019000-7f9f90028000 r--s 000df000 08:06 3216701                    /home/tulin/Android/Sdk/build-tools/23.0.2/lib/dx.jar
7f9f90028000-7f9f901ce000 rw-p 00000000 00:00 0 
7f9f901ce000-7f9f90380000 r--s 01d32000 08:06 1489713                    /usr/lib/jvm/java-7-openjdk-amd64/jre/lib/rt.jar
7f9f90380000-7f9f90649000 rw-p 00000000 00:00 0 
7f9f90649000-7f9f9064a000 ---p 00000000 00:00 0 
7f9f9064a000-7f9f9074a000 rw-p 00000000 00:00 0                          [stack:8915]
7f9f9074a000-7f9f9074b000 ---p 00000000 00:00 0 
7f9f9074b000-7f9f9084b000 rw-p 00000000 00:00 0                          [stack:8914]
7f9f9084b000-7f9f9084c000 ---p 00000000 00:00 0 
7f9f9084c000-7f9f9094c000 rw-p 00000000 00:00 0                          [stack:8913]
7f9f9094c000-7f9f9094d000 ---p 00000000 00:00 0 
7f9f9094d000-7f9f90ad7000 rw-p 00000000 00:00 0                          [stack:8912]
7f9f90ad7000-7f9f90ba3000 rw-p 00000000 00:00 0 
7f9f90ba3000-7f9f90bae000 rw-p 00000000 00:00 0 
7f9f90bae000-7f9f90bf6000 rw-p 00000000 00:00 0 
7f9f90bf6000-7f9f90c80000 rw-p 00000000 00:00 0 
7f9f90c80000-7f9f90d4b000 rw-p 00000000 00:00 0 
7f9f90d4b000-7f9f90df5000 rw-p 00000000 00:00 0 
7f9f90df5000-7f9f90df6000 ---p 00000000 00:00 0 
7f9f90df6000-7f9f90df7000 rw-p 00000000 00:00 0 
7f9f90df7000-7f9f91237000 rwxp 00000000 00:00 0 
7f9f91237000-7f9f93df7000 rw-p 00000000 00:00 0 
7f9f93df7000-7f9f93dff000 r-xp 00000000 08:06 1489684                    /usr/lib/jvm/java-7-openjdk-amd64/jre/lib/amd64/libzip.so
7f9f93dff000-7f9f93ffe000 ---p 00008000 08:06 1489684                    /usr/lib/jvm/java-7-openjdk-amd64/jre/lib/amd64/libzip.so
7f9f93ffe000-7f9f93fff000 r--p 00007000 08:06 1489684                    /usr/lib/jvm/java-7-openjdk-amd64/jre/lib/amd64/libzip.so
7f9f93fff000-7f9f94000000 rw-p 00008000 08:06 1489684                    /usr/lib/jvm/java-7-openjdk-amd64/jre/lib/amd64/libzip.so
7f9f94000000-7f9f94264000 rw-p 00000000 00:00 0 
7f9f94264000-7f9f98000000 ---p 00000000 00:00 0 
7f9f98001000-7f9f980d8000 rw-p 00000000 00:00 0 
7f9f980d8000-7f9f98120000 rw-p 00000000 00:00 0 
7f9f98120000-7f9f9812b000 r-xp 00000000 08:06 184225                     /lib/x86_64-linux-gnu/libnss_files-2.19.so
7f9f9812b000-7f9f9832a000 ---p 0000b000 08:06 184225                     /lib/x86_64-linux-gnu/libnss_files-2.19.so
7f9f9832a000-7f9f9832b000 r--p 0000a000 08:06 184225                     /lib/x86_64-linux-gnu/libnss_files-2.19.so
7f9f9832b000-7f9f9832c000 rw-p 0000b000 08:06 184225                     /lib/x86_64-linux-gnu/libnss_files-2.19.so
7f9f9832c000-7f9f98337000 r-xp 00000000 08:06 145746                     /lib/x86_64-linux-gnu/libnss_nis-2.19.so
7f9f98337000-7f9f98536000 ---p 0000b000 08:06 145746                     /lib/x86_64-linux-gnu/libnss_nis-2.19.so
7f9f98536000-7f9f98537000 r--p 0000a000 08:06 145746                     /lib/x86_64-linux-gnu/libnss_nis-2.19.so
7f9f98537000-7f9f98538000 rw-p 0000b000 08:06 145746                     /lib/x86_64-linux-gnu/libnss_nis-2.19.so
7f9f98538000-7f9f9854f000 r-xp 00000000 08:06 145742                     /lib/x86_64-linux-gnu/libnsl-2.19.so
7f9f9854f000-7f9f9874e000 ---p 00017000 08:06 145742                     /lib/x86_64-linux-gnu/libnsl-2.19.so
7f9f9874e000-7f9f9874f000 r--p 00016000 08:06 145742                     /lib/x86_64-linux-gnu/libnsl-2.19.so
7f9f9874f000-7f9f98750000 rw-p 00017000 08:06 145742                     /lib/x86_64-linux-gnu/libnsl-2.19.so
7f9f98750000-7f9f98752000 rw-p 00000000 00:00 0 
7f9f98752000-7f9f9875b000 r-xp 00000000 08:06 145741                     /lib/x86_64-linux-gnu/libnss_compat-2.19.so
7f9f9875b000-7f9f9895a000 ---p 00009000 08:06 145741                     /lib/x86_64-linux-gnu/libnss_compat-2.19.so
7f9f9895a000-7f9f9895b000 r--p 00008000 08:06 145741                     /lib/x86_64-linux-gnu/libnss_compat-2.19.so
7f9f9895b000-7f9f9895c000 rw-p 00009000 08:06 145741                     /lib/x86_64-linux-gnu/libnss_compat-2.19.so
7f9f9895c000-7f9f98987000 r-xp 00000000 08:06 1449046                    /usr/lib/jvm/java-7-openjdk-amd64/jre/lib/amd64/libjava.so
7f9f98987000-7f9f98b87000 ---p 0002b000 08:06 1449046                    /usr/lib/jvm/java-7-openjdk-amd64/jre/lib/amd64/libjava.so
7f9f98b87000-7f9f98b88000 r--p 0002b000 08:06 1449046                    /usr/lib/jvm/java-7-openjdk-amd64/jre/lib/amd64/libjava.so
7f9f98b88000-7f9f98b8a000 rw-p 0002c000 08:06 1449046                    /usr/lib/jvm/java-7-openjdk-amd64/jre/lib/amd64/libjava.so
7f9f98b8a000-7f9f98b9a000 r-xp 00000000 08:06 1454663                    /usr/lib/jvm/java-7-openjdk-amd64/jre/lib/amd64/libverify.so
7f9f98b9a000-7f9f98d99000 ---p 00010000 08:06 1454663                    /usr/lib/jvm/java-7-openjdk-amd64/jre/lib/amd64/libverify.so
7f9f98d99000-7f9f98d9b000 r--p 0000f000 08:06 1454663                    /usr/lib/jvm/java-7-openjdk-amd64/jre/lib/amd64/libverify.so
7f9f98d9b000-7f9f98d9c000 rw-p 00011000 08:06 1454663                    /usr/lib/jvm/java-7-openjdk-amd64/jre/lib/amd64/libverify.so
7f9f98d9c000-7f9f98da3000 r-xp 00000000 08:06 148472                     /lib/x86_64-linux-gnu/librt-2.19.so
7f9f98da3000-7f9f98fa2000 ---p 00007000 08:06 148472                     /lib/x86_64-linux-gnu/librt-2.19.so
7f9f98fa2000-7f9f98fa3000 r--p 00006000 08:06 148472                     /lib/x86_64-linux-gnu/librt-2.19.so
7f9f98fa3000-7f9f98fa4000 rw-p 00007000 08:06 148472                     /lib/x86_64-linux-gnu/librt-2.19.so
7f9f98fa4000-7f9f98fba000 r-xp 00000000 08:06 131070                     /lib/x86_64-linux-gnu/libgcc_s.so.1
7f9f98fba000-7f9f991b9000 ---p 00016000 08:06 131070                     /lib/x86_64-linux-gnu/libgcc_s.so.1
7f9f991b9000-7f9f991ba000 rw-p 00015000 08:06 131070                     /lib/x86_64-linux-gnu/libgcc_s.so.1
7f9f991ba000-7f9f992bf000 r-xp 00000000 08:06 135048                     /lib/x86_64-linux-gnu/libm-2.19.so
7f9f992bf000-7f9f994be000 ---p 00105000 08:06 135048                     /lib/x86_64-linux-gnu/libm-2.19.so
7f9f994be000-7f9f994bf000 r--p 00104000 08:06 135048                     /lib/x86_64-linux-gnu/libm-2.19.so
7f9f994bf000-7f9f994c0000 rw-p 00105000 08:06 135048                     /lib/x86_64-linux-gnu/libm-2.19.so
7f9f994c0000-7f9f995a6000 r-xp 00000000 08:06 1441242                    /usr/lib/x86_64-linux-gnu/libstdc++.so.6.0.19
7f9f995a6000-7f9f997a5000 ---p 000e6000 08:06 1441242                    /usr/lib/x86_64-linux-gnu/libstdc++.so.6.0.19
7f9f997a5000-7f9f997ad000 r--p 000e5000 08:06 1441242                    /usr/lib/x86_64-linux-gnu/libstdc++.so.6.0.19
7f9f997ad000-7f9f997af000 rw-p 000ed000 08:06 1441242                    /usr/lib/x86_64-linux-gnu/libstdc++.so.6.0.19
7f9f997af000-7f9f997c4000 rw-p 00000000 00:00 0 
7f9f997c4000-7f9f9a2e9000 r-xp 00000000 08:06 1489682                    /usr/lib/jvm/java-7-openjdk-amd64/jre/lib/amd64/server/libjvm.so
7f9f9a2e9000-7f9f9a4e9000 ---p 00b25000 08:06 1489682                    /usr/lib/jvm/java-7-openjdk-amd64/jre/lib/amd64/server/libjvm.so
7f9f9a4e9000-7f9f9a583000 r--p 00b25000 08:06 1489682                    /usr/lib/jvm/java-7-openjdk-amd64/jre/lib/amd64/server/libjvm.so
7f9f9a583000-7f9f9a5a6000 rw-p 00bbf000 08:06 1489682                    /usr/lib/jvm/java-7-openjdk-amd64/jre/lib/amd64/server/libjvm.so
7f9f9a5a6000-7f9f9a5d5000 rw-p 00000000 00:00 0 
7f9f9a5d5000-7f9f9a5ed000 r-xp 00000000 08:06 135112                     /lib/x86_64-linux-gnu/libz.so.1.2.8
7f9f9a5ed000-7f9f9a7ec000 ---p 00018000 08:06 135112                     /lib/x86_64-linux-gnu/libz.so.1.2.8
7f9f9a7ec000-7f9f9a7ed000 r--p 00017000 08:06 135112                     /lib/x86_64-linux-gnu/libz.so.1.2.8
7f9f9a7ed000-7f9f9a7ee000 rw-p 00018000 08:06 135112                     /lib/x86_64-linux-gnu/libz.so.1.2.8
7f9f9a7ee000-7f9f9a807000 r-xp 00000000 08:06 145743                     /lib/x86_64-linux-gnu/libpthread-2.19.so
7f9f9a807000-7f9f9aa06000 ---p 00019000 08:06 145743                     /lib/x86_64-linux-gnu/libpthread-2.19.so
7f9f9aa06000-7f9f9aa07000 r--p 00018000 08:06 145743                     /lib/x86_64-linux-gnu/libpthread-2.19.so
7f9f9aa07000-7f9f9aa08000 rw-p 00019000 08:06 145743                     /lib/x86_64-linux-gnu/libpthread-2.19.so
7f9f9aa08000-7f9f9aa0c000 rw-p 00000000 00:00 0 
7f9f9aa0c000-7f9f9aa0f000 r-xp 00000000 08:06 145738                     /lib/x86_64-linux-gnu/libdl-2.19.so
7f9f9aa0f000-7f9f9ac0e000 ---p 00003000 08:06 145738                     /lib/x86_64-linux-gnu/libdl-2.19.so
7f9f9ac0e000-7f9f9ac0f000 r--p 00002000 08:06 145738                     /lib/x86_64-linux-gnu/libdl-2.19.so
7f9f9ac0f000-7f9f9ac10000 rw-p 00003000 08:06 145738                     /lib/x86_64-linux-gnu/libdl-2.19.so
7f9f9ac10000-7f9f9adcb000 r-xp 00000000 08:06 148473                     /lib/x86_64-linux-gnu/libc-2.19.so
7f9f9adcb000-7f9f9afca000 ---p 001bb000 08:06 148473                     /lib/x86_64-linux-gnu/libc-2.19.so
7f9f9afca000-7f9f9afce000 r--p 001ba000 08:06 148473                     /lib/x86_64-linux-gnu/libc-2.19.so
7f9f9afce000-7f9f9afd0000 rw-p 001be000 08:06 148473                     /lib/x86_64-linux-gnu/libc-2.19.so
7f9f9afd0000-7f9f9afd5000 rw-p 00000000 00:00 0 
7f9f9afd5000-7f9f9afe2000 r-xp 00000000 08:06 1489697                    /usr/lib/jvm/java-7-openjdk-amd64/jre/lib/amd64/jli/libjli.so
7f9f9afe2000-7f9f9b1e1000 ---p 0000d000 08:06 1489697                    /usr/lib/jvm/java-7-openjdk-amd64/jre/lib/amd64/jli/libjli.so
7f9f9b1e1000-7f9f9b1e2000 r--p 0000c000 08:06 1489697                    /usr/lib/jvm/java-7-openjdk-amd64/jre/lib/amd64/jli/libjli.so
7f9f9b1e2000-7f9f9b1e3000 rw-p 0000d000 08:06 1489697                    /usr/lib/jvm/java-7-openjdk-amd64/jre/lib/amd64/jli/libjli.so
7f9f9b1e3000-7f9f9b206000 r-xp 00000000 08:06 145744                     /lib/x86_64-linux-gnu/ld-2.19.so
7f9f9b206000-7f9f9b22f000 rw-p 00000000 00:00 0 
7f9f9b22f000-7f9f9b2de000 rw-p 00000000 00:00 0 
7f9f9b2de000-7f9f9b2e1000 ---p 00000000 00:00 0 
7f9f9b2e1000-7f9f9b3e5000 rw-p 00000000 00:00 0                          [stack:8911]
7f9f9b3e5000-7f9f9b3e8000 r--s 0000f000 08:06 1489726                    /usr/lib/jvm/java-7-openjdk-amd64/jre/lib/ext/icedtea-sound.jar
7f9f9b3e8000-7f9f9b3ea000 r--s 00012000 08:06 1489724                    /usr/lib/jvm/java-7-openjdk-amd64/jre/lib/ext/zipfs.jar
7f9f9b3ea000-7f9f9b3eb000 r--s 00002000 08:06 1489723                    /usr/lib/jvm/java-7-openjdk-amd64/jre/lib/ext/dnsns.jar
7f9f9b3eb000-7f9f9b3ed000 r--s 00006000 08:06 1840524                    /usr/share/java/java-atk-wrapper.jar
7f9f9b3ed000-7f9f9b3f1000 r--s 0003c000 08:06 1489728                    /usr/lib/jvm/java-7-openjdk-amd64/jre/lib/ext/sunpkcs11.jar
7f9f9b3f1000-7f9f9b3f5000 r--s 00034000 08:06 1489725                    /usr/lib/jvm/java-7-openjdk-amd64/jre/lib/ext/sunjce_provider.jar
7f9f9b3f5000-7f9f9b3f9000 r--s 00085000 08:06 1489727                    /usr/lib/jvm/java-7-openjdk-amd64/jre/lib/ext/localedata.jar
7f9f9b3f9000-7f9f9b401000 rw-s 00000000 08:06 1846462                    /tmp/hsperfdata_tulin/8907
7f9f9b401000-7f9f9b402000 rw-p 00000000 00:00 0 
7f9f9b402000-7f9f9b403000 ---p 00000000 00:00 0 
7f9f9b403000-7f9f9b405000 rw-p 00000000 00:00 0 
7f9f9b405000-7f9f9b406000 r--p 00022000 08:06 145744                     /lib/x86_64-linux-gnu/ld-2.19.so
7f9f9b406000-7f9f9b407000 rw-p 00023000 08:06 145744                     /lib/x86_64-linux-gnu/ld-2.19.so
7f9f9b407000-7f9f9b408000 rw-p 00000000 00:00 0 
7ffd37874000-7ffd37895000 rw-p 00000000 00:00 0                          [stack]
7ffd379c9000-7ffd379cb000 r-xp 00000000 00:00 0                          [vdso]
ffffffffff600000-ffffffffff601000 r-xp 00000000 00:00 0                  [vsyscall]

VM Arguments:
jvm_args: -Djava.awt.headless=true -Xmx1024M -Dfile.encoding=UTF-8 -Duser.country=US -Duser.language=en -Duser.variant 
java_command: com.android.dx.command.Main --dex --num-threads=4 --multi-dex --main-dex-list /home/tulin/AndroidStudioProjects/CamApp/app/build/intermediates/multi-dex/debug/maindexlist.txt --output /home/tulin/AndroidStudioProjects/CamApp/app/build/intermediates/transforms/dex/debug/folders/1000/1f/main /home/tulin/AndroidStudioProjects/CamApp/app/build/intermediates/transforms/jarMerging/debug/jars/1/1f/combined.jar
Launcher Type: SUN_STANDARD

Environment Variables:
PATH=/usr/local/sbin:/usr/local/bin:/usr/sbin:/usr/bin:/sbin:/bin:/usr/games:/usr/local/games
SHELL=/bin/bash
DISPLAY=:0

Signal Handlers:
SIGSEGV: [libjvm.so+0x9561e0], sa_mask[0]=0x7ffbfeff, sa_flags=0x10000004
SIGBUS: [libjvm.so+0x9561e0], sa_mask[0]=0x7ffbfeff, sa_flags=0x10000004
SIGFPE: [libjvm.so+0x7cc4d0], sa_mask[0]=0x7ffbfeff, sa_flags=0x10000004
SIGPIPE: [libjvm.so+0x7cc4d0], sa_mask[0]=0x7ffbfeff, sa_flags=0x10000004
SIGXFSZ: [libjvm.so+0x7cc4d0], sa_mask[0]=0x7ffbfeff, sa_flags=0x10000004
SIGILL: [libjvm.so+0x7cc4d0], sa_mask[0]=0x7ffbfeff, sa_flags=0x10000004
SIGUSR1: SIG_DFL, sa_mask[0]=0x00000000, sa_flags=0x00000000
SIGUSR2: [libjvm.so+0x7cc370], sa_mask[0]=0x00000004, sa_flags=0x10000004
SIGHUP: [libjvm.so+0x7cc550], sa_mask[0]=0x7ffbfeff, sa_flags=0x10000004
SIGINT: [libjvm.so+0x7cc550], sa_mask[0]=0x7ffbfeff, sa_flags=0x10000004
SIGTERM: [libjvm.so+0x7cc550], sa_mask[0]=0x7ffbfeff, sa_flags=0x10000004
SIGQUIT: [libjvm.so+0x7cc550], sa_mask[0]=0x7ffbfeff, sa_flags=0x10000004
SIGTRAP: SIG_DFL, sa_mask[0]=0x00000000, sa_flags=0x00000000


---------------  S Y S T E M  ---------------

OS:Ubuntu 14.04 (trusty)
uname:Linux 3.13.0-86-generic #131-Ubuntu SMP Thu May 12 23:33:13 UTC 2016 x86_64
libc:glibc 2.19 NPTL 2.19 
rlimit: STACK 8192k, CORE 0k, NPROC 30460, NOFILE 4096, AS infinity
load average:2,18 1,26 0,72

/proc/meminfo:
MemTotal:        3946968 kB
MemFree:          137352 kB
Buffers:            1528 kB
Cached:           419892 kB
SwapCached:            0 kB
Active:          3229536 kB
Inactive:         406428 kB
Active(anon):    3217220 kB
Inactive(anon):   382260 kB
Active(file):      12316 kB
Inactive(file):    24168 kB
Unevictable:          32 kB
Mlocked:              32 kB
SwapTotal:             0 kB
SwapFree:              0 kB
Dirty:               276 kB
Writeback:           168 kB
AnonPages:       3215116 kB
Mapped:           162480 kB
Shmem:            384404 kB
Slab:              71740 kB
SReclaimable:      34440 kB
SUnreclaim:        37300 kB
KernelStack:        5632 kB
PageTables:        42244 kB
NFS_Unstable:          0 kB
Bounce:                0 kB
WritebackTmp:          0 kB
CommitLimit:     1973484 kB
Committed_AS:    8048456 kB
VmallocTotal:   34359738367 kB
VmallocUsed:      349380 kB
VmallocChunk:   34359380736 kB
HardwareCorrupted:     0 kB
AnonHugePages:   1671168 kB
HugePages_Total:       0
HugePages_Free:        0
HugePages_Rsvd:        0
HugePages_Surp:        0
Hugepagesize:       2048 kB
DirectMap4k:       68640 kB
DirectMap2M:     4026368 kB


CPU:total 4 (2 cores per cpu, 2 threads per core) family 6 model 42 stepping 7, cmov, cx8, fxsr, mmx, sse, sse2, sse3, ssse3, sse4.1, sse4.2, popcnt, avx, aes, ht, tsc, tscinvbit

/proc/cpuinfo:
processor	: 0
vendor_id	: GenuineIntel
cpu family	: 6
model		: 42
model name	: Intel(R) Core(TM) i5-2557M CPU @ 1.70GHz
stepping	: 7
microcode	: 0x1a
cpu MHz		: 1701.000
cache size	: 3072 KB
physical id	: 0
siblings	: 4
core id		: 0
cpu cores	: 2
apicid		: 0
initial apicid	: 0
fpu		: yes
fpu_exception	: yes
cpuid level	: 13
wp		: yes
flags		: fpu vme de pse tsc msr pae mce cx8 apic sep mtrr pge mca cmov pat pse36 clflush dts acpi mmx fxsr sse sse2 ss ht tm pbe syscall nx rdtscp lm constant_tsc arch_perfmon pebs bts rep_good nopl xtopology nonstop_tsc aperfmperf eagerfpu pni pclmulqdq dtes64 monitor ds_cpl vmx smx est tm2 ssse3 cx16 xtpr pdcm pcid sse4_1 sse4_2 x2apic popcnt tsc_deadline_timer aes xsave avx lahf_lm ida arat epb xsaveopt pln pts dtherm tpr_shadow vnmi flexpriority ept vpid
bogomips	: 3392.33
clflush size	: 64
cache_alignment	: 64
address sizes	: 36 bits physical, 48 bits virtual
power management:

processor	: 1
vendor_id	: GenuineIntel
cpu family	: 6
model		: 42
model name	: Intel(R) Core(TM) i5-2557M CPU @ 1.70GHz
stepping	: 7
microcode	: 0x1a
cpu MHz		: 1000.000
cache size	: 3072 KB
physical id	: 0
siblings	: 4
core id		: 1
cpu cores	: 2
apicid		: 2
initial apicid	: 2
fpu		: yes
fpu_exception	: yes
cpuid level	: 13
wp		: yes
flags		: fpu vme de pse tsc msr pae mce cx8 apic sep mtrr pge mca cmov pat pse36 clflush dts acpi mmx fxsr sse sse2 ss ht tm pbe syscall nx rdtscp lm constant_tsc arch_perfmon pebs bts rep_good nopl xtopology nonstop_tsc aperfmperf eagerfpu pni pclmulqdq dtes64 monitor ds_cpl vmx smx est tm2 ssse3 cx16 xtpr pdcm pcid sse4_1 sse4_2 x2apic popcnt tsc_deadline_timer aes xsave avx lahf_lm ida arat epb xsaveopt pln pts dtherm tpr_shadow vnmi flexpriority ept vpid
bogomips	: 3392.33
clflush size	: 64
cache_alignment	: 64
address sizes	: 36 bits physical, 48 bits virtual
power management:

processor	: 2
vendor_id	: GenuineIntel
cpu family	: 6
model		: 42
model name	: Intel(R) Core(TM) i5-2557M CPU @ 1.70GHz
stepping	: 7
microcode	: 0x1a
cpu MHz		: 1500.000
cache size	: 3072 KB
physical id	: 0
siblings	: 4
core id		: 0
cpu cores	: 2
apicid		: 1
initial apicid	: 1
fpu		: yes
fpu_exception	: yes
cpuid level	: 13
wp		: yes
flags		: fpu vme de pse tsc msr pae mce cx8 apic sep mtrr pge mca cmov pat pse36 clflush dts acpi mmx fxsr sse sse2 ss ht tm pbe syscall nx rdtscp lm constant_tsc arch_perfmon pebs bts rep_good nopl xtopology nonstop_tsc aperfmperf eagerfpu pni pclmulqdq dtes64 monitor ds_cpl vmx smx est tm2 ssse3 cx16 xtpr pdcm pcid sse4_1 sse4_2 x2apic popcnt tsc_deadline_timer aes xsave avx lahf_lm ida arat epb xsaveopt pln pts dtherm tpr_shadow vnmi flexpriority ept vpid
bogomips	: 3392.33
clflush size	: 64
cache_alignment	: 64
address sizes	: 36 bits physical, 48 bits virtual
power management:

processor	: 3
vendor_id	: GenuineIntel
cpu family	: 6
model		: 42
model name	: Intel(R) Core(TM) i5-2557M CPU @ 1.70GHz
stepping	: 7
microcode	: 0x1a
cpu MHz		: 800.000
cache size	: 3072 KB
physical id	: 0
siblings	: 4
core id		: 1
cpu cores	: 2
apicid		: 3
initial apicid	: 3
fpu		: yes
fpu_exception	: yes
cpuid level	: 13
wp		: yes
flags		: fpu vme de pse tsc msr pae mce cx8 apic sep mtrr pge mca cmov pat pse36 clflush dts acpi mmx fxsr sse sse2 ss ht tm pbe syscall nx rdtscp lm constant_tsc arch_perfmon pebs bts rep_good nopl xtopology nonstop_tsc aperfmperf eagerfpu pni pclmulqdq dtes64 monitor ds_cpl vmx smx est tm2 ssse3 cx16 xtpr pdcm pcid sse4_1 sse4_2 x2apic popcnt tsc_deadline_timer aes xsave avx lahf_lm ida arat epb xsaveopt pln pts dtherm tpr_shadow vnmi flexpriority ept vpid
bogomips	: 3392.33
clflush size	: 64
cache_alignment	: 64
address sizes	: 36 bits physical, 48 bits virtual
power management:



Memory: 4k page, physical 3946968k(137104k free), swap 0k(0k free)

vm_info: OpenJDK 64-Bit Server VM (24.95-b01) for linux-amd64 JRE (1.7.0_101-b00), built on Apr 24 2016 20:39:29 by "buildd" with gcc 4.8.2

time: Sat May 28 12:18:24 2016
elapsed time: 20 seconds

