#
# There is insufficient memory for the Java Runtime Environment to continue.
# Native memory allocation (malloc) failed to allocate 146800640 bytes for committing reserved memory.
# Possible reasons:
#   The system is out of physical RAM or swap space
#   In 32 bit mode, the process size limit was hit
# Possible solutions:
#   Reduce memory load on the system
#   Increase physical memory or swap space
#   Check if swap backing store is full
#   Use 64 bit Java on a 64 bit OS
#   Decrease Java heap size (-Xmx/-Xms)
#   Decrease number of Java threads
#   Decrease Java thread stack sizes (-Xss)
#   Set larger code cache with -XX:ReservedCodeCacheSize=
# This output file may be truncated or incomplete.
#
#  Out of Memory Error (os_linux.cpp:2827), pid=6209, tid=139968372303616
#
# JRE version: OpenJDK Runtime Environment (7.0_95) (build 1.7.0_95-b00)
# Java VM: OpenJDK 64-Bit Server VM (24.95-b01 mixed mode linux-amd64 compressed oops)
# Derivative: IcedTea 2.6.4
# Distribution: Ubuntu 14.04.3 LTS, package 7u95-2.6.4-0ubuntu0.14.04.1
# Failed to write core dump. Core dumps have been disabled. To enable core dumping, try "ulimit -c unlimited" before starting Java again
#

---------------  T H R E A D  ---------------

Current thread (0x00007f4d04076000):  VMThread [stack: 0x00007f4ced0c6000,0x00007f4ced1c7000] [id=6234]

Stack: [0x00007f4ced0c6000,0x00007f4ced1c7000],  sp=0x00007f4ced1c5490,  free space=1021k
Native frames: (J=compiled Java code, j=interpreted, Vv=VM code, C=native code)
V  [libjvm.so+0x9550e5]
V  [libjvm.so+0x4902b4]
V  [libjvm.so+0x7cf7bb]
V  [libjvm.so+0x7ca28f]
V  [libjvm.so+0x83e56b]
V  [libjvm.so+0x83f3e0]
V  [libjvm.so+0x83facb]
V  [libjvm.so+0x83b4d8]
V  [libjvm.so+0x83bd48]
V  [libjvm.so+0x7f1fd3]
V  [libjvm.so+0x956ae4]
V  [libjvm.so+0x95abe7]
V  [libjvm.so+0x9596a8]
V  [libjvm.so+0x959b09]
V  [libjvm.so+0x959f52]
V  [libjvm.so+0x7cc682]

VM_Operation (0x00007f4cce67e040): ParallelGCFailedAllocation, mode: safepoint, requested by thread 0x00007f4d041af800


---------------  P R O C E S S  ---------------

Java Threads: ( => current thread )
  0x00007f4d041b1000 JavaThread "pool-1-thread-4" [_thread_blocked, id=6285, stack(0x00007f4cce47e000,0x00007f4cce57f000)]
  0x00007f4d041af800 JavaThread "pool-1-thread-3" [_thread_blocked, id=6284, stack(0x00007f4cce57f000,0x00007f4cce680000)]
  0x00007f4d041ae000 JavaThread "pool-1-thread-2" [_thread_blocked, id=6283, stack(0x00007f4cce680000,0x00007f4cce781000)]
  0x00007f4d041ab000 JavaThread "pool-2-thread-1" [_thread_blocked, id=6282, stack(0x00007f4cce781000,0x00007f4cce882000)]
  0x00007f4d041a9000 JavaThread "pool-1-thread-1" [_thread_blocked, id=6281, stack(0x00007f4cec03b000,0x00007f4cec13c000)]
  0x00007f4d040af800 JavaThread "Service Thread" daemon [_thread_blocked, id=6253, stack(0x00007f4cec26e000,0x00007f4cec36f000)]
  0x00007f4d040ad800 JavaThread "C2 CompilerThread1" daemon [_thread_blocked, id=6250, stack(0x00007f4cec36f000,0x00007f4cec470000)]
  0x00007f4d040aa800 JavaThread "C2 CompilerThread0" daemon [_thread_blocked, id=6248, stack(0x00007f4cec470000,0x00007f4cec571000)]
  0x00007f4d040a8800 JavaThread "Signal Dispatcher" daemon [_thread_blocked, id=6247, stack(0x00007f4cec571000,0x00007f4cec672000)]
  0x00007f4d0407c000 JavaThread "Finalizer" daemon [_thread_blocked, id=6242, stack(0x00007f4cecec4000,0x00007f4cecfc5000)]
  0x00007f4d0407a000 JavaThread "Reference Handler" daemon [_thread_blocked, id=6239, stack(0x00007f4cecfc5000,0x00007f4ced0c6000)]
  0x00007f4d0400a800 JavaThread "main" [_thread_blocked, id=6217, stack(0x00007f4d0b811000,0x00007f4d0b912000)]

Other Threads:
=>0x00007f4d04076000 VMThread [stack: 0x00007f4ced0c6000,0x00007f4ced1c7000] [id=6234]
  0x00007f4d040ba800 WatcherThread [stack: 0x00007f4cec16d000,0x00007f4cec26e000] [id=6262]

VM state:at safepoint (normal execution)

VM Mutex/Monitor currently owned by a thread:  ([mutex/lock_event])
[0x00007f4d04006990] Threads_lock - owner thread: 0x00007f4d04076000
[0x00007f4d04006e90] Heap_lock - owner thread: 0x00007f4d041af800
[0x00007f4d04007490] MethodData_lock - owner thread: 0x00007f4d0400a800

Heap
 PSYoungGen      total 142336K, used 17911K [0x00000000eaa80000, 0x00000000f4980000, 0x0000000100000000)
  eden space 124416K, 0% used [0x00000000eaa80000,0x00000000eaa80000,0x00000000f2400000)
  from space 17920K, 99% used [0x00000000f2400000,0x00000000f357de70,0x00000000f3580000)
  to   space 15360K, 0% used [0x00000000f3580000,0x00000000f3580000,0x00000000f4480000)
 ParOldGen       total 40960K, used 37389K [0x00000000c0000000, 0x00000000c2800000, 0x00000000eaa80000)
  object space 40960K, 91% used [0x00000000c0000000,0x00000000c2483770,0x00000000c2800000)
 PSPermGen       total 21504K, used 6371K [0x00000000b5a00000, 0x00000000b6f00000, 0x00000000c0000000)
  object space 21504K, 29% used [0x00000000b5a00000,0x00000000b6038c58,0x00000000b6f00000)

Card table byte_map: [0x00007f4d081f4000,0x00007f4d08448000] byte_map_base: 0x00007f4d07c47000

Polling page: 0x00007f4d0b932000

Code Cache  [0x00007f4d01000000, 0x00007f4d01270000, 0x00007f4d04000000)
 total_blobs=664 nmethods=433 adapters=184 free_code_cache=47417Kb largest_free_block=48503744

Compilation events (10 events):
Event: 25,971 Thread 0x00007f4d040aa800 nmethod 448 0x00007f4d0112c610 code [0x00007f4d0112c740, 0x00007f4d0112c7b8]
Event: 25,971 Thread 0x00007f4d040aa800  449             java.util.AbstractList::clear (10 bytes)
Event: 26,020 Thread 0x00007f4d040aa800 nmethod 449 0x00007f4d01124e10 code [0x00007f4d01124f80, 0x00007f4d011251f8]
Event: 26,027 Thread 0x00007f4d040aa800  450             com.android.dx.ssa.SsaMethod::returnSpareRegisters (6 bytes)
Event: 26,028 Thread 0x00007f4d040aa800 nmethod 450 0x00007f4d0113d1d0 code [0x00007f4d0113d300, 0x00007f4d0113d358]
Event: 26,028 Thread 0x00007f4d040aa800  451             com.android.dx.ssa.SsaBasicBlock::scheduleMovesFromPhis (108 bytes)
Event: 26,037 Thread 0x00007f4d040aa800 nmethod 451 0x00007f4d01126410 code [0x00007f4d01126560, 0x00007f4d011265f8]
Event: 26,037 Thread 0x00007f4d040aa800  452             com.android.dx.dex.code.DalvInsn::getPosition (5 bytes)
Event: 26,037 Thread 0x00007f4d040aa800 nmethod 452 0x00007f4d01124c10 code [0x00007f4d01124d40, 0x00007f4d01124d98]
Event: 26,037 Thread 0x00007f4d040aa800  453             com.android.dx.cf.code.ValueAwareMachine::run (1142 bytes)

GC Heap History (10 events):
Event: 1,945 GC heap after
Heap after GC invocations=2 (full 0):
 PSYoungGen      total 34304K, used 2555K [0x00000000eaa80000, 0x00000000ece80000, 0x0000000100000000)
  eden space 31744K, 0% used [0x00000000eaa80000,0x00000000eaa80000,0x00000000ec980000)
  from space 2560K, 99% used [0x00000000ecc00000,0x00000000ece7ec88,0x00000000ece80000)
  to   space 2560K, 0% used [0x00000000ec980000,0x00000000ec980000,0x00000000ecc00000)
 ParOldGen       total 40960K, used 2036K [0x00000000c0000000, 0x00000000c2800000, 0x00000000eaa80000)
  object space 40960K, 4% used [0x00000000c0000000,0x00000000c01fd0f8,0x00000000c2800000)
 PSPermGen       total 21504K, used 5959K [0x00000000b5a00000, 0x00000000b6f00000, 0x00000000c0000000)
  object space 21504K, 27% used [0x00000000b5a00000,0x00000000b5fd1dd8,0x00000000b6f00000)
}
Event: 4,228 GC heap before
{Heap before GC invocations=3 (full 0):
 PSYoungGen      total 34304K, used 34299K [0x00000000eaa80000, 0x00000000ece80000, 0x0000000100000000)
  eden space 31744K, 100% used [0x00000000eaa80000,0x00000000ec980000,0x00000000ec980000)
  from space 2560K, 99% used [0x00000000ecc00000,0x00000000ece7ec88,0x00000000ece80000)
  to   space 2560K, 0% used [0x00000000ec980000,0x00000000ec980000,0x00000000ecc00000)
 ParOldGen       total 40960K, used 2036K [0x00000000c0000000, 0x00000000c2800000, 0x00000000eaa80000)
  object space 40960K, 4% used [0x00000000c0000000,0x00000000c01fd0f8,0x00000000c2800000)
 PSPermGen       total 21504K, used 6160K [0x00000000b5a00000, 0x00000000b6f00000, 0x00000000c0000000)
  object space 21504K, 28% used [0x00000000b5a00000,0x00000000b6004060,0x00000000b6f00000)
Event: 4,286 GC heap after
Heap after GC invocations=3 (full 0):
 PSYoungGen      total 34304K, used 2530K [0x00000000eaa80000, 0x00000000eed80000, 0x0000000100000000)
  eden space 31744K, 0% used [0x00000000eaa80000,0x00000000eaa80000,0x00000000ec980000)
  from space 2560K, 98% used [0x00000000ec980000,0x00000000ecbf8868,0x00000000ecc00000)
  to   space 2560K, 0% used [0x00000000eeb00000,0x00000000eeb00000,0x00000000eed80000)
 ParOldGen       total 40960K, used 7593K [0x00000000c0000000, 0x00000000c2800000, 0x00000000eaa80000)
  object space 40960K, 18% used [0x00000000c0000000,0x00000000c076a4a0,0x00000000c2800000)
 PSPermGen       total 21504K, used 6160K [0x00000000b5a00000, 0x00000000b6f00000, 0x00000000c0000000)
  object space 21504K, 28% used [0x00000000b5a00000,0x00000000b6004060,0x00000000b6f00000)
}
Event: 10,209 GC heap before
{Heap before GC invocations=4 (full 0):
 PSYoungGen      total 34304K, used 34274K [0x00000000eaa80000, 0x00000000eed80000, 0x0000000100000000)
  eden space 31744K, 100% used [0x00000000eaa80000,0x00000000ec980000,0x00000000ec980000)
  from space 2560K, 98% used [0x00000000ec980000,0x00000000ecbf8868,0x00000000ecc00000)
  to   space 2560K, 0% used [0x00000000eeb00000,0x00000000eeb00000,0x00000000eed80000)
 ParOldGen       total 40960K, used 7593K [0x00000000c0000000, 0x00000000c2800000, 0x00000000eaa80000)
  object space 40960K, 18% used [0x00000000c0000000,0x00000000c076a4a0,0x00000000c2800000)
 PSPermGen       total 21504K, used 6192K [0x00000000b5a00000, 0x00000000b6f00000, 0x00000000c0000000)
  object space 21504K, 28% used [0x00000000b5a00000,0x00000000b600c1d0,0x00000000b6f00000)
Event: 10,257 GC heap after
Heap after GC invocations=4 (full 0):
 PSYoungGen      total 66048K, used 2541K [0x00000000eaa80000, 0x00000000eed80000, 0x0000000100000000)
  eden space 63488K, 0% used [0x00000000eaa80000,0x00000000eaa80000,0x00000000ee880000)
  from space 2560K, 99% used [0x00000000eeb00000,0x00000000eed7b480,0x00000000eed80000)
  to   space 2560K, 0% used [0x00000000ee880000,0x00000000ee880000,0x00000000eeb00000)
 ParOldGen       total 40960K, used 11647K [0x00000000c0000000, 0x00000000c2800000, 0x00000000eaa80000)
  object space 40960K, 28% used [0x00000000c0000000,0x00000000c0b5fe18,0x00000000c2800000)
 PSPermGen       total 21504K, used 6192K [0x00000000b5a00000, 0x00000000b6f00000, 0x00000000c0000000)
  object space 21504K, 28% used [0x00000000b5a00000,0x00000000b600c1d0,0x00000000b6f00000)
}
Event: 16,869 GC heap before
{Heap before GC invocations=5 (full 0):
 PSYoungGen      total 66048K, used 66029K [0x00000000eaa80000, 0x00000000eed80000, 0x0000000100000000)
  eden space 63488K, 100% used [0x00000000eaa80000,0x00000000ee880000,0x00000000ee880000)
  from space 2560K, 99% used [0x00000000eeb00000,0x00000000eed7b480,0x00000000eed80000)
  to   space 2560K, 0% used [0x00000000ee880000,0x00000000ee880000,0x00000000eeb00000)
 ParOldGen       total 40960K, used 11647K [0x00000000c0000000, 0x00000000c2800000, 0x00000000eaa80000)
  object space 40960K, 28% used [0x00000000c0000000,0x00000000c0b5fe18,0x00000000c2800000)
 PSPermGen       total 21504K, used 6245K [0x00000000b5a00000, 0x00000000b6f00000, 0x00000000c0000000)
  object space 21504K, 29% used [0x00000000b5a00000,0x00000000b6019578,0x00000000b6f00000)
Event: 17,012 GC heap after
Heap after GC invocations=5 (full 0):
 PSYoungGen      total 66048K, used 2541K [0x00000000eaa80000, 0x00000000f4480000, 0x0000000100000000)
  eden space 63488K, 0% used [0x00000000eaa80000,0x00000000eaa80000,0x00000000ee880000)
  from space 2560K, 99% used [0x00000000ee880000,0x00000000eeafb460,0x00000000eeb00000)
  to   space 15360K, 0% used [0x00000000f3580000,0x00000000f3580000,0x00000000f4480000)
 ParOldGen       total 40960K, used 22637K [0x00000000c0000000, 0x00000000c2800000, 0x00000000eaa80000)
  object space 40960K, 55% used [0x00000000c0000000,0x00000000c161b520,0x00000000c2800000)
 PSPermGen       total 21504K, used 6245K [0x00000000b5a00000, 0x00000000b6f00000, 0x00000000c0000000)
  object space 21504K, 29% used [0x00000000b5a00000,0x00000000b6019578,0x00000000b6f00000)
}
Event: 21,133 GC heap before
{Heap before GC invocations=6 (full 0):
 PSYoungGen      total 66048K, used 66029K [0x00000000eaa80000, 0x00000000f4480000, 0x0000000100000000)
  eden space 63488K, 100% used [0x00000000eaa80000,0x00000000ee880000,0x00000000ee880000)
  from space 2560K, 99% used [0x00000000ee880000,0x00000000eeafb460,0x00000000eeb00000)
  to   space 15360K, 0% used [0x00000000f3580000,0x00000000f3580000,0x00000000f4480000)
 ParOldGen       total 40960K, used 22637K [0x00000000c0000000, 0x00000000c2800000, 0x00000000eaa80000)
  object space 40960K, 55% used [0x00000000c0000000,0x00000000c161b520,0x00000000c2800000)
 PSPermGen       total 21504K, used 6287K [0x00000000b5a00000, 0x00000000b6f00000, 0x00000000c0000000)
  object space 21504K, 29% used [0x00000000b5a00000,0x00000000b6023c70,0x00000000b6f00000)
Event: 21,321 GC heap after
Heap after GC invocations=6 (full 0):
 PSYoungGen      total 139776K, used 13709K [0x00000000eaa80000, 0x00000000f4980000, 0x0000000100000000)
  eden space 124416K, 0% used [0x00000000eaa80000,0x00000000eaa80000,0x00000000f2400000)
  from space 15360K, 89% used [0x00000000f3580000,0x00000000f42e36f0,0x00000000f4480000)
  to   space 17920K, 0% used [0x00000000f2400000,0x00000000f2400000,0x00000000f3580000)
 ParOldGen       total 40960K, used 22637K [0x00000000c0000000, 0x00000000c2800000, 0x00000000eaa80000)
  object space 40960K, 55% used [0x00000000c0000000,0x00000000c161b520,0x00000000c2800000)
 PSPermGen       total 21504K, used 6287K [0x00000000b5a00000, 0x00000000b6f00000, 0x00000000c0000000)
  object space 21504K, 29% used [0x00000000b5a00000,0x00000000b6023c70,0x00000000b6f00000)
}
Event: 26,343 GC heap before
{Heap before GC invocations=7 (full 0):
 PSYoungGen      total 139776K, used 138125K [0x00000000eaa80000, 0x00000000f4980000, 0x0000000100000000)
  eden space 124416K, 100% used [0x00000000eaa80000,0x00000000f2400000,0x00000000f2400000)
  from space 15360K, 89% used [0x00000000f3580000,0x00000000f42e36f0,0x00000000f4480000)
  to   space 17920K, 0% used [0x00000000f2400000,0x00000000f2400000,0x00000000f3580000)
 ParOldGen       total 40960K, used 22637K [0x00000000c0000000, 0x00000000c2800000, 0x00000000eaa80000)
  object space 40960K, 55% used [0x00000000c0000000,0x00000000c161b520,0x00000000c2800000)
 PSPermGen       total 21504K, used 6371K [0x00000000b5a00000, 0x00000000b6f00000, 0x00000000c0000000)
  object space 21504K, 29% used [0x00000000b5a00000,0x00000000b6038c58,0x00000000b6f00000)

Deoptimization events (10 events):
Event: 22,717 Thread 0x00007f4d041ae000 Uncommon trap: reason=bimorphic action=maybe_recompile pc=0x00007f4d0115dbec method=com.android.dx.ssa.SCCP.setLatticeValueTo(IILcom/android/dx/rop/cst/Constant;)Z @ 43
Event: 23,551 Thread 0x00007f4d041ae000 Uncommon trap: reason=bimorphic action=maybe_recompile pc=0x00007f4d01192368 method=com.android.dx.cf.code.BytecodeArray.parseInstruction(ILcom/android/dx/cf/code/BytecodeArray$Visitor;)I @ 1161
Event: 23,551 Thread 0x00007f4d041ae000 Uncommon trap: reason=bimorphic action=maybe_recompile pc=0x00007f4d01192368 method=com.android.dx.cf.code.BytecodeArray.parseInstruction(ILcom/android/dx/cf/code/BytecodeArray$Visitor;)I @ 1161
Event: 23,786 Thread 0x00007f4d041ae000 Uncommon trap: reason=bimorphic action=maybe_recompile pc=0x00007f4d01192568 method=com.android.dx.cf.code.BytecodeArray.parseInstruction(ILcom/android/dx/cf/code/BytecodeArray$Visitor;)I @ 1357
Event: 23,789 Thread 0x00007f4d041ae000 Uncommon trap: reason=bimorphic action=maybe_recompile pc=0x00007f4d01192568 method=com.android.dx.cf.code.BytecodeArray.parseInstruction(ILcom/android/dx/cf/code/BytecodeArray$Visitor;)I @ 1357
Event: 23,837 Thread 0x00007f4d041ae000 Uncommon trap: reason=unstable_if action=reinterpret pc=0x00007f4d010da1d4 method=com.android.dx.ssa.Dominators.run()V @ 346
Event: 23,943 Thread 0x00007f4d041b1000 Uncommon trap: reason=unstable_if action=reinterpret pc=0x00007f4d010ca9ec method=com.android.dx.ssa.MoveParamCombiner$1.visitNonMoveInsn(Lcom/android/dx/ssa/NormalSsaInsn;)V @ 27
Event: 24,229 Thread 0x00007f4d041af800 Uncommon trap: reason=bimorphic action=maybe_recompile pc=0x00007f4d010cd01c method=com.android.dx.ssa.LiteralOpUpgrader.tryReplacingWithConstant(Lcom/android/dx/ssa/NormalSsaInsn;)Z @ 62
Event: 24,229 Thread 0x00007f4d041af800 Uncommon trap: reason=unstable_if action=reinterpret pc=0x00007f4d011a2ef4 method=com.android.dx.ssa.LiteralOpUpgrader$1.visitNonMoveInsn(Lcom/android/dx/ssa/NormalSsaInsn;)V @ 24
Event: 24,318 Thread 0x00007f4d041af800 Uncommon trap: reason=bimorphic action=maybe_recompile pc=0x00007f4d010cd01c method=com.android.dx.ssa.LiteralOpUpgrader.tryReplacingWithConstant(Lcom/android/dx/ssa/NormalSsaInsn;)Z @ 62

Internal exceptions (10 events):
Event: 1,133 Thread 0x00007f4d041af800 Threw 0x00000000eb30ded0 at /build/openjdk-7-2FOwCu/openjdk-7-7u95-2.6.4/build/openjdk/hotspot/src/share/vm/prims/jvm.cpp:1322
Event: 1,388 Thread 0x00007f4d041af800 Threw 0x00000000eb5b6200 at /build/openjdk-7-2FOwCu/openjdk-7-7u95-2.6.4/build/openjdk/hotspot/src/share/vm/prims/jvm.cpp:1322
Event: 1,400 Thread 0x00007f4d0400a800 Threw 0x00000000eb690670 at /build/openjdk-7-2FOwCu/openjdk-7-7u95-2.6.4/build/openjdk/hotspot/src/share/vm/prims/jvm.cpp:1322
Event: 2,108 Thread 0x00007f4d041af800 Threw 0x00000000ead53930 at /build/openjdk-7-2FOwCu/openjdk-7-7u95-2.6.4/build/openjdk/hotspot/src/share/vm/prims/jvm.cpp:1322
Event: 11,141 Thread 0x00007f4d041b1000 Threw 0x00000000ead7c7e0 at /build/openjdk-7-2FOwCu/openjdk-7-7u95-2.6.4/build/openjdk/hotspot/src/share/vm/prims/jvm.cpp:1322
Event: 11,143 Thread 0x00007f4d0400a800 Implicit null exception at 0x00007f4d0109dc23 to 0x00007f4d0109e305
Event: 11,304 Thread 0x00007f4d0400a800 Threw 0x00000000eaf4de70 at /build/openjdk-7-2FOwCu/openjdk-7-7u95-2.6.4/build/openjdk/hotspot/src/share/vm/prims/jvm.cpp:1322
Event: 11,456 Thread 0x00007f4d0400a800 Threw 0x00000000eb19fbe8 at /build/openjdk-7-2FOwCu/openjdk-7-7u95-2.6.4/build/openjdk/hotspot/src/share/vm/prims/jvm.cpp:1322
Event: 20,531 Thread 0x00007f4d0400a800 Threw 0x00000000edaee8f0 at /build/openjdk-7-2FOwCu/openjdk-7-7u95-2.6.4/build/openjdk/hotspot/src/share/vm/prims/jvm.cpp:1322
Event: 21,108 Thread 0x00007f4d041a9000 Implicit null exception at 0x00007f4d01172a79 to 0x00007f4d01172b95

Events (10 events):
Event: 24,229 Thread 0x00007f4d041af800 DEOPT PACKING pc=0x00007f4d010cd01c sp=0x00007f4cce67e100
Event: 24,229 Thread 0x00007f4d041af800 DEOPT UNPACKING pc=0x00007f4d01039445 sp=0x00007f4cce67e050 mode 2
Event: 24,229 Thread 0x00007f4d041af800 Uncommon trap: trap_request=0xffffff75 fr.pc=0x00007f4d011a2ef4
Event: 24,229 Thread 0x00007f4d041af800 DEOPT PACKING pc=0x00007f4d011a2ef4 sp=0x00007f4cce67e160
Event: 24,229 Thread 0x00007f4d041af800 DEOPT UNPACKING pc=0x00007f4d01039445 sp=0x00007f4cce67e120 mode 2
Event: 24,318 Thread 0x00007f4d041af800 Uncommon trap: trap_request=0xffffffc6 fr.pc=0x00007f4d010cd01c
Event: 24,318 Thread 0x00007f4d041af800 DEOPT PACKING pc=0x00007f4d010cd01c sp=0x00007f4cce67e020
Event: 24,318 Thread 0x00007f4d041af800 DEOPT UNPACKING pc=0x00007f4d01039445 sp=0x00007f4cce67df80 mode 2
Event: 25,971 Thread 0x00007f4d040aa800 flushing nmethod 0x00007f4d01174590
Event: 26,333 Executing VM operation: ParallelGCFailedAllocation


Dynamic libraries:
00400000-00401000 r-xp 00000000 08:06 1454669                            /usr/lib/jvm/java-7-openjdk-amd64/jre/bin/java
00600000-00601000 r--p 00000000 08:06 1454669                            /usr/lib/jvm/java-7-openjdk-amd64/jre/bin/java
00601000-00602000 rw-p 00001000 08:06 1454669                            /usr/lib/jvm/java-7-openjdk-amd64/jre/bin/java
025e5000-02606000 rw-p 00000000 00:00 0                                  [heap]
b5a00000-b6f00000 rw-p 00000000 00:00 0 
b6f00000-c0000000 rw-p 00000000 00:00 0 
c0000000-c2800000 rw-p 00000000 00:00 0 
c2800000-eaa80000 rw-p 00000000 00:00 0 
eaa80000-f4980000 rw-p 00000000 00:00 0 
fd580000-100000000 rw-p 00000000 00:00 0 
7f4cb4000000-7f4cb4021000 rw-p 00000000 00:00 0 
7f4cb4021000-7f4cb8000000 ---p 00000000 00:00 0 
7f4cb8000000-7f4cb8021000 rw-p 00000000 00:00 0 
7f4cb8021000-7f4cbc000000 ---p 00000000 00:00 0 
7f4cbc000000-7f4cbc021000 rw-p 00000000 00:00 0 
7f4cbc021000-7f4cc0000000 ---p 00000000 00:00 0 
7f4cc0000000-7f4cc0038000 rw-p 00000000 00:00 0 
7f4cc0038000-7f4cc4000000 ---p 00000000 00:00 0 
7f4cc4000000-7f4cc4035000 rw-p 00000000 00:00 0 
7f4cc4035000-7f4cc8000000 ---p 00000000 00:00 0 
7f4cc8000000-7f4cc8021000 rw-p 00000000 00:00 0 
7f4cc8021000-7f4ccc000000 ---p 00000000 00:00 0 
7f4cce47e000-7f4cce481000 ---p 00000000 00:00 0 
7f4cce481000-7f4cce57f000 rw-p 00000000 00:00 0                          [stack:6285]
7f4cce57f000-7f4cce582000 ---p 00000000 00:00 0 
7f4cce582000-7f4cce680000 rw-p 00000000 00:00 0                          [stack:6284]
7f4cce680000-7f4cce683000 ---p 00000000 00:00 0 
7f4cce683000-7f4cce781000 rw-p 00000000 00:00 0                          [stack:6283]
7f4cce781000-7f4cce784000 ---p 00000000 00:00 0 
7f4cce784000-7f4cce882000 rw-p 00000000 00:00 0                          [stack:6282]
7f4cce882000-7f4cce8bf000 r-xp 00000000 08:06 130821                     /lib/x86_64-linux-gnu/libpcre.so.3.13.1
7f4cce8bf000-7f4cceabe000 ---p 0003d000 08:06 130821                     /lib/x86_64-linux-gnu/libpcre.so.3.13.1
7f4cceabe000-7f4cceabf000 r--p 0003c000 08:06 130821                     /lib/x86_64-linux-gnu/libpcre.so.3.13.1
7f4cceabf000-7f4cceac0000 rw-p 0003d000 08:06 130821                     /lib/x86_64-linux-gnu/libpcre.so.3.13.1
7f4cceac0000-7f4cceac7000 r-xp 00000000 08:06 1447540                    /usr/lib/x86_64-linux-gnu/libffi.so.6.0.1
7f4cceac7000-7f4ccecc6000 ---p 00007000 08:06 1447540                    /usr/lib/x86_64-linux-gnu/libffi.so.6.0.1
7f4ccecc6000-7f4ccecc7000 r--p 00006000 08:06 1447540                    /usr/lib/x86_64-linux-gnu/libffi.so.6.0.1
7f4ccecc7000-7f4ccecc8000 rw-p 00007000 08:06 1447540                    /usr/lib/x86_64-linux-gnu/libffi.so.6.0.1
7f4ccecc8000-7f4ccecdf000 r-xp 00000000 08:06 134868                     /lib/x86_64-linux-gnu/libresolv-2.19.so
7f4ccecdf000-7f4cceedf000 ---p 00017000 08:06 134868                     /lib/x86_64-linux-gnu/libresolv-2.19.so
7f4cceedf000-7f4cceee0000 r--p 00017000 08:06 134868                     /lib/x86_64-linux-gnu/libresolv-2.19.so
7f4cceee0000-7f4cceee1000 rw-p 00018000 08:06 134868                     /lib/x86_64-linux-gnu/libresolv-2.19.so
7f4cceee1000-7f4cceee3000 rw-p 00000000 00:00 0 
7f4cceee3000-7f4ccef03000 r-xp 00000000 08:06 135079                     /lib/x86_64-linux-gnu/libselinux.so.1
7f4ccef03000-7f4ccf102000 ---p 00020000 08:06 135079                     /lib/x86_64-linux-gnu/libselinux.so.1
7f4ccf102000-7f4ccf103000 r--p 0001f000 08:06 135079                     /lib/x86_64-linux-gnu/libselinux.so.1
7f4ccf103000-7f4ccf104000 rw-p 00020000 08:06 135079                     /lib/x86_64-linux-gnu/libselinux.so.1
7f4ccf104000-7f4ccf106000 rw-p 00000000 00:00 0 
7f4ccf106000-7f4ccf109000 r-xp 00000000 08:06 1439340                    /usr/lib/x86_64-linux-gnu/libgmodule-2.0.so.0.4002.0
7f4ccf109000-7f4ccf308000 ---p 00003000 08:06 1439340                    /usr/lib/x86_64-linux-gnu/libgmodule-2.0.so.0.4002.0
7f4ccf308000-7f4ccf309000 r--p 00002000 08:06 1439340                    /usr/lib/x86_64-linux-gnu/libgmodule-2.0.so.0.4002.0
7f4ccf309000-7f4ccf30a000 rw-p 00003000 08:06 1439340                    /usr/lib/x86_64-linux-gnu/libgmodule-2.0.so.0.4002.0
7f4ccf30a000-7f4ccf410000 r-xp 00000000 08:06 134871                     /lib/x86_64-linux-gnu/libglib-2.0.so.0.4002.0
7f4ccf410000-7f4ccf60f000 ---p 00106000 08:06 134871                     /lib/x86_64-linux-gnu/libglib-2.0.so.0.4002.0
7f4ccf60f000-7f4ccf610000 r--p 00105000 08:06 134871                     /lib/x86_64-linux-gnu/libglib-2.0.so.0.4002.0
7f4ccf610000-7f4ccf611000 rw-p 00106000 08:06 134871                     /lib/x86_64-linux-gnu/libglib-2.0.so.0.4002.0
7f4ccf611000-7f4ccf612000 rw-p 00000000 00:00 0 
7f4ccf612000-7f4ccf661000 r-xp 00000000 08:06 1439358                    /usr/lib/x86_64-linux-gnu/libgobject-2.0.so.0.4002.0
7f4ccf661000-7f4ccf861000 ---p 0004f000 08:06 1439358                    /usr/lib/x86_64-linux-gnu/libgobject-2.0.so.0.4002.0
7f4ccf861000-7f4ccf862000 r--p 0004f000 08:06 1439358                    /usr/lib/x86_64-linux-gnu/libgobject-2.0.so.0.4002.0
7f4ccf862000-7f4ccf863000 rw-p 00050000 08:06 1439358                    /usr/lib/x86_64-linux-gnu/libgobject-2.0.so.0.4002.0
7f4ccf863000-7f4ccf9cf000 r-xp 00000000 08:06 1439362                    /usr/lib/x86_64-linux-gnu/libgio-2.0.so.0.4002.0
7f4ccf9cf000-7f4ccfbce000 ---p 0016c000 08:06 1439362                    /usr/lib/x86_64-linux-gnu/libgio-2.0.so.0.4002.0
7f4ccfbce000-7f4ccfbd2000 r--p 0016b000 08:06 1439362                    /usr/lib/x86_64-linux-gnu/libgio-2.0.so.0.4002.0
7f4ccfbd2000-7f4ccfbd4000 rw-p 0016f000 08:06 1439362                    /usr/lib/x86_64-linux-gnu/libgio-2.0.so.0.4002.0
7f4ccfbd4000-7f4ccfbd6000 rw-p 00000000 00:00 0 
7f4ccfbd6000-7f4ccfbed000 r-xp 00000000 08:06 1489830                    /usr/lib/jvm/java-7-openjdk-amd64/jre/lib/amd64/libnet.so
7f4ccfbed000-7f4ccfdec000 ---p 00017000 08:06 1489830                    /usr/lib/jvm/java-7-openjdk-amd64/jre/lib/amd64/libnet.so
7f4ccfdec000-7f4ccfded000 r--p 00016000 08:06 1489830                    /usr/lib/jvm/java-7-openjdk-amd64/jre/lib/amd64/libnet.so
7f4ccfded000-7f4ccfdee000 rw-p 00017000 08:06 1489830                    /usr/lib/jvm/java-7-openjdk-amd64/jre/lib/amd64/libnet.so
7f4ccfdee000-7f4ccfdfe000 r-xp 00000000 08:06 1489812                    /usr/lib/jvm/java-7-openjdk-amd64/jre/lib/amd64/libnio.so
7f4ccfdfe000-7f4ccfffe000 ---p 00010000 08:06 1489812                    /usr/lib/jvm/java-7-openjdk-amd64/jre/lib/amd64/libnio.so
7f4ccfffe000-7f4ccffff000 r--p 00010000 08:06 1489812                    /usr/lib/jvm/java-7-openjdk-amd64/jre/lib/amd64/libnio.so
7f4ccffff000-7f4cd0000000 rw-p 00011000 08:06 1489812                    /usr/lib/jvm/java-7-openjdk-amd64/jre/lib/amd64/libnio.so
7f4cd0000000-7f4cd19a7000 rw-p 00000000 00:00 0 
7f4cd19a7000-7f4cd4000000 ---p 00000000 00:00 0 
7f4cd4000000-7f4cd4021000 rw-p 00000000 00:00 0 
7f4cd4021000-7f4cd8000000 ---p 00000000 00:00 0 
7f4cd8000000-7f4cd8021000 rw-p 00000000 00:00 0 
7f4cd8021000-7f4cdc000000 ---p 00000000 00:00 0 
7f4cdc000000-7f4cdd40a000 rw-p 00000000 00:00 0 
7f4cdd40a000-7f4ce0000000 ---p 00000000 00:00 0 
7f4ce0000000-7f4ce0021000 rw-p 00000000 00:00 0 
7f4ce0021000-7f4ce4000000 ---p 00000000 00:00 0 
7f4ce4000000-7f4ce4021000 rw-p 00000000 00:00 0 
7f4ce4021000-7f4ce8000000 ---p 00000000 00:00 0 
7f4ce8000000-7f4ce8021000 rw-p 00000000 00:00 0 
7f4ce8021000-7f4cec000000 ---p 00000000 00:00 0 
7f4cec03b000-7f4cec03e000 ---p 00000000 00:00 0 
7f4cec03e000-7f4cec16d000 rw-p 00000000 00:00 0                          [stack:6281]
7f4cec16d000-7f4cec16e000 ---p 00000000 00:00 0 
7f4cec16e000-7f4cec26e000 rw-p 00000000 00:00 0                          [stack:6262]
7f4cec26e000-7f4cec271000 ---p 00000000 00:00 0 
7f4cec271000-7f4cec36f000 rw-p 00000000 00:00 0                          [stack:6253]
7f4cec36f000-7f4cec372000 ---p 00000000 00:00 0 
7f4cec372000-7f4cec470000 rw-p 00000000 00:00 0                          [stack:6250]
7f4cec470000-7f4cec473000 ---p 00000000 00:00 0 
7f4cec473000-7f4cec571000 rw-p 00000000 00:00 0                          [stack:6248]
7f4cec571000-7f4cec574000 ---p 00000000 00:00 0 
7f4cec574000-7f4cec672000 rw-p 00000000 00:00 0                          [stack:6247]
7f4cec672000-7f4cecec4000 r--p 00000000 08:06 1447082                    /usr/lib/locale/locale-archive
7f4cecec4000-7f4cecec7000 ---p 00000000 00:00 0 
7f4cecec7000-7f4cecfc5000 rw-p 00000000 00:00 0                          [stack:6242]
7f4cecfc5000-7f4cecfc8000 ---p 00000000 00:00 0 
7f4cecfc8000-7f4ced0c6000 rw-p 00000000 00:00 0                          [stack:6239]
7f4ced0c6000-7f4ced0c7000 ---p 00000000 00:00 0 
7f4ced0c7000-7f4cf0000000 rw-p 00000000 00:00 0                          [stack:6234]
7f4cf0000000-7f4cf0021000 rw-p 00000000 00:00 0 
7f4cf0021000-7f4cf4000000 ---p 00000000 00:00 0 
7f4cf4000000-7f4cf4021000 rw-p 00000000 00:00 0 
7f4cf4021000-7f4cf8000000 ---p 00000000 00:00 0 
7f4cf8000000-7f4cf8021000 rw-p 00000000 00:00 0 
7f4cf8021000-7f4cfc000000 ---p 00000000 00:00 0 
7f4cfc000000-7f4cfc021000 rw-p 00000000 00:00 0 
7f4cfc021000-7f4d00000000 ---p 00000000 00:00 0 
7f4d0002e000-7f4d00044000 r--s 000f0000 08:06 3226665                    /home/tulin/AndroidStudioProjects/CamApp/app/build/intermediates/exploded-aar/com.android.support/support-v4/23.2.0/jars/classes.jar
7f4d00044000-7f4d00053000 r--s 000df000 08:06 3216701                    /home/tulin/Android/Sdk/build-tools/23.0.2/lib/dx.jar
7f4d00053000-7f4d00726000 rw-p 00000000 00:00 0 
7f4d00726000-7f4d008d8000 r--s 01d2f000 08:06 1489796                    /usr/lib/jvm/java-7-openjdk-amd64/jre/lib/rt.jar
7f4d008d8000-7f4d00bfc000 rw-p 00000000 00:00 0 
7f4d00bfc000-7f4d00bfd000 ---p 00000000 00:00 0 
7f4d00bfd000-7f4d00cfd000 rw-p 00000000 00:00 0                          [stack:6222]
7f4d00cfd000-7f4d00cfe000 ---p 00000000 00:00 0 
7f4d00cfe000-7f4d00dfe000 rw-p 00000000 00:00 0                          [stack:6221]
7f4d00dfe000-7f4d00dff000 ---p 00000000 00:00 0 
7f4d00dff000-7f4d00eff000 rw-p 00000000 00:00 0                          [stack:6220]
7f4d00eff000-7f4d00f00000 ---p 00000000 00:00 0 
7f4d00f00000-7f4d01000000 rw-p 00000000 00:00 0                          [stack:6218]
7f4d01000000-7f4d01270000 rwxp 00000000 00:00 0 
7f4d01270000-7f4d041d6000 rw-p 00000000 00:00 0 
7f4d041d6000-7f4d08000000 ---p 00000000 00:00 0 
7f4d08002000-7f4d08056000 rw-p 00000000 00:00 0 
7f4d08056000-7f4d0809e000 rw-p 00000000 00:00 0 
7f4d0809e000-7f4d080b2000 rw-p 00000000 00:00 0 
7f4d080b2000-7f4d081f4000 rw-p 00000000 00:00 0 
7f4d081f4000-7f4d081ff000 rw-p 00000000 00:00 0 
7f4d081ff000-7f4d08247000 rw-p 00000000 00:00 0 
7f4d08247000-7f4d0825b000 rw-p 00000000 00:00 0 
7f4d0825b000-7f4d0839c000 rw-p 00000000 00:00 0 
7f4d0839c000-7f4d083ec000 rw-p 00000000 00:00 0 
7f4d083ec000-7f4d08447000 rw-p 00000000 00:00 0 
7f4d08447000-7f4d08448000 rw-p 00000000 00:00 0 
7f4d08448000-7f4d08450000 r-xp 00000000 08:06 1489805                    /usr/lib/jvm/java-7-openjdk-amd64/jre/lib/amd64/libzip.so
7f4d08450000-7f4d0864f000 ---p 00008000 08:06 1489805                    /usr/lib/jvm/java-7-openjdk-amd64/jre/lib/amd64/libzip.so
7f4d0864f000-7f4d08650000 r--p 00007000 08:06 1489805                    /usr/lib/jvm/java-7-openjdk-amd64/jre/lib/amd64/libzip.so
7f4d08650000-7f4d08651000 rw-p 00008000 08:06 1489805                    /usr/lib/jvm/java-7-openjdk-amd64/jre/lib/amd64/libzip.so
7f4d08651000-7f4d0865c000 r-xp 00000000 08:06 184225                     /lib/x86_64-linux-gnu/libnss_files-2.19.so
7f4d0865c000-7f4d0885b000 ---p 0000b000 08:06 184225                     /lib/x86_64-linux-gnu/libnss_files-2.19.so
7f4d0885b000-7f4d0885c000 r--p 0000a000 08:06 184225                     /lib/x86_64-linux-gnu/libnss_files-2.19.so
7f4d0885c000-7f4d0885d000 rw-p 0000b000 08:06 184225                     /lib/x86_64-linux-gnu/libnss_files-2.19.so
7f4d0885d000-7f4d08868000 r-xp 00000000 08:06 145746                     /lib/x86_64-linux-gnu/libnss_nis-2.19.so
7f4d08868000-7f4d08a67000 ---p 0000b000 08:06 145746                     /lib/x86_64-linux-gnu/libnss_nis-2.19.so
7f4d08a67000-7f4d08a68000 r--p 0000a000 08:06 145746                     /lib/x86_64-linux-gnu/libnss_nis-2.19.so
7f4d08a68000-7f4d08a69000 rw-p 0000b000 08:06 145746                     /lib/x86_64-linux-gnu/libnss_nis-2.19.so
7f4d08a69000-7f4d08a80000 r-xp 00000000 08:06 145742                     /lib/x86_64-linux-gnu/libnsl-2.19.so
7f4d08a80000-7f4d08c7f000 ---p 00017000 08:06 145742                     /lib/x86_64-linux-gnu/libnsl-2.19.so
7f4d08c7f000-7f4d08c80000 r--p 00016000 08:06 145742                     /lib/x86_64-linux-gnu/libnsl-2.19.so
7f4d08c80000-7f4d08c81000 rw-p 00017000 08:06 145742                     /lib/x86_64-linux-gnu/libnsl-2.19.so
7f4d08c81000-7f4d08c83000 rw-p 00000000 00:00 0 
7f4d08c83000-7f4d08c8c000 r-xp 00000000 08:06 145741                     /lib/x86_64-linux-gnu/libnss_compat-2.19.so
7f4d08c8c000-7f4d08e8b000 ---p 00009000 08:06 145741                     /lib/x86_64-linux-gnu/libnss_compat-2.19.so
7f4d08e8b000-7f4d08e8c000 r--p 00008000 08:06 145741                     /lib/x86_64-linux-gnu/libnss_compat-2.19.so
7f4d08e8c000-7f4d08e8d000 rw-p 00009000 08:06 145741                     /lib/x86_64-linux-gnu/libnss_compat-2.19.so
7f4d08e8d000-7f4d08eb8000 r-xp 00000000 08:06 1489826                    /usr/lib/jvm/java-7-openjdk-amd64/jre/lib/amd64/libjava.so
7f4d08eb8000-7f4d090b8000 ---p 0002b000 08:06 1489826                    /usr/lib/jvm/java-7-openjdk-amd64/jre/lib/amd64/libjava.so
7f4d090b8000-7f4d090b9000 r--p 0002b000 08:06 1489826                    /usr/lib/jvm/java-7-openjdk-amd64/jre/lib/amd64/libjava.so
7f4d090b9000-7f4d090bb000 rw-p 0002c000 08:06 1489826                    /usr/lib/jvm/java-7-openjdk-amd64/jre/lib/amd64/libjava.so
7f4d090bb000-7f4d090cb000 r-xp 00000000 08:06 1489810                    /usr/lib/jvm/java-7-openjdk-amd64/jre/lib/amd64/libverify.so
7f4d090cb000-7f4d092ca000 ---p 00010000 08:06 1489810                    /usr/lib/jvm/java-7-openjdk-amd64/jre/lib/amd64/libverify.so
7f4d092ca000-7f4d092cc000 r--p 0000f000 08:06 1489810                    /usr/lib/jvm/java-7-openjdk-amd64/jre/lib/amd64/libverify.so
7f4d092cc000-7f4d092cd000 rw-p 00011000 08:06 1489810                    /usr/lib/jvm/java-7-openjdk-amd64/jre/lib/amd64/libverify.so
7f4d092cd000-7f4d092d4000 r-xp 00000000 08:06 148472                     /lib/x86_64-linux-gnu/librt-2.19.so
7f4d092d4000-7f4d094d3000 ---p 00007000 08:06 148472                     /lib/x86_64-linux-gnu/librt-2.19.so
7f4d094d3000-7f4d094d4000 r--p 00006000 08:06 148472                     /lib/x86_64-linux-gnu/librt-2.19.so
7f4d094d4000-7f4d094d5000 rw-p 00007000 08:06 148472                     /lib/x86_64-linux-gnu/librt-2.19.so
7f4d094d5000-7f4d094eb000 r-xp 00000000 08:06 131070                     /lib/x86_64-linux-gnu/libgcc_s.so.1
7f4d094eb000-7f4d096ea000 ---p 00016000 08:06 131070                     /lib/x86_64-linux-gnu/libgcc_s.so.1
7f4d096ea000-7f4d096eb000 rw-p 00015000 08:06 131070                     /lib/x86_64-linux-gnu/libgcc_s.so.1
7f4d096eb000-7f4d097f0000 r-xp 00000000 08:06 135048                     /lib/x86_64-linux-gnu/libm-2.19.so
7f4d097f0000-7f4d099ef000 ---p 00105000 08:06 135048                     /lib/x86_64-linux-gnu/libm-2.19.so
7f4d099ef000-7f4d099f0000 r--p 00104000 08:06 135048                     /lib/x86_64-linux-gnu/libm-2.19.so
7f4d099f0000-7f4d099f1000 rw-p 00105000 08:06 135048                     /lib/x86_64-linux-gnu/libm-2.19.so
7f4d099f1000-7f4d09ad7000 r-xp 00000000 08:06 1439330                    /usr/lib/x86_64-linux-gnu/libstdc++.so.6.0.19
7f4d09ad7000-7f4d09cd6000 ---p 000e6000 08:06 1439330                    /usr/lib/x86_64-linux-gnu/libstdc++.so.6.0.19
7f4d09cd6000-7f4d09cde000 r--p 000e5000 08:06 1439330                    /usr/lib/x86_64-linux-gnu/libstdc++.so.6.0.19
7f4d09cde000-7f4d09ce0000 rw-p 000ed000 08:06 1439330                    /usr/lib/x86_64-linux-gnu/libstdc++.so.6.0.19
7f4d09ce0000-7f4d09cf5000 rw-p 00000000 00:00 0 
7f4d09cf5000-7f4d0a81a000 r-xp 00000000 08:06 1489806                    /usr/lib/jvm/java-7-openjdk-amd64/jre/lib/amd64/server/libjvm.so
7f4d0a81a000-7f4d0aa1a000 ---p 00b25000 08:06 1489806                    /usr/lib/jvm/java-7-openjdk-amd64/jre/lib/amd64/server/libjvm.so
7f4d0aa1a000-7f4d0aab4000 r--p 00b25000 08:06 1489806                    /usr/lib/jvm/java-7-openjdk-amd64/jre/lib/amd64/server/libjvm.so
7f4d0aab4000-7f4d0aad7000 rw-p 00bbf000 08:06 1489806                    /usr/lib/jvm/java-7-openjdk-amd64/jre/lib/amd64/server/libjvm.so
7f4d0aad7000-7f4d0ab05000 rw-p 00000000 00:00 0 
7f4d0ab05000-7f4d0ab1d000 r-xp 00000000 08:06 135112                     /lib/x86_64-linux-gnu/libz.so.1.2.8
7f4d0ab1d000-7f4d0ad1c000 ---p 00018000 08:06 135112                     /lib/x86_64-linux-gnu/libz.so.1.2.8
7f4d0ad1c000-7f4d0ad1d000 r--p 00017000 08:06 135112                     /lib/x86_64-linux-gnu/libz.so.1.2.8
7f4d0ad1d000-7f4d0ad1e000 rw-p 00018000 08:06 135112                     /lib/x86_64-linux-gnu/libz.so.1.2.8
7f4d0ad1e000-7f4d0ad37000 r-xp 00000000 08:06 145743                     /lib/x86_64-linux-gnu/libpthread-2.19.so
7f4d0ad37000-7f4d0af36000 ---p 00019000 08:06 145743                     /lib/x86_64-linux-gnu/libpthread-2.19.so
7f4d0af36000-7f4d0af37000 r--p 00018000 08:06 145743                     /lib/x86_64-linux-gnu/libpthread-2.19.so
7f4d0af37000-7f4d0af38000 rw-p 00019000 08:06 145743                     /lib/x86_64-linux-gnu/libpthread-2.19.so
7f4d0af38000-7f4d0af3c000 rw-p 00000000 00:00 0 
7f4d0af3c000-7f4d0af3f000 r-xp 00000000 08:06 145738                     /lib/x86_64-linux-gnu/libdl-2.19.so
7f4d0af3f000-7f4d0b13e000 ---p 00003000 08:06 145738                     /lib/x86_64-linux-gnu/libdl-2.19.so
7f4d0b13e000-7f4d0b13f000 r--p 00002000 08:06 145738                     /lib/x86_64-linux-gnu/libdl-2.19.so
7f4d0b13f000-7f4d0b140000 rw-p 00003000 08:06 145738                     /lib/x86_64-linux-gnu/libdl-2.19.so
7f4d0b140000-7f4d0b2fb000 r-xp 00000000 08:06 148473                     /lib/x86_64-linux-gnu/libc-2.19.so
7f4d0b2fb000-7f4d0b4fa000 ---p 001bb000 08:06 148473                     /lib/x86_64-linux-gnu/libc-2.19.so
7f4d0b4fa000-7f4d0b4fe000 r--p 001ba000 08:06 148473                     /lib/x86_64-linux-gnu/libc-2.19.so
7f4d0b4fe000-7f4d0b500000 rw-p 001be000 08:06 148473                     /lib/x86_64-linux-gnu/libc-2.19.so
7f4d0b500000-7f4d0b505000 rw-p 00000000 00:00 0 
7f4d0b505000-7f4d0b512000 r-xp 00000000 08:06 1489800                    /usr/lib/jvm/java-7-openjdk-amd64/jre/lib/amd64/jli/libjli.so
7f4d0b512000-7f4d0b711000 ---p 0000d000 08:06 1489800                    /usr/lib/jvm/java-7-openjdk-amd64/jre/lib/amd64/jli/libjli.so
7f4d0b711000-7f4d0b712000 r--p 0000c000 08:06 1489800                    /usr/lib/jvm/java-7-openjdk-amd64/jre/lib/amd64/jli/libjli.so
7f4d0b712000-7f4d0b713000 rw-p 0000d000 08:06 1489800                    /usr/lib/jvm/java-7-openjdk-amd64/jre/lib/amd64/jli/libjli.so
7f4d0b713000-7f4d0b736000 r-xp 00000000 08:06 145744                     /lib/x86_64-linux-gnu/ld-2.19.so
7f4d0b736000-7f4d0b739000 r--s 0000f000 08:06 1489840                    /usr/lib/jvm/java-7-openjdk-amd64/jre/lib/ext/icedtea-sound.jar
7f4d0b739000-7f4d0b75b000 rw-p 00000000 00:00 0 
7f4d0b75b000-7f4d0b811000 rw-p 00000000 00:00 0 
7f4d0b811000-7f4d0b814000 ---p 00000000 00:00 0 
7f4d0b814000-7f4d0b918000 rw-p 00000000 00:00 0                          [stack:6217]
7f4d0b918000-7f4d0b91a000 r--s 00012000 08:06 1489837                    /usr/lib/jvm/java-7-openjdk-amd64/jre/lib/ext/zipfs.jar
7f4d0b91a000-7f4d0b91b000 r--s 00002000 08:06 1489839                    /usr/lib/jvm/java-7-openjdk-amd64/jre/lib/ext/dnsns.jar
7f4d0b91b000-7f4d0b91d000 r--s 00006000 08:06 1840524                    /usr/share/java/java-atk-wrapper.jar
7f4d0b91d000-7f4d0b921000 r--s 0003c000 08:06 1489838                    /usr/lib/jvm/java-7-openjdk-amd64/jre/lib/ext/sunpkcs11.jar
7f4d0b921000-7f4d0b925000 r--s 00034000 08:06 1489836                    /usr/lib/jvm/java-7-openjdk-amd64/jre/lib/ext/sunjce_provider.jar
7f4d0b925000-7f4d0b929000 r--s 00085000 08:06 1489835                    /usr/lib/jvm/java-7-openjdk-amd64/jre/lib/ext/localedata.jar
7f4d0b929000-7f4d0b931000 rw-s 00000000 08:06 1846228                    /tmp/hsperfdata_tulin/6209
7f4d0b931000-7f4d0b932000 rw-p 00000000 00:00 0 
7f4d0b932000-7f4d0b933000 ---p 00000000 00:00 0 
7f4d0b933000-7f4d0b935000 rw-p 00000000 00:00 0 
7f4d0b935000-7f4d0b936000 r--p 00022000 08:06 145744                     /lib/x86_64-linux-gnu/ld-2.19.so
7f4d0b936000-7f4d0b937000 rw-p 00023000 08:06 145744                     /lib/x86_64-linux-gnu/ld-2.19.so
7f4d0b937000-7f4d0b938000 rw-p 00000000 00:00 0 
7ffcffa14000-7ffcffa35000 rw-p 00000000 00:00 0                          [stack]
7ffcffbf6000-7ffcffbf8000 r-xp 00000000 00:00 0                          [vdso]
ffffffffff600000-ffffffffff601000 r-xp 00000000 00:00 0                  [vsyscall]

VM Arguments:
jvm_args: -Djava.awt.headless=true -Xmx1024M -Dfile.encoding=UTF-8 -Duser.country=US -Duser.language=en -Duser.variant 
java_command: com.android.dx.command.Main --dex --num-threads=4 --output /home/tulin/AndroidStudioProjects/CamApp/app/build/intermediates/pre-dexed/debug/com.android.support-support-v4-23.2.0_4b1fd8c92292e56f5a1fba56278554e72cab954d.jar /home/tulin/AndroidStudioProjects/CamApp/app/build/intermediates/exploded-aar/com.android.support/support-v4/23.2.0/jars/classes.jar
Launcher Type: SUN_STANDARD

Environment Variables:
PATH=/usr/local/sbin:/usr/local/bin:/usr/sbin:/usr/bin:/sbin:/bin:/usr/games:/usr/local/games
SHELL=/bin/bash
DISPLAY=:0

Signal Handlers:
SIGSEGV: [libjvm.so+0x955bc0], sa_mask[0]=0x7ffbfeff, sa_flags=0x10000004
SIGBUS: [libjvm.so+0x955bc0], sa_mask[0]=0x7ffbfeff, sa_flags=0x10000004
SIGFPE: [libjvm.so+0x7caff0], sa_mask[0]=0x7ffbfeff, sa_flags=0x10000004
SIGPIPE: [libjvm.so+0x7caff0], sa_mask[0]=0x7ffbfeff, sa_flags=0x10000004
SIGXFSZ: [libjvm.so+0x7caff0], sa_mask[0]=0x7ffbfeff, sa_flags=0x10000004
SIGILL: [libjvm.so+0x7caff0], sa_mask[0]=0x7ffbfeff, sa_flags=0x10000004
SIGUSR1: SIG_DFL, sa_mask[0]=0x00000000, sa_flags=0x00000000
SIGUSR2: [libjvm.so+0x7cae90], sa_mask[0]=0x00000004, sa_flags=0x10000004
SIGHUP: [libjvm.so+0x7cb070], sa_mask[0]=0x7ffbfeff, sa_flags=0x10000004
SIGINT: [libjvm.so+0x7cb070], sa_mask[0]=0x7ffbfeff, sa_flags=0x10000004
SIGTERM: [libjvm.so+0x7cb070], sa_mask[0]=0x7ffbfeff, sa_flags=0x10000004
SIGQUIT: [libjvm.so+0x7cb070], sa_mask[0]=0x7ffbfeff, sa_flags=0x10000004
SIGTRAP: SIG_DFL, sa_mask[0]=0x00000000, sa_flags=0x00000000


---------------  S Y S T E M  ---------------

OS:Ubuntu 14.04 (trusty)
uname:Linux 3.13.0-79-generic #123-Ubuntu SMP Fri Feb 19 14:27:58 UTC 2016 x86_64
libc:glibc 2.19 NPTL 2.19 
rlimit: STACK 8192k, CORE 0k, NPROC 30460, NOFILE 4096, AS infinity
load average:12,91 4,48 2,40

/proc/meminfo:
MemTotal:        3946988 kB
MemFree:          137308 kB
Buffers:            1112 kB
Cached:           450700 kB
SwapCached:            0 kB
Active:          3189692 kB
Inactive:         448852 kB
Active(anon):    3188852 kB
Inactive(anon):   422280 kB
Active(file):        840 kB
Inactive(file):    26572 kB
Unevictable:          32 kB
Mlocked:              32 kB
SwapTotal:             0 kB
SwapFree:              0 kB
Dirty:                32 kB
Writeback:             0 kB
AnonPages:       3187056 kB
Mapped:           150136 kB
Shmem:            424108 kB
Slab:              69380 kB
SReclaimable:      31764 kB
SUnreclaim:        37616 kB
KernelStack:        6016 kB
PageTables:        40420 kB
NFS_Unstable:          0 kB
Bounce:                0 kB
WritebackTmp:          0 kB
CommitLimit:     1973492 kB
Committed_AS:    8203552 kB
VmallocTotal:   34359738367 kB
VmallocUsed:      350216 kB
VmallocChunk:   34359381756 kB
HardwareCorrupted:     0 kB
AnonHugePages:   1531904 kB
HugePages_Total:       0
HugePages_Free:        0
HugePages_Rsvd:        0
HugePages_Surp:        0
Hugepagesize:       2048 kB
DirectMap4k:       62496 kB
DirectMap2M:     4032512 kB


CPU:total 4 (2 cores per cpu, 2 threads per core) family 6 model 42 stepping 7, cmov, cx8, fxsr, mmx, sse, sse2, sse3, ssse3, sse4.1, sse4.2, popcnt, avx, aes, ht, tsc, tscinvbit

/proc/cpuinfo:
processor	: 0
vendor_id	: GenuineIntel
cpu family	: 6
model		: 42
model name	: Intel(R) Core(TM) i5-2557M CPU @ 1.70GHz
stepping	: 7
microcode	: 0x1a
cpu MHz		: 1701.000
cache size	: 3072 KB
physical id	: 0
siblings	: 4
core id		: 0
cpu cores	: 2
apicid		: 0
initial apicid	: 0
fpu		: yes
fpu_exception	: yes
cpuid level	: 13
wp		: yes
flags		: fpu vme de pse tsc msr pae mce cx8 apic sep mtrr pge mca cmov pat pse36 clflush dts acpi mmx fxsr sse sse2 ss ht tm pbe syscall nx rdtscp lm constant_tsc arch_perfmon pebs bts rep_good nopl xtopology nonstop_tsc aperfmperf eagerfpu pni pclmulqdq dtes64 monitor ds_cpl vmx smx est tm2 ssse3 cx16 xtpr pdcm pcid sse4_1 sse4_2 x2apic popcnt tsc_deadline_timer aes xsave avx lahf_lm ida arat epb xsaveopt pln pts dtherm tpr_shadow vnmi flexpriority ept vpid
bogomips	: 3392.16
clflush size	: 64
cache_alignment	: 64
address sizes	: 36 bits physical, 48 bits virtual
power management:

processor	: 1
vendor_id	: GenuineIntel
cpu family	: 6
model		: 42
model name	: Intel(R) Core(TM) i5-2557M CPU @ 1.70GHz
stepping	: 7
microcode	: 0x1a
cpu MHz		: 1701.000
cache size	: 3072 KB
physical id	: 0
siblings	: 4
core id		: 1
cpu cores	: 2
apicid		: 2
initial apicid	: 2
fpu		: yes
fpu_exception	: yes
cpuid level	: 13
wp		: yes
flags		: fpu vme de pse tsc msr pae mce cx8 apic sep mtrr pge mca cmov pat pse36 clflush dts acpi mmx fxsr sse sse2 ss ht tm pbe syscall nx rdtscp lm constant_tsc arch_perfmon pebs bts rep_good nopl xtopology nonstop_tsc aperfmperf eagerfpu pni pclmulqdq dtes64 monitor ds_cpl vmx smx est tm2 ssse3 cx16 xtpr pdcm pcid sse4_1 sse4_2 x2apic popcnt tsc_deadline_timer aes xsave avx lahf_lm ida arat epb xsaveopt pln pts dtherm tpr_shadow vnmi flexpriority ept vpid
bogomips	: 3392.16
clflush size	: 64
cache_alignment	: 64
address sizes	: 36 bits physical, 48 bits virtual
power management:

processor	: 2
vendor_id	: GenuineIntel
cpu family	: 6
model		: 42
model name	: Intel(R) Core(TM) i5-2557M CPU @ 1.70GHz
stepping	: 7
microcode	: 0x1a
cpu MHz		: 1701.000
cache size	: 3072 KB
physical id	: 0
siblings	: 4
core id		: 0
cpu cores	: 2
apicid		: 1
initial apicid	: 1
fpu		: yes
fpu_exception	: yes
cpuid level	: 13
wp		: yes
flags		: fpu vme de pse tsc msr pae mce cx8 apic sep mtrr pge mca cmov pat pse36 clflush dts acpi mmx fxsr sse sse2 ss ht tm pbe syscall nx rdtscp lm constant_tsc arch_perfmon pebs bts rep_good nopl xtopology nonstop_tsc aperfmperf eagerfpu pni pclmulqdq dtes64 monitor ds_cpl vmx smx est tm2 ssse3 cx16 xtpr pdcm pcid sse4_1 sse4_2 x2apic popcnt tsc_deadline_timer aes xsave avx lahf_lm ida arat epb xsaveopt pln pts dtherm tpr_shadow vnmi flexpriority ept vpid
bogomips	: 3392.16
clflush size	: 64
cache_alignment	: 64
address sizes	: 36 bits physical, 48 bits virtual
power management:

processor	: 3
vendor_id	: GenuineIntel
cpu family	: 6
model		: 42
model name	: Intel(R) Core(TM) i5-2557M CPU @ 1.70GHz
stepping	: 7
microcode	: 0x1a
cpu MHz		: 1701.000
cache size	: 3072 KB
physical id	: 0
siblings	: 4
core id		: 1
cpu cores	: 2
apicid		: 3
initial apicid	: 3
fpu		: yes
fpu_exception	: yes
cpuid level	: 13
wp		: yes
flags		: fpu vme de pse tsc msr pae mce cx8 apic sep mtrr pge mca cmov pat pse36 clflush dts acpi mmx fxsr sse sse2 ss ht tm pbe syscall nx rdtscp lm constant_tsc arch_perfmon pebs bts rep_good nopl xtopology nonstop_tsc aperfmperf eagerfpu pni pclmulqdq dtes64 monitor ds_cpl vmx smx est tm2 ssse3 cx16 xtpr pdcm pcid sse4_1 sse4_2 x2apic popcnt tsc_deadline_timer aes xsave avx lahf_lm ida arat epb xsaveopt pln pts dtherm tpr_shadow vnmi flexpriority ept vpid
bogomips	: 3392.16
clflush size	: 64
cache_alignment	: 64
address sizes	: 36 bits physical, 48 bits virtual
power management:



Memory: 4k page, physical 3946988k(137184k free), swap 0k(0k free)

vm_info: OpenJDK 64-Bit Server VM (24.95-b01) for linux-amd64 JRE (1.7.0_95-b00), built on Jan 21 2016 03:31:40 by "buildd" with gcc 4.8.4

time: Fri Mar 11 02:30:55 2016
elapsed time: 27 seconds

