#
# There is insufficient memory for the Java Runtime Environment to continue.
# Native memory allocation (malloc) failed to allocate 45088768 bytes for committing reserved memory.
# Possible reasons:
#   The system is out of physical RAM or swap space
#   In 32 bit mode, the process size limit was hit
# Possible solutions:
#   Reduce memory load on the system
#   Increase physical memory or swap space
#   Check if swap backing store is full
#   Use 64 bit Java on a 64 bit OS
#   Decrease Java heap size (-Xmx/-Xms)
#   Decrease number of Java threads
#   Decrease Java thread stack sizes (-Xss)
#   Set larger code cache with -XX:ReservedCodeCacheSize=
# This output file may be truncated or incomplete.
#
#  Out of Memory Error (os_linux.cpp:2827), pid=8453, tid=139784352941824
#
# JRE version: OpenJDK Runtime Environment (7.0_95) (build 1.7.0_95-b00)
# Java VM: OpenJDK 64-Bit Server VM (24.95-b01 mixed mode linux-amd64 compressed oops)
# Derivative: IcedTea 2.6.4
# Distribution: Ubuntu 14.04.3 LTS, package 7u95-2.6.4-0ubuntu0.14.04.1
# Failed to write core dump. Core dumps have been disabled. To enable core dumping, try "ulimit -c unlimited" before starting Java again
#

---------------  T H R E A D  ---------------

Current thread (0x00007f222c076000):  VMThread [stack: 0x00007f2214a3c000,0x00007f2214b3d000] [id=8481]

Stack: [0x00007f2214a3c000,0x00007f2214b3d000],  sp=0x00007f2214b3b490,  free space=1021k
Native frames: (J=compiled Java code, j=interpreted, Vv=VM code, C=native code)
V  [libjvm.so+0x9550e5]
V  [libjvm.so+0x4902b4]
V  [libjvm.so+0x7cf7bb]
V  [libjvm.so+0x7ca28f]
V  [libjvm.so+0x83e56b]
V  [libjvm.so+0x83f3e0]
V  [libjvm.so+0x83facb]
V  [libjvm.so+0x83b4d8]
V  [libjvm.so+0x83bd48]
V  [libjvm.so+0x7f1fd3]
V  [libjvm.so+0x956ae4]
V  [libjvm.so+0x95abe7]
V  [libjvm.so+0x9596a8]
V  [libjvm.so+0x959b09]
V  [libjvm.so+0x959f52]
V  [libjvm.so+0x7cc682]

VM_Operation (0x00007f2233246490): ParallelGCFailedAllocation, mode: safepoint, requested by thread 0x00007f222c00a800


---------------  P R O C E S S  ---------------

Java Threads: ( => current thread )
  0x00007f222c1b3000 JavaThread "pool-1-thread-4" [_thread_blocked, id=8528, stack(0x00007f2205d3d000,0x00007f2205e3e000)]
  0x00007f222c1b1800 JavaThread "pool-1-thread-3" [_thread_blocked, id=8527, stack(0x00007f2205e3e000,0x00007f2205f3f000)]
  0x00007f222c1b0000 JavaThread "pool-1-thread-2" [_thread_blocked, id=8525, stack(0x00007f2205f3f000,0x00007f2206040000)]
  0x00007f222c1ad000 JavaThread "pool-2-thread-1" [_thread_blocked, id=8522, stack(0x00007f2206040000,0x00007f2206141000)]
  0x00007f222c1ab000 JavaThread "pool-1-thread-1" [_thread_blocked, id=8521, stack(0x00007f2206141000,0x00007f2206242000)]
  0x00007f222c0b2000 JavaThread "Service Thread" daemon [_thread_blocked, id=8497, stack(0x00007f2214436000,0x00007f2214537000)]
  0x00007f222c0af800 JavaThread "C2 CompilerThread1" daemon [_thread_blocked, id=8494, stack(0x00007f2214537000,0x00007f2214638000)]
  0x00007f222c0ac800 JavaThread "C2 CompilerThread0" daemon [_thread_blocked, id=8493, stack(0x00007f2214638000,0x00007f2214739000)]
  0x00007f222c0aa800 JavaThread "Signal Dispatcher" daemon [_thread_blocked, id=8492, stack(0x00007f2214739000,0x00007f221483a000)]
  0x00007f222c07c000 JavaThread "Finalizer" daemon [_thread_blocked, id=8489, stack(0x00007f221483a000,0x00007f221493b000)]
  0x00007f222c07a000 JavaThread "Reference Handler" daemon [_thread_blocked, id=8485, stack(0x00007f221493b000,0x00007f2214a3c000)]
  0x00007f222c00a800 JavaThread "main" [_thread_blocked, id=8460, stack(0x00007f2233148000,0x00007f2233249000)]

Other Threads:
=>0x00007f222c076000 VMThread [stack: 0x00007f2214a3c000,0x00007f2214b3d000] [id=8481]
  0x00007f222c0bc800 WatcherThread [stack: 0x00007f2214335000,0x00007f2214436000] [id=8501]

VM state:at safepoint (normal execution)

VM Mutex/Monitor currently owned by a thread:  ([mutex/lock_event])
[0x00007f222c006990] Threads_lock - owner thread: 0x00007f222c076000
[0x00007f222c006e90] Heap_lock - owner thread: 0x00007f222c00a800

Heap
 PSYoungGen      total 34304K, used 2541K [0x00000000eaa80000, 0x00000000ece80000, 0x0000000100000000)
  eden space 31744K, 0% used [0x00000000eaa80000,0x00000000eaa80000,0x00000000ec980000)
  from space 2560K, 99% used [0x00000000ec980000,0x00000000ecbfb478,0x00000000ecc00000)
  to   space 2560K, 0% used [0x00000000ecc00000,0x00000000ecc00000,0x00000000ece80000)
 ParOldGen       total 40960K, used 11573K [0x00000000c0000000, 0x00000000c2800000, 0x00000000eaa80000)
  object space 40960K, 28% used [0x00000000c0000000,0x00000000c0b4d540,0x00000000c2800000)
 PSPermGen       total 21504K, used 6190K [0x00000000b5a00000, 0x00000000b6f00000, 0x00000000c0000000)
  object space 21504K, 28% used [0x00000000b5a00000,0x00000000b600bb08,0x00000000b6f00000)

Card table byte_map: [0x00007f2228997000,0x00007f2228beb000] byte_map_base: 0x00007f22283ea000

Polling page: 0x00007f2233269000

Code Cache  [0x00007f2228beb000, 0x00007f2228e5b000, 0x00007f222bbeb000)
 total_blobs=488 nmethods=257 adapters=184 free_code_cache=48054Kb largest_free_block=49168256

Compilation events (10 events):
Event: 6,880 Thread 0x00007f222c0ac800 nmethod 258 0x00007f2228cc9690 code [0x00007f2228cc97e0, 0x00007f2228cc9958]
Event: 6,880 Thread 0x00007f222c0ac800  259             com.android.dx.ssa.SCCP::simulateBlock (54 bytes)
Event: 8,007 Thread 0x00007f222c0ac800 nmethod 259 0x00007f2228cf0950 code [0x00007f2228cf0f00, 0x00007f2228cf3d98]
Event: 8,007 Thread 0x00007f222c0ac800  260             com.android.dx.ssa.SsaBasicBlock::newFromRop (183 bytes)
Event: 8,271 Thread 0x00007f222c0ac800 nmethod 260 0x00007f2228cfb4d0 code [0x00007f2228cfb7c0, 0x00007f2228cfce60]
Event: 8,283 Thread 0x00007f222c0ac800  261             com.android.dx.ssa.back.IdenticalBlockCombiner::process (323 bytes)
Event: 8,974 Thread 0x00007f222c0ac800 nmethod 261 0x00007f2228cfe710 code [0x00007f2228cfeb20, 0x00007f2228d013a8]
Event: 8,974 Thread 0x00007f222c0ac800  262             com.android.dx.rop.code.RegisterSpecSet::size (49 bytes)
Event: 8,977 Thread 0x00007f222c0ac800 nmethod 262 0x00007f2228cc9350 code [0x00007f2228cc94a0, 0x00007f2228cc95d8]
Event: 8,977 Thread 0x00007f222c0ac800  263             java.lang.String::<init> (67 bytes)

GC Heap History (9 events):
Event: 0,562 GC heap before
{Heap before GC invocations=1 (full 0):
 PSYoungGen      total 18432K, used 15872K [0x00000000eaa80000, 0x00000000ebf00000, 0x0000000100000000)
  eden space 15872K, 100% used [0x00000000eaa80000,0x00000000eba00000,0x00000000eba00000)
  from space 2560K, 0% used [0x00000000ebc80000,0x00000000ebc80000,0x00000000ebf00000)
  to   space 2560K, 0% used [0x00000000eba00000,0x00000000eba00000,0x00000000ebc80000)
 ParOldGen       total 40960K, used 0K [0x00000000c0000000, 0x00000000c2800000, 0x00000000eaa80000)
  object space 40960K, 0% used [0x00000000c0000000,0x00000000c0000000,0x00000000c2800000)
 PSPermGen       total 21504K, used 4219K [0x00000000b5a00000, 0x00000000b6f00000, 0x00000000c0000000)
  object space 21504K, 19% used [0x00000000b5a00000,0x00000000b5e1efb8,0x00000000b6f00000)
Event: 0,565 GC heap after
Heap after GC invocations=1 (full 0):
 PSYoungGen      total 18432K, used 1109K [0x00000000eaa80000, 0x00000000ebf00000, 0x0000000100000000)
  eden space 15872K, 0% used [0x00000000eaa80000,0x00000000eaa80000,0x00000000eba00000)
  from space 2560K, 43% used [0x00000000eba00000,0x00000000ebb155e0,0x00000000ebc80000)
  to   space 2560K, 0% used [0x00000000ebc80000,0x00000000ebc80000,0x00000000ebf00000)
 ParOldGen       total 40960K, used 0K [0x00000000c0000000, 0x00000000c2800000, 0x00000000eaa80000)
  object space 40960K, 0% used [0x00000000c0000000,0x00000000c0000000,0x00000000c2800000)
 PSPermGen       total 21504K, used 4219K [0x00000000b5a00000, 0x00000000b6f00000, 0x00000000c0000000)
  object space 21504K, 19% used [0x00000000b5a00000,0x00000000b5e1efb8,0x00000000b6f00000)
}
Event: 1,725 GC heap before
{Heap before GC invocations=2 (full 0):
 PSYoungGen      total 18432K, used 16981K [0x00000000eaa80000, 0x00000000ebf00000, 0x0000000100000000)
  eden space 15872K, 100% used [0x00000000eaa80000,0x00000000eba00000,0x00000000eba00000)
  from space 2560K, 43% used [0x00000000eba00000,0x00000000ebb155e0,0x00000000ebc80000)
  to   space 2560K, 0% used [0x00000000ebc80000,0x00000000ebc80000,0x00000000ebf00000)
 ParOldGen       total 40960K, used 0K [0x00000000c0000000, 0x00000000c2800000, 0x00000000eaa80000)
  object space 40960K, 0% used [0x00000000c0000000,0x00000000c0000000,0x00000000c2800000)
 PSPermGen       total 21504K, used 5974K [0x00000000b5a00000, 0x00000000b6f00000, 0x00000000c0000000)
  object space 21504K, 27% used [0x00000000b5a00000,0x00000000b5fd58d8,0x00000000b6f00000)
Event: 1,738 GC heap after
Heap after GC invocations=2 (full 0):
 PSYoungGen      total 18432K, used 2554K [0x00000000eaa80000, 0x00000000ebf00000, 0x0000000100000000)
  eden space 15872K, 0% used [0x00000000eaa80000,0x00000000eaa80000,0x00000000eba00000)
  from space 2560K, 99% used [0x00000000ebc80000,0x00000000ebefe908,0x00000000ebf00000)
  to   space 2560K, 0% used [0x00000000eba00000,0x00000000eba00000,0x00000000ebc80000)
 ParOldGen       total 40960K, used 1809K [0x00000000c0000000, 0x00000000c2800000, 0x00000000eaa80000)
  object space 40960K, 4% used [0x00000000c0000000,0x00000000c01c4648,0x00000000c2800000)
 PSPermGen       total 21504K, used 5974K [0x00000000b5a00000, 0x00000000b6f00000, 0x00000000c0000000)
  object space 21504K, 27% used [0x00000000b5a00000,0x00000000b5fd58d8,0x00000000b6f00000)
}
Event: 2,959 GC heap before
{Heap before GC invocations=3 (full 0):
 PSYoungGen      total 18432K, used 18426K [0x00000000eaa80000, 0x00000000ebf00000, 0x0000000100000000)
  eden space 15872K, 100% used [0x00000000eaa80000,0x00000000eba00000,0x00000000eba00000)
  from space 2560K, 99% used [0x00000000ebc80000,0x00000000ebefe908,0x00000000ebf00000)
  to   space 2560K, 0% used [0x00000000eba00000,0x00000000eba00000,0x00000000ebc80000)
 ParOldGen       total 40960K, used 1809K [0x00000000c0000000, 0x00000000c2800000, 0x00000000eaa80000)
  object space 40960K, 4% used [0x00000000c0000000,0x00000000c01c4648,0x00000000c2800000)
 PSPermGen       total 21504K, used 6114K [0x00000000b5a00000, 0x00000000b6f00000, 0x00000000c0000000)
  object space 21504K, 28% used [0x00000000b5a00000,0x00000000b5ff89d0,0x00000000b6f00000)
Event: 3,013 GC heap after
Heap after GC invocations=3 (full 0):
 PSYoungGen      total 18432K, used 2541K [0x00000000eaa80000, 0x00000000ece80000, 0x0000000100000000)
  eden space 15872K, 0% used [0x00000000eaa80000,0x00000000eaa80000,0x00000000eba00000)
  from space 2560K, 99% used [0x00000000eba00000,0x00000000ebc7b488,0x00000000ebc80000)
  to   space 2560K, 0% used [0x00000000ecc00000,0x00000000ecc00000,0x00000000ece80000)
 ParOldGen       total 40960K, used 5087K [0x00000000c0000000, 0x00000000c2800000, 0x00000000eaa80000)
  object space 40960K, 12% used [0x00000000c0000000,0x00000000c04f7dc8,0x00000000c2800000)
 PSPermGen       total 21504K, used 6114K [0x00000000b5a00000, 0x00000000b6f00000, 0x00000000c0000000)
  object space 21504K, 28% used [0x00000000b5a00000,0x00000000b5ff89d0,0x00000000b6f00000)
}
Event: 3,911 GC heap before
{Heap before GC invocations=4 (full 0):
 PSYoungGen      total 18432K, used 18413K [0x00000000eaa80000, 0x00000000ece80000, 0x0000000100000000)
  eden space 15872K, 100% used [0x00000000eaa80000,0x00000000eba00000,0x00000000eba00000)
  from space 2560K, 99% used [0x00000000eba00000,0x00000000ebc7b488,0x00000000ebc80000)
  to   space 2560K, 0% used [0x00000000ecc00000,0x00000000ecc00000,0x00000000ece80000)
 ParOldGen       total 40960K, used 5087K [0x00000000c0000000, 0x00000000c2800000, 0x00000000eaa80000)
  object space 40960K, 12% used [0x00000000c0000000,0x00000000c04f7dc8,0x00000000c2800000)
 PSPermGen       total 21504K, used 6159K [0x00000000b5a00000, 0x00000000b6f00000, 0x00000000c0000000)
  object space 21504K, 28% used [0x00000000b5a00000,0x00000000b6003f38,0x00000000b6f00000)
Event: 4,048 GC heap after
Heap after GC invocations=4 (full 0):
 PSYoungGen      total 34304K, used 2557K [0x00000000eaa80000, 0x00000000ece80000, 0x0000000100000000)
  eden space 31744K, 0% used [0x00000000eaa80000,0x00000000eaa80000,0x00000000ec980000)
  from space 2560K, 99% used [0x00000000ecc00000,0x00000000ece7f498,0x00000000ece80000)
  to   space 2560K, 0% used [0x00000000ec980000,0x00000000ec980000,0x00000000ecc00000)
 ParOldGen       total 40960K, used 7395K [0x00000000c0000000, 0x00000000c2800000, 0x00000000eaa80000)
  object space 40960K, 18% used [0x00000000c0000000,0x00000000c0738da8,0x00000000c2800000)
 PSPermGen       total 21504K, used 6159K [0x00000000b5a00000, 0x00000000b6f00000, 0x00000000c0000000)
  object space 21504K, 28% used [0x00000000b5a00000,0x00000000b6003f38,0x00000000b6f00000)
}
Event: 9,139 GC heap before
{Heap before GC invocations=5 (full 0):
 PSYoungGen      total 34304K, used 34301K [0x00000000eaa80000, 0x00000000ece80000, 0x0000000100000000)
  eden space 31744K, 100% used [0x00000000eaa80000,0x00000000ec980000,0x00000000ec980000)
  from space 2560K, 99% used [0x00000000ecc00000,0x00000000ece7f498,0x00000000ece80000)
  to   space 2560K, 0% used [0x00000000ec980000,0x00000000ec980000,0x00000000ecc00000)
 ParOldGen       total 40960K, used 7395K [0x00000000c0000000, 0x00000000c2800000, 0x00000000eaa80000)
  object space 40960K, 18% used [0x00000000c0000000,0x00000000c0738da8,0x00000000c2800000)
 PSPermGen       total 21504K, used 6190K [0x00000000b5a00000, 0x00000000b6f00000, 0x00000000c0000000)
  object space 21504K, 28% used [0x00000000b5a00000,0x00000000b600bb08,0x00000000b6f00000)

Deoptimization events (10 events):
Event: 0,497 Thread 0x00007f222c00a800 Uncommon trap: reason=unstable_if action=reinterpret pc=0x00007f2228c4b774 method=java.lang.String.indexOf(II)I @ 49
Event: 0,645 Thread 0x00007f222c1b0000 Uncommon trap: reason=unstable_if action=reinterpret pc=0x00007f2228c511c8 method=java.lang.String.compareTo(Ljava/lang/String;)I @ 38
Event: 1,101 Thread 0x00007f222c1ab000 Uncommon trap: reason=unstable_if action=reinterpret pc=0x00007f2228c62a64 method=java.util.HashMap.getEntry(Ljava/lang/Object;)Ljava/util/HashMap$Entry; @ 71
Event: 1,524 Thread 0x00007f222c00a800 Uncommon trap: reason=unstable_if action=reinterpret pc=0x00007f2228c6369c method=java.util.BitSet.nextSetBit(I)I @ 87
Event: 1,647 Thread 0x00007f222c00a800 Uncommon trap: reason=unstable_if action=reinterpret pc=0x00007f2228c700ec method=java.util.BitSet.nextSetBit(I)I @ 87
Event: 2,326 Thread 0x00007f222c1ab000 Uncommon trap: reason=unstable_if action=reinterpret pc=0x00007f2228c74d58 method=com.android.dx.cf.code.Ropper.labelToResultIndex(I)I @ 34
Event: 2,734 Thread 0x00007f222c00a800 Uncommon trap: reason=unstable_if action=reinterpret pc=0x00007f2228c73a44 method=com.android.dx.rop.cst.Constant.compareTo(Lcom/android/dx/rop/cst/Constant;)I @ 12
Event: 3,898 Thread 0x00007f222c1b0000 Uncommon trap: reason=unstable_if action=reinterpret pc=0x00007f2228c799f4 method=com.android.dx.util.IntList.binarysearch(I)I @ 105
Event: 4,617 Thread 0x00007f222c00a800 Uncommon trap: reason=unstable_if action=reinterpret pc=0x00007f2228cb42a0 method=com.android.dx.ssa.SsaRenamer$BlockRenamer.process()V @ 90
Event: 7,422 Thread 0x00007f222c00a800 Uncommon trap: reason=unstable_if action=reinterpret pc=0x00007f2228c7b908 method=com.android.dx.rop.code.RegisterSpec.equals(ILcom/android/dx/rop/type/TypeBearer;Lcom/android/dx/rop/code/LocalItem;)Z @ 42

Internal exceptions (10 events):
Event: 0,987 Thread 0x00007f222c1b1800 Threw 0x00000000eb1ce220 at /build/openjdk-7-2FOwCu/openjdk-7-7u95-2.6.4/build/openjdk/hotspot/src/share/vm/prims/jvm.cpp:1322
Event: 1,031 Thread 0x00007f222c1ab000 Threw 0x00000000eaf22ea8 at /build/openjdk-7-2FOwCu/openjdk-7-7u95-2.6.4/build/openjdk/hotspot/src/share/vm/prims/jvm.cpp:1322
Event: 1,032 Thread 0x00007f222c1ab000 Threw 0x00000000eaf28e58 at /build/openjdk-7-2FOwCu/openjdk-7-7u95-2.6.4/build/openjdk/hotspot/src/share/vm/prims/jvm.cpp:1322
Event: 1,039 Thread 0x00007f222c1ab000 Threw 0x00000000eb2eed40 at /build/openjdk-7-2FOwCu/openjdk-7-7u95-2.6.4/build/openjdk/hotspot/src/share/vm/prims/jvm.cpp:1322
Event: 1,039 Thread 0x00007f222c00a800 Threw 0x00000000eb279d18 at /build/openjdk-7-2FOwCu/openjdk-7-7u95-2.6.4/build/openjdk/hotspot/src/share/vm/prims/jvm.cpp:1322
Event: 1,073 Thread 0x00007f222c1b1800 Threw 0x00000000eb1f89f8 at /build/openjdk-7-2FOwCu/openjdk-7-7u95-2.6.4/build/openjdk/hotspot/src/share/vm/prims/jvm.cpp:1322
Event: 1,153 Thread 0x00007f222c00a800 Threw 0x00000000eb3a40f0 at /build/openjdk-7-2FOwCu/openjdk-7-7u95-2.6.4/build/openjdk/hotspot/src/share/vm/prims/jvm.cpp:1322
Event: 1,153 Thread 0x00007f222c00a800 Threw 0x00000000eb3a6bc8 at /build/openjdk-7-2FOwCu/openjdk-7-7u95-2.6.4/build/openjdk/hotspot/src/share/vm/prims/jvm.cpp:1322
Event: 1,396 Thread 0x00007f222c00a800 Threw 0x00000000eb705e28 at /build/openjdk-7-2FOwCu/openjdk-7-7u95-2.6.4/build/openjdk/hotspot/src/share/vm/prims/jvm.cpp:1322
Event: 2,309 Thread 0x00007f222c1ab000 Threw 0x00000000eaf6b2e0 at /build/openjdk-7-2FOwCu/openjdk-7-7u95-2.6.4/build/openjdk/hotspot/src/share/vm/prims/jvm.cpp:1322

Events (10 events):
Event: 4,617 Thread 0x00007f222c00a800 Uncommon trap: trap_request=0xffffff75 fr.pc=0x00007f2228cb42a0
Event: 4,617 Thread 0x00007f222c00a800 DEOPT PACKING pc=0x00007f2228cb42a0 sp=0x00007f2233246950
Event: 4,617 Thread 0x00007f222c00a800 DEOPT UNPACKING pc=0x00007f2228c24445 sp=0x00007f2233246938 mode 2
Event: 5,414 Thread 0x00007f222c0ac800 flushing nmethod 0x00007f2228c50f50
Event: 5,469 Thread 0x00007f222c0ac800 flushing nmethod 0x00007f2228c62790
Event: 5,469 Thread 0x00007f222c0ac800 flushing nmethod 0x00007f2228c634d0
Event: 7,422 Thread 0x00007f222c00a800 Uncommon trap: trap_request=0xffffff75 fr.pc=0x00007f2228c7b908
Event: 7,422 Thread 0x00007f222c00a800 DEOPT PACKING pc=0x00007f2228c7b908 sp=0x00007f2233246960
Event: 7,422 Thread 0x00007f222c00a800 DEOPT UNPACKING pc=0x00007f2228c24445 sp=0x00007f2233246908 mode 2
Event: 9,115 Executing VM operation: ParallelGCFailedAllocation


Dynamic libraries:
00400000-00401000 r-xp 00000000 08:06 1454669                            /usr/lib/jvm/java-7-openjdk-amd64/jre/bin/java
00600000-00601000 r--p 00000000 08:06 1454669                            /usr/lib/jvm/java-7-openjdk-amd64/jre/bin/java
00601000-00602000 rw-p 00001000 08:06 1454669                            /usr/lib/jvm/java-7-openjdk-amd64/jre/bin/java
01435000-01456000 rw-p 00000000 00:00 0                                  [heap]
b5a00000-b6f00000 rw-p 00000000 00:00 0 
b6f00000-c0000000 rw-p 00000000 00:00 0 
c0000000-c2800000 rw-p 00000000 00:00 0 
c2800000-eaa80000 rw-p 00000000 00:00 0 
eaa80000-ece80000 rw-p 00000000 00:00 0 
ef980000-100000000 rw-p 00000000 00:00 0 
7f21d8000000-7f21d8022000 rw-p 00000000 00:00 0 
7f21d8022000-7f21dc000000 ---p 00000000 00:00 0 
7f21e0000000-7f21e0021000 rw-p 00000000 00:00 0 
7f21e0021000-7f21e4000000 ---p 00000000 00:00 0 
7f21e4000000-7f21e402e000 rw-p 00000000 00:00 0 
7f21e402e000-7f21e8000000 ---p 00000000 00:00 0 
7f21e8000000-7f21e8023000 rw-p 00000000 00:00 0 
7f21e8023000-7f21ec000000 ---p 00000000 00:00 0 
7f21ec000000-7f21ec021000 rw-p 00000000 00:00 0 
7f21ec021000-7f21f0000000 ---p 00000000 00:00 0 
7f21f0000000-7f21f0021000 rw-p 00000000 00:00 0 
7f21f0021000-7f21f4000000 ---p 00000000 00:00 0 
7f21f4000000-7f21f4021000 rw-p 00000000 00:00 0 
7f21f4021000-7f21f8000000 ---p 00000000 00:00 0 
7f21f8000000-7f21f8edb000 rw-p 00000000 00:00 0 
7f21f8edb000-7f21fc000000 ---p 00000000 00:00 0 
7f21fc000000-7f21fd1b4000 rw-p 00000000 00:00 0 
7f21fd1b4000-7f2200000000 ---p 00000000 00:00 0 
7f2200000000-7f2200021000 rw-p 00000000 00:00 0 
7f2200021000-7f2204000000 ---p 00000000 00:00 0 
7f2205d3d000-7f2205d40000 ---p 00000000 00:00 0 
7f2205d40000-7f2205e3e000 rw-p 00000000 00:00 0                          [stack:8528]
7f2205e3e000-7f2205e41000 ---p 00000000 00:00 0 
7f2205e41000-7f2205f3f000 rw-p 00000000 00:00 0                          [stack:8527]
7f2205f3f000-7f2205f42000 ---p 00000000 00:00 0 
7f2205f42000-7f2206040000 rw-p 00000000 00:00 0                          [stack:8525]
7f2206040000-7f2206043000 ---p 00000000 00:00 0 
7f2206043000-7f2206141000 rw-p 00000000 00:00 0                          [stack:8522]
7f2206141000-7f2206144000 ---p 00000000 00:00 0 
7f2206144000-7f2206242000 rw-p 00000000 00:00 0                          [stack:8521]
7f2206242000-7f220627f000 r-xp 00000000 08:06 130821                     /lib/x86_64-linux-gnu/libpcre.so.3.13.1
7f220627f000-7f220647e000 ---p 0003d000 08:06 130821                     /lib/x86_64-linux-gnu/libpcre.so.3.13.1
7f220647e000-7f220647f000 r--p 0003c000 08:06 130821                     /lib/x86_64-linux-gnu/libpcre.so.3.13.1
7f220647f000-7f2206480000 rw-p 0003d000 08:06 130821                     /lib/x86_64-linux-gnu/libpcre.so.3.13.1
7f2206480000-7f2206487000 r-xp 00000000 08:06 1447540                    /usr/lib/x86_64-linux-gnu/libffi.so.6.0.1
7f2206487000-7f2206686000 ---p 00007000 08:06 1447540                    /usr/lib/x86_64-linux-gnu/libffi.so.6.0.1
7f2206686000-7f2206687000 r--p 00006000 08:06 1447540                    /usr/lib/x86_64-linux-gnu/libffi.so.6.0.1
7f2206687000-7f2206688000 rw-p 00007000 08:06 1447540                    /usr/lib/x86_64-linux-gnu/libffi.so.6.0.1
7f2206688000-7f220669f000 r-xp 00000000 08:06 134868                     /lib/x86_64-linux-gnu/libresolv-2.19.so
7f220669f000-7f220689f000 ---p 00017000 08:06 134868                     /lib/x86_64-linux-gnu/libresolv-2.19.so
7f220689f000-7f22068a0000 r--p 00017000 08:06 134868                     /lib/x86_64-linux-gnu/libresolv-2.19.so
7f22068a0000-7f22068a1000 rw-p 00018000 08:06 134868                     /lib/x86_64-linux-gnu/libresolv-2.19.so
7f22068a1000-7f22068a3000 rw-p 00000000 00:00 0 
7f22068a3000-7f22068c3000 r-xp 00000000 08:06 135079                     /lib/x86_64-linux-gnu/libselinux.so.1
7f22068c3000-7f2206ac2000 ---p 00020000 08:06 135079                     /lib/x86_64-linux-gnu/libselinux.so.1
7f2206ac2000-7f2206ac3000 r--p 0001f000 08:06 135079                     /lib/x86_64-linux-gnu/libselinux.so.1
7f2206ac3000-7f2206ac4000 rw-p 00020000 08:06 135079                     /lib/x86_64-linux-gnu/libselinux.so.1
7f2206ac4000-7f2206ac6000 rw-p 00000000 00:00 0 
7f2206ac6000-7f2206ac9000 r-xp 00000000 08:06 1439340                    /usr/lib/x86_64-linux-gnu/libgmodule-2.0.so.0.4002.0
7f2206ac9000-7f2206cc8000 ---p 00003000 08:06 1439340                    /usr/lib/x86_64-linux-gnu/libgmodule-2.0.so.0.4002.0
7f2206cc8000-7f2206cc9000 r--p 00002000 08:06 1439340                    /usr/lib/x86_64-linux-gnu/libgmodule-2.0.so.0.4002.0
7f2206cc9000-7f2206cca000 rw-p 00003000 08:06 1439340                    /usr/lib/x86_64-linux-gnu/libgmodule-2.0.so.0.4002.0
7f2206cca000-7f2206dd0000 r-xp 00000000 08:06 134871                     /lib/x86_64-linux-gnu/libglib-2.0.so.0.4002.0
7f2206dd0000-7f2206fcf000 ---p 00106000 08:06 134871                     /lib/x86_64-linux-gnu/libglib-2.0.so.0.4002.0
7f2206fcf000-7f2206fd0000 r--p 00105000 08:06 134871                     /lib/x86_64-linux-gnu/libglib-2.0.so.0.4002.0
7f2206fd0000-7f2206fd1000 rw-p 00106000 08:06 134871                     /lib/x86_64-linux-gnu/libglib-2.0.so.0.4002.0
7f2206fd1000-7f2206fd2000 rw-p 00000000 00:00 0 
7f2206fd2000-7f2207021000 r-xp 00000000 08:06 1439358                    /usr/lib/x86_64-linux-gnu/libgobject-2.0.so.0.4002.0
7f2207021000-7f2207221000 ---p 0004f000 08:06 1439358                    /usr/lib/x86_64-linux-gnu/libgobject-2.0.so.0.4002.0
7f2207221000-7f2207222000 r--p 0004f000 08:06 1439358                    /usr/lib/x86_64-linux-gnu/libgobject-2.0.so.0.4002.0
7f2207222000-7f2207223000 rw-p 00050000 08:06 1439358                    /usr/lib/x86_64-linux-gnu/libgobject-2.0.so.0.4002.0
7f2207223000-7f220738f000 r-xp 00000000 08:06 1439362                    /usr/lib/x86_64-linux-gnu/libgio-2.0.so.0.4002.0
7f220738f000-7f220758e000 ---p 0016c000 08:06 1439362                    /usr/lib/x86_64-linux-gnu/libgio-2.0.so.0.4002.0
7f220758e000-7f2207592000 r--p 0016b000 08:06 1439362                    /usr/lib/x86_64-linux-gnu/libgio-2.0.so.0.4002.0
7f2207592000-7f2207594000 rw-p 0016f000 08:06 1439362                    /usr/lib/x86_64-linux-gnu/libgio-2.0.so.0.4002.0
7f2207594000-7f2207596000 rw-p 00000000 00:00 0 
7f2207596000-7f22075ad000 r-xp 00000000 08:06 1489830                    /usr/lib/jvm/java-7-openjdk-amd64/jre/lib/amd64/libnet.so
7f22075ad000-7f22077ac000 ---p 00017000 08:06 1489830                    /usr/lib/jvm/java-7-openjdk-amd64/jre/lib/amd64/libnet.so
7f22077ac000-7f22077ad000 r--p 00016000 08:06 1489830                    /usr/lib/jvm/java-7-openjdk-amd64/jre/lib/amd64/libnet.so
7f22077ad000-7f22077ae000 rw-p 00017000 08:06 1489830                    /usr/lib/jvm/java-7-openjdk-amd64/jre/lib/amd64/libnet.so
7f22077ae000-7f2208000000 r--p 00000000 08:06 1447082                    /usr/lib/locale/locale-archive
7f2208000000-7f2208021000 rw-p 00000000 00:00 0 
7f2208021000-7f220c000000 ---p 00000000 00:00 0 
7f220c000000-7f220c021000 rw-p 00000000 00:00 0 
7f220c021000-7f2210000000 ---p 00000000 00:00 0 
7f2210000000-7f2210021000 rw-p 00000000 00:00 0 
7f2210021000-7f2214000000 ---p 00000000 00:00 0 
7f22140c0000-7f22140f1000 rw-p 00000000 00:00 0 
7f221410d000-7f221411d000 r-xp 00000000 08:06 1489812                    /usr/lib/jvm/java-7-openjdk-amd64/jre/lib/amd64/libnio.so
7f221411d000-7f221431d000 ---p 00010000 08:06 1489812                    /usr/lib/jvm/java-7-openjdk-amd64/jre/lib/amd64/libnio.so
7f221431d000-7f221431e000 r--p 00010000 08:06 1489812                    /usr/lib/jvm/java-7-openjdk-amd64/jre/lib/amd64/libnio.so
7f221431e000-7f221431f000 rw-p 00011000 08:06 1489812                    /usr/lib/jvm/java-7-openjdk-amd64/jre/lib/amd64/libnio.so
7f221431f000-7f2214335000 r--s 000f0000 08:06 3245247                    /home/tulin/AndroidStudioProjects/CamApp/app/build/intermediates/exploded-aar/com.android.support/support-v4/23.2.0/jars/classes.jar
7f2214335000-7f2214336000 ---p 00000000 00:00 0 
7f2214336000-7f2214436000 rw-p 00000000 00:00 0                          [stack:8501]
7f2214436000-7f2214439000 ---p 00000000 00:00 0 
7f2214439000-7f2214537000 rw-p 00000000 00:00 0                          [stack:8497]
7f2214537000-7f221453a000 ---p 00000000 00:00 0 
7f221453a000-7f2214638000 rw-p 00000000 00:00 0                          [stack:8494]
7f2214638000-7f221463b000 ---p 00000000 00:00 0 
7f221463b000-7f2214739000 rw-p 00000000 00:00 0                          [stack:8493]
7f2214739000-7f221473c000 ---p 00000000 00:00 0 
7f221473c000-7f221483a000 rw-p 00000000 00:00 0                          [stack:8492]
7f221483a000-7f221483d000 ---p 00000000 00:00 0 
7f221483d000-7f221493b000 rw-p 00000000 00:00 0                          [stack:8489]
7f221493b000-7f221493e000 ---p 00000000 00:00 0 
7f221493e000-7f2214a3c000 rw-p 00000000 00:00 0                          [stack:8485]
7f2214a3c000-7f2214a3d000 ---p 00000000 00:00 0 
7f2214a3d000-7f2218000000 rw-p 00000000 00:00 0                          [stack:8481]
7f2218000000-7f2218021000 rw-p 00000000 00:00 0 
7f2218021000-7f221c000000 ---p 00000000 00:00 0 
7f221c000000-7f221c021000 rw-p 00000000 00:00 0 
7f221c021000-7f2220000000 ---p 00000000 00:00 0 
7f2220000000-7f2220021000 rw-p 00000000 00:00 0 
7f2220021000-7f2224000000 ---p 00000000 00:00 0 
7f2224000000-7f2224021000 rw-p 00000000 00:00 0 
7f2224021000-7f2228000000 ---p 00000000 00:00 0 
7f2228000000-7f222806a000 rw-p 00000000 00:00 0 
7f222806a000-7f222821c000 r--s 01d2f000 08:06 1489796                    /usr/lib/jvm/java-7-openjdk-amd64/jre/lib/rt.jar
7f222821c000-7f2228540000 rw-p 00000000 00:00 0 
7f2228540000-7f2228541000 ---p 00000000 00:00 0 
7f2228541000-7f2228641000 rw-p 00000000 00:00 0                          [stack:8475]
7f2228641000-7f2228642000 ---p 00000000 00:00 0 
7f2228642000-7f2228742000 rw-p 00000000 00:00 0                          [stack:8473]
7f2228742000-7f2228743000 ---p 00000000 00:00 0 
7f2228743000-7f2228843000 rw-p 00000000 00:00 0                          [stack:8470]
7f2228843000-7f2228844000 ---p 00000000 00:00 0 
7f2228844000-7f222894f000 rw-p 00000000 00:00 0                          [stack:8465]
7f222894f000-7f2228997000 rw-p 00000000 00:00 0 
7f2228997000-7f22289a2000 rw-p 00000000 00:00 0 
7f22289a2000-7f22289ea000 rw-p 00000000 00:00 0 
7f22289ea000-7f22289fe000 rw-p 00000000 00:00 0 
7f22289fe000-7f2228b3f000 rw-p 00000000 00:00 0 
7f2228b3f000-7f2228b52000 rw-p 00000000 00:00 0 
7f2228b52000-7f2228bea000 rw-p 00000000 00:00 0 
7f2228bea000-7f2228beb000 rw-p 00000000 00:00 0 
7f2228beb000-7f2228e5b000 rwxp 00000000 00:00 0 
7f2228e5b000-7f222bbeb000 rw-p 00000000 00:00 0 
7f222bbeb000-7f222bbf3000 r-xp 00000000 08:06 1489805                    /usr/lib/jvm/java-7-openjdk-amd64/jre/lib/amd64/libzip.so
7f222bbf3000-7f222bdf2000 ---p 00008000 08:06 1489805                    /usr/lib/jvm/java-7-openjdk-amd64/jre/lib/amd64/libzip.so
7f222bdf2000-7f222bdf3000 r--p 00007000 08:06 1489805                    /usr/lib/jvm/java-7-openjdk-amd64/jre/lib/amd64/libzip.so
7f222bdf3000-7f222bdf4000 rw-p 00008000 08:06 1489805                    /usr/lib/jvm/java-7-openjdk-amd64/jre/lib/amd64/libzip.so
7f222bdf4000-7f222bdff000 r-xp 00000000 08:06 184225                     /lib/x86_64-linux-gnu/libnss_files-2.19.so
7f222bdff000-7f222bffe000 ---p 0000b000 08:06 184225                     /lib/x86_64-linux-gnu/libnss_files-2.19.so
7f222bffe000-7f222bfff000 r--p 0000a000 08:06 184225                     /lib/x86_64-linux-gnu/libnss_files-2.19.so
7f222bfff000-7f222c000000 rw-p 0000b000 08:06 184225                     /lib/x86_64-linux-gnu/libnss_files-2.19.so
7f222c000000-7f222c1cb000 rw-p 00000000 00:00 0 
7f222c1cb000-7f2230000000 ---p 00000000 00:00 0 
7f2230007000-7f2230016000 r--s 000df000 08:06 3216701                    /home/tulin/Android/Sdk/build-tools/23.0.2/lib/dx.jar
7f2230016000-7f2230052000 rw-p 00000000 00:00 0 
7f2230052000-7f2230194000 rw-p 00000000 00:00 0 
7f2230194000-7f223019f000 r-xp 00000000 08:06 145746                     /lib/x86_64-linux-gnu/libnss_nis-2.19.so
7f223019f000-7f223039e000 ---p 0000b000 08:06 145746                     /lib/x86_64-linux-gnu/libnss_nis-2.19.so
7f223039e000-7f223039f000 r--p 0000a000 08:06 145746                     /lib/x86_64-linux-gnu/libnss_nis-2.19.so
7f223039f000-7f22303a0000 rw-p 0000b000 08:06 145746                     /lib/x86_64-linux-gnu/libnss_nis-2.19.so
7f22303a0000-7f22303b7000 r-xp 00000000 08:06 145742                     /lib/x86_64-linux-gnu/libnsl-2.19.so
7f22303b7000-7f22305b6000 ---p 00017000 08:06 145742                     /lib/x86_64-linux-gnu/libnsl-2.19.so
7f22305b6000-7f22305b7000 r--p 00016000 08:06 145742                     /lib/x86_64-linux-gnu/libnsl-2.19.so
7f22305b7000-7f22305b8000 rw-p 00017000 08:06 145742                     /lib/x86_64-linux-gnu/libnsl-2.19.so
7f22305b8000-7f22305ba000 rw-p 00000000 00:00 0 
7f22305ba000-7f22305c3000 r-xp 00000000 08:06 145741                     /lib/x86_64-linux-gnu/libnss_compat-2.19.so
7f22305c3000-7f22307c2000 ---p 00009000 08:06 145741                     /lib/x86_64-linux-gnu/libnss_compat-2.19.so
7f22307c2000-7f22307c3000 r--p 00008000 08:06 145741                     /lib/x86_64-linux-gnu/libnss_compat-2.19.so
7f22307c3000-7f22307c4000 rw-p 00009000 08:06 145741                     /lib/x86_64-linux-gnu/libnss_compat-2.19.so
7f22307c4000-7f22307ef000 r-xp 00000000 08:06 1489826                    /usr/lib/jvm/java-7-openjdk-amd64/jre/lib/amd64/libjava.so
7f22307ef000-7f22309ef000 ---p 0002b000 08:06 1489826                    /usr/lib/jvm/java-7-openjdk-amd64/jre/lib/amd64/libjava.so
7f22309ef000-7f22309f0000 r--p 0002b000 08:06 1489826                    /usr/lib/jvm/java-7-openjdk-amd64/jre/lib/amd64/libjava.so
7f22309f0000-7f22309f2000 rw-p 0002c000 08:06 1489826                    /usr/lib/jvm/java-7-openjdk-amd64/jre/lib/amd64/libjava.so
7f22309f2000-7f2230a02000 r-xp 00000000 08:06 1489810                    /usr/lib/jvm/java-7-openjdk-amd64/jre/lib/amd64/libverify.so
7f2230a02000-7f2230c01000 ---p 00010000 08:06 1489810                    /usr/lib/jvm/java-7-openjdk-amd64/jre/lib/amd64/libverify.so
7f2230c01000-7f2230c03000 r--p 0000f000 08:06 1489810                    /usr/lib/jvm/java-7-openjdk-amd64/jre/lib/amd64/libverify.so
7f2230c03000-7f2230c04000 rw-p 00011000 08:06 1489810                    /usr/lib/jvm/java-7-openjdk-amd64/jre/lib/amd64/libverify.so
7f2230c04000-7f2230c0b000 r-xp 00000000 08:06 148472                     /lib/x86_64-linux-gnu/librt-2.19.so
7f2230c0b000-7f2230e0a000 ---p 00007000 08:06 148472                     /lib/x86_64-linux-gnu/librt-2.19.so
7f2230e0a000-7f2230e0b000 r--p 00006000 08:06 148472                     /lib/x86_64-linux-gnu/librt-2.19.so
7f2230e0b000-7f2230e0c000 rw-p 00007000 08:06 148472                     /lib/x86_64-linux-gnu/librt-2.19.so
7f2230e0c000-7f2230e22000 r-xp 00000000 08:06 131070                     /lib/x86_64-linux-gnu/libgcc_s.so.1
7f2230e22000-7f2231021000 ---p 00016000 08:06 131070                     /lib/x86_64-linux-gnu/libgcc_s.so.1
7f2231021000-7f2231022000 rw-p 00015000 08:06 131070                     /lib/x86_64-linux-gnu/libgcc_s.so.1
7f2231022000-7f2231127000 r-xp 00000000 08:06 135048                     /lib/x86_64-linux-gnu/libm-2.19.so
7f2231127000-7f2231326000 ---p 00105000 08:06 135048                     /lib/x86_64-linux-gnu/libm-2.19.so
7f2231326000-7f2231327000 r--p 00104000 08:06 135048                     /lib/x86_64-linux-gnu/libm-2.19.so
7f2231327000-7f2231328000 rw-p 00105000 08:06 135048                     /lib/x86_64-linux-gnu/libm-2.19.so
7f2231328000-7f223140e000 r-xp 00000000 08:06 1439330                    /usr/lib/x86_64-linux-gnu/libstdc++.so.6.0.19
7f223140e000-7f223160d000 ---p 000e6000 08:06 1439330                    /usr/lib/x86_64-linux-gnu/libstdc++.so.6.0.19
7f223160d000-7f2231615000 r--p 000e5000 08:06 1439330                    /usr/lib/x86_64-linux-gnu/libstdc++.so.6.0.19
7f2231615000-7f2231617000 rw-p 000ed000 08:06 1439330                    /usr/lib/x86_64-linux-gnu/libstdc++.so.6.0.19
7f2231617000-7f223162c000 rw-p 00000000 00:00 0 
7f223162c000-7f2232151000 r-xp 00000000 08:06 1489806                    /usr/lib/jvm/java-7-openjdk-amd64/jre/lib/amd64/server/libjvm.so
7f2232151000-7f2232351000 ---p 00b25000 08:06 1489806                    /usr/lib/jvm/java-7-openjdk-amd64/jre/lib/amd64/server/libjvm.so
7f2232351000-7f22323eb000 r--p 00b25000 08:06 1489806                    /usr/lib/jvm/java-7-openjdk-amd64/jre/lib/amd64/server/libjvm.so
7f22323eb000-7f223240e000 rw-p 00bbf000 08:06 1489806                    /usr/lib/jvm/java-7-openjdk-amd64/jre/lib/amd64/server/libjvm.so
7f223240e000-7f223243c000 rw-p 00000000 00:00 0 
7f223243c000-7f2232454000 r-xp 00000000 08:06 135112                     /lib/x86_64-linux-gnu/libz.so.1.2.8
7f2232454000-7f2232653000 ---p 00018000 08:06 135112                     /lib/x86_64-linux-gnu/libz.so.1.2.8
7f2232653000-7f2232654000 r--p 00017000 08:06 135112                     /lib/x86_64-linux-gnu/libz.so.1.2.8
7f2232654000-7f2232655000 rw-p 00018000 08:06 135112                     /lib/x86_64-linux-gnu/libz.so.1.2.8
7f2232655000-7f223266e000 r-xp 00000000 08:06 145743                     /lib/x86_64-linux-gnu/libpthread-2.19.so
7f223266e000-7f223286d000 ---p 00019000 08:06 145743                     /lib/x86_64-linux-gnu/libpthread-2.19.so
7f223286d000-7f223286e000 r--p 00018000 08:06 145743                     /lib/x86_64-linux-gnu/libpthread-2.19.so
7f223286e000-7f223286f000 rw-p 00019000 08:06 145743                     /lib/x86_64-linux-gnu/libpthread-2.19.so
7f223286f000-7f2232873000 rw-p 00000000 00:00 0 
7f2232873000-7f2232876000 r-xp 00000000 08:06 145738                     /lib/x86_64-linux-gnu/libdl-2.19.so
7f2232876000-7f2232a75000 ---p 00003000 08:06 145738                     /lib/x86_64-linux-gnu/libdl-2.19.so
7f2232a75000-7f2232a76000 r--p 00002000 08:06 145738                     /lib/x86_64-linux-gnu/libdl-2.19.so
7f2232a76000-7f2232a77000 rw-p 00003000 08:06 145738                     /lib/x86_64-linux-gnu/libdl-2.19.so
7f2232a77000-7f2232c32000 r-xp 00000000 08:06 148473                     /lib/x86_64-linux-gnu/libc-2.19.so
7f2232c32000-7f2232e31000 ---p 001bb000 08:06 148473                     /lib/x86_64-linux-gnu/libc-2.19.so
7f2232e31000-7f2232e35000 r--p 001ba000 08:06 148473                     /lib/x86_64-linux-gnu/libc-2.19.so
7f2232e35000-7f2232e37000 rw-p 001be000 08:06 148473                     /lib/x86_64-linux-gnu/libc-2.19.so
7f2232e37000-7f2232e3c000 rw-p 00000000 00:00 0 
7f2232e3c000-7f2232e49000 r-xp 00000000 08:06 1489800                    /usr/lib/jvm/java-7-openjdk-amd64/jre/lib/amd64/jli/libjli.so
7f2232e49000-7f2233048000 ---p 0000d000 08:06 1489800                    /usr/lib/jvm/java-7-openjdk-amd64/jre/lib/amd64/jli/libjli.so
7f2233048000-7f2233049000 r--p 0000c000 08:06 1489800                    /usr/lib/jvm/java-7-openjdk-amd64/jre/lib/amd64/jli/libjli.so
7f2233049000-7f223304a000 rw-p 0000d000 08:06 1489800                    /usr/lib/jvm/java-7-openjdk-amd64/jre/lib/amd64/jli/libjli.so
7f223304a000-7f223306d000 r-xp 00000000 08:06 145744                     /lib/x86_64-linux-gnu/ld-2.19.so
7f223306d000-7f2233070000 r--s 0000f000 08:06 1489840                    /usr/lib/jvm/java-7-openjdk-amd64/jre/lib/ext/icedtea-sound.jar
7f2233070000-7f2233092000 rw-p 00000000 00:00 0 
7f2233092000-7f2233148000 rw-p 00000000 00:00 0 
7f2233148000-7f223314b000 ---p 00000000 00:00 0 
7f223314b000-7f223324f000 rw-p 00000000 00:00 0                          [stack:8460]
7f223324f000-7f2233251000 r--s 00012000 08:06 1489837                    /usr/lib/jvm/java-7-openjdk-amd64/jre/lib/ext/zipfs.jar
7f2233251000-7f2233252000 r--s 00002000 08:06 1489839                    /usr/lib/jvm/java-7-openjdk-amd64/jre/lib/ext/dnsns.jar
7f2233252000-7f2233254000 r--s 00006000 08:06 1840524                    /usr/share/java/java-atk-wrapper.jar
7f2233254000-7f2233258000 r--s 0003c000 08:06 1489838                    /usr/lib/jvm/java-7-openjdk-amd64/jre/lib/ext/sunpkcs11.jar
7f2233258000-7f223325c000 r--s 00034000 08:06 1489836                    /usr/lib/jvm/java-7-openjdk-amd64/jre/lib/ext/sunjce_provider.jar
7f223325c000-7f2233260000 r--s 00085000 08:06 1489835                    /usr/lib/jvm/java-7-openjdk-amd64/jre/lib/ext/localedata.jar
7f2233260000-7f2233268000 rw-s 00000000 08:06 1840842                    /tmp/hsperfdata_tulin/8453
7f2233268000-7f2233269000 rw-p 00000000 00:00 0 
7f2233269000-7f223326a000 ---p 00000000 00:00 0 
7f223326a000-7f223326c000 rw-p 00000000 00:00 0 
7f223326c000-7f223326d000 r--p 00022000 08:06 145744                     /lib/x86_64-linux-gnu/ld-2.19.so
7f223326d000-7f223326e000 rw-p 00023000 08:06 145744                     /lib/x86_64-linux-gnu/ld-2.19.so
7f223326e000-7f223326f000 rw-p 00000000 00:00 0 
7ffd5fcfd000-7ffd5fd1e000 rw-p 00000000 00:00 0                          [stack]
7ffd5fd91000-7ffd5fd93000 r-xp 00000000 00:00 0                          [vdso]
ffffffffff600000-ffffffffff601000 r-xp 00000000 00:00 0                  [vsyscall]

VM Arguments:
jvm_args: -Djava.awt.headless=true -Xmx1024M -Dfile.encoding=UTF-8 -Duser.country=US -Duser.language=en -Duser.variant 
java_command: com.android.dx.command.Main --dex --num-threads=4 --output /home/tulin/AndroidStudioProjects/CamApp/app/build/intermediates/pre-dexed/debug/com.android.support-support-v4-23.2.0_4b1fd8c92292e56f5a1fba56278554e72cab954d.jar /home/tulin/AndroidStudioProjects/CamApp/app/build/intermediates/exploded-aar/com.android.support/support-v4/23.2.0/jars/classes.jar
Launcher Type: SUN_STANDARD

Environment Variables:
PATH=/usr/local/sbin:/usr/local/bin:/usr/sbin:/usr/bin:/sbin:/bin:/usr/games:/usr/local/games
SHELL=/bin/bash
DISPLAY=:0

Signal Handlers:
SIGSEGV: [libjvm.so+0x955bc0], sa_mask[0]=0x7ffbfeff, sa_flags=0x10000004
SIGBUS: [libjvm.so+0x955bc0], sa_mask[0]=0x7ffbfeff, sa_flags=0x10000004
SIGFPE: [libjvm.so+0x7caff0], sa_mask[0]=0x7ffbfeff, sa_flags=0x10000004
SIGPIPE: [libjvm.so+0x7caff0], sa_mask[0]=0x7ffbfeff, sa_flags=0x10000004
SIGXFSZ: [libjvm.so+0x7caff0], sa_mask[0]=0x7ffbfeff, sa_flags=0x10000004
SIGILL: [libjvm.so+0x7caff0], sa_mask[0]=0x7ffbfeff, sa_flags=0x10000004
SIGUSR1: SIG_DFL, sa_mask[0]=0x00000000, sa_flags=0x00000000
SIGUSR2: [libjvm.so+0x7cae90], sa_mask[0]=0x00000004, sa_flags=0x10000004
SIGHUP: [libjvm.so+0x7cb070], sa_mask[0]=0x7ffbfeff, sa_flags=0x10000004
SIGINT: [libjvm.so+0x7cb070], sa_mask[0]=0x7ffbfeff, sa_flags=0x10000004
SIGTERM: [libjvm.so+0x7cb070], sa_mask[0]=0x7ffbfeff, sa_flags=0x10000004
SIGQUIT: [libjvm.so+0x7cb070], sa_mask[0]=0x7ffbfeff, sa_flags=0x10000004
SIGTRAP: SIG_DFL, sa_mask[0]=0x00000000, sa_flags=0x00000000


---------------  S Y S T E M  ---------------

OS:Ubuntu 14.04 (trusty)
uname:Linux 3.13.0-79-generic #123-Ubuntu SMP Fri Feb 19 14:27:58 UTC 2016 x86_64
libc:glibc 2.19 NPTL 2.19 
rlimit: STACK 8192k, CORE 0k, NPROC 30460, NOFILE 4096, AS infinity
load average:5,53 4,43 4,50

/proc/meminfo:
MemTotal:        3946988 kB
MemFree:          116572 kB
Buffers:             468 kB
Cached:           675124 kB
SwapCached:            0 kB
Active:          2994984 kB
Inactive:         653840 kB
Active(anon):    2990128 kB
Inactive(anon):   650376 kB
Active(file):       4856 kB
Inactive(file):     3464 kB
Unevictable:          32 kB
Mlocked:              32 kB
SwapTotal:             0 kB
SwapFree:              0 kB
Dirty:                60 kB
Writeback:            16 kB
AnonPages:       2973816 kB
Mapped:           214260 kB
Shmem:            666640 kB
Slab:              75704 kB
SReclaimable:      36248 kB
SUnreclaim:        39456 kB
KernelStack:        6400 kB
PageTables:        44240 kB
NFS_Unstable:          0 kB
Bounce:                0 kB
WritebackTmp:          0 kB
CommitLimit:     1973492 kB
Committed_AS:    9047080 kB
VmallocTotal:   34359738367 kB
VmallocUsed:      350184 kB
VmallocChunk:   34359381756 kB
HardwareCorrupted:     0 kB
AnonHugePages:   1159168 kB
HugePages_Total:       0
HugePages_Free:        0
HugePages_Rsvd:        0
HugePages_Surp:        0
Hugepagesize:       2048 kB
DirectMap4k:       66592 kB
DirectMap2M:     4028416 kB


CPU:total 4 (2 cores per cpu, 2 threads per core) family 6 model 42 stepping 7, cmov, cx8, fxsr, mmx, sse, sse2, sse3, ssse3, sse4.1, sse4.2, popcnt, avx, aes, ht, tsc, tscinvbit

/proc/cpuinfo:
processor	: 0
vendor_id	: GenuineIntel
cpu family	: 6
model		: 42
model name	: Intel(R) Core(TM) i5-2557M CPU @ 1.70GHz
stepping	: 7
microcode	: 0x1a
cpu MHz		: 1701.000
cache size	: 3072 KB
physical id	: 0
siblings	: 4
core id		: 0
cpu cores	: 2
apicid		: 0
initial apicid	: 0
fpu		: yes
fpu_exception	: yes
cpuid level	: 13
wp		: yes
flags		: fpu vme de pse tsc msr pae mce cx8 apic sep mtrr pge mca cmov pat pse36 clflush dts acpi mmx fxsr sse sse2 ss ht tm pbe syscall nx rdtscp lm constant_tsc arch_perfmon pebs bts rep_good nopl xtopology nonstop_tsc aperfmperf eagerfpu pni pclmulqdq dtes64 monitor ds_cpl vmx smx est tm2 ssse3 cx16 xtpr pdcm pcid sse4_1 sse4_2 x2apic popcnt tsc_deadline_timer aes xsave avx lahf_lm ida arat epb xsaveopt pln pts dtherm tpr_shadow vnmi flexpriority ept vpid
bogomips	: 3392.10
clflush size	: 64
cache_alignment	: 64
address sizes	: 36 bits physical, 48 bits virtual
power management:

processor	: 1
vendor_id	: GenuineIntel
cpu family	: 6
model		: 42
model name	: Intel(R) Core(TM) i5-2557M CPU @ 1.70GHz
stepping	: 7
microcode	: 0x1a
cpu MHz		: 1701.000
cache size	: 3072 KB
physical id	: 0
siblings	: 4
core id		: 1
cpu cores	: 2
apicid		: 2
initial apicid	: 2
fpu		: yes
fpu_exception	: yes
cpuid level	: 13
wp		: yes
flags		: fpu vme de pse tsc msr pae mce cx8 apic sep mtrr pge mca cmov pat pse36 clflush dts acpi mmx fxsr sse sse2 ss ht tm pbe syscall nx rdtscp lm constant_tsc arch_perfmon pebs bts rep_good nopl xtopology nonstop_tsc aperfmperf eagerfpu pni pclmulqdq dtes64 monitor ds_cpl vmx smx est tm2 ssse3 cx16 xtpr pdcm pcid sse4_1 sse4_2 x2apic popcnt tsc_deadline_timer aes xsave avx lahf_lm ida arat epb xsaveopt pln pts dtherm tpr_shadow vnmi flexpriority ept vpid
bogomips	: 3392.10
clflush size	: 64
cache_alignment	: 64
address sizes	: 36 bits physical, 48 bits virtual
power management:

processor	: 2
vendor_id	: GenuineIntel
cpu family	: 6
model		: 42
model name	: Intel(R) Core(TM) i5-2557M CPU @ 1.70GHz
stepping	: 7
microcode	: 0x1a
cpu MHz		: 1701.000
cache size	: 3072 KB
physical id	: 0
siblings	: 4
core id		: 0
cpu cores	: 2
apicid		: 1
initial apicid	: 1
fpu		: yes
fpu_exception	: yes
cpuid level	: 13
wp		: yes
flags		: fpu vme de pse tsc msr pae mce cx8 apic sep mtrr pge mca cmov pat pse36 clflush dts acpi mmx fxsr sse sse2 ss ht tm pbe syscall nx rdtscp lm constant_tsc arch_perfmon pebs bts rep_good nopl xtopology nonstop_tsc aperfmperf eagerfpu pni pclmulqdq dtes64 monitor ds_cpl vmx smx est tm2 ssse3 cx16 xtpr pdcm pcid sse4_1 sse4_2 x2apic popcnt tsc_deadline_timer aes xsave avx lahf_lm ida arat epb xsaveopt pln pts dtherm tpr_shadow vnmi flexpriority ept vpid
bogomips	: 3392.10
clflush size	: 64
cache_alignment	: 64
address sizes	: 36 bits physical, 48 bits virtual
power management:

processor	: 3
vendor_id	: GenuineIntel
cpu family	: 6
model		: 42
model name	: Intel(R) Core(TM) i5-2557M CPU @ 1.70GHz
stepping	: 7
microcode	: 0x1a
cpu MHz		: 1701.000
cache size	: 3072 KB
physical id	: 0
siblings	: 4
core id		: 1
cpu cores	: 2
apicid		: 3
initial apicid	: 3
fpu		: yes
fpu_exception	: yes
cpuid level	: 13
wp		: yes
flags		: fpu vme de pse tsc msr pae mce cx8 apic sep mtrr pge mca cmov pat pse36 clflush dts acpi mmx fxsr sse sse2 ss ht tm pbe syscall nx rdtscp lm constant_tsc arch_perfmon pebs bts rep_good nopl xtopology nonstop_tsc aperfmperf eagerfpu pni pclmulqdq dtes64 monitor ds_cpl vmx smx est tm2 ssse3 cx16 xtpr pdcm pcid sse4_1 sse4_2 x2apic popcnt tsc_deadline_timer aes xsave avx lahf_lm ida arat epb xsaveopt pln pts dtherm tpr_shadow vnmi flexpriority ept vpid
bogomips	: 3392.10
clflush size	: 64
cache_alignment	: 64
address sizes	: 36 bits physical, 48 bits virtual
power management:



Memory: 4k page, physical 3946988k(117064k free), swap 0k(0k free)

vm_info: OpenJDK 64-Bit Server VM (24.95-b01) for linux-amd64 JRE (1.7.0_95-b00), built on Jan 21 2016 03:31:40 by "buildd" with gcc 4.8.4

time: Wed Mar 23 15:49:36 2016
elapsed time: 9 seconds

