#
# There is insufficient memory for the Java Runtime Environment to continue.
# Native memory allocation (malloc) failed to allocate 88080384 bytes for committing reserved memory.
# Possible reasons:
#   The system is out of physical RAM or swap space
#   In 32 bit mode, the process size limit was hit
# Possible solutions:
#   Reduce memory load on the system
#   Increase physical memory or swap space
#   Check if swap backing store is full
#   Use 64 bit Java on a 64 bit OS
#   Decrease Java heap size (-Xmx/-Xms)
#   Decrease number of Java threads
#   Decrease Java thread stack sizes (-Xss)
#   Set larger code cache with -XX:ReservedCodeCacheSize=
# This output file may be truncated or incomplete.
#
#  Out of Memory Error (os_linux.cpp:2827), pid=5666, tid=140574375401216
#
# JRE version: OpenJDK Runtime Environment (7.0_95) (build 1.7.0_95-b00)
# Java VM: OpenJDK 64-Bit Server VM (24.95-b01 mixed mode linux-amd64 compressed oops)
# Derivative: IcedTea 2.6.4
# Distribution: Ubuntu 14.04.3 LTS, package 7u95-2.6.4-0ubuntu0.14.04.1
# Failed to write core dump. Core dumps have been disabled. To enable core dumping, try "ulimit -c unlimited" before starting Java again
#

---------------  T H R E A D  ---------------

Current thread (0x00007fda0c076000):  VMThread [stack: 0x00007fda05a5d000,0x00007fda05b5e000] [id=5678]

Stack: [0x00007fda05a5d000,0x00007fda05b5e000],  sp=0x00007fda05b5c490,  free space=1021k
Native frames: (J=compiled Java code, j=interpreted, Vv=VM code, C=native code)
V  [libjvm.so+0x9550e5]
V  [libjvm.so+0x4902b4]
V  [libjvm.so+0x7cf7bb]
V  [libjvm.so+0x7ca28f]
V  [libjvm.so+0x83e56b]
V  [libjvm.so+0x83f3e0]
V  [libjvm.so+0x83facb]
V  [libjvm.so+0x83b4d8]
V  [libjvm.so+0x83bd48]
V  [libjvm.so+0x7f1fd3]
V  [libjvm.so+0x956ae4]
V  [libjvm.so+0x95abe7]
V  [libjvm.so+0x9596a8]
V  [libjvm.so+0x959b09]
V  [libjvm.so+0x959f52]
V  [libjvm.so+0x7cc682]

VM_Operation (0x00007fd9d726e160): ParallelGCFailedAllocation, mode: safepoint, requested by thread 0x00007fda0c1c8000


---------------  P R O C E S S  ---------------

Java Threads: ( => current thread )
  0x00007fda0c1d1000 JavaThread "pool-1-thread-4" [_thread_blocked, id=5692, stack(0x00007fd9d6d6b000,0x00007fd9d6e6c000)]
  0x00007fda0c1cf800 JavaThread "pool-1-thread-3" [_thread_blocked, id=5691, stack(0x00007fd9d6e6c000,0x00007fd9d6f6d000)]
  0x00007fda0c1cc800 JavaThread "pool-1-thread-2" [_thread_blocked, id=5690, stack(0x00007fd9d6f6d000,0x00007fd9d706e000)]
  0x00007fda0c1c9800 JavaThread "pool-2-thread-1" [_thread_blocked, id=5689, stack(0x00007fd9d706e000,0x00007fd9d716f000)]
  0x00007fda0c1c8000 JavaThread "pool-1-thread-1" [_thread_blocked, id=5688, stack(0x00007fd9d716f000,0x00007fd9d7270000)]
  0x00007fda0c0b2000 JavaThread "Service Thread" daemon [_thread_blocked, id=5686, stack(0x00007fda04c05000,0x00007fda04d06000)]
  0x00007fda0c0af800 JavaThread "C2 CompilerThread1" daemon [_thread_in_native, id=5685, stack(0x00007fda04d06000,0x00007fda04e07000)]
  0x00007fda0c0ac800 JavaThread "C2 CompilerThread0" daemon [_thread_in_native, id=5684, stack(0x00007fda04e07000,0x00007fda04f08000)]
  0x00007fda0c0aa800 JavaThread "Signal Dispatcher" daemon [_thread_blocked, id=5683, stack(0x00007fda04f08000,0x00007fda05009000)]
  0x00007fda0c07c000 JavaThread "Finalizer" daemon [_thread_blocked, id=5682, stack(0x00007fda0585b000,0x00007fda0595c000)]
  0x00007fda0c07a000 JavaThread "Reference Handler" daemon [_thread_blocked, id=5680, stack(0x00007fda0595c000,0x00007fda05a5d000)]
  0x00007fda0c00a800 JavaThread "main" [_thread_blocked, id=5668, stack(0x00007fda1416a000,0x00007fda1426b000)]

Other Threads:
=>0x00007fda0c076000 VMThread [stack: 0x00007fda05a5d000,0x00007fda05b5e000] [id=5678]
  0x00007fda0c0bc800 WatcherThread [stack: 0x00007fda04b04000,0x00007fda04c05000] [id=5687]

VM state:at safepoint (normal execution)

VM Mutex/Monitor currently owned by a thread:  ([mutex/lock_event])
[0x00007fda0c0069b0] Threads_lock - owner thread: 0x00007fda0c076000
[0x00007fda0c006eb0] Heap_lock - owner thread: 0x00007fda0c1c8000

Heap
 PSYoungGen      total 66048K, used 2557K [0x00000000eaa80000, 0x00000000eed80000, 0x0000000100000000)
  eden space 63488K, 0% used [0x00000000eaa80000,0x00000000eaa80000,0x00000000ee880000)
  from space 2560K, 99% used [0x00000000ee880000,0x00000000eeaff778,0x00000000eeb00000)
  to   space 2560K, 0% used [0x00000000eeb00000,0x00000000eeb00000,0x00000000eed80000)
 ParOldGen       total 40960K, used 23245K [0x00000000c0000000, 0x00000000c2800000, 0x00000000eaa80000)
  object space 40960K, 56% used [0x00000000c0000000,0x00000000c16b36c0,0x00000000c2800000)
 PSPermGen       total 21504K, used 6251K [0x00000000b5a00000, 0x00000000b6f00000, 0x00000000c0000000)
  object space 21504K, 29% used [0x00000000b5a00000,0x00000000b601acd8,0x00000000b6f00000)

Card table byte_map: [0x00007fda10b4d000,0x00007fda10da1000] byte_map_base: 0x00007fda105a0000

Polling page: 0x00007fda1428b000

Code Cache  [0x00007fda09000000, 0x00007fda09270000, 0x00007fda0c000000)
 total_blobs=492 nmethods=261 adapters=184 free_code_cache=48063Kb largest_free_block=49166400

Compilation events (10 events):
Event: 10,070 Thread 0x00007fda0c0ac800 nmethod 258 0x00007fda0910a410 code [0x00007fda0910a700, 0x00007fda0910bdc0]
Event: 10,070 Thread 0x00007fda0c0ac800  259             com.android.dx.ssa.SCCP::simulateBlock (54 bytes)
Event: 10,836 Thread 0x00007fda0c0ac800 nmethod 259 0x00007fda09111bd0 code [0x00007fda09112120, 0x00007fda09114de0]
Event: 10,836 Thread 0x00007fda0c0ac800  260             java.util.Arrays::hashCode (56 bytes)
Event: 10,839 Thread 0x00007fda0c0ac800 nmethod 260 0x00007fda090e22d0 code [0x00007fda090e2420, 0x00007fda090e2578]
Event: 10,839 Thread 0x00007fda0c0ac800  261             com.android.dx.rop.code.LocalItem::compareHandlesNulls (25 bytes)
Event: 10,863 Thread 0x00007fda0c0ac800 nmethod 261 0x00007fda090f3c10 code [0x00007fda090f3d60, 0x00007fda090f3ed8]
Event: 10,863 Thread 0x00007fda0c0ac800  262             java.lang.Object::equals (11 bytes)
Event: 10,863 Thread 0x00007fda0c0ac800 nmethod 262 0x00007fda090f3a10 code [0x00007fda090f3b40, 0x00007fda090f3b98]
Event: 10,864 Thread 0x00007fda0c0ac800  263             com.android.dx.ssa.back.IdenticalBlockCombiner::process (323 bytes)

GC Heap History (9 events):
Event: 2,106 GC heap before
{Heap before GC invocations=1 (full 0):
 PSYoungGen      total 18432K, used 15872K [0x00000000eaa80000, 0x00000000ebf00000, 0x0000000100000000)
  eden space 15872K, 100% used [0x00000000eaa80000,0x00000000eba00000,0x00000000eba00000)
  from space 2560K, 0% used [0x00000000ebc80000,0x00000000ebc80000,0x00000000ebf00000)
  to   space 2560K, 0% used [0x00000000eba00000,0x00000000eba00000,0x00000000ebc80000)
 ParOldGen       total 40960K, used 0K [0x00000000c0000000, 0x00000000c2800000, 0x00000000eaa80000)
  object space 40960K, 0% used [0x00000000c0000000,0x00000000c0000000,0x00000000c2800000)
 PSPermGen       total 21504K, used 5813K [0x00000000b5a00000, 0x00000000b6f00000, 0x00000000c0000000)
  object space 21504K, 27% used [0x00000000b5a00000,0x00000000b5fad5c0,0x00000000b6f00000)
Event: 2,131 GC heap after
Heap after GC invocations=1 (full 0):
 PSYoungGen      total 18432K, used 2531K [0x00000000eaa80000, 0x00000000ece80000, 0x0000000100000000)
  eden space 15872K, 0% used [0x00000000eaa80000,0x00000000eaa80000,0x00000000eba00000)
  from space 2560K, 98% used [0x00000000eba00000,0x00000000ebc78c20,0x00000000ebc80000)
  to   space 2560K, 0% used [0x00000000ecc00000,0x00000000ecc00000,0x00000000ece80000)
 ParOldGen       total 40960K, used 690K [0x00000000c0000000, 0x00000000c2800000, 0x00000000eaa80000)
  object space 40960K, 1% used [0x00000000c0000000,0x00000000c00acbe0,0x00000000c2800000)
 PSPermGen       total 21504K, used 5813K [0x00000000b5a00000, 0x00000000b6f00000, 0x00000000c0000000)
  object space 21504K, 27% used [0x00000000b5a00000,0x00000000b5fad5c0,0x00000000b6f00000)
}
Event: 3,348 GC heap before
{Heap before GC invocations=2 (full 0):
 PSYoungGen      total 18432K, used 18403K [0x00000000eaa80000, 0x00000000ece80000, 0x0000000100000000)
  eden space 15872K, 100% used [0x00000000eaa80000,0x00000000eba00000,0x00000000eba00000)
  from space 2560K, 98% used [0x00000000eba00000,0x00000000ebc78c20,0x00000000ebc80000)
  to   space 2560K, 0% used [0x00000000ecc00000,0x00000000ecc00000,0x00000000ece80000)
 ParOldGen       total 40960K, used 690K [0x00000000c0000000, 0x00000000c2800000, 0x00000000eaa80000)
  object space 40960K, 1% used [0x00000000c0000000,0x00000000c00acbe0,0x00000000c2800000)
 PSPermGen       total 21504K, used 6035K [0x00000000b5a00000, 0x00000000b6f00000, 0x00000000c0000000)
  object space 21504K, 28% used [0x00000000b5a00000,0x00000000b5fe4ef0,0x00000000b6f00000)
Event: 3,372 GC heap after
Heap after GC invocations=2 (full 0):
 PSYoungGen      total 34304K, used 2543K [0x00000000eaa80000, 0x00000000ece80000, 0x0000000100000000)
  eden space 31744K, 0% used [0x00000000eaa80000,0x00000000eaa80000,0x00000000ec980000)
  from space 2560K, 99% used [0x00000000ecc00000,0x00000000ece7bcb0,0x00000000ece80000)
  to   space 2560K, 0% used [0x00000000ec980000,0x00000000ec980000,0x00000000ecc00000)
 ParOldGen       total 40960K, used 2640K [0x00000000c0000000, 0x00000000c2800000, 0x00000000eaa80000)
  object space 40960K, 6% used [0x00000000c0000000,0x00000000c0294138,0x00000000c2800000)
 PSPermGen       total 21504K, used 6035K [0x00000000b5a00000, 0x00000000b6f00000, 0x00000000c0000000)
  object space 21504K, 28% used [0x00000000b5a00000,0x00000000b5fe4ef0,0x00000000b6f00000)
}
Event: 5,602 GC heap before
{Heap before GC invocations=3 (full 0):
 PSYoungGen      total 34304K, used 34287K [0x00000000eaa80000, 0x00000000ece80000, 0x0000000100000000)
  eden space 31744K, 100% used [0x00000000eaa80000,0x00000000ec980000,0x00000000ec980000)
  from space 2560K, 99% used [0x00000000ecc00000,0x00000000ece7bcb0,0x00000000ece80000)
  to   space 2560K, 0% used [0x00000000ec980000,0x00000000ec980000,0x00000000ecc00000)
 ParOldGen       total 40960K, used 2640K [0x00000000c0000000, 0x00000000c2800000, 0x00000000eaa80000)
  object space 40960K, 6% used [0x00000000c0000000,0x00000000c0294138,0x00000000c2800000)
 PSPermGen       total 21504K, used 6178K [0x00000000b5a00000, 0x00000000b6f00000, 0x00000000c0000000)
  object space 21504K, 28% used [0x00000000b5a00000,0x00000000b60088b0,0x00000000b6f00000)
Event: 5,637 GC heap after
Heap after GC invocations=3 (full 0):
 PSYoungGen      total 34304K, used 2545K [0x00000000eaa80000, 0x00000000eed80000, 0x0000000100000000)
  eden space 31744K, 0% used [0x00000000eaa80000,0x00000000eaa80000,0x00000000ec980000)
  from space 2560K, 99% used [0x00000000ec980000,0x00000000ecbfc698,0x00000000ecc00000)
  to   space 2560K, 0% used [0x00000000eeb00000,0x00000000eeb00000,0x00000000eed80000)
 ParOldGen       total 40960K, used 7630K [0x00000000c0000000, 0x00000000c2800000, 0x00000000eaa80000)
  object space 40960K, 18% used [0x00000000c0000000,0x00000000c0773b78,0x00000000c2800000)
 PSPermGen       total 21504K, used 6178K [0x00000000b5a00000, 0x00000000b6f00000, 0x00000000c0000000)
  object space 21504K, 28% used [0x00000000b5a00000,0x00000000b60088b0,0x00000000b6f00000)
}
Event: 7,948 GC heap before
{Heap before GC invocations=4 (full 0):
 PSYoungGen      total 34304K, used 34289K [0x00000000eaa80000, 0x00000000eed80000, 0x0000000100000000)
  eden space 31744K, 100% used [0x00000000eaa80000,0x00000000ec980000,0x00000000ec980000)
  from space 2560K, 99% used [0x00000000ec980000,0x00000000ecbfc698,0x00000000ecc00000)
  to   space 2560K, 0% used [0x00000000eeb00000,0x00000000eeb00000,0x00000000eed80000)
 ParOldGen       total 40960K, used 7630K [0x00000000c0000000, 0x00000000c2800000, 0x00000000eaa80000)
  object space 40960K, 18% used [0x00000000c0000000,0x00000000c0773b78,0x00000000c2800000)
 PSPermGen       total 21504K, used 6213K [0x00000000b5a00000, 0x00000000b6f00000, 0x00000000c0000000)
  object space 21504K, 28% used [0x00000000b5a00000,0x00000000b6011598,0x00000000b6f00000)
Event: 8,009 GC heap after
Heap after GC invocations=4 (full 0):
 PSYoungGen      total 66048K, used 2531K [0x00000000eaa80000, 0x00000000eed80000, 0x0000000100000000)
  eden space 63488K, 0% used [0x00000000eaa80000,0x00000000eaa80000,0x00000000ee880000)
  from space 2560K, 98% used [0x00000000eeb00000,0x00000000eed78fd8,0x00000000eed80000)
  to   space 2560K, 0% used [0x00000000ee880000,0x00000000ee880000,0x00000000eeb00000)
 ParOldGen       total 40960K, used 12688K [0x00000000c0000000, 0x00000000c2800000, 0x00000000eaa80000)
  object space 40960K, 30% used [0x00000000c0000000,0x00000000c0c64360,0x00000000c2800000)
 PSPermGen       total 21504K, used 6213K [0x00000000b5a00000, 0x00000000b6f00000, 0x00000000c0000000)
  object space 21504K, 28% used [0x00000000b5a00000,0x00000000b6011598,0x00000000b6f00000)
}
Event: 11,714 GC heap before
{Heap before GC invocations=5 (full 0):
 PSYoungGen      total 66048K, used 66019K [0x00000000eaa80000, 0x00000000eed80000, 0x0000000100000000)
  eden space 63488K, 100% used [0x00000000eaa80000,0x00000000ee880000,0x00000000ee880000)
  from space 2560K, 98% used [0x00000000eeb00000,0x00000000eed78fd8,0x00000000eed80000)
  to   space 2560K, 0% used [0x00000000ee880000,0x00000000ee880000,0x00000000eeb00000)
 ParOldGen       total 40960K, used 12688K [0x00000000c0000000, 0x00000000c2800000, 0x00000000eaa80000)
  object space 40960K, 30% used [0x00000000c0000000,0x00000000c0c64360,0x00000000c2800000)
 PSPermGen       total 21504K, used 6251K [0x00000000b5a00000, 0x00000000b6f00000, 0x00000000c0000000)
  object space 21504K, 29% used [0x00000000b5a00000,0x00000000b601acd8,0x00000000b6f00000)

Deoptimization events (10 events):
Event: 0,973 Thread 0x00007fda0c00a800 Uncommon trap: reason=unstable_if action=reinterpret pc=0x00007fda09060c34 method=java.lang.String.indexOf(II)I @ 49
Event: 0,981 Thread 0x00007fda0c00a800 Uncommon trap: reason=unstable_if action=reinterpret pc=0x00007fda09063508 method=java.lang.String.compareTo(Ljava/lang/String;)I @ 38
Event: 2,484 Thread 0x00007fda0c1cf800 Uncommon trap: reason=null_check action=make_not_entrant pc=0x00007fda0907fbc4 method=com.android.dx.rop.code.LocalItem.equals(Ljava/lang/Object;)Z @ 1
Event: 3,208 Thread 0x00007fda0c1d1000 Uncommon trap: reason=unstable_if action=reinterpret pc=0x00007fda0908fea0 method=com.android.dx.rop.code.RegisterSpec.equals(ILcom/android/dx/rop/type/TypeBearer;Lcom/android/dx/rop/code/LocalItem;)Z @ 42
Event: 3,661 Thread 0x00007fda0c1c8000 Uncommon trap: reason=null_check action=make_not_entrant pc=0x00007fda09094a10 method=com.android.dx.rop.type.Type.equals(Ljava/lang/Object;)Z @ 8
Event: 5,115 Thread 0x00007fda0c1cf800 Uncommon trap: reason=unstable_if action=reinterpret pc=0x00007fda0907c704 method=com.android.dx.rop.cst.Constant.compareTo(Lcom/android/dx/rop/cst/Constant;)I @ 12
Event: 6,112 Thread 0x00007fda0c1cf800 Uncommon trap: reason=unstable_if action=reinterpret pc=0x00007fda090d8164 method=com.android.dx.ssa.LocalVariableExtractor.processBlock(I)V @ 251
Event: 6,156 Thread 0x00007fda0c1d1000 Uncommon trap: reason=null_check action=make_not_entrant pc=0x00007fda090cbd74 method=com.android.dx.ssa.SsaRenamer.getLocalForNewReg(I)Lcom/android/dx/rop/code/LocalItem; @ 19
Event: 6,750 Thread 0x00007fda0c00a800 Uncommon trap: reason=null_check action=make_not_entrant pc=0x00007fda090d49fc method=com.android.dx.rop.type.Type.putIntern(Lcom/android/dx/rop/type/Type;)Lcom/android/dx/rop/type/Type; @ 18
Event: 7,684 Thread 0x00007fda0c1cc800 Uncommon trap: reason=unstable_if action=reinterpret pc=0x00007fda090a0234 method=com.android.dx.util.IntList.binarysearch(I)I @ 105

Internal exceptions (10 events):
Event: 2,289 Thread 0x00007fda0c1cf800 Threw 0x00000000eac6d390 at /build/openjdk-7-2FOwCu/openjdk-7-7u95-2.6.4/build/openjdk/hotspot/src/share/vm/prims/jvm.cpp:1322
Event: 2,484 Thread 0x00007fda0c1cf800 Implicit null exception at 0x00007fda0907f9b4 to 0x00007fda0907fb9d
Event: 2,534 Thread 0x00007fda0c00a800 Threw 0x00000000eaf28258 at /build/openjdk-7-2FOwCu/openjdk-7-7u95-2.6.4/build/openjdk/hotspot/src/share/vm/prims/jvm.cpp:1322
Event: 2,546 Thread 0x00007fda0c00a800 Threw 0x00000000eaf399e8 at /build/openjdk-7-2FOwCu/openjdk-7-7u95-2.6.4/build/openjdk/hotspot/src/share/vm/prims/jvm.cpp:1322
Event: 3,661 Thread 0x00007fda0c1c8000 Implicit null exception at 0x00007fda09094912 to 0x00007fda09094a03
Event: 3,979 Thread 0x00007fda0c00a800 Threw 0x00000000eb2f6220 at /build/openjdk-7-2FOwCu/openjdk-7-7u95-2.6.4/build/openjdk/hotspot/src/share/vm/prims/jvm.cpp:1322
Event: 6,156 Thread 0x00007fda0c1d1000 Implicit null exception at 0x00007fda090c9eb8 to 0x00007fda090cbd51
Event: 6,750 Thread 0x00007fda0c00a800 Implicit null exception at 0x00007fda090d4337 to 0x00007fda090d49ed
Event: 7,240 Thread 0x00007fda0c1d1000 Threw 0x00000000ec1c85c8 at /build/openjdk-7-2FOwCu/openjdk-7-7u95-2.6.4/build/openjdk/hotspot/src/share/vm/prims/jvm.cpp:1322
Event: 7,917 Thread 0x00007fda0c00a800 Threw 0x00000000ec8e4390 at /build/openjdk-7-2FOwCu/openjdk-7-7u95-2.6.4/build/openjdk/hotspot/src/share/vm/prims/jvm.cpp:1322

Events (10 events):
Event: 7,232 loading class 0x00007fd9cc004770 done
Event: 7,684 Thread 0x00007fda0c1cc800 Uncommon trap: trap_request=0xffffff75 fr.pc=0x00007fda090a0234
Event: 7,684 Thread 0x00007fda0c1cc800 DEOPT PACKING pc=0x00007fda090a0234 sp=0x00007fd9d706c1c0
Event: 7,684 Thread 0x00007fda0c1cc800 DEOPT UNPACKING pc=0x00007fda09039445 sp=0x00007fd9d706c168 mode 2
Event: 7,917 loading class 0x00007fd9cc023e10
Event: 7,917 loading class 0x00007fd9cc023e10 done
Event: 7,936 Executing VM operation: ParallelGCFailedAllocation
Event: 8,009 Executing VM operation: ParallelGCFailedAllocation done
Event: 8,331 Thread 0x00007fda0c0ac800 flushing nmethod 0x00007fda0907f590
Event: 11,711 Executing VM operation: ParallelGCFailedAllocation


Dynamic libraries:
00400000-00401000 r-xp 00000000 08:06 1454669                            /usr/lib/jvm/java-7-openjdk-amd64/jre/bin/java
00600000-00601000 r--p 00000000 08:06 1454669                            /usr/lib/jvm/java-7-openjdk-amd64/jre/bin/java
00601000-00602000 rw-p 00001000 08:06 1454669                            /usr/lib/jvm/java-7-openjdk-amd64/jre/bin/java
01508000-01529000 rw-p 00000000 00:00 0                                  [heap]
b5a00000-b6f00000 rw-p 00000000 00:00 0 
b6f00000-c0000000 rw-p 00000000 00:00 0 
c0000000-c2800000 rw-p 00000000 00:00 0 
c2800000-eaa80000 rw-p 00000000 00:00 0 
eaa80000-eed80000 rw-p 00000000 00:00 0 
f4180000-100000000 rw-p 00000000 00:00 0 
7fd9bc000000-7fd9bc027000 rw-p 00000000 00:00 0 
7fd9bc027000-7fd9c0000000 ---p 00000000 00:00 0 
7fd9c0000000-7fd9c0021000 rw-p 00000000 00:00 0 
7fd9c0021000-7fd9c4000000 ---p 00000000 00:00 0 
7fd9c4000000-7fd9c4021000 rw-p 00000000 00:00 0 
7fd9c4021000-7fd9c8000000 ---p 00000000 00:00 0 
7fd9c8000000-7fd9c8026000 rw-p 00000000 00:00 0 
7fd9c8026000-7fd9cc000000 ---p 00000000 00:00 0 
7fd9cc000000-7fd9cc02f000 rw-p 00000000 00:00 0 
7fd9cc02f000-7fd9d0000000 ---p 00000000 00:00 0 
7fd9d0000000-7fd9d0021000 rw-p 00000000 00:00 0 
7fd9d0021000-7fd9d4000000 ---p 00000000 00:00 0 
7fd9d6d6b000-7fd9d6d6e000 ---p 00000000 00:00 0 
7fd9d6d6e000-7fd9d6e6c000 rw-p 00000000 00:00 0                          [stack:5692]
7fd9d6e6c000-7fd9d6e6f000 ---p 00000000 00:00 0 
7fd9d6e6f000-7fd9d6f6d000 rw-p 00000000 00:00 0                          [stack:5691]
7fd9d6f6d000-7fd9d6f70000 ---p 00000000 00:00 0 
7fd9d6f70000-7fd9d706e000 rw-p 00000000 00:00 0                          [stack:5690]
7fd9d706e000-7fd9d7071000 ---p 00000000 00:00 0 
7fd9d7071000-7fd9d716f000 rw-p 00000000 00:00 0                          [stack:5689]
7fd9d716f000-7fd9d7172000 ---p 00000000 00:00 0 
7fd9d7172000-7fd9d7270000 rw-p 00000000 00:00 0                          [stack:5688]
7fd9d7270000-7fd9d72ad000 r-xp 00000000 08:06 130821                     /lib/x86_64-linux-gnu/libpcre.so.3.13.1
7fd9d72ad000-7fd9d74ac000 ---p 0003d000 08:06 130821                     /lib/x86_64-linux-gnu/libpcre.so.3.13.1
7fd9d74ac000-7fd9d74ad000 r--p 0003c000 08:06 130821                     /lib/x86_64-linux-gnu/libpcre.so.3.13.1
7fd9d74ad000-7fd9d74ae000 rw-p 0003d000 08:06 130821                     /lib/x86_64-linux-gnu/libpcre.so.3.13.1
7fd9d74ae000-7fd9d74b5000 r-xp 00000000 08:06 1447540                    /usr/lib/x86_64-linux-gnu/libffi.so.6.0.1
7fd9d74b5000-7fd9d76b4000 ---p 00007000 08:06 1447540                    /usr/lib/x86_64-linux-gnu/libffi.so.6.0.1
7fd9d76b4000-7fd9d76b5000 r--p 00006000 08:06 1447540                    /usr/lib/x86_64-linux-gnu/libffi.so.6.0.1
7fd9d76b5000-7fd9d76b6000 rw-p 00007000 08:06 1447540                    /usr/lib/x86_64-linux-gnu/libffi.so.6.0.1
7fd9d76b6000-7fd9d76cd000 r-xp 00000000 08:06 134868                     /lib/x86_64-linux-gnu/libresolv-2.19.so
7fd9d76cd000-7fd9d78cd000 ---p 00017000 08:06 134868                     /lib/x86_64-linux-gnu/libresolv-2.19.so
7fd9d78cd000-7fd9d78ce000 r--p 00017000 08:06 134868                     /lib/x86_64-linux-gnu/libresolv-2.19.so
7fd9d78ce000-7fd9d78cf000 rw-p 00018000 08:06 134868                     /lib/x86_64-linux-gnu/libresolv-2.19.so
7fd9d78cf000-7fd9d78d1000 rw-p 00000000 00:00 0 
7fd9d78d1000-7fd9d78f1000 r-xp 00000000 08:06 135079                     /lib/x86_64-linux-gnu/libselinux.so.1
7fd9d78f1000-7fd9d7af0000 ---p 00020000 08:06 135079                     /lib/x86_64-linux-gnu/libselinux.so.1
7fd9d7af0000-7fd9d7af1000 r--p 0001f000 08:06 135079                     /lib/x86_64-linux-gnu/libselinux.so.1
7fd9d7af1000-7fd9d7af2000 rw-p 00020000 08:06 135079                     /lib/x86_64-linux-gnu/libselinux.so.1
7fd9d7af2000-7fd9d7af4000 rw-p 00000000 00:00 0 
7fd9d7af4000-7fd9d7af7000 r-xp 00000000 08:06 1439340                    /usr/lib/x86_64-linux-gnu/libgmodule-2.0.so.0.4002.0
7fd9d7af7000-7fd9d7cf6000 ---p 00003000 08:06 1439340                    /usr/lib/x86_64-linux-gnu/libgmodule-2.0.so.0.4002.0
7fd9d7cf6000-7fd9d7cf7000 r--p 00002000 08:06 1439340                    /usr/lib/x86_64-linux-gnu/libgmodule-2.0.so.0.4002.0
7fd9d7cf7000-7fd9d7cf8000 rw-p 00003000 08:06 1439340                    /usr/lib/x86_64-linux-gnu/libgmodule-2.0.so.0.4002.0
7fd9d7cf8000-7fd9d7dfe000 r-xp 00000000 08:06 134871                     /lib/x86_64-linux-gnu/libglib-2.0.so.0.4002.0
7fd9d7dfe000-7fd9d7ffd000 ---p 00106000 08:06 134871                     /lib/x86_64-linux-gnu/libglib-2.0.so.0.4002.0
7fd9d7ffd000-7fd9d7ffe000 r--p 00105000 08:06 134871                     /lib/x86_64-linux-gnu/libglib-2.0.so.0.4002.0
7fd9d7ffe000-7fd9d7fff000 rw-p 00106000 08:06 134871                     /lib/x86_64-linux-gnu/libglib-2.0.so.0.4002.0
7fd9d7fff000-7fd9d8000000 rw-p 00000000 00:00 0 
7fd9d8000000-7fd9d8e38000 rw-p 00000000 00:00 0 
7fd9d8e38000-7fd9dc000000 ---p 00000000 00:00 0 
7fd9dc000000-7fd9dc021000 rw-p 00000000 00:00 0 
7fd9dc021000-7fd9e0000000 ---p 00000000 00:00 0 
7fd9e0000000-7fd9e0021000 rw-p 00000000 00:00 0 
7fd9e0021000-7fd9e4000000 ---p 00000000 00:00 0 
7fd9e4000000-7fd9e5054000 rw-p 00000000 00:00 0 
7fd9e5054000-7fd9e8000000 ---p 00000000 00:00 0 
7fd9e8000000-7fd9e8021000 rw-p 00000000 00:00 0 
7fd9e8021000-7fd9ec000000 ---p 00000000 00:00 0 
7fd9ec000000-7fd9ec021000 rw-p 00000000 00:00 0 
7fd9ec021000-7fd9f0000000 ---p 00000000 00:00 0 
7fd9f0000000-7fd9f0021000 rw-p 00000000 00:00 0 
7fd9f0021000-7fd9f4000000 ---p 00000000 00:00 0 
7fd9f4000000-7fd9f4021000 rw-p 00000000 00:00 0 
7fd9f4021000-7fd9f8000000 ---p 00000000 00:00 0 
7fd9f8000000-7fd9f8021000 rw-p 00000000 00:00 0 
7fd9f8021000-7fd9fc000000 ---p 00000000 00:00 0 
7fd9fc000000-7fd9fc021000 rw-p 00000000 00:00 0 
7fd9fc021000-7fda00000000 ---p 00000000 00:00 0 
7fda00000000-7fda00021000 rw-p 00000000 00:00 0 
7fda00021000-7fda04000000 ---p 00000000 00:00 0 
7fda040f1000-7fda04140000 r-xp 00000000 08:06 1439358                    /usr/lib/x86_64-linux-gnu/libgobject-2.0.so.0.4002.0
7fda04140000-7fda04340000 ---p 0004f000 08:06 1439358                    /usr/lib/x86_64-linux-gnu/libgobject-2.0.so.0.4002.0
7fda04340000-7fda04341000 r--p 0004f000 08:06 1439358                    /usr/lib/x86_64-linux-gnu/libgobject-2.0.so.0.4002.0
7fda04341000-7fda04342000 rw-p 00050000 08:06 1439358                    /usr/lib/x86_64-linux-gnu/libgobject-2.0.so.0.4002.0
7fda04342000-7fda044ae000 r-xp 00000000 08:06 1439362                    /usr/lib/x86_64-linux-gnu/libgio-2.0.so.0.4002.0
7fda044ae000-7fda046ad000 ---p 0016c000 08:06 1439362                    /usr/lib/x86_64-linux-gnu/libgio-2.0.so.0.4002.0
7fda046ad000-7fda046b1000 r--p 0016b000 08:06 1439362                    /usr/lib/x86_64-linux-gnu/libgio-2.0.so.0.4002.0
7fda046b1000-7fda046b3000 rw-p 0016f000 08:06 1439362                    /usr/lib/x86_64-linux-gnu/libgio-2.0.so.0.4002.0
7fda046b3000-7fda046b5000 rw-p 00000000 00:00 0 
7fda046d1000-7fda046e8000 r-xp 00000000 08:06 1489830                    /usr/lib/jvm/java-7-openjdk-amd64/jre/lib/amd64/libnet.so
7fda046e8000-7fda048e7000 ---p 00017000 08:06 1489830                    /usr/lib/jvm/java-7-openjdk-amd64/jre/lib/amd64/libnet.so
7fda048e7000-7fda048e8000 r--p 00016000 08:06 1489830                    /usr/lib/jvm/java-7-openjdk-amd64/jre/lib/amd64/libnet.so
7fda048e8000-7fda048e9000 rw-p 00017000 08:06 1489830                    /usr/lib/jvm/java-7-openjdk-amd64/jre/lib/amd64/libnet.so
7fda048e9000-7fda048f9000 r-xp 00000000 08:06 1489812                    /usr/lib/jvm/java-7-openjdk-amd64/jre/lib/amd64/libnio.so
7fda048f9000-7fda04af9000 ---p 00010000 08:06 1489812                    /usr/lib/jvm/java-7-openjdk-amd64/jre/lib/amd64/libnio.so
7fda04af9000-7fda04afa000 r--p 00010000 08:06 1489812                    /usr/lib/jvm/java-7-openjdk-amd64/jre/lib/amd64/libnio.so
7fda04afa000-7fda04afb000 rw-p 00011000 08:06 1489812                    /usr/lib/jvm/java-7-openjdk-amd64/jre/lib/amd64/libnio.so
7fda04afb000-7fda04b04000 r--s 0008a000 08:06 3244842                    /home/tulin/AndroidStudioProjects/CamApp2/app/build/intermediates/exploded-aar/com.android.support/appcompat-v7/23.2.0/jars/classes.jar
7fda04b04000-7fda04b05000 ---p 00000000 00:00 0 
7fda04b05000-7fda04c05000 rw-p 00000000 00:00 0                          [stack:5687]
7fda04c05000-7fda04c08000 ---p 00000000 00:00 0 
7fda04c08000-7fda04d06000 rw-p 00000000 00:00 0                          [stack:5686]
7fda04d06000-7fda04d09000 ---p 00000000 00:00 0 
7fda04d09000-7fda04e07000 rw-p 00000000 00:00 0                          [stack:5685]
7fda04e07000-7fda04e0a000 ---p 00000000 00:00 0 
7fda04e0a000-7fda04f08000 rw-p 00000000 00:00 0                          [stack:5684]
7fda04f08000-7fda04f0b000 ---p 00000000 00:00 0 
7fda04f0b000-7fda05009000 rw-p 00000000 00:00 0                          [stack:5683]
7fda05009000-7fda0585b000 r--p 00000000 08:06 1447082                    /usr/lib/locale/locale-archive
7fda0585b000-7fda0585e000 ---p 00000000 00:00 0 
7fda0585e000-7fda0595c000 rw-p 00000000 00:00 0                          [stack:5682]
7fda0595c000-7fda0595f000 ---p 00000000 00:00 0 
7fda0595f000-7fda05a5d000 rw-p 00000000 00:00 0                          [stack:5680]
7fda05a5d000-7fda05a5e000 ---p 00000000 00:00 0 
7fda05a5e000-7fda09000000 rw-p 00000000 00:00 0                          [stack:5678]
7fda09000000-7fda09270000 rwxp 00000000 00:00 0 
7fda09270000-7fda0c1f0000 rw-p 00000000 00:00 0 
7fda0c1f0000-7fda10000000 ---p 00000000 00:00 0 
7fda10008000-7fda10017000 r--s 000df000 08:06 3216701                    /home/tulin/Android/Sdk/build-tools/23.0.2/lib/dx.jar
7fda10017000-7fda100a2000 rw-p 00000000 00:00 0 
7fda100a2000-7fda10254000 r--s 01d2f000 08:06 1489796                    /usr/lib/jvm/java-7-openjdk-amd64/jre/lib/rt.jar
7fda10254000-7fda105a0000 rw-p 00000000 00:00 0 
7fda105a0000-7fda105a1000 ---p 00000000 00:00 0 
7fda105a1000-7fda106a1000 rw-p 00000000 00:00 0                          [stack:5674]
7fda106a1000-7fda106a2000 ---p 00000000 00:00 0 
7fda106a2000-7fda107a2000 rw-p 00000000 00:00 0                          [stack:5673]
7fda107a2000-7fda107a3000 ---p 00000000 00:00 0 
7fda107a3000-7fda108a3000 rw-p 00000000 00:00 0                          [stack:5672]
7fda108a3000-7fda108a4000 ---p 00000000 00:00 0 
7fda108a4000-7fda109af000 rw-p 00000000 00:00 0                          [stack:5671]
7fda109af000-7fda109f7000 rw-p 00000000 00:00 0 
7fda109f7000-7fda10a0b000 rw-p 00000000 00:00 0 
7fda10a0b000-7fda10b4d000 rw-p 00000000 00:00 0 
7fda10b4d000-7fda10b58000 rw-p 00000000 00:00 0 
7fda10b58000-7fda10ba0000 rw-p 00000000 00:00 0 
7fda10ba0000-7fda10bb4000 rw-p 00000000 00:00 0 
7fda10bb4000-7fda10cf5000 rw-p 00000000 00:00 0 
7fda10cf5000-7fda10d17000 rw-p 00000000 00:00 0 
7fda10d17000-7fda10da0000 rw-p 00000000 00:00 0 
7fda10da0000-7fda10da1000 rw-p 00000000 00:00 0 
7fda10da1000-7fda10da9000 r-xp 00000000 08:06 1489805                    /usr/lib/jvm/java-7-openjdk-amd64/jre/lib/amd64/libzip.so
7fda10da9000-7fda10fa8000 ---p 00008000 08:06 1489805                    /usr/lib/jvm/java-7-openjdk-amd64/jre/lib/amd64/libzip.so
7fda10fa8000-7fda10fa9000 r--p 00007000 08:06 1489805                    /usr/lib/jvm/java-7-openjdk-amd64/jre/lib/amd64/libzip.so
7fda10fa9000-7fda10faa000 rw-p 00008000 08:06 1489805                    /usr/lib/jvm/java-7-openjdk-amd64/jre/lib/amd64/libzip.so
7fda10faa000-7fda10fb5000 r-xp 00000000 08:06 184225                     /lib/x86_64-linux-gnu/libnss_files-2.19.so
7fda10fb5000-7fda111b4000 ---p 0000b000 08:06 184225                     /lib/x86_64-linux-gnu/libnss_files-2.19.so
7fda111b4000-7fda111b5000 r--p 0000a000 08:06 184225                     /lib/x86_64-linux-gnu/libnss_files-2.19.so
7fda111b5000-7fda111b6000 rw-p 0000b000 08:06 184225                     /lib/x86_64-linux-gnu/libnss_files-2.19.so
7fda111b6000-7fda111c1000 r-xp 00000000 08:06 145746                     /lib/x86_64-linux-gnu/libnss_nis-2.19.so
7fda111c1000-7fda113c0000 ---p 0000b000 08:06 145746                     /lib/x86_64-linux-gnu/libnss_nis-2.19.so
7fda113c0000-7fda113c1000 r--p 0000a000 08:06 145746                     /lib/x86_64-linux-gnu/libnss_nis-2.19.so
7fda113c1000-7fda113c2000 rw-p 0000b000 08:06 145746                     /lib/x86_64-linux-gnu/libnss_nis-2.19.so
7fda113c2000-7fda113d9000 r-xp 00000000 08:06 145742                     /lib/x86_64-linux-gnu/libnsl-2.19.so
7fda113d9000-7fda115d8000 ---p 00017000 08:06 145742                     /lib/x86_64-linux-gnu/libnsl-2.19.so
7fda115d8000-7fda115d9000 r--p 00016000 08:06 145742                     /lib/x86_64-linux-gnu/libnsl-2.19.so
7fda115d9000-7fda115da000 rw-p 00017000 08:06 145742                     /lib/x86_64-linux-gnu/libnsl-2.19.so
7fda115da000-7fda115dc000 rw-p 00000000 00:00 0 
7fda115dc000-7fda115e5000 r-xp 00000000 08:06 145741                     /lib/x86_64-linux-gnu/libnss_compat-2.19.so
7fda115e5000-7fda117e4000 ---p 00009000 08:06 145741                     /lib/x86_64-linux-gnu/libnss_compat-2.19.so
7fda117e4000-7fda117e5000 r--p 00008000 08:06 145741                     /lib/x86_64-linux-gnu/libnss_compat-2.19.so
7fda117e5000-7fda117e6000 rw-p 00009000 08:06 145741                     /lib/x86_64-linux-gnu/libnss_compat-2.19.so
7fda117e6000-7fda11811000 r-xp 00000000 08:06 1489826                    /usr/lib/jvm/java-7-openjdk-amd64/jre/lib/amd64/libjava.so
7fda11811000-7fda11a11000 ---p 0002b000 08:06 1489826                    /usr/lib/jvm/java-7-openjdk-amd64/jre/lib/amd64/libjava.so
7fda11a11000-7fda11a12000 r--p 0002b000 08:06 1489826                    /usr/lib/jvm/java-7-openjdk-amd64/jre/lib/amd64/libjava.so
7fda11a12000-7fda11a14000 rw-p 0002c000 08:06 1489826                    /usr/lib/jvm/java-7-openjdk-amd64/jre/lib/amd64/libjava.so
7fda11a14000-7fda11a24000 r-xp 00000000 08:06 1489810                    /usr/lib/jvm/java-7-openjdk-amd64/jre/lib/amd64/libverify.so
7fda11a24000-7fda11c23000 ---p 00010000 08:06 1489810                    /usr/lib/jvm/java-7-openjdk-amd64/jre/lib/amd64/libverify.so
7fda11c23000-7fda11c25000 r--p 0000f000 08:06 1489810                    /usr/lib/jvm/java-7-openjdk-amd64/jre/lib/amd64/libverify.so
7fda11c25000-7fda11c26000 rw-p 00011000 08:06 1489810                    /usr/lib/jvm/java-7-openjdk-amd64/jre/lib/amd64/libverify.so
7fda11c26000-7fda11c2d000 r-xp 00000000 08:06 148472                     /lib/x86_64-linux-gnu/librt-2.19.so
7fda11c2d000-7fda11e2c000 ---p 00007000 08:06 148472                     /lib/x86_64-linux-gnu/librt-2.19.so
7fda11e2c000-7fda11e2d000 r--p 00006000 08:06 148472                     /lib/x86_64-linux-gnu/librt-2.19.so
7fda11e2d000-7fda11e2e000 rw-p 00007000 08:06 148472                     /lib/x86_64-linux-gnu/librt-2.19.so
7fda11e2e000-7fda11e44000 r-xp 00000000 08:06 131070                     /lib/x86_64-linux-gnu/libgcc_s.so.1
7fda11e44000-7fda12043000 ---p 00016000 08:06 131070                     /lib/x86_64-linux-gnu/libgcc_s.so.1
7fda12043000-7fda12044000 rw-p 00015000 08:06 131070                     /lib/x86_64-linux-gnu/libgcc_s.so.1
7fda12044000-7fda12149000 r-xp 00000000 08:06 135048                     /lib/x86_64-linux-gnu/libm-2.19.so
7fda12149000-7fda12348000 ---p 00105000 08:06 135048                     /lib/x86_64-linux-gnu/libm-2.19.so
7fda12348000-7fda12349000 r--p 00104000 08:06 135048                     /lib/x86_64-linux-gnu/libm-2.19.so
7fda12349000-7fda1234a000 rw-p 00105000 08:06 135048                     /lib/x86_64-linux-gnu/libm-2.19.so
7fda1234a000-7fda12430000 r-xp 00000000 08:06 1439330                    /usr/lib/x86_64-linux-gnu/libstdc++.so.6.0.19
7fda12430000-7fda1262f000 ---p 000e6000 08:06 1439330                    /usr/lib/x86_64-linux-gnu/libstdc++.so.6.0.19
7fda1262f000-7fda12637000 r--p 000e5000 08:06 1439330                    /usr/lib/x86_64-linux-gnu/libstdc++.so.6.0.19
7fda12637000-7fda12639000 rw-p 000ed000 08:06 1439330                    /usr/lib/x86_64-linux-gnu/libstdc++.so.6.0.19
7fda12639000-7fda1264e000 rw-p 00000000 00:00 0 
7fda1264e000-7fda13173000 r-xp 00000000 08:06 1489806                    /usr/lib/jvm/java-7-openjdk-amd64/jre/lib/amd64/server/libjvm.so
7fda13173000-7fda13373000 ---p 00b25000 08:06 1489806                    /usr/lib/jvm/java-7-openjdk-amd64/jre/lib/amd64/server/libjvm.so
7fda13373000-7fda1340d000 r--p 00b25000 08:06 1489806                    /usr/lib/jvm/java-7-openjdk-amd64/jre/lib/amd64/server/libjvm.so
7fda1340d000-7fda13430000 rw-p 00bbf000 08:06 1489806                    /usr/lib/jvm/java-7-openjdk-amd64/jre/lib/amd64/server/libjvm.so
7fda13430000-7fda1345e000 rw-p 00000000 00:00 0 
7fda1345e000-7fda13476000 r-xp 00000000 08:06 135112                     /lib/x86_64-linux-gnu/libz.so.1.2.8
7fda13476000-7fda13675000 ---p 00018000 08:06 135112                     /lib/x86_64-linux-gnu/libz.so.1.2.8
7fda13675000-7fda13676000 r--p 00017000 08:06 135112                     /lib/x86_64-linux-gnu/libz.so.1.2.8
7fda13676000-7fda13677000 rw-p 00018000 08:06 135112                     /lib/x86_64-linux-gnu/libz.so.1.2.8
7fda13677000-7fda13690000 r-xp 00000000 08:06 145743                     /lib/x86_64-linux-gnu/libpthread-2.19.so
7fda13690000-7fda1388f000 ---p 00019000 08:06 145743                     /lib/x86_64-linux-gnu/libpthread-2.19.so
7fda1388f000-7fda13890000 r--p 00018000 08:06 145743                     /lib/x86_64-linux-gnu/libpthread-2.19.so
7fda13890000-7fda13891000 rw-p 00019000 08:06 145743                     /lib/x86_64-linux-gnu/libpthread-2.19.so
7fda13891000-7fda13895000 rw-p 00000000 00:00 0 
7fda13895000-7fda13898000 r-xp 00000000 08:06 145738                     /lib/x86_64-linux-gnu/libdl-2.19.so
7fda13898000-7fda13a97000 ---p 00003000 08:06 145738                     /lib/x86_64-linux-gnu/libdl-2.19.so
7fda13a97000-7fda13a98000 r--p 00002000 08:06 145738                     /lib/x86_64-linux-gnu/libdl-2.19.so
7fda13a98000-7fda13a99000 rw-p 00003000 08:06 145738                     /lib/x86_64-linux-gnu/libdl-2.19.so
7fda13a99000-7fda13c54000 r-xp 00000000 08:06 148473                     /lib/x86_64-linux-gnu/libc-2.19.so
7fda13c54000-7fda13e53000 ---p 001bb000 08:06 148473                     /lib/x86_64-linux-gnu/libc-2.19.so
7fda13e53000-7fda13e57000 r--p 001ba000 08:06 148473                     /lib/x86_64-linux-gnu/libc-2.19.so
7fda13e57000-7fda13e59000 rw-p 001be000 08:06 148473                     /lib/x86_64-linux-gnu/libc-2.19.so
7fda13e59000-7fda13e5e000 rw-p 00000000 00:00 0 
7fda13e5e000-7fda13e6b000 r-xp 00000000 08:06 1489800                    /usr/lib/jvm/java-7-openjdk-amd64/jre/lib/amd64/jli/libjli.so
7fda13e6b000-7fda1406a000 ---p 0000d000 08:06 1489800                    /usr/lib/jvm/java-7-openjdk-amd64/jre/lib/amd64/jli/libjli.so
7fda1406a000-7fda1406b000 r--p 0000c000 08:06 1489800                    /usr/lib/jvm/java-7-openjdk-amd64/jre/lib/amd64/jli/libjli.so
7fda1406b000-7fda1406c000 rw-p 0000d000 08:06 1489800                    /usr/lib/jvm/java-7-openjdk-amd64/jre/lib/amd64/jli/libjli.so
7fda1406c000-7fda1408f000 r-xp 00000000 08:06 145744                     /lib/x86_64-linux-gnu/ld-2.19.so
7fda1408f000-7fda14092000 r--s 0000f000 08:06 1489840                    /usr/lib/jvm/java-7-openjdk-amd64/jre/lib/ext/icedtea-sound.jar
7fda14092000-7fda140b4000 rw-p 00000000 00:00 0 
7fda140b4000-7fda1416a000 rw-p 00000000 00:00 0 
7fda1416a000-7fda1416d000 ---p 00000000 00:00 0 
7fda1416d000-7fda14271000 rw-p 00000000 00:00 0                          [stack:5668]
7fda14271000-7fda14273000 r--s 00012000 08:06 1489837                    /usr/lib/jvm/java-7-openjdk-amd64/jre/lib/ext/zipfs.jar
7fda14273000-7fda14274000 r--s 00002000 08:06 1489839                    /usr/lib/jvm/java-7-openjdk-amd64/jre/lib/ext/dnsns.jar
7fda14274000-7fda14276000 r--s 00006000 08:06 1840524                    /usr/share/java/java-atk-wrapper.jar
7fda14276000-7fda1427a000 r--s 0003c000 08:06 1489838                    /usr/lib/jvm/java-7-openjdk-amd64/jre/lib/ext/sunpkcs11.jar
7fda1427a000-7fda1427e000 r--s 00034000 08:06 1489836                    /usr/lib/jvm/java-7-openjdk-amd64/jre/lib/ext/sunjce_provider.jar
7fda1427e000-7fda14282000 r--s 00085000 08:06 1489835                    /usr/lib/jvm/java-7-openjdk-amd64/jre/lib/ext/localedata.jar
7fda14282000-7fda1428a000 rw-s 00000000 08:06 1846131                    /tmp/hsperfdata_tulin/5666
7fda1428a000-7fda1428b000 rw-p 00000000 00:00 0 
7fda1428b000-7fda1428c000 ---p 00000000 00:00 0 
7fda1428c000-7fda1428e000 rw-p 00000000 00:00 0 
7fda1428e000-7fda1428f000 r--p 00022000 08:06 145744                     /lib/x86_64-linux-gnu/ld-2.19.so
7fda1428f000-7fda14290000 rw-p 00023000 08:06 145744                     /lib/x86_64-linux-gnu/ld-2.19.so
7fda14290000-7fda14291000 rw-p 00000000 00:00 0 
7fff27cb0000-7fff27cd1000 rw-p 00000000 00:00 0                          [stack]
7fff27d0c000-7fff27d0e000 r-xp 00000000 00:00 0                          [vdso]
ffffffffff600000-ffffffffff601000 r-xp 00000000 00:00 0                  [vsyscall]

VM Arguments:
jvm_args: -Djava.awt.headless=true -Xmx1024M -Dfile.encoding=UTF-8 -Duser.country=US -Duser.language=en -Duser.variant 
java_command: com.android.dx.command.Main --dex --num-threads=4 --output /home/tulin/AndroidStudioProjects/CamApp2/app/build/intermediates/pre-dexed/debug/com.android.support-appcompat-v7-23.2.0_82625f9d146655a52396ac438331a65e6ad7b285.jar /home/tulin/AndroidStudioProjects/CamApp2/app/build/intermediates/exploded-aar/com.android.support/appcompat-v7/23.2.0/jars/classes.jar
Launcher Type: SUN_STANDARD

Environment Variables:
PATH=/usr/local/sbin:/usr/local/bin:/usr/sbin:/usr/bin:/sbin:/bin:/usr/games:/usr/local/games
SHELL=/bin/bash
DISPLAY=:0

Signal Handlers:
SIGSEGV: [libjvm.so+0x955bc0], sa_mask[0]=0x7ffbfeff, sa_flags=0x10000004
SIGBUS: [libjvm.so+0x955bc0], sa_mask[0]=0x7ffbfeff, sa_flags=0x10000004
SIGFPE: [libjvm.so+0x7caff0], sa_mask[0]=0x7ffbfeff, sa_flags=0x10000004
SIGPIPE: [libjvm.so+0x7caff0], sa_mask[0]=0x7ffbfeff, sa_flags=0x10000004
SIGXFSZ: [libjvm.so+0x7caff0], sa_mask[0]=0x7ffbfeff, sa_flags=0x10000004
SIGILL: [libjvm.so+0x7caff0], sa_mask[0]=0x7ffbfeff, sa_flags=0x10000004
SIGUSR1: SIG_DFL, sa_mask[0]=0x00000000, sa_flags=0x00000000
SIGUSR2: [libjvm.so+0x7cae90], sa_mask[0]=0x00000004, sa_flags=0x10000004
SIGHUP: [libjvm.so+0x7cb070], sa_mask[0]=0x7ffbfeff, sa_flags=0x10000004
SIGINT: [libjvm.so+0x7cb070], sa_mask[0]=0x7ffbfeff, sa_flags=0x10000004
SIGTERM: [libjvm.so+0x7cb070], sa_mask[0]=0x7ffbfeff, sa_flags=0x10000004
SIGQUIT: [libjvm.so+0x7cb070], sa_mask[0]=0x7ffbfeff, sa_flags=0x10000004
SIGTRAP: SIG_DFL, sa_mask[0]=0x00000000, sa_flags=0x00000000


---------------  S Y S T E M  ---------------

OS:Ubuntu 14.04 (trusty)
uname:Linux 3.13.0-79-generic #123-Ubuntu SMP Fri Feb 19 14:27:58 UTC 2016 x86_64
libc:glibc 2.19 NPTL 2.19 
rlimit: STACK 8192k, CORE 0k, NPROC 30460, NOFILE 4096, AS infinity
load average:6,78 3,13 1,81

/proc/meminfo:
MemTotal:        3946988 kB
MemFree:           93280 kB
Buffers:             764 kB
Cached:           459096 kB
SwapCached:            0 kB
Active:          3225104 kB
Inactive:         452536 kB
Active(anon):    3220668 kB
Inactive(anon):   445316 kB
Active(file):       4436 kB
Inactive(file):     7220 kB
Unevictable:          32 kB
Mlocked:              32 kB
SwapTotal:             0 kB
SwapFree:              0 kB
Dirty:               284 kB
Writeback:             0 kB
AnonPages:       3218484 kB
Mapped:           106640 kB
Shmem:            447428 kB
Slab:              69896 kB
SReclaimable:      32728 kB
SUnreclaim:        37168 kB
KernelStack:        6136 kB
PageTables:        43140 kB
NFS_Unstable:          0 kB
Bounce:                0 kB
WritebackTmp:          0 kB
CommitLimit:     1973492 kB
Committed_AS:    8717408 kB
VmallocTotal:   34359738367 kB
VmallocUsed:      350248 kB
VmallocChunk:   34359381756 kB
HardwareCorrupted:     0 kB
AnonHugePages:   1134592 kB
HugePages_Total:       0
HugePages_Free:        0
HugePages_Rsvd:        0
HugePages_Surp:        0
Hugepagesize:       2048 kB
DirectMap4k:       68640 kB
DirectMap2M:     4026368 kB


CPU:total 4 (2 cores per cpu, 2 threads per core) family 6 model 42 stepping 7, cmov, cx8, fxsr, mmx, sse, sse2, sse3, ssse3, sse4.1, sse4.2, popcnt, avx, aes, ht, tsc, tscinvbit

/proc/cpuinfo:
processor	: 0
vendor_id	: GenuineIntel
cpu family	: 6
model		: 42
model name	: Intel(R) Core(TM) i5-2557M CPU @ 1.70GHz
stepping	: 7
microcode	: 0x1a
cpu MHz		: 1701.000
cache size	: 3072 KB
physical id	: 0
siblings	: 4
core id		: 0
cpu cores	: 2
apicid		: 0
initial apicid	: 0
fpu		: yes
fpu_exception	: yes
cpuid level	: 13
wp		: yes
flags		: fpu vme de pse tsc msr pae mce cx8 apic sep mtrr pge mca cmov pat pse36 clflush dts acpi mmx fxsr sse sse2 ss ht tm pbe syscall nx rdtscp lm constant_tsc arch_perfmon pebs bts rep_good nopl xtopology nonstop_tsc aperfmperf eagerfpu pni pclmulqdq dtes64 monitor ds_cpl vmx smx est tm2 ssse3 cx16 xtpr pdcm pcid sse4_1 sse4_2 x2apic popcnt tsc_deadline_timer aes xsave avx lahf_lm ida arat epb xsaveopt pln pts dtherm tpr_shadow vnmi flexpriority ept vpid
bogomips	: 3392.04
clflush size	: 64
cache_alignment	: 64
address sizes	: 36 bits physical, 48 bits virtual
power management:

processor	: 1
vendor_id	: GenuineIntel
cpu family	: 6
model		: 42
model name	: Intel(R) Core(TM) i5-2557M CPU @ 1.70GHz
stepping	: 7
microcode	: 0x1a
cpu MHz		: 1701.000
cache size	: 3072 KB
physical id	: 0
siblings	: 4
core id		: 1
cpu cores	: 2
apicid		: 2
initial apicid	: 2
fpu		: yes
fpu_exception	: yes
cpuid level	: 13
wp		: yes
flags		: fpu vme de pse tsc msr pae mce cx8 apic sep mtrr pge mca cmov pat pse36 clflush dts acpi mmx fxsr sse sse2 ss ht tm pbe syscall nx rdtscp lm constant_tsc arch_perfmon pebs bts rep_good nopl xtopology nonstop_tsc aperfmperf eagerfpu pni pclmulqdq dtes64 monitor ds_cpl vmx smx est tm2 ssse3 cx16 xtpr pdcm pcid sse4_1 sse4_2 x2apic popcnt tsc_deadline_timer aes xsave avx lahf_lm ida arat epb xsaveopt pln pts dtherm tpr_shadow vnmi flexpriority ept vpid
bogomips	: 3392.04
clflush size	: 64
cache_alignment	: 64
address sizes	: 36 bits physical, 48 bits virtual
power management:

processor	: 2
vendor_id	: GenuineIntel
cpu family	: 6
model		: 42
model name	: Intel(R) Core(TM) i5-2557M CPU @ 1.70GHz
stepping	: 7
microcode	: 0x1a
cpu MHz		: 1701.000
cache size	: 3072 KB
physical id	: 0
siblings	: 4
core id		: 0
cpu cores	: 2
apicid		: 1
initial apicid	: 1
fpu		: yes
fpu_exception	: yes
cpuid level	: 13
wp		: yes
flags		: fpu vme de pse tsc msr pae mce cx8 apic sep mtrr pge mca cmov pat pse36 clflush dts acpi mmx fxsr sse sse2 ss ht tm pbe syscall nx rdtscp lm constant_tsc arch_perfmon pebs bts rep_good nopl xtopology nonstop_tsc aperfmperf eagerfpu pni pclmulqdq dtes64 monitor ds_cpl vmx smx est tm2 ssse3 cx16 xtpr pdcm pcid sse4_1 sse4_2 x2apic popcnt tsc_deadline_timer aes xsave avx lahf_lm ida arat epb xsaveopt pln pts dtherm tpr_shadow vnmi flexpriority ept vpid
bogomips	: 3392.04
clflush size	: 64
cache_alignment	: 64
address sizes	: 36 bits physical, 48 bits virtual
power management:

processor	: 3
vendor_id	: GenuineIntel
cpu family	: 6
model		: 42
model name	: Intel(R) Core(TM) i5-2557M CPU @ 1.70GHz
stepping	: 7
microcode	: 0x1a
cpu MHz		: 1701.000
cache size	: 3072 KB
physical id	: 0
siblings	: 4
core id		: 1
cpu cores	: 2
apicid		: 3
initial apicid	: 3
fpu		: yes
fpu_exception	: yes
cpuid level	: 13
wp		: yes
flags		: fpu vme de pse tsc msr pae mce cx8 apic sep mtrr pge mca cmov pat pse36 clflush dts acpi mmx fxsr sse sse2 ss ht tm pbe syscall nx rdtscp lm constant_tsc arch_perfmon pebs bts rep_good nopl xtopology nonstop_tsc aperfmperf eagerfpu pni pclmulqdq dtes64 monitor ds_cpl vmx smx est tm2 ssse3 cx16 xtpr pdcm pcid sse4_1 sse4_2 x2apic popcnt tsc_deadline_timer aes xsave avx lahf_lm ida arat epb xsaveopt pln pts dtherm tpr_shadow vnmi flexpriority ept vpid
bogomips	: 3392.04
clflush size	: 64
cache_alignment	: 64
address sizes	: 36 bits physical, 48 bits virtual
power management:



Memory: 4k page, physical 3946988k(93280k free), swap 0k(0k free)

vm_info: OpenJDK 64-Bit Server VM (24.95-b01) for linux-amd64 JRE (1.7.0_95-b00), built on Jan 21 2016 03:31:40 by "buildd" with gcc 4.8.4

time: Mon Mar 14 22:46:33 2016
elapsed time: 11 seconds

