#
# There is insufficient memory for the Java Runtime Environment to continue.
# Native memory allocation (malloc) failed to allocate 116916224 bytes for committing reserved memory.
# Possible reasons:
#   The system is out of physical RAM or swap space
#   In 32 bit mode, the process size limit was hit
# Possible solutions:
#   Reduce memory load on the system
#   Increase physical memory or swap space
#   Check if swap backing store is full
#   Use 64 bit Java on a 64 bit OS
#   Decrease Java heap size (-Xmx/-Xms)
#   Decrease number of Java threads
#   Decrease Java thread stack sizes (-Xss)
#   Set larger code cache with -XX:ReservedCodeCacheSize=
# This output file may be truncated or incomplete.
#
#  Out of Memory Error (os_linux.cpp:2827), pid=4494, tid=140585693234944
#
# JRE version: OpenJDK Runtime Environment (7.0_101) (build 1.7.0_101-b00)
# Java VM: OpenJDK 64-Bit Server VM (24.95-b01 mixed mode linux-amd64 compressed oops)
# Derivative: IcedTea 2.6.6
# Distribution: Ubuntu 14.04 LTS, package 7u101-2.6.6-0ubuntu0.14.04.1
# Failed to write core dump. Core dumps have been disabled. To enable core dumping, try "ulimit -c unlimited" before starting Java again
#

---------------  T H R E A D  ---------------

Current thread (0x00007fdcb0076000):  VMThread [stack: 0x00007fdca83e4000,0x00007fdca84e5000] [id=4503]

Stack: [0x00007fdca83e4000,0x00007fdca84e5000],  sp=0x00007fdca84e3490,  free space=1021k
Native frames: (J=compiled Java code, j=interpreted, Vv=VM code, C=native code)
V  [libjvm.so+0x955705]
V  [libjvm.so+0x490c44]
V  [libjvm.so+0x7d0c9b]
V  [libjvm.so+0x7cb75f]
V  [libjvm.so+0x83ee5b]
V  [libjvm.so+0x82f0ab]
V  [libjvm.so+0x82f26b]
V  [libjvm.so+0x830198]
V  [libjvm.so+0x836a44]
V  [libjvm.so+0x83cf9d]
V  [libjvm.so+0x7f34a3]
V  [libjvm.so+0x957104]
V  [libjvm.so+0x95b207]
V  [libjvm.so+0x959cc8]
V  [libjvm.so+0x95a129]
V  [libjvm.so+0x95a572]
V  [libjvm.so+0x7cdb62]

VM_Operation (0x00007fdca1b29360): ParallelGCFailedAllocation, mode: safepoint, requested by thread 0x00007fdcb01c0800


---------------  P R O C E S S  ---------------

Java Threads: ( => current thread )
  0x00007fdcb01c0800 JavaThread "pool-1-thread-1" [_thread_blocked, id=4559, stack(0x00007fdca1a2a000,0x00007fdca1b2b000)]
  0x00007fdcb00af800 JavaThread "Service Thread" daemon [_thread_blocked, id=4509, stack(0x00007fdca34ab000,0x00007fdca35ac000)]
  0x00007fdcb00ad800 JavaThread "C2 CompilerThread1" daemon [_thread_blocked, id=4508, stack(0x00007fdca35ac000,0x00007fdca36ad000)]
  0x00007fdcb00aa800 JavaThread "C2 CompilerThread0" daemon [_thread_blocked, id=4507, stack(0x00007fdca36ad000,0x00007fdca37ae000)]
  0x00007fdcb00a8800 JavaThread "Signal Dispatcher" daemon [_thread_blocked, id=4506, stack(0x00007fdca80e1000,0x00007fdca81e2000)]
  0x00007fdcb007c000 JavaThread "Finalizer" daemon [_thread_blocked, id=4505, stack(0x00007fdca81e2000,0x00007fdca82e3000)]
  0x00007fdcb007a000 JavaThread "Reference Handler" daemon [_thread_blocked, id=4504, stack(0x00007fdca82e3000,0x00007fdca83e4000)]
  0x00007fdcb000a800 JavaThread "main" [_thread_blocked, id=4498, stack(0x00007fdcb6af6000,0x00007fdcb6bf7000)]

Other Threads:
=>0x00007fdcb0076000 VMThread [stack: 0x00007fdca83e4000,0x00007fdca84e5000] [id=4503]
  0x00007fdcb00ba800 WatcherThread [stack: 0x00007fdca33aa000,0x00007fdca34ab000] [id=4510]

VM state:at safepoint (normal execution)

VM Mutex/Monitor currently owned by a thread:  ([mutex/lock_event])
[0x00007fdcb0006370] ExpandHeap_lock - owner thread: 0x00007fdcb0076000
[0x00007fdcb00069f0] Threads_lock - owner thread: 0x00007fdcb0076000
[0x00007fdcb0006ef0] Heap_lock - owner thread: 0x00007fdcb01c0800

Heap
 PSYoungGen      total 246784K, used 0K [0x00000000eaa80000, 0x0000000100000000, 0x0000000100000000)
  eden space 143872K, 0% used [0x00000000eaa80000,0x00000000eaa80000,0x00000000f3700000)
  from space 102912K, 0% used [0x00000000f3700000,0x00000000f3700000,0x00000000f9b80000)
  to   space 98816K, 0% used [0x00000000f9f80000,0x00000000f9f80000,0x0000000100000000)
 ParOldGen       total 284672K, used 255208K [0x00000000c0000000, 0x00000000d1600000, 0x00000000eaa80000)
  object space 284672K, 89% used [0x00000000c0000000,0x00000000cf93a148,0x00000000d1600000)
 PSPermGen       total 21504K, used 6654K [0x00000000b5a00000, 0x00000000b6f00000, 0x00000000c0000000)
  object space 21504K, 30% used [0x00000000b5a00000,0x00000000b607fbc0,0x00000000b6f00000)

Card table byte_map: [0x00007fdcac367000,0x00007fdcac5bb000] byte_map_base: 0x00007fdcabdba000

Polling page: 0x00007fdcb6c1a000

Code Cache  [0x00007fdcac5bb000, 0x00007fdcaca2b000, 0x00007fdcaf5bb000)
 total_blobs=1442 nmethods=1211 adapters=184 free_code_cache=44669Kb largest_free_block=45679232

Compilation events (10 events):
Event: 22,918 Thread 0x00007fdcb00ad800 1248             java.util.HashMap$KeyIterator::next (8 bytes)
Event: 22,924 Thread 0x00007fdcb00ad800 nmethod 1248 0x00007fdcaca1f990 code [0x00007fdcaca1fae0, 0x00007fdcaca1fd18]
Event: 22,924 Thread 0x00007fdcb00ad800 1249             com.android.dx.dex.code.OutputFinisher::getAllConstants (47 bytes)
Event: 22,933 Thread 0x00007fdcb00aa800 nmethod 1247 0x00007fdcaca25590 code [0x00007fdcaca25880, 0x00007fdcaca26980]
Event: 22,933 Thread 0x00007fdcb00aa800 1250             java.util.HashMap$Entry::getKey (5 bytes)
Event: 22,933 Thread 0x00007fdcb00aa800 nmethod 1250 0x00007fdcaca1fe90 code [0x00007fdcaca1ffc0, 0x00007fdcaca20018]
Event: 22,962 Thread 0x00007fdcb00ad800 nmethod 1249 0x00007fdcaca27a90 code [0x00007fdcaca27cc0, 0x00007fdcaca28560]
Event: 22,971 Thread 0x00007fdcb00aa800 1251             com.android.dx.dex.code.OutputFinisher::getAllConstants (47 bytes)
Event: 23,001 Thread 0x00007fdcb00aa800 nmethod 1251 0x00007fdcaca294d0 code [0x00007fdcaca29700, 0x00007fdcaca29f40]
Event: 23,014 Thread 0x00007fdcb00ad800 1252             com.android.dx.dex.code.StdCatchBuilder::getCatchTypes (97 bytes)

GC Heap History (10 events):
Event: 19,169 GC heap after
Heap after GC invocations=14 (full 2):
 PSYoungGen      total 252416K, used 64485K [0x00000000eaa80000, 0x0000000100000000, 0x0000000100000000)
  eden space 187904K, 0% used [0x00000000eaa80000,0x00000000eaa80000,0x00000000f6200000)
  from space 64512K, 99% used [0x00000000fc100000,0x00000000ffff97a8,0x0000000100000000)
  to   space 80896K, 0% used [0x00000000f6200000,0x00000000f6200000,0x00000000fb100000)
 ParOldGen       total 173056K, used 112939K [0x00000000c0000000, 0x00000000ca900000, 0x00000000eaa80000)
  object space 173056K, 65% used [0x00000000c0000000,0x00000000c6e4ac48,0x00000000ca900000)
 PSPermGen       total 21504K, used 6577K [0x00000000b5a00000, 0x00000000b6f00000, 0x00000000c0000000)
  object space 21504K, 30% used [0x00000000b5a00000,0x00000000b606c590,0x00000000b6f00000)
}
Event: 19,785 GC heap before
{Heap before GC invocations=15 (full 2):
 PSYoungGen      total 252416K, used 252389K [0x00000000eaa80000, 0x0000000100000000, 0x0000000100000000)
  eden space 187904K, 100% used [0x00000000eaa80000,0x00000000f6200000,0x00000000f6200000)
  from space 64512K, 99% used [0x00000000fc100000,0x00000000ffff97a8,0x0000000100000000)
  to   space 80896K, 0% used [0x00000000f6200000,0x00000000f6200000,0x00000000fb100000)
 ParOldGen       total 173056K, used 112939K [0x00000000c0000000, 0x00000000ca900000, 0x00000000eaa80000)
  object space 173056K, 65% used [0x00000000c0000000,0x00000000c6e4ac48,0x00000000ca900000)
 PSPermGen       total 21504K, used 6581K [0x00000000b5a00000, 0x00000000b6f00000, 0x00000000c0000000)
  object space 21504K, 30% used [0x00000000b5a00000,0x00000000b606d528,0x00000000b6f00000)
Event: 19,894 GC heap after
Heap after GC invocations=15 (full 2):
 PSYoungGen      total 268800K, used 80868K [0x00000000eaa80000, 0x0000000100000000, 0x0000000100000000)
  eden space 187904K, 0% used [0x00000000eaa80000,0x00000000eaa80000,0x00000000f6200000)
  from space 80896K, 99% used [0x00000000f6200000,0x00000000fb0f93d8,0x00000000fb100000)
  to   space 80896K, 0% used [0x00000000fb100000,0x00000000fb100000,0x0000000100000000)
 ParOldGen       total 173056K, used 128089K [0x00000000c0000000, 0x00000000ca900000, 0x00000000eaa80000)
  object space 173056K, 74% used [0x00000000c0000000,0x00000000c7d166a0,0x00000000ca900000)
 PSPermGen       total 21504K, used 6581K [0x00000000b5a00000, 0x00000000b6f00000, 0x00000000c0000000)
  object space 21504K, 30% used [0x00000000b5a00000,0x00000000b606d528,0x00000000b6f00000)
}
Event: 20,524 GC heap before
{Heap before GC invocations=16 (full 2):
 PSYoungGen      total 268800K, used 268772K [0x00000000eaa80000, 0x0000000100000000, 0x0000000100000000)
  eden space 187904K, 100% used [0x00000000eaa80000,0x00000000f6200000,0x00000000f6200000)
  from space 80896K, 99% used [0x00000000f6200000,0x00000000fb0f93d8,0x00000000fb100000)
  to   space 80896K, 0% used [0x00000000fb100000,0x00000000fb100000,0x0000000100000000)
 ParOldGen       total 173056K, used 128089K [0x00000000c0000000, 0x00000000ca900000, 0x00000000eaa80000)
  object space 173056K, 74% used [0x00000000c0000000,0x00000000c7d166a0,0x00000000ca900000)
 PSPermGen       total 21504K, used 6587K [0x00000000b5a00000, 0x00000000b6f00000, 0x00000000c0000000)
  object space 21504K, 30% used [0x00000000b5a00000,0x00000000b606ec30,0x00000000b6f00000)
Event: 20,675 GC heap after
Heap after GC invocations=16 (full 2):
 PSYoungGen      total 224768K, used 59412K [0x00000000eaa80000, 0x0000000100000000, 0x0000000100000000)
  eden space 143872K, 0% used [0x00000000eaa80000,0x00000000eaa80000,0x00000000f3700000)
  from space 80896K, 73% used [0x00000000fb100000,0x00000000feb051c8,0x0000000100000000)
  to   space 102912K, 0% used [0x00000000f3700000,0x00000000f3700000,0x00000000f9b80000)
 ParOldGen       total 180224K, used 180122K [0x00000000c0000000, 0x00000000cb000000, 0x00000000eaa80000)
  object space 180224K, 99% used [0x00000000c0000000,0x00000000cafe6b68,0x00000000cb000000)
 PSPermGen       total 21504K, used 6587K [0x00000000b5a00000, 0x00000000b6f00000, 0x00000000c0000000)
  object space 21504K, 30% used [0x00000000b5a00000,0x00000000b606ec30,0x00000000b6f00000)
}
Event: 20,675 GC heap before
{Heap before GC invocations=17 (full 3):
 PSYoungGen      total 224768K, used 59412K [0x00000000eaa80000, 0x0000000100000000, 0x0000000100000000)
  eden space 143872K, 0% used [0x00000000eaa80000,0x00000000eaa80000,0x00000000f3700000)
  from space 80896K, 73% used [0x00000000fb100000,0x00000000feb051c8,0x0000000100000000)
  to   space 102912K, 0% used [0x00000000f3700000,0x00000000f3700000,0x00000000f9b80000)
 ParOldGen       total 180224K, used 180122K [0x00000000c0000000, 0x00000000cb000000, 0x00000000eaa80000)
  object space 180224K, 99% used [0x00000000c0000000,0x00000000cafe6b68,0x00000000cb000000)
 PSPermGen       total 21504K, used 6587K [0x00000000b5a00000, 0x00000000b6f00000, 0x00000000c0000000)
  object space 21504K, 30% used [0x00000000b5a00000,0x00000000b606ec30,0x00000000b6f00000)
Event: 21,895 GC heap after
Heap after GC invocations=17 (full 3):
 PSYoungGen      total 224768K, used 54492K [0x00000000eaa80000, 0x0000000100000000, 0x0000000100000000)
  eden space 143872K, 0% used [0x00000000eaa80000,0x00000000eaa80000,0x00000000f3700000)
  from space 80896K, 67% used [0x00000000fb100000,0x00000000fe637298,0x0000000100000000)
  to   space 102912K, 0% used [0x00000000f3700000,0x00000000f3700000,0x00000000f9b80000)
 ParOldGen       total 284672K, used 180003K [0x00000000c0000000, 0x00000000d1600000, 0x00000000eaa80000)
  object space 284672K, 63% used [0x00000000c0000000,0x00000000cafc8c78,0x00000000d1600000)
 PSPermGen       total 21504K, used 6586K [0x00000000b5a00000, 0x00000000b6f00000, 0x00000000c0000000)
  object space 21504K, 30% used [0x00000000b5a00000,0x00000000b606e910,0x00000000b6f00000)
}
Event: 23,019 GC heap before
{Heap before GC invocations=18 (full 3):
 PSYoungGen      total 224768K, used 198364K [0x00000000eaa80000, 0x0000000100000000, 0x0000000100000000)
  eden space 143872K, 100% used [0x00000000eaa80000,0x00000000f3700000,0x00000000f3700000)
  from space 80896K, 67% used [0x00000000fb100000,0x00000000fe637298,0x0000000100000000)
  to   space 102912K, 0% used [0x00000000f3700000,0x00000000f3700000,0x00000000f9b80000)
 ParOldGen       total 284672K, used 180003K [0x00000000c0000000, 0x00000000d1600000, 0x00000000eaa80000)
  object space 284672K, 63% used [0x00000000c0000000,0x00000000cafc8c78,0x00000000d1600000)
 PSPermGen       total 21504K, used 6655K [0x00000000b5a00000, 0x00000000b6f00000, 0x00000000c0000000)
  object space 21504K, 30% used [0x00000000b5a00000,0x00000000b607fcd0,0x00000000b6f00000)
Event: 23,229 GC heap after
Heap after GC invocations=18 (full 3):
 PSYoungGen      total 246784K, used 24035K [0x00000000eaa80000, 0x0000000100000000, 0x0000000100000000)
  eden space 143872K, 0% used [0x00000000eaa80000,0x00000000eaa80000,0x00000000f3700000)
  from space 102912K, 23% used [0x00000000f3700000,0x00000000f4e78f78,0x00000000f9b80000)
  to   space 98816K, 0% used [0x00000000f9f80000,0x00000000f9f80000,0x0000000100000000)
 ParOldGen       total 284672K, used 233729K [0x00000000c0000000, 0x00000000d1600000, 0x00000000eaa80000)
  object space 284672K, 82% used [0x00000000c0000000,0x00000000ce440798,0x00000000d1600000)
 PSPermGen       total 21504K, used 6655K [0x00000000b5a00000, 0x00000000b6f00000, 0x00000000c0000000)
  object space 21504K, 30% used [0x00000000b5a00000,0x00000000b607fcd0,0x00000000b6f00000)
}
Event: 23,229 GC heap before
{Heap before GC invocations=19 (full 4):
 PSYoungGen      total 246784K, used 24035K [0x00000000eaa80000, 0x0000000100000000, 0x0000000100000000)
  eden space 143872K, 0% used [0x00000000eaa80000,0x00000000eaa80000,0x00000000f3700000)
  from space 102912K, 23% used [0x00000000f3700000,0x00000000f4e78f78,0x00000000f9b80000)
  to   space 98816K, 0% used [0x00000000f9f80000,0x00000000f9f80000,0x0000000100000000)
 ParOldGen       total 284672K, used 233729K [0x00000000c0000000, 0x00000000d1600000, 0x00000000eaa80000)
  object space 284672K, 82% used [0x00000000c0000000,0x00000000ce440798,0x00000000d1600000)
 PSPermGen       total 21504K, used 6655K [0x00000000b5a00000, 0x00000000b6f00000, 0x00000000c0000000)
  object space 21504K, 30% used [0x00000000b5a00000,0x00000000b607fcd0,0x00000000b6f00000)

Deoptimization events (10 events):
Event: 22,204 Thread 0x00007fdcb01d3800 Uncommon trap: reason=unstable_if action=reinterpret pc=0x00007fdcac9313b0 method=com.android.dx.rop.code.AccessFlags.isNative(I)Z @ 5
Event: 22,271 Thread 0x00007fdcb000a800 Uncommon trap: reason=unstable_if action=reinterpret pc=0x00007fdcac9184a4 method=com.android.dx.ssa.InterferenceRegisterMapper.areAnyPinned(Lcom/android/dx/rop/code/RegisterSpecList;II)Z @ 55
Event: 22,523 Thread 0x00007fdcb01d2000 Uncommon trap: reason=bimorphic action=maybe_recompile pc=0x00007fdcac859668 method=com.android.dx.ssa.back.FirstFitLocalCombiningAllocator.findNextUnreservedRopReg(IILcom/android/dx/ssa/back/FirstFitLocalCombiningAllocator$Alignment;)I @ 60
Event: 22,542 Thread 0x00007fdcb000a800 Uncommon trap: reason=unstable_if action=reinterpret pc=0x00007fdcac9c5ebc method=java.util.concurrent.locks.ReentrantLock$Sync.tryRelease(I)Z @ 28
Event: 22,548 Thread 0x00007fdcb000a800 Uncommon trap: reason=unstable_if action=reinterpret pc=0x00007fdcac9a9610 method=java.util.concurrent.locks.ReentrantLock$Sync.tryRelease(I)Z @ 28
Event: 22,548 Thread 0x00007fdcb000a800 Uncommon trap: reason=unstable_if action=reinterpret pc=0x00007fdcac9cc064 method=java.util.concurrent.locks.AbstractQueuedSynchronizer.release(I)Z @ 5
Event: 22,858 Thread 0x00007fdcb01c0800 Uncommon trap: reason=unstable_if action=reinterpret pc=0x00007fdcaca025bc method=com.android.dx.dex.code.OutputFinisher.addConstants(Ljava/util/HashSet;Lcom/android/dx/rop/code/RegisterSpec;)V @ 57
Event: 22,880 Thread 0x00007fdcb01c0800 Uncommon trap: reason=unstable_if action=reinterpret pc=0x00007fdcaca162a4 method=com.android.dx.dex.code.OutputFinisher.addConstants(Ljava/util/HashSet;Lcom/android/dx/rop/code/RegisterSpec;)V @ 57
Event: 22,967 Thread 0x00007fdcb01c0800 Uncommon trap: reason=unstable_if action=reinterpret pc=0x00007fdcaca28398 method=com.android.dx.dex.code.OutputFinisher.addConstants(Ljava/util/HashSet;Lcom/android/dx/rop/code/RegisterSpec;)V @ 32
Event: 22,982 Thread 0x00007fdcb01c0800 Uncommon trap: reason=unstable_if action=reinterpret pc=0x00007fdcaca21fd0 method=com.android.dx.dex.code.OutputFinisher.addConstants(Ljava/util/HashSet;Lcom/android/dx/rop/code/RegisterSpec;)V @ 32

Internal exceptions (10 events):
Event: 6,944 Thread 0x00007fdcb000a800 Implicit null exception at 0x00007fdcac6e393d to 0x00007fdcac6e4189
Event: 11,224 Thread 0x00007fdcb000a800 Implicit null exception at 0x00007fdcac7e7331 to 0x00007fdcac7e9161
Event: 12,268 Thread 0x00007fdcb000a800 Threw 0x00000000ec6dfad8 at /build/openjdk-7-9duhBW/openjdk-7-7u101-2.6.6/build/openjdk/hotspot/src/share/vm/prims/jvm.cpp:1322
Event: 12,480 Thread 0x00007fdcb000a800 Implicit null exception at 0x00007fdcac71fed9 to 0x00007fdcac722221
Event: 13,121 Thread 0x00007fdcb000a800 Threw 0x00000000f0cf5510 at /build/openjdk-7-9duhBW/openjdk-7-7u101-2.6.6/build/openjdk/hotspot/src/share/vm/prims/jvm.cpp:1322
Event: 18,054 Thread 0x00007fdcb01d3800 Threw 0x00000000f504bcd8 at /build/openjdk-7-9duhBW/openjdk-7-7u101-2.6.6/build/openjdk/hotspot/src/share/vm/prims/jvm.cpp:1322
Event: 19,471 Thread 0x00007fdcb01c0800 Implicit null exception at 0x00007fdcac850629 to 0x00007fdcac851205
Event: 22,549 Thread 0x00007fdcb000a800 Threw 0x00000000f2d4db68 at /build/openjdk-7-9duhBW/openjdk-7-7u101-2.6.6/build/openjdk/hotspot/src/share/vm/prims/jvm.cpp:1322
Event: 22,565 Thread 0x00007fdcb01c0800 Threw 0x00000000f30c3448 at /build/openjdk-7-9duhBW/openjdk-7-7u101-2.6.6/build/openjdk/hotspot/src/share/vm/prims/jvm.cpp:1322
Event: 22,875 Thread 0x00007fdcb01c0800 Threw 0x00000000f33143e8 at /build/openjdk-7-9duhBW/openjdk-7-7u101-2.6.6/build/openjdk/hotspot/src/share/vm/prims/jvm.cpp:1322

Events (10 events):
Event: 22,879 Thread 0x00007fdcb01c0800 Uncommon trap: trap_request=0xffffff75 fr.pc=0x00007fdcaca162a4
Event: 22,880 Thread 0x00007fdcb01c0800 DEOPT PACKING pc=0x00007fdcaca162a4 sp=0x00007fdca1b293d0
Event: 22,880 Thread 0x00007fdcb01c0800 DEOPT UNPACKING pc=0x00007fdcac5f4445 sp=0x00007fdca1b292b8 mode 2
Event: 22,967 Thread 0x00007fdcb01c0800 Uncommon trap: trap_request=0xffffff75 fr.pc=0x00007fdcaca28398
Event: 22,967 Thread 0x00007fdcb01c0800 DEOPT PACKING pc=0x00007fdcaca28398 sp=0x00007fdca1b29450
Event: 22,967 Thread 0x00007fdcb01c0800 DEOPT UNPACKING pc=0x00007fdcac5f4445 sp=0x00007fdca1b29328 mode 2
Event: 22,982 Thread 0x00007fdcb01c0800 Uncommon trap: trap_request=0xffffff75 fr.pc=0x00007fdcaca21fd0
Event: 22,982 Thread 0x00007fdcb01c0800 DEOPT PACKING pc=0x00007fdcaca21fd0 sp=0x00007fdca1b29460
Event: 22,982 Thread 0x00007fdcb01c0800 DEOPT UNPACKING pc=0x00007fdcac5f4445 sp=0x00007fdca1b29328 mode 2
Event: 23,018 Executing VM operation: ParallelGCFailedAllocation


Dynamic libraries:
00400000-00401000 r-xp 00000000 08:06 1440510                            /usr/lib/jvm/java-7-openjdk-amd64/jre/bin/java
00600000-00601000 r--p 00000000 08:06 1440510                            /usr/lib/jvm/java-7-openjdk-amd64/jre/bin/java
00601000-00602000 rw-p 00001000 08:06 1440510                            /usr/lib/jvm/java-7-openjdk-amd64/jre/bin/java
00cc1000-00ce2000 rw-p 00000000 00:00 0                                  [heap]
b5a00000-b6f00000 rw-p 00000000 00:00 0 
b6f00000-c0000000 rw-p 00000000 00:00 0 
c0000000-d1600000 rw-p 00000000 00:00 0 
d8580000-eaa80000 rw-p 00000000 00:00 0 
eaa80000-100000000 rw-p 00000000 00:00 0 
7fdc5c000000-7fdc5c02f000 rw-p 00000000 00:00 0 
7fdc5c02f000-7fdc60000000 ---p 00000000 00:00 0 
7fdc60000000-7fdc60021000 rw-p 00000000 00:00 0 
7fdc60021000-7fdc64000000 ---p 00000000 00:00 0 
7fdc64000000-7fdc64021000 rw-p 00000000 00:00 0 
7fdc64021000-7fdc68000000 ---p 00000000 00:00 0 
7fdc68000000-7fdc6802e000 rw-p 00000000 00:00 0 
7fdc6802e000-7fdc6c000000 ---p 00000000 00:00 0 
7fdc6c000000-7fdc6c021000 rw-p 00000000 00:00 0 
7fdc6c021000-7fdc70000000 ---p 00000000 00:00 0 
7fdc70000000-7fdc7003a000 rw-p 00000000 00:00 0 
7fdc7003a000-7fdc74000000 ---p 00000000 00:00 0 
7fdc74000000-7fdc75892000 rw-p 00000000 00:00 0 
7fdc75892000-7fdc78000000 ---p 00000000 00:00 0 
7fdc78000000-7fdc78021000 rw-p 00000000 00:00 0 
7fdc78021000-7fdc7c000000 ---p 00000000 00:00 0 
7fdc7c000000-7fdc7c021000 rw-p 00000000 00:00 0 
7fdc7c021000-7fdc80000000 ---p 00000000 00:00 0 
7fdc80000000-7fdc817d9000 rw-p 00000000 00:00 0 
7fdc817d9000-7fdc84000000 ---p 00000000 00:00 0 
7fdc84000000-7fdc84021000 rw-p 00000000 00:00 0 
7fdc84021000-7fdc88000000 ---p 00000000 00:00 0 
7fdc88000000-7fdc88021000 rw-p 00000000 00:00 0 
7fdc88021000-7fdc8c000000 ---p 00000000 00:00 0 
7fdc8c000000-7fdc8c021000 rw-p 00000000 00:00 0 
7fdc8c021000-7fdc90000000 ---p 00000000 00:00 0 
7fdc90000000-7fdc90021000 rw-p 00000000 00:00 0 
7fdc90021000-7fdc94000000 ---p 00000000 00:00 0 
7fdc94000000-7fdc94021000 rw-p 00000000 00:00 0 
7fdc94021000-7fdc98000000 ---p 00000000 00:00 0 
7fdc9c000000-7fdc9c021000 rw-p 00000000 00:00 0 
7fdc9c021000-7fdca0000000 ---p 00000000 00:00 0 
7fdca1727000-7fdca172a000 ---p 00000000 00:00 0 
7fdca172a000-7fdca1828000 rw-p 00000000 00:00 0 
7fdca1828000-7fdca182b000 ---p 00000000 00:00 0 
7fdca182b000-7fdca1929000 rw-p 00000000 00:00 0 
7fdca1929000-7fdca192c000 ---p 00000000 00:00 0 
7fdca192c000-7fdca1a2a000 rw-p 00000000 00:00 0 
7fdca1a2a000-7fdca1a2d000 ---p 00000000 00:00 0 
7fdca1a2d000-7fdca1b2b000 rw-p 00000000 00:00 0                          [stack:4559]
7fdca1b2b000-7fdca1b2e000 ---p 00000000 00:00 0 
7fdca1b2e000-7fdca1c2c000 rw-p 00000000 00:00 0 
7fdca1c2c000-7fdca1c69000 r-xp 00000000 08:06 130821                     /lib/x86_64-linux-gnu/libpcre.so.3.13.1
7fdca1c69000-7fdca1e68000 ---p 0003d000 08:06 130821                     /lib/x86_64-linux-gnu/libpcre.so.3.13.1
7fdca1e68000-7fdca1e69000 r--p 0003c000 08:06 130821                     /lib/x86_64-linux-gnu/libpcre.so.3.13.1
7fdca1e69000-7fdca1e6a000 rw-p 0003d000 08:06 130821                     /lib/x86_64-linux-gnu/libpcre.so.3.13.1
7fdca1e6a000-7fdca1e71000 r-xp 00000000 08:06 1447540                    /usr/lib/x86_64-linux-gnu/libffi.so.6.0.1
7fdca1e71000-7fdca2070000 ---p 00007000 08:06 1447540                    /usr/lib/x86_64-linux-gnu/libffi.so.6.0.1
7fdca2070000-7fdca2071000 r--p 00006000 08:06 1447540                    /usr/lib/x86_64-linux-gnu/libffi.so.6.0.1
7fdca2071000-7fdca2072000 rw-p 00007000 08:06 1447540                    /usr/lib/x86_64-linux-gnu/libffi.so.6.0.1
7fdca2072000-7fdca2089000 r-xp 00000000 08:06 134868                     /lib/x86_64-linux-gnu/libresolv-2.19.so
7fdca2089000-7fdca2289000 ---p 00017000 08:06 134868                     /lib/x86_64-linux-gnu/libresolv-2.19.so
7fdca2289000-7fdca228a000 r--p 00017000 08:06 134868                     /lib/x86_64-linux-gnu/libresolv-2.19.so
7fdca228a000-7fdca228b000 rw-p 00018000 08:06 134868                     /lib/x86_64-linux-gnu/libresolv-2.19.so
7fdca228b000-7fdca228d000 rw-p 00000000 00:00 0 
7fdca228d000-7fdca22ad000 r-xp 00000000 08:06 135079                     /lib/x86_64-linux-gnu/libselinux.so.1
7fdca22ad000-7fdca24ac000 ---p 00020000 08:06 135079                     /lib/x86_64-linux-gnu/libselinux.so.1
7fdca24ac000-7fdca24ad000 r--p 0001f000 08:06 135079                     /lib/x86_64-linux-gnu/libselinux.so.1
7fdca24ad000-7fdca24ae000 rw-p 00020000 08:06 135079                     /lib/x86_64-linux-gnu/libselinux.so.1
7fdca24ae000-7fdca24b0000 rw-p 00000000 00:00 0 
7fdca24b0000-7fdca24b3000 r-xp 00000000 08:06 1439340                    /usr/lib/x86_64-linux-gnu/libgmodule-2.0.so.0.4002.0
7fdca24b3000-7fdca26b2000 ---p 00003000 08:06 1439340                    /usr/lib/x86_64-linux-gnu/libgmodule-2.0.so.0.4002.0
7fdca26b2000-7fdca26b3000 r--p 00002000 08:06 1439340                    /usr/lib/x86_64-linux-gnu/libgmodule-2.0.so.0.4002.0
7fdca26b3000-7fdca26b4000 rw-p 00003000 08:06 1439340                    /usr/lib/x86_64-linux-gnu/libgmodule-2.0.so.0.4002.0
7fdca26b4000-7fdca27ba000 r-xp 00000000 08:06 134871                     /lib/x86_64-linux-gnu/libglib-2.0.so.0.4002.0
7fdca27ba000-7fdca29b9000 ---p 00106000 08:06 134871                     /lib/x86_64-linux-gnu/libglib-2.0.so.0.4002.0
7fdca29b9000-7fdca29ba000 r--p 00105000 08:06 134871                     /lib/x86_64-linux-gnu/libglib-2.0.so.0.4002.0
7fdca29ba000-7fdca29bb000 rw-p 00106000 08:06 134871                     /lib/x86_64-linux-gnu/libglib-2.0.so.0.4002.0
7fdca29bb000-7fdca29bc000 rw-p 00000000 00:00 0 
7fdca29bc000-7fdca2a0b000 r-xp 00000000 08:06 1439358                    /usr/lib/x86_64-linux-gnu/libgobject-2.0.so.0.4002.0
7fdca2a0b000-7fdca2c0b000 ---p 0004f000 08:06 1439358                    /usr/lib/x86_64-linux-gnu/libgobject-2.0.so.0.4002.0
7fdca2c0b000-7fdca2c0c000 r--p 0004f000 08:06 1439358                    /usr/lib/x86_64-linux-gnu/libgobject-2.0.so.0.4002.0
7fdca2c0c000-7fdca2c0d000 rw-p 00050000 08:06 1439358                    /usr/lib/x86_64-linux-gnu/libgobject-2.0.so.0.4002.0
7fdca2c0d000-7fdca2d79000 r-xp 00000000 08:06 1439362                    /usr/lib/x86_64-linux-gnu/libgio-2.0.so.0.4002.0
7fdca2d79000-7fdca2f78000 ---p 0016c000 08:06 1439362                    /usr/lib/x86_64-linux-gnu/libgio-2.0.so.0.4002.0
7fdca2f78000-7fdca2f7c000 r--p 0016b000 08:06 1439362                    /usr/lib/x86_64-linux-gnu/libgio-2.0.so.0.4002.0
7fdca2f7c000-7fdca2f7e000 rw-p 0016f000 08:06 1439362                    /usr/lib/x86_64-linux-gnu/libgio-2.0.so.0.4002.0
7fdca2f7e000-7fdca2f80000 rw-p 00000000 00:00 0 
7fdca2f80000-7fdca2f97000 r-xp 00000000 08:06 1489678                    /usr/lib/jvm/java-7-openjdk-amd64/jre/lib/amd64/libnet.so
7fdca2f97000-7fdca3196000 ---p 00017000 08:06 1489678                    /usr/lib/jvm/java-7-openjdk-amd64/jre/lib/amd64/libnet.so
7fdca3196000-7fdca3197000 r--p 00016000 08:06 1489678                    /usr/lib/jvm/java-7-openjdk-amd64/jre/lib/amd64/libnet.so
7fdca3197000-7fdca3198000 rw-p 00017000 08:06 1489678                    /usr/lib/jvm/java-7-openjdk-amd64/jre/lib/amd64/libnet.so
7fdca3198000-7fdca31a8000 r-xp 00000000 08:06 1489700                    /usr/lib/jvm/java-7-openjdk-amd64/jre/lib/amd64/libnio.so
7fdca31a8000-7fdca33a8000 ---p 00010000 08:06 1489700                    /usr/lib/jvm/java-7-openjdk-amd64/jre/lib/amd64/libnio.so
7fdca33a8000-7fdca33a9000 r--p 00010000 08:06 1489700                    /usr/lib/jvm/java-7-openjdk-amd64/jre/lib/amd64/libnio.so
7fdca33a9000-7fdca33aa000 rw-p 00011000 08:06 1489700                    /usr/lib/jvm/java-7-openjdk-amd64/jre/lib/amd64/libnio.so
7fdca33aa000-7fdca33ab000 ---p 00000000 00:00 0 
7fdca33ab000-7fdca34ab000 rw-p 00000000 00:00 0                          [stack:4510]
7fdca34ab000-7fdca34ae000 ---p 00000000 00:00 0 
7fdca34ae000-7fdca35ac000 rw-p 00000000 00:00 0                          [stack:4509]
7fdca35ac000-7fdca35af000 ---p 00000000 00:00 0 
7fdca35af000-7fdca36ad000 rw-p 00000000 00:00 0                          [stack:4508]
7fdca36ad000-7fdca36b0000 ---p 00000000 00:00 0 
7fdca36b0000-7fdca37ae000 rw-p 00000000 00:00 0                          [stack:4507]
7fdca37ae000-7fdca4000000 r--p 00000000 08:06 1447082                    /usr/lib/locale/locale-archive
7fdca4000000-7fdca4021000 rw-p 00000000 00:00 0 
7fdca4021000-7fdca8000000 ---p 00000000 00:00 0 
7fdca804e000-7fdca807f000 rw-p 00000000 00:00 0 
7fdca80e1000-7fdca80e4000 ---p 00000000 00:00 0 
7fdca80e4000-7fdca81e2000 rw-p 00000000 00:00 0                          [stack:4506]
7fdca81e2000-7fdca81e5000 ---p 00000000 00:00 0 
7fdca81e5000-7fdca82e3000 rw-p 00000000 00:00 0                          [stack:4505]
7fdca82e3000-7fdca82e6000 ---p 00000000 00:00 0 
7fdca82e6000-7fdca83e4000 rw-p 00000000 00:00 0                          [stack:4504]
7fdca83e4000-7fdca83e5000 ---p 00000000 00:00 0 
7fdca83e5000-7fdca94e2000 rw-p 00000000 00:00 0                          [stack:4503]
7fdca94e2000-7fdca9694000 r--s 01d32000 08:06 1489713                    /usr/lib/jvm/java-7-openjdk-amd64/jre/lib/rt.jar
7fdca9694000-7fdcabf10000 rw-p 00000000 00:00 0 
7fdcabf10000-7fdcabf11000 ---p 00000000 00:00 0 
7fdcabf11000-7fdcac011000 rw-p 00000000 00:00 0                          [stack:4502]
7fdcac011000-7fdcac012000 ---p 00000000 00:00 0 
7fdcac012000-7fdcac112000 rw-p 00000000 00:00 0                          [stack:4501]
7fdcac112000-7fdcac113000 ---p 00000000 00:00 0 
7fdcac113000-7fdcac213000 rw-p 00000000 00:00 0                          [stack:4500]
7fdcac213000-7fdcac214000 ---p 00000000 00:00 0 
7fdcac214000-7fdcac31f000 rw-p 00000000 00:00 0                          [stack:4499]
7fdcac31f000-7fdcac367000 rw-p 00000000 00:00 0 
7fdcac367000-7fdcac372000 rw-p 00000000 00:00 0 
7fdcac372000-7fdcac3ba000 rw-p 00000000 00:00 0 
7fdcac3ba000-7fdcac445000 rw-p 00000000 00:00 0 
7fdcac445000-7fdcac50f000 rw-p 00000000 00:00 0 
7fdcac50f000-7fdcac5ba000 rw-p 00000000 00:00 0 
7fdcac5ba000-7fdcac5bb000 rw-p 00000000 00:00 0 
7fdcac5bb000-7fdcaca2b000 rwxp 00000000 00:00 0 
7fdcaca2b000-7fdcaf5bb000 rw-p 00000000 00:00 0 
7fdcaf5bb000-7fdcaf5c3000 r-xp 00000000 08:06 1489684                    /usr/lib/jvm/java-7-openjdk-amd64/jre/lib/amd64/libzip.so
7fdcaf5c3000-7fdcaf7c2000 ---p 00008000 08:06 1489684                    /usr/lib/jvm/java-7-openjdk-amd64/jre/lib/amd64/libzip.so
7fdcaf7c2000-7fdcaf7c3000 r--p 00007000 08:06 1489684                    /usr/lib/jvm/java-7-openjdk-amd64/jre/lib/amd64/libzip.so
7fdcaf7c3000-7fdcaf7c4000 rw-p 00008000 08:06 1489684                    /usr/lib/jvm/java-7-openjdk-amd64/jre/lib/amd64/libzip.so
7fdcaf7c4000-7fdcaf7cf000 r-xp 00000000 08:06 184225                     /lib/x86_64-linux-gnu/libnss_files-2.19.so
7fdcaf7cf000-7fdcaf9ce000 ---p 0000b000 08:06 184225                     /lib/x86_64-linux-gnu/libnss_files-2.19.so
7fdcaf9ce000-7fdcaf9cf000 r--p 0000a000 08:06 184225                     /lib/x86_64-linux-gnu/libnss_files-2.19.so
7fdcaf9cf000-7fdcaf9d0000 rw-p 0000b000 08:06 184225                     /lib/x86_64-linux-gnu/libnss_files-2.19.so
7fdcaf9d0000-7fdcaf9db000 r-xp 00000000 08:06 145746                     /lib/x86_64-linux-gnu/libnss_nis-2.19.so
7fdcaf9db000-7fdcafbda000 ---p 0000b000 08:06 145746                     /lib/x86_64-linux-gnu/libnss_nis-2.19.so
7fdcafbda000-7fdcafbdb000 r--p 0000a000 08:06 145746                     /lib/x86_64-linux-gnu/libnss_nis-2.19.so
7fdcafbdb000-7fdcafbdc000 rw-p 0000b000 08:06 145746                     /lib/x86_64-linux-gnu/libnss_nis-2.19.so
7fdcafbdc000-7fdcafbf3000 r-xp 00000000 08:06 145742                     /lib/x86_64-linux-gnu/libnsl-2.19.so
7fdcafbf3000-7fdcafdf2000 ---p 00017000 08:06 145742                     /lib/x86_64-linux-gnu/libnsl-2.19.so
7fdcafdf2000-7fdcafdf3000 r--p 00016000 08:06 145742                     /lib/x86_64-linux-gnu/libnsl-2.19.so
7fdcafdf3000-7fdcafdf4000 rw-p 00017000 08:06 145742                     /lib/x86_64-linux-gnu/libnsl-2.19.so
7fdcafdf4000-7fdcafdf6000 rw-p 00000000 00:00 0 
7fdcafdf6000-7fdcafdff000 r-xp 00000000 08:06 145741                     /lib/x86_64-linux-gnu/libnss_compat-2.19.so
7fdcafdff000-7fdcafffe000 ---p 00009000 08:06 145741                     /lib/x86_64-linux-gnu/libnss_compat-2.19.so
7fdcafffe000-7fdcaffff000 r--p 00008000 08:06 145741                     /lib/x86_64-linux-gnu/libnss_compat-2.19.so
7fdcaffff000-7fdcb0000000 rw-p 00009000 08:06 145741                     /lib/x86_64-linux-gnu/libnss_compat-2.19.so
7fdcb0000000-7fdcb026a000 rw-p 00000000 00:00 0 
7fdcb026a000-7fdcb4000000 ---p 00000000 00:00 0 
7fdcb400f000-7fdcb401e000 r--s 000df000 08:06 3216701                    /home/tulin/Android/Sdk/build-tools/23.0.2/lib/dx.jar
7fdcb401e000-7fdcb40a9000 rw-p 00000000 00:00 0 
7fdcb40a9000-7fdcb4174000 rw-p 00000000 00:00 0 
7fdcb4174000-7fdcb419f000 r-xp 00000000 08:06 1449046                    /usr/lib/jvm/java-7-openjdk-amd64/jre/lib/amd64/libjava.so
7fdcb419f000-7fdcb439f000 ---p 0002b000 08:06 1449046                    /usr/lib/jvm/java-7-openjdk-amd64/jre/lib/amd64/libjava.so
7fdcb439f000-7fdcb43a0000 r--p 0002b000 08:06 1449046                    /usr/lib/jvm/java-7-openjdk-amd64/jre/lib/amd64/libjava.so
7fdcb43a0000-7fdcb43a2000 rw-p 0002c000 08:06 1449046                    /usr/lib/jvm/java-7-openjdk-amd64/jre/lib/amd64/libjava.so
7fdcb43a2000-7fdcb43b2000 r-xp 00000000 08:06 1454663                    /usr/lib/jvm/java-7-openjdk-amd64/jre/lib/amd64/libverify.so
7fdcb43b2000-7fdcb45b1000 ---p 00010000 08:06 1454663                    /usr/lib/jvm/java-7-openjdk-amd64/jre/lib/amd64/libverify.so
7fdcb45b1000-7fdcb45b3000 r--p 0000f000 08:06 1454663                    /usr/lib/jvm/java-7-openjdk-amd64/jre/lib/amd64/libverify.so
7fdcb45b3000-7fdcb45b4000 rw-p 00011000 08:06 1454663                    /usr/lib/jvm/java-7-openjdk-amd64/jre/lib/amd64/libverify.so
7fdcb45b4000-7fdcb45bb000 r-xp 00000000 08:06 148472                     /lib/x86_64-linux-gnu/librt-2.19.so
7fdcb45bb000-7fdcb47ba000 ---p 00007000 08:06 148472                     /lib/x86_64-linux-gnu/librt-2.19.so
7fdcb47ba000-7fdcb47bb000 r--p 00006000 08:06 148472                     /lib/x86_64-linux-gnu/librt-2.19.so
7fdcb47bb000-7fdcb47bc000 rw-p 00007000 08:06 148472                     /lib/x86_64-linux-gnu/librt-2.19.so
7fdcb47bc000-7fdcb47d2000 r-xp 00000000 08:06 131070                     /lib/x86_64-linux-gnu/libgcc_s.so.1
7fdcb47d2000-7fdcb49d1000 ---p 00016000 08:06 131070                     /lib/x86_64-linux-gnu/libgcc_s.so.1
7fdcb49d1000-7fdcb49d2000 rw-p 00015000 08:06 131070                     /lib/x86_64-linux-gnu/libgcc_s.so.1
7fdcb49d2000-7fdcb4ad7000 r-xp 00000000 08:06 135048                     /lib/x86_64-linux-gnu/libm-2.19.so
7fdcb4ad7000-7fdcb4cd6000 ---p 00105000 08:06 135048                     /lib/x86_64-linux-gnu/libm-2.19.so
7fdcb4cd6000-7fdcb4cd7000 r--p 00104000 08:06 135048                     /lib/x86_64-linux-gnu/libm-2.19.so
7fdcb4cd7000-7fdcb4cd8000 rw-p 00105000 08:06 135048                     /lib/x86_64-linux-gnu/libm-2.19.so
7fdcb4cd8000-7fdcb4dbe000 r-xp 00000000 08:06 1441242                    /usr/lib/x86_64-linux-gnu/libstdc++.so.6.0.19
7fdcb4dbe000-7fdcb4fbd000 ---p 000e6000 08:06 1441242                    /usr/lib/x86_64-linux-gnu/libstdc++.so.6.0.19
7fdcb4fbd000-7fdcb4fc5000 r--p 000e5000 08:06 1441242                    /usr/lib/x86_64-linux-gnu/libstdc++.so.6.0.19
7fdcb4fc5000-7fdcb4fc7000 rw-p 000ed000 08:06 1441242                    /usr/lib/x86_64-linux-gnu/libstdc++.so.6.0.19
7fdcb4fc7000-7fdcb4fdc000 rw-p 00000000 00:00 0 
7fdcb4fdc000-7fdcb5b01000 r-xp 00000000 08:06 1489682                    /usr/lib/jvm/java-7-openjdk-amd64/jre/lib/amd64/server/libjvm.so
7fdcb5b01000-7fdcb5d01000 ---p 00b25000 08:06 1489682                    /usr/lib/jvm/java-7-openjdk-amd64/jre/lib/amd64/server/libjvm.so
7fdcb5d01000-7fdcb5d9b000 r--p 00b25000 08:06 1489682                    /usr/lib/jvm/java-7-openjdk-amd64/jre/lib/amd64/server/libjvm.so
7fdcb5d9b000-7fdcb5dbe000 rw-p 00bbf000 08:06 1489682                    /usr/lib/jvm/java-7-openjdk-amd64/jre/lib/amd64/server/libjvm.so
7fdcb5dbe000-7fdcb5ded000 rw-p 00000000 00:00 0 
7fdcb5ded000-7fdcb5e05000 r-xp 00000000 08:06 135112                     /lib/x86_64-linux-gnu/libz.so.1.2.8
7fdcb5e05000-7fdcb6004000 ---p 00018000 08:06 135112                     /lib/x86_64-linux-gnu/libz.so.1.2.8
7fdcb6004000-7fdcb6005000 r--p 00017000 08:06 135112                     /lib/x86_64-linux-gnu/libz.so.1.2.8
7fdcb6005000-7fdcb6006000 rw-p 00018000 08:06 135112                     /lib/x86_64-linux-gnu/libz.so.1.2.8
7fdcb6006000-7fdcb601f000 r-xp 00000000 08:06 145743                     /lib/x86_64-linux-gnu/libpthread-2.19.so
7fdcb601f000-7fdcb621e000 ---p 00019000 08:06 145743                     /lib/x86_64-linux-gnu/libpthread-2.19.so
7fdcb621e000-7fdcb621f000 r--p 00018000 08:06 145743                     /lib/x86_64-linux-gnu/libpthread-2.19.so
7fdcb621f000-7fdcb6220000 rw-p 00019000 08:06 145743                     /lib/x86_64-linux-gnu/libpthread-2.19.so
7fdcb6220000-7fdcb6224000 rw-p 00000000 00:00 0 
7fdcb6224000-7fdcb6227000 r-xp 00000000 08:06 145738                     /lib/x86_64-linux-gnu/libdl-2.19.so
7fdcb6227000-7fdcb6426000 ---p 00003000 08:06 145738                     /lib/x86_64-linux-gnu/libdl-2.19.so
7fdcb6426000-7fdcb6427000 r--p 00002000 08:06 145738                     /lib/x86_64-linux-gnu/libdl-2.19.so
7fdcb6427000-7fdcb6428000 rw-p 00003000 08:06 145738                     /lib/x86_64-linux-gnu/libdl-2.19.so
7fdcb6428000-7fdcb65e3000 r-xp 00000000 08:06 148473                     /lib/x86_64-linux-gnu/libc-2.19.so
7fdcb65e3000-7fdcb67e2000 ---p 001bb000 08:06 148473                     /lib/x86_64-linux-gnu/libc-2.19.so
7fdcb67e2000-7fdcb67e6000 r--p 001ba000 08:06 148473                     /lib/x86_64-linux-gnu/libc-2.19.so
7fdcb67e6000-7fdcb67e8000 rw-p 001be000 08:06 148473                     /lib/x86_64-linux-gnu/libc-2.19.so
7fdcb67e8000-7fdcb67ed000 rw-p 00000000 00:00 0 
7fdcb67ed000-7fdcb67fa000 r-xp 00000000 08:06 1489697                    /usr/lib/jvm/java-7-openjdk-amd64/jre/lib/amd64/jli/libjli.so
7fdcb67fa000-7fdcb69f9000 ---p 0000d000 08:06 1489697                    /usr/lib/jvm/java-7-openjdk-amd64/jre/lib/amd64/jli/libjli.so
7fdcb69f9000-7fdcb69fa000 r--p 0000c000 08:06 1489697                    /usr/lib/jvm/java-7-openjdk-amd64/jre/lib/amd64/jli/libjli.so
7fdcb69fa000-7fdcb69fb000 rw-p 0000d000 08:06 1489697                    /usr/lib/jvm/java-7-openjdk-amd64/jre/lib/amd64/jli/libjli.so
7fdcb69fb000-7fdcb6a1e000 r-xp 00000000 08:06 145744                     /lib/x86_64-linux-gnu/ld-2.19.so
7fdcb6a1e000-7fdcb6a48000 rw-p 00000000 00:00 0 
7fdcb6a48000-7fdcb6af6000 rw-p 00000000 00:00 0 
7fdcb6af6000-7fdcb6af9000 ---p 00000000 00:00 0 
7fdcb6af9000-7fdcb6bfd000 rw-p 00000000 00:00 0                          [stack:4498]
7fdcb6bfd000-7fdcb6c00000 r--s 0000f000 08:06 1489726                    /usr/lib/jvm/java-7-openjdk-amd64/jre/lib/ext/icedtea-sound.jar
7fdcb6c00000-7fdcb6c02000 r--s 00012000 08:06 1489724                    /usr/lib/jvm/java-7-openjdk-amd64/jre/lib/ext/zipfs.jar
7fdcb6c02000-7fdcb6c03000 r--s 00002000 08:06 1489723                    /usr/lib/jvm/java-7-openjdk-amd64/jre/lib/ext/dnsns.jar
7fdcb6c03000-7fdcb6c05000 r--s 00006000 08:06 1840524                    /usr/share/java/java-atk-wrapper.jar
7fdcb6c05000-7fdcb6c09000 r--s 0003c000 08:06 1489728                    /usr/lib/jvm/java-7-openjdk-amd64/jre/lib/ext/sunpkcs11.jar
7fdcb6c09000-7fdcb6c0d000 r--s 00034000 08:06 1489725                    /usr/lib/jvm/java-7-openjdk-amd64/jre/lib/ext/sunjce_provider.jar
7fdcb6c0d000-7fdcb6c11000 r--s 00085000 08:06 1489727                    /usr/lib/jvm/java-7-openjdk-amd64/jre/lib/ext/localedata.jar
7fdcb6c11000-7fdcb6c19000 rw-s 00000000 08:06 1845940                    /tmp/hsperfdata_tulin/4494
7fdcb6c19000-7fdcb6c1a000 rw-p 00000000 00:00 0 
7fdcb6c1a000-7fdcb6c1b000 ---p 00000000 00:00 0 
7fdcb6c1b000-7fdcb6c1d000 rw-p 00000000 00:00 0 
7fdcb6c1d000-7fdcb6c1e000 r--p 00022000 08:06 145744                     /lib/x86_64-linux-gnu/ld-2.19.so
7fdcb6c1e000-7fdcb6c1f000 rw-p 00023000 08:06 145744                     /lib/x86_64-linux-gnu/ld-2.19.so
7fdcb6c1f000-7fdcb6c20000 rw-p 00000000 00:00 0 
7ffd1dc67000-7ffd1dc88000 rw-p 00000000 00:00 0                          [stack]
7ffd1dcd3000-7ffd1dcd5000 r-xp 00000000 00:00 0                          [vdso]
ffffffffff600000-ffffffffff601000 r-xp 00000000 00:00 0                  [vsyscall]

VM Arguments:
jvm_args: -Djava.awt.headless=true -Xmx1024M -Dfile.encoding=UTF-8 -Duser.country=US -Duser.language=en -Duser.variant 
java_command: com.android.dx.command.Main --dex --num-threads=4 --multi-dex --main-dex-list /home/tulin/AndroidStudioProjects/CamApp/app/build/intermediates/multi-dex/debug/maindexlist.txt --output /home/tulin/AndroidStudioProjects/CamApp/app/build/intermediates/transforms/dex/debug/folders/1000/1f/main /home/tulin/AndroidStudioProjects/CamApp/app/build/intermediates/transforms/jarMerging/debug/jars/1/1f/combined.jar
Launcher Type: SUN_STANDARD

Environment Variables:
PATH=/usr/local/sbin:/usr/local/bin:/usr/sbin:/usr/bin:/sbin:/bin:/usr/games:/usr/local/games
SHELL=/bin/bash
DISPLAY=:0

Signal Handlers:
SIGSEGV: [libjvm.so+0x9561e0], sa_mask[0]=0x7ffbfeff, sa_flags=0x10000004
SIGBUS: [libjvm.so+0x9561e0], sa_mask[0]=0x7ffbfeff, sa_flags=0x10000004
SIGFPE: [libjvm.so+0x7cc4d0], sa_mask[0]=0x7ffbfeff, sa_flags=0x10000004
SIGPIPE: [libjvm.so+0x7cc4d0], sa_mask[0]=0x7ffbfeff, sa_flags=0x10000004
SIGXFSZ: [libjvm.so+0x7cc4d0], sa_mask[0]=0x7ffbfeff, sa_flags=0x10000004
SIGILL: [libjvm.so+0x7cc4d0], sa_mask[0]=0x7ffbfeff, sa_flags=0x10000004
SIGUSR1: SIG_DFL, sa_mask[0]=0x00000000, sa_flags=0x00000000
SIGUSR2: [libjvm.so+0x7cc370], sa_mask[0]=0x00000004, sa_flags=0x10000004
SIGHUP: [libjvm.so+0x7cc550], sa_mask[0]=0x7ffbfeff, sa_flags=0x10000004
SIGINT: [libjvm.so+0x7cc550], sa_mask[0]=0x7ffbfeff, sa_flags=0x10000004
SIGTERM: [libjvm.so+0x7cc550], sa_mask[0]=0x7ffbfeff, sa_flags=0x10000004
SIGQUIT: [libjvm.so+0x7cc550], sa_mask[0]=0x7ffbfeff, sa_flags=0x10000004
SIGTRAP: SIG_DFL, sa_mask[0]=0x00000000, sa_flags=0x00000000


---------------  S Y S T E M  ---------------

OS:Ubuntu 14.04 (trusty)
uname:Linux 3.13.0-86-generic #131-Ubuntu SMP Thu May 12 23:33:13 UTC 2016 x86_64
libc:glibc 2.19 NPTL 2.19 
rlimit: STACK 8192k, CORE 0k, NPROC 30460, NOFILE 4096, AS infinity
load average:2,81 1,49 1,28

/proc/meminfo:
MemTotal:        3946968 kB
MemFree:          103528 kB
Buffers:            2912 kB
Cached:           489040 kB
SwapCached:            0 kB
Active:          3219068 kB
Inactive:         444832 kB
Active(anon):    3174600 kB
Inactive(anon):   388760 kB
Active(file):      44468 kB
Inactive(file):    56072 kB
Unevictable:          32 kB
Mlocked:              32 kB
SwapTotal:             0 kB
SwapFree:              0 kB
Dirty:              2512 kB
Writeback:             0 kB
AnonPages:       3172476 kB
Mapped:           256560 kB
Shmem:            391088 kB
Slab:              74124 kB
SReclaimable:      37452 kB
SUnreclaim:        36672 kB
KernelStack:        5696 kB
PageTables:        42700 kB
NFS_Unstable:          0 kB
Bounce:                0 kB
WritebackTmp:          0 kB
CommitLimit:     1973484 kB
Committed_AS:    8182916 kB
VmallocTotal:   34359738367 kB
VmallocUsed:      349412 kB
VmallocChunk:   34359383040 kB
HardwareCorrupted:     0 kB
AnonHugePages:   1724416 kB
HugePages_Total:       0
HugePages_Free:        0
HugePages_Rsvd:        0
HugePages_Surp:        0
Hugepagesize:       2048 kB
DirectMap4k:       68640 kB
DirectMap2M:     4026368 kB


CPU:total 4 (2 cores per cpu, 2 threads per core) family 6 model 42 stepping 7, cmov, cx8, fxsr, mmx, sse, sse2, sse3, ssse3, sse4.1, sse4.2, popcnt, avx, aes, ht, tsc, tscinvbit

/proc/cpuinfo:
processor	: 0
vendor_id	: GenuineIntel
cpu family	: 6
model		: 42
model name	: Intel(R) Core(TM) i5-2557M CPU @ 1.70GHz
stepping	: 7
microcode	: 0x1a
cpu MHz		: 1701.000
cache size	: 3072 KB
physical id	: 0
siblings	: 4
core id		: 0
cpu cores	: 2
apicid		: 0
initial apicid	: 0
fpu		: yes
fpu_exception	: yes
cpuid level	: 13
wp		: yes
flags		: fpu vme de pse tsc msr pae mce cx8 apic sep mtrr pge mca cmov pat pse36 clflush dts acpi mmx fxsr sse sse2 ss ht tm pbe syscall nx rdtscp lm constant_tsc arch_perfmon pebs bts rep_good nopl xtopology nonstop_tsc aperfmperf eagerfpu pni pclmulqdq dtes64 monitor ds_cpl vmx smx est tm2 ssse3 cx16 xtpr pdcm pcid sse4_1 sse4_2 x2apic popcnt tsc_deadline_timer aes xsave avx lahf_lm ida arat epb xsaveopt pln pts dtherm tpr_shadow vnmi flexpriority ept vpid
bogomips	: 3392.33
clflush size	: 64
cache_alignment	: 64
address sizes	: 36 bits physical, 48 bits virtual
power management:

processor	: 1
vendor_id	: GenuineIntel
cpu family	: 6
model		: 42
model name	: Intel(R) Core(TM) i5-2557M CPU @ 1.70GHz
stepping	: 7
microcode	: 0x1a
cpu MHz		: 1701.000
cache size	: 3072 KB
physical id	: 0
siblings	: 4
core id		: 1
cpu cores	: 2
apicid		: 2
initial apicid	: 2
fpu		: yes
fpu_exception	: yes
cpuid level	: 13
wp		: yes
flags		: fpu vme de pse tsc msr pae mce cx8 apic sep mtrr pge mca cmov pat pse36 clflush dts acpi mmx fxsr sse sse2 ss ht tm pbe syscall nx rdtscp lm constant_tsc arch_perfmon pebs bts rep_good nopl xtopology nonstop_tsc aperfmperf eagerfpu pni pclmulqdq dtes64 monitor ds_cpl vmx smx est tm2 ssse3 cx16 xtpr pdcm pcid sse4_1 sse4_2 x2apic popcnt tsc_deadline_timer aes xsave avx lahf_lm ida arat epb xsaveopt pln pts dtherm tpr_shadow vnmi flexpriority ept vpid
bogomips	: 3392.33
clflush size	: 64
cache_alignment	: 64
address sizes	: 36 bits physical, 48 bits virtual
power management:

processor	: 2
vendor_id	: GenuineIntel
cpu family	: 6
model		: 42
model name	: Intel(R) Core(TM) i5-2557M CPU @ 1.70GHz
stepping	: 7
microcode	: 0x1a
cpu MHz		: 1701.000
cache size	: 3072 KB
physical id	: 0
siblings	: 4
core id		: 0
cpu cores	: 2
apicid		: 1
initial apicid	: 1
fpu		: yes
fpu_exception	: yes
cpuid level	: 13
wp		: yes
flags		: fpu vme de pse tsc msr pae mce cx8 apic sep mtrr pge mca cmov pat pse36 clflush dts acpi mmx fxsr sse sse2 ss ht tm pbe syscall nx rdtscp lm constant_tsc arch_perfmon pebs bts rep_good nopl xtopology nonstop_tsc aperfmperf eagerfpu pni pclmulqdq dtes64 monitor ds_cpl vmx smx est tm2 ssse3 cx16 xtpr pdcm pcid sse4_1 sse4_2 x2apic popcnt tsc_deadline_timer aes xsave avx lahf_lm ida arat epb xsaveopt pln pts dtherm tpr_shadow vnmi flexpriority ept vpid
bogomips	: 3392.33
clflush size	: 64
cache_alignment	: 64
address sizes	: 36 bits physical, 48 bits virtual
power management:

processor	: 3
vendor_id	: GenuineIntel
cpu family	: 6
model		: 42
model name	: Intel(R) Core(TM) i5-2557M CPU @ 1.70GHz
stepping	: 7
microcode	: 0x1a
cpu MHz		: 800.000
cache size	: 3072 KB
physical id	: 0
siblings	: 4
core id		: 1
cpu cores	: 2
apicid		: 3
initial apicid	: 3
fpu		: yes
fpu_exception	: yes
cpuid level	: 13
wp		: yes
flags		: fpu vme de pse tsc msr pae mce cx8 apic sep mtrr pge mca cmov pat pse36 clflush dts acpi mmx fxsr sse sse2 ss ht tm pbe syscall nx rdtscp lm constant_tsc arch_perfmon pebs bts rep_good nopl xtopology nonstop_tsc aperfmperf eagerfpu pni pclmulqdq dtes64 monitor ds_cpl vmx smx est tm2 ssse3 cx16 xtpr pdcm pcid sse4_1 sse4_2 x2apic popcnt tsc_deadline_timer aes xsave avx lahf_lm ida arat epb xsaveopt pln pts dtherm tpr_shadow vnmi flexpriority ept vpid
bogomips	: 3392.33
clflush size	: 64
cache_alignment	: 64
address sizes	: 36 bits physical, 48 bits virtual
power management:



Memory: 4k page, physical 3946968k(103528k free), swap 0k(0k free)

vm_info: OpenJDK 64-Bit Server VM (24.95-b01) for linux-amd64 JRE (1.7.0_101-b00), built on Apr 24 2016 20:39:29 by "buildd" with gcc 4.8.2

time: Sat May 28 10:21:06 2016
elapsed time: 26 seconds

