#
# There is insufficient memory for the Java Runtime Environment to continue.
# Native memory allocation (malloc) failed to allocate 92274688 bytes for committing reserved memory.
# Possible reasons:
#   The system is out of physical RAM or swap space
#   In 32 bit mode, the process size limit was hit
# Possible solutions:
#   Reduce memory load on the system
#   Increase physical memory or swap space
#   Check if swap backing store is full
#   Use 64 bit Java on a 64 bit OS
#   Decrease Java heap size (-Xmx/-Xms)
#   Decrease number of Java threads
#   Decrease Java thread stack sizes (-Xss)
#   Set larger code cache with -XX:ReservedCodeCacheSize=
# This output file may be truncated or incomplete.
#
#  Out of Memory Error (os_linux.cpp:2827), pid=7894, tid=139893490190080
#
# JRE version: OpenJDK Runtime Environment (7.0_95) (build 1.7.0_95-b00)
# Java VM: OpenJDK 64-Bit Server VM (24.95-b01 mixed mode linux-amd64 compressed oops)
# Derivative: IcedTea 2.6.4
# Distribution: Ubuntu 14.04.3 LTS, package 7u95-2.6.4-0ubuntu0.14.04.1
# Failed to write core dump. Core dumps have been disabled. To enable core dumping, try "ulimit -c unlimited" before starting Java again
#

---------------  T H R E A D  ---------------

Current thread (0x00007f3b84076000):  VMThread [stack: 0x00007f3b7dba0000,0x00007f3b7dca1000] [id=7940]

Stack: [0x00007f3b7dba0000,0x00007f3b7dca1000],  sp=0x00007f3b7dc9f490,  free space=1021k
Native frames: (J=compiled Java code, j=interpreted, Vv=VM code, C=native code)
V  [libjvm.so+0x9550e5]
V  [libjvm.so+0x4902b4]
V  [libjvm.so+0x7cf7bb]
V  [libjvm.so+0x7ca28f]
V  [libjvm.so+0x83e56b]
V  [libjvm.so+0x83f3e0]
V  [libjvm.so+0x83facb]
V  [libjvm.so+0x83b4d8]
V  [libjvm.so+0x83bd48]
V  [libjvm.so+0x7f1fd3]
V  [libjvm.so+0x956ae4]
V  [libjvm.so+0x95abe7]
V  [libjvm.so+0x9596a8]
V  [libjvm.so+0x959b09]
V  [libjvm.so+0x959f52]
V  [libjvm.so+0x7cc682]

VM_Operation (0x00007f3b4f13e030): ParallelGCFailedAllocation, mode: safepoint, requested by thread 0x00007f3b84199800


---------------  P R O C E S S  ---------------

Java Threads: ( => current thread )
  0x00007f3b8419b800 JavaThread "pool-1-thread-4" [_thread_blocked, id=7988, stack(0x00007f3b4ef3e000,0x00007f3b4f03f000)]
  0x00007f3b84199800 JavaThread "pool-1-thread-3" [_thread_blocked, id=7987, stack(0x00007f3b4f03f000,0x00007f3b4f140000)]
  0x00007f3b84198000 JavaThread "pool-1-thread-2" [_thread_blocked, id=7986, stack(0x00007f3b4f140000,0x00007f3b4f241000)]
  0x00007f3b84194000 JavaThread "pool-2-thread-1" [_thread_blocked, id=7982, stack(0x00007f3b4f241000,0x00007f3b4f342000)]
  0x00007f3b84193000 JavaThread "pool-1-thread-1" [_thread_blocked, id=7981, stack(0x00007f3b4f342000,0x00007f3b4f443000)]
  0x00007f3b840b1800 JavaThread "Service Thread" daemon [_thread_blocked, id=7957, stack(0x00007f3b7cd48000,0x00007f3b7ce49000)]
  0x00007f3b840af800 JavaThread "C2 CompilerThread1" daemon [_thread_blocked, id=7954, stack(0x00007f3b7ce49000,0x00007f3b7cf4a000)]
  0x00007f3b840ac800 JavaThread "C2 CompilerThread0" daemon [_thread_blocked, id=7953, stack(0x00007f3b7cf4a000,0x00007f3b7d04b000)]
  0x00007f3b840aa800 JavaThread "Signal Dispatcher" daemon [_thread_blocked, id=7950, stack(0x00007f3b7d04b000,0x00007f3b7d14c000)]
  0x00007f3b8407c000 JavaThread "Finalizer" daemon [_thread_blocked, id=7943, stack(0x00007f3b7d99e000,0x00007f3b7da9f000)]
  0x00007f3b8407a000 JavaThread "Reference Handler" daemon [_thread_blocked, id=7942, stack(0x00007f3b7da9f000,0x00007f3b7dba0000)]
  0x00007f3b8400a800 JavaThread "main" [_thread_blocked, id=7914, stack(0x00007f3b8c2a0000,0x00007f3b8c3a1000)]

Other Threads:
=>0x00007f3b84076000 VMThread [stack: 0x00007f3b7dba0000,0x00007f3b7dca1000] [id=7940]
  0x00007f3b840bc000 WatcherThread [stack: 0x00007f3b7cc47000,0x00007f3b7cd48000] [id=7959]

VM state:at safepoint (normal execution)

VM Mutex/Monitor currently owned by a thread:  ([mutex/lock_event])
[0x00007f3b84006990] Threads_lock - owner thread: 0x00007f3b84076000
[0x00007f3b84006e90] Heap_lock - owner thread: 0x00007f3b84199800

Heap
 PSYoungGen      total 66048K, used 2557K [0x00000000eaa80000, 0x00000000eed80000, 0x0000000100000000)
  eden space 63488K, 0% used [0x00000000eaa80000,0x00000000eaa80000,0x00000000ee880000)
  from space 2560K, 99% used [0x00000000ee880000,0x00000000eeaff488,0x00000000eeb00000)
  to   space 2560K, 0% used [0x00000000eeb00000,0x00000000eeb00000,0x00000000eed80000)
 ParOldGen       total 40960K, used 24388K [0x00000000c0000000, 0x00000000c2800000, 0x00000000eaa80000)
  object space 40960K, 59% used [0x00000000c0000000,0x00000000c17d1098,0x00000000c2800000)
 PSPermGen       total 21504K, used 6244K [0x00000000b5a00000, 0x00000000b6f00000, 0x00000000c0000000)
  object space 21504K, 29% used [0x00000000b5a00000,0x00000000b60190f8,0x00000000b6f00000)

Card table byte_map: [0x00007f3b88c83000,0x00007f3b88ed7000] byte_map_base: 0x00007f3b886d6000

Polling page: 0x00007f3b8c3c1000

Code Cache  [0x00007f3b81000000, 0x00007f3b81270000, 0x00007f3b84000000)
 total_blobs=502 nmethods=271 adapters=184 free_code_cache=48015Kb largest_free_block=49116864

Compilation events (10 events):
Event: 11,179 Thread 0x00007f3b840ac800 nmethod 270 0x00007f3b810f6690 code [0x00007f3b810f67c0, 0x00007f3b810f6818]
Event: 11,179 Thread 0x00007f3b840ac800  271             com.android.dx.util.LabeledList::set (45 bytes)
Event: 11,183 Thread 0x00007f3b840ac800 nmethod 271 0x00007f3b810f8a10 code [0x00007f3b810f8ba0, 0x00007f3b810f8df8]
Event: 11,183 Thread 0x00007f3b840ac800  272             com.android.dx.rop.cst.CstString::getString (5 bytes)
Event: 11,183 Thread 0x00007f3b840ac800 nmethod 272 0x00007f3b810f8810 code [0x00007f3b810f8940, 0x00007f3b810f8998]
Event: 11,183 Thread 0x00007f3b840ac800  273             com.android.dx.rop.cst.Constant::<init> (5 bytes)
Event: 11,184 Thread 0x00007f3b840ac800 nmethod 273 0x00007f3b810f8610 code [0x00007f3b810f8740, 0x00007f3b810f8798]
Event: 11,184 Thread 0x00007f3b840ac800  274             com.android.dx.util.FixedSizeList::hashCode (8 bytes)
Event: 11,186 Thread 0x00007f3b840ac800 nmethod 274 0x00007f3b81106f90 code [0x00007f3b811070e0, 0x00007f3b81107258]
Event: 11,186 Thread 0x00007f3b840ac800  275   !         com.android.dx.cf.code.Ropper::processBlock (1101 bytes)

GC Heap History (9 events):
Event: 1,111 GC heap before
{Heap before GC invocations=1 (full 0):
 PSYoungGen      total 18432K, used 15872K [0x00000000eaa80000, 0x00000000ebf00000, 0x0000000100000000)
  eden space 15872K, 100% used [0x00000000eaa80000,0x00000000eba00000,0x00000000eba00000)
  from space 2560K, 0% used [0x00000000ebc80000,0x00000000ebc80000,0x00000000ebf00000)
  to   space 2560K, 0% used [0x00000000eba00000,0x00000000eba00000,0x00000000ebc80000)
 ParOldGen       total 40960K, used 0K [0x00000000c0000000, 0x00000000c2800000, 0x00000000eaa80000)
  object space 40960K, 0% used [0x00000000c0000000,0x00000000c0000000,0x00000000c2800000)
 PSPermGen       total 21504K, used 4128K [0x00000000b5a00000, 0x00000000b6f00000, 0x00000000c0000000)
  object space 21504K, 19% used [0x00000000b5a00000,0x00000000b5e082c0,0x00000000b6f00000)
Event: 1,140 GC heap after
Heap after GC invocations=1 (full 0):
 PSYoungGen      total 18432K, used 1061K [0x00000000eaa80000, 0x00000000ece80000, 0x0000000100000000)
  eden space 15872K, 0% used [0x00000000eaa80000,0x00000000eaa80000,0x00000000eba00000)
  from space 2560K, 41% used [0x00000000eba00000,0x00000000ebb095f0,0x00000000ebc80000)
  to   space 2560K, 0% used [0x00000000ecc00000,0x00000000ecc00000,0x00000000ece80000)
 ParOldGen       total 40960K, used 8K [0x00000000c0000000, 0x00000000c2800000, 0x00000000eaa80000)
  object space 40960K, 0% used [0x00000000c0000000,0x00000000c0002000,0x00000000c2800000)
 PSPermGen       total 21504K, used 4128K [0x00000000b5a00000, 0x00000000b6f00000, 0x00000000c0000000)
  object space 21504K, 19% used [0x00000000b5a00000,0x00000000b5e082c0,0x00000000b6f00000)
}
Event: 2,825 GC heap before
{Heap before GC invocations=2 (full 0):
 PSYoungGen      total 18432K, used 16933K [0x00000000eaa80000, 0x00000000ece80000, 0x0000000100000000)
  eden space 15872K, 100% used [0x00000000eaa80000,0x00000000eba00000,0x00000000eba00000)
  from space 2560K, 41% used [0x00000000eba00000,0x00000000ebb095f0,0x00000000ebc80000)
  to   space 2560K, 0% used [0x00000000ecc00000,0x00000000ecc00000,0x00000000ece80000)
 ParOldGen       total 40960K, used 8K [0x00000000c0000000, 0x00000000c2800000, 0x00000000eaa80000)
  object space 40960K, 0% used [0x00000000c0000000,0x00000000c0002000,0x00000000c2800000)
 PSPermGen       total 21504K, used 5950K [0x00000000b5a00000, 0x00000000b6f00000, 0x00000000c0000000)
  object space 21504K, 27% used [0x00000000b5a00000,0x00000000b5fcfa00,0x00000000b6f00000)
Event: 2,845 GC heap after
Heap after GC invocations=2 (full 0):
 PSYoungGen      total 34304K, used 2539K [0x00000000eaa80000, 0x00000000ece80000, 0x0000000100000000)
  eden space 31744K, 0% used [0x00000000eaa80000,0x00000000eaa80000,0x00000000ec980000)
  from space 2560K, 99% used [0x00000000ecc00000,0x00000000ece7ac78,0x00000000ece80000)
  to   space 2560K, 0% used [0x00000000ec980000,0x00000000ec980000,0x00000000ecc00000)
 ParOldGen       total 40960K, used 2028K [0x00000000c0000000, 0x00000000c2800000, 0x00000000eaa80000)
  object space 40960K, 4% used [0x00000000c0000000,0x00000000c01fb058,0x00000000c2800000)
 PSPermGen       total 21504K, used 5950K [0x00000000b5a00000, 0x00000000b6f00000, 0x00000000c0000000)
  object space 21504K, 27% used [0x00000000b5a00000,0x00000000b5fcfa00,0x00000000b6f00000)
}
Event: 6,179 GC heap before
{Heap before GC invocations=3 (full 0):
 PSYoungGen      total 34304K, used 34283K [0x00000000eaa80000, 0x00000000ece80000, 0x0000000100000000)
  eden space 31744K, 100% used [0x00000000eaa80000,0x00000000ec980000,0x00000000ec980000)
  from space 2560K, 99% used [0x00000000ecc00000,0x00000000ece7ac78,0x00000000ece80000)
  to   space 2560K, 0% used [0x00000000ec980000,0x00000000ec980000,0x00000000ecc00000)
 ParOldGen       total 40960K, used 2028K [0x00000000c0000000, 0x00000000c2800000, 0x00000000eaa80000)
  object space 40960K, 4% used [0x00000000c0000000,0x00000000c01fb058,0x00000000c2800000)
 PSPermGen       total 21504K, used 6160K [0x00000000b5a00000, 0x00000000b6f00000, 0x00000000c0000000)
  object space 21504K, 28% used [0x00000000b5a00000,0x00000000b6004278,0x00000000b6f00000)
Event: 6,336 GC heap after
Heap after GC invocations=3 (full 0):
 PSYoungGen      total 34304K, used 2530K [0x00000000eaa80000, 0x00000000eed80000, 0x0000000100000000)
  eden space 31744K, 0% used [0x00000000eaa80000,0x00000000eaa80000,0x00000000ec980000)
  from space 2560K, 98% used [0x00000000ec980000,0x00000000ecbf8868,0x00000000ecc00000)
  to   space 2560K, 0% used [0x00000000eeb00000,0x00000000eeb00000,0x00000000eed80000)
 ParOldGen       total 40960K, used 7547K [0x00000000c0000000, 0x00000000c2800000, 0x00000000eaa80000)
  object space 40960K, 18% used [0x00000000c0000000,0x00000000c075ee60,0x00000000c2800000)
 PSPermGen       total 21504K, used 6160K [0x00000000b5a00000, 0x00000000b6f00000, 0x00000000c0000000)
  object space 21504K, 28% used [0x00000000b5a00000,0x00000000b6004278,0x00000000b6f00000)
}
Event: 8,491 GC heap before
{Heap before GC invocations=4 (full 0):
 PSYoungGen      total 34304K, used 34274K [0x00000000eaa80000, 0x00000000eed80000, 0x0000000100000000)
  eden space 31744K, 100% used [0x00000000eaa80000,0x00000000ec980000,0x00000000ec980000)
  from space 2560K, 98% used [0x00000000ec980000,0x00000000ecbf8868,0x00000000ecc00000)
  to   space 2560K, 0% used [0x00000000eeb00000,0x00000000eeb00000,0x00000000eed80000)
 ParOldGen       total 40960K, used 7547K [0x00000000c0000000, 0x00000000c2800000, 0x00000000eaa80000)
  object space 40960K, 18% used [0x00000000c0000000,0x00000000c075ee60,0x00000000c2800000)
 PSPermGen       total 21504K, used 6204K [0x00000000b5a00000, 0x00000000b6f00000, 0x00000000c0000000)
  object space 21504K, 28% used [0x00000000b5a00000,0x00000000b600f3f0,0x00000000b6f00000)
Event: 8,674 GC heap after
Heap after GC invocations=4 (full 0):
 PSYoungGen      total 66048K, used 2541K [0x00000000eaa80000, 0x00000000eed80000, 0x0000000100000000)
  eden space 63488K, 0% used [0x00000000eaa80000,0x00000000eaa80000,0x00000000ee880000)
  from space 2560K, 99% used [0x00000000eeb00000,0x00000000eed7b4a8,0x00000000eed80000)
  to   space 2560K, 0% used [0x00000000ee880000,0x00000000ee880000,0x00000000eeb00000)
 ParOldGen       total 40960K, used 13806K [0x00000000c0000000, 0x00000000c2800000, 0x00000000eaa80000)
  object space 40960K, 33% used [0x00000000c0000000,0x00000000c0d7b968,0x00000000c2800000)
 PSPermGen       total 21504K, used 6204K [0x00000000b5a00000, 0x00000000b6f00000, 0x00000000c0000000)
  object space 21504K, 28% used [0x00000000b5a00000,0x00000000b600f3f0,0x00000000b6f00000)
}
Event: 11,726 GC heap before
{Heap before GC invocations=5 (full 0):
 PSYoungGen      total 66048K, used 66029K [0x00000000eaa80000, 0x00000000eed80000, 0x0000000100000000)
  eden space 63488K, 100% used [0x00000000eaa80000,0x00000000ee880000,0x00000000ee880000)
  from space 2560K, 99% used [0x00000000eeb00000,0x00000000eed7b4a8,0x00000000eed80000)
  to   space 2560K, 0% used [0x00000000ee880000,0x00000000ee880000,0x00000000eeb00000)
 ParOldGen       total 40960K, used 13806K [0x00000000c0000000, 0x00000000c2800000, 0x00000000eaa80000)
  object space 40960K, 33% used [0x00000000c0000000,0x00000000c0d7b968,0x00000000c2800000)
 PSPermGen       total 21504K, used 6244K [0x00000000b5a00000, 0x00000000b6f00000, 0x00000000c0000000)
  object space 21504K, 29% used [0x00000000b5a00000,0x00000000b60190f8,0x00000000b6f00000)

Deoptimization events (10 events):
Event: 4,876 Thread 0x00007f3b8400a800 Uncommon trap: reason=unstable_if action=reinterpret pc=0x00007f3b8108bf6c method=com.android.dx.rop.code.RegisterSpec.equals(ILcom/android/dx/rop/type/TypeBearer;Lcom/android/dx/rop/code/LocalItem;)Z @ 42
Event: 5,417 Thread 0x00007f3b8419b800 Uncommon trap: reason=unstable_if action=reinterpret pc=0x00007f3b810850c4 method=com.android.dx.rop.cst.Constant.compareTo(Lcom/android/dx/rop/cst/Constant;)I @ 12
Event: 6,430 Thread 0x00007f3b84193000 Uncommon trap: reason=unstable_if action=reinterpret pc=0x00007f3b8109fa74 method=com.android.dx.util.IntList.binarysearch(I)I @ 105
Event: 6,852 Thread 0x00007f3b8419b800 Uncommon trap: reason=unstable_if action=reinterpret pc=0x00007f3b810b1e20 method=com.android.dx.ssa.LocalVariableExtractor.processBlock(I)V @ 251
Event: 7,151 Thread 0x00007f3b84193000 Uncommon trap: reason=class_check action=maybe_recompile pc=0x00007f3b810cfbe0 method=java.util.HashMap.put(Ljava/lang/Object;Ljava/lang/Object;)Ljava/lang/Object; @ 83
Event: 7,172 Thread 0x00007f3b84193000 Uncommon trap: reason=class_check action=maybe_recompile pc=0x00007f3b810cfbe0 method=java.util.HashMap.put(Ljava/lang/Object;Ljava/lang/Object;)Ljava/lang/Object; @ 83
Event: 7,172 Thread 0x00007f3b84193000 Uncommon trap: reason=class_check action=maybe_recompile pc=0x00007f3b810cfbe0 method=java.util.HashMap.put(Ljava/lang/Object;Ljava/lang/Object;)Ljava/lang/Object; @ 83
Event: 7,172 Thread 0x00007f3b84193000 Uncommon trap: reason=class_check action=maybe_recompile pc=0x00007f3b810cfbe0 method=java.util.HashMap.put(Ljava/lang/Object;Ljava/lang/Object;)Ljava/lang/Object; @ 83
Event: 7,549 Thread 0x00007f3b84198000 Uncommon trap: reason=null_check action=make_not_entrant pc=0x00007f3b810c6b94 method=com.android.dx.ssa.SsaRenamer.getLocalForNewReg(I)Lcom/android/dx/rop/code/LocalItem; @ 19
Event: 7,714 Thread 0x00007f3b84193000 Uncommon trap: reason=unstable_if action=reinterpret pc=0x00007f3b810c6148 method=com.android.dx.ssa.SsaRenamer$BlockRenamer.process()V @ 90

Internal exceptions (10 events):
Event: 2,063 Thread 0x00007f3b8400a800 Threw 0x00000000eb2646a8 at /build/openjdk-7-2FOwCu/openjdk-7-7u95-2.6.4/build/openjdk/hotspot/src/share/vm/prims/jvm.cpp:1322
Event: 2,081 Thread 0x00007f3b8419b800 Threw 0x00000000eb2f5a80 at /build/openjdk-7-2FOwCu/openjdk-7-7u95-2.6.4/build/openjdk/hotspot/src/share/vm/prims/jvm.cpp:1322
Event: 2,397 Thread 0x00007f3b8419b800 Threw 0x00000000eb5599f8 at /build/openjdk-7-2FOwCu/openjdk-7-7u95-2.6.4/build/openjdk/hotspot/src/share/vm/prims/jvm.cpp:1322
Event: 2,535 Thread 0x00007f3b8400a800 Threw 0x00000000eb5bf930 at /build/openjdk-7-2FOwCu/openjdk-7-7u95-2.6.4/build/openjdk/hotspot/src/share/vm/prims/jvm.cpp:1322
Event: 3,170 Thread 0x00007f3b84199800 Threw 0x00000000ead3ebd8 at /build/openjdk-7-2FOwCu/openjdk-7-7u95-2.6.4/build/openjdk/hotspot/src/share/vm/prims/jvm.cpp:1322
Event: 3,987 Thread 0x00007f3b8400a800 Implicit null exception at 0x00007f3b810a6a63 to 0x00007f3b810a7149
Event: 6,723 Thread 0x00007f3b8400a800 Threw 0x00000000eaebe3c0 at /build/openjdk-7-2FOwCu/openjdk-7-7u95-2.6.4/build/openjdk/hotspot/src/share/vm/prims/jvm.cpp:1322
Event: 7,331 Thread 0x00007f3b84199800 Threw 0x00000000ebd38100 at /build/openjdk-7-2FOwCu/openjdk-7-7u95-2.6.4/build/openjdk/hotspot/src/share/vm/prims/jvm.cpp:1322
Event: 7,549 Thread 0x00007f3b84198000 Implicit null exception at 0x00007f3b810c4b1e to 0x00007f3b810c6b71
Event: 8,053 Thread 0x00007f3b8400a800 Threw 0x00000000ec553060 at /build/openjdk-7-2FOwCu/openjdk-7-7u95-2.6.4/build/openjdk/hotspot/src/share/vm/prims/jvm.cpp:1322

Events (10 events):
Event: 7,714 Thread 0x00007f3b84193000 DEOPT PACKING pc=0x00007f3b810c6148 sp=0x00007f3b4f441120
Event: 7,729 Thread 0x00007f3b84198000 DEOPT UNPACKING pc=0x00007f3b81039445 sp=0x00007f3b4f23eeb8 mode 2
Event: 7,729 Thread 0x00007f3b84193000 DEOPT UNPACKING pc=0x00007f3b81039445 sp=0x00007f3b4f441108 mode 2
Event: 7,947 loading class 0x00007f3b40006c60
Event: 7,951 loading class 0x00007f3b40006c60 done
Event: 8,459 Executing VM operation: ParallelGCFailedAllocation
Event: 8,686 Executing VM operation: ParallelGCFailedAllocation done
Event: 9,722 Thread 0x00007f3b840ac800 flushing nmethod 0x00007f3b810783d0
Event: 9,728 Thread 0x00007f3b840ac800 flushing nmethod 0x00007f3b81088d90
Event: 11,699 Executing VM operation: ParallelGCFailedAllocation


Dynamic libraries:
00400000-00401000 r-xp 00000000 08:06 1454669                            /usr/lib/jvm/java-7-openjdk-amd64/jre/bin/java
00600000-00601000 r--p 00000000 08:06 1454669                            /usr/lib/jvm/java-7-openjdk-amd64/jre/bin/java
00601000-00602000 rw-p 00001000 08:06 1454669                            /usr/lib/jvm/java-7-openjdk-amd64/jre/bin/java
018b9000-018da000 rw-p 00000000 00:00 0                                  [heap]
b5a00000-b6f00000 rw-p 00000000 00:00 0 
b6f00000-c0000000 rw-p 00000000 00:00 0 
c0000000-c2800000 rw-p 00000000 00:00 0 
c2800000-eaa80000 rw-p 00000000 00:00 0 
eaa80000-eed80000 rw-p 00000000 00:00 0 
f4580000-100000000 rw-p 00000000 00:00 0 
7f3b34000000-7f3b34021000 rw-p 00000000 00:00 0 
7f3b34021000-7f3b38000000 ---p 00000000 00:00 0 
7f3b38000000-7f3b38028000 rw-p 00000000 00:00 0 
7f3b38028000-7f3b3c000000 ---p 00000000 00:00 0 
7f3b3c000000-7f3b3c021000 rw-p 00000000 00:00 0 
7f3b3c021000-7f3b40000000 ---p 00000000 00:00 0 
7f3b40000000-7f3b40023000 rw-p 00000000 00:00 0 
7f3b40023000-7f3b44000000 ---p 00000000 00:00 0 
7f3b44000000-7f3b44034000 rw-p 00000000 00:00 0 
7f3b44034000-7f3b48000000 ---p 00000000 00:00 0 
7f3b48000000-7f3b49379000 rw-p 00000000 00:00 0 
7f3b49379000-7f3b4c000000 ---p 00000000 00:00 0 
7f3b4ef3e000-7f3b4ef41000 ---p 00000000 00:00 0 
7f3b4ef41000-7f3b4f03f000 rw-p 00000000 00:00 0                          [stack:7988]
7f3b4f03f000-7f3b4f042000 ---p 00000000 00:00 0 
7f3b4f042000-7f3b4f140000 rw-p 00000000 00:00 0                          [stack:7987]
7f3b4f140000-7f3b4f143000 ---p 00000000 00:00 0 
7f3b4f143000-7f3b4f241000 rw-p 00000000 00:00 0                          [stack:7986]
7f3b4f241000-7f3b4f244000 ---p 00000000 00:00 0 
7f3b4f244000-7f3b4f342000 rw-p 00000000 00:00 0                          [stack:7982]
7f3b4f342000-7f3b4f345000 ---p 00000000 00:00 0 
7f3b4f345000-7f3b4f474000 rw-p 00000000 00:00 0                          [stack:7981]
7f3b4f474000-7f3b4f4b1000 r-xp 00000000 08:06 130821                     /lib/x86_64-linux-gnu/libpcre.so.3.13.1
7f3b4f4b1000-7f3b4f6b0000 ---p 0003d000 08:06 130821                     /lib/x86_64-linux-gnu/libpcre.so.3.13.1
7f3b4f6b0000-7f3b4f6b1000 r--p 0003c000 08:06 130821                     /lib/x86_64-linux-gnu/libpcre.so.3.13.1
7f3b4f6b1000-7f3b4f6b2000 rw-p 0003d000 08:06 130821                     /lib/x86_64-linux-gnu/libpcre.so.3.13.1
7f3b4f6b2000-7f3b4f6b9000 r-xp 00000000 08:06 1447540                    /usr/lib/x86_64-linux-gnu/libffi.so.6.0.1
7f3b4f6b9000-7f3b4f8b8000 ---p 00007000 08:06 1447540                    /usr/lib/x86_64-linux-gnu/libffi.so.6.0.1
7f3b4f8b8000-7f3b4f8b9000 r--p 00006000 08:06 1447540                    /usr/lib/x86_64-linux-gnu/libffi.so.6.0.1
7f3b4f8b9000-7f3b4f8ba000 rw-p 00007000 08:06 1447540                    /usr/lib/x86_64-linux-gnu/libffi.so.6.0.1
7f3b4f8ba000-7f3b4f8d1000 r-xp 00000000 08:06 134868                     /lib/x86_64-linux-gnu/libresolv-2.19.so
7f3b4f8d1000-7f3b4fad1000 ---p 00017000 08:06 134868                     /lib/x86_64-linux-gnu/libresolv-2.19.so
7f3b4fad1000-7f3b4fad2000 r--p 00017000 08:06 134868                     /lib/x86_64-linux-gnu/libresolv-2.19.so
7f3b4fad2000-7f3b4fad3000 rw-p 00018000 08:06 134868                     /lib/x86_64-linux-gnu/libresolv-2.19.so
7f3b4fad3000-7f3b4fad5000 rw-p 00000000 00:00 0 
7f3b4fad5000-7f3b4faf5000 r-xp 00000000 08:06 135079                     /lib/x86_64-linux-gnu/libselinux.so.1
7f3b4faf5000-7f3b4fcf4000 ---p 00020000 08:06 135079                     /lib/x86_64-linux-gnu/libselinux.so.1
7f3b4fcf4000-7f3b4fcf5000 r--p 0001f000 08:06 135079                     /lib/x86_64-linux-gnu/libselinux.so.1
7f3b4fcf5000-7f3b4fcf6000 rw-p 00020000 08:06 135079                     /lib/x86_64-linux-gnu/libselinux.so.1
7f3b4fcf6000-7f3b4fcf8000 rw-p 00000000 00:00 0 
7f3b4fcf8000-7f3b4fdfe000 r-xp 00000000 08:06 134871                     /lib/x86_64-linux-gnu/libglib-2.0.so.0.4002.0
7f3b4fdfe000-7f3b4fffd000 ---p 00106000 08:06 134871                     /lib/x86_64-linux-gnu/libglib-2.0.so.0.4002.0
7f3b4fffd000-7f3b4fffe000 r--p 00105000 08:06 134871                     /lib/x86_64-linux-gnu/libglib-2.0.so.0.4002.0
7f3b4fffe000-7f3b4ffff000 rw-p 00106000 08:06 134871                     /lib/x86_64-linux-gnu/libglib-2.0.so.0.4002.0
7f3b4ffff000-7f3b50000000 rw-p 00000000 00:00 0 
7f3b50000000-7f3b50021000 rw-p 00000000 00:00 0 
7f3b50021000-7f3b54000000 ---p 00000000 00:00 0 
7f3b54000000-7f3b54021000 rw-p 00000000 00:00 0 
7f3b54021000-7f3b58000000 ---p 00000000 00:00 0 
7f3b58000000-7f3b58f62000 rw-p 00000000 00:00 0 
7f3b58f62000-7f3b5c000000 ---p 00000000 00:00 0 
7f3b5c000000-7f3b5c021000 rw-p 00000000 00:00 0 
7f3b5c021000-7f3b60000000 ---p 00000000 00:00 0 
7f3b60000000-7f3b60021000 rw-p 00000000 00:00 0 
7f3b60021000-7f3b64000000 ---p 00000000 00:00 0 
7f3b64000000-7f3b64021000 rw-p 00000000 00:00 0 
7f3b64021000-7f3b68000000 ---p 00000000 00:00 0 
7f3b68000000-7f3b68021000 rw-p 00000000 00:00 0 
7f3b68021000-7f3b6c000000 ---p 00000000 00:00 0 
7f3b6c000000-7f3b6c021000 rw-p 00000000 00:00 0 
7f3b6c021000-7f3b70000000 ---p 00000000 00:00 0 
7f3b70000000-7f3b70021000 rw-p 00000000 00:00 0 
7f3b70021000-7f3b74000000 ---p 00000000 00:00 0 
7f3b74000000-7f3b74021000 rw-p 00000000 00:00 0 
7f3b74021000-7f3b78000000 ---p 00000000 00:00 0 
7f3b78000000-7f3b78021000 rw-p 00000000 00:00 0 
7f3b78021000-7f3b7c000000 ---p 00000000 00:00 0 
7f3b7c014000-7f3b7c017000 r-xp 00000000 08:06 1439340                    /usr/lib/x86_64-linux-gnu/libgmodule-2.0.so.0.4002.0
7f3b7c017000-7f3b7c216000 ---p 00003000 08:06 1439340                    /usr/lib/x86_64-linux-gnu/libgmodule-2.0.so.0.4002.0
7f3b7c216000-7f3b7c217000 r--p 00002000 08:06 1439340                    /usr/lib/x86_64-linux-gnu/libgmodule-2.0.so.0.4002.0
7f3b7c217000-7f3b7c218000 rw-p 00003000 08:06 1439340                    /usr/lib/x86_64-linux-gnu/libgmodule-2.0.so.0.4002.0
7f3b7c218000-7f3b7c267000 r-xp 00000000 08:06 1439358                    /usr/lib/x86_64-linux-gnu/libgobject-2.0.so.0.4002.0
7f3b7c267000-7f3b7c467000 ---p 0004f000 08:06 1439358                    /usr/lib/x86_64-linux-gnu/libgobject-2.0.so.0.4002.0
7f3b7c467000-7f3b7c468000 r--p 0004f000 08:06 1439358                    /usr/lib/x86_64-linux-gnu/libgobject-2.0.so.0.4002.0
7f3b7c468000-7f3b7c469000 rw-p 00050000 08:06 1439358                    /usr/lib/x86_64-linux-gnu/libgobject-2.0.so.0.4002.0
7f3b7c469000-7f3b7c5d5000 r-xp 00000000 08:06 1439362                    /usr/lib/x86_64-linux-gnu/libgio-2.0.so.0.4002.0
7f3b7c5d5000-7f3b7c7d4000 ---p 0016c000 08:06 1439362                    /usr/lib/x86_64-linux-gnu/libgio-2.0.so.0.4002.0
7f3b7c7d4000-7f3b7c7d8000 r--p 0016b000 08:06 1439362                    /usr/lib/x86_64-linux-gnu/libgio-2.0.so.0.4002.0
7f3b7c7d8000-7f3b7c7da000 rw-p 0016f000 08:06 1439362                    /usr/lib/x86_64-linux-gnu/libgio-2.0.so.0.4002.0
7f3b7c7da000-7f3b7c7dc000 rw-p 00000000 00:00 0 
7f3b7c7f8000-7f3b7c80f000 r-xp 00000000 08:06 1489830                    /usr/lib/jvm/java-7-openjdk-amd64/jre/lib/amd64/libnet.so
7f3b7c80f000-7f3b7ca0e000 ---p 00017000 08:06 1489830                    /usr/lib/jvm/java-7-openjdk-amd64/jre/lib/amd64/libnet.so
7f3b7ca0e000-7f3b7ca0f000 r--p 00016000 08:06 1489830                    /usr/lib/jvm/java-7-openjdk-amd64/jre/lib/amd64/libnet.so
7f3b7ca0f000-7f3b7ca10000 rw-p 00017000 08:06 1489830                    /usr/lib/jvm/java-7-openjdk-amd64/jre/lib/amd64/libnet.so
7f3b7ca10000-7f3b7ca20000 r-xp 00000000 08:06 1489812                    /usr/lib/jvm/java-7-openjdk-amd64/jre/lib/amd64/libnio.so
7f3b7ca20000-7f3b7cc20000 ---p 00010000 08:06 1489812                    /usr/lib/jvm/java-7-openjdk-amd64/jre/lib/amd64/libnio.so
7f3b7cc20000-7f3b7cc21000 r--p 00010000 08:06 1489812                    /usr/lib/jvm/java-7-openjdk-amd64/jre/lib/amd64/libnio.so
7f3b7cc21000-7f3b7cc22000 rw-p 00011000 08:06 1489812                    /usr/lib/jvm/java-7-openjdk-amd64/jre/lib/amd64/libnio.so
7f3b7cc22000-7f3b7cc38000 r--s 000f0000 08:06 3245247                    /home/tulin/AndroidStudioProjects/CamApp/app/build/intermediates/exploded-aar/com.android.support/support-v4/23.2.0/jars/classes.jar
7f3b7cc38000-7f3b7cc47000 r--s 000df000 08:06 3216701                    /home/tulin/Android/Sdk/build-tools/23.0.2/lib/dx.jar
7f3b7cc47000-7f3b7cc48000 ---p 00000000 00:00 0 
7f3b7cc48000-7f3b7cd48000 rw-p 00000000 00:00 0                          [stack:7959]
7f3b7cd48000-7f3b7cd4b000 ---p 00000000 00:00 0 
7f3b7cd4b000-7f3b7ce49000 rw-p 00000000 00:00 0                          [stack:7957]
7f3b7ce49000-7f3b7ce4c000 ---p 00000000 00:00 0 
7f3b7ce4c000-7f3b7cf4a000 rw-p 00000000 00:00 0                          [stack:7954]
7f3b7cf4a000-7f3b7cf4d000 ---p 00000000 00:00 0 
7f3b7cf4d000-7f3b7d04b000 rw-p 00000000 00:00 0                          [stack:7953]
7f3b7d04b000-7f3b7d04e000 ---p 00000000 00:00 0 
7f3b7d04e000-7f3b7d14c000 rw-p 00000000 00:00 0                          [stack:7950]
7f3b7d14c000-7f3b7d99e000 r--p 00000000 08:06 1447082                    /usr/lib/locale/locale-archive
7f3b7d99e000-7f3b7d9a1000 ---p 00000000 00:00 0 
7f3b7d9a1000-7f3b7da9f000 rw-p 00000000 00:00 0                          [stack:7943]
7f3b7da9f000-7f3b7daa2000 ---p 00000000 00:00 0 
7f3b7daa2000-7f3b7dba0000 rw-p 00000000 00:00 0                          [stack:7942]
7f3b7dba0000-7f3b7dba1000 ---p 00000000 00:00 0 
7f3b7dba1000-7f3b81000000 rw-p 00000000 00:00 0                          [stack:7940]
7f3b81000000-7f3b81270000 rwxp 00000000 00:00 0 
7f3b81270000-7f3b841c5000 rw-p 00000000 00:00 0 
7f3b841c5000-7f3b88000000 ---p 00000000 00:00 0 
7f3b8800a000-7f3b881d8000 rw-p 00000000 00:00 0 
7f3b881d8000-7f3b8838a000 r--s 01d2f000 08:06 1489796                    /usr/lib/jvm/java-7-openjdk-amd64/jre/lib/rt.jar
7f3b8838a000-7f3b886d6000 rw-p 00000000 00:00 0 
7f3b886d6000-7f3b886d7000 ---p 00000000 00:00 0 
7f3b886d7000-7f3b887d7000 rw-p 00000000 00:00 0                          [stack:7933]
7f3b887d7000-7f3b887d8000 ---p 00000000 00:00 0 
7f3b887d8000-7f3b888d8000 rw-p 00000000 00:00 0                          [stack:7931]
7f3b888d8000-7f3b888d9000 ---p 00000000 00:00 0 
7f3b888d9000-7f3b889d9000 rw-p 00000000 00:00 0                          [stack:7924]
7f3b889d9000-7f3b889da000 ---p 00000000 00:00 0 
7f3b889da000-7f3b88ae5000 rw-p 00000000 00:00 0                          [stack:7920]
7f3b88ae5000-7f3b88b2d000 rw-p 00000000 00:00 0 
7f3b88b2d000-7f3b88b41000 rw-p 00000000 00:00 0 
7f3b88b41000-7f3b88c83000 rw-p 00000000 00:00 0 
7f3b88c83000-7f3b88c8e000 rw-p 00000000 00:00 0 
7f3b88c8e000-7f3b88cd6000 rw-p 00000000 00:00 0 
7f3b88cd6000-7f3b88cea000 rw-p 00000000 00:00 0 
7f3b88cea000-7f3b88e2b000 rw-p 00000000 00:00 0 
7f3b88e2b000-7f3b88e4d000 rw-p 00000000 00:00 0 
7f3b88e4d000-7f3b88ed6000 rw-p 00000000 00:00 0 
7f3b88ed6000-7f3b88ed7000 rw-p 00000000 00:00 0 
7f3b88ed7000-7f3b88edf000 r-xp 00000000 08:06 1489805                    /usr/lib/jvm/java-7-openjdk-amd64/jre/lib/amd64/libzip.so
7f3b88edf000-7f3b890de000 ---p 00008000 08:06 1489805                    /usr/lib/jvm/java-7-openjdk-amd64/jre/lib/amd64/libzip.so
7f3b890de000-7f3b890df000 r--p 00007000 08:06 1489805                    /usr/lib/jvm/java-7-openjdk-amd64/jre/lib/amd64/libzip.so
7f3b890df000-7f3b890e0000 rw-p 00008000 08:06 1489805                    /usr/lib/jvm/java-7-openjdk-amd64/jre/lib/amd64/libzip.so
7f3b890e0000-7f3b890eb000 r-xp 00000000 08:06 184225                     /lib/x86_64-linux-gnu/libnss_files-2.19.so
7f3b890eb000-7f3b892ea000 ---p 0000b000 08:06 184225                     /lib/x86_64-linux-gnu/libnss_files-2.19.so
7f3b892ea000-7f3b892eb000 r--p 0000a000 08:06 184225                     /lib/x86_64-linux-gnu/libnss_files-2.19.so
7f3b892eb000-7f3b892ec000 rw-p 0000b000 08:06 184225                     /lib/x86_64-linux-gnu/libnss_files-2.19.so
7f3b892ec000-7f3b892f7000 r-xp 00000000 08:06 145746                     /lib/x86_64-linux-gnu/libnss_nis-2.19.so
7f3b892f7000-7f3b894f6000 ---p 0000b000 08:06 145746                     /lib/x86_64-linux-gnu/libnss_nis-2.19.so
7f3b894f6000-7f3b894f7000 r--p 0000a000 08:06 145746                     /lib/x86_64-linux-gnu/libnss_nis-2.19.so
7f3b894f7000-7f3b894f8000 rw-p 0000b000 08:06 145746                     /lib/x86_64-linux-gnu/libnss_nis-2.19.so
7f3b894f8000-7f3b8950f000 r-xp 00000000 08:06 145742                     /lib/x86_64-linux-gnu/libnsl-2.19.so
7f3b8950f000-7f3b8970e000 ---p 00017000 08:06 145742                     /lib/x86_64-linux-gnu/libnsl-2.19.so
7f3b8970e000-7f3b8970f000 r--p 00016000 08:06 145742                     /lib/x86_64-linux-gnu/libnsl-2.19.so
7f3b8970f000-7f3b89710000 rw-p 00017000 08:06 145742                     /lib/x86_64-linux-gnu/libnsl-2.19.so
7f3b89710000-7f3b89712000 rw-p 00000000 00:00 0 
7f3b89712000-7f3b8971b000 r-xp 00000000 08:06 145741                     /lib/x86_64-linux-gnu/libnss_compat-2.19.so
7f3b8971b000-7f3b8991a000 ---p 00009000 08:06 145741                     /lib/x86_64-linux-gnu/libnss_compat-2.19.so
7f3b8991a000-7f3b8991b000 r--p 00008000 08:06 145741                     /lib/x86_64-linux-gnu/libnss_compat-2.19.so
7f3b8991b000-7f3b8991c000 rw-p 00009000 08:06 145741                     /lib/x86_64-linux-gnu/libnss_compat-2.19.so
7f3b8991c000-7f3b89947000 r-xp 00000000 08:06 1489826                    /usr/lib/jvm/java-7-openjdk-amd64/jre/lib/amd64/libjava.so
7f3b89947000-7f3b89b47000 ---p 0002b000 08:06 1489826                    /usr/lib/jvm/java-7-openjdk-amd64/jre/lib/amd64/libjava.so
7f3b89b47000-7f3b89b48000 r--p 0002b000 08:06 1489826                    /usr/lib/jvm/java-7-openjdk-amd64/jre/lib/amd64/libjava.so
7f3b89b48000-7f3b89b4a000 rw-p 0002c000 08:06 1489826                    /usr/lib/jvm/java-7-openjdk-amd64/jre/lib/amd64/libjava.so
7f3b89b4a000-7f3b89b5a000 r-xp 00000000 08:06 1489810                    /usr/lib/jvm/java-7-openjdk-amd64/jre/lib/amd64/libverify.so
7f3b89b5a000-7f3b89d59000 ---p 00010000 08:06 1489810                    /usr/lib/jvm/java-7-openjdk-amd64/jre/lib/amd64/libverify.so
7f3b89d59000-7f3b89d5b000 r--p 0000f000 08:06 1489810                    /usr/lib/jvm/java-7-openjdk-amd64/jre/lib/amd64/libverify.so
7f3b89d5b000-7f3b89d5c000 rw-p 00011000 08:06 1489810                    /usr/lib/jvm/java-7-openjdk-amd64/jre/lib/amd64/libverify.so
7f3b89d5c000-7f3b89d63000 r-xp 00000000 08:06 148472                     /lib/x86_64-linux-gnu/librt-2.19.so
7f3b89d63000-7f3b89f62000 ---p 00007000 08:06 148472                     /lib/x86_64-linux-gnu/librt-2.19.so
7f3b89f62000-7f3b89f63000 r--p 00006000 08:06 148472                     /lib/x86_64-linux-gnu/librt-2.19.so
7f3b89f63000-7f3b89f64000 rw-p 00007000 08:06 148472                     /lib/x86_64-linux-gnu/librt-2.19.so
7f3b89f64000-7f3b89f7a000 r-xp 00000000 08:06 131070                     /lib/x86_64-linux-gnu/libgcc_s.so.1
7f3b89f7a000-7f3b8a179000 ---p 00016000 08:06 131070                     /lib/x86_64-linux-gnu/libgcc_s.so.1
7f3b8a179000-7f3b8a17a000 rw-p 00015000 08:06 131070                     /lib/x86_64-linux-gnu/libgcc_s.so.1
7f3b8a17a000-7f3b8a27f000 r-xp 00000000 08:06 135048                     /lib/x86_64-linux-gnu/libm-2.19.so
7f3b8a27f000-7f3b8a47e000 ---p 00105000 08:06 135048                     /lib/x86_64-linux-gnu/libm-2.19.so
7f3b8a47e000-7f3b8a47f000 r--p 00104000 08:06 135048                     /lib/x86_64-linux-gnu/libm-2.19.so
7f3b8a47f000-7f3b8a480000 rw-p 00105000 08:06 135048                     /lib/x86_64-linux-gnu/libm-2.19.so
7f3b8a480000-7f3b8a566000 r-xp 00000000 08:06 1439330                    /usr/lib/x86_64-linux-gnu/libstdc++.so.6.0.19
7f3b8a566000-7f3b8a765000 ---p 000e6000 08:06 1439330                    /usr/lib/x86_64-linux-gnu/libstdc++.so.6.0.19
7f3b8a765000-7f3b8a76d000 r--p 000e5000 08:06 1439330                    /usr/lib/x86_64-linux-gnu/libstdc++.so.6.0.19
7f3b8a76d000-7f3b8a76f000 rw-p 000ed000 08:06 1439330                    /usr/lib/x86_64-linux-gnu/libstdc++.so.6.0.19
7f3b8a76f000-7f3b8a784000 rw-p 00000000 00:00 0 
7f3b8a784000-7f3b8b2a9000 r-xp 00000000 08:06 1489806                    /usr/lib/jvm/java-7-openjdk-amd64/jre/lib/amd64/server/libjvm.so
7f3b8b2a9000-7f3b8b4a9000 ---p 00b25000 08:06 1489806                    /usr/lib/jvm/java-7-openjdk-amd64/jre/lib/amd64/server/libjvm.so
7f3b8b4a9000-7f3b8b543000 r--p 00b25000 08:06 1489806                    /usr/lib/jvm/java-7-openjdk-amd64/jre/lib/amd64/server/libjvm.so
7f3b8b543000-7f3b8b566000 rw-p 00bbf000 08:06 1489806                    /usr/lib/jvm/java-7-openjdk-amd64/jre/lib/amd64/server/libjvm.so
7f3b8b566000-7f3b8b594000 rw-p 00000000 00:00 0 
7f3b8b594000-7f3b8b5ac000 r-xp 00000000 08:06 135112                     /lib/x86_64-linux-gnu/libz.so.1.2.8
7f3b8b5ac000-7f3b8b7ab000 ---p 00018000 08:06 135112                     /lib/x86_64-linux-gnu/libz.so.1.2.8
7f3b8b7ab000-7f3b8b7ac000 r--p 00017000 08:06 135112                     /lib/x86_64-linux-gnu/libz.so.1.2.8
7f3b8b7ac000-7f3b8b7ad000 rw-p 00018000 08:06 135112                     /lib/x86_64-linux-gnu/libz.so.1.2.8
7f3b8b7ad000-7f3b8b7c6000 r-xp 00000000 08:06 145743                     /lib/x86_64-linux-gnu/libpthread-2.19.so
7f3b8b7c6000-7f3b8b9c5000 ---p 00019000 08:06 145743                     /lib/x86_64-linux-gnu/libpthread-2.19.so
7f3b8b9c5000-7f3b8b9c6000 r--p 00018000 08:06 145743                     /lib/x86_64-linux-gnu/libpthread-2.19.so
7f3b8b9c6000-7f3b8b9c7000 rw-p 00019000 08:06 145743                     /lib/x86_64-linux-gnu/libpthread-2.19.so
7f3b8b9c7000-7f3b8b9cb000 rw-p 00000000 00:00 0 
7f3b8b9cb000-7f3b8b9ce000 r-xp 00000000 08:06 145738                     /lib/x86_64-linux-gnu/libdl-2.19.so
7f3b8b9ce000-7f3b8bbcd000 ---p 00003000 08:06 145738                     /lib/x86_64-linux-gnu/libdl-2.19.so
7f3b8bbcd000-7f3b8bbce000 r--p 00002000 08:06 145738                     /lib/x86_64-linux-gnu/libdl-2.19.so
7f3b8bbce000-7f3b8bbcf000 rw-p 00003000 08:06 145738                     /lib/x86_64-linux-gnu/libdl-2.19.so
7f3b8bbcf000-7f3b8bd8a000 r-xp 00000000 08:06 148473                     /lib/x86_64-linux-gnu/libc-2.19.so
7f3b8bd8a000-7f3b8bf89000 ---p 001bb000 08:06 148473                     /lib/x86_64-linux-gnu/libc-2.19.so
7f3b8bf89000-7f3b8bf8d000 r--p 001ba000 08:06 148473                     /lib/x86_64-linux-gnu/libc-2.19.so
7f3b8bf8d000-7f3b8bf8f000 rw-p 001be000 08:06 148473                     /lib/x86_64-linux-gnu/libc-2.19.so
7f3b8bf8f000-7f3b8bf94000 rw-p 00000000 00:00 0 
7f3b8bf94000-7f3b8bfa1000 r-xp 00000000 08:06 1489800                    /usr/lib/jvm/java-7-openjdk-amd64/jre/lib/amd64/jli/libjli.so
7f3b8bfa1000-7f3b8c1a0000 ---p 0000d000 08:06 1489800                    /usr/lib/jvm/java-7-openjdk-amd64/jre/lib/amd64/jli/libjli.so
7f3b8c1a0000-7f3b8c1a1000 r--p 0000c000 08:06 1489800                    /usr/lib/jvm/java-7-openjdk-amd64/jre/lib/amd64/jli/libjli.so
7f3b8c1a1000-7f3b8c1a2000 rw-p 0000d000 08:06 1489800                    /usr/lib/jvm/java-7-openjdk-amd64/jre/lib/amd64/jli/libjli.so
7f3b8c1a2000-7f3b8c1c5000 r-xp 00000000 08:06 145744                     /lib/x86_64-linux-gnu/ld-2.19.so
7f3b8c1c5000-7f3b8c1c8000 r--s 0000f000 08:06 1489840                    /usr/lib/jvm/java-7-openjdk-amd64/jre/lib/ext/icedtea-sound.jar
7f3b8c1c8000-7f3b8c1ea000 rw-p 00000000 00:00 0 
7f3b8c1ea000-7f3b8c2a0000 rw-p 00000000 00:00 0 
7f3b8c2a0000-7f3b8c2a3000 ---p 00000000 00:00 0 
7f3b8c2a3000-7f3b8c3a7000 rw-p 00000000 00:00 0                          [stack:7914]
7f3b8c3a7000-7f3b8c3a9000 r--s 00012000 08:06 1489837                    /usr/lib/jvm/java-7-openjdk-amd64/jre/lib/ext/zipfs.jar
7f3b8c3a9000-7f3b8c3aa000 r--s 00002000 08:06 1489839                    /usr/lib/jvm/java-7-openjdk-amd64/jre/lib/ext/dnsns.jar
7f3b8c3aa000-7f3b8c3ac000 r--s 00006000 08:06 1840524                    /usr/share/java/java-atk-wrapper.jar
7f3b8c3ac000-7f3b8c3b0000 r--s 0003c000 08:06 1489838                    /usr/lib/jvm/java-7-openjdk-amd64/jre/lib/ext/sunpkcs11.jar
7f3b8c3b0000-7f3b8c3b4000 r--s 00034000 08:06 1489836                    /usr/lib/jvm/java-7-openjdk-amd64/jre/lib/ext/sunjce_provider.jar
7f3b8c3b4000-7f3b8c3b8000 r--s 00085000 08:06 1489835                    /usr/lib/jvm/java-7-openjdk-amd64/jre/lib/ext/localedata.jar
7f3b8c3b8000-7f3b8c3c0000 rw-s 00000000 08:06 1840743                    /tmp/hsperfdata_tulin/7894
7f3b8c3c0000-7f3b8c3c1000 rw-p 00000000 00:00 0 
7f3b8c3c1000-7f3b8c3c2000 ---p 00000000 00:00 0 
7f3b8c3c2000-7f3b8c3c4000 rw-p 00000000 00:00 0 
7f3b8c3c4000-7f3b8c3c5000 r--p 00022000 08:06 145744                     /lib/x86_64-linux-gnu/ld-2.19.so
7f3b8c3c5000-7f3b8c3c6000 rw-p 00023000 08:06 145744                     /lib/x86_64-linux-gnu/ld-2.19.so
7f3b8c3c6000-7f3b8c3c7000 rw-p 00000000 00:00 0 
7fff91435000-7fff91456000 rw-p 00000000 00:00 0                          [stack]
7fff914f1000-7fff914f3000 r-xp 00000000 00:00 0                          [vdso]
ffffffffff600000-ffffffffff601000 r-xp 00000000 00:00 0                  [vsyscall]

VM Arguments:
jvm_args: -Djava.awt.headless=true -Xmx1024M -Dfile.encoding=UTF-8 -Duser.country=US -Duser.language=en -Duser.variant 
java_command: com.android.dx.command.Main --dex --num-threads=4 --output /home/tulin/AndroidStudioProjects/CamApp/app/build/intermediates/pre-dexed/debug/com.android.support-support-v4-23.2.0_4b1fd8c92292e56f5a1fba56278554e72cab954d.jar /home/tulin/AndroidStudioProjects/CamApp/app/build/intermediates/exploded-aar/com.android.support/support-v4/23.2.0/jars/classes.jar
Launcher Type: SUN_STANDARD

Environment Variables:
PATH=/usr/local/sbin:/usr/local/bin:/usr/sbin:/usr/bin:/sbin:/bin:/usr/games:/usr/local/games
SHELL=/bin/bash
DISPLAY=:0

Signal Handlers:
SIGSEGV: [libjvm.so+0x955bc0], sa_mask[0]=0x7ffbfeff, sa_flags=0x10000004
SIGBUS: [libjvm.so+0x955bc0], sa_mask[0]=0x7ffbfeff, sa_flags=0x10000004
SIGFPE: [libjvm.so+0x7caff0], sa_mask[0]=0x7ffbfeff, sa_flags=0x10000004
SIGPIPE: [libjvm.so+0x7caff0], sa_mask[0]=0x7ffbfeff, sa_flags=0x10000004
SIGXFSZ: [libjvm.so+0x7caff0], sa_mask[0]=0x7ffbfeff, sa_flags=0x10000004
SIGILL: [libjvm.so+0x7caff0], sa_mask[0]=0x7ffbfeff, sa_flags=0x10000004
SIGUSR1: SIG_DFL, sa_mask[0]=0x00000000, sa_flags=0x00000000
SIGUSR2: [libjvm.so+0x7cae90], sa_mask[0]=0x00000004, sa_flags=0x10000004
SIGHUP: [libjvm.so+0x7cb070], sa_mask[0]=0x7ffbfeff, sa_flags=0x10000004
SIGINT: [libjvm.so+0x7cb070], sa_mask[0]=0x7ffbfeff, sa_flags=0x10000004
SIGTERM: [libjvm.so+0x7cb070], sa_mask[0]=0x7ffbfeff, sa_flags=0x10000004
SIGQUIT: [libjvm.so+0x7cb070], sa_mask[0]=0x7ffbfeff, sa_flags=0x10000004
SIGTRAP: SIG_DFL, sa_mask[0]=0x00000000, sa_flags=0x00000000


---------------  S Y S T E M  ---------------

OS:Ubuntu 14.04 (trusty)
uname:Linux 3.13.0-79-generic #123-Ubuntu SMP Fri Feb 19 14:27:58 UTC 2016 x86_64
libc:glibc 2.19 NPTL 2.19 
rlimit: STACK 8192k, CORE 0k, NPROC 30460, NOFILE 4096, AS infinity
load average:5,55 3,05 4,10

/proc/meminfo:
MemTotal:        3946988 kB
MemFree:          111768 kB
Buffers:             276 kB
Cached:           677960 kB
SwapCached:            0 kB
Active:          2994496 kB
Inactive:         660508 kB
Active(anon):    2993440 kB
Inactive(anon):   631196 kB
Active(file):       1056 kB
Inactive(file):    29312 kB
Unevictable:          32 kB
Mlocked:              32 kB
SwapTotal:             0 kB
SwapFree:              0 kB
Dirty:                72 kB
Writeback:             0 kB
AnonPages:       2977452 kB
Mapped:           191152 kB
Shmem:            647216 kB
Slab:              74264 kB
SReclaimable:      34868 kB
SUnreclaim:        39396 kB
KernelStack:        6336 kB
PageTables:        44652 kB
NFS_Unstable:          0 kB
Bounce:                0 kB
WritebackTmp:          0 kB
CommitLimit:     1973492 kB
Committed_AS:    9048448 kB
VmallocTotal:   34359738367 kB
VmallocUsed:      350184 kB
VmallocChunk:   34359381756 kB
HardwareCorrupted:     0 kB
AnonHugePages:   1175552 kB
HugePages_Total:       0
HugePages_Free:        0
HugePages_Rsvd:        0
HugePages_Surp:        0
Hugepagesize:       2048 kB
DirectMap4k:       66592 kB
DirectMap2M:     4028416 kB


CPU:total 4 (2 cores per cpu, 2 threads per core) family 6 model 42 stepping 7, cmov, cx8, fxsr, mmx, sse, sse2, sse3, ssse3, sse4.1, sse4.2, popcnt, avx, aes, ht, tsc, tscinvbit

/proc/cpuinfo:
processor	: 0
vendor_id	: GenuineIntel
cpu family	: 6
model		: 42
model name	: Intel(R) Core(TM) i5-2557M CPU @ 1.70GHz
stepping	: 7
microcode	: 0x1a
cpu MHz		: 1701.000
cache size	: 3072 KB
physical id	: 0
siblings	: 4
core id		: 0
cpu cores	: 2
apicid		: 0
initial apicid	: 0
fpu		: yes
fpu_exception	: yes
cpuid level	: 13
wp		: yes
flags		: fpu vme de pse tsc msr pae mce cx8 apic sep mtrr pge mca cmov pat pse36 clflush dts acpi mmx fxsr sse sse2 ss ht tm pbe syscall nx rdtscp lm constant_tsc arch_perfmon pebs bts rep_good nopl xtopology nonstop_tsc aperfmperf eagerfpu pni pclmulqdq dtes64 monitor ds_cpl vmx smx est tm2 ssse3 cx16 xtpr pdcm pcid sse4_1 sse4_2 x2apic popcnt tsc_deadline_timer aes xsave avx lahf_lm ida arat epb xsaveopt pln pts dtherm tpr_shadow vnmi flexpriority ept vpid
bogomips	: 3392.10
clflush size	: 64
cache_alignment	: 64
address sizes	: 36 bits physical, 48 bits virtual
power management:

processor	: 1
vendor_id	: GenuineIntel
cpu family	: 6
model		: 42
model name	: Intel(R) Core(TM) i5-2557M CPU @ 1.70GHz
stepping	: 7
microcode	: 0x1a
cpu MHz		: 1701.000
cache size	: 3072 KB
physical id	: 0
siblings	: 4
core id		: 1
cpu cores	: 2
apicid		: 2
initial apicid	: 2
fpu		: yes
fpu_exception	: yes
cpuid level	: 13
wp		: yes
flags		: fpu vme de pse tsc msr pae mce cx8 apic sep mtrr pge mca cmov pat pse36 clflush dts acpi mmx fxsr sse sse2 ss ht tm pbe syscall nx rdtscp lm constant_tsc arch_perfmon pebs bts rep_good nopl xtopology nonstop_tsc aperfmperf eagerfpu pni pclmulqdq dtes64 monitor ds_cpl vmx smx est tm2 ssse3 cx16 xtpr pdcm pcid sse4_1 sse4_2 x2apic popcnt tsc_deadline_timer aes xsave avx lahf_lm ida arat epb xsaveopt pln pts dtherm tpr_shadow vnmi flexpriority ept vpid
bogomips	: 3392.10
clflush size	: 64
cache_alignment	: 64
address sizes	: 36 bits physical, 48 bits virtual
power management:

processor	: 2
vendor_id	: GenuineIntel
cpu family	: 6
model		: 42
model name	: Intel(R) Core(TM) i5-2557M CPU @ 1.70GHz
stepping	: 7
microcode	: 0x1a
cpu MHz		: 1701.000
cache size	: 3072 KB
physical id	: 0
siblings	: 4
core id		: 0
cpu cores	: 2
apicid		: 1
initial apicid	: 1
fpu		: yes
fpu_exception	: yes
cpuid level	: 13
wp		: yes
flags		: fpu vme de pse tsc msr pae mce cx8 apic sep mtrr pge mca cmov pat pse36 clflush dts acpi mmx fxsr sse sse2 ss ht tm pbe syscall nx rdtscp lm constant_tsc arch_perfmon pebs bts rep_good nopl xtopology nonstop_tsc aperfmperf eagerfpu pni pclmulqdq dtes64 monitor ds_cpl vmx smx est tm2 ssse3 cx16 xtpr pdcm pcid sse4_1 sse4_2 x2apic popcnt tsc_deadline_timer aes xsave avx lahf_lm ida arat epb xsaveopt pln pts dtherm tpr_shadow vnmi flexpriority ept vpid
bogomips	: 3392.10
clflush size	: 64
cache_alignment	: 64
address sizes	: 36 bits physical, 48 bits virtual
power management:

processor	: 3
vendor_id	: GenuineIntel
cpu family	: 6
model		: 42
model name	: Intel(R) Core(TM) i5-2557M CPU @ 1.70GHz
stepping	: 7
microcode	: 0x1a
cpu MHz		: 1701.000
cache size	: 3072 KB
physical id	: 0
siblings	: 4
core id		: 1
cpu cores	: 2
apicid		: 3
initial apicid	: 3
fpu		: yes
fpu_exception	: yes
cpuid level	: 13
wp		: yes
flags		: fpu vme de pse tsc msr pae mce cx8 apic sep mtrr pge mca cmov pat pse36 clflush dts acpi mmx fxsr sse sse2 ss ht tm pbe syscall nx rdtscp lm constant_tsc arch_perfmon pebs bts rep_good nopl xtopology nonstop_tsc aperfmperf eagerfpu pni pclmulqdq dtes64 monitor ds_cpl vmx smx est tm2 ssse3 cx16 xtpr pdcm pcid sse4_1 sse4_2 x2apic popcnt tsc_deadline_timer aes xsave avx lahf_lm ida arat epb xsaveopt pln pts dtherm tpr_shadow vnmi flexpriority ept vpid
bogomips	: 3392.10
clflush size	: 64
cache_alignment	: 64
address sizes	: 36 bits physical, 48 bits virtual
power management:



Memory: 4k page, physical 3946988k(111768k free), swap 0k(0k free)

vm_info: OpenJDK 64-Bit Server VM (24.95-b01) for linux-amd64 JRE (1.7.0_95-b00), built on Jan 21 2016 03:31:40 by "buildd" with gcc 4.8.4

time: Wed Mar 23 15:45:14 2016
elapsed time: 12 seconds

