#
# There is insufficient memory for the Java Runtime Environment to continue.
# Native memory allocation (malloc) failed to allocate 72351744 bytes for committing reserved memory.
# Possible reasons:
#   The system is out of physical RAM or swap space
#   In 32 bit mode, the process size limit was hit
# Possible solutions:
#   Reduce memory load on the system
#   Increase physical memory or swap space
#   Check if swap backing store is full
#   Use 64 bit Java on a 64 bit OS
#   Decrease Java heap size (-Xmx/-Xms)
#   Decrease number of Java threads
#   Decrease Java thread stack sizes (-Xss)
#   Set larger code cache with -XX:ReservedCodeCacheSize=
# This output file may be truncated or incomplete.
#
#  Out of Memory Error (os_linux.cpp:2827), pid=5360, tid=139846210266880
#
# JRE version: OpenJDK Runtime Environment (7.0_95) (build 1.7.0_95-b00)
# Java VM: OpenJDK 64-Bit Server VM (24.95-b01 mixed mode linux-amd64 compressed oops)
# Derivative: IcedTea 2.6.4
# Distribution: Ubuntu 14.04.3 LTS, package 7u95-2.6.4-0ubuntu0.14.04.1
# Failed to write core dump. Core dumps have been disabled. To enable core dumping, try "ulimit -c unlimited" before starting Java again
#

---------------  T H R E A D  ---------------

Current thread (0x00007f308c076000):  VMThread [stack: 0x00007f307b9fa000,0x00007f307bafb000] [id=5370]

Stack: [0x00007f307b9fa000,0x00007f307bafb000],  sp=0x00007f307baf9490,  free space=1021k
Native frames: (J=compiled Java code, j=interpreted, Vv=VM code, C=native code)
V  [libjvm.so+0x9550e5]
V  [libjvm.so+0x4902b4]
V  [libjvm.so+0x7cf7bb]
V  [libjvm.so+0x7ca28f]
V  [libjvm.so+0x83e56b]
V  [libjvm.so+0x83f3e0]
V  [libjvm.so+0x83facb]
V  [libjvm.so+0x83b4d8]
V  [libjvm.so+0x83bd48]
V  [libjvm.so+0x7f1fd3]
V  [libjvm.so+0x956ae4]
V  [libjvm.so+0x95abe7]
V  [libjvm.so+0x9596a8]
V  [libjvm.so+0x959b09]
V  [libjvm.so+0x959f52]
V  [libjvm.so+0x7cc682]

VM_Operation (0x00007f3078ec0db0): ParallelGCFailedAllocation, mode: safepoint, requested by thread 0x00007f308c123000


---------------  P R O C E S S  ---------------

Java Threads: ( => current thread )
  0x00007f308c123000 JavaThread "pool-1-thread-4" [_thread_blocked, id=5391, stack(0x00007f3078dc2000,0x00007f3078ec3000)]
  0x00007f308c121800 JavaThread "pool-1-thread-3" [_thread_blocked, id=5388, stack(0x00007f3078ec3000,0x00007f3078fc4000)]
  0x00007f308c014000 JavaThread "pool-1-thread-2" [_thread_blocked, id=5387, stack(0x00007f3078fc4000,0x00007f30790c5000)]
  0x00007f308c012800 JavaThread "pool-2-thread-1" [_thread_blocked, id=5385, stack(0x00007f30790c5000,0x00007f30791c6000)]
  0x00007f308c010800 JavaThread "pool-1-thread-1" [_thread_blocked, id=5383, stack(0x00007f30791c6000,0x00007f30792c7000)]
  0x00007f308c0b1800 JavaThread "Service Thread" daemon [_thread_blocked, id=5381, stack(0x00007f307aba2000,0x00007f307aca3000)]
  0x00007f308c0af800 JavaThread "C2 CompilerThread1" daemon [_thread_blocked, id=5380, stack(0x00007f307aca3000,0x00007f307ada4000)]
  0x00007f308c0ac800 JavaThread "C2 CompilerThread0" daemon [_thread_blocked, id=5379, stack(0x00007f307ada4000,0x00007f307aea5000)]
  0x00007f308c0aa800 JavaThread "Signal Dispatcher" daemon [_thread_blocked, id=5378, stack(0x00007f307aea5000,0x00007f307afa6000)]
  0x00007f308c07c000 JavaThread "Finalizer" daemon [_thread_blocked, id=5372, stack(0x00007f307b7f8000,0x00007f307b8f9000)]
  0x00007f308c07a000 JavaThread "Reference Handler" daemon [_thread_blocked, id=5371, stack(0x00007f307b8f9000,0x00007f307b9fa000)]
  0x00007f308c00a800 JavaThread "main" [_thread_blocked, id=5365, stack(0x00007f30960ff000,0x00007f3096200000)]

Other Threads:
=>0x00007f308c076000 VMThread [stack: 0x00007f307b9fa000,0x00007f307bafb000] [id=5370]
  0x00007f308c0bc000 WatcherThread [stack: 0x00007f307aaa1000,0x00007f307aba2000] [id=5382]

VM state:at safepoint (normal execution)

VM Mutex/Monitor currently owned by a thread:  ([mutex/lock_event])
[0x00007f308c006990] Threads_lock - owner thread: 0x00007f308c076000
[0x00007f308c006e90] Heap_lock - owner thread: 0x00007f308c123000

Heap
 PSYoungGen      total 71680K, used 9203K [0x00000000eaa80000, 0x00000000efa80000, 0x0000000100000000)
  eden space 62464K, 0% used [0x00000000eaa80000,0x00000000eaa80000,0x00000000ee780000)
  from space 9216K, 99% used [0x00000000ee780000,0x00000000ef07cf28,0x00000000ef080000)
  to   space 8192K, 0% used [0x00000000ef080000,0x00000000ef080000,0x00000000ef880000)
 ParOldGen       total 40960K, used 19382K [0x00000000c0000000, 0x00000000c2800000, 0x00000000eaa80000)
  object space 40960K, 47% used [0x00000000c0000000,0x00000000c12edab0,0x00000000c2800000)
 PSPermGen       total 21504K, used 6278K [0x00000000b5a00000, 0x00000000b6f00000, 0x00000000c0000000)
  object space 21504K, 29% used [0x00000000b5a00000,0x00000000b6021840,0x00000000b6f00000)

Card table byte_map: [0x00007f3092ae2000,0x00007f3092d36000] byte_map_base: 0x00007f3092535000

Polling page: 0x00007f3096220000

Code Cache  [0x00007f3089000000, 0x00007f3089270000, 0x00007f308c000000)
 total_blobs=521 nmethods=290 adapters=184 free_code_cache=47871Kb largest_free_block=48889088

Compilation events (10 events):
Event: 27,410 Thread 0x00007f308c0af800 nmethod 290 0x00007f3089125150 code [0x00007f30891252a0, 0x00007f3089125498]
Event: 27,476 Thread 0x00007f308c0af800  291             com.android.dx.ssa.back.SsaToRop::convertInsns (53 bytes)
Event: 32,380 Thread 0x00007f308c0af800 nmethod 291 0x00007f3089102b50 code [0x00007f3089102ce0, 0x00007f30891030f8]
Event: 32,391 Thread 0x00007f308c0af800  292             com.android.dx.rop.code.RopMethod::getBlocks (5 bytes)
Event: 32,393 Thread 0x00007f308c0ac800 nmethod 282 0x00007f3089150ed0 code [0x00007f3089151640, 0x00007f30891580a0]
Event: 32,393 Thread 0x00007f308c0ac800  293             com.android.dx.ssa.SsaMethod::forEachBlockDepthFirstDom (128 bytes)
Event: 32,428 Thread 0x00007f308c0af800 nmethod 292 0x00007f3089104b50 code [0x00007f3089104c80, 0x00007f3089104cd8]
Event: 32,431 Thread 0x00007f308c0af800  294             com.android.dx.ssa.SsaInsn::<init> (29 bytes)
Event: 32,434 Thread 0x00007f308c0af800 nmethod 294 0x00007f3089124f10 code [0x00007f3089125040, 0x00007f30891250d8]
Event: 32,434 Thread 0x00007f308c0af800  295             com.android.dx.ssa.SCCP::simulateStmt (481 bytes)

GC Heap History (10 events):
Event: 9,310 GC heap after
Heap after GC invocations=2 (full 0):
 PSYoungGen      total 18432K, used 2552K [0x00000000eaa80000, 0x00000000ebf00000, 0x0000000100000000)
  eden space 15872K, 0% used [0x00000000eaa80000,0x00000000eaa80000,0x00000000eba00000)
  from space 2560K, 99% used [0x00000000ebc80000,0x00000000ebefe050,0x00000000ebf00000)
  to   space 2560K, 0% used [0x00000000eba00000,0x00000000eba00000,0x00000000ebc80000)
 ParOldGen       total 40960K, used 2598K [0x00000000c0000000, 0x00000000c2800000, 0x00000000eaa80000)
  object space 40960K, 6% used [0x00000000c0000000,0x00000000c02899d8,0x00000000c2800000)
 PSPermGen       total 21504K, used 6038K [0x00000000b5a00000, 0x00000000b6f00000, 0x00000000c0000000)
  object space 21504K, 28% used [0x00000000b5a00000,0x00000000b5fe59e0,0x00000000b6f00000)
}
Event: 10,795 GC heap before
{Heap before GC invocations=3 (full 0):
 PSYoungGen      total 18432K, used 18424K [0x00000000eaa80000, 0x00000000ebf00000, 0x0000000100000000)
  eden space 15872K, 100% used [0x00000000eaa80000,0x00000000eba00000,0x00000000eba00000)
  from space 2560K, 99% used [0x00000000ebc80000,0x00000000ebefe050,0x00000000ebf00000)
  to   space 2560K, 0% used [0x00000000eba00000,0x00000000eba00000,0x00000000ebc80000)
 ParOldGen       total 40960K, used 2598K [0x00000000c0000000, 0x00000000c2800000, 0x00000000eaa80000)
  object space 40960K, 6% used [0x00000000c0000000,0x00000000c02899d8,0x00000000c2800000)
 PSPermGen       total 21504K, used 6129K [0x00000000b5a00000, 0x00000000b6f00000, 0x00000000c0000000)
  object space 21504K, 28% used [0x00000000b5a00000,0x00000000b5ffc550,0x00000000b6f00000)
Event: 10,931 GC heap after
Heap after GC invocations=3 (full 0):
 PSYoungGen      total 18432K, used 2550K [0x00000000eaa80000, 0x00000000ece80000, 0x0000000100000000)
  eden space 15872K, 0% used [0x00000000eaa80000,0x00000000eaa80000,0x00000000eba00000)
  from space 2560K, 99% used [0x00000000eba00000,0x00000000ebc7d9e0,0x00000000ebc80000)
  to   space 2560K, 0% used [0x00000000ecc00000,0x00000000ecc00000,0x00000000ece80000)
 ParOldGen       total 40960K, used 5024K [0x00000000c0000000, 0x00000000c2800000, 0x00000000eaa80000)
  object space 40960K, 12% used [0x00000000c0000000,0x00000000c04e8158,0x00000000c2800000)
 PSPermGen       total 21504K, used 6129K [0x00000000b5a00000, 0x00000000b6f00000, 0x00000000c0000000)
  object space 21504K, 28% used [0x00000000b5a00000,0x00000000b5ffc550,0x00000000b6f00000)
}
Event: 12,297 GC heap before
{Heap before GC invocations=4 (full 0):
 PSYoungGen      total 18432K, used 18422K [0x00000000eaa80000, 0x00000000ece80000, 0x0000000100000000)
  eden space 15872K, 100% used [0x00000000eaa80000,0x00000000eba00000,0x00000000eba00000)
  from space 2560K, 99% used [0x00000000eba00000,0x00000000ebc7d9e0,0x00000000ebc80000)
  to   space 2560K, 0% used [0x00000000ecc00000,0x00000000ecc00000,0x00000000ece80000)
 ParOldGen       total 40960K, used 5024K [0x00000000c0000000, 0x00000000c2800000, 0x00000000eaa80000)
  object space 40960K, 12% used [0x00000000c0000000,0x00000000c04e8158,0x00000000c2800000)
 PSPermGen       total 21504K, used 6171K [0x00000000b5a00000, 0x00000000b6f00000, 0x00000000c0000000)
  object space 21504K, 28% used [0x00000000b5a00000,0x00000000b6006fa0,0x00000000b6f00000)
Event: 12,329 GC heap after
Heap after GC invocations=4 (full 0):
 PSYoungGen      total 34304K, used 2534K [0x00000000eaa80000, 0x00000000ece80000, 0x0000000100000000)
  eden space 31744K, 0% used [0x00000000eaa80000,0x00000000eaa80000,0x00000000ec980000)
  from space 2560K, 99% used [0x00000000ecc00000,0x00000000ece79bb8,0x00000000ece80000)
  to   space 2560K, 0% used [0x00000000ec980000,0x00000000ec980000,0x00000000ecc00000)
 ParOldGen       total 40960K, used 7926K [0x00000000c0000000, 0x00000000c2800000, 0x00000000eaa80000)
  object space 40960K, 19% used [0x00000000c0000000,0x00000000c07bd9b8,0x00000000c2800000)
 PSPermGen       total 21504K, used 6171K [0x00000000b5a00000, 0x00000000b6f00000, 0x00000000c0000000)
  object space 21504K, 28% used [0x00000000b5a00000,0x00000000b6006fa0,0x00000000b6f00000)
}
Event: 15,879 GC heap before
{Heap before GC invocations=5 (full 0):
 PSYoungGen      total 34304K, used 34278K [0x00000000eaa80000, 0x00000000ece80000, 0x0000000100000000)
  eden space 31744K, 100% used [0x00000000eaa80000,0x00000000ec980000,0x00000000ec980000)
  from space 2560K, 99% used [0x00000000ecc00000,0x00000000ece79bb8,0x00000000ece80000)
  to   space 2560K, 0% used [0x00000000ec980000,0x00000000ec980000,0x00000000ecc00000)
 ParOldGen       total 40960K, used 7926K [0x00000000c0000000, 0x00000000c2800000, 0x00000000eaa80000)
  object space 40960K, 19% used [0x00000000c0000000,0x00000000c07bd9b8,0x00000000c2800000)
 PSPermGen       total 21504K, used 6207K [0x00000000b5a00000, 0x00000000b6f00000, 0x00000000c0000000)
  object space 21504K, 28% used [0x00000000b5a00000,0x00000000b600fc48,0x00000000b6f00000)
Event: 15,974 GC heap after
Heap after GC invocations=5 (full 0):
 PSYoungGen      total 34304K, used 2534K [0x00000000eaa80000, 0x00000000ef880000, 0x0000000100000000)
  eden space 31744K, 0% used [0x00000000eaa80000,0x00000000eaa80000,0x00000000ec980000)
  from space 2560K, 99% used [0x00000000ec980000,0x00000000ecbf9bb8,0x00000000ecc00000)
  to   space 8192K, 0% used [0x00000000ef080000,0x00000000ef080000,0x00000000ef880000)
 ParOldGen       total 40960K, used 12747K [0x00000000c0000000, 0x00000000c2800000, 0x00000000eaa80000)
  object space 40960K, 31% used [0x00000000c0000000,0x00000000c0c72e10,0x00000000c2800000)
 PSPermGen       total 21504K, used 6207K [0x00000000b5a00000, 0x00000000b6f00000, 0x00000000c0000000)
  object space 21504K, 28% used [0x00000000b5a00000,0x00000000b600fc48,0x00000000b6f00000)
}
Event: 19,977 GC heap before
{Heap before GC invocations=6 (full 0):
 PSYoungGen      total 34304K, used 34278K [0x00000000eaa80000, 0x00000000ef880000, 0x0000000100000000)
  eden space 31744K, 100% used [0x00000000eaa80000,0x00000000ec980000,0x00000000ec980000)
  from space 2560K, 99% used [0x00000000ec980000,0x00000000ecbf9bb8,0x00000000ecc00000)
  to   space 8192K, 0% used [0x00000000ef080000,0x00000000ef080000,0x00000000ef880000)
 ParOldGen       total 40960K, used 12747K [0x00000000c0000000, 0x00000000c2800000, 0x00000000eaa80000)
  object space 40960K, 31% used [0x00000000c0000000,0x00000000c0c72e10,0x00000000c2800000)
 PSPermGen       total 21504K, used 6238K [0x00000000b5a00000, 0x00000000b6f00000, 0x00000000c0000000)
  object space 21504K, 29% used [0x00000000b5a00000,0x00000000b6017908,0x00000000b6f00000)
Event: 20,689 GC heap after
Heap after GC invocations=6 (full 0):
 PSYoungGen      total 70656K, used 7995K [0x00000000eaa80000, 0x00000000efa80000, 0x0000000100000000)
  eden space 62464K, 0% used [0x00000000eaa80000,0x00000000eaa80000,0x00000000ee780000)
  from space 8192K, 97% used [0x00000000ef080000,0x00000000ef84efe8,0x00000000ef880000)
  to   space 9216K, 0% used [0x00000000ee780000,0x00000000ee780000,0x00000000ef080000)
 ParOldGen       total 40960K, used 12747K [0x00000000c0000000, 0x00000000c2800000, 0x00000000eaa80000)
  object space 40960K, 31% used [0x00000000c0000000,0x00000000c0c72e10,0x00000000c2800000)
 PSPermGen       total 21504K, used 6238K [0x00000000b5a00000, 0x00000000b6f00000, 0x00000000c0000000)
  object space 21504K, 29% used [0x00000000b5a00000,0x00000000b6017908,0x00000000b6f00000)
}
Event: 32,661 GC heap before
{Heap before GC invocations=7 (full 0):
 PSYoungGen      total 70656K, used 70459K [0x00000000eaa80000, 0x00000000efa80000, 0x0000000100000000)
  eden space 62464K, 100% used [0x00000000eaa80000,0x00000000ee780000,0x00000000ee780000)
  from space 8192K, 97% used [0x00000000ef080000,0x00000000ef84efe8,0x00000000ef880000)
  to   space 9216K, 0% used [0x00000000ee780000,0x00000000ee780000,0x00000000ef080000)
 ParOldGen       total 40960K, used 12747K [0x00000000c0000000, 0x00000000c2800000, 0x00000000eaa80000)
  object space 40960K, 31% used [0x00000000c0000000,0x00000000c0c72e10,0x00000000c2800000)
 PSPermGen       total 21504K, used 6278K [0x00000000b5a00000, 0x00000000b6f00000, 0x00000000c0000000)
  object space 21504K, 29% used [0x00000000b5a00000,0x00000000b6021840,0x00000000b6f00000)

Deoptimization events (10 events):
Event: 8,551 Thread 0x00007f308c010800 Uncommon trap: reason=unstable_if action=reinterpret pc=0x00007f308907e4cc method=com.android.dx.ssa.SsaRenamer$BlockRenamer.addMapping(ILcom/android/dx/rop/code/RegisterSpec;)V @ 120
Event: 9,138 Thread 0x00007f308c010800 Uncommon trap: reason=unstable_if action=reinterpret pc=0x00007f308908d884 method=com.android.dx.rop.code.RegisterSpec.equals(ILcom/android/dx/rop/type/TypeBearer;Lcom/android/dx/rop/code/LocalItem;)Z @ 42
Event: 11,672 Thread 0x00007f308c014000 Uncommon trap: reason=unstable_if action=reinterpret pc=0x00007f30890829c4 method=com.android.dx.rop.cst.Constant.compareTo(Lcom/android/dx/rop/cst/Constant;)I @ 12
Event: 11,769 Thread 0x00007f308c121800 Uncommon trap: reason=null_check action=make_not_entrant pc=0x00007f30890cad88 method=com.android.dx.ssa.SsaRenamer.getLocalForNewReg(I)Lcom/android/dx/rop/code/LocalItem; @ 19
Event: 12,482 Thread 0x00007f308c00a800 Uncommon trap: reason=null_check action=make_not_entrant pc=0x00007f30890ddabc method=com.android.dx.rop.type.Type.putIntern(Lcom/android/dx/rop/type/Type;)Lcom/android/dx/rop/type/Type; @ 18
Event: 12,576 Thread 0x00007f308c014000 Uncommon trap: reason=unstable_if action=reinterpret pc=0x00007f30890d3eb8 method=com.android.dx.ssa.LocalVariableExtractor.processBlock(I)V @ 251
Event: 13,464 Thread 0x00007f308c00a800 Uncommon trap: reason=unstable_if action=reinterpret pc=0x00007f308909e7f4 method=com.android.dx.util.IntList.binarysearch(I)I @ 105
Event: 17,270 Thread 0x00007f308c014000 Uncommon trap: reason=unstable_if action=reinterpret pc=0x00007f30890a084c method=com.android.dx.ssa.SsaMethod.updateOneDefinition(Lcom/android/dx/ssa/SsaInsn;Lcom/android/dx/rop/code/RegisterSpec;)V @ 4
Event: 29,372 Thread 0x00007f308c121800 Uncommon trap: reason=class_check action=maybe_recompile pc=0x00007f3089137bd4 method=com.android.dx.ssa.SCCP.replaceConstants()V @ 182
Event: 32,215 Thread 0x00007f308c121800 Uncommon trap: reason=class_check action=maybe_recompile pc=0x00007f3089137bd4 method=com.android.dx.ssa.SCCP.replaceConstants()V @ 182

Internal exceptions (10 events):
Event: 7,980 Thread 0x00007f308c00a800 Threw 0x00000000eb98f598 at /build/openjdk-7-2FOwCu/openjdk-7-7u95-2.6.4/build/openjdk/hotspot/src/share/vm/prims/jvm.cpp:1322
Event: 8,230 Thread 0x00007f308c123000 Threw 0x00000000eaccd780 at /build/openjdk-7-2FOwCu/openjdk-7-7u95-2.6.4/build/openjdk/hotspot/src/share/vm/prims/jvm.cpp:1322
Event: 8,688 Thread 0x00007f308c121800 Threw 0x00000000eb28a4a0 at /build/openjdk-7-2FOwCu/openjdk-7-7u95-2.6.4/build/openjdk/hotspot/src/share/vm/prims/jvm.cpp:1322
Event: 8,719 Thread 0x00007f308c121800 Threw 0x00000000eb29b900 at /build/openjdk-7-2FOwCu/openjdk-7-7u95-2.6.4/build/openjdk/hotspot/src/share/vm/prims/jvm.cpp:1322
Event: 10,966 Thread 0x00007f308c00a800 Threw 0x00000000eaaf2210 at /build/openjdk-7-2FOwCu/openjdk-7-7u95-2.6.4/build/openjdk/hotspot/src/share/vm/prims/jvm.cpp:1322
Event: 11,768 Thread 0x00007f308c121800 Implicit null exception at 0x00007f30890c88f1 to 0x00007f30890cad65
Event: 12,482 Thread 0x00007f308c00a800 Implicit null exception at 0x00007f30890dd3f7 to 0x00007f30890ddaad
Event: 14,646 Thread 0x00007f308c014000 Threw 0x00000000ec0e0a98 at /build/openjdk-7-2FOwCu/openjdk-7-7u95-2.6.4/build/openjdk/hotspot/src/share/vm/prims/jvm.cpp:1322
Event: 17,256 Thread 0x00007f308c014000 Threw 0x00000000eb4d2c00 at /build/openjdk-7-2FOwCu/openjdk-7-7u95-2.6.4/build/openjdk/hotspot/src/share/vm/prims/jvm.cpp:1322
Event: 32,375 Thread 0x00007f308c00a800 Threw 0x00000000ed9144a0 at /build/openjdk-7-2FOwCu/openjdk-7-7u95-2.6.4/build/openjdk/hotspot/src/share/vm/prims/jvm.cpp:1322

Events (10 events):
Event: 29,350 Thread 0x00007f308c121800 Uncommon trap: trap_request=0xffffffde fr.pc=0x00007f3089137bd4
Event: 29,372 Thread 0x00007f308c121800 DEOPT PACKING pc=0x00007f3089137bd4 sp=0x00007f3078fc2220
Event: 31,422 Thread 0x00007f308c121800 DEOPT UNPACKING pc=0x00007f3089039445 sp=0x00007f3078fc2170 mode 2
Event: 32,028 Thread 0x00007f308c121800 Uncommon trap: trap_request=0xffffffde fr.pc=0x00007f3089137bd4
Event: 32,118 loading class 0x00007f308c119040
Event: 32,225 loading class 0x00007f308c119040 done
Event: 32,361 Thread 0x00007f308c121800 DEOPT PACKING pc=0x00007f3089137bd4 sp=0x00007f3078fc2190
Event: 32,376 Thread 0x00007f308c121800 DEOPT UNPACKING pc=0x00007f3089039445 sp=0x00007f3078fc20e0 mode 2
Event: 32,393 Thread 0x00007f308c0ac800 flushing nmethod 0x00007f30890c77d0
Event: 32,625 Executing VM operation: ParallelGCFailedAllocation


Dynamic libraries:
00400000-00401000 r-xp 00000000 08:06 1454669                            /usr/lib/jvm/java-7-openjdk-amd64/jre/bin/java
00600000-00601000 r--p 00000000 08:06 1454669                            /usr/lib/jvm/java-7-openjdk-amd64/jre/bin/java
00601000-00602000 rw-p 00001000 08:06 1454669                            /usr/lib/jvm/java-7-openjdk-amd64/jre/bin/java
02150000-02171000 rw-p 00000000 00:00 0                                  [heap]
b5a00000-b6f00000 rw-p 00000000 00:00 0 
b6f00000-c0000000 rw-p 00000000 00:00 0 
c0000000-c2800000 rw-p 00000000 00:00 0 
c2800000-eaa80000 rw-p 00000000 00:00 0 
eaa80000-efa80000 rw-p 00000000 00:00 0 
f3f80000-100000000 rw-p 00000000 00:00 0 
7f3040000000-7f3040033000 rw-p 00000000 00:00 0 
7f3040033000-7f3044000000 ---p 00000000 00:00 0 
7f3044000000-7f3044021000 rw-p 00000000 00:00 0 
7f3044021000-7f3048000000 ---p 00000000 00:00 0 
7f3048000000-7f3048021000 rw-p 00000000 00:00 0 
7f3048021000-7f304c000000 ---p 00000000 00:00 0 
7f304c000000-7f304c02a000 rw-p 00000000 00:00 0 
7f304c02a000-7f3050000000 ---p 00000000 00:00 0 
7f3050000000-7f3050021000 rw-p 00000000 00:00 0 
7f3050021000-7f3054000000 ---p 00000000 00:00 0 
7f3054000000-7f3054031000 rw-p 00000000 00:00 0 
7f3054031000-7f3058000000 ---p 00000000 00:00 0 
7f3058000000-7f30596a8000 rw-p 00000000 00:00 0 
7f30596a8000-7f305c000000 ---p 00000000 00:00 0 
7f305c000000-7f305c021000 rw-p 00000000 00:00 0 
7f305c021000-7f3060000000 ---p 00000000 00:00 0 
7f3060000000-7f3060021000 rw-p 00000000 00:00 0 
7f3060021000-7f3064000000 ---p 00000000 00:00 0 
7f3064000000-7f3064f77000 rw-p 00000000 00:00 0 
7f3064f77000-7f3068000000 ---p 00000000 00:00 0 
7f3068000000-7f3068021000 rw-p 00000000 00:00 0 
7f3068021000-7f306c000000 ---p 00000000 00:00 0 
7f306c000000-7f306c021000 rw-p 00000000 00:00 0 
7f306c021000-7f3070000000 ---p 00000000 00:00 0 
7f3070000000-7f3070021000 rw-p 00000000 00:00 0 
7f3070021000-7f3074000000 ---p 00000000 00:00 0 
7f3074000000-7f3074021000 rw-p 00000000 00:00 0 
7f3074021000-7f3078000000 ---p 00000000 00:00 0 
7f3078dc2000-7f3078dc5000 ---p 00000000 00:00 0 
7f3078dc5000-7f3078ec3000 rw-p 00000000 00:00 0                          [stack:5391]
7f3078ec3000-7f3078ec6000 ---p 00000000 00:00 0 
7f3078ec6000-7f3078fc4000 rw-p 00000000 00:00 0                          [stack:5388]
7f3078fc4000-7f3078fc7000 ---p 00000000 00:00 0 
7f3078fc7000-7f30790c5000 rw-p 00000000 00:00 0                          [stack:5387]
7f30790c5000-7f30790c8000 ---p 00000000 00:00 0 
7f30790c8000-7f30791c6000 rw-p 00000000 00:00 0                          [stack:5385]
7f30791c6000-7f30791c9000 ---p 00000000 00:00 0 
7f30791c9000-7f30792f8000 rw-p 00000000 00:00 0                          [stack:5383]
7f30792f8000-7f3079335000 r-xp 00000000 08:06 130821                     /lib/x86_64-linux-gnu/libpcre.so.3.13.1
7f3079335000-7f3079534000 ---p 0003d000 08:06 130821                     /lib/x86_64-linux-gnu/libpcre.so.3.13.1
7f3079534000-7f3079535000 r--p 0003c000 08:06 130821                     /lib/x86_64-linux-gnu/libpcre.so.3.13.1
7f3079535000-7f3079536000 rw-p 0003d000 08:06 130821                     /lib/x86_64-linux-gnu/libpcre.so.3.13.1
7f3079536000-7f307953d000 r-xp 00000000 08:06 1447540                    /usr/lib/x86_64-linux-gnu/libffi.so.6.0.1
7f307953d000-7f307973c000 ---p 00007000 08:06 1447540                    /usr/lib/x86_64-linux-gnu/libffi.so.6.0.1
7f307973c000-7f307973d000 r--p 00006000 08:06 1447540                    /usr/lib/x86_64-linux-gnu/libffi.so.6.0.1
7f307973d000-7f307973e000 rw-p 00007000 08:06 1447540                    /usr/lib/x86_64-linux-gnu/libffi.so.6.0.1
7f307973e000-7f3079755000 r-xp 00000000 08:06 134868                     /lib/x86_64-linux-gnu/libresolv-2.19.so
7f3079755000-7f3079955000 ---p 00017000 08:06 134868                     /lib/x86_64-linux-gnu/libresolv-2.19.so
7f3079955000-7f3079956000 r--p 00017000 08:06 134868                     /lib/x86_64-linux-gnu/libresolv-2.19.so
7f3079956000-7f3079957000 rw-p 00018000 08:06 134868                     /lib/x86_64-linux-gnu/libresolv-2.19.so
7f3079957000-7f3079959000 rw-p 00000000 00:00 0 
7f3079959000-7f3079979000 r-xp 00000000 08:06 135079                     /lib/x86_64-linux-gnu/libselinux.so.1
7f3079979000-7f3079b78000 ---p 00020000 08:06 135079                     /lib/x86_64-linux-gnu/libselinux.so.1
7f3079b78000-7f3079b79000 r--p 0001f000 08:06 135079                     /lib/x86_64-linux-gnu/libselinux.so.1
7f3079b79000-7f3079b7a000 rw-p 00020000 08:06 135079                     /lib/x86_64-linux-gnu/libselinux.so.1
7f3079b7a000-7f3079b7c000 rw-p 00000000 00:00 0 
7f3079b7c000-7f3079b7f000 r-xp 00000000 08:06 1439340                    /usr/lib/x86_64-linux-gnu/libgmodule-2.0.so.0.4002.0
7f3079b7f000-7f3079d7e000 ---p 00003000 08:06 1439340                    /usr/lib/x86_64-linux-gnu/libgmodule-2.0.so.0.4002.0
7f3079d7e000-7f3079d7f000 r--p 00002000 08:06 1439340                    /usr/lib/x86_64-linux-gnu/libgmodule-2.0.so.0.4002.0
7f3079d7f000-7f3079d80000 rw-p 00003000 08:06 1439340                    /usr/lib/x86_64-linux-gnu/libgmodule-2.0.so.0.4002.0
7f3079d80000-7f3079e86000 r-xp 00000000 08:06 134871                     /lib/x86_64-linux-gnu/libglib-2.0.so.0.4002.0
7f3079e86000-7f307a085000 ---p 00106000 08:06 134871                     /lib/x86_64-linux-gnu/libglib-2.0.so.0.4002.0
7f307a085000-7f307a086000 r--p 00105000 08:06 134871                     /lib/x86_64-linux-gnu/libglib-2.0.so.0.4002.0
7f307a086000-7f307a087000 rw-p 00106000 08:06 134871                     /lib/x86_64-linux-gnu/libglib-2.0.so.0.4002.0
7f307a087000-7f307a088000 rw-p 00000000 00:00 0 
7f307a088000-7f307a0d7000 r-xp 00000000 08:06 1439358                    /usr/lib/x86_64-linux-gnu/libgobject-2.0.so.0.4002.0
7f307a0d7000-7f307a2d7000 ---p 0004f000 08:06 1439358                    /usr/lib/x86_64-linux-gnu/libgobject-2.0.so.0.4002.0
7f307a2d7000-7f307a2d8000 r--p 0004f000 08:06 1439358                    /usr/lib/x86_64-linux-gnu/libgobject-2.0.so.0.4002.0
7f307a2d8000-7f307a2d9000 rw-p 00050000 08:06 1439358                    /usr/lib/x86_64-linux-gnu/libgobject-2.0.so.0.4002.0
7f307a2d9000-7f307a445000 r-xp 00000000 08:06 1439362                    /usr/lib/x86_64-linux-gnu/libgio-2.0.so.0.4002.0
7f307a445000-7f307a644000 ---p 0016c000 08:06 1439362                    /usr/lib/x86_64-linux-gnu/libgio-2.0.so.0.4002.0
7f307a644000-7f307a648000 r--p 0016b000 08:06 1439362                    /usr/lib/x86_64-linux-gnu/libgio-2.0.so.0.4002.0
7f307a648000-7f307a64a000 rw-p 0016f000 08:06 1439362                    /usr/lib/x86_64-linux-gnu/libgio-2.0.so.0.4002.0
7f307a64a000-7f307a64c000 rw-p 00000000 00:00 0 
7f307a668000-7f307a67f000 r-xp 00000000 08:06 1489830                    /usr/lib/jvm/java-7-openjdk-amd64/jre/lib/amd64/libnet.so
7f307a67f000-7f307a87e000 ---p 00017000 08:06 1489830                    /usr/lib/jvm/java-7-openjdk-amd64/jre/lib/amd64/libnet.so
7f307a87e000-7f307a87f000 r--p 00016000 08:06 1489830                    /usr/lib/jvm/java-7-openjdk-amd64/jre/lib/amd64/libnet.so
7f307a87f000-7f307a880000 rw-p 00017000 08:06 1489830                    /usr/lib/jvm/java-7-openjdk-amd64/jre/lib/amd64/libnet.so
7f307a880000-7f307a890000 r-xp 00000000 08:06 1489812                    /usr/lib/jvm/java-7-openjdk-amd64/jre/lib/amd64/libnio.so
7f307a890000-7f307aa90000 ---p 00010000 08:06 1489812                    /usr/lib/jvm/java-7-openjdk-amd64/jre/lib/amd64/libnio.so
7f307aa90000-7f307aa91000 r--p 00010000 08:06 1489812                    /usr/lib/jvm/java-7-openjdk-amd64/jre/lib/amd64/libnio.so
7f307aa91000-7f307aa92000 rw-p 00011000 08:06 1489812                    /usr/lib/jvm/java-7-openjdk-amd64/jre/lib/amd64/libnio.so
7f307aa92000-7f307aaa1000 r--s 000df000 08:06 3216701                    /home/tulin/Android/Sdk/build-tools/23.0.2/lib/dx.jar
7f307aaa1000-7f307aaa2000 ---p 00000000 00:00 0 
7f307aaa2000-7f307aba2000 rw-p 00000000 00:00 0                          [stack:5382]
7f307aba2000-7f307aba5000 ---p 00000000 00:00 0 
7f307aba5000-7f307aca3000 rw-p 00000000 00:00 0                          [stack:5381]
7f307aca3000-7f307aca6000 ---p 00000000 00:00 0 
7f307aca6000-7f307ada4000 rw-p 00000000 00:00 0                          [stack:5380]
7f307ada4000-7f307ada7000 ---p 00000000 00:00 0 
7f307ada7000-7f307aea5000 rw-p 00000000 00:00 0                          [stack:5379]
7f307aea5000-7f307aea8000 ---p 00000000 00:00 0 
7f307aea8000-7f307afa6000 rw-p 00000000 00:00 0                          [stack:5378]
7f307afa6000-7f307b7f8000 r--p 00000000 08:06 1447082                    /usr/lib/locale/locale-archive
7f307b7f8000-7f307b7fb000 ---p 00000000 00:00 0 
7f307b7fb000-7f307b8f9000 rw-p 00000000 00:00 0                          [stack:5372]
7f307b8f9000-7f307b8fc000 ---p 00000000 00:00 0 
7f307b8fc000-7f307b9fa000 rw-p 00000000 00:00 0                          [stack:5371]
7f307b9fa000-7f307b9fb000 ---p 00000000 00:00 0 
7f307b9fb000-7f307c000000 rw-p 00000000 00:00 0                          [stack:5370]
7f307c000000-7f307c021000 rw-p 00000000 00:00 0 
7f307c021000-7f3080000000 ---p 00000000 00:00 0 
7f3080000000-7f3080021000 rw-p 00000000 00:00 0 
7f3080021000-7f3084000000 ---p 00000000 00:00 0 
7f3084000000-7f3084021000 rw-p 00000000 00:00 0 
7f3084021000-7f3088000000 ---p 00000000 00:00 0 
7f3088001000-7f308800a000 r--s 0008a000 08:06 3244777                    /home/tulin/AndroidStudioProjects/CamApp/app/build/intermediates/exploded-aar/com.android.support/appcompat-v7/23.2.0/jars/classes.jar
7f308800a000-7f3088b02000 rw-p 00000000 00:00 0 
7f3088b02000-7f3088cb4000 r--s 01d2f000 08:06 1489796                    /usr/lib/jvm/java-7-openjdk-amd64/jre/lib/rt.jar
7f3088cb4000-7f3089000000 rw-p 00000000 00:00 0 
7f3089000000-7f3089270000 rwxp 00000000 00:00 0 
7f3089270000-7f308c1c6000 rw-p 00000000 00:00 0 
7f308c1c6000-7f3090000000 ---p 00000000 00:00 0 
7f3090005000-7f3092535000 rw-p 00000000 00:00 0 
7f3092535000-7f3092536000 ---p 00000000 00:00 0 
7f3092536000-7f3092636000 rw-p 00000000 00:00 0                          [stack:5369]
7f3092636000-7f3092637000 ---p 00000000 00:00 0 
7f3092637000-7f3092737000 rw-p 00000000 00:00 0                          [stack:5368]
7f3092737000-7f3092738000 ---p 00000000 00:00 0 
7f3092738000-7f3092838000 rw-p 00000000 00:00 0                          [stack:5367]
7f3092838000-7f3092839000 ---p 00000000 00:00 0 
7f3092839000-7f3092944000 rw-p 00000000 00:00 0                          [stack:5366]
7f3092944000-7f309298c000 rw-p 00000000 00:00 0 
7f309298c000-7f30929a0000 rw-p 00000000 00:00 0 
7f30929a0000-7f3092ae2000 rw-p 00000000 00:00 0 
7f3092ae2000-7f3092aed000 rw-p 00000000 00:00 0 
7f3092aed000-7f3092b35000 rw-p 00000000 00:00 0 
7f3092b35000-7f3092b49000 rw-p 00000000 00:00 0 
7f3092b49000-7f3092c8a000 rw-p 00000000 00:00 0 
7f3092c8a000-7f3092cb3000 rw-p 00000000 00:00 0 
7f3092cb3000-7f3092d35000 rw-p 00000000 00:00 0 
7f3092d35000-7f3092d36000 rw-p 00000000 00:00 0 
7f3092d36000-7f3092d3e000 r-xp 00000000 08:06 1489805                    /usr/lib/jvm/java-7-openjdk-amd64/jre/lib/amd64/libzip.so
7f3092d3e000-7f3092f3d000 ---p 00008000 08:06 1489805                    /usr/lib/jvm/java-7-openjdk-amd64/jre/lib/amd64/libzip.so
7f3092f3d000-7f3092f3e000 r--p 00007000 08:06 1489805                    /usr/lib/jvm/java-7-openjdk-amd64/jre/lib/amd64/libzip.so
7f3092f3e000-7f3092f3f000 rw-p 00008000 08:06 1489805                    /usr/lib/jvm/java-7-openjdk-amd64/jre/lib/amd64/libzip.so
7f3092f3f000-7f3092f4a000 r-xp 00000000 08:06 184225                     /lib/x86_64-linux-gnu/libnss_files-2.19.so
7f3092f4a000-7f3093149000 ---p 0000b000 08:06 184225                     /lib/x86_64-linux-gnu/libnss_files-2.19.so
7f3093149000-7f309314a000 r--p 0000a000 08:06 184225                     /lib/x86_64-linux-gnu/libnss_files-2.19.so
7f309314a000-7f309314b000 rw-p 0000b000 08:06 184225                     /lib/x86_64-linux-gnu/libnss_files-2.19.so
7f309314b000-7f3093156000 r-xp 00000000 08:06 145746                     /lib/x86_64-linux-gnu/libnss_nis-2.19.so
7f3093156000-7f3093355000 ---p 0000b000 08:06 145746                     /lib/x86_64-linux-gnu/libnss_nis-2.19.so
7f3093355000-7f3093356000 r--p 0000a000 08:06 145746                     /lib/x86_64-linux-gnu/libnss_nis-2.19.so
7f3093356000-7f3093357000 rw-p 0000b000 08:06 145746                     /lib/x86_64-linux-gnu/libnss_nis-2.19.so
7f3093357000-7f309336e000 r-xp 00000000 08:06 145742                     /lib/x86_64-linux-gnu/libnsl-2.19.so
7f309336e000-7f309356d000 ---p 00017000 08:06 145742                     /lib/x86_64-linux-gnu/libnsl-2.19.so
7f309356d000-7f309356e000 r--p 00016000 08:06 145742                     /lib/x86_64-linux-gnu/libnsl-2.19.so
7f309356e000-7f309356f000 rw-p 00017000 08:06 145742                     /lib/x86_64-linux-gnu/libnsl-2.19.so
7f309356f000-7f3093571000 rw-p 00000000 00:00 0 
7f3093571000-7f309357a000 r-xp 00000000 08:06 145741                     /lib/x86_64-linux-gnu/libnss_compat-2.19.so
7f309357a000-7f3093779000 ---p 00009000 08:06 145741                     /lib/x86_64-linux-gnu/libnss_compat-2.19.so
7f3093779000-7f309377a000 r--p 00008000 08:06 145741                     /lib/x86_64-linux-gnu/libnss_compat-2.19.so
7f309377a000-7f309377b000 rw-p 00009000 08:06 145741                     /lib/x86_64-linux-gnu/libnss_compat-2.19.so
7f309377b000-7f30937a6000 r-xp 00000000 08:06 1489826                    /usr/lib/jvm/java-7-openjdk-amd64/jre/lib/amd64/libjava.so
7f30937a6000-7f30939a6000 ---p 0002b000 08:06 1489826                    /usr/lib/jvm/java-7-openjdk-amd64/jre/lib/amd64/libjava.so
7f30939a6000-7f30939a7000 r--p 0002b000 08:06 1489826                    /usr/lib/jvm/java-7-openjdk-amd64/jre/lib/amd64/libjava.so
7f30939a7000-7f30939a9000 rw-p 0002c000 08:06 1489826                    /usr/lib/jvm/java-7-openjdk-amd64/jre/lib/amd64/libjava.so
7f30939a9000-7f30939b9000 r-xp 00000000 08:06 1489810                    /usr/lib/jvm/java-7-openjdk-amd64/jre/lib/amd64/libverify.so
7f30939b9000-7f3093bb8000 ---p 00010000 08:06 1489810                    /usr/lib/jvm/java-7-openjdk-amd64/jre/lib/amd64/libverify.so
7f3093bb8000-7f3093bba000 r--p 0000f000 08:06 1489810                    /usr/lib/jvm/java-7-openjdk-amd64/jre/lib/amd64/libverify.so
7f3093bba000-7f3093bbb000 rw-p 00011000 08:06 1489810                    /usr/lib/jvm/java-7-openjdk-amd64/jre/lib/amd64/libverify.so
7f3093bbb000-7f3093bc2000 r-xp 00000000 08:06 148472                     /lib/x86_64-linux-gnu/librt-2.19.so
7f3093bc2000-7f3093dc1000 ---p 00007000 08:06 148472                     /lib/x86_64-linux-gnu/librt-2.19.so
7f3093dc1000-7f3093dc2000 r--p 00006000 08:06 148472                     /lib/x86_64-linux-gnu/librt-2.19.so
7f3093dc2000-7f3093dc3000 rw-p 00007000 08:06 148472                     /lib/x86_64-linux-gnu/librt-2.19.so
7f3093dc3000-7f3093dd9000 r-xp 00000000 08:06 131070                     /lib/x86_64-linux-gnu/libgcc_s.so.1
7f3093dd9000-7f3093fd8000 ---p 00016000 08:06 131070                     /lib/x86_64-linux-gnu/libgcc_s.so.1
7f3093fd8000-7f3093fd9000 rw-p 00015000 08:06 131070                     /lib/x86_64-linux-gnu/libgcc_s.so.1
7f3093fd9000-7f30940de000 r-xp 00000000 08:06 135048                     /lib/x86_64-linux-gnu/libm-2.19.so
7f30940de000-7f30942dd000 ---p 00105000 08:06 135048                     /lib/x86_64-linux-gnu/libm-2.19.so
7f30942dd000-7f30942de000 r--p 00104000 08:06 135048                     /lib/x86_64-linux-gnu/libm-2.19.so
7f30942de000-7f30942df000 rw-p 00105000 08:06 135048                     /lib/x86_64-linux-gnu/libm-2.19.so
7f30942df000-7f30943c5000 r-xp 00000000 08:06 1439330                    /usr/lib/x86_64-linux-gnu/libstdc++.so.6.0.19
7f30943c5000-7f30945c4000 ---p 000e6000 08:06 1439330                    /usr/lib/x86_64-linux-gnu/libstdc++.so.6.0.19
7f30945c4000-7f30945cc000 r--p 000e5000 08:06 1439330                    /usr/lib/x86_64-linux-gnu/libstdc++.so.6.0.19
7f30945cc000-7f30945ce000 rw-p 000ed000 08:06 1439330                    /usr/lib/x86_64-linux-gnu/libstdc++.so.6.0.19
7f30945ce000-7f30945e3000 rw-p 00000000 00:00 0 
7f30945e3000-7f3095108000 r-xp 00000000 08:06 1489806                    /usr/lib/jvm/java-7-openjdk-amd64/jre/lib/amd64/server/libjvm.so
7f3095108000-7f3095308000 ---p 00b25000 08:06 1489806                    /usr/lib/jvm/java-7-openjdk-amd64/jre/lib/amd64/server/libjvm.so
7f3095308000-7f30953a2000 r--p 00b25000 08:06 1489806                    /usr/lib/jvm/java-7-openjdk-amd64/jre/lib/amd64/server/libjvm.so
7f30953a2000-7f30953c5000 rw-p 00bbf000 08:06 1489806                    /usr/lib/jvm/java-7-openjdk-amd64/jre/lib/amd64/server/libjvm.so
7f30953c5000-7f30953f3000 rw-p 00000000 00:00 0 
7f30953f3000-7f309540b000 r-xp 00000000 08:06 135112                     /lib/x86_64-linux-gnu/libz.so.1.2.8
7f309540b000-7f309560a000 ---p 00018000 08:06 135112                     /lib/x86_64-linux-gnu/libz.so.1.2.8
7f309560a000-7f309560b000 r--p 00017000 08:06 135112                     /lib/x86_64-linux-gnu/libz.so.1.2.8
7f309560b000-7f309560c000 rw-p 00018000 08:06 135112                     /lib/x86_64-linux-gnu/libz.so.1.2.8
7f309560c000-7f3095625000 r-xp 00000000 08:06 145743                     /lib/x86_64-linux-gnu/libpthread-2.19.so
7f3095625000-7f3095824000 ---p 00019000 08:06 145743                     /lib/x86_64-linux-gnu/libpthread-2.19.so
7f3095824000-7f3095825000 r--p 00018000 08:06 145743                     /lib/x86_64-linux-gnu/libpthread-2.19.so
7f3095825000-7f3095826000 rw-p 00019000 08:06 145743                     /lib/x86_64-linux-gnu/libpthread-2.19.so
7f3095826000-7f309582a000 rw-p 00000000 00:00 0 
7f309582a000-7f309582d000 r-xp 00000000 08:06 145738                     /lib/x86_64-linux-gnu/libdl-2.19.so
7f309582d000-7f3095a2c000 ---p 00003000 08:06 145738                     /lib/x86_64-linux-gnu/libdl-2.19.so
7f3095a2c000-7f3095a2d000 r--p 00002000 08:06 145738                     /lib/x86_64-linux-gnu/libdl-2.19.so
7f3095a2d000-7f3095a2e000 rw-p 00003000 08:06 145738                     /lib/x86_64-linux-gnu/libdl-2.19.so
7f3095a2e000-7f3095be9000 r-xp 00000000 08:06 148473                     /lib/x86_64-linux-gnu/libc-2.19.so
7f3095be9000-7f3095de8000 ---p 001bb000 08:06 148473                     /lib/x86_64-linux-gnu/libc-2.19.so
7f3095de8000-7f3095dec000 r--p 001ba000 08:06 148473                     /lib/x86_64-linux-gnu/libc-2.19.so
7f3095dec000-7f3095dee000 rw-p 001be000 08:06 148473                     /lib/x86_64-linux-gnu/libc-2.19.so
7f3095dee000-7f3095df3000 rw-p 00000000 00:00 0 
7f3095df3000-7f3095e00000 r-xp 00000000 08:06 1489800                    /usr/lib/jvm/java-7-openjdk-amd64/jre/lib/amd64/jli/libjli.so
7f3095e00000-7f3095fff000 ---p 0000d000 08:06 1489800                    /usr/lib/jvm/java-7-openjdk-amd64/jre/lib/amd64/jli/libjli.so
7f3095fff000-7f3096000000 r--p 0000c000 08:06 1489800                    /usr/lib/jvm/java-7-openjdk-amd64/jre/lib/amd64/jli/libjli.so
7f3096000000-7f3096001000 rw-p 0000d000 08:06 1489800                    /usr/lib/jvm/java-7-openjdk-amd64/jre/lib/amd64/jli/libjli.so
7f3096001000-7f3096024000 r-xp 00000000 08:06 145744                     /lib/x86_64-linux-gnu/ld-2.19.so
7f3096024000-7f3096027000 r--s 0000f000 08:06 1489840                    /usr/lib/jvm/java-7-openjdk-amd64/jre/lib/ext/icedtea-sound.jar
7f3096027000-7f3096049000 rw-p 00000000 00:00 0 
7f3096049000-7f30960ff000 rw-p 00000000 00:00 0 
7f30960ff000-7f3096102000 ---p 00000000 00:00 0 
7f3096102000-7f3096206000 rw-p 00000000 00:00 0                          [stack:5365]
7f3096206000-7f3096208000 r--s 00012000 08:06 1489837                    /usr/lib/jvm/java-7-openjdk-amd64/jre/lib/ext/zipfs.jar
7f3096208000-7f3096209000 r--s 00002000 08:06 1489839                    /usr/lib/jvm/java-7-openjdk-amd64/jre/lib/ext/dnsns.jar
7f3096209000-7f309620b000 r--s 00006000 08:06 1840524                    /usr/share/java/java-atk-wrapper.jar
7f309620b000-7f309620f000 r--s 0003c000 08:06 1489838                    /usr/lib/jvm/java-7-openjdk-amd64/jre/lib/ext/sunpkcs11.jar
7f309620f000-7f3096213000 r--s 00034000 08:06 1489836                    /usr/lib/jvm/java-7-openjdk-amd64/jre/lib/ext/sunjce_provider.jar
7f3096213000-7f3096217000 r--s 00085000 08:06 1489835                    /usr/lib/jvm/java-7-openjdk-amd64/jre/lib/ext/localedata.jar
7f3096217000-7f309621f000 rw-s 00000000 08:06 1840623                    /tmp/hsperfdata_tulin/5360
7f309621f000-7f3096220000 rw-p 00000000 00:00 0 
7f3096220000-7f3096221000 ---p 00000000 00:00 0 
7f3096221000-7f3096223000 rw-p 00000000 00:00 0 
7f3096223000-7f3096224000 r--p 00022000 08:06 145744                     /lib/x86_64-linux-gnu/ld-2.19.so
7f3096224000-7f3096225000 rw-p 00023000 08:06 145744                     /lib/x86_64-linux-gnu/ld-2.19.so
7f3096225000-7f3096226000 rw-p 00000000 00:00 0 
7ffeff209000-7ffeff22a000 rw-p 00000000 00:00 0                          [stack]
7ffeff3bb000-7ffeff3bd000 r-xp 00000000 00:00 0                          [vdso]
ffffffffff600000-ffffffffff601000 r-xp 00000000 00:00 0                  [vsyscall]

VM Arguments:
jvm_args: -Djava.awt.headless=true -Xmx1024M -Dfile.encoding=UTF-8 -Duser.country=US -Duser.language=en -Duser.variant 
java_command: com.android.dx.command.Main --dex --num-threads=4 --output /home/tulin/AndroidStudioProjects/CamApp/app/build/intermediates/pre-dexed/debug/com.android.support-appcompat-v7-23.2.0_379181285c7b8b84d75b0ff6e2ce57e79279b14d.jar /home/tulin/AndroidStudioProjects/CamApp/app/build/intermediates/exploded-aar/com.android.support/appcompat-v7/23.2.0/jars/classes.jar
Launcher Type: SUN_STANDARD

Environment Variables:
PATH=/usr/local/sbin:/usr/local/bin:/usr/sbin:/usr/bin:/sbin:/bin:/usr/games:/usr/local/games
SHELL=/bin/bash
DISPLAY=:0

Signal Handlers:
SIGSEGV: [libjvm.so+0x955bc0], sa_mask[0]=0x7ffbfeff, sa_flags=0x10000004
SIGBUS: [libjvm.so+0x955bc0], sa_mask[0]=0x7ffbfeff, sa_flags=0x10000004
SIGFPE: [libjvm.so+0x7caff0], sa_mask[0]=0x7ffbfeff, sa_flags=0x10000004
SIGPIPE: [libjvm.so+0x7caff0], sa_mask[0]=0x7ffbfeff, sa_flags=0x10000004
SIGXFSZ: [libjvm.so+0x7caff0], sa_mask[0]=0x7ffbfeff, sa_flags=0x10000004
SIGILL: [libjvm.so+0x7caff0], sa_mask[0]=0x7ffbfeff, sa_flags=0x10000004
SIGUSR1: SIG_DFL, sa_mask[0]=0x00000000, sa_flags=0x00000000
SIGUSR2: [libjvm.so+0x7cae90], sa_mask[0]=0x00000004, sa_flags=0x10000004
SIGHUP: [libjvm.so+0x7cb070], sa_mask[0]=0x7ffbfeff, sa_flags=0x10000004
SIGINT: [libjvm.so+0x7cb070], sa_mask[0]=0x7ffbfeff, sa_flags=0x10000004
SIGTERM: [libjvm.so+0x7cb070], sa_mask[0]=0x7ffbfeff, sa_flags=0x10000004
SIGQUIT: [libjvm.so+0x7cb070], sa_mask[0]=0x7ffbfeff, sa_flags=0x10000004
SIGTRAP: SIG_DFL, sa_mask[0]=0x00000000, sa_flags=0x00000000


---------------  S Y S T E M  ---------------

OS:Ubuntu 14.04 (trusty)
uname:Linux 3.13.0-79-generic #123-Ubuntu SMP Fri Feb 19 14:27:58 UTC 2016 x86_64
libc:glibc 2.19 NPTL 2.19 
rlimit: STACK 8192k, CORE 0k, NPROC 30460, NOFILE 4096, AS infinity
load average:18,02 6,40 4,75

/proc/meminfo:
MemTotal:        3946988 kB
MemFree:          107288 kB
Buffers:             880 kB
Cached:           688876 kB
SwapCached:            0 kB
Active:          2979588 kB
Inactive:         684496 kB
Active(anon):    2978040 kB
Inactive(anon):   657316 kB
Active(file):       1548 kB
Inactive(file):    27180 kB
Unevictable:          32 kB
Mlocked:              32 kB
SwapTotal:             0 kB
SwapFree:              0 kB
Dirty:               248 kB
Writeback:             0 kB
AnonPages:       2974832 kB
Mapped:           212704 kB
Shmem:            660556 kB
Slab:              74128 kB
SReclaimable:      35112 kB
SUnreclaim:        39016 kB
KernelStack:        6072 kB
PageTables:        42836 kB
NFS_Unstable:          0 kB
Bounce:                0 kB
WritebackTmp:          0 kB
CommitLimit:     1973492 kB
Committed_AS:    8806120 kB
VmallocTotal:   34359738367 kB
VmallocUsed:      350184 kB
VmallocChunk:   34359381756 kB
HardwareCorrupted:     0 kB
AnonHugePages:   1107968 kB
HugePages_Total:       0
HugePages_Free:        0
HugePages_Rsvd:        0
HugePages_Surp:        0
Hugepagesize:       2048 kB
DirectMap4k:       66592 kB
DirectMap2M:     4028416 kB


CPU:total 4 (2 cores per cpu, 2 threads per core) family 6 model 42 stepping 7, cmov, cx8, fxsr, mmx, sse, sse2, sse3, ssse3, sse4.1, sse4.2, popcnt, avx, aes, ht, tsc, tscinvbit

/proc/cpuinfo:
processor	: 0
vendor_id	: GenuineIntel
cpu family	: 6
model		: 42
model name	: Intel(R) Core(TM) i5-2557M CPU @ 1.70GHz
stepping	: 7
microcode	: 0x1a
cpu MHz		: 1701.000
cache size	: 3072 KB
physical id	: 0
siblings	: 4
core id		: 0
cpu cores	: 2
apicid		: 0
initial apicid	: 0
fpu		: yes
fpu_exception	: yes
cpuid level	: 13
wp		: yes
flags		: fpu vme de pse tsc msr pae mce cx8 apic sep mtrr pge mca cmov pat pse36 clflush dts acpi mmx fxsr sse sse2 ss ht tm pbe syscall nx rdtscp lm constant_tsc arch_perfmon pebs bts rep_good nopl xtopology nonstop_tsc aperfmperf eagerfpu pni pclmulqdq dtes64 monitor ds_cpl vmx smx est tm2 ssse3 cx16 xtpr pdcm pcid sse4_1 sse4_2 x2apic popcnt tsc_deadline_timer aes xsave avx lahf_lm ida arat epb xsaveopt pln pts dtherm tpr_shadow vnmi flexpriority ept vpid
bogomips	: 3392.10
clflush size	: 64
cache_alignment	: 64
address sizes	: 36 bits physical, 48 bits virtual
power management:

processor	: 1
vendor_id	: GenuineIntel
cpu family	: 6
model		: 42
model name	: Intel(R) Core(TM) i5-2557M CPU @ 1.70GHz
stepping	: 7
microcode	: 0x1a
cpu MHz		: 1701.000
cache size	: 3072 KB
physical id	: 0
siblings	: 4
core id		: 1
cpu cores	: 2
apicid		: 2
initial apicid	: 2
fpu		: yes
fpu_exception	: yes
cpuid level	: 13
wp		: yes
flags		: fpu vme de pse tsc msr pae mce cx8 apic sep mtrr pge mca cmov pat pse36 clflush dts acpi mmx fxsr sse sse2 ss ht tm pbe syscall nx rdtscp lm constant_tsc arch_perfmon pebs bts rep_good nopl xtopology nonstop_tsc aperfmperf eagerfpu pni pclmulqdq dtes64 monitor ds_cpl vmx smx est tm2 ssse3 cx16 xtpr pdcm pcid sse4_1 sse4_2 x2apic popcnt tsc_deadline_timer aes xsave avx lahf_lm ida arat epb xsaveopt pln pts dtherm tpr_shadow vnmi flexpriority ept vpid
bogomips	: 3392.10
clflush size	: 64
cache_alignment	: 64
address sizes	: 36 bits physical, 48 bits virtual
power management:

processor	: 2
vendor_id	: GenuineIntel
cpu family	: 6
model		: 42
model name	: Intel(R) Core(TM) i5-2557M CPU @ 1.70GHz
stepping	: 7
microcode	: 0x1a
cpu MHz		: 1701.000
cache size	: 3072 KB
physical id	: 0
siblings	: 4
core id		: 0
cpu cores	: 2
apicid		: 1
initial apicid	: 1
fpu		: yes
fpu_exception	: yes
cpuid level	: 13
wp		: yes
flags		: fpu vme de pse tsc msr pae mce cx8 apic sep mtrr pge mca cmov pat pse36 clflush dts acpi mmx fxsr sse sse2 ss ht tm pbe syscall nx rdtscp lm constant_tsc arch_perfmon pebs bts rep_good nopl xtopology nonstop_tsc aperfmperf eagerfpu pni pclmulqdq dtes64 monitor ds_cpl vmx smx est tm2 ssse3 cx16 xtpr pdcm pcid sse4_1 sse4_2 x2apic popcnt tsc_deadline_timer aes xsave avx lahf_lm ida arat epb xsaveopt pln pts dtherm tpr_shadow vnmi flexpriority ept vpid
bogomips	: 3392.10
clflush size	: 64
cache_alignment	: 64
address sizes	: 36 bits physical, 48 bits virtual
power management:

processor	: 3
vendor_id	: GenuineIntel
cpu family	: 6
model		: 42
model name	: Intel(R) Core(TM) i5-2557M CPU @ 1.70GHz
stepping	: 7
microcode	: 0x1a
cpu MHz		: 1701.000
cache size	: 3072 KB
physical id	: 0
siblings	: 4
core id		: 1
cpu cores	: 2
apicid		: 3
initial apicid	: 3
fpu		: yes
fpu_exception	: yes
cpuid level	: 13
wp		: yes
flags		: fpu vme de pse tsc msr pae mce cx8 apic sep mtrr pge mca cmov pat pse36 clflush dts acpi mmx fxsr sse sse2 ss ht tm pbe syscall nx rdtscp lm constant_tsc arch_perfmon pebs bts rep_good nopl xtopology nonstop_tsc aperfmperf eagerfpu pni pclmulqdq dtes64 monitor ds_cpl vmx smx est tm2 ssse3 cx16 xtpr pdcm pcid sse4_1 sse4_2 x2apic popcnt tsc_deadline_timer aes xsave avx lahf_lm ida arat epb xsaveopt pln pts dtherm tpr_shadow vnmi flexpriority ept vpid
bogomips	: 3392.10
clflush size	: 64
cache_alignment	: 64
address sizes	: 36 bits physical, 48 bits virtual
power management:



Memory: 4k page, physical 3946988k(107040k free), swap 0k(0k free)

vm_info: OpenJDK 64-Bit Server VM (24.95-b01) for linux-amd64 JRE (1.7.0_95-b00), built on Jan 21 2016 03:31:40 by "buildd" with gcc 4.8.4

time: Wed Mar 23 15:23:20 2016
elapsed time: 33 seconds

