#
# There is insufficient memory for the Java Runtime Environment to continue.
# Native memory allocation (malloc) failed to allocate 147849216 bytes for committing reserved memory.
# Possible reasons:
#   The system is out of physical RAM or swap space
#   In 32 bit mode, the process size limit was hit
# Possible solutions:
#   Reduce memory load on the system
#   Increase physical memory or swap space
#   Check if swap backing store is full
#   Use 64 bit Java on a 64 bit OS
#   Decrease Java heap size (-Xmx/-Xms)
#   Decrease number of Java threads
#   Decrease Java thread stack sizes (-Xss)
#   Set larger code cache with -XX:ReservedCodeCacheSize=
# This output file may be truncated or incomplete.
#
#  Out of Memory Error (os_linux.cpp:2827), pid=9959, tid=140713127835392
#
# JRE version: OpenJDK Runtime Environment (7.0_95) (build 1.7.0_95-b00)
# Java VM: OpenJDK 64-Bit Server VM (24.95-b01 mixed mode linux-amd64 compressed oops)
# Derivative: IcedTea 2.6.4
# Distribution: Ubuntu 14.04.3 LTS, package 7u95-2.6.4-0ubuntu0.14.04.1
# Failed to write core dump. Core dumps have been disabled. To enable core dumping, try "ulimit -c unlimited" before starting Java again
#

---------------  T H R E A D  ---------------

Current thread (0x00007ffa68076000):  VMThread [stack: 0x00007ffa53eff000,0x00007ffa54000000] [id=9987]

Stack: [0x00007ffa53eff000,0x00007ffa54000000],  sp=0x00007ffa53ffe490,  free space=1021k
Native frames: (J=compiled Java code, j=interpreted, Vv=VM code, C=native code)
V  [libjvm.so+0x9550e5]
V  [libjvm.so+0x4902b4]
V  [libjvm.so+0x7cf7bb]
V  [libjvm.so+0x7ca28f]
V  [libjvm.so+0x83e56b]
V  [libjvm.so+0x83f3e0]
V  [libjvm.so+0x83facb]
V  [libjvm.so+0x83b4d8]
V  [libjvm.so+0x83bd48]
V  [libjvm.so+0x7f1fd3]
V  [libjvm.so+0x956ae4]
V  [libjvm.so+0x95abe7]
V  [libjvm.so+0x9596a8]
V  [libjvm.so+0x959b09]
V  [libjvm.so+0x959f52]
V  [libjvm.so+0x7cc682]

VM_Operation (0x00007ffa515d7030): ParallelGCFailedAllocation, mode: safepoint, requested by thread 0x00007ffa68199800


---------------  P R O C E S S  ---------------

Java Threads: ( => current thread )
  0x00007ffa6819c800 JavaThread "pool-1-thread-4" [_thread_blocked, id=10035, stack(0x00007ffa512d6000,0x00007ffa513d7000)]
  0x00007ffa6819b000 JavaThread "pool-1-thread-3" [_thread_blocked, id=10034, stack(0x00007ffa513d7000,0x00007ffa514d8000)]
  0x00007ffa68199800 JavaThread "pool-1-thread-2" [_thread_blocked, id=10031, stack(0x00007ffa514d8000,0x00007ffa515d9000)]
  0x00007ffa68193000 JavaThread "pool-2-thread-1" [_thread_blocked, id=10030, stack(0x00007ffa515d9000,0x00007ffa516da000)]
  0x00007ffa68191800 JavaThread "pool-1-thread-1" [_thread_blocked, id=10029, stack(0x00007ffa516da000,0x00007ffa517db000)]
  0x00007ffa680af800 JavaThread "Service Thread" daemon [_thread_blocked, id=10012, stack(0x00007ffa530a7000,0x00007ffa531a8000)]
  0x00007ffa680ad800 JavaThread "C2 CompilerThread1" daemon [_thread_blocked, id=10011, stack(0x00007ffa531a8000,0x00007ffa532a9000)]
  0x00007ffa680aa800 JavaThread "C2 CompilerThread0" daemon [_thread_blocked, id=10009, stack(0x00007ffa532a9000,0x00007ffa533aa000)]
  0x00007ffa680a8800 JavaThread "Signal Dispatcher" daemon [_thread_blocked, id=9999, stack(0x00007ffa533aa000,0x00007ffa534ab000)]
  0x00007ffa6807c000 JavaThread "Finalizer" daemon [_thread_blocked, id=9993, stack(0x00007ffa53cfd000,0x00007ffa53dfe000)]
  0x00007ffa6807a000 JavaThread "Reference Handler" daemon [_thread_blocked, id=9992, stack(0x00007ffa53dfe000,0x00007ffa53eff000)]
  0x00007ffa6800a800 JavaThread "main" [_thread_blocked, id=9969, stack(0x00007ffa6e61d000,0x00007ffa6e71e000)]

Other Threads:
=>0x00007ffa68076000 VMThread [stack: 0x00007ffa53eff000,0x00007ffa54000000] [id=9987]
  0x00007ffa680ba800 WatcherThread [stack: 0x00007ffa52fa6000,0x00007ffa530a7000] [id=10013]

VM state:at safepoint (normal execution)

VM Mutex/Monitor currently owned by a thread:  ([mutex/lock_event])
[0x00007ffa68006990] Threads_lock - owner thread: 0x00007ffa68076000
[0x00007ffa68006e90] Heap_lock - owner thread: 0x00007ffa68199800

Heap
 PSYoungGen      total 141824K, used 17395K [0x00000000eaa80000, 0x00000000f4880000, 0x0000000100000000)
  eden space 124416K, 0% used [0x00000000eaa80000,0x00000000eaa80000,0x00000000f2400000)
  from space 17408K, 99% used [0x00000000f2400000,0x00000000f34fcdd8,0x00000000f3500000)
  to   space 14848K, 0% used [0x00000000f3500000,0x00000000f3500000,0x00000000f4380000)
 ParOldGen       total 40960K, used 37319K [0x00000000c0000000, 0x00000000c2800000, 0x00000000eaa80000)
  object space 40960K, 91% used [0x00000000c0000000,0x00000000c2471f50,0x00000000c2800000)
 PSPermGen       total 21504K, used 6361K [0x00000000b5a00000, 0x00000000b6f00000, 0x00000000c0000000)
  object space 21504K, 29% used [0x00000000b5a00000,0x00000000b6036648,0x00000000b6f00000)

Card table byte_map: [0x00007ffa63f27000,0x00007ffa6417b000] byte_map_base: 0x00007ffa6397a000

Polling page: 0x00007ffa6e73e000

Code Cache  [0x00007ffa6417b000, 0x00007ffa643eb000, 0x00007ffa6717b000)
 total_blobs=656 nmethods=425 adapters=184 free_code_cache=47407Kb largest_free_block=48467520

Compilation events (10 events):
Event: 24,855 Thread 0x00007ffa680aa800 nmethod 443 0x00007ffa64277cd0 code [0x00007ffa64277e80, 0x00007ffa642782b0]
Event: 24,855 Thread 0x00007ffa680aa800  444             com.android.dx.cf.code.BaseMachine::getLocalTarget (151 bytes)
Event: 24,937 Thread 0x00007ffa680aa800 nmethod 444 0x00007ffa642a10d0 code [0x00007ffa642a12e0, 0x00007ffa642a1be0]
Event: 24,937 Thread 0x00007ffa680aa800  445             com.android.dx.ssa.SsaConverter::edgeSplitMoveExceptionsAndResults (157 bytes)
Event: 25,369 Thread 0x00007ffa680ad800 nmethod 435 0x00007ffa64334fd0 code [0x00007ffa64335860, 0x00007ffa6433a250]
Event: 25,369 Thread 0x00007ffa680ad800  446             com.android.dx.ssa.SsaBasicBlock::addDomChild (10 bytes)
Event: 25,381 Thread 0x00007ffa680ad800 nmethod 446 0x00007ffa6427acd0 code [0x00007ffa6427ae40, 0x00007ffa6427b038]
Event: 25,381 Thread 0x00007ffa680ad800  447             com.android.dx.ssa.SetFactory::makeDomFrontSet (26 bytes)
Event: 25,404 Thread 0x00007ffa680ad800 nmethod 447 0x00007ffa642c71d0 code [0x00007ffa642c7320, 0x00007ffa642c74b8]
Event: 25,404 Thread 0x00007ffa680ad800  448             com.android.dx.ssa.back.FirstFitLocalCombiningAllocator::handleNormalUnassociated (99 bytes)

GC Heap History (10 events):
Event: 1,682 GC heap after
Heap after GC invocations=2 (full 0):
 PSYoungGen      total 34304K, used 2557K [0x00000000eaa80000, 0x00000000ece80000, 0x0000000100000000)
  eden space 31744K, 0% used [0x00000000eaa80000,0x00000000eaa80000,0x00000000ec980000)
  from space 2560K, 99% used [0x00000000ecc00000,0x00000000ece7f728,0x00000000ece80000)
  to   space 2560K, 0% used [0x00000000ec980000,0x00000000ec980000,0x00000000ecc00000)
 ParOldGen       total 40960K, used 1894K [0x00000000c0000000, 0x00000000c2800000, 0x00000000eaa80000)
  object space 40960K, 4% used [0x00000000c0000000,0x00000000c01d9978,0x00000000c2800000)
 PSPermGen       total 21504K, used 5978K [0x00000000b5a00000, 0x00000000b6f00000, 0x00000000c0000000)
  object space 21504K, 27% used [0x00000000b5a00000,0x00000000b5fd6928,0x00000000b6f00000)
}
Event: 3,725 GC heap before
{Heap before GC invocations=3 (full 0):
 PSYoungGen      total 34304K, used 34301K [0x00000000eaa80000, 0x00000000ece80000, 0x0000000100000000)
  eden space 31744K, 100% used [0x00000000eaa80000,0x00000000ec980000,0x00000000ec980000)
  from space 2560K, 99% used [0x00000000ecc00000,0x00000000ece7f728,0x00000000ece80000)
  to   space 2560K, 0% used [0x00000000ec980000,0x00000000ec980000,0x00000000ecc00000)
 ParOldGen       total 40960K, used 1894K [0x00000000c0000000, 0x00000000c2800000, 0x00000000eaa80000)
  object space 40960K, 4% used [0x00000000c0000000,0x00000000c01d9978,0x00000000c2800000)
 PSPermGen       total 21504K, used 6157K [0x00000000b5a00000, 0x00000000b6f00000, 0x00000000c0000000)
  object space 21504K, 28% used [0x00000000b5a00000,0x00000000b60034c8,0x00000000b6f00000)
Event: 3,767 GC heap after
Heap after GC invocations=3 (full 0):
 PSYoungGen      total 34304K, used 2541K [0x00000000eaa80000, 0x00000000eed80000, 0x0000000100000000)
  eden space 31744K, 0% used [0x00000000eaa80000,0x00000000eaa80000,0x00000000ec980000)
  from space 2560K, 99% used [0x00000000ec980000,0x00000000ecbfb488,0x00000000ecc00000)
  to   space 2560K, 0% used [0x00000000eeb00000,0x00000000eeb00000,0x00000000eed80000)
 ParOldGen       total 40960K, used 7151K [0x00000000c0000000, 0x00000000c2800000, 0x00000000eaa80000)
  object space 40960K, 17% used [0x00000000c0000000,0x00000000c06fbdb8,0x00000000c2800000)
 PSPermGen       total 21504K, used 6157K [0x00000000b5a00000, 0x00000000b6f00000, 0x00000000c0000000)
  object space 21504K, 28% used [0x00000000b5a00000,0x00000000b60034c8,0x00000000b6f00000)
}
Event: 7,711 GC heap before
{Heap before GC invocations=4 (full 0):
 PSYoungGen      total 34304K, used 34285K [0x00000000eaa80000, 0x00000000eed80000, 0x0000000100000000)
  eden space 31744K, 100% used [0x00000000eaa80000,0x00000000ec980000,0x00000000ec980000)
  from space 2560K, 99% used [0x00000000ec980000,0x00000000ecbfb488,0x00000000ecc00000)
  to   space 2560K, 0% used [0x00000000eeb00000,0x00000000eeb00000,0x00000000eed80000)
 ParOldGen       total 40960K, used 7151K [0x00000000c0000000, 0x00000000c2800000, 0x00000000eaa80000)
  object space 40960K, 17% used [0x00000000c0000000,0x00000000c06fbdb8,0x00000000c2800000)
 PSPermGen       total 21504K, used 6190K [0x00000000b5a00000, 0x00000000b6f00000, 0x00000000c0000000)
  object space 21504K, 28% used [0x00000000b5a00000,0x00000000b600ba18,0x00000000b6f00000)
Event: 7,780 GC heap after
Heap after GC invocations=4 (full 0):
 PSYoungGen      total 66048K, used 2530K [0x00000000eaa80000, 0x00000000eed80000, 0x0000000100000000)
  eden space 63488K, 0% used [0x00000000eaa80000,0x00000000eaa80000,0x00000000ee880000)
  from space 2560K, 98% used [0x00000000eeb00000,0x00000000eed78868,0x00000000eed80000)
  to   space 2560K, 0% used [0x00000000ee880000,0x00000000ee880000,0x00000000eeb00000)
 ParOldGen       total 40960K, used 11179K [0x00000000c0000000, 0x00000000c2800000, 0x00000000eaa80000)
  object space 40960K, 27% used [0x00000000c0000000,0x00000000c0aeae30,0x00000000c2800000)
 PSPermGen       total 21504K, used 6190K [0x00000000b5a00000, 0x00000000b6f00000, 0x00000000c0000000)
  object space 21504K, 28% used [0x00000000b5a00000,0x00000000b600ba18,0x00000000b6f00000)
}
Event: 14,035 GC heap before
{Heap before GC invocations=5 (full 0):
 PSYoungGen      total 66048K, used 66018K [0x00000000eaa80000, 0x00000000eed80000, 0x0000000100000000)
  eden space 63488K, 100% used [0x00000000eaa80000,0x00000000ee880000,0x00000000ee880000)
  from space 2560K, 98% used [0x00000000eeb00000,0x00000000eed78868,0x00000000eed80000)
  to   space 2560K, 0% used [0x00000000ee880000,0x00000000ee880000,0x00000000eeb00000)
 ParOldGen       total 40960K, used 11179K [0x00000000c0000000, 0x00000000c2800000, 0x00000000eaa80000)
  object space 40960K, 27% used [0x00000000c0000000,0x00000000c0aeae30,0x00000000c2800000)
 PSPermGen       total 21504K, used 6240K [0x00000000b5a00000, 0x00000000b6f00000, 0x00000000c0000000)
  object space 21504K, 29% used [0x00000000b5a00000,0x00000000b6018348,0x00000000b6f00000)
Event: 14,205 GC heap after
Heap after GC invocations=5 (full 0):
 PSYoungGen      total 66048K, used 2530K [0x00000000eaa80000, 0x00000000f4380000, 0x0000000100000000)
  eden space 63488K, 0% used [0x00000000eaa80000,0x00000000eaa80000,0x00000000ee880000)
  from space 2560K, 98% used [0x00000000ee880000,0x00000000eeaf8868,0x00000000eeb00000)
  to   space 14848K, 0% used [0x00000000f3500000,0x00000000f3500000,0x00000000f4380000)
 ParOldGen       total 40960K, used 22047K [0x00000000c0000000, 0x00000000c2800000, 0x00000000eaa80000)
  object space 40960K, 53% used [0x00000000c0000000,0x00000000c1587ee0,0x00000000c2800000)
 PSPermGen       total 21504K, used 6240K [0x00000000b5a00000, 0x00000000b6f00000, 0x00000000c0000000)
  object space 21504K, 29% used [0x00000000b5a00000,0x00000000b6018348,0x00000000b6f00000)
}
Event: 19,295 GC heap before
{Heap before GC invocations=6 (full 0):
 PSYoungGen      total 66048K, used 66018K [0x00000000eaa80000, 0x00000000f4380000, 0x0000000100000000)
  eden space 63488K, 100% used [0x00000000eaa80000,0x00000000ee880000,0x00000000ee880000)
  from space 2560K, 98% used [0x00000000ee880000,0x00000000eeaf8868,0x00000000eeb00000)
  to   space 14848K, 0% used [0x00000000f3500000,0x00000000f3500000,0x00000000f4380000)
 ParOldGen       total 40960K, used 22047K [0x00000000c0000000, 0x00000000c2800000, 0x00000000eaa80000)
  object space 40960K, 53% used [0x00000000c0000000,0x00000000c1587ee0,0x00000000c2800000)
 PSPermGen       total 21504K, used 6284K [0x00000000b5a00000, 0x00000000b6f00000, 0x00000000c0000000)
  object space 21504K, 29% used [0x00000000b5a00000,0x00000000b60233e8,0x00000000b6f00000)
Event: 19,437 GC heap after
Heap after GC invocations=6 (full 0):
 PSYoungGen      total 139264K, used 13507K [0x00000000eaa80000, 0x00000000f4880000, 0x0000000100000000)
  eden space 124416K, 0% used [0x00000000eaa80000,0x00000000eaa80000,0x00000000f2400000)
  from space 14848K, 90% used [0x00000000f3500000,0x00000000f4230d38,0x00000000f4380000)
  to   space 17408K, 0% used [0x00000000f2400000,0x00000000f2400000,0x00000000f3500000)
 ParOldGen       total 40960K, used 22047K [0x00000000c0000000, 0x00000000c2800000, 0x00000000eaa80000)
  object space 40960K, 53% used [0x00000000c0000000,0x00000000c1587ee0,0x00000000c2800000)
 PSPermGen       total 21504K, used 6284K [0x00000000b5a00000, 0x00000000b6f00000, 0x00000000c0000000)
  object space 21504K, 29% used [0x00000000b5a00000,0x00000000b60233e8,0x00000000b6f00000)
}
Event: 25,488 GC heap before
{Heap before GC invocations=7 (full 0):
 PSYoungGen      total 139264K, used 137923K [0x00000000eaa80000, 0x00000000f4880000, 0x0000000100000000)
  eden space 124416K, 100% used [0x00000000eaa80000,0x00000000f2400000,0x00000000f2400000)
  from space 14848K, 90% used [0x00000000f3500000,0x00000000f4230d38,0x00000000f4380000)
  to   space 17408K, 0% used [0x00000000f2400000,0x00000000f2400000,0x00000000f3500000)
 ParOldGen       total 40960K, used 22047K [0x00000000c0000000, 0x00000000c2800000, 0x00000000eaa80000)
  object space 40960K, 53% used [0x00000000c0000000,0x00000000c1587ee0,0x00000000c2800000)
 PSPermGen       total 21504K, used 6361K [0x00000000b5a00000, 0x00000000b6f00000, 0x00000000c0000000)
  object space 21504K, 29% used [0x00000000b5a00000,0x00000000b6036648,0x00000000b6f00000)

Deoptimization events (10 events):
Event: 21,136 Thread 0x00007ffa68191800 Uncommon trap: reason=bimorphic action=maybe_recompile pc=0x00007ffa642e0220 method=com.android.dx.ssa.SCCP.setLatticeValueTo(IILcom/android/dx/rop/cst/Constant;)Z @ 43
Event: 22,165 Thread 0x00007ffa68199800 Uncommon trap: reason=bimorphic action=maybe_recompile pc=0x00007ffa6430a1fc method=com.android.dx.cf.code.BytecodeArray.parseInstruction(ILcom/android/dx/cf/code/BytecodeArray$Visitor;)I @ 1161
Event: 22,165 Thread 0x00007ffa68199800 Uncommon trap: reason=bimorphic action=maybe_recompile pc=0x00007ffa6430a1fc method=com.android.dx.cf.code.BytecodeArray.parseInstruction(ILcom/android/dx/cf/code/BytecodeArray$Visitor;)I @ 1161
Event: 22,189 Thread 0x00007ffa6819c800 Uncommon trap: reason=bimorphic action=maybe_recompile pc=0x00007ffa6430b9b4 method=com.android.dx.cf.code.BytecodeArray.parseInstruction(ILcom/android/dx/cf/code/BytecodeArray$Visitor;)I @ 2135
Event: 22,194 Thread 0x00007ffa6819c800 Uncommon trap: reason=bimorphic action=maybe_recompile pc=0x00007ffa6430b9b4 method=com.android.dx.cf.code.BytecodeArray.parseInstruction(ILcom/android/dx/cf/code/BytecodeArray$Visitor;)I @ 2135
Event: 22,498 Thread 0x00007ffa6800a800 Uncommon trap: reason=unstable_if action=reinterpret pc=0x00007ffa642638a0 method=com.android.dx.ssa.Dominators.run()V @ 346
Event: 22,608 Thread 0x00007ffa6800a800 Uncommon trap: reason=bimorphic action=maybe_recompile pc=0x00007ffa642ffa28 method=com.android.dx.ssa.LiteralOpUpgrader.tryReplacingWithConstant(Lcom/android/dx/ssa/NormalSsaInsn;)Z @ 62
Event: 22,696 Thread 0x00007ffa6819c800 Uncommon trap: reason=unstable_if action=reinterpret pc=0x00007ffa642431ec method=com.android.dx.ssa.MoveParamCombiner$1.visitNonMoveInsn(Lcom/android/dx/ssa/NormalSsaInsn;)V @ 27
Event: 22,711 Thread 0x00007ffa6800a800 Uncommon trap: reason=bimorphic action=maybe_recompile pc=0x00007ffa642ffa28 method=com.android.dx.ssa.LiteralOpUpgrader.tryReplacingWithConstant(Lcom/android/dx/ssa/NormalSsaInsn;)Z @ 62
Event: 23,396 Thread 0x00007ffa6819c800 Uncommon trap: reason=bimorphic action=maybe_recompile pc=0x00007ffa642e0220 method=com.android.dx.ssa.SCCP.setLatticeValueTo(IILcom/android/dx/rop/cst/Constant;)Z @ 43

Internal exceptions (10 events):
Event: 1,300 Thread 0x00007ffa6800a800 Threw 0x00000000eb5ba278 at /build/openjdk-7-2FOwCu/openjdk-7-7u95-2.6.4/build/openjdk/hotspot/src/share/vm/prims/jvm.cpp:1322
Event: 2,454 Thread 0x00007ffa6819b000 Threw 0x00000000eb036fe0 at /build/openjdk-7-2FOwCu/openjdk-7-7u95-2.6.4/build/openjdk/hotspot/src/share/vm/prims/jvm.cpp:1322
Event: 4,215 Thread 0x00007ffa6819c800 Implicit null exception at 0x00007ffa64243b61 to 0x00007ffa642458b1
Event: 8,651 Thread 0x00007ffa6800a800 Implicit null exception at 0x00007ffa6424c3d7 to 0x00007ffa6424cabd
Event: 8,670 Thread 0x00007ffa6819b000 Threw 0x00000000eadf8f18 at /build/openjdk-7-2FOwCu/openjdk-7-7u95-2.6.4/build/openjdk/hotspot/src/share/vm/prims/jvm.cpp:1322
Event: 8,778 Thread 0x00007ffa6800a800 Threw 0x00000000eaf90108 at /build/openjdk-7-2FOwCu/openjdk-7-7u95-2.6.4/build/openjdk/hotspot/src/share/vm/prims/jvm.cpp:1322
Event: 9,457 Thread 0x00007ffa68199800 Threw 0x00000000eb6bf458 at /build/openjdk-7-2FOwCu/openjdk-7-7u95-2.6.4/build/openjdk/hotspot/src/share/vm/prims/jvm.cpp:1322
Event: 12,799 Thread 0x00007ffa68199800 Implicit null exception at 0x00007ffa6429e2ed to 0x00007ffa642a1fd1
Event: 18,193 Thread 0x00007ffa6800a800 Threw 0x00000000ed56bf08 at /build/openjdk-7-2FOwCu/openjdk-7-7u95-2.6.4/build/openjdk/hotspot/src/share/vm/prims/jvm.cpp:1322
Event: 18,824 Thread 0x00007ffa6800a800 Implicit null exception at 0x00007ffa642ae3bc to 0x00007ffa642ae4d1

Events (10 events):
Event: 22,711 Thread 0x00007ffa6800a800 Uncommon trap: trap_request=0xffffffc6 fr.pc=0x00007ffa642ffa28
Event: 22,711 Thread 0x00007ffa6800a800 DEOPT PACKING pc=0x00007ffa642ffa28 sp=0x00007ffa6e71b8c0
Event: 22,712 Thread 0x00007ffa6800a800 DEOPT UNPACKING pc=0x00007ffa641b4445 sp=0x00007ffa6e71b7a8 mode 2
Event: 22,981 Thread 0x00007ffa680aa800 flushing nmethod 0x00007ffa642c3590
Event: 22,981 Thread 0x00007ffa680aa800 flushing nmethod 0x00007ffa642cbb50
Event: 23,396 Thread 0x00007ffa6819c800 Uncommon trap: trap_request=0xffffffc6 fr.pc=0x00007ffa642e0220
Event: 23,396 Thread 0x00007ffa6819c800 DEOPT PACKING pc=0x00007ffa642e0220 sp=0x00007ffa513d5230
Event: 23,396 Thread 0x00007ffa6819c800 DEOPT UNPACKING pc=0x00007ffa641b4445 sp=0x00007ffa513d50a0 mode 2
Event: 23,657 Thread 0x00007ffa680ad800 flushing nmethod 0x00007ffa642ae250
Event: 25,474 Executing VM operation: ParallelGCFailedAllocation


Dynamic libraries:
00400000-00401000 r-xp 00000000 08:06 1454669                            /usr/lib/jvm/java-7-openjdk-amd64/jre/bin/java
00600000-00601000 r--p 00000000 08:06 1454669                            /usr/lib/jvm/java-7-openjdk-amd64/jre/bin/java
00601000-00602000 rw-p 00001000 08:06 1454669                            /usr/lib/jvm/java-7-openjdk-amd64/jre/bin/java
01b9d000-01bbe000 rw-p 00000000 00:00 0                                  [heap]
b5a00000-b6f00000 rw-p 00000000 00:00 0 
b6f00000-c0000000 rw-p 00000000 00:00 0 
c0000000-c2800000 rw-p 00000000 00:00 0 
c2800000-eaa80000 rw-p 00000000 00:00 0 
eaa80000-f4880000 rw-p 00000000 00:00 0 
fd580000-100000000 rw-p 00000000 00:00 0 
7ffa18000000-7ffa1802c000 rw-p 00000000 00:00 0 
7ffa1802c000-7ffa1c000000 ---p 00000000 00:00 0 
7ffa1c000000-7ffa1c021000 rw-p 00000000 00:00 0 
7ffa1c021000-7ffa20000000 ---p 00000000 00:00 0 
7ffa20000000-7ffa20021000 rw-p 00000000 00:00 0 
7ffa20021000-7ffa24000000 ---p 00000000 00:00 0 
7ffa24000000-7ffa24021000 rw-p 00000000 00:00 0 
7ffa24021000-7ffa28000000 ---p 00000000 00:00 0 
7ffa28000000-7ffa28021000 rw-p 00000000 00:00 0 
7ffa28021000-7ffa2c000000 ---p 00000000 00:00 0 
7ffa2c000000-7ffa2c03f000 rw-p 00000000 00:00 0 
7ffa2c03f000-7ffa30000000 ---p 00000000 00:00 0 
7ffa30000000-7ffa317c2000 rw-p 00000000 00:00 0 
7ffa317c2000-7ffa34000000 ---p 00000000 00:00 0 
7ffa34000000-7ffa34021000 rw-p 00000000 00:00 0 
7ffa34021000-7ffa38000000 ---p 00000000 00:00 0 
7ffa38000000-7ffa38021000 rw-p 00000000 00:00 0 
7ffa38021000-7ffa3c000000 ---p 00000000 00:00 0 
7ffa3c000000-7ffa3d601000 rw-p 00000000 00:00 0 
7ffa3d601000-7ffa40000000 ---p 00000000 00:00 0 
7ffa40000000-7ffa40021000 rw-p 00000000 00:00 0 
7ffa40021000-7ffa44000000 ---p 00000000 00:00 0 
7ffa44000000-7ffa44021000 rw-p 00000000 00:00 0 
7ffa44021000-7ffa48000000 ---p 00000000 00:00 0 
7ffa48000000-7ffa48021000 rw-p 00000000 00:00 0 
7ffa48021000-7ffa4c000000 ---p 00000000 00:00 0 
7ffa4c000000-7ffa4c021000 rw-p 00000000 00:00 0 
7ffa4c021000-7ffa50000000 ---p 00000000 00:00 0 
7ffa512d6000-7ffa512d9000 ---p 00000000 00:00 0 
7ffa512d9000-7ffa513d7000 rw-p 00000000 00:00 0                          [stack:10035]
7ffa513d7000-7ffa513da000 ---p 00000000 00:00 0 
7ffa513da000-7ffa514d8000 rw-p 00000000 00:00 0                          [stack:10034]
7ffa514d8000-7ffa514db000 ---p 00000000 00:00 0 
7ffa514db000-7ffa515d9000 rw-p 00000000 00:00 0                          [stack:10031]
7ffa515d9000-7ffa515dc000 ---p 00000000 00:00 0 
7ffa515dc000-7ffa516da000 rw-p 00000000 00:00 0                          [stack:10030]
7ffa516da000-7ffa516dd000 ---p 00000000 00:00 0 
7ffa516dd000-7ffa5180c000 rw-p 00000000 00:00 0                          [stack:10029]
7ffa5180c000-7ffa51849000 r-xp 00000000 08:06 130821                     /lib/x86_64-linux-gnu/libpcre.so.3.13.1
7ffa51849000-7ffa51a48000 ---p 0003d000 08:06 130821                     /lib/x86_64-linux-gnu/libpcre.so.3.13.1
7ffa51a48000-7ffa51a49000 r--p 0003c000 08:06 130821                     /lib/x86_64-linux-gnu/libpcre.so.3.13.1
7ffa51a49000-7ffa51a4a000 rw-p 0003d000 08:06 130821                     /lib/x86_64-linux-gnu/libpcre.so.3.13.1
7ffa51a4a000-7ffa51a51000 r-xp 00000000 08:06 1447540                    /usr/lib/x86_64-linux-gnu/libffi.so.6.0.1
7ffa51a51000-7ffa51c50000 ---p 00007000 08:06 1447540                    /usr/lib/x86_64-linux-gnu/libffi.so.6.0.1
7ffa51c50000-7ffa51c51000 r--p 00006000 08:06 1447540                    /usr/lib/x86_64-linux-gnu/libffi.so.6.0.1
7ffa51c51000-7ffa51c52000 rw-p 00007000 08:06 1447540                    /usr/lib/x86_64-linux-gnu/libffi.so.6.0.1
7ffa51c52000-7ffa51c69000 r-xp 00000000 08:06 134868                     /lib/x86_64-linux-gnu/libresolv-2.19.so
7ffa51c69000-7ffa51e69000 ---p 00017000 08:06 134868                     /lib/x86_64-linux-gnu/libresolv-2.19.so
7ffa51e69000-7ffa51e6a000 r--p 00017000 08:06 134868                     /lib/x86_64-linux-gnu/libresolv-2.19.so
7ffa51e6a000-7ffa51e6b000 rw-p 00018000 08:06 134868                     /lib/x86_64-linux-gnu/libresolv-2.19.so
7ffa51e6b000-7ffa51e6d000 rw-p 00000000 00:00 0 
7ffa51e6d000-7ffa51e8d000 r-xp 00000000 08:06 135079                     /lib/x86_64-linux-gnu/libselinux.so.1
7ffa51e8d000-7ffa5208c000 ---p 00020000 08:06 135079                     /lib/x86_64-linux-gnu/libselinux.so.1
7ffa5208c000-7ffa5208d000 r--p 0001f000 08:06 135079                     /lib/x86_64-linux-gnu/libselinux.so.1
7ffa5208d000-7ffa5208e000 rw-p 00020000 08:06 135079                     /lib/x86_64-linux-gnu/libselinux.so.1
7ffa5208e000-7ffa52090000 rw-p 00000000 00:00 0 
7ffa52090000-7ffa52093000 r-xp 00000000 08:06 1439340                    /usr/lib/x86_64-linux-gnu/libgmodule-2.0.so.0.4002.0
7ffa52093000-7ffa52292000 ---p 00003000 08:06 1439340                    /usr/lib/x86_64-linux-gnu/libgmodule-2.0.so.0.4002.0
7ffa52292000-7ffa52293000 r--p 00002000 08:06 1439340                    /usr/lib/x86_64-linux-gnu/libgmodule-2.0.so.0.4002.0
7ffa52293000-7ffa52294000 rw-p 00003000 08:06 1439340                    /usr/lib/x86_64-linux-gnu/libgmodule-2.0.so.0.4002.0
7ffa52294000-7ffa5239a000 r-xp 00000000 08:06 134871                     /lib/x86_64-linux-gnu/libglib-2.0.so.0.4002.0
7ffa5239a000-7ffa52599000 ---p 00106000 08:06 134871                     /lib/x86_64-linux-gnu/libglib-2.0.so.0.4002.0
7ffa52599000-7ffa5259a000 r--p 00105000 08:06 134871                     /lib/x86_64-linux-gnu/libglib-2.0.so.0.4002.0
7ffa5259a000-7ffa5259b000 rw-p 00106000 08:06 134871                     /lib/x86_64-linux-gnu/libglib-2.0.so.0.4002.0
7ffa5259b000-7ffa5259c000 rw-p 00000000 00:00 0 
7ffa5259c000-7ffa525eb000 r-xp 00000000 08:06 1439358                    /usr/lib/x86_64-linux-gnu/libgobject-2.0.so.0.4002.0
7ffa525eb000-7ffa527eb000 ---p 0004f000 08:06 1439358                    /usr/lib/x86_64-linux-gnu/libgobject-2.0.so.0.4002.0
7ffa527eb000-7ffa527ec000 r--p 0004f000 08:06 1439358                    /usr/lib/x86_64-linux-gnu/libgobject-2.0.so.0.4002.0
7ffa527ec000-7ffa527ed000 rw-p 00050000 08:06 1439358                    /usr/lib/x86_64-linux-gnu/libgobject-2.0.so.0.4002.0
7ffa527ed000-7ffa52959000 r-xp 00000000 08:06 1439362                    /usr/lib/x86_64-linux-gnu/libgio-2.0.so.0.4002.0
7ffa52959000-7ffa52b58000 ---p 0016c000 08:06 1439362                    /usr/lib/x86_64-linux-gnu/libgio-2.0.so.0.4002.0
7ffa52b58000-7ffa52b5c000 r--p 0016b000 08:06 1439362                    /usr/lib/x86_64-linux-gnu/libgio-2.0.so.0.4002.0
7ffa52b5c000-7ffa52b5e000 rw-p 0016f000 08:06 1439362                    /usr/lib/x86_64-linux-gnu/libgio-2.0.so.0.4002.0
7ffa52b5e000-7ffa52b60000 rw-p 00000000 00:00 0 
7ffa52b7c000-7ffa52b93000 r-xp 00000000 08:06 1489830                    /usr/lib/jvm/java-7-openjdk-amd64/jre/lib/amd64/libnet.so
7ffa52b93000-7ffa52d92000 ---p 00017000 08:06 1489830                    /usr/lib/jvm/java-7-openjdk-amd64/jre/lib/amd64/libnet.so
7ffa52d92000-7ffa52d93000 r--p 00016000 08:06 1489830                    /usr/lib/jvm/java-7-openjdk-amd64/jre/lib/amd64/libnet.so
7ffa52d93000-7ffa52d94000 rw-p 00017000 08:06 1489830                    /usr/lib/jvm/java-7-openjdk-amd64/jre/lib/amd64/libnet.so
7ffa52d94000-7ffa52da4000 r-xp 00000000 08:06 1489812                    /usr/lib/jvm/java-7-openjdk-amd64/jre/lib/amd64/libnio.so
7ffa52da4000-7ffa52fa4000 ---p 00010000 08:06 1489812                    /usr/lib/jvm/java-7-openjdk-amd64/jre/lib/amd64/libnio.so
7ffa52fa4000-7ffa52fa5000 r--p 00010000 08:06 1489812                    /usr/lib/jvm/java-7-openjdk-amd64/jre/lib/amd64/libnio.so
7ffa52fa5000-7ffa52fa6000 rw-p 00011000 08:06 1489812                    /usr/lib/jvm/java-7-openjdk-amd64/jre/lib/amd64/libnio.so
7ffa52fa6000-7ffa52fa7000 ---p 00000000 00:00 0 
7ffa52fa7000-7ffa530a7000 rw-p 00000000 00:00 0                          [stack:10013]
7ffa530a7000-7ffa530aa000 ---p 00000000 00:00 0 
7ffa530aa000-7ffa531a8000 rw-p 00000000 00:00 0                          [stack:10012]
7ffa531a8000-7ffa531ab000 ---p 00000000 00:00 0 
7ffa531ab000-7ffa532a9000 rw-p 00000000 00:00 0                          [stack:10011]
7ffa532a9000-7ffa532ac000 ---p 00000000 00:00 0 
7ffa532ac000-7ffa533aa000 rw-p 00000000 00:00 0                          [stack:10009]
7ffa533aa000-7ffa533ad000 ---p 00000000 00:00 0 
7ffa533ad000-7ffa534ab000 rw-p 00000000 00:00 0                          [stack:9999]
7ffa534ab000-7ffa53cfd000 r--p 00000000 08:06 1447082                    /usr/lib/locale/locale-archive
7ffa53cfd000-7ffa53d00000 ---p 00000000 00:00 0 
7ffa53d00000-7ffa53dfe000 rw-p 00000000 00:00 0                          [stack:9993]
7ffa53dfe000-7ffa53e01000 ---p 00000000 00:00 0 
7ffa53e01000-7ffa53eff000 rw-p 00000000 00:00 0                          [stack:9992]
7ffa53eff000-7ffa53f00000 ---p 00000000 00:00 0 
7ffa53f00000-7ffa54000000 rw-p 00000000 00:00 0                          [stack:9987]
7ffa54000000-7ffa54021000 rw-p 00000000 00:00 0 
7ffa54021000-7ffa58000000 ---p 00000000 00:00 0 
7ffa58000000-7ffa58021000 rw-p 00000000 00:00 0 
7ffa58021000-7ffa5c000000 ---p 00000000 00:00 0 
7ffa5c000000-7ffa5c021000 rw-p 00000000 00:00 0 
7ffa5c021000-7ffa60000000 ---p 00000000 00:00 0 
7ffa60000000-7ffa60016000 r--s 000f0000 08:06 3245249                    /home/tulin/AndroidStudioProjects/CamApp/app/build/intermediates/exploded-aar/com.android.support/support-v4/23.2.0/jars/classes.jar
7ffa60016000-7ffa60025000 r--s 000df000 08:06 3216701                    /home/tulin/Android/Sdk/build-tools/23.0.2/lib/dx.jar
7ffa60025000-7ffa61022000 rw-p 00000000 00:00 0 
7ffa61022000-7ffa611d4000 r--s 01d2f000 08:06 1489796                    /usr/lib/jvm/java-7-openjdk-amd64/jre/lib/rt.jar
7ffa611d4000-7ffa639cd000 rw-p 00000000 00:00 0 
7ffa639cd000-7ffa639ce000 ---p 00000000 00:00 0 
7ffa639ce000-7ffa63ace000 rw-p 00000000 00:00 0                          [stack:9983]
7ffa63ace000-7ffa63acf000 ---p 00000000 00:00 0 
7ffa63acf000-7ffa63bcf000 rw-p 00000000 00:00 0                          [stack:9982]
7ffa63bcf000-7ffa63bd0000 ---p 00000000 00:00 0 
7ffa63bd0000-7ffa63cd0000 rw-p 00000000 00:00 0                          [stack:9981]
7ffa63cd0000-7ffa63cd1000 ---p 00000000 00:00 0 
7ffa63cd1000-7ffa63de5000 rw-p 00000000 00:00 0                          [stack:9980]
7ffa63de5000-7ffa63f27000 rw-p 00000000 00:00 0 
7ffa63f27000-7ffa63f32000 rw-p 00000000 00:00 0 
7ffa63f32000-7ffa63f7a000 rw-p 00000000 00:00 0 
7ffa63f7a000-7ffa63f8e000 rw-p 00000000 00:00 0 
7ffa63f8e000-7ffa640cf000 rw-p 00000000 00:00 0 
7ffa640cf000-7ffa6411f000 rw-p 00000000 00:00 0 
7ffa6411f000-7ffa6417a000 rw-p 00000000 00:00 0 
7ffa6417a000-7ffa6417b000 rw-p 00000000 00:00 0 
7ffa6417b000-7ffa643eb000 rwxp 00000000 00:00 0 
7ffa643eb000-7ffa6717b000 rw-p 00000000 00:00 0 
7ffa6717b000-7ffa67183000 r-xp 00000000 08:06 1489805                    /usr/lib/jvm/java-7-openjdk-amd64/jre/lib/amd64/libzip.so
7ffa67183000-7ffa67382000 ---p 00008000 08:06 1489805                    /usr/lib/jvm/java-7-openjdk-amd64/jre/lib/amd64/libzip.so
7ffa67382000-7ffa67383000 r--p 00007000 08:06 1489805                    /usr/lib/jvm/java-7-openjdk-amd64/jre/lib/amd64/libzip.so
7ffa67383000-7ffa67384000 rw-p 00008000 08:06 1489805                    /usr/lib/jvm/java-7-openjdk-amd64/jre/lib/amd64/libzip.so
7ffa67384000-7ffa6738f000 r-xp 00000000 08:06 184225                     /lib/x86_64-linux-gnu/libnss_files-2.19.so
7ffa6738f000-7ffa6758e000 ---p 0000b000 08:06 184225                     /lib/x86_64-linux-gnu/libnss_files-2.19.so
7ffa6758e000-7ffa6758f000 r--p 0000a000 08:06 184225                     /lib/x86_64-linux-gnu/libnss_files-2.19.so
7ffa6758f000-7ffa67590000 rw-p 0000b000 08:06 184225                     /lib/x86_64-linux-gnu/libnss_files-2.19.so
7ffa67590000-7ffa6759b000 r-xp 00000000 08:06 145746                     /lib/x86_64-linux-gnu/libnss_nis-2.19.so
7ffa6759b000-7ffa6779a000 ---p 0000b000 08:06 145746                     /lib/x86_64-linux-gnu/libnss_nis-2.19.so
7ffa6779a000-7ffa6779b000 r--p 0000a000 08:06 145746                     /lib/x86_64-linux-gnu/libnss_nis-2.19.so
7ffa6779b000-7ffa6779c000 rw-p 0000b000 08:06 145746                     /lib/x86_64-linux-gnu/libnss_nis-2.19.so
7ffa6779c000-7ffa677b3000 r-xp 00000000 08:06 145742                     /lib/x86_64-linux-gnu/libnsl-2.19.so
7ffa677b3000-7ffa679b2000 ---p 00017000 08:06 145742                     /lib/x86_64-linux-gnu/libnsl-2.19.so
7ffa679b2000-7ffa679b3000 r--p 00016000 08:06 145742                     /lib/x86_64-linux-gnu/libnsl-2.19.so
7ffa679b3000-7ffa679b4000 rw-p 00017000 08:06 145742                     /lib/x86_64-linux-gnu/libnsl-2.19.so
7ffa679b4000-7ffa679b6000 rw-p 00000000 00:00 0 
7ffa679b6000-7ffa679bf000 r-xp 00000000 08:06 145741                     /lib/x86_64-linux-gnu/libnss_compat-2.19.so
7ffa679bf000-7ffa67bbe000 ---p 00009000 08:06 145741                     /lib/x86_64-linux-gnu/libnss_compat-2.19.so
7ffa67bbe000-7ffa67bbf000 r--p 00008000 08:06 145741                     /lib/x86_64-linux-gnu/libnss_compat-2.19.so
7ffa67bbf000-7ffa67bc0000 rw-p 00009000 08:06 145741                     /lib/x86_64-linux-gnu/libnss_compat-2.19.so
7ffa67bc0000-7ffa67beb000 r-xp 00000000 08:06 1489826                    /usr/lib/jvm/java-7-openjdk-amd64/jre/lib/amd64/libjava.so
7ffa67beb000-7ffa67deb000 ---p 0002b000 08:06 1489826                    /usr/lib/jvm/java-7-openjdk-amd64/jre/lib/amd64/libjava.so
7ffa67deb000-7ffa67dec000 r--p 0002b000 08:06 1489826                    /usr/lib/jvm/java-7-openjdk-amd64/jre/lib/amd64/libjava.so
7ffa67dec000-7ffa67dee000 rw-p 0002c000 08:06 1489826                    /usr/lib/jvm/java-7-openjdk-amd64/jre/lib/amd64/libjava.so
7ffa67dee000-7ffa67dfe000 r-xp 00000000 08:06 1489810                    /usr/lib/jvm/java-7-openjdk-amd64/jre/lib/amd64/libverify.so
7ffa67dfe000-7ffa67ffd000 ---p 00010000 08:06 1489810                    /usr/lib/jvm/java-7-openjdk-amd64/jre/lib/amd64/libverify.so
7ffa67ffd000-7ffa67fff000 r--p 0000f000 08:06 1489810                    /usr/lib/jvm/java-7-openjdk-amd64/jre/lib/amd64/libverify.so
7ffa67fff000-7ffa68000000 rw-p 00011000 08:06 1489810                    /usr/lib/jvm/java-7-openjdk-amd64/jre/lib/amd64/libverify.so
7ffa68000000-7ffa681ce000 rw-p 00000000 00:00 0 
7ffa681ce000-7ffa6c000000 ---p 00000000 00:00 0 
7ffa6c003000-7ffa6c091000 rw-p 00000000 00:00 0 
7ffa6c091000-7ffa6c0d9000 rw-p 00000000 00:00 0 
7ffa6c0d9000-7ffa6c0e0000 r-xp 00000000 08:06 148472                     /lib/x86_64-linux-gnu/librt-2.19.so
7ffa6c0e0000-7ffa6c2df000 ---p 00007000 08:06 148472                     /lib/x86_64-linux-gnu/librt-2.19.so
7ffa6c2df000-7ffa6c2e0000 r--p 00006000 08:06 148472                     /lib/x86_64-linux-gnu/librt-2.19.so
7ffa6c2e0000-7ffa6c2e1000 rw-p 00007000 08:06 148472                     /lib/x86_64-linux-gnu/librt-2.19.so
7ffa6c2e1000-7ffa6c2f7000 r-xp 00000000 08:06 131070                     /lib/x86_64-linux-gnu/libgcc_s.so.1
7ffa6c2f7000-7ffa6c4f6000 ---p 00016000 08:06 131070                     /lib/x86_64-linux-gnu/libgcc_s.so.1
7ffa6c4f6000-7ffa6c4f7000 rw-p 00015000 08:06 131070                     /lib/x86_64-linux-gnu/libgcc_s.so.1
7ffa6c4f7000-7ffa6c5fc000 r-xp 00000000 08:06 135048                     /lib/x86_64-linux-gnu/libm-2.19.so
7ffa6c5fc000-7ffa6c7fb000 ---p 00105000 08:06 135048                     /lib/x86_64-linux-gnu/libm-2.19.so
7ffa6c7fb000-7ffa6c7fc000 r--p 00104000 08:06 135048                     /lib/x86_64-linux-gnu/libm-2.19.so
7ffa6c7fc000-7ffa6c7fd000 rw-p 00105000 08:06 135048                     /lib/x86_64-linux-gnu/libm-2.19.so
7ffa6c7fd000-7ffa6c8e3000 r-xp 00000000 08:06 1439330                    /usr/lib/x86_64-linux-gnu/libstdc++.so.6.0.19
7ffa6c8e3000-7ffa6cae2000 ---p 000e6000 08:06 1439330                    /usr/lib/x86_64-linux-gnu/libstdc++.so.6.0.19
7ffa6cae2000-7ffa6caea000 r--p 000e5000 08:06 1439330                    /usr/lib/x86_64-linux-gnu/libstdc++.so.6.0.19
7ffa6caea000-7ffa6caec000 rw-p 000ed000 08:06 1439330                    /usr/lib/x86_64-linux-gnu/libstdc++.so.6.0.19
7ffa6caec000-7ffa6cb01000 rw-p 00000000 00:00 0 
7ffa6cb01000-7ffa6d626000 r-xp 00000000 08:06 1489806                    /usr/lib/jvm/java-7-openjdk-amd64/jre/lib/amd64/server/libjvm.so
7ffa6d626000-7ffa6d826000 ---p 00b25000 08:06 1489806                    /usr/lib/jvm/java-7-openjdk-amd64/jre/lib/amd64/server/libjvm.so
7ffa6d826000-7ffa6d8c0000 r--p 00b25000 08:06 1489806                    /usr/lib/jvm/java-7-openjdk-amd64/jre/lib/amd64/server/libjvm.so
7ffa6d8c0000-7ffa6d8e3000 rw-p 00bbf000 08:06 1489806                    /usr/lib/jvm/java-7-openjdk-amd64/jre/lib/amd64/server/libjvm.so
7ffa6d8e3000-7ffa6d911000 rw-p 00000000 00:00 0 
7ffa6d911000-7ffa6d929000 r-xp 00000000 08:06 135112                     /lib/x86_64-linux-gnu/libz.so.1.2.8
7ffa6d929000-7ffa6db28000 ---p 00018000 08:06 135112                     /lib/x86_64-linux-gnu/libz.so.1.2.8
7ffa6db28000-7ffa6db29000 r--p 00017000 08:06 135112                     /lib/x86_64-linux-gnu/libz.so.1.2.8
7ffa6db29000-7ffa6db2a000 rw-p 00018000 08:06 135112                     /lib/x86_64-linux-gnu/libz.so.1.2.8
7ffa6db2a000-7ffa6db43000 r-xp 00000000 08:06 145743                     /lib/x86_64-linux-gnu/libpthread-2.19.so
7ffa6db43000-7ffa6dd42000 ---p 00019000 08:06 145743                     /lib/x86_64-linux-gnu/libpthread-2.19.so
7ffa6dd42000-7ffa6dd43000 r--p 00018000 08:06 145743                     /lib/x86_64-linux-gnu/libpthread-2.19.so
7ffa6dd43000-7ffa6dd44000 rw-p 00019000 08:06 145743                     /lib/x86_64-linux-gnu/libpthread-2.19.so
7ffa6dd44000-7ffa6dd48000 rw-p 00000000 00:00 0 
7ffa6dd48000-7ffa6dd4b000 r-xp 00000000 08:06 145738                     /lib/x86_64-linux-gnu/libdl-2.19.so
7ffa6dd4b000-7ffa6df4a000 ---p 00003000 08:06 145738                     /lib/x86_64-linux-gnu/libdl-2.19.so
7ffa6df4a000-7ffa6df4b000 r--p 00002000 08:06 145738                     /lib/x86_64-linux-gnu/libdl-2.19.so
7ffa6df4b000-7ffa6df4c000 rw-p 00003000 08:06 145738                     /lib/x86_64-linux-gnu/libdl-2.19.so
7ffa6df4c000-7ffa6e107000 r-xp 00000000 08:06 148473                     /lib/x86_64-linux-gnu/libc-2.19.so
7ffa6e107000-7ffa6e306000 ---p 001bb000 08:06 148473                     /lib/x86_64-linux-gnu/libc-2.19.so
7ffa6e306000-7ffa6e30a000 r--p 001ba000 08:06 148473                     /lib/x86_64-linux-gnu/libc-2.19.so
7ffa6e30a000-7ffa6e30c000 rw-p 001be000 08:06 148473                     /lib/x86_64-linux-gnu/libc-2.19.so
7ffa6e30c000-7ffa6e311000 rw-p 00000000 00:00 0 
7ffa6e311000-7ffa6e31e000 r-xp 00000000 08:06 1489800                    /usr/lib/jvm/java-7-openjdk-amd64/jre/lib/amd64/jli/libjli.so
7ffa6e31e000-7ffa6e51d000 ---p 0000d000 08:06 1489800                    /usr/lib/jvm/java-7-openjdk-amd64/jre/lib/amd64/jli/libjli.so
7ffa6e51d000-7ffa6e51e000 r--p 0000c000 08:06 1489800                    /usr/lib/jvm/java-7-openjdk-amd64/jre/lib/amd64/jli/libjli.so
7ffa6e51e000-7ffa6e51f000 rw-p 0000d000 08:06 1489800                    /usr/lib/jvm/java-7-openjdk-amd64/jre/lib/amd64/jli/libjli.so
7ffa6e51f000-7ffa6e542000 r-xp 00000000 08:06 145744                     /lib/x86_64-linux-gnu/ld-2.19.so
7ffa6e542000-7ffa6e545000 r--s 0000f000 08:06 1489840                    /usr/lib/jvm/java-7-openjdk-amd64/jre/lib/ext/icedtea-sound.jar
7ffa6e545000-7ffa6e567000 rw-p 00000000 00:00 0 
7ffa6e567000-7ffa6e61d000 rw-p 00000000 00:00 0 
7ffa6e61d000-7ffa6e620000 ---p 00000000 00:00 0 
7ffa6e620000-7ffa6e724000 rw-p 00000000 00:00 0                          [stack:9969]
7ffa6e724000-7ffa6e726000 r--s 00012000 08:06 1489837                    /usr/lib/jvm/java-7-openjdk-amd64/jre/lib/ext/zipfs.jar
7ffa6e726000-7ffa6e727000 r--s 00002000 08:06 1489839                    /usr/lib/jvm/java-7-openjdk-amd64/jre/lib/ext/dnsns.jar
7ffa6e727000-7ffa6e729000 r--s 00006000 08:06 1840524                    /usr/share/java/java-atk-wrapper.jar
7ffa6e729000-7ffa6e72d000 r--s 0003c000 08:06 1489838                    /usr/lib/jvm/java-7-openjdk-amd64/jre/lib/ext/sunpkcs11.jar
7ffa6e72d000-7ffa6e731000 r--s 00034000 08:06 1489836                    /usr/lib/jvm/java-7-openjdk-amd64/jre/lib/ext/sunjce_provider.jar
7ffa6e731000-7ffa6e735000 r--s 00085000 08:06 1489835                    /usr/lib/jvm/java-7-openjdk-amd64/jre/lib/ext/localedata.jar
7ffa6e735000-7ffa6e73d000 rw-s 00000000 08:06 1841308                    /tmp/hsperfdata_tulin/9959
7ffa6e73d000-7ffa6e73e000 rw-p 00000000 00:00 0 
7ffa6e73e000-7ffa6e73f000 ---p 00000000 00:00 0 
7ffa6e73f000-7ffa6e741000 rw-p 00000000 00:00 0 
7ffa6e741000-7ffa6e742000 r--p 00022000 08:06 145744                     /lib/x86_64-linux-gnu/ld-2.19.so
7ffa6e742000-7ffa6e743000 rw-p 00023000 08:06 145744                     /lib/x86_64-linux-gnu/ld-2.19.so
7ffa6e743000-7ffa6e744000 rw-p 00000000 00:00 0 
7ffe632db000-7ffe632fc000 rw-p 00000000 00:00 0                          [stack]
7ffe63358000-7ffe6335a000 r-xp 00000000 00:00 0                          [vdso]
ffffffffff600000-ffffffffff601000 r-xp 00000000 00:00 0                  [vsyscall]

VM Arguments:
jvm_args: -Djava.awt.headless=true -Xmx1024M -Dfile.encoding=UTF-8 -Duser.country=US -Duser.language=en -Duser.variant 
java_command: com.android.dx.command.Main --dex --num-threads=4 --output /home/tulin/AndroidStudioProjects/CamApp/app/build/intermediates/pre-dexed/debug/com.android.support-support-v4-23.2.0_4b1fd8c92292e56f5a1fba56278554e72cab954d.jar /home/tulin/AndroidStudioProjects/CamApp/app/build/intermediates/exploded-aar/com.android.support/support-v4/23.2.0/jars/classes.jar
Launcher Type: SUN_STANDARD

Environment Variables:
PATH=/usr/local/sbin:/usr/local/bin:/usr/sbin:/usr/bin:/sbin:/bin:/usr/games:/usr/local/games
SHELL=/bin/bash
DISPLAY=:0

Signal Handlers:
SIGSEGV: [libjvm.so+0x955bc0], sa_mask[0]=0x7ffbfeff, sa_flags=0x10000004
SIGBUS: [libjvm.so+0x955bc0], sa_mask[0]=0x7ffbfeff, sa_flags=0x10000004
SIGFPE: [libjvm.so+0x7caff0], sa_mask[0]=0x7ffbfeff, sa_flags=0x10000004
SIGPIPE: [libjvm.so+0x7caff0], sa_mask[0]=0x7ffbfeff, sa_flags=0x10000004
SIGXFSZ: [libjvm.so+0x7caff0], sa_mask[0]=0x7ffbfeff, sa_flags=0x10000004
SIGILL: [libjvm.so+0x7caff0], sa_mask[0]=0x7ffbfeff, sa_flags=0x10000004
SIGUSR1: SIG_DFL, sa_mask[0]=0x00000000, sa_flags=0x00000000
SIGUSR2: [libjvm.so+0x7cae90], sa_mask[0]=0x00000004, sa_flags=0x10000004
SIGHUP: [libjvm.so+0x7cb070], sa_mask[0]=0x7ffbfeff, sa_flags=0x10000004
SIGINT: [libjvm.so+0x7cb070], sa_mask[0]=0x7ffbfeff, sa_flags=0x10000004
SIGTERM: [libjvm.so+0x7cb070], sa_mask[0]=0x7ffbfeff, sa_flags=0x10000004
SIGQUIT: [libjvm.so+0x7cb070], sa_mask[0]=0x7ffbfeff, sa_flags=0x10000004
SIGTRAP: SIG_DFL, sa_mask[0]=0x00000000, sa_flags=0x00000000


---------------  S Y S T E M  ---------------

OS:Ubuntu 14.04 (trusty)
uname:Linux 3.13.0-79-generic #123-Ubuntu SMP Fri Feb 19 14:27:58 UTC 2016 x86_64
libc:glibc 2.19 NPTL 2.19 
rlimit: STACK 8192k, CORE 0k, NPROC 30460, NOFILE 4096, AS infinity
load average:13,45 7,19 5,25

/proc/meminfo:
MemTotal:        3946988 kB
MemFree:          149200 kB
Buffers:            1524 kB
Cached:           604116 kB
SwapCached:            0 kB
Active:          3060932 kB
Inactive:         567360 kB
Active(anon):    3039904 kB
Inactive(anon):   546588 kB
Active(file):      21028 kB
Inactive(file):    20772 kB
Unevictable:          32 kB
Mlocked:              32 kB
SwapTotal:             0 kB
SwapFree:              0 kB
Dirty:               364 kB
Writeback:             0 kB
AnonPages:       3022504 kB
Mapped:           158592 kB
Shmem:            563976 kB
Slab:              74132 kB
SReclaimable:      35296 kB
SUnreclaim:        38836 kB
KernelStack:        5744 kB
PageTables:        38328 kB
NFS_Unstable:          0 kB
Bounce:                0 kB
WritebackTmp:          0 kB
CommitLimit:     1973492 kB
Committed_AS:    7900068 kB
VmallocTotal:   34359738367 kB
VmallocUsed:      350184 kB
VmallocChunk:   34359381756 kB
HardwareCorrupted:     0 kB
AnonHugePages:   1206272 kB
HugePages_Total:       0
HugePages_Free:        0
HugePages_Rsvd:        0
HugePages_Surp:        0
Hugepagesize:       2048 kB
DirectMap4k:       66592 kB
DirectMap2M:     4028416 kB


CPU:total 4 (2 cores per cpu, 2 threads per core) family 6 model 42 stepping 7, cmov, cx8, fxsr, mmx, sse, sse2, sse3, ssse3, sse4.1, sse4.2, popcnt, avx, aes, ht, tsc, tscinvbit

/proc/cpuinfo:
processor	: 0
vendor_id	: GenuineIntel
cpu family	: 6
model		: 42
model name	: Intel(R) Core(TM) i5-2557M CPU @ 1.70GHz
stepping	: 7
microcode	: 0x1a
cpu MHz		: 1701.000
cache size	: 3072 KB
physical id	: 0
siblings	: 4
core id		: 0
cpu cores	: 2
apicid		: 0
initial apicid	: 0
fpu		: yes
fpu_exception	: yes
cpuid level	: 13
wp		: yes
flags		: fpu vme de pse tsc msr pae mce cx8 apic sep mtrr pge mca cmov pat pse36 clflush dts acpi mmx fxsr sse sse2 ss ht tm pbe syscall nx rdtscp lm constant_tsc arch_perfmon pebs bts rep_good nopl xtopology nonstop_tsc aperfmperf eagerfpu pni pclmulqdq dtes64 monitor ds_cpl vmx smx est tm2 ssse3 cx16 xtpr pdcm pcid sse4_1 sse4_2 x2apic popcnt tsc_deadline_timer aes xsave avx lahf_lm ida arat epb xsaveopt pln pts dtherm tpr_shadow vnmi flexpriority ept vpid
bogomips	: 3392.10
clflush size	: 64
cache_alignment	: 64
address sizes	: 36 bits physical, 48 bits virtual
power management:

processor	: 1
vendor_id	: GenuineIntel
cpu family	: 6
model		: 42
model name	: Intel(R) Core(TM) i5-2557M CPU @ 1.70GHz
stepping	: 7
microcode	: 0x1a
cpu MHz		: 1701.000
cache size	: 3072 KB
physical id	: 0
siblings	: 4
core id		: 1
cpu cores	: 2
apicid		: 2
initial apicid	: 2
fpu		: yes
fpu_exception	: yes
cpuid level	: 13
wp		: yes
flags		: fpu vme de pse tsc msr pae mce cx8 apic sep mtrr pge mca cmov pat pse36 clflush dts acpi mmx fxsr sse sse2 ss ht tm pbe syscall nx rdtscp lm constant_tsc arch_perfmon pebs bts rep_good nopl xtopology nonstop_tsc aperfmperf eagerfpu pni pclmulqdq dtes64 monitor ds_cpl vmx smx est tm2 ssse3 cx16 xtpr pdcm pcid sse4_1 sse4_2 x2apic popcnt tsc_deadline_timer aes xsave avx lahf_lm ida arat epb xsaveopt pln pts dtherm tpr_shadow vnmi flexpriority ept vpid
bogomips	: 3392.10
clflush size	: 64
cache_alignment	: 64
address sizes	: 36 bits physical, 48 bits virtual
power management:

processor	: 2
vendor_id	: GenuineIntel
cpu family	: 6
model		: 42
model name	: Intel(R) Core(TM) i5-2557M CPU @ 1.70GHz
stepping	: 7
microcode	: 0x1a
cpu MHz		: 1701.000
cache size	: 3072 KB
physical id	: 0
siblings	: 4
core id		: 0
cpu cores	: 2
apicid		: 1
initial apicid	: 1
fpu		: yes
fpu_exception	: yes
cpuid level	: 13
wp		: yes
flags		: fpu vme de pse tsc msr pae mce cx8 apic sep mtrr pge mca cmov pat pse36 clflush dts acpi mmx fxsr sse sse2 ss ht tm pbe syscall nx rdtscp lm constant_tsc arch_perfmon pebs bts rep_good nopl xtopology nonstop_tsc aperfmperf eagerfpu pni pclmulqdq dtes64 monitor ds_cpl vmx smx est tm2 ssse3 cx16 xtpr pdcm pcid sse4_1 sse4_2 x2apic popcnt tsc_deadline_timer aes xsave avx lahf_lm ida arat epb xsaveopt pln pts dtherm tpr_shadow vnmi flexpriority ept vpid
bogomips	: 3392.10
clflush size	: 64
cache_alignment	: 64
address sizes	: 36 bits physical, 48 bits virtual
power management:

processor	: 3
vendor_id	: GenuineIntel
cpu family	: 6
model		: 42
model name	: Intel(R) Core(TM) i5-2557M CPU @ 1.70GHz
stepping	: 7
microcode	: 0x1a
cpu MHz		: 1701.000
cache size	: 3072 KB
physical id	: 0
siblings	: 4
core id		: 1
cpu cores	: 2
apicid		: 3
initial apicid	: 3
fpu		: yes
fpu_exception	: yes
cpuid level	: 13
wp		: yes
flags		: fpu vme de pse tsc msr pae mce cx8 apic sep mtrr pge mca cmov pat pse36 clflush dts acpi mmx fxsr sse sse2 ss ht tm pbe syscall nx rdtscp lm constant_tsc arch_perfmon pebs bts rep_good nopl xtopology nonstop_tsc aperfmperf eagerfpu pni pclmulqdq dtes64 monitor ds_cpl vmx smx est tm2 ssse3 cx16 xtpr pdcm pcid sse4_1 sse4_2 x2apic popcnt tsc_deadline_timer aes xsave avx lahf_lm ida arat epb xsaveopt pln pts dtherm tpr_shadow vnmi flexpriority ept vpid
bogomips	: 3392.10
clflush size	: 64
cache_alignment	: 64
address sizes	: 36 bits physical, 48 bits virtual
power management:



Memory: 4k page, physical 3946988k(149200k free), swap 0k(0k free)

vm_info: OpenJDK 64-Bit Server VM (24.95-b01) for linux-amd64 JRE (1.7.0_95-b00), built on Jan 21 2016 03:31:40 by "buildd" with gcc 4.8.4

time: Wed Mar 23 16:02:54 2016
elapsed time: 25 seconds

