#
# There is insufficient memory for the Java Runtime Environment to continue.
# Native memory allocation (malloc) failed to allocate 113246208 bytes for committing reserved memory.
# Possible reasons:
#   The system is out of physical RAM or swap space
#   In 32 bit mode, the process size limit was hit
# Possible solutions:
#   Reduce memory load on the system
#   Increase physical memory or swap space
#   Check if swap backing store is full
#   Use 64 bit Java on a 64 bit OS
#   Decrease Java heap size (-Xmx/-Xms)
#   Decrease number of Java threads
#   Decrease Java thread stack sizes (-Xss)
#   Set larger code cache with -XX:ReservedCodeCacheSize=
# This output file may be truncated or incomplete.
#
#  Out of Memory Error (os_linux.cpp:2827), pid=8654, tid=140463297259264
#
# JRE version: OpenJDK Runtime Environment (7.0_101) (build 1.7.0_101-b00)
# Java VM: OpenJDK 64-Bit Server VM (24.95-b01 mixed mode linux-amd64 compressed oops)
# Derivative: IcedTea 2.6.6
# Distribution: Ubuntu 14.04 LTS, package 7u101-2.6.6-0ubuntu0.14.04.1
# Failed to write core dump. Core dumps have been disabled. To enable core dumping, try "ulimit -c unlimited" before starting Java again
#

---------------  T H R E A D  ---------------

Current thread (0x00007fc02c076000):  VMThread [stack: 0x00007fc028dfe000,0x00007fc028eff000] [id=8664]

Stack: [0x00007fc028dfe000,0x00007fc028eff000],  sp=0x00007fc028efd490,  free space=1021k
Native frames: (J=compiled Java code, j=interpreted, Vv=VM code, C=native code)
V  [libjvm.so+0x955705]
V  [libjvm.so+0x490c44]
V  [libjvm.so+0x7d0c9b]
V  [libjvm.so+0x7cb75f]
V  [libjvm.so+0x83ee5b]
V  [libjvm.so+0x82f0ab]
V  [libjvm.so+0x82f26b]
V  [libjvm.so+0x830198]
V  [libjvm.so+0x836a44]
V  [libjvm.so+0x83cf9d]
V  [libjvm.so+0x7f34a3]
V  [libjvm.so+0x957104]
V  [libjvm.so+0x95b207]
V  [libjvm.so+0x959cc8]
V  [libjvm.so+0x95a129]
V  [libjvm.so+0x95a572]
V  [libjvm.so+0x7cdb62]

VM_Operation (0x00007fc01bffe270): ParallelGCFailedAllocation, mode: safepoint, requested by thread 0x00007fc02c1f0800


---------------  P R O C E S S  ---------------

Java Threads: ( => current thread )
  0x00007fc02c1f0800 JavaThread "pool-1-thread-1" [_thread_blocked, id=8680, stack(0x00007fc01beff000,0x00007fc01c000000)]
  0x00007fc02c0af800 JavaThread "Service Thread" daemon [_thread_blocked, id=8670, stack(0x00007fc0219cf000,0x00007fc021ad0000)]
  0x00007fc02c0ad800 JavaThread "C2 CompilerThread1" daemon [_thread_blocked, id=8669, stack(0x00007fc0280a7000,0x00007fc0281a8000)]
  0x00007fc02c0aa800 JavaThread "C2 CompilerThread0" daemon [_thread_blocked, id=8668, stack(0x00007fc0281a8000,0x00007fc0282a9000)]
  0x00007fc02c0a8800 JavaThread "Signal Dispatcher" daemon [_thread_blocked, id=8667, stack(0x00007fc0282a9000,0x00007fc0283aa000)]
  0x00007fc02c07c000 JavaThread "Finalizer" daemon [_thread_blocked, id=8666, stack(0x00007fc028bfc000,0x00007fc028cfd000)]
  0x00007fc02c07a000 JavaThread "Reference Handler" daemon [_thread_blocked, id=8665, stack(0x00007fc028cfd000,0x00007fc028dfe000)]
  0x00007fc02c00a800 JavaThread "main" [_thread_blocked, id=8659, stack(0x00007fc035062000,0x00007fc035163000)]

Other Threads:
=>0x00007fc02c076000 VMThread [stack: 0x00007fc028dfe000,0x00007fc028eff000] [id=8664]
  0x00007fc02c0ba800 WatcherThread [stack: 0x00007fc0218ce000,0x00007fc0219cf000] [id=8671]

VM state:at safepoint (normal execution)

VM Mutex/Monitor currently owned by a thread:  ([mutex/lock_event])
[0x00007fc02c006370] ExpandHeap_lock - owner thread: 0x00007fc02c076000
[0x00007fc02c0069f0] Threads_lock - owner thread: 0x00007fc02c076000
[0x00007fc02c006ef0] Heap_lock - owner thread: 0x00007fc02c1f0800

Heap
 PSYoungGen      total 249856K, used 0K [0x00000000eaa80000, 0x0000000100000000, 0x0000000100000000)
  eden space 150016K, 0% used [0x00000000eaa80000,0x00000000eaa80000,0x00000000f3d00000)
  from space 99840K, 0% used [0x00000000f3d00000,0x00000000f3d00000,0x00000000f9e80000)
  to   space 95232K, 0% used [0x00000000fa300000,0x00000000fa300000,0x0000000100000000)
 ParOldGen       total 277504K, used 256566K [0x00000000c0000000, 0x00000000d0f00000, 0x00000000eaa80000)
  object space 277504K, 92% used [0x00000000c0000000,0x00000000cfa8dba8,0x00000000d0f00000)
 PSPermGen       total 21504K, used 6665K [0x00000000b5a00000, 0x00000000b6f00000, 0x00000000c0000000)
  object space 21504K, 30% used [0x00000000b5a00000,0x00000000b6082610,0x00000000b6f00000)

Card table byte_map: [0x00007fc031a47000,0x00007fc031c9b000] byte_map_base: 0x00007fc03149a000

Polling page: 0x00007fc035186000

Code Cache  [0x00007fc029000000, 0x00007fc029480000, 0x00007fc02c000000)
 total_blobs=1438 nmethods=1207 adapters=184 free_code_cache=44660Kb largest_free_block=45664960

Compilation events (10 events):
Event: 18,152 Thread 0x00007fc02c0aa800 1243             com.android.dx.dex.file.IndexedItem::setIndex (24 bytes)
Event: 18,153 Thread 0x00007fc02c0aa800 nmethod 1243 0x00007fc0290e7490 code [0x00007fc0290e75c0, 0x00007fc0290e7638]
Event: 18,154 Thread 0x00007fc02c0ad800 1244 %           com.android.dx.dex.file.MemberIdsSection::orderItems @ 38 (69 bytes)
Event: 18,158 Thread 0x00007fc02c0ad800 nmethod 1244% 0x00007fc0291a7210 code [0x00007fc0291a7380, 0x00007fc0291a75d8]
Event: 18,161 Thread 0x00007fc02c0aa800 1245             com.android.dx.rop.type.Prototype::compareTo (120 bytes)
Event: 18,165 Thread 0x00007fc02c0ad800 1246             com.android.dx.rop.type.Prototype::compareTo (9 bytes)
Event: 18,168 Thread 0x00007fc02c0aa800 nmethod 1245 0x00007fc0290e8e90 code [0x00007fc0290e9020, 0x00007fc0290e94b8]
Event: 18,170 Thread 0x00007fc02c0ad800 nmethod 1246 0x00007fc0290e8290 code [0x00007fc0290e8420, 0x00007fc0290e88d8]
Event: 18,170 Thread 0x00007fc02c0aa800 1247             com.android.dx.dex.file.DexFile::getStringIds (5 bytes)
Event: 18,171 Thread 0x00007fc02c0aa800 nmethod 1247 0x00007fc0290e7210 code [0x00007fc0290e7340, 0x00007fc0290e7398]

GC Heap History (10 events):
Event: 13,706 GC heap after
Heap after GC invocations=14 (full 2):
 PSYoungGen      total 250368K, used 64505K [0x00000000eaa80000, 0x0000000100000000, 0x0000000100000000)
  eden space 185856K, 0% used [0x00000000eaa80000,0x00000000eaa80000,0x00000000f6000000)
  from space 64512K, 99% used [0x00000000fc100000,0x00000000ffffe518,0x0000000100000000)
  to   space 81920K, 0% used [0x00000000f6000000,0x00000000f6000000,0x00000000fb000000)
 ParOldGen       total 173056K, used 115464K [0x00000000c0000000, 0x00000000ca900000, 0x00000000eaa80000)
  object space 173056K, 66% used [0x00000000c0000000,0x00000000c70c2360,0x00000000ca900000)
 PSPermGen       total 21504K, used 6576K [0x00000000b5a00000, 0x00000000b6f00000, 0x00000000c0000000)
  object space 21504K, 30% used [0x00000000b5a00000,0x00000000b606c3a0,0x00000000b6f00000)
}
Event: 14,271 GC heap before
{Heap before GC invocations=15 (full 2):
 PSYoungGen      total 250368K, used 250361K [0x00000000eaa80000, 0x0000000100000000, 0x0000000100000000)
  eden space 185856K, 100% used [0x00000000eaa80000,0x00000000f6000000,0x00000000f6000000)
  from space 64512K, 99% used [0x00000000fc100000,0x00000000ffffe518,0x0000000100000000)
  to   space 81920K, 0% used [0x00000000f6000000,0x00000000f6000000,0x00000000fb000000)
 ParOldGen       total 173056K, used 115464K [0x00000000c0000000, 0x00000000ca900000, 0x00000000eaa80000)
  object space 173056K, 66% used [0x00000000c0000000,0x00000000c70c2360,0x00000000ca900000)
 PSPermGen       total 21504K, used 6581K [0x00000000b5a00000, 0x00000000b6f00000, 0x00000000c0000000)
  object space 21504K, 30% used [0x00000000b5a00000,0x00000000b606d408,0x00000000b6f00000)
Event: 14,402 GC heap after
Heap after GC invocations=15 (full 2):
 PSYoungGen      total 266752K, used 80560K [0x00000000eaa80000, 0x0000000100000000, 0x0000000100000000)
  eden space 185856K, 0% used [0x00000000eaa80000,0x00000000eaa80000,0x00000000f6000000)
  from space 80896K, 99% used [0x00000000f6000000,0x00000000faeac328,0x00000000faf00000)
  to   space 82944K, 0% used [0x00000000faf00000,0x00000000faf00000,0x0000000100000000)
 ParOldGen       total 173056K, used 129518K [0x00000000c0000000, 0x00000000ca900000, 0x00000000eaa80000)
  object space 173056K, 74% used [0x00000000c0000000,0x00000000c7e7bbd0,0x00000000ca900000)
 PSPermGen       total 21504K, used 6581K [0x00000000b5a00000, 0x00000000b6f00000, 0x00000000c0000000)
  object space 21504K, 30% used [0x00000000b5a00000,0x00000000b606d408,0x00000000b6f00000)
}
Event: 15,023 GC heap before
{Heap before GC invocations=16 (full 2):
 PSYoungGen      total 266752K, used 266416K [0x00000000eaa80000, 0x0000000100000000, 0x0000000100000000)
  eden space 185856K, 100% used [0x00000000eaa80000,0x00000000f6000000,0x00000000f6000000)
  from space 80896K, 99% used [0x00000000f6000000,0x00000000faeac328,0x00000000faf00000)
  to   space 82944K, 0% used [0x00000000faf00000,0x00000000faf00000,0x0000000100000000)
 ParOldGen       total 173056K, used 129518K [0x00000000c0000000, 0x00000000ca900000, 0x00000000eaa80000)
  object space 173056K, 74% used [0x00000000c0000000,0x00000000c7e7bbd0,0x00000000ca900000)
 PSPermGen       total 21504K, used 6586K [0x00000000b5a00000, 0x00000000b6f00000, 0x00000000c0000000)
  object space 21504K, 30% used [0x00000000b5a00000,0x00000000b606e978,0x00000000b6f00000)
Event: 15,574 GC heap after
Heap after GC invocations=16 (full 2):
 PSYoungGen      total 232960K, used 61093K [0x00000000eaa80000, 0x0000000100000000, 0x0000000100000000)
  eden space 150016K, 0% used [0x00000000eaa80000,0x00000000eaa80000,0x00000000f3d00000)
  from space 82944K, 73% used [0x00000000faf00000,0x00000000feaa97e8,0x0000000100000000)
  to   space 99840K, 0% used [0x00000000f3d00000,0x00000000f3d00000,0x00000000f9e80000)
 ParOldGen       total 178688K, used 178394K [0x00000000c0000000, 0x00000000cae80000, 0x00000000eaa80000)
  object space 178688K, 99% used [0x00000000c0000000,0x00000000cae36b60,0x00000000cae80000)
 PSPermGen       total 21504K, used 6586K [0x00000000b5a00000, 0x00000000b6f00000, 0x00000000c0000000)
  object space 21504K, 30% used [0x00000000b5a00000,0x00000000b606e978,0x00000000b6f00000)
}
Event: 15,574 GC heap before
{Heap before GC invocations=17 (full 3):
 PSYoungGen      total 232960K, used 61093K [0x00000000eaa80000, 0x0000000100000000, 0x0000000100000000)
  eden space 150016K, 0% used [0x00000000eaa80000,0x00000000eaa80000,0x00000000f3d00000)
  from space 82944K, 73% used [0x00000000faf00000,0x00000000feaa97e8,0x0000000100000000)
  to   space 99840K, 0% used [0x00000000f3d00000,0x00000000f3d00000,0x00000000f9e80000)
 ParOldGen       total 178688K, used 178394K [0x00000000c0000000, 0x00000000cae80000, 0x00000000eaa80000)
  object space 178688K, 99% used [0x00000000c0000000,0x00000000cae36b60,0x00000000cae80000)
 PSPermGen       total 21504K, used 6586K [0x00000000b5a00000, 0x00000000b6f00000, 0x00000000c0000000)
  object space 21504K, 30% used [0x00000000b5a00000,0x00000000b606e978,0x00000000b6f00000)
Event: 16,845 GC heap after
Heap after GC invocations=17 (full 3):
 PSYoungGen      total 232960K, used 56568K [0x00000000eaa80000, 0x0000000100000000, 0x0000000100000000)
  eden space 150016K, 0% used [0x00000000eaa80000,0x00000000eaa80000,0x00000000f3d00000)
  from space 82944K, 68% used [0x00000000faf00000,0x00000000fe63e318,0x0000000100000000)
  to   space 99840K, 0% used [0x00000000f3d00000,0x00000000f3d00000,0x00000000f9e80000)
 ParOldGen       total 277504K, used 178661K [0x00000000c0000000, 0x00000000d0f00000, 0x00000000eaa80000)
  object space 277504K, 64% used [0x00000000c0000000,0x00000000cae79790,0x00000000d0f00000)
 PSPermGen       total 21504K, used 6585K [0x00000000b5a00000, 0x00000000b6f00000, 0x00000000c0000000)
  object space 21504K, 30% used [0x00000000b5a00000,0x00000000b606e658,0x00000000b6f00000)
}
Event: 18,173 GC heap before
{Heap before GC invocations=18 (full 3):
 PSYoungGen      total 232960K, used 206584K [0x00000000eaa80000, 0x0000000100000000, 0x0000000100000000)
  eden space 150016K, 100% used [0x00000000eaa80000,0x00000000f3d00000,0x00000000f3d00000)
  from space 82944K, 68% used [0x00000000faf00000,0x00000000fe63e318,0x0000000100000000)
  to   space 99840K, 0% used [0x00000000f3d00000,0x00000000f3d00000,0x00000000f9e80000)
 ParOldGen       total 277504K, used 178661K [0x00000000c0000000, 0x00000000d0f00000, 0x00000000eaa80000)
  object space 277504K, 64% used [0x00000000c0000000,0x00000000cae79790,0x00000000d0f00000)
 PSPermGen       total 21504K, used 6665K [0x00000000b5a00000, 0x00000000b6f00000, 0x00000000c0000000)
  object space 21504K, 30% used [0x00000000b5a00000,0x00000000b6082760,0x00000000b6f00000)
Event: 18,359 GC heap after
Heap after GC invocations=18 (full 3):
 PSYoungGen      total 249856K, used 24915K [0x00000000eaa80000, 0x0000000100000000, 0x0000000100000000)
  eden space 150016K, 0% used [0x00000000eaa80000,0x00000000eaa80000,0x00000000f3d00000)
  from space 99840K, 24% used [0x00000000f3d00000,0x00000000f5554e80,0x00000000f9e80000)
  to   space 95232K, 0% used [0x00000000fa300000,0x00000000fa300000,0x0000000100000000)
 ParOldGen       total 277504K, used 234482K [0x00000000c0000000, 0x00000000d0f00000, 0x00000000eaa80000)
  object space 277504K, 84% used [0x00000000c0000000,0x00000000ce4fcb18,0x00000000d0f00000)
 PSPermGen       total 21504K, used 6665K [0x00000000b5a00000, 0x00000000b6f00000, 0x00000000c0000000)
  object space 21504K, 30% used [0x00000000b5a00000,0x00000000b6082760,0x00000000b6f00000)
}
Event: 18,359 GC heap before
{Heap before GC invocations=19 (full 4):
 PSYoungGen      total 249856K, used 24915K [0x00000000eaa80000, 0x0000000100000000, 0x0000000100000000)
  eden space 150016K, 0% used [0x00000000eaa80000,0x00000000eaa80000,0x00000000f3d00000)
  from space 99840K, 24% used [0x00000000f3d00000,0x00000000f5554e80,0x00000000f9e80000)
  to   space 95232K, 0% used [0x00000000fa300000,0x00000000fa300000,0x0000000100000000)
 ParOldGen       total 277504K, used 234482K [0x00000000c0000000, 0x00000000d0f00000, 0x00000000eaa80000)
  object space 277504K, 84% used [0x00000000c0000000,0x00000000ce4fcb18,0x00000000d0f00000)
 PSPermGen       total 21504K, used 6665K [0x00000000b5a00000, 0x00000000b6f00000, 0x00000000c0000000)
  object space 21504K, 30% used [0x00000000b5a00000,0x00000000b6082760,0x00000000b6f00000)

Deoptimization events (10 events):
Event: 17,098 Thread 0x00007fc02c1f0800 Uncommon trap: reason=bimorphic action=maybe_recompile pc=0x00007fc0293fc588 method=com.android.dx.cf.code.BytecodeArray.parseInstruction(ILcom/android/dx/cf/code/BytecodeArray$Visitor;)I @ 891
Event: 17,098 Thread 0x00007fc02c1f0800 Uncommon trap: reason=bimorphic action=maybe_recompile pc=0x00007fc0293fc588 method=com.android.dx.cf.code.BytecodeArray.parseInstruction(ILcom/android/dx/cf/code/BytecodeArray$Visitor;)I @ 891
Event: 17,115 Thread 0x00007fc02c204000 Uncommon trap: reason=unstable_if action=reinterpret pc=0x00007fc029341eac method=com.android.dx.ssa.InterferenceRegisterMapper.areAnyPinned(Lcom/android/dx/rop/code/RegisterSpecList;II)Z @ 55
Event: 17,325 Thread 0x00007fc02c205800 Uncommon trap: reason=bimorphic action=maybe_recompile pc=0x00007fc029264ca8 method=com.android.dx.ssa.back.FirstFitLocalCombiningAllocator.findNextUnreservedRopReg(IILcom/android/dx/ssa/back/FirstFitLocalCombiningAllocator$Alignment;)I @ 60
Event: 17,337 Thread 0x00007fc02c00a800 Uncommon trap: reason=unstable_if action=reinterpret pc=0x00007fc0293e2204 method=java.util.concurrent.locks.ReentrantLock$Sync.tryRelease(I)Z @ 28
Event: 17,349 Thread 0x00007fc02c00a800 Uncommon trap: reason=unstable_if action=reinterpret pc=0x00007fc0293e1450 method=java.util.concurrent.locks.ReentrantLock$Sync.tryRelease(I)Z @ 28
Event: 17,349 Thread 0x00007fc02c00a800 Uncommon trap: reason=unstable_if action=reinterpret pc=0x00007fc029396798 method=java.util.concurrent.locks.AbstractQueuedSynchronizer.release(I)Z @ 5
Event: 17,911 Thread 0x00007fc02c1f0800 Uncommon trap: reason=unstable_if action=reinterpret pc=0x00007fc02945a3d4 method=com.android.dx.dex.code.OutputFinisher.addConstants(Ljava/util/HashSet;Lcom/android/dx/rop/code/RegisterSpec;)V @ 32
Event: 17,932 Thread 0x00007fc02c1f0800 Uncommon trap: reason=unstable_if action=reinterpret pc=0x00007fc02942d46c method=com.android.dx.dex.code.OutputFinisher.addConstants(Ljava/util/HashSet;Lcom/android/dx/rop/code/RegisterSpec;)V @ 32
Event: 18,128 Thread 0x00007fc02c1f0800 Uncommon trap: reason=unstable_if action=reinterpret pc=0x00007fc029462a9c method=com.android.dx.dex.file.MixedItemSection.prepare0()V @ 25

Internal exceptions (10 events):
Event: 8,060 Thread 0x00007fc02c00a800 Threw 0x00000000f1ebabd0 at /build/openjdk-7-9duhBW/openjdk-7-7u101-2.6.6/build/openjdk/hotspot/src/share/vm/prims/jvm.cpp:1322
Event: 8,242 Thread 0x00007fc02c202000 Implicit null exception at 0x00007fc029229705 to 0x00007fc02922ade1
Event: 8,563 Thread 0x00007fc02c00a800 Implicit null exception at 0x00007fc0291ba156 to 0x00007fc0291bb09d
Event: 9,106 Thread 0x00007fc02c00a800 Threw 0x00000000f0cc3240 at /build/openjdk-7-9duhBW/openjdk-7-7u101-2.6.6/build/openjdk/hotspot/src/share/vm/prims/jvm.cpp:1322
Event: 12,142 Thread 0x00007fc02c1f0800 Threw 0x00000000f21bce40 at /build/openjdk-7-9duhBW/openjdk-7-7u101-2.6.6/build/openjdk/hotspot/src/share/vm/prims/jvm.cpp:1322
Event: 13,968 Thread 0x00007fc02c204000 Implicit null exception at 0x00007fc02928f669 to 0x00007fc029290241
Event: 17,350 Thread 0x00007fc02c00a800 Threw 0x00000000f1f63ab0 at /build/openjdk-7-9duhBW/openjdk-7-7u101-2.6.6/build/openjdk/hotspot/src/share/vm/prims/jvm.cpp:1322
Event: 17,364 Thread 0x00007fc02c1f0800 Threw 0x00000000f2c0b130 at /build/openjdk-7-9duhBW/openjdk-7-7u101-2.6.6/build/openjdk/hotspot/src/share/vm/prims/jvm.cpp:1322
Event: 17,774 Thread 0x00007fc02c1f0800 Threw 0x00000000f2e72c30 at /build/openjdk-7-9duhBW/openjdk-7-7u101-2.6.6/build/openjdk/hotspot/src/share/vm/prims/jvm.cpp:1322
Event: 18,156 Thread 0x00007fc02c1f0800 Threw 0x00000000f3ca8cc8 at /build/openjdk-7-9duhBW/openjdk-7-7u101-2.6.6/build/openjdk/hotspot/src/share/vm/prims/jvm.cpp:1322

Events (10 events):
Event: 17,932 Thread 0x00007fc02c1f0800 Uncommon trap: trap_request=0xffffff75 fr.pc=0x00007fc02942d46c
Event: 17,932 Thread 0x00007fc02c1f0800 DEOPT PACKING pc=0x00007fc02942d46c sp=0x00007fc01bffe3c0
Event: 17,932 Thread 0x00007fc02c1f0800 DEOPT UNPACKING pc=0x00007fc029039445 sp=0x00007fc01bffe370 mode 2
Event: 17,938 Thread 0x00007fc02c0ad800 flushing nmethod 0x00007fc02928bd50
Event: 18,128 Thread 0x00007fc02c1f0800 Uncommon trap: trap_request=0xffffff75 fr.pc=0x00007fc029462a9c
Event: 18,128 Thread 0x00007fc02c1f0800 DEOPT PACKING pc=0x00007fc029462a9c sp=0x00007fc01bffe530
Event: 18,128 Thread 0x00007fc02c1f0800 DEOPT UNPACKING pc=0x00007fc029039445 sp=0x00007fc01bffe500 mode 2
Event: 18,156 loading class 0x00007fc02c1bd1b0
Event: 18,156 loading class 0x00007fc02c1bd1b0 done
Event: 18,173 Executing VM operation: ParallelGCFailedAllocation


Dynamic libraries:
00400000-00401000 r-xp 00000000 08:06 1440510                            /usr/lib/jvm/java-7-openjdk-amd64/jre/bin/java
00600000-00601000 r--p 00000000 08:06 1440510                            /usr/lib/jvm/java-7-openjdk-amd64/jre/bin/java
00601000-00602000 rw-p 00001000 08:06 1440510                            /usr/lib/jvm/java-7-openjdk-amd64/jre/bin/java
00e8f000-00eb0000 rw-p 00000000 00:00 0                                  [heap]
b5a00000-b6f00000 rw-p 00000000 00:00 0 
b6f00000-c0000000 rw-p 00000000 00:00 0 
c0000000-d0f00000 rw-p 00000000 00:00 0 
d7b00000-eaa80000 rw-p 00000000 00:00 0 
eaa80000-100000000 rw-p 00000000 00:00 0 
7fbfd4000000-7fbfd4035000 rw-p 00000000 00:00 0 
7fbfd4035000-7fbfd8000000 ---p 00000000 00:00 0 
7fbfdc000000-7fbfdc021000 rw-p 00000000 00:00 0 
7fbfdc021000-7fbfe0000000 ---p 00000000 00:00 0 
7fbfe0000000-7fbfe002d000 rw-p 00000000 00:00 0 
7fbfe002d000-7fbfe4000000 ---p 00000000 00:00 0 
7fbfe4000000-7fbfe4031000 rw-p 00000000 00:00 0 
7fbfe4031000-7fbfe8000000 ---p 00000000 00:00 0 
7fbfe8000000-7fbfe8021000 rw-p 00000000 00:00 0 
7fbfe8021000-7fbfec000000 ---p 00000000 00:00 0 
7fbfec000000-7fbfec021000 rw-p 00000000 00:00 0 
7fbfec021000-7fbff0000000 ---p 00000000 00:00 0 
7fbff0000000-7fbff0021000 rw-p 00000000 00:00 0 
7fbff0021000-7fbff4000000 ---p 00000000 00:00 0 
7fbff4000000-7fbff5a55000 rw-p 00000000 00:00 0 
7fbff5a55000-7fbff8000000 ---p 00000000 00:00 0 
7fbff8000000-7fbff9bf7000 rw-p 00000000 00:00 0 
7fbff9bf7000-7fbffc000000 ---p 00000000 00:00 0 
7fbffc000000-7fbffc021000 rw-p 00000000 00:00 0 
7fbffc021000-7fc000000000 ---p 00000000 00:00 0 
7fc000000000-7fc000021000 rw-p 00000000 00:00 0 
7fc000021000-7fc004000000 ---p 00000000 00:00 0 
7fc004000000-7fc004021000 rw-p 00000000 00:00 0 
7fc004021000-7fc008000000 ---p 00000000 00:00 0 
7fc008000000-7fc008021000 rw-p 00000000 00:00 0 
7fc008021000-7fc00c000000 ---p 00000000 00:00 0 
7fc00c000000-7fc00c021000 rw-p 00000000 00:00 0 
7fc00c021000-7fc010000000 ---p 00000000 00:00 0 
7fc014000000-7fc014021000 rw-p 00000000 00:00 0 
7fc014021000-7fc018000000 ---p 00000000 00:00 0 
7fc01bbfc000-7fc01bbff000 ---p 00000000 00:00 0 
7fc01bbff000-7fc01bcfd000 rw-p 00000000 00:00 0 
7fc01bcfd000-7fc01bd00000 ---p 00000000 00:00 0 
7fc01bd00000-7fc01bdfe000 rw-p 00000000 00:00 0 
7fc01bdfe000-7fc01be01000 ---p 00000000 00:00 0 
7fc01be01000-7fc01beff000 rw-p 00000000 00:00 0 
7fc01beff000-7fc01bf02000 ---p 00000000 00:00 0 
7fc01bf02000-7fc01c000000 rw-p 00000000 00:00 0                          [stack:8680]
7fc01c000000-7fc01c021000 rw-p 00000000 00:00 0 
7fc01c021000-7fc020000000 ---p 00000000 00:00 0 
7fc02004f000-7fc020052000 ---p 00000000 00:00 0 
7fc020052000-7fc020150000 rw-p 00000000 00:00 0 
7fc020150000-7fc02018d000 r-xp 00000000 08:06 130821                     /lib/x86_64-linux-gnu/libpcre.so.3.13.1
7fc02018d000-7fc02038c000 ---p 0003d000 08:06 130821                     /lib/x86_64-linux-gnu/libpcre.so.3.13.1
7fc02038c000-7fc02038d000 r--p 0003c000 08:06 130821                     /lib/x86_64-linux-gnu/libpcre.so.3.13.1
7fc02038d000-7fc02038e000 rw-p 0003d000 08:06 130821                     /lib/x86_64-linux-gnu/libpcre.so.3.13.1
7fc02038e000-7fc020395000 r-xp 00000000 08:06 1447540                    /usr/lib/x86_64-linux-gnu/libffi.so.6.0.1
7fc020395000-7fc020594000 ---p 00007000 08:06 1447540                    /usr/lib/x86_64-linux-gnu/libffi.so.6.0.1
7fc020594000-7fc020595000 r--p 00006000 08:06 1447540                    /usr/lib/x86_64-linux-gnu/libffi.so.6.0.1
7fc020595000-7fc020596000 rw-p 00007000 08:06 1447540                    /usr/lib/x86_64-linux-gnu/libffi.so.6.0.1
7fc020596000-7fc0205ad000 r-xp 00000000 08:06 134868                     /lib/x86_64-linux-gnu/libresolv-2.19.so
7fc0205ad000-7fc0207ad000 ---p 00017000 08:06 134868                     /lib/x86_64-linux-gnu/libresolv-2.19.so
7fc0207ad000-7fc0207ae000 r--p 00017000 08:06 134868                     /lib/x86_64-linux-gnu/libresolv-2.19.so
7fc0207ae000-7fc0207af000 rw-p 00018000 08:06 134868                     /lib/x86_64-linux-gnu/libresolv-2.19.so
7fc0207af000-7fc0207b1000 rw-p 00000000 00:00 0 
7fc0207b1000-7fc0207d1000 r-xp 00000000 08:06 135079                     /lib/x86_64-linux-gnu/libselinux.so.1
7fc0207d1000-7fc0209d0000 ---p 00020000 08:06 135079                     /lib/x86_64-linux-gnu/libselinux.so.1
7fc0209d0000-7fc0209d1000 r--p 0001f000 08:06 135079                     /lib/x86_64-linux-gnu/libselinux.so.1
7fc0209d1000-7fc0209d2000 rw-p 00020000 08:06 135079                     /lib/x86_64-linux-gnu/libselinux.so.1
7fc0209d2000-7fc0209d4000 rw-p 00000000 00:00 0 
7fc0209d4000-7fc0209d7000 r-xp 00000000 08:06 1439340                    /usr/lib/x86_64-linux-gnu/libgmodule-2.0.so.0.4002.0
7fc0209d7000-7fc020bd6000 ---p 00003000 08:06 1439340                    /usr/lib/x86_64-linux-gnu/libgmodule-2.0.so.0.4002.0
7fc020bd6000-7fc020bd7000 r--p 00002000 08:06 1439340                    /usr/lib/x86_64-linux-gnu/libgmodule-2.0.so.0.4002.0
7fc020bd7000-7fc020bd8000 rw-p 00003000 08:06 1439340                    /usr/lib/x86_64-linux-gnu/libgmodule-2.0.so.0.4002.0
7fc020bd8000-7fc020cde000 r-xp 00000000 08:06 134871                     /lib/x86_64-linux-gnu/libglib-2.0.so.0.4002.0
7fc020cde000-7fc020edd000 ---p 00106000 08:06 134871                     /lib/x86_64-linux-gnu/libglib-2.0.so.0.4002.0
7fc020edd000-7fc020ede000 r--p 00105000 08:06 134871                     /lib/x86_64-linux-gnu/libglib-2.0.so.0.4002.0
7fc020ede000-7fc020edf000 rw-p 00106000 08:06 134871                     /lib/x86_64-linux-gnu/libglib-2.0.so.0.4002.0
7fc020edf000-7fc020ee0000 rw-p 00000000 00:00 0 
7fc020ee0000-7fc020f2f000 r-xp 00000000 08:06 1439358                    /usr/lib/x86_64-linux-gnu/libgobject-2.0.so.0.4002.0
7fc020f2f000-7fc02112f000 ---p 0004f000 08:06 1439358                    /usr/lib/x86_64-linux-gnu/libgobject-2.0.so.0.4002.0
7fc02112f000-7fc021130000 r--p 0004f000 08:06 1439358                    /usr/lib/x86_64-linux-gnu/libgobject-2.0.so.0.4002.0
7fc021130000-7fc021131000 rw-p 00050000 08:06 1439358                    /usr/lib/x86_64-linux-gnu/libgobject-2.0.so.0.4002.0
7fc021131000-7fc02129d000 r-xp 00000000 08:06 1439362                    /usr/lib/x86_64-linux-gnu/libgio-2.0.so.0.4002.0
7fc02129d000-7fc02149c000 ---p 0016c000 08:06 1439362                    /usr/lib/x86_64-linux-gnu/libgio-2.0.so.0.4002.0
7fc02149c000-7fc0214a0000 r--p 0016b000 08:06 1439362                    /usr/lib/x86_64-linux-gnu/libgio-2.0.so.0.4002.0
7fc0214a0000-7fc0214a2000 rw-p 0016f000 08:06 1439362                    /usr/lib/x86_64-linux-gnu/libgio-2.0.so.0.4002.0
7fc0214a2000-7fc0214a4000 rw-p 00000000 00:00 0 
7fc0214a4000-7fc0214bb000 r-xp 00000000 08:06 1489678                    /usr/lib/jvm/java-7-openjdk-amd64/jre/lib/amd64/libnet.so
7fc0214bb000-7fc0216ba000 ---p 00017000 08:06 1489678                    /usr/lib/jvm/java-7-openjdk-amd64/jre/lib/amd64/libnet.so
7fc0216ba000-7fc0216bb000 r--p 00016000 08:06 1489678                    /usr/lib/jvm/java-7-openjdk-amd64/jre/lib/amd64/libnet.so
7fc0216bb000-7fc0216bc000 rw-p 00017000 08:06 1489678                    /usr/lib/jvm/java-7-openjdk-amd64/jre/lib/amd64/libnet.so
7fc0216bc000-7fc0216cc000 r-xp 00000000 08:06 1489700                    /usr/lib/jvm/java-7-openjdk-amd64/jre/lib/amd64/libnio.so
7fc0216cc000-7fc0218cc000 ---p 00010000 08:06 1489700                    /usr/lib/jvm/java-7-openjdk-amd64/jre/lib/amd64/libnio.so
7fc0218cc000-7fc0218cd000 r--p 00010000 08:06 1489700                    /usr/lib/jvm/java-7-openjdk-amd64/jre/lib/amd64/libnio.so
7fc0218cd000-7fc0218ce000 rw-p 00011000 08:06 1489700                    /usr/lib/jvm/java-7-openjdk-amd64/jre/lib/amd64/libnio.so
7fc0218ce000-7fc0218cf000 ---p 00000000 00:00 0 
7fc0218cf000-7fc0219cf000 rw-p 00000000 00:00 0                          [stack:8671]
7fc0219cf000-7fc0219d2000 ---p 00000000 00:00 0 
7fc0219d2000-7fc024000000 rw-p 00000000 00:00 0                          [stack:8670]
7fc024000000-7fc024021000 rw-p 00000000 00:00 0 
7fc024021000-7fc028000000 ---p 00000000 00:00 0 
7fc028076000-7fc0280a7000 rw-p 00000000 00:00 0 
7fc0280a7000-7fc0280aa000 ---p 00000000 00:00 0 
7fc0280aa000-7fc0281a8000 rw-p 00000000 00:00 0                          [stack:8669]
7fc0281a8000-7fc0281ab000 ---p 00000000 00:00 0 
7fc0281ab000-7fc0282a9000 rw-p 00000000 00:00 0                          [stack:8668]
7fc0282a9000-7fc0282ac000 ---p 00000000 00:00 0 
7fc0282ac000-7fc0283aa000 rw-p 00000000 00:00 0                          [stack:8667]
7fc0283aa000-7fc028bfc000 r--p 00000000 08:06 1447082                    /usr/lib/locale/locale-archive
7fc028bfc000-7fc028bff000 ---p 00000000 00:00 0 
7fc028bff000-7fc028cfd000 rw-p 00000000 00:00 0                          [stack:8666]
7fc028cfd000-7fc028d00000 ---p 00000000 00:00 0 
7fc028d00000-7fc028dfe000 rw-p 00000000 00:00 0                          [stack:8665]
7fc028dfe000-7fc028dff000 ---p 00000000 00:00 0 
7fc028dff000-7fc029000000 rw-p 00000000 00:00 0                          [stack:8664]
7fc029000000-7fc029480000 rwxp 00000000 00:00 0 
7fc029480000-7fc02c285000 rw-p 00000000 00:00 0 
7fc02c285000-7fc030000000 ---p 00000000 00:00 0 
7fc030091000-7fc0300a0000 r--s 000df000 08:06 3216701                    /home/tulin/Android/Sdk/build-tools/23.0.2/lib/dx.jar
7fc0300a0000-7fc030f9c000 rw-p 00000000 00:00 0 
7fc030f9c000-7fc03114e000 r--s 01d32000 08:06 1489713                    /usr/lib/jvm/java-7-openjdk-amd64/jre/lib/rt.jar
7fc03114e000-7fc03149a000 rw-p 00000000 00:00 0 
7fc03149a000-7fc03149b000 ---p 00000000 00:00 0 
7fc03149b000-7fc03159b000 rw-p 00000000 00:00 0                          [stack:8663]
7fc03159b000-7fc03159c000 ---p 00000000 00:00 0 
7fc03159c000-7fc03169c000 rw-p 00000000 00:00 0                          [stack:8662]
7fc03169c000-7fc03169d000 ---p 00000000 00:00 0 
7fc03169d000-7fc03179d000 rw-p 00000000 00:00 0                          [stack:8661]
7fc03179d000-7fc03179e000 ---p 00000000 00:00 0 
7fc03179e000-7fc0318a9000 rw-p 00000000 00:00 0                          [stack:8660]
7fc0318a9000-7fc0318f1000 rw-p 00000000 00:00 0 
7fc0318f1000-7fc031979000 rw-p 00000000 00:00 0 
7fc031979000-7fc031a47000 rw-p 00000000 00:00 0 
7fc031a47000-7fc031a52000 rw-p 00000000 00:00 0 
7fc031a52000-7fc031a9a000 rw-p 00000000 00:00 0 
7fc031a9a000-7fc031b22000 rw-p 00000000 00:00 0 
7fc031b22000-7fc031bef000 rw-p 00000000 00:00 0 
7fc031bef000-7fc031c9a000 rw-p 00000000 00:00 0 
7fc031c9a000-7fc031c9b000 rw-p 00000000 00:00 0 
7fc031c9b000-7fc031ca3000 r-xp 00000000 08:06 1489684                    /usr/lib/jvm/java-7-openjdk-amd64/jre/lib/amd64/libzip.so
7fc031ca3000-7fc031ea2000 ---p 00008000 08:06 1489684                    /usr/lib/jvm/java-7-openjdk-amd64/jre/lib/amd64/libzip.so
7fc031ea2000-7fc031ea3000 r--p 00007000 08:06 1489684                    /usr/lib/jvm/java-7-openjdk-amd64/jre/lib/amd64/libzip.so
7fc031ea3000-7fc031ea4000 rw-p 00008000 08:06 1489684                    /usr/lib/jvm/java-7-openjdk-amd64/jre/lib/amd64/libzip.so
7fc031ea4000-7fc031eaf000 r-xp 00000000 08:06 184225                     /lib/x86_64-linux-gnu/libnss_files-2.19.so
7fc031eaf000-7fc0320ae000 ---p 0000b000 08:06 184225                     /lib/x86_64-linux-gnu/libnss_files-2.19.so
7fc0320ae000-7fc0320af000 r--p 0000a000 08:06 184225                     /lib/x86_64-linux-gnu/libnss_files-2.19.so
7fc0320af000-7fc0320b0000 rw-p 0000b000 08:06 184225                     /lib/x86_64-linux-gnu/libnss_files-2.19.so
7fc0320b0000-7fc0320bb000 r-xp 00000000 08:06 145746                     /lib/x86_64-linux-gnu/libnss_nis-2.19.so
7fc0320bb000-7fc0322ba000 ---p 0000b000 08:06 145746                     /lib/x86_64-linux-gnu/libnss_nis-2.19.so
7fc0322ba000-7fc0322bb000 r--p 0000a000 08:06 145746                     /lib/x86_64-linux-gnu/libnss_nis-2.19.so
7fc0322bb000-7fc0322bc000 rw-p 0000b000 08:06 145746                     /lib/x86_64-linux-gnu/libnss_nis-2.19.so
7fc0322bc000-7fc0322d3000 r-xp 00000000 08:06 145742                     /lib/x86_64-linux-gnu/libnsl-2.19.so
7fc0322d3000-7fc0324d2000 ---p 00017000 08:06 145742                     /lib/x86_64-linux-gnu/libnsl-2.19.so
7fc0324d2000-7fc0324d3000 r--p 00016000 08:06 145742                     /lib/x86_64-linux-gnu/libnsl-2.19.so
7fc0324d3000-7fc0324d4000 rw-p 00017000 08:06 145742                     /lib/x86_64-linux-gnu/libnsl-2.19.so
7fc0324d4000-7fc0324d6000 rw-p 00000000 00:00 0 
7fc0324d6000-7fc0324df000 r-xp 00000000 08:06 145741                     /lib/x86_64-linux-gnu/libnss_compat-2.19.so
7fc0324df000-7fc0326de000 ---p 00009000 08:06 145741                     /lib/x86_64-linux-gnu/libnss_compat-2.19.so
7fc0326de000-7fc0326df000 r--p 00008000 08:06 145741                     /lib/x86_64-linux-gnu/libnss_compat-2.19.so
7fc0326df000-7fc0326e0000 rw-p 00009000 08:06 145741                     /lib/x86_64-linux-gnu/libnss_compat-2.19.so
7fc0326e0000-7fc03270b000 r-xp 00000000 08:06 1449046                    /usr/lib/jvm/java-7-openjdk-amd64/jre/lib/amd64/libjava.so
7fc03270b000-7fc03290b000 ---p 0002b000 08:06 1449046                    /usr/lib/jvm/java-7-openjdk-amd64/jre/lib/amd64/libjava.so
7fc03290b000-7fc03290c000 r--p 0002b000 08:06 1449046                    /usr/lib/jvm/java-7-openjdk-amd64/jre/lib/amd64/libjava.so
7fc03290c000-7fc03290e000 rw-p 0002c000 08:06 1449046                    /usr/lib/jvm/java-7-openjdk-amd64/jre/lib/amd64/libjava.so
7fc03290e000-7fc03291e000 r-xp 00000000 08:06 1454663                    /usr/lib/jvm/java-7-openjdk-amd64/jre/lib/amd64/libverify.so
7fc03291e000-7fc032b1d000 ---p 00010000 08:06 1454663                    /usr/lib/jvm/java-7-openjdk-amd64/jre/lib/amd64/libverify.so
7fc032b1d000-7fc032b1f000 r--p 0000f000 08:06 1454663                    /usr/lib/jvm/java-7-openjdk-amd64/jre/lib/amd64/libverify.so
7fc032b1f000-7fc032b20000 rw-p 00011000 08:06 1454663                    /usr/lib/jvm/java-7-openjdk-amd64/jre/lib/amd64/libverify.so
7fc032b20000-7fc032b27000 r-xp 00000000 08:06 148472                     /lib/x86_64-linux-gnu/librt-2.19.so
7fc032b27000-7fc032d26000 ---p 00007000 08:06 148472                     /lib/x86_64-linux-gnu/librt-2.19.so
7fc032d26000-7fc032d27000 r--p 00006000 08:06 148472                     /lib/x86_64-linux-gnu/librt-2.19.so
7fc032d27000-7fc032d28000 rw-p 00007000 08:06 148472                     /lib/x86_64-linux-gnu/librt-2.19.so
7fc032d28000-7fc032d3e000 r-xp 00000000 08:06 131070                     /lib/x86_64-linux-gnu/libgcc_s.so.1
7fc032d3e000-7fc032f3d000 ---p 00016000 08:06 131070                     /lib/x86_64-linux-gnu/libgcc_s.so.1
7fc032f3d000-7fc032f3e000 rw-p 00015000 08:06 131070                     /lib/x86_64-linux-gnu/libgcc_s.so.1
7fc032f3e000-7fc033043000 r-xp 00000000 08:06 135048                     /lib/x86_64-linux-gnu/libm-2.19.so
7fc033043000-7fc033242000 ---p 00105000 08:06 135048                     /lib/x86_64-linux-gnu/libm-2.19.so
7fc033242000-7fc033243000 r--p 00104000 08:06 135048                     /lib/x86_64-linux-gnu/libm-2.19.so
7fc033243000-7fc033244000 rw-p 00105000 08:06 135048                     /lib/x86_64-linux-gnu/libm-2.19.so
7fc033244000-7fc03332a000 r-xp 00000000 08:06 1441242                    /usr/lib/x86_64-linux-gnu/libstdc++.so.6.0.19
7fc03332a000-7fc033529000 ---p 000e6000 08:06 1441242                    /usr/lib/x86_64-linux-gnu/libstdc++.so.6.0.19
7fc033529000-7fc033531000 r--p 000e5000 08:06 1441242                    /usr/lib/x86_64-linux-gnu/libstdc++.so.6.0.19
7fc033531000-7fc033533000 rw-p 000ed000 08:06 1441242                    /usr/lib/x86_64-linux-gnu/libstdc++.so.6.0.19
7fc033533000-7fc033548000 rw-p 00000000 00:00 0 
7fc033548000-7fc03406d000 r-xp 00000000 08:06 1489682                    /usr/lib/jvm/java-7-openjdk-amd64/jre/lib/amd64/server/libjvm.so
7fc03406d000-7fc03426d000 ---p 00b25000 08:06 1489682                    /usr/lib/jvm/java-7-openjdk-amd64/jre/lib/amd64/server/libjvm.so
7fc03426d000-7fc034307000 r--p 00b25000 08:06 1489682                    /usr/lib/jvm/java-7-openjdk-amd64/jre/lib/amd64/server/libjvm.so
7fc034307000-7fc03432a000 rw-p 00bbf000 08:06 1489682                    /usr/lib/jvm/java-7-openjdk-amd64/jre/lib/amd64/server/libjvm.so
7fc03432a000-7fc034359000 rw-p 00000000 00:00 0 
7fc034359000-7fc034371000 r-xp 00000000 08:06 135112                     /lib/x86_64-linux-gnu/libz.so.1.2.8
7fc034371000-7fc034570000 ---p 00018000 08:06 135112                     /lib/x86_64-linux-gnu/libz.so.1.2.8
7fc034570000-7fc034571000 r--p 00017000 08:06 135112                     /lib/x86_64-linux-gnu/libz.so.1.2.8
7fc034571000-7fc034572000 rw-p 00018000 08:06 135112                     /lib/x86_64-linux-gnu/libz.so.1.2.8
7fc034572000-7fc03458b000 r-xp 00000000 08:06 145743                     /lib/x86_64-linux-gnu/libpthread-2.19.so
7fc03458b000-7fc03478a000 ---p 00019000 08:06 145743                     /lib/x86_64-linux-gnu/libpthread-2.19.so
7fc03478a000-7fc03478b000 r--p 00018000 08:06 145743                     /lib/x86_64-linux-gnu/libpthread-2.19.so
7fc03478b000-7fc03478c000 rw-p 00019000 08:06 145743                     /lib/x86_64-linux-gnu/libpthread-2.19.so
7fc03478c000-7fc034790000 rw-p 00000000 00:00 0 
7fc034790000-7fc034793000 r-xp 00000000 08:06 145738                     /lib/x86_64-linux-gnu/libdl-2.19.so
7fc034793000-7fc034992000 ---p 00003000 08:06 145738                     /lib/x86_64-linux-gnu/libdl-2.19.so
7fc034992000-7fc034993000 r--p 00002000 08:06 145738                     /lib/x86_64-linux-gnu/libdl-2.19.so
7fc034993000-7fc034994000 rw-p 00003000 08:06 145738                     /lib/x86_64-linux-gnu/libdl-2.19.so
7fc034994000-7fc034b4f000 r-xp 00000000 08:06 148473                     /lib/x86_64-linux-gnu/libc-2.19.so
7fc034b4f000-7fc034d4e000 ---p 001bb000 08:06 148473                     /lib/x86_64-linux-gnu/libc-2.19.so
7fc034d4e000-7fc034d52000 r--p 001ba000 08:06 148473                     /lib/x86_64-linux-gnu/libc-2.19.so
7fc034d52000-7fc034d54000 rw-p 001be000 08:06 148473                     /lib/x86_64-linux-gnu/libc-2.19.so
7fc034d54000-7fc034d59000 rw-p 00000000 00:00 0 
7fc034d59000-7fc034d66000 r-xp 00000000 08:06 1489697                    /usr/lib/jvm/java-7-openjdk-amd64/jre/lib/amd64/jli/libjli.so
7fc034d66000-7fc034f65000 ---p 0000d000 08:06 1489697                    /usr/lib/jvm/java-7-openjdk-amd64/jre/lib/amd64/jli/libjli.so
7fc034f65000-7fc034f66000 r--p 0000c000 08:06 1489697                    /usr/lib/jvm/java-7-openjdk-amd64/jre/lib/amd64/jli/libjli.so
7fc034f66000-7fc034f67000 rw-p 0000d000 08:06 1489697                    /usr/lib/jvm/java-7-openjdk-amd64/jre/lib/amd64/jli/libjli.so
7fc034f67000-7fc034f8a000 r-xp 00000000 08:06 145744                     /lib/x86_64-linux-gnu/ld-2.19.so
7fc034f8a000-7fc034fb4000 rw-p 00000000 00:00 0 
7fc034fb4000-7fc035062000 rw-p 00000000 00:00 0 
7fc035062000-7fc035065000 ---p 00000000 00:00 0 
7fc035065000-7fc035169000 rw-p 00000000 00:00 0                          [stack:8659]
7fc035169000-7fc03516c000 r--s 0000f000 08:06 1489726                    /usr/lib/jvm/java-7-openjdk-amd64/jre/lib/ext/icedtea-sound.jar
7fc03516c000-7fc03516e000 r--s 00012000 08:06 1489724                    /usr/lib/jvm/java-7-openjdk-amd64/jre/lib/ext/zipfs.jar
7fc03516e000-7fc03516f000 r--s 00002000 08:06 1489723                    /usr/lib/jvm/java-7-openjdk-amd64/jre/lib/ext/dnsns.jar
7fc03516f000-7fc035171000 r--s 00006000 08:06 1840524                    /usr/share/java/java-atk-wrapper.jar
7fc035171000-7fc035175000 r--s 0003c000 08:06 1489728                    /usr/lib/jvm/java-7-openjdk-amd64/jre/lib/ext/sunpkcs11.jar
7fc035175000-7fc035179000 r--s 00034000 08:06 1489725                    /usr/lib/jvm/java-7-openjdk-amd64/jre/lib/ext/sunjce_provider.jar
7fc035179000-7fc03517d000 r--s 00085000 08:06 1489727                    /usr/lib/jvm/java-7-openjdk-amd64/jre/lib/ext/localedata.jar
7fc03517d000-7fc035185000 rw-s 00000000 08:06 1846458                    /tmp/hsperfdata_tulin/8654
7fc035185000-7fc035186000 rw-p 00000000 00:00 0 
7fc035186000-7fc035187000 ---p 00000000 00:00 0 
7fc035187000-7fc035189000 rw-p 00000000 00:00 0 
7fc035189000-7fc03518a000 r--p 00022000 08:06 145744                     /lib/x86_64-linux-gnu/ld-2.19.so
7fc03518a000-7fc03518b000 rw-p 00023000 08:06 145744                     /lib/x86_64-linux-gnu/ld-2.19.so
7fc03518b000-7fc03518c000 rw-p 00000000 00:00 0 
7ffcfa4f9000-7ffcfa51a000 rw-p 00000000 00:00 0                          [stack]
7ffcfa52c000-7ffcfa52e000 r-xp 00000000 00:00 0                          [vdso]
ffffffffff600000-ffffffffff601000 r-xp 00000000 00:00 0                  [vsyscall]

VM Arguments:
jvm_args: -Djava.awt.headless=true -Xmx1024M -Dfile.encoding=UTF-8 -Duser.country=US -Duser.language=en -Duser.variant 
java_command: com.android.dx.command.Main --dex --num-threads=4 --multi-dex --main-dex-list /home/tulin/AndroidStudioProjects/CamApp/app/build/intermediates/multi-dex/debug/maindexlist.txt --output /home/tulin/AndroidStudioProjects/CamApp/app/build/intermediates/transforms/dex/debug/folders/1000/1f/main /home/tulin/AndroidStudioProjects/CamApp/app/build/intermediates/transforms/jarMerging/debug/jars/1/1f/combined.jar
Launcher Type: SUN_STANDARD

Environment Variables:
PATH=/usr/local/sbin:/usr/local/bin:/usr/sbin:/usr/bin:/sbin:/bin:/usr/games:/usr/local/games
SHELL=/bin/bash
DISPLAY=:0

Signal Handlers:
SIGSEGV: [libjvm.so+0x9561e0], sa_mask[0]=0x7ffbfeff, sa_flags=0x10000004
SIGBUS: [libjvm.so+0x9561e0], sa_mask[0]=0x7ffbfeff, sa_flags=0x10000004
SIGFPE: [libjvm.so+0x7cc4d0], sa_mask[0]=0x7ffbfeff, sa_flags=0x10000004
SIGPIPE: [libjvm.so+0x7cc4d0], sa_mask[0]=0x7ffbfeff, sa_flags=0x10000004
SIGXFSZ: [libjvm.so+0x7cc4d0], sa_mask[0]=0x7ffbfeff, sa_flags=0x10000004
SIGILL: [libjvm.so+0x7cc4d0], sa_mask[0]=0x7ffbfeff, sa_flags=0x10000004
SIGUSR1: SIG_DFL, sa_mask[0]=0x00000000, sa_flags=0x00000000
SIGUSR2: [libjvm.so+0x7cc370], sa_mask[0]=0x00000004, sa_flags=0x10000004
SIGHUP: [libjvm.so+0x7cc550], sa_mask[0]=0x7ffbfeff, sa_flags=0x10000004
SIGINT: [libjvm.so+0x7cc550], sa_mask[0]=0x7ffbfeff, sa_flags=0x10000004
SIGTERM: [libjvm.so+0x7cc550], sa_mask[0]=0x7ffbfeff, sa_flags=0x10000004
SIGQUIT: [libjvm.so+0x7cc550], sa_mask[0]=0x7ffbfeff, sa_flags=0x10000004
SIGTRAP: SIG_DFL, sa_mask[0]=0x00000000, sa_flags=0x00000000


---------------  S Y S T E M  ---------------

OS:Ubuntu 14.04 (trusty)
uname:Linux 3.13.0-86-generic #131-Ubuntu SMP Thu May 12 23:33:13 UTC 2016 x86_64
libc:glibc 2.19 NPTL 2.19 
rlimit: STACK 8192k, CORE 0k, NPROC 30460, NOFILE 4096, AS infinity
load average:2,26 1,00 0,58

/proc/meminfo:
MemTotal:        3946968 kB
MemFree:          130016 kB
Buffers:            2116 kB
Cached:           444964 kB
SwapCached:            0 kB
Active:          3223460 kB
Inactive:         418640 kB
Active(anon):    3197228 kB
Inactive(anon):   382220 kB
Active(file):      26232 kB
Inactive(file):    36420 kB
Unevictable:          32 kB
Mlocked:              32 kB
SwapTotal:             0 kB
SwapFree:              0 kB
Dirty:                48 kB
Writeback:             0 kB
AnonPages:       3195160 kB
Mapped:           194516 kB
Shmem:            384348 kB
Slab:              71920 kB
SReclaimable:      35048 kB
SUnreclaim:        36872 kB
KernelStack:        5624 kB
PageTables:        42156 kB
NFS_Unstable:          0 kB
Bounce:                0 kB
WritebackTmp:          0 kB
CommitLimit:     1973484 kB
Committed_AS:    8039832 kB
VmallocTotal:   34359738367 kB
VmallocUsed:      349380 kB
VmallocChunk:   34359380736 kB
HardwareCorrupted:     0 kB
AnonHugePages:   1628160 kB
HugePages_Total:       0
HugePages_Free:        0
HugePages_Rsvd:        0
HugePages_Surp:        0
Hugepagesize:       2048 kB
DirectMap4k:       68640 kB
DirectMap2M:     4026368 kB


CPU:total 4 (2 cores per cpu, 2 threads per core) family 6 model 42 stepping 7, cmov, cx8, fxsr, mmx, sse, sse2, sse3, ssse3, sse4.1, sse4.2, popcnt, avx, aes, ht, tsc, tscinvbit

/proc/cpuinfo:
processor	: 0
vendor_id	: GenuineIntel
cpu family	: 6
model		: 42
model name	: Intel(R) Core(TM) i5-2557M CPU @ 1.70GHz
stepping	: 7
microcode	: 0x1a
cpu MHz		: 800.000
cache size	: 3072 KB
physical id	: 0
siblings	: 4
core id		: 0
cpu cores	: 2
apicid		: 0
initial apicid	: 0
fpu		: yes
fpu_exception	: yes
cpuid level	: 13
wp		: yes
flags		: fpu vme de pse tsc msr pae mce cx8 apic sep mtrr pge mca cmov pat pse36 clflush dts acpi mmx fxsr sse sse2 ss ht tm pbe syscall nx rdtscp lm constant_tsc arch_perfmon pebs bts rep_good nopl xtopology nonstop_tsc aperfmperf eagerfpu pni pclmulqdq dtes64 monitor ds_cpl vmx smx est tm2 ssse3 cx16 xtpr pdcm pcid sse4_1 sse4_2 x2apic popcnt tsc_deadline_timer aes xsave avx lahf_lm ida arat epb xsaveopt pln pts dtherm tpr_shadow vnmi flexpriority ept vpid
bogomips	: 3392.33
clflush size	: 64
cache_alignment	: 64
address sizes	: 36 bits physical, 48 bits virtual
power management:

processor	: 1
vendor_id	: GenuineIntel
cpu family	: 6
model		: 42
model name	: Intel(R) Core(TM) i5-2557M CPU @ 1.70GHz
stepping	: 7
microcode	: 0x1a
cpu MHz		: 1701.000
cache size	: 3072 KB
physical id	: 0
siblings	: 4
core id		: 1
cpu cores	: 2
apicid		: 2
initial apicid	: 2
fpu		: yes
fpu_exception	: yes
cpuid level	: 13
wp		: yes
flags		: fpu vme de pse tsc msr pae mce cx8 apic sep mtrr pge mca cmov pat pse36 clflush dts acpi mmx fxsr sse sse2 ss ht tm pbe syscall nx rdtscp lm constant_tsc arch_perfmon pebs bts rep_good nopl xtopology nonstop_tsc aperfmperf eagerfpu pni pclmulqdq dtes64 monitor ds_cpl vmx smx est tm2 ssse3 cx16 xtpr pdcm pcid sse4_1 sse4_2 x2apic popcnt tsc_deadline_timer aes xsave avx lahf_lm ida arat epb xsaveopt pln pts dtherm tpr_shadow vnmi flexpriority ept vpid
bogomips	: 3392.33
clflush size	: 64
cache_alignment	: 64
address sizes	: 36 bits physical, 48 bits virtual
power management:

processor	: 2
vendor_id	: GenuineIntel
cpu family	: 6
model		: 42
model name	: Intel(R) Core(TM) i5-2557M CPU @ 1.70GHz
stepping	: 7
microcode	: 0x1a
cpu MHz		: 800.000
cache size	: 3072 KB
physical id	: 0
siblings	: 4
core id		: 0
cpu cores	: 2
apicid		: 1
initial apicid	: 1
fpu		: yes
fpu_exception	: yes
cpuid level	: 13
wp		: yes
flags		: fpu vme de pse tsc msr pae mce cx8 apic sep mtrr pge mca cmov pat pse36 clflush dts acpi mmx fxsr sse sse2 ss ht tm pbe syscall nx rdtscp lm constant_tsc arch_perfmon pebs bts rep_good nopl xtopology nonstop_tsc aperfmperf eagerfpu pni pclmulqdq dtes64 monitor ds_cpl vmx smx est tm2 ssse3 cx16 xtpr pdcm pcid sse4_1 sse4_2 x2apic popcnt tsc_deadline_timer aes xsave avx lahf_lm ida arat epb xsaveopt pln pts dtherm tpr_shadow vnmi flexpriority ept vpid
bogomips	: 3392.33
clflush size	: 64
cache_alignment	: 64
address sizes	: 36 bits physical, 48 bits virtual
power management:

processor	: 3
vendor_id	: GenuineIntel
cpu family	: 6
model		: 42
model name	: Intel(R) Core(TM) i5-2557M CPU @ 1.70GHz
stepping	: 7
microcode	: 0x1a
cpu MHz		: 800.000
cache size	: 3072 KB
physical id	: 0
siblings	: 4
core id		: 1
cpu cores	: 2
apicid		: 3
initial apicid	: 3
fpu		: yes
fpu_exception	: yes
cpuid level	: 13
wp		: yes
flags		: fpu vme de pse tsc msr pae mce cx8 apic sep mtrr pge mca cmov pat pse36 clflush dts acpi mmx fxsr sse sse2 ss ht tm pbe syscall nx rdtscp lm constant_tsc arch_perfmon pebs bts rep_good nopl xtopology nonstop_tsc aperfmperf eagerfpu pni pclmulqdq dtes64 monitor ds_cpl vmx smx est tm2 ssse3 cx16 xtpr pdcm pcid sse4_1 sse4_2 x2apic popcnt tsc_deadline_timer aes xsave avx lahf_lm ida arat epb xsaveopt pln pts dtherm tpr_shadow vnmi flexpriority ept vpid
bogomips	: 3392.33
clflush size	: 64
cache_alignment	: 64
address sizes	: 36 bits physical, 48 bits virtual
power management:



Memory: 4k page, physical 3946968k(130016k free), swap 0k(0k free)

vm_info: OpenJDK 64-Bit Server VM (24.95-b01) for linux-amd64 JRE (1.7.0_101-b00), built on Apr 24 2016 20:39:29 by "buildd" with gcc 4.8.2

time: Sat May 28 12:16:22 2016
elapsed time: 20 seconds

