#
# There is insufficient memory for the Java Runtime Environment to continue.
# Native memory allocation (malloc) failed to allocate 44040192 bytes for committing reserved memory.
# Possible reasons:
#   The system is out of physical RAM or swap space
#   In 32 bit mode, the process size limit was hit
# Possible solutions:
#   Reduce memory load on the system
#   Increase physical memory or swap space
#   Check if swap backing store is full
#   Use 64 bit Java on a 64 bit OS
#   Decrease Java heap size (-Xmx/-Xms)
#   Decrease number of Java threads
#   Decrease Java thread stack sizes (-Xss)
#   Set larger code cache with -XX:ReservedCodeCacheSize=
# This output file may be truncated or incomplete.
#
#  Out of Memory Error (os_linux.cpp:2827), pid=6794, tid=140679334717184
#
# JRE version: OpenJDK Runtime Environment (7.0_95) (build 1.7.0_95-b00)
# Java VM: OpenJDK 64-Bit Server VM (24.95-b01 mixed mode linux-amd64 compressed oops)
# Derivative: IcedTea 2.6.4
# Distribution: Ubuntu 14.04.3 LTS, package 7u95-2.6.4-0ubuntu0.14.04.1
# Failed to write core dump. Core dumps have been disabled. To enable core dumping, try "ulimit -c unlimited" before starting Java again
#

---------------  T H R E A D  ---------------

Current thread (0x00007ff27c076000):  VMThread [stack: 0x00007ff275b5e000,0x00007ff275c5f000] [id=6808]

Stack: [0x00007ff275b5e000,0x00007ff275c5f000],  sp=0x00007ff275c5d490,  free space=1021k
Native frames: (J=compiled Java code, j=interpreted, Vv=VM code, C=native code)
V  [libjvm.so+0x9550e5]
V  [libjvm.so+0x4902b4]
V  [libjvm.so+0x7cf7bb]
V  [libjvm.so+0x7ca28f]
V  [libjvm.so+0x83e56b]
V  [libjvm.so+0x83f3e0]
V  [libjvm.so+0x83facb]
V  [libjvm.so+0x83b4d8]
V  [libjvm.so+0x83bd48]
V  [libjvm.so+0x7f1fd3]
V  [libjvm.so+0x956ae4]
V  [libjvm.so+0x95abe7]
V  [libjvm.so+0x9596a8]
V  [libjvm.so+0x959b09]
V  [libjvm.so+0x959f52]
V  [libjvm.so+0x7cc682]

VM_Operation (0x00007ff24716ce70): ParallelGCFailedAllocation, mode: safepoint, requested by thread 0x00007ff27c197000


---------------  P R O C E S S  ---------------

Java Threads: ( => current thread )
  0x00007ff27c19d800 JavaThread "pool-1-thread-4" [_thread_blocked, id=6825, stack(0x00007ff246e6c000,0x00007ff246f6d000)]
  0x00007ff27c19b000 JavaThread "pool-1-thread-3" [_thread_blocked, id=6824, stack(0x00007ff246f6d000,0x00007ff24706e000)]
  0x00007ff27c197000 JavaThread "pool-1-thread-2" [_thread_blocked, id=6823, stack(0x00007ff24706e000,0x00007ff24716f000)]
  0x00007ff27c192800 JavaThread "pool-2-thread-1" [_thread_blocked, id=6822, stack(0x00007ff24716f000,0x00007ff247270000)]
  0x00007ff27c190800 JavaThread "pool-1-thread-1" [_thread_blocked, id=6821, stack(0x00007ff2740b4000,0x00007ff2741b5000)]
  0x00007ff27c0b2000 JavaThread "Service Thread" daemon [_thread_blocked, id=6814, stack(0x00007ff274d06000,0x00007ff274e07000)]
  0x00007ff27c0af800 JavaThread "C2 CompilerThread1" daemon [_thread_blocked, id=6813, stack(0x00007ff274e07000,0x00007ff274f08000)]
  0x00007ff27c0ac800 JavaThread "C2 CompilerThread0" daemon [_thread_blocked, id=6812, stack(0x00007ff274f08000,0x00007ff275009000)]
  0x00007ff27c0aa800 JavaThread "Signal Dispatcher" daemon [_thread_blocked, id=6811, stack(0x00007ff275009000,0x00007ff27510a000)]
  0x00007ff27c07c000 JavaThread "Finalizer" daemon [_thread_blocked, id=6810, stack(0x00007ff27595c000,0x00007ff275a5d000)]
  0x00007ff27c07a000 JavaThread "Reference Handler" daemon [_thread_blocked, id=6809, stack(0x00007ff275a5d000,0x00007ff275b5e000)]
  0x00007ff27c00a800 JavaThread "main" [_thread_blocked, id=6797, stack(0x00007ff284254000,0x00007ff284355000)]

Other Threads:
=>0x00007ff27c076000 VMThread [stack: 0x00007ff275b5e000,0x00007ff275c5f000] [id=6808]
  0x00007ff27c0bc800 WatcherThread [stack: 0x00007ff274c05000,0x00007ff274d06000] [id=6815]

VM state:at safepoint (normal execution)

VM Mutex/Monitor currently owned by a thread:  ([mutex/lock_event])
[0x00007ff27c006990] Threads_lock - owner thread: 0x00007ff27c076000
[0x00007ff27c006e90] Heap_lock - owner thread: 0x00007ff27c197000

Heap
 PSYoungGen      total 34304K, used 2552K [0x00000000eaa80000, 0x00000000ece80000, 0x0000000100000000)
  eden space 31744K, 0% used [0x00000000eaa80000,0x00000000eaa80000,0x00000000ec980000)
  from space 2560K, 99% used [0x00000000ec980000,0x00000000ecbfe058,0x00000000ecc00000)
  to   space 2560K, 0% used [0x00000000ecc00000,0x00000000ecc00000,0x00000000ece80000)
 ParOldGen       total 40960K, used 14090K [0x00000000c0000000, 0x00000000c2800000, 0x00000000eaa80000)
  object space 40960K, 34% used [0x00000000c0000000,0x00000000c0dc2888,0x00000000c2800000)
 PSPermGen       total 21504K, used 6206K [0x00000000b5a00000, 0x00000000b6f00000, 0x00000000c0000000)
  object space 21504K, 28% used [0x00000000b5a00000,0x00000000b600fb80,0x00000000b6f00000)

Card table byte_map: [0x00007ff280c37000,0x00007ff280e8b000] byte_map_base: 0x00007ff28068a000

Polling page: 0x00007ff284375000

Code Cache  [0x00007ff279000000, 0x00007ff279270000, 0x00007ff27c000000)
 total_blobs=471 nmethods=240 adapters=184 free_code_cache=48193Kb largest_free_block=49305408

Compilation events (10 events):
Event: 11,750 Thread 0x00007ff27c0ac800 nmethod 241 0x00007ff27908ce50 code [0x00007ff27908cfa0, 0x00007ff27908d0d8]
Event: 11,750 Thread 0x00007ff27c0ac800  242             java.util.TreeMap::parentOf (13 bytes)
Event: 11,751 Thread 0x00007ff27c0ac800 nmethod 242 0x00007ff27908cc50 code [0x00007ff27908cd80, 0x00007ff27908cdd8]
Event: 11,751 Thread 0x00007ff27c0ac800  243             java.lang.Float::isNaN (12 bytes)
Event: 11,806 Thread 0x00007ff27c0ac800 nmethod 243 0x00007ff2790cfa50 code [0x00007ff2790cfb80, 0x00007ff2790cfbf8]
Event: 11,806 Thread 0x00007ff27c0ac800  244             java.util.HashMap::<init> (119 bytes)
Event: 11,824 Thread 0x00007ff27c0ac800 nmethod 244 0x00007ff2790dd050 code [0x00007ff2790dd1a0, 0x00007ff2790dd318]
Event: 11,824 Thread 0x00007ff27c0ac800  245             com.android.dx.rop.type.Prototype::makeParameterArray (131 bytes)
Event: 11,945 Thread 0x00007ff27c0ac800 nmethod 245 0x00007ff2790de290 code [0x00007ff2790de400, 0x00007ff2790de938]
Event: 11,945 Thread 0x00007ff27c0ac800  246             java.lang.AbstractStringBuilder::ensureCapacityInternal (16 bytes)

GC Heap History (9 events):
Event: 2,394 GC heap before
{Heap before GC invocations=1 (full 0):
 PSYoungGen      total 18432K, used 15872K [0x00000000eaa80000, 0x00000000ebf00000, 0x0000000100000000)
  eden space 15872K, 100% used [0x00000000eaa80000,0x00000000eba00000,0x00000000eba00000)
  from space 2560K, 0% used [0x00000000ebc80000,0x00000000ebc80000,0x00000000ebf00000)
  to   space 2560K, 0% used [0x00000000eba00000,0x00000000eba00000,0x00000000ebc80000)
 ParOldGen       total 40960K, used 0K [0x00000000c0000000, 0x00000000c2800000, 0x00000000eaa80000)
  object space 40960K, 0% used [0x00000000c0000000,0x00000000c0000000,0x00000000c2800000)
 PSPermGen       total 21504K, used 5822K [0x00000000b5a00000, 0x00000000b6f00000, 0x00000000c0000000)
  object space 21504K, 27% used [0x00000000b5a00000,0x00000000b5fafa48,0x00000000b6f00000)
Event: 2,410 GC heap after
Heap after GC invocations=1 (full 0):
 PSYoungGen      total 18432K, used 2554K [0x00000000eaa80000, 0x00000000ebf00000, 0x0000000100000000)
  eden space 15872K, 0% used [0x00000000eaa80000,0x00000000eaa80000,0x00000000eba00000)
  from space 2560K, 99% used [0x00000000eba00000,0x00000000ebc7eab8,0x00000000ebc80000)
  to   space 2560K, 0% used [0x00000000ebc80000,0x00000000ebc80000,0x00000000ebf00000)
 ParOldGen       total 40960K, used 1154K [0x00000000c0000000, 0x00000000c2800000, 0x00000000eaa80000)
  object space 40960K, 2% used [0x00000000c0000000,0x00000000c0120a80,0x00000000c2800000)
 PSPermGen       total 21504K, used 5822K [0x00000000b5a00000, 0x00000000b6f00000, 0x00000000c0000000)
  object space 21504K, 27% used [0x00000000b5a00000,0x00000000b5fafa48,0x00000000b6f00000)
}
Event: 4,118 GC heap before
{Heap before GC invocations=2 (full 0):
 PSYoungGen      total 18432K, used 18426K [0x00000000eaa80000, 0x00000000ebf00000, 0x0000000100000000)
  eden space 15872K, 100% used [0x00000000eaa80000,0x00000000eba00000,0x00000000eba00000)
  from space 2560K, 99% used [0x00000000eba00000,0x00000000ebc7eab8,0x00000000ebc80000)
  to   space 2560K, 0% used [0x00000000ebc80000,0x00000000ebc80000,0x00000000ebf00000)
 ParOldGen       total 40960K, used 1154K [0x00000000c0000000, 0x00000000c2800000, 0x00000000eaa80000)
  object space 40960K, 2% used [0x00000000c0000000,0x00000000c0120a80,0x00000000c2800000)
 PSPermGen       total 21504K, used 6078K [0x00000000b5a00000, 0x00000000b6f00000, 0x00000000c0000000)
  object space 21504K, 28% used [0x00000000b5a00000,0x00000000b5fef9f0,0x00000000b6f00000)
Event: 4,177 GC heap after
Heap after GC invocations=2 (full 0):
 PSYoungGen      total 18432K, used 2551K [0x00000000eaa80000, 0x00000000ece80000, 0x0000000100000000)
  eden space 15872K, 0% used [0x00000000eaa80000,0x00000000eaa80000,0x00000000eba00000)
  from space 2560K, 99% used [0x00000000ebc80000,0x00000000ebefdc88,0x00000000ebf00000)
  to   space 2560K, 0% used [0x00000000eba00000,0x00000000eba00000,0x00000000ebc80000)
 ParOldGen       total 40960K, used 3137K [0x00000000c0000000, 0x00000000c2800000, 0x00000000eaa80000)
  object space 40960K, 7% used [0x00000000c0000000,0x00000000c03105a0,0x00000000c2800000)
 PSPermGen       total 21504K, used 6078K [0x00000000b5a00000, 0x00000000b6f00000, 0x00000000c0000000)
  object space 21504K, 28% used [0x00000000b5a00000,0x00000000b5fef9f0,0x00000000b6f00000)
}
Event: 5,938 GC heap before
{Heap before GC invocations=3 (full 0):
 PSYoungGen      total 18432K, used 18423K [0x00000000eaa80000, 0x00000000ece80000, 0x0000000100000000)
  eden space 15872K, 100% used [0x00000000eaa80000,0x00000000eba00000,0x00000000eba00000)
  from space 2560K, 99% used [0x00000000ebc80000,0x00000000ebefdc88,0x00000000ebf00000)
  to   space 2560K, 0% used [0x00000000eba00000,0x00000000eba00000,0x00000000ebc80000)
 ParOldGen       total 40960K, used 3137K [0x00000000c0000000, 0x00000000c2800000, 0x00000000eaa80000)
  object space 40960K, 7% used [0x00000000c0000000,0x00000000c03105a0,0x00000000c2800000)
 PSPermGen       total 21504K, used 6144K [0x00000000b5a00000, 0x00000000b6f00000, 0x00000000c0000000)
  object space 21504K, 28% used [0x00000000b5a00000,0x00000000b6000220,0x00000000b6f00000)
Event: 5,978 GC heap after
Heap after GC invocations=3 (full 0):
 PSYoungGen      total 18432K, used 2528K [0x00000000eaa80000, 0x00000000ece80000, 0x0000000100000000)
  eden space 15872K, 0% used [0x00000000eaa80000,0x00000000eaa80000,0x00000000eba00000)
  from space 2560K, 98% used [0x00000000eba00000,0x00000000ebc78028,0x00000000ebc80000)
  to   space 2560K, 0% used [0x00000000ecc00000,0x00000000ecc00000,0x00000000ece80000)
 ParOldGen       total 40960K, used 5460K [0x00000000c0000000, 0x00000000c2800000, 0x00000000eaa80000)
  object space 40960K, 13% used [0x00000000c0000000,0x00000000c05550a0,0x00000000c2800000)
 PSPermGen       total 21504K, used 6144K [0x00000000b5a00000, 0x00000000b6f00000, 0x00000000c0000000)
  object space 21504K, 28% used [0x00000000b5a00000,0x00000000b6000220,0x00000000b6f00000)
}
Event: 7,840 GC heap before
{Heap before GC invocations=4 (full 0):
 PSYoungGen      total 18432K, used 18400K [0x00000000eaa80000, 0x00000000ece80000, 0x0000000100000000)
  eden space 15872K, 100% used [0x00000000eaa80000,0x00000000eba00000,0x00000000eba00000)
  from space 2560K, 98% used [0x00000000eba00000,0x00000000ebc78028,0x00000000ebc80000)
  to   space 2560K, 0% used [0x00000000ecc00000,0x00000000ecc00000,0x00000000ece80000)
 ParOldGen       total 40960K, used 5460K [0x00000000c0000000, 0x00000000c2800000, 0x00000000eaa80000)
  object space 40960K, 13% used [0x00000000c0000000,0x00000000c05550a0,0x00000000c2800000)
 PSPermGen       total 21504K, used 6179K [0x00000000b5a00000, 0x00000000b6f00000, 0x00000000c0000000)
  object space 21504K, 28% used [0x00000000b5a00000,0x00000000b6008de8,0x00000000b6f00000)
Event: 7,953 GC heap after
Heap after GC invocations=4 (full 0):
 PSYoungGen      total 34304K, used 2558K [0x00000000eaa80000, 0x00000000ece80000, 0x0000000100000000)
  eden space 31744K, 0% used [0x00000000eaa80000,0x00000000eaa80000,0x00000000ec980000)
  from space 2560K, 99% used [0x00000000ecc00000,0x00000000ece7f850,0x00000000ece80000)
  to   space 2560K, 0% used [0x00000000ec980000,0x00000000ec980000,0x00000000ecc00000)
 ParOldGen       total 40960K, used 8858K [0x00000000c0000000, 0x00000000c2800000, 0x00000000eaa80000)
  object space 40960K, 21% used [0x00000000c0000000,0x00000000c08a6820,0x00000000c2800000)
 PSPermGen       total 21504K, used 6179K [0x00000000b5a00000, 0x00000000b6f00000, 0x00000000c0000000)
  object space 21504K, 28% used [0x00000000b5a00000,0x00000000b6008de8,0x00000000b6f00000)
}
Event: 12,029 GC heap before
{Heap before GC invocations=5 (full 0):
 PSYoungGen      total 34304K, used 34302K [0x00000000eaa80000, 0x00000000ece80000, 0x0000000100000000)
  eden space 31744K, 100% used [0x00000000eaa80000,0x00000000ec980000,0x00000000ec980000)
  from space 2560K, 99% used [0x00000000ecc00000,0x00000000ece7f850,0x00000000ece80000)
  to   space 2560K, 0% used [0x00000000ec980000,0x00000000ec980000,0x00000000ecc00000)
 ParOldGen       total 40960K, used 8858K [0x00000000c0000000, 0x00000000c2800000, 0x00000000eaa80000)
  object space 40960K, 21% used [0x00000000c0000000,0x00000000c08a6820,0x00000000c2800000)
 PSPermGen       total 21504K, used 6206K [0x00000000b5a00000, 0x00000000b6f00000, 0x00000000c0000000)
  object space 21504K, 28% used [0x00000000b5a00000,0x00000000b600fb80,0x00000000b6f00000)

Deoptimization events (10 events):
Event: 0,895 Thread 0x00007ff27c00a800 Uncommon trap: reason=unstable_if action=reinterpret pc=0x00007ff279063608 method=java.lang.String.compareTo(Ljava/lang/String;)I @ 38
Event: 2,158 Thread 0x00007ff27c19b000 Uncommon trap: reason=unstable_if action=reinterpret pc=0x00007ff2790756a8 method=java.util.HashMap.getEntry(Ljava/lang/Object;)Ljava/util/HashMap$Entry; @ 71
Event: 2,528 Thread 0x00007ff27c00a800 Uncommon trap: reason=null_check action=make_not_entrant pc=0x00007ff27907efc4 method=com.android.dx.rop.code.LocalItem.equals(Ljava/lang/Object;)Z @ 1
Event: 2,556 Thread 0x00007ff27c19b000 Uncommon trap: reason=unstable_if action=reinterpret pc=0x00007ff279078a5c method=java.util.BitSet.nextSetBit(I)I @ 87
Event: 3,641 Thread 0x00007ff27c190800 Uncommon trap: reason=unstable_if action=reinterpret pc=0x00007ff27908d1a4 method=com.android.dx.rop.code.RegisterSpec.equals(ILcom/android/dx/rop/type/TypeBearer;Lcom/android/dx/rop/code/LocalItem;)Z @ 16
Event: 4,184 Thread 0x00007ff27c190800 Uncommon trap: reason=null_check action=make_not_entrant pc=0x00007ff279066c50 method=com.android.dx.rop.type.Type.equals(Ljava/lang/Object;)Z @ 8
Event: 4,190 Thread 0x00007ff27c00a800 Uncommon trap: reason=unstable_if action=reinterpret pc=0x00007ff27908cb04 method=com.android.dx.rop.cst.Constant.compareTo(Lcom/android/dx/rop/cst/Constant;)I @ 12
Event: 4,723 Thread 0x00007ff27c00a800 Uncommon trap: reason=unstable_if action=reinterpret pc=0x00007ff279084158 method=com.android.dx.cf.code.Ropper.labelToResultIndex(I)I @ 34
Event: 6,031 Thread 0x00007ff27c00a800 Uncommon trap: reason=null_check action=make_not_entrant pc=0x00007ff2790b585c method=com.android.dx.rop.type.Type.putIntern(Lcom/android/dx/rop/type/Type;)Lcom/android/dx/rop/type/Type; @ 18
Event: 10,265 Thread 0x00007ff27c19b000 Uncommon trap: reason=null_check action=make_not_entrant pc=0x00007ff2790d4860 method=com.android.dx.ssa.SsaRenamer.getLocalForNewReg(I)Lcom/android/dx/rop/code/LocalItem; @ 19

Internal exceptions (10 events):
Event: 2,555 Thread 0x00007ff27c190800 Threw 0x00000000eac05470 at /build/openjdk-7-2FOwCu/openjdk-7-7u95-2.6.4/build/openjdk/hotspot/src/share/vm/prims/jvm.cpp:1322
Event: 2,566 Thread 0x00007ff27c190800 Threw 0x00000000eac0b288 at /build/openjdk-7-2FOwCu/openjdk-7-7u95-2.6.4/build/openjdk/hotspot/src/share/vm/prims/jvm.cpp:1322
Event: 2,573 Thread 0x00007ff27c00a800 Threw 0x00000000eab3d9d8 at /build/openjdk-7-2FOwCu/openjdk-7-7u95-2.6.4/build/openjdk/hotspot/src/share/vm/prims/jvm.cpp:1322
Event: 2,783 Thread 0x00007ff27c190800 Threw 0x00000000ead6fba0 at /build/openjdk-7-2FOwCu/openjdk-7-7u95-2.6.4/build/openjdk/hotspot/src/share/vm/prims/jvm.cpp:1322
Event: 2,897 Thread 0x00007ff27c00a800 Threw 0x00000000eaeb1390 at /build/openjdk-7-2FOwCu/openjdk-7-7u95-2.6.4/build/openjdk/hotspot/src/share/vm/prims/jvm.cpp:1322
Event: 4,184 Thread 0x00007ff27c190800 Implicit null exception at 0x00007ff279066b52 to 0x00007ff279066c43
Event: 4,722 Thread 0x00007ff27c00a800 Threw 0x00000000eb14a308 at /build/openjdk-7-2FOwCu/openjdk-7-7u95-2.6.4/build/openjdk/hotspot/src/share/vm/prims/jvm.cpp:1322
Event: 6,031 Thread 0x00007ff27c00a800 Implicit null exception at 0x00007ff2790b5197 to 0x00007ff2790b584d
Event: 10,265 Thread 0x00007ff27c19b000 Implicit null exception at 0x00007ff2790d2bf4 to 0x00007ff2790d483d
Event: 11,442 Thread 0x00007ff27c00a800 Threw 0x00000000ec48d9f0 at /build/openjdk-7-2FOwCu/openjdk-7-7u95-2.6.4/build/openjdk/hotspot/src/share/vm/prims/jvm.cpp:1322

Events (10 events):
Event: 7,953 Executing VM operation: ParallelGCFailedAllocation done
Event: 8,392 Thread 0x00007ff27c0ac800 flushing nmethod 0x00007ff279078890
Event: 8,476 Thread 0x00007ff27c0ac800 flushing nmethod 0x00007ff27907e8d0
Event: 10,265 Thread 0x00007ff27c19b000 Uncommon trap: trap_request=0xfffffff4 fr.pc=0x00007ff2790d4860
Event: 10,265 Thread 0x00007ff27c19b000 DEOPT PACKING pc=0x00007ff2790d4860 sp=0x00007ff24706c120
Event: 10,266 Thread 0x00007ff27c19b000 DEOPT UNPACKING pc=0x00007ff279039445 sp=0x00007ff24706beb8 mode 2
Event: 11,442 loading class 0x00007ff22c004a60
Event: 11,442 loading class 0x00007ff22c004a60 done
Event: 11,638 Thread 0x00007ff27c0ac800 flushing nmethod 0x00007ff27908cc50
Event: 12,006 Executing VM operation: ParallelGCFailedAllocation


Dynamic libraries:
00400000-00401000 r-xp 00000000 08:06 1454669                            /usr/lib/jvm/java-7-openjdk-amd64/jre/bin/java
00600000-00601000 r--p 00000000 08:06 1454669                            /usr/lib/jvm/java-7-openjdk-amd64/jre/bin/java
00601000-00602000 rw-p 00001000 08:06 1454669                            /usr/lib/jvm/java-7-openjdk-amd64/jre/bin/java
0130d000-0132e000 rw-p 00000000 00:00 0                                  [heap]
b5a00000-b6f00000 rw-p 00000000 00:00 0 
b6f00000-c0000000 rw-p 00000000 00:00 0 
c0000000-c2800000 rw-p 00000000 00:00 0 
c2800000-eaa80000 rw-p 00000000 00:00 0 
eaa80000-ece80000 rw-p 00000000 00:00 0 
ef880000-100000000 rw-p 00000000 00:00 0 
7ff22c000000-7ff22c027000 rw-p 00000000 00:00 0 
7ff22c027000-7ff230000000 ---p 00000000 00:00 0 
7ff230000000-7ff230021000 rw-p 00000000 00:00 0 
7ff230021000-7ff234000000 ---p 00000000 00:00 0 
7ff234000000-7ff234021000 rw-p 00000000 00:00 0 
7ff234021000-7ff238000000 ---p 00000000 00:00 0 
7ff238000000-7ff238023000 rw-p 00000000 00:00 0 
7ff238023000-7ff23c000000 ---p 00000000 00:00 0 
7ff23c000000-7ff23c033000 rw-p 00000000 00:00 0 
7ff23c033000-7ff240000000 ---p 00000000 00:00 0 
7ff240000000-7ff240021000 rw-p 00000000 00:00 0 
7ff240021000-7ff244000000 ---p 00000000 00:00 0 
7ff246e6c000-7ff246e6f000 ---p 00000000 00:00 0 
7ff246e6f000-7ff246f6d000 rw-p 00000000 00:00 0                          [stack:6825]
7ff246f6d000-7ff246f70000 ---p 00000000 00:00 0 
7ff246f70000-7ff24706e000 rw-p 00000000 00:00 0                          [stack:6824]
7ff24706e000-7ff247071000 ---p 00000000 00:00 0 
7ff247071000-7ff24716f000 rw-p 00000000 00:00 0                          [stack:6823]
7ff24716f000-7ff247172000 ---p 00000000 00:00 0 
7ff247172000-7ff247270000 rw-p 00000000 00:00 0                          [stack:6822]
7ff247270000-7ff2472ad000 r-xp 00000000 08:06 130821                     /lib/x86_64-linux-gnu/libpcre.so.3.13.1
7ff2472ad000-7ff2474ac000 ---p 0003d000 08:06 130821                     /lib/x86_64-linux-gnu/libpcre.so.3.13.1
7ff2474ac000-7ff2474ad000 r--p 0003c000 08:06 130821                     /lib/x86_64-linux-gnu/libpcre.so.3.13.1
7ff2474ad000-7ff2474ae000 rw-p 0003d000 08:06 130821                     /lib/x86_64-linux-gnu/libpcre.so.3.13.1
7ff2474ae000-7ff2474b5000 r-xp 00000000 08:06 1447540                    /usr/lib/x86_64-linux-gnu/libffi.so.6.0.1
7ff2474b5000-7ff2476b4000 ---p 00007000 08:06 1447540                    /usr/lib/x86_64-linux-gnu/libffi.so.6.0.1
7ff2476b4000-7ff2476b5000 r--p 00006000 08:06 1447540                    /usr/lib/x86_64-linux-gnu/libffi.so.6.0.1
7ff2476b5000-7ff2476b6000 rw-p 00007000 08:06 1447540                    /usr/lib/x86_64-linux-gnu/libffi.so.6.0.1
7ff2476b6000-7ff2476cd000 r-xp 00000000 08:06 134868                     /lib/x86_64-linux-gnu/libresolv-2.19.so
7ff2476cd000-7ff2478cd000 ---p 00017000 08:06 134868                     /lib/x86_64-linux-gnu/libresolv-2.19.so
7ff2478cd000-7ff2478ce000 r--p 00017000 08:06 134868                     /lib/x86_64-linux-gnu/libresolv-2.19.so
7ff2478ce000-7ff2478cf000 rw-p 00018000 08:06 134868                     /lib/x86_64-linux-gnu/libresolv-2.19.so
7ff2478cf000-7ff2478d1000 rw-p 00000000 00:00 0 
7ff2478d1000-7ff2478f1000 r-xp 00000000 08:06 135079                     /lib/x86_64-linux-gnu/libselinux.so.1
7ff2478f1000-7ff247af0000 ---p 00020000 08:06 135079                     /lib/x86_64-linux-gnu/libselinux.so.1
7ff247af0000-7ff247af1000 r--p 0001f000 08:06 135079                     /lib/x86_64-linux-gnu/libselinux.so.1
7ff247af1000-7ff247af2000 rw-p 00020000 08:06 135079                     /lib/x86_64-linux-gnu/libselinux.so.1
7ff247af2000-7ff247af4000 rw-p 00000000 00:00 0 
7ff247af4000-7ff247af7000 r-xp 00000000 08:06 1439340                    /usr/lib/x86_64-linux-gnu/libgmodule-2.0.so.0.4002.0
7ff247af7000-7ff247cf6000 ---p 00003000 08:06 1439340                    /usr/lib/x86_64-linux-gnu/libgmodule-2.0.so.0.4002.0
7ff247cf6000-7ff247cf7000 r--p 00002000 08:06 1439340                    /usr/lib/x86_64-linux-gnu/libgmodule-2.0.so.0.4002.0
7ff247cf7000-7ff247cf8000 rw-p 00003000 08:06 1439340                    /usr/lib/x86_64-linux-gnu/libgmodule-2.0.so.0.4002.0
7ff247cf8000-7ff247dfe000 r-xp 00000000 08:06 134871                     /lib/x86_64-linux-gnu/libglib-2.0.so.0.4002.0
7ff247dfe000-7ff247ffd000 ---p 00106000 08:06 134871                     /lib/x86_64-linux-gnu/libglib-2.0.so.0.4002.0
7ff247ffd000-7ff247ffe000 r--p 00105000 08:06 134871                     /lib/x86_64-linux-gnu/libglib-2.0.so.0.4002.0
7ff247ffe000-7ff247fff000 rw-p 00106000 08:06 134871                     /lib/x86_64-linux-gnu/libglib-2.0.so.0.4002.0
7ff247fff000-7ff248000000 rw-p 00000000 00:00 0 
7ff248000000-7ff248898000 rw-p 00000000 00:00 0 
7ff248898000-7ff24c000000 ---p 00000000 00:00 0 
7ff24c000000-7ff24c021000 rw-p 00000000 00:00 0 
7ff24c021000-7ff250000000 ---p 00000000 00:00 0 
7ff250000000-7ff250021000 rw-p 00000000 00:00 0 
7ff250021000-7ff254000000 ---p 00000000 00:00 0 
7ff254000000-7ff254aab000 rw-p 00000000 00:00 0 
7ff254aab000-7ff258000000 ---p 00000000 00:00 0 
7ff258000000-7ff258021000 rw-p 00000000 00:00 0 
7ff258021000-7ff25c000000 ---p 00000000 00:00 0 
7ff25c000000-7ff25c021000 rw-p 00000000 00:00 0 
7ff25c021000-7ff260000000 ---p 00000000 00:00 0 
7ff260000000-7ff260021000 rw-p 00000000 00:00 0 
7ff260021000-7ff264000000 ---p 00000000 00:00 0 
7ff264000000-7ff264021000 rw-p 00000000 00:00 0 
7ff264021000-7ff268000000 ---p 00000000 00:00 0 
7ff268000000-7ff268021000 rw-p 00000000 00:00 0 
7ff268021000-7ff26c000000 ---p 00000000 00:00 0 
7ff26c000000-7ff26c021000 rw-p 00000000 00:00 0 
7ff26c021000-7ff270000000 ---p 00000000 00:00 0 
7ff270000000-7ff270021000 rw-p 00000000 00:00 0 
7ff270021000-7ff274000000 ---p 00000000 00:00 0 
7ff2740b4000-7ff2740b7000 ---p 00000000 00:00 0 
7ff2740b7000-7ff2741e6000 rw-p 00000000 00:00 0                          [stack:6821]
7ff2741e6000-7ff274235000 r-xp 00000000 08:06 1439358                    /usr/lib/x86_64-linux-gnu/libgobject-2.0.so.0.4002.0
7ff274235000-7ff274435000 ---p 0004f000 08:06 1439358                    /usr/lib/x86_64-linux-gnu/libgobject-2.0.so.0.4002.0
7ff274435000-7ff274436000 r--p 0004f000 08:06 1439358                    /usr/lib/x86_64-linux-gnu/libgobject-2.0.so.0.4002.0
7ff274436000-7ff274437000 rw-p 00050000 08:06 1439358                    /usr/lib/x86_64-linux-gnu/libgobject-2.0.so.0.4002.0
7ff274437000-7ff2745a3000 r-xp 00000000 08:06 1439362                    /usr/lib/x86_64-linux-gnu/libgio-2.0.so.0.4002.0
7ff2745a3000-7ff2747a2000 ---p 0016c000 08:06 1439362                    /usr/lib/x86_64-linux-gnu/libgio-2.0.so.0.4002.0
7ff2747a2000-7ff2747a6000 r--p 0016b000 08:06 1439362                    /usr/lib/x86_64-linux-gnu/libgio-2.0.so.0.4002.0
7ff2747a6000-7ff2747a8000 rw-p 0016f000 08:06 1439362                    /usr/lib/x86_64-linux-gnu/libgio-2.0.so.0.4002.0
7ff2747a8000-7ff2747aa000 rw-p 00000000 00:00 0 
7ff2747c6000-7ff2747dd000 r-xp 00000000 08:06 1489830                    /usr/lib/jvm/java-7-openjdk-amd64/jre/lib/amd64/libnet.so
7ff2747dd000-7ff2749dc000 ---p 00017000 08:06 1489830                    /usr/lib/jvm/java-7-openjdk-amd64/jre/lib/amd64/libnet.so
7ff2749dc000-7ff2749dd000 r--p 00016000 08:06 1489830                    /usr/lib/jvm/java-7-openjdk-amd64/jre/lib/amd64/libnet.so
7ff2749dd000-7ff2749de000 rw-p 00017000 08:06 1489830                    /usr/lib/jvm/java-7-openjdk-amd64/jre/lib/amd64/libnet.so
7ff2749de000-7ff2749ee000 r-xp 00000000 08:06 1489812                    /usr/lib/jvm/java-7-openjdk-amd64/jre/lib/amd64/libnio.so
7ff2749ee000-7ff274bee000 ---p 00010000 08:06 1489812                    /usr/lib/jvm/java-7-openjdk-amd64/jre/lib/amd64/libnio.so
7ff274bee000-7ff274bef000 r--p 00010000 08:06 1489812                    /usr/lib/jvm/java-7-openjdk-amd64/jre/lib/amd64/libnio.so
7ff274bef000-7ff274bf0000 rw-p 00011000 08:06 1489812                    /usr/lib/jvm/java-7-openjdk-amd64/jre/lib/amd64/libnio.so
7ff274bf0000-7ff274bf6000 r--s 00041000 08:06 3245198                    /home/tulin/AndroidStudioProjects/CamApp/app/build/intermediates/exploded-aar/com.android.support/design/23.2.0/jars/classes.jar
7ff274bf6000-7ff274c05000 r--s 000df000 08:06 3216701                    /home/tulin/Android/Sdk/build-tools/23.0.2/lib/dx.jar
7ff274c05000-7ff274c06000 ---p 00000000 00:00 0 
7ff274c06000-7ff274d06000 rw-p 00000000 00:00 0                          [stack:6815]
7ff274d06000-7ff274d09000 ---p 00000000 00:00 0 
7ff274d09000-7ff274e07000 rw-p 00000000 00:00 0                          [stack:6814]
7ff274e07000-7ff274e0a000 ---p 00000000 00:00 0 
7ff274e0a000-7ff274f08000 rw-p 00000000 00:00 0                          [stack:6813]
7ff274f08000-7ff274f0b000 ---p 00000000 00:00 0 
7ff274f0b000-7ff275009000 rw-p 00000000 00:00 0                          [stack:6812]
7ff275009000-7ff27500c000 ---p 00000000 00:00 0 
7ff27500c000-7ff27510a000 rw-p 00000000 00:00 0                          [stack:6811]
7ff27510a000-7ff27595c000 r--p 00000000 08:06 1447082                    /usr/lib/locale/locale-archive
7ff27595c000-7ff27595f000 ---p 00000000 00:00 0 
7ff27595f000-7ff275a5d000 rw-p 00000000 00:00 0                          [stack:6810]
7ff275a5d000-7ff275a60000 ---p 00000000 00:00 0 
7ff275a60000-7ff275b5e000 rw-p 00000000 00:00 0                          [stack:6809]
7ff275b5e000-7ff275b5f000 ---p 00000000 00:00 0 
7ff275b5f000-7ff279000000 rw-p 00000000 00:00 0                          [stack:6808]
7ff279000000-7ff279270000 rwxp 00000000 00:00 0 
7ff279270000-7ff27c1b7000 rw-p 00000000 00:00 0 
7ff27c1b7000-7ff280000000 ---p 00000000 00:00 0 
7ff280000000-7ff28018c000 rw-p 00000000 00:00 0 
7ff28018c000-7ff28033e000 r--s 01d2f000 08:06 1489796                    /usr/lib/jvm/java-7-openjdk-amd64/jre/lib/rt.jar
7ff28033e000-7ff28068a000 rw-p 00000000 00:00 0 
7ff28068a000-7ff28068b000 ---p 00000000 00:00 0 
7ff28068b000-7ff28078b000 rw-p 00000000 00:00 0                          [stack:6806]
7ff28078b000-7ff28078c000 ---p 00000000 00:00 0 
7ff28078c000-7ff28088c000 rw-p 00000000 00:00 0                          [stack:6805]
7ff28088c000-7ff28088d000 ---p 00000000 00:00 0 
7ff28088d000-7ff28098d000 rw-p 00000000 00:00 0                          [stack:6804]
7ff28098d000-7ff28098e000 ---p 00000000 00:00 0 
7ff28098e000-7ff280a99000 rw-p 00000000 00:00 0                          [stack:6800]
7ff280a99000-7ff280ae1000 rw-p 00000000 00:00 0 
7ff280ae1000-7ff280af5000 rw-p 00000000 00:00 0 
7ff280af5000-7ff280c37000 rw-p 00000000 00:00 0 
7ff280c37000-7ff280c42000 rw-p 00000000 00:00 0 
7ff280c42000-7ff280c8a000 rw-p 00000000 00:00 0 
7ff280c8a000-7ff280c9e000 rw-p 00000000 00:00 0 
7ff280c9e000-7ff280ddf000 rw-p 00000000 00:00 0 
7ff280ddf000-7ff280df2000 rw-p 00000000 00:00 0 
7ff280df2000-7ff280e8a000 rw-p 00000000 00:00 0 
7ff280e8a000-7ff280e8b000 rw-p 00000000 00:00 0 
7ff280e8b000-7ff280e93000 r-xp 00000000 08:06 1489805                    /usr/lib/jvm/java-7-openjdk-amd64/jre/lib/amd64/libzip.so
7ff280e93000-7ff281092000 ---p 00008000 08:06 1489805                    /usr/lib/jvm/java-7-openjdk-amd64/jre/lib/amd64/libzip.so
7ff281092000-7ff281093000 r--p 00007000 08:06 1489805                    /usr/lib/jvm/java-7-openjdk-amd64/jre/lib/amd64/libzip.so
7ff281093000-7ff281094000 rw-p 00008000 08:06 1489805                    /usr/lib/jvm/java-7-openjdk-amd64/jre/lib/amd64/libzip.so
7ff281094000-7ff28109f000 r-xp 00000000 08:06 184225                     /lib/x86_64-linux-gnu/libnss_files-2.19.so
7ff28109f000-7ff28129e000 ---p 0000b000 08:06 184225                     /lib/x86_64-linux-gnu/libnss_files-2.19.so
7ff28129e000-7ff28129f000 r--p 0000a000 08:06 184225                     /lib/x86_64-linux-gnu/libnss_files-2.19.so
7ff28129f000-7ff2812a0000 rw-p 0000b000 08:06 184225                     /lib/x86_64-linux-gnu/libnss_files-2.19.so
7ff2812a0000-7ff2812ab000 r-xp 00000000 08:06 145746                     /lib/x86_64-linux-gnu/libnss_nis-2.19.so
7ff2812ab000-7ff2814aa000 ---p 0000b000 08:06 145746                     /lib/x86_64-linux-gnu/libnss_nis-2.19.so
7ff2814aa000-7ff2814ab000 r--p 0000a000 08:06 145746                     /lib/x86_64-linux-gnu/libnss_nis-2.19.so
7ff2814ab000-7ff2814ac000 rw-p 0000b000 08:06 145746                     /lib/x86_64-linux-gnu/libnss_nis-2.19.so
7ff2814ac000-7ff2814c3000 r-xp 00000000 08:06 145742                     /lib/x86_64-linux-gnu/libnsl-2.19.so
7ff2814c3000-7ff2816c2000 ---p 00017000 08:06 145742                     /lib/x86_64-linux-gnu/libnsl-2.19.so
7ff2816c2000-7ff2816c3000 r--p 00016000 08:06 145742                     /lib/x86_64-linux-gnu/libnsl-2.19.so
7ff2816c3000-7ff2816c4000 rw-p 00017000 08:06 145742                     /lib/x86_64-linux-gnu/libnsl-2.19.so
7ff2816c4000-7ff2816c6000 rw-p 00000000 00:00 0 
7ff2816c6000-7ff2816cf000 r-xp 00000000 08:06 145741                     /lib/x86_64-linux-gnu/libnss_compat-2.19.so
7ff2816cf000-7ff2818ce000 ---p 00009000 08:06 145741                     /lib/x86_64-linux-gnu/libnss_compat-2.19.so
7ff2818ce000-7ff2818cf000 r--p 00008000 08:06 145741                     /lib/x86_64-linux-gnu/libnss_compat-2.19.so
7ff2818cf000-7ff2818d0000 rw-p 00009000 08:06 145741                     /lib/x86_64-linux-gnu/libnss_compat-2.19.so
7ff2818d0000-7ff2818fb000 r-xp 00000000 08:06 1489826                    /usr/lib/jvm/java-7-openjdk-amd64/jre/lib/amd64/libjava.so
7ff2818fb000-7ff281afb000 ---p 0002b000 08:06 1489826                    /usr/lib/jvm/java-7-openjdk-amd64/jre/lib/amd64/libjava.so
7ff281afb000-7ff281afc000 r--p 0002b000 08:06 1489826                    /usr/lib/jvm/java-7-openjdk-amd64/jre/lib/amd64/libjava.so
7ff281afc000-7ff281afe000 rw-p 0002c000 08:06 1489826                    /usr/lib/jvm/java-7-openjdk-amd64/jre/lib/amd64/libjava.so
7ff281afe000-7ff281b0e000 r-xp 00000000 08:06 1489810                    /usr/lib/jvm/java-7-openjdk-amd64/jre/lib/amd64/libverify.so
7ff281b0e000-7ff281d0d000 ---p 00010000 08:06 1489810                    /usr/lib/jvm/java-7-openjdk-amd64/jre/lib/amd64/libverify.so
7ff281d0d000-7ff281d0f000 r--p 0000f000 08:06 1489810                    /usr/lib/jvm/java-7-openjdk-amd64/jre/lib/amd64/libverify.so
7ff281d0f000-7ff281d10000 rw-p 00011000 08:06 1489810                    /usr/lib/jvm/java-7-openjdk-amd64/jre/lib/amd64/libverify.so
7ff281d10000-7ff281d17000 r-xp 00000000 08:06 148472                     /lib/x86_64-linux-gnu/librt-2.19.so
7ff281d17000-7ff281f16000 ---p 00007000 08:06 148472                     /lib/x86_64-linux-gnu/librt-2.19.so
7ff281f16000-7ff281f17000 r--p 00006000 08:06 148472                     /lib/x86_64-linux-gnu/librt-2.19.so
7ff281f17000-7ff281f18000 rw-p 00007000 08:06 148472                     /lib/x86_64-linux-gnu/librt-2.19.so
7ff281f18000-7ff281f2e000 r-xp 00000000 08:06 131070                     /lib/x86_64-linux-gnu/libgcc_s.so.1
7ff281f2e000-7ff28212d000 ---p 00016000 08:06 131070                     /lib/x86_64-linux-gnu/libgcc_s.so.1
7ff28212d000-7ff28212e000 rw-p 00015000 08:06 131070                     /lib/x86_64-linux-gnu/libgcc_s.so.1
7ff28212e000-7ff282233000 r-xp 00000000 08:06 135048                     /lib/x86_64-linux-gnu/libm-2.19.so
7ff282233000-7ff282432000 ---p 00105000 08:06 135048                     /lib/x86_64-linux-gnu/libm-2.19.so
7ff282432000-7ff282433000 r--p 00104000 08:06 135048                     /lib/x86_64-linux-gnu/libm-2.19.so
7ff282433000-7ff282434000 rw-p 00105000 08:06 135048                     /lib/x86_64-linux-gnu/libm-2.19.so
7ff282434000-7ff28251a000 r-xp 00000000 08:06 1439330                    /usr/lib/x86_64-linux-gnu/libstdc++.so.6.0.19
7ff28251a000-7ff282719000 ---p 000e6000 08:06 1439330                    /usr/lib/x86_64-linux-gnu/libstdc++.so.6.0.19
7ff282719000-7ff282721000 r--p 000e5000 08:06 1439330                    /usr/lib/x86_64-linux-gnu/libstdc++.so.6.0.19
7ff282721000-7ff282723000 rw-p 000ed000 08:06 1439330                    /usr/lib/x86_64-linux-gnu/libstdc++.so.6.0.19
7ff282723000-7ff282738000 rw-p 00000000 00:00 0 
7ff282738000-7ff28325d000 r-xp 00000000 08:06 1489806                    /usr/lib/jvm/java-7-openjdk-amd64/jre/lib/amd64/server/libjvm.so
7ff28325d000-7ff28345d000 ---p 00b25000 08:06 1489806                    /usr/lib/jvm/java-7-openjdk-amd64/jre/lib/amd64/server/libjvm.so
7ff28345d000-7ff2834f7000 r--p 00b25000 08:06 1489806                    /usr/lib/jvm/java-7-openjdk-amd64/jre/lib/amd64/server/libjvm.so
7ff2834f7000-7ff28351a000 rw-p 00bbf000 08:06 1489806                    /usr/lib/jvm/java-7-openjdk-amd64/jre/lib/amd64/server/libjvm.so
7ff28351a000-7ff283548000 rw-p 00000000 00:00 0 
7ff283548000-7ff283560000 r-xp 00000000 08:06 135112                     /lib/x86_64-linux-gnu/libz.so.1.2.8
7ff283560000-7ff28375f000 ---p 00018000 08:06 135112                     /lib/x86_64-linux-gnu/libz.so.1.2.8
7ff28375f000-7ff283760000 r--p 00017000 08:06 135112                     /lib/x86_64-linux-gnu/libz.so.1.2.8
7ff283760000-7ff283761000 rw-p 00018000 08:06 135112                     /lib/x86_64-linux-gnu/libz.so.1.2.8
7ff283761000-7ff28377a000 r-xp 00000000 08:06 145743                     /lib/x86_64-linux-gnu/libpthread-2.19.so
7ff28377a000-7ff283979000 ---p 00019000 08:06 145743                     /lib/x86_64-linux-gnu/libpthread-2.19.so
7ff283979000-7ff28397a000 r--p 00018000 08:06 145743                     /lib/x86_64-linux-gnu/libpthread-2.19.so
7ff28397a000-7ff28397b000 rw-p 00019000 08:06 145743                     /lib/x86_64-linux-gnu/libpthread-2.19.so
7ff28397b000-7ff28397f000 rw-p 00000000 00:00 0 
7ff28397f000-7ff283982000 r-xp 00000000 08:06 145738                     /lib/x86_64-linux-gnu/libdl-2.19.so
7ff283982000-7ff283b81000 ---p 00003000 08:06 145738                     /lib/x86_64-linux-gnu/libdl-2.19.so
7ff283b81000-7ff283b82000 r--p 00002000 08:06 145738                     /lib/x86_64-linux-gnu/libdl-2.19.so
7ff283b82000-7ff283b83000 rw-p 00003000 08:06 145738                     /lib/x86_64-linux-gnu/libdl-2.19.so
7ff283b83000-7ff283d3e000 r-xp 00000000 08:06 148473                     /lib/x86_64-linux-gnu/libc-2.19.so
7ff283d3e000-7ff283f3d000 ---p 001bb000 08:06 148473                     /lib/x86_64-linux-gnu/libc-2.19.so
7ff283f3d000-7ff283f41000 r--p 001ba000 08:06 148473                     /lib/x86_64-linux-gnu/libc-2.19.so
7ff283f41000-7ff283f43000 rw-p 001be000 08:06 148473                     /lib/x86_64-linux-gnu/libc-2.19.so
7ff283f43000-7ff283f48000 rw-p 00000000 00:00 0 
7ff283f48000-7ff283f55000 r-xp 00000000 08:06 1489800                    /usr/lib/jvm/java-7-openjdk-amd64/jre/lib/amd64/jli/libjli.so
7ff283f55000-7ff284154000 ---p 0000d000 08:06 1489800                    /usr/lib/jvm/java-7-openjdk-amd64/jre/lib/amd64/jli/libjli.so
7ff284154000-7ff284155000 r--p 0000c000 08:06 1489800                    /usr/lib/jvm/java-7-openjdk-amd64/jre/lib/amd64/jli/libjli.so
7ff284155000-7ff284156000 rw-p 0000d000 08:06 1489800                    /usr/lib/jvm/java-7-openjdk-amd64/jre/lib/amd64/jli/libjli.so
7ff284156000-7ff284179000 r-xp 00000000 08:06 145744                     /lib/x86_64-linux-gnu/ld-2.19.so
7ff284179000-7ff28417c000 r--s 0000f000 08:06 1489840                    /usr/lib/jvm/java-7-openjdk-amd64/jre/lib/ext/icedtea-sound.jar
7ff28417c000-7ff28419e000 rw-p 00000000 00:00 0 
7ff28419e000-7ff284254000 rw-p 00000000 00:00 0 
7ff284254000-7ff284257000 ---p 00000000 00:00 0 
7ff284257000-7ff28435b000 rw-p 00000000 00:00 0                          [stack:6797]
7ff28435b000-7ff28435d000 r--s 00012000 08:06 1489837                    /usr/lib/jvm/java-7-openjdk-amd64/jre/lib/ext/zipfs.jar
7ff28435d000-7ff28435e000 r--s 00002000 08:06 1489839                    /usr/lib/jvm/java-7-openjdk-amd64/jre/lib/ext/dnsns.jar
7ff28435e000-7ff284360000 r--s 00006000 08:06 1840524                    /usr/share/java/java-atk-wrapper.jar
7ff284360000-7ff284364000 r--s 0003c000 08:06 1489838                    /usr/lib/jvm/java-7-openjdk-amd64/jre/lib/ext/sunpkcs11.jar
7ff284364000-7ff284368000 r--s 00034000 08:06 1489836                    /usr/lib/jvm/java-7-openjdk-amd64/jre/lib/ext/sunjce_provider.jar
7ff284368000-7ff28436c000 r--s 00085000 08:06 1489835                    /usr/lib/jvm/java-7-openjdk-amd64/jre/lib/ext/localedata.jar
7ff28436c000-7ff284374000 rw-s 00000000 08:06 1840625                    /tmp/hsperfdata_tulin/6794
7ff284374000-7ff284375000 rw-p 00000000 00:00 0 
7ff284375000-7ff284376000 ---p 00000000 00:00 0 
7ff284376000-7ff284378000 rw-p 00000000 00:00 0 
7ff284378000-7ff284379000 r--p 00022000 08:06 145744                     /lib/x86_64-linux-gnu/ld-2.19.so
7ff284379000-7ff28437a000 rw-p 00023000 08:06 145744                     /lib/x86_64-linux-gnu/ld-2.19.so
7ff28437a000-7ff28437b000 rw-p 00000000 00:00 0 
7fffac8d7000-7fffac8f8000 rw-p 00000000 00:00 0                          [stack]
7fffac9cb000-7fffac9cd000 r-xp 00000000 00:00 0                          [vdso]
ffffffffff600000-ffffffffff601000 r-xp 00000000 00:00 0                  [vsyscall]

VM Arguments:
jvm_args: -Djava.awt.headless=true -Xmx1024M -Dfile.encoding=UTF-8 -Duser.country=US -Duser.language=en -Duser.variant 
java_command: com.android.dx.command.Main --dex --num-threads=4 --output /home/tulin/AndroidStudioProjects/CamApp/app/build/intermediates/pre-dexed/debug/com.android.support-design-23.2.0_ea87f2ce031a54d7b1d7f05cd62b5273dd2c61cc.jar /home/tulin/AndroidStudioProjects/CamApp/app/build/intermediates/exploded-aar/com.android.support/design/23.2.0/jars/classes.jar
Launcher Type: SUN_STANDARD

Environment Variables:
PATH=/usr/local/sbin:/usr/local/bin:/usr/sbin:/usr/bin:/sbin:/bin:/usr/games:/usr/local/games
SHELL=/bin/bash
DISPLAY=:0

Signal Handlers:
SIGSEGV: [libjvm.so+0x955bc0], sa_mask[0]=0x7ffbfeff, sa_flags=0x10000004
SIGBUS: [libjvm.so+0x955bc0], sa_mask[0]=0x7ffbfeff, sa_flags=0x10000004
SIGFPE: [libjvm.so+0x7caff0], sa_mask[0]=0x7ffbfeff, sa_flags=0x10000004
SIGPIPE: [libjvm.so+0x7caff0], sa_mask[0]=0x7ffbfeff, sa_flags=0x10000004
SIGXFSZ: [libjvm.so+0x7caff0], sa_mask[0]=0x7ffbfeff, sa_flags=0x10000004
SIGILL: [libjvm.so+0x7caff0], sa_mask[0]=0x7ffbfeff, sa_flags=0x10000004
SIGUSR1: SIG_DFL, sa_mask[0]=0x00000000, sa_flags=0x00000000
SIGUSR2: [libjvm.so+0x7cae90], sa_mask[0]=0x00000004, sa_flags=0x10000004
SIGHUP: [libjvm.so+0x7cb070], sa_mask[0]=0x7ffbfeff, sa_flags=0x10000004
SIGINT: [libjvm.so+0x7cb070], sa_mask[0]=0x7ffbfeff, sa_flags=0x10000004
SIGTERM: [libjvm.so+0x7cb070], sa_mask[0]=0x7ffbfeff, sa_flags=0x10000004
SIGQUIT: [libjvm.so+0x7cb070], sa_mask[0]=0x7ffbfeff, sa_flags=0x10000004
SIGTRAP: SIG_DFL, sa_mask[0]=0x00000000, sa_flags=0x00000000


---------------  S Y S T E M  ---------------

OS:Ubuntu 14.04 (trusty)
uname:Linux 3.13.0-79-generic #123-Ubuntu SMP Fri Feb 19 14:27:58 UTC 2016 x86_64
libc:glibc 2.19 NPTL 2.19 
rlimit: STACK 8192k, CORE 0k, NPROC 30460, NOFILE 4096, AS infinity
load average:10,31 9,08 6,61

/proc/meminfo:
MemTotal:        3946988 kB
MemFree:           99356 kB
Buffers:             660 kB
Cached:           701928 kB
SwapCached:            0 kB
Active:          2989596 kB
Inactive:         681924 kB
Active(anon):    2985384 kB
Inactive(anon):   668324 kB
Active(file):       4212 kB
Inactive(file):    13600 kB
Unevictable:          32 kB
Mlocked:              32 kB
SwapTotal:             0 kB
SwapFree:              0 kB
Dirty:               680 kB
Writeback:             0 kB
AnonPages:       2969512 kB
Mapped:           225652 kB
Shmem:            684144 kB
Slab:              73368 kB
SReclaimable:      34372 kB
SUnreclaim:        38996 kB
KernelStack:        6264 kB
PageTables:        42948 kB
NFS_Unstable:          0 kB
Bounce:                0 kB
WritebackTmp:          0 kB
CommitLimit:     1973492 kB
Committed_AS:    8806420 kB
VmallocTotal:   34359738367 kB
VmallocUsed:      350184 kB
VmallocChunk:   34359381756 kB
HardwareCorrupted:     0 kB
AnonHugePages:   1175552 kB
HugePages_Total:       0
HugePages_Free:        0
HugePages_Rsvd:        0
HugePages_Surp:        0
Hugepagesize:       2048 kB
DirectMap4k:       66592 kB
DirectMap2M:     4028416 kB


CPU:total 4 (2 cores per cpu, 2 threads per core) family 6 model 42 stepping 7, cmov, cx8, fxsr, mmx, sse, sse2, sse3, ssse3, sse4.1, sse4.2, popcnt, avx, aes, ht, tsc, tscinvbit

/proc/cpuinfo:
processor	: 0
vendor_id	: GenuineIntel
cpu family	: 6
model		: 42
model name	: Intel(R) Core(TM) i5-2557M CPU @ 1.70GHz
stepping	: 7
microcode	: 0x1a
cpu MHz		: 1701.000
cache size	: 3072 KB
physical id	: 0
siblings	: 4
core id		: 0
cpu cores	: 2
apicid		: 0
initial apicid	: 0
fpu		: yes
fpu_exception	: yes
cpuid level	: 13
wp		: yes
flags		: fpu vme de pse tsc msr pae mce cx8 apic sep mtrr pge mca cmov pat pse36 clflush dts acpi mmx fxsr sse sse2 ss ht tm pbe syscall nx rdtscp lm constant_tsc arch_perfmon pebs bts rep_good nopl xtopology nonstop_tsc aperfmperf eagerfpu pni pclmulqdq dtes64 monitor ds_cpl vmx smx est tm2 ssse3 cx16 xtpr pdcm pcid sse4_1 sse4_2 x2apic popcnt tsc_deadline_timer aes xsave avx lahf_lm ida arat epb xsaveopt pln pts dtherm tpr_shadow vnmi flexpriority ept vpid
bogomips	: 3392.10
clflush size	: 64
cache_alignment	: 64
address sizes	: 36 bits physical, 48 bits virtual
power management:

processor	: 1
vendor_id	: GenuineIntel
cpu family	: 6
model		: 42
model name	: Intel(R) Core(TM) i5-2557M CPU @ 1.70GHz
stepping	: 7
microcode	: 0x1a
cpu MHz		: 1701.000
cache size	: 3072 KB
physical id	: 0
siblings	: 4
core id		: 1
cpu cores	: 2
apicid		: 2
initial apicid	: 2
fpu		: yes
fpu_exception	: yes
cpuid level	: 13
wp		: yes
flags		: fpu vme de pse tsc msr pae mce cx8 apic sep mtrr pge mca cmov pat pse36 clflush dts acpi mmx fxsr sse sse2 ss ht tm pbe syscall nx rdtscp lm constant_tsc arch_perfmon pebs bts rep_good nopl xtopology nonstop_tsc aperfmperf eagerfpu pni pclmulqdq dtes64 monitor ds_cpl vmx smx est tm2 ssse3 cx16 xtpr pdcm pcid sse4_1 sse4_2 x2apic popcnt tsc_deadline_timer aes xsave avx lahf_lm ida arat epb xsaveopt pln pts dtherm tpr_shadow vnmi flexpriority ept vpid
bogomips	: 3392.10
clflush size	: 64
cache_alignment	: 64
address sizes	: 36 bits physical, 48 bits virtual
power management:

processor	: 2
vendor_id	: GenuineIntel
cpu family	: 6
model		: 42
model name	: Intel(R) Core(TM) i5-2557M CPU @ 1.70GHz
stepping	: 7
microcode	: 0x1a
cpu MHz		: 1701.000
cache size	: 3072 KB
physical id	: 0
siblings	: 4
core id		: 0
cpu cores	: 2
apicid		: 1
initial apicid	: 1
fpu		: yes
fpu_exception	: yes
cpuid level	: 13
wp		: yes
flags		: fpu vme de pse tsc msr pae mce cx8 apic sep mtrr pge mca cmov pat pse36 clflush dts acpi mmx fxsr sse sse2 ss ht tm pbe syscall nx rdtscp lm constant_tsc arch_perfmon pebs bts rep_good nopl xtopology nonstop_tsc aperfmperf eagerfpu pni pclmulqdq dtes64 monitor ds_cpl vmx smx est tm2 ssse3 cx16 xtpr pdcm pcid sse4_1 sse4_2 x2apic popcnt tsc_deadline_timer aes xsave avx lahf_lm ida arat epb xsaveopt pln pts dtherm tpr_shadow vnmi flexpriority ept vpid
bogomips	: 3392.10
clflush size	: 64
cache_alignment	: 64
address sizes	: 36 bits physical, 48 bits virtual
power management:

processor	: 3
vendor_id	: GenuineIntel
cpu family	: 6
model		: 42
model name	: Intel(R) Core(TM) i5-2557M CPU @ 1.70GHz
stepping	: 7
microcode	: 0x1a
cpu MHz		: 1701.000
cache size	: 3072 KB
physical id	: 0
siblings	: 4
core id		: 1
cpu cores	: 2
apicid		: 3
initial apicid	: 3
fpu		: yes
fpu_exception	: yes
cpuid level	: 13
wp		: yes
flags		: fpu vme de pse tsc msr pae mce cx8 apic sep mtrr pge mca cmov pat pse36 clflush dts acpi mmx fxsr sse sse2 ss ht tm pbe syscall nx rdtscp lm constant_tsc arch_perfmon pebs bts rep_good nopl xtopology nonstop_tsc aperfmperf eagerfpu pni pclmulqdq dtes64 monitor ds_cpl vmx smx est tm2 ssse3 cx16 xtpr pdcm pcid sse4_1 sse4_2 x2apic popcnt tsc_deadline_timer aes xsave avx lahf_lm ida arat epb xsaveopt pln pts dtherm tpr_shadow vnmi flexpriority ept vpid
bogomips	: 3392.10
clflush size	: 64
cache_alignment	: 64
address sizes	: 36 bits physical, 48 bits virtual
power management:



Memory: 4k page, physical 3946988k(99356k free), swap 0k(0k free)

vm_info: OpenJDK 64-Bit Server VM (24.95-b01) for linux-amd64 JRE (1.7.0_95-b00), built on Jan 21 2016 03:31:40 by "buildd" with gcc 4.8.4

time: Wed Mar 23 15:29:47 2016
elapsed time: 12 seconds

