#
# There is insufficient memory for the Java Runtime Environment to continue.
# Native memory allocation (malloc) failed to allocate 38797312 bytes for committing reserved memory.
# Possible reasons:
#   The system is out of physical RAM or swap space
#   In 32 bit mode, the process size limit was hit
# Possible solutions:
#   Reduce memory load on the system
#   Increase physical memory or swap space
#   Check if swap backing store is full
#   Use 64 bit Java on a 64 bit OS
#   Decrease Java heap size (-Xmx/-Xms)
#   Decrease number of Java threads
#   Decrease Java thread stack sizes (-Xss)
#   Set larger code cache with -XX:ReservedCodeCacheSize=
# This output file may be truncated or incomplete.
#
#  Out of Memory Error (os_linux.cpp:2827), pid=15231, tid=139836505491200
#
# JRE version: OpenJDK Runtime Environment (7.0_95) (build 1.7.0_95-b00)
# Java VM: OpenJDK 64-Bit Server VM (24.95-b01 mixed mode linux-amd64 compressed oops)
# Derivative: IcedTea 2.6.4
# Distribution: Ubuntu 14.04.3 LTS, package 7u95-2.6.4-0ubuntu0.14.04.1
# Failed to write core dump. Core dumps have been disabled. To enable core dumping, try "ulimit -c unlimited" before starting Java again
#

---------------  T H R E A D  ---------------

Current thread (0x00007f2e44076000):  VMThread [stack: 0x00007f2e392c8000,0x00007f2e393c9000] [id=15240]

Stack: [0x00007f2e392c8000,0x00007f2e393c9000],  sp=0x00007f2e393c7490,  free space=1021k
Native frames: (J=compiled Java code, j=interpreted, Vv=VM code, C=native code)
V  [libjvm.so+0x9550e5]
V  [libjvm.so+0x4902b4]
V  [libjvm.so+0x7cf7bb]
V  [libjvm.so+0x7ca28f]
V  [libjvm.so+0x83e56b]
V  [libjvm.so+0x83f3e0]
V  [libjvm.so+0x83facb]
V  [libjvm.so+0x83b4d8]
V  [libjvm.so+0x83bd48]
V  [libjvm.so+0x7f1fd3]
V  [libjvm.so+0x956ae4]
V  [libjvm.so+0x95abe7]
V  [libjvm.so+0x9596a8]
V  [libjvm.so+0x959b09]
V  [libjvm.so+0x959f52]
V  [libjvm.so+0x7cc682]

VM_Operation (0x00007f2e4bb41890): ParallelGCFailedAllocation, mode: safepoint, requested by thread 0x00007f2e4400a800


---------------  P R O C E S S  ---------------

Java Threads: ( => current thread )
  0x00007f2e441bc000 JavaThread "pool-2-thread-4" [_thread_blocked, id=15252, stack(0x00007f2e32690000,0x00007f2e32791000)]
  0x00007f2e441ba800 JavaThread "pool-2-thread-3" [_thread_blocked, id=15251, stack(0x00007f2e32791000,0x00007f2e32892000)]
  0x00007f2e441b9000 JavaThread "pool-2-thread-2" [_thread_blocked, id=15250, stack(0x00007f2e32892000,0x00007f2e32993000)]
  0x00007f2e441b7000 JavaThread "pool-3-thread-1" [_thread_blocked, id=15249, stack(0x00007f2e32993000,0x00007f2e32a94000)]
  0x00007f2e441b6800 JavaThread "pool-2-thread-1" [_thread_blocked, id=15248, stack(0x00007f2e3802b000,0x00007f2e3812c000)]
  0x00007f2e440b0000 JavaThread "Service Thread" daemon [_thread_blocked, id=15246, stack(0x00007f2e38470000,0x00007f2e38571000)]
  0x00007f2e440ad800 JavaThread "C2 CompilerThread1" daemon [_thread_blocked, id=15245, stack(0x00007f2e38571000,0x00007f2e38672000)]
  0x00007f2e440aa800 JavaThread "C2 CompilerThread0" daemon [_thread_blocked, id=15244, stack(0x00007f2e38672000,0x00007f2e38773000)]
  0x00007f2e440a8800 JavaThread "Signal Dispatcher" daemon [_thread_blocked, id=15243, stack(0x00007f2e38773000,0x00007f2e38874000)]
  0x00007f2e4407c000 JavaThread "Finalizer" daemon [_thread_blocked, id=15242, stack(0x00007f2e390c6000,0x00007f2e391c7000)]
  0x00007f2e4407a000 JavaThread "Reference Handler" daemon [_thread_blocked, id=15241, stack(0x00007f2e391c7000,0x00007f2e392c8000)]
  0x00007f2e4400a800 JavaThread "main" [_thread_blocked, id=15235, stack(0x00007f2e4ba43000,0x00007f2e4bb44000)]

Other Threads:
=>0x00007f2e44076000 VMThread [stack: 0x00007f2e392c8000,0x00007f2e393c9000] [id=15240]
  0x00007f2e440ba800 WatcherThread [stack: 0x00007f2e3836f000,0x00007f2e38470000] [id=15247]

VM state:at safepoint (normal execution)

VM Mutex/Monitor currently owned by a thread:  ([mutex/lock_event])
[0x00007f2e440069f0] Threads_lock - owner thread: 0x00007f2e44076000
[0x00007f2e44006ef0] Heap_lock - owner thread: 0x00007f2e4400a800

Heap
 PSYoungGen      total 267264K, used 38325K [0x00000000eaa80000, 0x00000000fdb00000, 0x0000000100000000)
  eden space 227840K, 0% used [0x00000000eaa80000,0x00000000eaa80000,0x00000000f8900000)
  from space 39424K, 97% used [0x00000000f8900000,0x00000000fae6d640,0x00000000faf80000)
  to   space 35328K, 0% used [0x00000000faf80000,0x00000000faf80000,0x00000000fd200000)
 ParOldGen       total 125952K, used 114600K [0x00000000c0000000, 0x00000000c7b00000, 0x00000000eaa80000)
  object space 125952K, 90% used [0x00000000c0000000,0x00000000c6fea1b8,0x00000000c7b00000)
 PSPermGen       total 21504K, used 6464K [0x00000000b5a00000, 0x00000000b6f00000, 0x00000000c0000000)
  object space 21504K, 30% used [0x00000000b5a00000,0x00000000b6050268,0x00000000b6f00000)

Card table byte_map: [0x00007f2e48426000,0x00007f2e4867a000] byte_map_base: 0x00007f2e47e79000

Polling page: 0x00007f2e4bb64000

Code Cache  [0x00007f2e41000000, 0x00007f2e41370000, 0x00007f2e44000000)
 total_blobs=1182 nmethods=951 adapters=184 free_code_cache=45767Kb largest_free_block=46789056

Compilation events (10 events):
Event: 14,334 Thread 0x00007f2e440ad800 nmethod 988 0x00007f2e41268150 code [0x00007f2e412683e0, 0x00007f2e41268e20]
Event: 14,334 Thread 0x00007f2e440ad800  989 %           com.android.dx.ssa.SCCP::run @ 53 (298 bytes)
Event: 14,378 Thread 0x00007f2e440ad800 nmethod 989% 0x00007f2e41215b90 code [0x00007f2e41215ea0, 0x00007f2e41216d30]
Event: 14,378 Thread 0x00007f2e440ad800  990             com.android.dx.rop.cst.CstType::getType (4 bytes)
Event: 14,378 Thread 0x00007f2e440ad800 nmethod 990 0x00007f2e413560d0 code [0x00007f2e41356200, 0x00007f2e41356258]
Event: 14,378 Thread 0x00007f2e440ad800  991             com.android.dx.cf.code.BaseMachine::getPrototype (5 bytes)
Event: 14,378 Thread 0x00007f2e440ad800 nmethod 991 0x00007f2e41355ed0 code [0x00007f2e41356000, 0x00007f2e41356058]
Event: 14,378 Thread 0x00007f2e440ad800  992             com.android.dx.cf.code.Simulator$SimVisitor::checkReturnType (64 bytes)
Event: 14,379 Thread 0x00007f2e440ad800 nmethod 992 0x00007f2e41355b50 code [0x00007f2e41355ca0, 0x00007f2e41355d88]
Event: 14,379 Thread 0x00007f2e440ad800  993             com.android.dx.rop.code.LocalVariableExtractor::processBlock (327 bytes)

GC Heap History (10 events):
Event: 7,796 GC heap after
Heap after GC invocations=10 (full 1):
 PSYoungGen      total 140288K, used 8648K [0x00000000eaa80000, 0x00000000f9e80000, 0x0000000100000000)
  eden space 118784K, 0% used [0x00000000eaa80000,0x00000000eaa80000,0x00000000f1e80000)
  from space 21504K, 40% used [0x00000000f1e80000,0x00000000f26f20d8,0x00000000f3380000)
  to   space 29696K, 0% used [0x00000000f8180000,0x00000000f8180000,0x00000000f9e80000)
 ParOldGen       total 75264K, used 40458K [0x00000000c0000000, 0x00000000c4980000, 0x00000000eaa80000)
  object space 75264K, 53% used [0x00000000c0000000,0x00000000c2782978,0x00000000c4980000)
 PSPermGen       total 21504K, used 6387K [0x00000000b5a00000, 0x00000000b6f00000, 0x00000000c0000000)
  object space 21504K, 29% used [0x00000000b5a00000,0x00000000b603ce18,0x00000000b6f00000)
}
Event: 8,822 GC heap before
{Heap before GC invocations=11 (full 1):
 PSYoungGen      total 140288K, used 127432K [0x00000000eaa80000, 0x00000000f9e80000, 0x0000000100000000)
  eden space 118784K, 100% used [0x00000000eaa80000,0x00000000f1e80000,0x00000000f1e80000)
  from space 21504K, 40% used [0x00000000f1e80000,0x00000000f26f20d8,0x00000000f3380000)
  to   space 29696K, 0% used [0x00000000f8180000,0x00000000f8180000,0x00000000f9e80000)
 ParOldGen       total 75264K, used 40458K [0x00000000c0000000, 0x00000000c4980000, 0x00000000eaa80000)
  object space 75264K, 53% used [0x00000000c0000000,0x00000000c2782978,0x00000000c4980000)
 PSPermGen       total 21504K, used 6409K [0x00000000b5a00000, 0x00000000b6f00000, 0x00000000c0000000)
  object space 21504K, 29% used [0x00000000b5a00000,0x00000000b60425b8,0x00000000b6f00000)
Event: 9,270 GC heap after
Heap after GC invocations=11 (full 1):
 PSYoungGen      total 184320K, used 19271K [0x00000000eaa80000, 0x00000000f9480000, 0x0000000100000000)
  eden space 164864K, 0% used [0x00000000eaa80000,0x00000000eaa80000,0x00000000f4b80000)
  from space 19456K, 99% used [0x00000000f8180000,0x00000000f9451c50,0x00000000f9480000)
  to   space 31232K, 0% used [0x00000000f5780000,0x00000000f5780000,0x00000000f7600000)
 ParOldGen       total 75264K, used 42911K [0x00000000c0000000, 0x00000000c4980000, 0x00000000eaa80000)
  object space 75264K, 57% used [0x00000000c0000000,0x00000000c29e7ef0,0x00000000c4980000)
 PSPermGen       total 21504K, used 6409K [0x00000000b5a00000, 0x00000000b6f00000, 0x00000000c0000000)
  object space 21504K, 29% used [0x00000000b5a00000,0x00000000b60425b8,0x00000000b6f00000)
}
Event: 10,890 GC heap before
{Heap before GC invocations=12 (full 1):
 PSYoungGen      total 184320K, used 184135K [0x00000000eaa80000, 0x00000000f9480000, 0x0000000100000000)
  eden space 164864K, 100% used [0x00000000eaa80000,0x00000000f4b80000,0x00000000f4b80000)
  from space 19456K, 99% used [0x00000000f8180000,0x00000000f9451c50,0x00000000f9480000)
  to   space 31232K, 0% used [0x00000000f5780000,0x00000000f5780000,0x00000000f7600000)
 ParOldGen       total 75264K, used 42911K [0x00000000c0000000, 0x00000000c4980000, 0x00000000eaa80000)
  object space 75264K, 57% used [0x00000000c0000000,0x00000000c29e7ef0,0x00000000c4980000)
 PSPermGen       total 21504K, used 6429K [0x00000000b5a00000, 0x00000000b6f00000, 0x00000000c0000000)
  object space 21504K, 29% used [0x00000000b5a00000,0x00000000b6047520,0x00000000b6f00000)
Event: 11,216 GC heap after
Heap after GC invocations=12 (full 1):
 PSYoungGen      total 208384K, used 28063K [0x00000000eaa80000, 0x00000000fd200000, 0x0000000100000000)
  eden space 177152K, 0% used [0x00000000eaa80000,0x00000000eaa80000,0x00000000f5780000)
  from space 31232K, 89% used [0x00000000f5780000,0x00000000f72e7fc0,0x00000000f7600000)
  to   space 35328K, 0% used [0x00000000faf80000,0x00000000faf80000,0x00000000fd200000)
 ParOldGen       total 75264K, used 61756K [0x00000000c0000000, 0x00000000c4980000, 0x00000000eaa80000)
  object space 75264K, 82% used [0x00000000c0000000,0x00000000c3c4f138,0x00000000c4980000)
 PSPermGen       total 21504K, used 6429K [0x00000000b5a00000, 0x00000000b6f00000, 0x00000000c0000000)
  object space 21504K, 29% used [0x00000000b5a00000,0x00000000b6047520,0x00000000b6f00000)
}
Event: 11,222 GC heap before
{Heap before GC invocations=13 (full 2):
 PSYoungGen      total 208384K, used 28063K [0x00000000eaa80000, 0x00000000fd200000, 0x0000000100000000)
  eden space 177152K, 0% used [0x00000000eaa80000,0x00000000eaa80000,0x00000000f5780000)
  from space 31232K, 89% used [0x00000000f5780000,0x00000000f72e7fc0,0x00000000f7600000)
  to   space 35328K, 0% used [0x00000000faf80000,0x00000000faf80000,0x00000000fd200000)
 ParOldGen       total 75264K, used 61756K [0x00000000c0000000, 0x00000000c4980000, 0x00000000eaa80000)
  object space 75264K, 82% used [0x00000000c0000000,0x00000000c3c4f138,0x00000000c4980000)
 PSPermGen       total 21504K, used 6429K [0x00000000b5a00000, 0x00000000b6f00000, 0x00000000c0000000)
  object space 21504K, 29% used [0x00000000b5a00000,0x00000000b6047520,0x00000000b6f00000)
Event: 11,729 GC heap after
Heap after GC invocations=13 (full 2):
 PSYoungGen      total 208384K, used 12057K [0x00000000eaa80000, 0x00000000fd200000, 0x0000000100000000)
  eden space 177152K, 0% used [0x00000000eaa80000,0x00000000eaa80000,0x00000000f5780000)
  from space 31232K, 38% used [0x00000000f5780000,0x00000000f6346508,0x00000000f7600000)
  to   space 35328K, 0% used [0x00000000faf80000,0x00000000faf80000,0x00000000fd200000)
 ParOldGen       total 125952K, used 75101K [0x00000000c0000000, 0x00000000c7b00000, 0x00000000eaa80000)
  object space 125952K, 59% used [0x00000000c0000000,0x00000000c4957760,0x00000000c7b00000)
 PSPermGen       total 21504K, used 6428K [0x00000000b5a00000, 0x00000000b6f00000, 0x00000000c0000000)
  object space 21504K, 29% used [0x00000000b5a00000,0x00000000b60472c0,0x00000000b6f00000)
}
Event: 13,023 GC heap before
{Heap before GC invocations=14 (full 2):
 PSYoungGen      total 208384K, used 189209K [0x00000000eaa80000, 0x00000000fd200000, 0x0000000100000000)
  eden space 177152K, 100% used [0x00000000eaa80000,0x00000000f5780000,0x00000000f5780000)
  from space 31232K, 38% used [0x00000000f5780000,0x00000000f6346508,0x00000000f7600000)
  to   space 35328K, 0% used [0x00000000faf80000,0x00000000faf80000,0x00000000fd200000)
 ParOldGen       total 125952K, used 75101K [0x00000000c0000000, 0x00000000c7b00000, 0x00000000eaa80000)
  object space 125952K, 59% used [0x00000000c0000000,0x00000000c4957760,0x00000000c7b00000)
 PSPermGen       total 21504K, used 6451K [0x00000000b5a00000, 0x00000000b6f00000, 0x00000000c0000000)
  object space 21504K, 30% used [0x00000000b5a00000,0x00000000b604cf50,0x00000000b6f00000)
Event: 13,144 GC heap after
Heap after GC invocations=14 (full 2):
 PSYoungGen      total 263168K, used 29792K [0x00000000eaa80000, 0x00000000fdb00000, 0x0000000100000000)
  eden space 227840K, 0% used [0x00000000eaa80000,0x00000000eaa80000,0x00000000f8900000)
  from space 35328K, 84% used [0x00000000faf80000,0x00000000fcc98000,0x00000000fd200000)
  to   space 39424K, 0% used [0x00000000f8900000,0x00000000f8900000,0x00000000faf80000)
 ParOldGen       total 125952K, used 86410K [0x00000000c0000000, 0x00000000c7b00000, 0x00000000eaa80000)
  object space 125952K, 68% used [0x00000000c0000000,0x00000000c5462888,0x00000000c7b00000)
 PSPermGen       total 21504K, used 6451K [0x00000000b5a00000, 0x00000000b6f00000, 0x00000000c0000000)
  object space 21504K, 30% used [0x00000000b5a00000,0x00000000b604cf50,0x00000000b6f00000)
}
Event: 14,428 GC heap before
{Heap before GC invocations=15 (full 2):
 PSYoungGen      total 263168K, used 257632K [0x00000000eaa80000, 0x00000000fdb00000, 0x0000000100000000)
  eden space 227840K, 100% used [0x00000000eaa80000,0x00000000f8900000,0x00000000f8900000)
  from space 35328K, 84% used [0x00000000faf80000,0x00000000fcc98000,0x00000000fd200000)
  to   space 39424K, 0% used [0x00000000f8900000,0x00000000f8900000,0x00000000faf80000)
 ParOldGen       total 125952K, used 86410K [0x00000000c0000000, 0x00000000c7b00000, 0x00000000eaa80000)
  object space 125952K, 68% used [0x00000000c0000000,0x00000000c5462888,0x00000000c7b00000)
 PSPermGen       total 21504K, used 6464K [0x00000000b5a00000, 0x00000000b6f00000, 0x00000000c0000000)
  object space 21504K, 30% used [0x00000000b5a00000,0x00000000b6050268,0x00000000b6f00000)

Deoptimization events (10 events):
Event: 10,061 Thread 0x00007f2e441b9000 Uncommon trap: reason=unstable_if action=reinterpret pc=0x00007f2e41267b88 method=java.util.BitSet.nextClearBit(I)I @ 70
Event: 10,111 Thread 0x00007f2e441b9000 Uncommon trap: reason=unstable_if action=reinterpret pc=0x00007f2e412691a8 method=java.util.BitSet.set(II)V @ 48
Event: 10,111 Thread 0x00007f2e441b9000 Uncommon trap: reason=unstable_if action=reinterpret pc=0x00007f2e41265fe4 method=java.util.BitSet.set(II)V @ 48
Event: 10,115 Thread 0x00007f2e441b9000 Uncommon trap: reason=unstable_if action=reinterpret pc=0x00007f2e4127d6ac method=java.util.BitSet.set(II)V @ 48
Event: 10,171 Thread 0x00007f2e441ba800 Uncommon trap: reason=unstable_if action=reinterpret pc=0x00007f2e41287db8 method=com.android.dx.cf.code.ByteCatchList.listFor(I)Lcom/android/dx/cf/code/ByteCatchList; @ 47
Event: 12,367 Thread 0x00007f2e441bc000 Uncommon trap: reason=unstable_if action=reinterpret pc=0x00007f2e41270aec method=com.android.dx.cf.code.Ropper.addOrReplaceBlock(Lcom/android/dx/rop/code/BasicBlock;Lcom/android/dx/util/IntList;)Z @ 24
Event: 12,404 Thread 0x00007f2e441bc000 Uncommon trap: reason=unstable_if action=reinterpret pc=0x00007f2e411f2e24 method=com.android.dx.ssa.SCCP.simulateStmt(Lcom/android/dx/ssa/SsaInsn;)V @ 435
Event: 13,273 Thread 0x00007f2e441bc000 Uncommon trap: reason=bimorphic action=maybe_recompile pc=0x00007f2e411c5724 method=com.android.dx.ssa.LiteralOpUpgrader.tryReplacingWithConstant(Lcom/android/dx/ssa/NormalSsaInsn;)Z @ 62
Event: 13,279 Thread 0x00007f2e441bc000 Uncommon trap: reason=bimorphic action=maybe_recompile pc=0x00007f2e411c5724 method=com.android.dx.ssa.LiteralOpUpgrader.tryReplacingWithConstant(Lcom/android/dx/ssa/NormalSsaInsn;)Z @ 62
Event: 14,132 Thread 0x00007f2e4400a800 Uncommon trap: reason=null_check action=make_not_entrant pc=0x00007f2e4134762c method=com.android.dx.rop.cst.CstType.intern(Lcom/android/dx/rop/type/Type;)Lcom/android/dx/rop/cst/CstType; @ 13

Internal exceptions (10 events):
Event: 2,896 Thread 0x00007f2e441ba800 Threw 0x00000000eaab7158 at /build/openjdk-7-2FOwCu/openjdk-7-7u95-2.6.4/build/openjdk/hotspot/src/share/vm/prims/jvm.cpp:1322
Event: 3,924 Thread 0x00007f2e441bc000 Threw 0x00000000edc55438 at /build/openjdk-7-2FOwCu/openjdk-7-7u95-2.6.4/build/openjdk/hotspot/src/share/vm/prims/jvm.cpp:1322
Event: 4,479 Thread 0x00007f2e4400a800 Threw 0x00000000eb560408 at /build/openjdk-7-2FOwCu/openjdk-7-7u95-2.6.4/build/openjdk/hotspot/src/share/vm/prims/jvm.cpp:1322
Event: 4,832 Thread 0x00007f2e441b6800 Implicit null exception at 0x00007f2e4117d061 to 0x00007f2e41180abd
Event: 7,988 Thread 0x00007f2e4400a800 Threw 0x00000000eb9af0a8 at /build/openjdk-7-2FOwCu/openjdk-7-7u95-2.6.4/build/openjdk/hotspot/src/share/vm/prims/jvm.cpp:1322
Event: 8,108 Thread 0x00007f2e4400a800 Implicit null exception at 0x00007f2e411a8b76 to 0x00007f2e411a9ab9
Event: 8,572 Thread 0x00007f2e4400a800 Threw 0x00000000ee4bc410 at /build/openjdk-7-2FOwCu/openjdk-7-7u95-2.6.4/build/openjdk/hotspot/src/share/vm/prims/jvm.cpp:1322
Event: 9,971 Thread 0x00007f2e441b6800 Implicit null exception at 0x00007f2e41214369 to 0x00007f2e41216665
Event: 13,741 Thread 0x00007f2e441b9000 Threw 0x00000000efb580c8 at /build/openjdk-7-2FOwCu/openjdk-7-7u95-2.6.4/build/openjdk/hotspot/src/share/vm/prims/jvm.cpp:1322
Event: 14,132 Thread 0x00007f2e4400a800 Implicit null exception at 0x00007f2e41345f05 to 0x00007f2e41347621

Events (10 events):
Event: 14,132 Thread 0x00007f2e4400a800 Uncommon trap: trap_request=0xfffffff4 fr.pc=0x00007f2e4134762c
Event: 14,132 Thread 0x00007f2e4400a800 DEOPT PACKING pc=0x00007f2e4134762c sp=0x00007f2e4bb418a0
Event: 14,132 Thread 0x00007f2e4400a800 DEOPT UNPACKING pc=0x00007f2e41039445 sp=0x00007f2e4bb41798 mode 2
Event: 14,203 Thread 0x00007f2e440aa800 flushing nmethod 0x00007f2e41212450
Event: 14,204 Thread 0x00007f2e440aa800 flushing nmethod 0x00007f2e41265c50
Event: 14,204 Thread 0x00007f2e440aa800 flushing nmethod 0x00007f2e41267950
Event: 14,204 Thread 0x00007f2e440aa800 flushing nmethod 0x00007f2e41267fd0
Event: 14,208 Thread 0x00007f2e440aa800 flushing nmethod 0x00007f2e4127ced0
Event: 14,208 Thread 0x00007f2e440aa800 flushing nmethod 0x00007f2e41287710
Event: 14,426 Executing VM operation: ParallelGCFailedAllocation


Dynamic libraries:
00400000-00401000 r-xp 00000000 08:06 1454669                            /usr/lib/jvm/java-7-openjdk-amd64/jre/bin/java
00600000-00601000 r--p 00000000 08:06 1454669                            /usr/lib/jvm/java-7-openjdk-amd64/jre/bin/java
00601000-00602000 rw-p 00001000 08:06 1454669                            /usr/lib/jvm/java-7-openjdk-amd64/jre/bin/java
0244c000-0246d000 rw-p 00000000 00:00 0                                  [heap]
b5a00000-b6f00000 rw-p 00000000 00:00 0 
b6f00000-c0000000 rw-p 00000000 00:00 0 
c0000000-c7b00000 rw-p 00000000 00:00 0 
c7b00000-eaa80000 rw-p 00000000 00:00 0 
eaa80000-fdb00000 rw-p 00000000 00:00 0 
7f2dec000000-7f2dec026000 rw-p 00000000 00:00 0 
7f2dec026000-7f2df0000000 ---p 00000000 00:00 0 
7f2df4000000-7f2df402e000 rw-p 00000000 00:00 0 
7f2df402e000-7f2df8000000 ---p 00000000 00:00 0 
7f2df8000000-7f2df8021000 rw-p 00000000 00:00 0 
7f2df8021000-7f2dfc000000 ---p 00000000 00:00 0 
7f2dfc000000-7f2dfc049000 rw-p 00000000 00:00 0 
7f2dfc049000-7f2e00000000 ---p 00000000 00:00 0 
7f2e00000000-7f2e00021000 rw-p 00000000 00:00 0 
7f2e00021000-7f2e04000000 ---p 00000000 00:00 0 
7f2e04000000-7f2e04021000 rw-p 00000000 00:00 0 
7f2e04021000-7f2e08000000 ---p 00000000 00:00 0 
7f2e08000000-7f2e08021000 rw-p 00000000 00:00 0 
7f2e08021000-7f2e0c000000 ---p 00000000 00:00 0 
7f2e0c000000-7f2e0dea3000 rw-p 00000000 00:00 0 
7f2e0dea3000-7f2e10000000 ---p 00000000 00:00 0 
7f2e10000000-7f2e1162e000 rw-p 00000000 00:00 0 
7f2e1162e000-7f2e14000000 ---p 00000000 00:00 0 
7f2e14000000-7f2e14021000 rw-p 00000000 00:00 0 
7f2e14021000-7f2e18000000 ---p 00000000 00:00 0 
7f2e18000000-7f2e18021000 rw-p 00000000 00:00 0 
7f2e18021000-7f2e1c000000 ---p 00000000 00:00 0 
7f2e1c000000-7f2e1c021000 rw-p 00000000 00:00 0 
7f2e1c021000-7f2e20000000 ---p 00000000 00:00 0 
7f2e20000000-7f2e20021000 rw-p 00000000 00:00 0 
7f2e20021000-7f2e24000000 ---p 00000000 00:00 0 
7f2e24000000-7f2e24021000 rw-p 00000000 00:00 0 
7f2e24021000-7f2e28000000 ---p 00000000 00:00 0 
7f2e2c000000-7f2e2c021000 rw-p 00000000 00:00 0 
7f2e2c021000-7f2e30000000 ---p 00000000 00:00 0 
7f2e32690000-7f2e32693000 ---p 00000000 00:00 0 
7f2e32693000-7f2e32791000 rw-p 00000000 00:00 0                          [stack:15252]
7f2e32791000-7f2e32794000 ---p 00000000 00:00 0 
7f2e32794000-7f2e32892000 rw-p 00000000 00:00 0                          [stack:15251]
7f2e32892000-7f2e32895000 ---p 00000000 00:00 0 
7f2e32895000-7f2e32993000 rw-p 00000000 00:00 0                          [stack:15250]
7f2e32993000-7f2e32996000 ---p 00000000 00:00 0 
7f2e32996000-7f2e32a94000 rw-p 00000000 00:00 0                          [stack:15249]
7f2e32a94000-7f2e32ad1000 r-xp 00000000 08:06 130821                     /lib/x86_64-linux-gnu/libpcre.so.3.13.1
7f2e32ad1000-7f2e32cd0000 ---p 0003d000 08:06 130821                     /lib/x86_64-linux-gnu/libpcre.so.3.13.1
7f2e32cd0000-7f2e32cd1000 r--p 0003c000 08:06 130821                     /lib/x86_64-linux-gnu/libpcre.so.3.13.1
7f2e32cd1000-7f2e32cd2000 rw-p 0003d000 08:06 130821                     /lib/x86_64-linux-gnu/libpcre.so.3.13.1
7f2e32cd2000-7f2e32cd9000 r-xp 00000000 08:06 1447540                    /usr/lib/x86_64-linux-gnu/libffi.so.6.0.1
7f2e32cd9000-7f2e32ed8000 ---p 00007000 08:06 1447540                    /usr/lib/x86_64-linux-gnu/libffi.so.6.0.1
7f2e32ed8000-7f2e32ed9000 r--p 00006000 08:06 1447540                    /usr/lib/x86_64-linux-gnu/libffi.so.6.0.1
7f2e32ed9000-7f2e32eda000 rw-p 00007000 08:06 1447540                    /usr/lib/x86_64-linux-gnu/libffi.so.6.0.1
7f2e32eda000-7f2e32ef1000 r-xp 00000000 08:06 134868                     /lib/x86_64-linux-gnu/libresolv-2.19.so
7f2e32ef1000-7f2e330f1000 ---p 00017000 08:06 134868                     /lib/x86_64-linux-gnu/libresolv-2.19.so
7f2e330f1000-7f2e330f2000 r--p 00017000 08:06 134868                     /lib/x86_64-linux-gnu/libresolv-2.19.so
7f2e330f2000-7f2e330f3000 rw-p 00018000 08:06 134868                     /lib/x86_64-linux-gnu/libresolv-2.19.so
7f2e330f3000-7f2e330f5000 rw-p 00000000 00:00 0 
7f2e330f5000-7f2e33115000 r-xp 00000000 08:06 135079                     /lib/x86_64-linux-gnu/libselinux.so.1
7f2e33115000-7f2e33314000 ---p 00020000 08:06 135079                     /lib/x86_64-linux-gnu/libselinux.so.1
7f2e33314000-7f2e33315000 r--p 0001f000 08:06 135079                     /lib/x86_64-linux-gnu/libselinux.so.1
7f2e33315000-7f2e33316000 rw-p 00020000 08:06 135079                     /lib/x86_64-linux-gnu/libselinux.so.1
7f2e33316000-7f2e33318000 rw-p 00000000 00:00 0 
7f2e33318000-7f2e3331b000 r-xp 00000000 08:06 1439340                    /usr/lib/x86_64-linux-gnu/libgmodule-2.0.so.0.4002.0
7f2e3331b000-7f2e3351a000 ---p 00003000 08:06 1439340                    /usr/lib/x86_64-linux-gnu/libgmodule-2.0.so.0.4002.0
7f2e3351a000-7f2e3351b000 r--p 00002000 08:06 1439340                    /usr/lib/x86_64-linux-gnu/libgmodule-2.0.so.0.4002.0
7f2e3351b000-7f2e3351c000 rw-p 00003000 08:06 1439340                    /usr/lib/x86_64-linux-gnu/libgmodule-2.0.so.0.4002.0
7f2e3351c000-7f2e33622000 r-xp 00000000 08:06 134871                     /lib/x86_64-linux-gnu/libglib-2.0.so.0.4002.0
7f2e33622000-7f2e33821000 ---p 00106000 08:06 134871                     /lib/x86_64-linux-gnu/libglib-2.0.so.0.4002.0
7f2e33821000-7f2e33822000 r--p 00105000 08:06 134871                     /lib/x86_64-linux-gnu/libglib-2.0.so.0.4002.0
7f2e33822000-7f2e33823000 rw-p 00106000 08:06 134871                     /lib/x86_64-linux-gnu/libglib-2.0.so.0.4002.0
7f2e33823000-7f2e33824000 rw-p 00000000 00:00 0 
7f2e33824000-7f2e33873000 r-xp 00000000 08:06 1439358                    /usr/lib/x86_64-linux-gnu/libgobject-2.0.so.0.4002.0
7f2e33873000-7f2e33a73000 ---p 0004f000 08:06 1439358                    /usr/lib/x86_64-linux-gnu/libgobject-2.0.so.0.4002.0
7f2e33a73000-7f2e33a74000 r--p 0004f000 08:06 1439358                    /usr/lib/x86_64-linux-gnu/libgobject-2.0.so.0.4002.0
7f2e33a74000-7f2e33a75000 rw-p 00050000 08:06 1439358                    /usr/lib/x86_64-linux-gnu/libgobject-2.0.so.0.4002.0
7f2e33a75000-7f2e33be1000 r-xp 00000000 08:06 1439362                    /usr/lib/x86_64-linux-gnu/libgio-2.0.so.0.4002.0
7f2e33be1000-7f2e33de0000 ---p 0016c000 08:06 1439362                    /usr/lib/x86_64-linux-gnu/libgio-2.0.so.0.4002.0
7f2e33de0000-7f2e33de4000 r--p 0016b000 08:06 1439362                    /usr/lib/x86_64-linux-gnu/libgio-2.0.so.0.4002.0
7f2e33de4000-7f2e33de6000 rw-p 0016f000 08:06 1439362                    /usr/lib/x86_64-linux-gnu/libgio-2.0.so.0.4002.0
7f2e33de6000-7f2e33de8000 rw-p 00000000 00:00 0 
7f2e33de8000-7f2e33dff000 r-xp 00000000 08:06 1489830                    /usr/lib/jvm/java-7-openjdk-amd64/jre/lib/amd64/libnet.so
7f2e33dff000-7f2e33ffe000 ---p 00017000 08:06 1489830                    /usr/lib/jvm/java-7-openjdk-amd64/jre/lib/amd64/libnet.so
7f2e33ffe000-7f2e33fff000 r--p 00016000 08:06 1489830                    /usr/lib/jvm/java-7-openjdk-amd64/jre/lib/amd64/libnet.so
7f2e33fff000-7f2e34000000 rw-p 00017000 08:06 1489830                    /usr/lib/jvm/java-7-openjdk-amd64/jre/lib/amd64/libnet.so
7f2e34000000-7f2e34024000 rw-p 00000000 00:00 0 
7f2e34024000-7f2e38000000 ---p 00000000 00:00 0 
7f2e3802b000-7f2e3802e000 ---p 00000000 00:00 0 
7f2e3802e000-7f2e3815d000 rw-p 00000000 00:00 0                          [stack:15248]
7f2e3815d000-7f2e3816d000 r-xp 00000000 08:06 1489812                    /usr/lib/jvm/java-7-openjdk-amd64/jre/lib/amd64/libnio.so
7f2e3816d000-7f2e3836d000 ---p 00010000 08:06 1489812                    /usr/lib/jvm/java-7-openjdk-amd64/jre/lib/amd64/libnio.so
7f2e3836d000-7f2e3836e000 r--p 00010000 08:06 1489812                    /usr/lib/jvm/java-7-openjdk-amd64/jre/lib/amd64/libnio.so
7f2e3836e000-7f2e3836f000 rw-p 00011000 08:06 1489812                    /usr/lib/jvm/java-7-openjdk-amd64/jre/lib/amd64/libnio.so
7f2e3836f000-7f2e38370000 ---p 00000000 00:00 0 
7f2e38370000-7f2e38470000 rw-p 00000000 00:00 0                          [stack:15247]
7f2e38470000-7f2e38473000 ---p 00000000 00:00 0 
7f2e38473000-7f2e38571000 rw-p 00000000 00:00 0                          [stack:15246]
7f2e38571000-7f2e38574000 ---p 00000000 00:00 0 
7f2e38574000-7f2e38672000 rw-p 00000000 00:00 0                          [stack:15245]
7f2e38672000-7f2e38675000 ---p 00000000 00:00 0 
7f2e38675000-7f2e38773000 rw-p 00000000 00:00 0                          [stack:15244]
7f2e38773000-7f2e38776000 ---p 00000000 00:00 0 
7f2e38776000-7f2e38874000 rw-p 00000000 00:00 0                          [stack:15243]
7f2e38874000-7f2e390c6000 r--p 00000000 08:06 1447082                    /usr/lib/locale/locale-archive
7f2e390c6000-7f2e390c9000 ---p 00000000 00:00 0 
7f2e390c9000-7f2e391c7000 rw-p 00000000 00:00 0                          [stack:15242]
7f2e391c7000-7f2e391ca000 ---p 00000000 00:00 0 
7f2e391ca000-7f2e392c8000 rw-p 00000000 00:00 0                          [stack:15241]
7f2e392c8000-7f2e392c9000 ---p 00000000 00:00 0 
7f2e392c9000-7f2e3c000000 rw-p 00000000 00:00 0                          [stack:15240]
7f2e3c000000-7f2e3c021000 rw-p 00000000 00:00 0 
7f2e3c021000-7f2e40000000 ---p 00000000 00:00 0 
7f2e4002f000-7f2e4006c000 r--s 00306000 08:06 3283097                    /home/tulin/AndroidStudioProjects/CamApp/app/build/intermediates/transforms/jarMerging/debug/jars/1/1f/combined.jar
7f2e4006c000-7f2e4007b000 r--s 000df000 08:06 3216701                    /home/tulin/Android/Sdk/build-tools/23.0.2/lib/dx.jar
7f2e4007b000-7f2e40928000 rw-p 00000000 00:00 0 
7f2e40928000-7f2e40ada000 r--s 01d2f000 08:06 1489796                    /usr/lib/jvm/java-7-openjdk-amd64/jre/lib/rt.jar
7f2e40ada000-7f2e40dfe000 rw-p 00000000 00:00 0 
7f2e40dfe000-7f2e40dff000 ---p 00000000 00:00 0 
7f2e40dff000-7f2e40eff000 rw-p 00000000 00:00 0                          [stack:15239]
7f2e40eff000-7f2e40f00000 ---p 00000000 00:00 0 
7f2e40f00000-7f2e41000000 rw-p 00000000 00:00 0                          [stack:15238]
7f2e41000000-7f2e41370000 rwxp 00000000 00:00 0 
7f2e41370000-7f2e44221000 rw-p 00000000 00:00 0 
7f2e44221000-7f2e48000000 ---p 00000000 00:00 0 
7f2e4800a000-7f2e4807b000 rw-p 00000000 00:00 0 
7f2e4807b000-7f2e4807c000 ---p 00000000 00:00 0 
7f2e4807c000-7f2e4817c000 rw-p 00000000 00:00 0                          [stack:15237]
7f2e4817c000-7f2e4817d000 ---p 00000000 00:00 0 
7f2e4817d000-7f2e48288000 rw-p 00000000 00:00 0                          [stack:15236]
7f2e48288000-7f2e482d0000 rw-p 00000000 00:00 0 
7f2e482d0000-7f2e4830e000 rw-p 00000000 00:00 0 
7f2e4830e000-7f2e48426000 rw-p 00000000 00:00 0 
7f2e48426000-7f2e48431000 rw-p 00000000 00:00 0 
7f2e48431000-7f2e48479000 rw-p 00000000 00:00 0 
7f2e48479000-7f2e484b7000 rw-p 00000000 00:00 0 
7f2e484b7000-7f2e485ce000 rw-p 00000000 00:00 0 
7f2e485ce000-7f2e48667000 rw-p 00000000 00:00 0 
7f2e48667000-7f2e48679000 rw-p 00000000 00:00 0 
7f2e48679000-7f2e4867a000 rw-p 00000000 00:00 0 
7f2e4867a000-7f2e48682000 r-xp 00000000 08:06 1489805                    /usr/lib/jvm/java-7-openjdk-amd64/jre/lib/amd64/libzip.so
7f2e48682000-7f2e48881000 ---p 00008000 08:06 1489805                    /usr/lib/jvm/java-7-openjdk-amd64/jre/lib/amd64/libzip.so
7f2e48881000-7f2e48882000 r--p 00007000 08:06 1489805                    /usr/lib/jvm/java-7-openjdk-amd64/jre/lib/amd64/libzip.so
7f2e48882000-7f2e48883000 rw-p 00008000 08:06 1489805                    /usr/lib/jvm/java-7-openjdk-amd64/jre/lib/amd64/libzip.so
7f2e48883000-7f2e4888e000 r-xp 00000000 08:06 184225                     /lib/x86_64-linux-gnu/libnss_files-2.19.so
7f2e4888e000-7f2e48a8d000 ---p 0000b000 08:06 184225                     /lib/x86_64-linux-gnu/libnss_files-2.19.so
7f2e48a8d000-7f2e48a8e000 r--p 0000a000 08:06 184225                     /lib/x86_64-linux-gnu/libnss_files-2.19.so
7f2e48a8e000-7f2e48a8f000 rw-p 0000b000 08:06 184225                     /lib/x86_64-linux-gnu/libnss_files-2.19.so
7f2e48a8f000-7f2e48a9a000 r-xp 00000000 08:06 145746                     /lib/x86_64-linux-gnu/libnss_nis-2.19.so
7f2e48a9a000-7f2e48c99000 ---p 0000b000 08:06 145746                     /lib/x86_64-linux-gnu/libnss_nis-2.19.so
7f2e48c99000-7f2e48c9a000 r--p 0000a000 08:06 145746                     /lib/x86_64-linux-gnu/libnss_nis-2.19.so
7f2e48c9a000-7f2e48c9b000 rw-p 0000b000 08:06 145746                     /lib/x86_64-linux-gnu/libnss_nis-2.19.so
7f2e48c9b000-7f2e48cb2000 r-xp 00000000 08:06 145742                     /lib/x86_64-linux-gnu/libnsl-2.19.so
7f2e48cb2000-7f2e48eb1000 ---p 00017000 08:06 145742                     /lib/x86_64-linux-gnu/libnsl-2.19.so
7f2e48eb1000-7f2e48eb2000 r--p 00016000 08:06 145742                     /lib/x86_64-linux-gnu/libnsl-2.19.so
7f2e48eb2000-7f2e48eb3000 rw-p 00017000 08:06 145742                     /lib/x86_64-linux-gnu/libnsl-2.19.so
7f2e48eb3000-7f2e48eb5000 rw-p 00000000 00:00 0 
7f2e48eb5000-7f2e48ebe000 r-xp 00000000 08:06 145741                     /lib/x86_64-linux-gnu/libnss_compat-2.19.so
7f2e48ebe000-7f2e490bd000 ---p 00009000 08:06 145741                     /lib/x86_64-linux-gnu/libnss_compat-2.19.so
7f2e490bd000-7f2e490be000 r--p 00008000 08:06 145741                     /lib/x86_64-linux-gnu/libnss_compat-2.19.so
7f2e490be000-7f2e490bf000 rw-p 00009000 08:06 145741                     /lib/x86_64-linux-gnu/libnss_compat-2.19.so
7f2e490bf000-7f2e490ea000 r-xp 00000000 08:06 1489826                    /usr/lib/jvm/java-7-openjdk-amd64/jre/lib/amd64/libjava.so
7f2e490ea000-7f2e492ea000 ---p 0002b000 08:06 1489826                    /usr/lib/jvm/java-7-openjdk-amd64/jre/lib/amd64/libjava.so
7f2e492ea000-7f2e492eb000 r--p 0002b000 08:06 1489826                    /usr/lib/jvm/java-7-openjdk-amd64/jre/lib/amd64/libjava.so
7f2e492eb000-7f2e492ed000 rw-p 0002c000 08:06 1489826                    /usr/lib/jvm/java-7-openjdk-amd64/jre/lib/amd64/libjava.so
7f2e492ed000-7f2e492fd000 r-xp 00000000 08:06 1489810                    /usr/lib/jvm/java-7-openjdk-amd64/jre/lib/amd64/libverify.so
7f2e492fd000-7f2e494fc000 ---p 00010000 08:06 1489810                    /usr/lib/jvm/java-7-openjdk-amd64/jre/lib/amd64/libverify.so
7f2e494fc000-7f2e494fe000 r--p 0000f000 08:06 1489810                    /usr/lib/jvm/java-7-openjdk-amd64/jre/lib/amd64/libverify.so
7f2e494fe000-7f2e494ff000 rw-p 00011000 08:06 1489810                    /usr/lib/jvm/java-7-openjdk-amd64/jre/lib/amd64/libverify.so
7f2e494ff000-7f2e49506000 r-xp 00000000 08:06 148472                     /lib/x86_64-linux-gnu/librt-2.19.so
7f2e49506000-7f2e49705000 ---p 00007000 08:06 148472                     /lib/x86_64-linux-gnu/librt-2.19.so
7f2e49705000-7f2e49706000 r--p 00006000 08:06 148472                     /lib/x86_64-linux-gnu/librt-2.19.so
7f2e49706000-7f2e49707000 rw-p 00007000 08:06 148472                     /lib/x86_64-linux-gnu/librt-2.19.so
7f2e49707000-7f2e4971d000 r-xp 00000000 08:06 131070                     /lib/x86_64-linux-gnu/libgcc_s.so.1
7f2e4971d000-7f2e4991c000 ---p 00016000 08:06 131070                     /lib/x86_64-linux-gnu/libgcc_s.so.1
7f2e4991c000-7f2e4991d000 rw-p 00015000 08:06 131070                     /lib/x86_64-linux-gnu/libgcc_s.so.1
7f2e4991d000-7f2e49a22000 r-xp 00000000 08:06 135048                     /lib/x86_64-linux-gnu/libm-2.19.so
7f2e49a22000-7f2e49c21000 ---p 00105000 08:06 135048                     /lib/x86_64-linux-gnu/libm-2.19.so
7f2e49c21000-7f2e49c22000 r--p 00104000 08:06 135048                     /lib/x86_64-linux-gnu/libm-2.19.so
7f2e49c22000-7f2e49c23000 rw-p 00105000 08:06 135048                     /lib/x86_64-linux-gnu/libm-2.19.so
7f2e49c23000-7f2e49d09000 r-xp 00000000 08:06 1439330                    /usr/lib/x86_64-linux-gnu/libstdc++.so.6.0.19
7f2e49d09000-7f2e49f08000 ---p 000e6000 08:06 1439330                    /usr/lib/x86_64-linux-gnu/libstdc++.so.6.0.19
7f2e49f08000-7f2e49f10000 r--p 000e5000 08:06 1439330                    /usr/lib/x86_64-linux-gnu/libstdc++.so.6.0.19
7f2e49f10000-7f2e49f12000 rw-p 000ed000 08:06 1439330                    /usr/lib/x86_64-linux-gnu/libstdc++.so.6.0.19
7f2e49f12000-7f2e49f27000 rw-p 00000000 00:00 0 
7f2e49f27000-7f2e4aa4c000 r-xp 00000000 08:06 1489806                    /usr/lib/jvm/java-7-openjdk-amd64/jre/lib/amd64/server/libjvm.so
7f2e4aa4c000-7f2e4ac4c000 ---p 00b25000 08:06 1489806                    /usr/lib/jvm/java-7-openjdk-amd64/jre/lib/amd64/server/libjvm.so
7f2e4ac4c000-7f2e4ace6000 r--p 00b25000 08:06 1489806                    /usr/lib/jvm/java-7-openjdk-amd64/jre/lib/amd64/server/libjvm.so
7f2e4ace6000-7f2e4ad09000 rw-p 00bbf000 08:06 1489806                    /usr/lib/jvm/java-7-openjdk-amd64/jre/lib/amd64/server/libjvm.so
7f2e4ad09000-7f2e4ad37000 rw-p 00000000 00:00 0 
7f2e4ad37000-7f2e4ad4f000 r-xp 00000000 08:06 135112                     /lib/x86_64-linux-gnu/libz.so.1.2.8
7f2e4ad4f000-7f2e4af4e000 ---p 00018000 08:06 135112                     /lib/x86_64-linux-gnu/libz.so.1.2.8
7f2e4af4e000-7f2e4af4f000 r--p 00017000 08:06 135112                     /lib/x86_64-linux-gnu/libz.so.1.2.8
7f2e4af4f000-7f2e4af50000 rw-p 00018000 08:06 135112                     /lib/x86_64-linux-gnu/libz.so.1.2.8
7f2e4af50000-7f2e4af69000 r-xp 00000000 08:06 145743                     /lib/x86_64-linux-gnu/libpthread-2.19.so
7f2e4af69000-7f2e4b168000 ---p 00019000 08:06 145743                     /lib/x86_64-linux-gnu/libpthread-2.19.so
7f2e4b168000-7f2e4b169000 r--p 00018000 08:06 145743                     /lib/x86_64-linux-gnu/libpthread-2.19.so
7f2e4b169000-7f2e4b16a000 rw-p 00019000 08:06 145743                     /lib/x86_64-linux-gnu/libpthread-2.19.so
7f2e4b16a000-7f2e4b16e000 rw-p 00000000 00:00 0 
7f2e4b16e000-7f2e4b171000 r-xp 00000000 08:06 145738                     /lib/x86_64-linux-gnu/libdl-2.19.so
7f2e4b171000-7f2e4b370000 ---p 00003000 08:06 145738                     /lib/x86_64-linux-gnu/libdl-2.19.so
7f2e4b370000-7f2e4b371000 r--p 00002000 08:06 145738                     /lib/x86_64-linux-gnu/libdl-2.19.so
7f2e4b371000-7f2e4b372000 rw-p 00003000 08:06 145738                     /lib/x86_64-linux-gnu/libdl-2.19.so
7f2e4b372000-7f2e4b52d000 r-xp 00000000 08:06 148473                     /lib/x86_64-linux-gnu/libc-2.19.so
7f2e4b52d000-7f2e4b72c000 ---p 001bb000 08:06 148473                     /lib/x86_64-linux-gnu/libc-2.19.so
7f2e4b72c000-7f2e4b730000 r--p 001ba000 08:06 148473                     /lib/x86_64-linux-gnu/libc-2.19.so
7f2e4b730000-7f2e4b732000 rw-p 001be000 08:06 148473                     /lib/x86_64-linux-gnu/libc-2.19.so
7f2e4b732000-7f2e4b737000 rw-p 00000000 00:00 0 
7f2e4b737000-7f2e4b744000 r-xp 00000000 08:06 1489800                    /usr/lib/jvm/java-7-openjdk-amd64/jre/lib/amd64/jli/libjli.so
7f2e4b744000-7f2e4b943000 ---p 0000d000 08:06 1489800                    /usr/lib/jvm/java-7-openjdk-amd64/jre/lib/amd64/jli/libjli.so
7f2e4b943000-7f2e4b944000 r--p 0000c000 08:06 1489800                    /usr/lib/jvm/java-7-openjdk-amd64/jre/lib/amd64/jli/libjli.so
7f2e4b944000-7f2e4b945000 rw-p 0000d000 08:06 1489800                    /usr/lib/jvm/java-7-openjdk-amd64/jre/lib/amd64/jli/libjli.so
7f2e4b945000-7f2e4b968000 r-xp 00000000 08:06 145744                     /lib/x86_64-linux-gnu/ld-2.19.so
7f2e4b968000-7f2e4b96b000 r--s 0000f000 08:06 1489840                    /usr/lib/jvm/java-7-openjdk-amd64/jre/lib/ext/icedtea-sound.jar
7f2e4b96b000-7f2e4b991000 rw-p 00000000 00:00 0 
7f2e4b991000-7f2e4ba43000 rw-p 00000000 00:00 0 
7f2e4ba43000-7f2e4ba46000 ---p 00000000 00:00 0 
7f2e4ba46000-7f2e4bb4a000 rw-p 00000000 00:00 0                          [stack:15235]
7f2e4bb4a000-7f2e4bb4c000 r--s 00012000 08:06 1489837                    /usr/lib/jvm/java-7-openjdk-amd64/jre/lib/ext/zipfs.jar
7f2e4bb4c000-7f2e4bb4d000 r--s 00002000 08:06 1489839                    /usr/lib/jvm/java-7-openjdk-amd64/jre/lib/ext/dnsns.jar
7f2e4bb4d000-7f2e4bb4f000 r--s 00006000 08:06 1840524                    /usr/share/java/java-atk-wrapper.jar
7f2e4bb4f000-7f2e4bb53000 r--s 0003c000 08:06 1489838                    /usr/lib/jvm/java-7-openjdk-amd64/jre/lib/ext/sunpkcs11.jar
7f2e4bb53000-7f2e4bb57000 r--s 00034000 08:06 1489836                    /usr/lib/jvm/java-7-openjdk-amd64/jre/lib/ext/sunjce_provider.jar
7f2e4bb57000-7f2e4bb5b000 r--s 00085000 08:06 1489835                    /usr/lib/jvm/java-7-openjdk-amd64/jre/lib/ext/localedata.jar
7f2e4bb5b000-7f2e4bb63000 rw-s 00000000 08:06 1846340                    /tmp/hsperfdata_tulin/15231
7f2e4bb63000-7f2e4bb64000 rw-p 00000000 00:00 0 
7f2e4bb64000-7f2e4bb65000 ---p 00000000 00:00 0 
7f2e4bb65000-7f2e4bb67000 rw-p 00000000 00:00 0 
7f2e4bb67000-7f2e4bb68000 r--p 00022000 08:06 145744                     /lib/x86_64-linux-gnu/ld-2.19.so
7f2e4bb68000-7f2e4bb69000 rw-p 00023000 08:06 145744                     /lib/x86_64-linux-gnu/ld-2.19.so
7f2e4bb69000-7f2e4bb6a000 rw-p 00000000 00:00 0 
7fff7d529000-7fff7d54a000 rw-p 00000000 00:00 0                          [stack]
7fff7d5dc000-7fff7d5de000 r-xp 00000000 00:00 0                          [vdso]
ffffffffff600000-ffffffffff601000 r-xp 00000000 00:00 0                  [vsyscall]

VM Arguments:
jvm_args: -Djava.awt.headless=true -Xmx1024M -Dfile.encoding=UTF-8 -Duser.country=US -Duser.language=en -Duser.variant 
java_command: com.android.dx.command.Main --dex --num-threads=4 --multi-dex --main-dex-list /home/tulin/AndroidStudioProjects/CamApp/app/build/intermediates/multi-dex/debug/maindexlist.txt --output /home/tulin/AndroidStudioProjects/CamApp/app/build/intermediates/transforms/dex/debug/folders/1000/1f/main /home/tulin/AndroidStudioProjects/CamApp/app/build/intermediates/transforms/jarMerging/debug/jars/1/1f/combined.jar
Launcher Type: SUN_STANDARD

Environment Variables:
PATH=/usr/local/sbin:/usr/local/bin:/usr/sbin:/usr/bin:/sbin:/bin:/usr/games:/usr/local/games
SHELL=/bin/bash
DISPLAY=:0

Signal Handlers:
SIGSEGV: [libjvm.so+0x955bc0], sa_mask[0]=0x7ffbfeff, sa_flags=0x10000004
SIGBUS: [libjvm.so+0x955bc0], sa_mask[0]=0x7ffbfeff, sa_flags=0x10000004
SIGFPE: [libjvm.so+0x7caff0], sa_mask[0]=0x7ffbfeff, sa_flags=0x10000004
SIGPIPE: [libjvm.so+0x7caff0], sa_mask[0]=0x7ffbfeff, sa_flags=0x10000004
SIGXFSZ: [libjvm.so+0x7caff0], sa_mask[0]=0x7ffbfeff, sa_flags=0x10000004
SIGILL: [libjvm.so+0x7caff0], sa_mask[0]=0x7ffbfeff, sa_flags=0x10000004
SIGUSR1: SIG_DFL, sa_mask[0]=0x00000000, sa_flags=0x00000000
SIGUSR2: [libjvm.so+0x7cae90], sa_mask[0]=0x00000004, sa_flags=0x10000004
SIGHUP: [libjvm.so+0x7cb070], sa_mask[0]=0x7ffbfeff, sa_flags=0x10000004
SIGINT: [libjvm.so+0x7cb070], sa_mask[0]=0x7ffbfeff, sa_flags=0x10000004
SIGTERM: [libjvm.so+0x7cb070], sa_mask[0]=0x7ffbfeff, sa_flags=0x10000004
SIGQUIT: [libjvm.so+0x7cb070], sa_mask[0]=0x7ffbfeff, sa_flags=0x10000004
SIGTRAP: SIG_DFL, sa_mask[0]=0x00000000, sa_flags=0x00000000


---------------  S Y S T E M  ---------------

OS:Ubuntu 14.04 (trusty)
uname:Linux 3.13.0-79-generic #123-Ubuntu SMP Fri Feb 19 14:27:58 UTC 2016 x86_64
libc:glibc 2.19 NPTL 2.19 
rlimit: STACK 8192k, CORE 0k, NPROC 30460, NOFILE 4096, AS infinity
load average:2,95 1,62 0,99

/proc/meminfo:
MemTotal:        3946988 kB
MemFree:           87712 kB
Buffers:             176 kB
Cached:           441292 kB
SwapCached:            0 kB
Active:          3251812 kB
Inactive:         437968 kB
Active(anon):    3251028 kB
Inactive(anon):   431112 kB
Active(file):        784 kB
Inactive(file):     6856 kB
Unevictable:          80 kB
Mlocked:              80 kB
SwapTotal:             0 kB
SwapFree:              0 kB
Dirty:                 4 kB
Writeback:             0 kB
AnonPages:       3248668 kB
Mapped:            94156 kB
Shmem:            433552 kB
Slab:              71544 kB
SReclaimable:      33084 kB
SUnreclaim:        38460 kB
KernelStack:        5296 kB
PageTables:        39196 kB
NFS_Unstable:          0 kB
Bounce:                0 kB
WritebackTmp:          0 kB
CommitLimit:     1973492 kB
Committed_AS:    7804592 kB
VmallocTotal:   34359738367 kB
VmallocUsed:      350184 kB
VmallocChunk:   34359379708 kB
HardwareCorrupted:     0 kB
AnonHugePages:   1509376 kB
HugePages_Total:       0
HugePages_Free:        0
HugePages_Rsvd:        0
HugePages_Surp:        0
Hugepagesize:       2048 kB
DirectMap4k:       68640 kB
DirectMap2M:     4026368 kB


CPU:total 4 (2 cores per cpu, 2 threads per core) family 6 model 42 stepping 7, cmov, cx8, fxsr, mmx, sse, sse2, sse3, ssse3, sse4.1, sse4.2, popcnt, avx, aes, ht, tsc, tscinvbit

/proc/cpuinfo:
processor	: 0
vendor_id	: GenuineIntel
cpu family	: 6
model		: 42
model name	: Intel(R) Core(TM) i5-2557M CPU @ 1.70GHz
stepping	: 7
microcode	: 0x1a
cpu MHz		: 1701.000
cache size	: 3072 KB
physical id	: 0
siblings	: 4
core id		: 0
cpu cores	: 2
apicid		: 0
initial apicid	: 0
fpu		: yes
fpu_exception	: yes
cpuid level	: 13
wp		: yes
flags		: fpu vme de pse tsc msr pae mce cx8 apic sep mtrr pge mca cmov pat pse36 clflush dts acpi mmx fxsr sse sse2 ss ht tm pbe syscall nx rdtscp lm constant_tsc arch_perfmon pebs bts rep_good nopl xtopology nonstop_tsc aperfmperf eagerfpu pni pclmulqdq dtes64 monitor ds_cpl vmx smx est tm2 ssse3 cx16 xtpr pdcm pcid sse4_1 sse4_2 x2apic popcnt tsc_deadline_timer aes xsave avx lahf_lm ida arat epb xsaveopt pln pts dtherm tpr_shadow vnmi flexpriority ept vpid
bogomips	: 3391.98
clflush size	: 64
cache_alignment	: 64
address sizes	: 36 bits physical, 48 bits virtual
power management:

processor	: 1
vendor_id	: GenuineIntel
cpu family	: 6
model		: 42
model name	: Intel(R) Core(TM) i5-2557M CPU @ 1.70GHz
stepping	: 7
microcode	: 0x1a
cpu MHz		: 1701.000
cache size	: 3072 KB
physical id	: 0
siblings	: 4
core id		: 1
cpu cores	: 2
apicid		: 2
initial apicid	: 2
fpu		: yes
fpu_exception	: yes
cpuid level	: 13
wp		: yes
flags		: fpu vme de pse tsc msr pae mce cx8 apic sep mtrr pge mca cmov pat pse36 clflush dts acpi mmx fxsr sse sse2 ss ht tm pbe syscall nx rdtscp lm constant_tsc arch_perfmon pebs bts rep_good nopl xtopology nonstop_tsc aperfmperf eagerfpu pni pclmulqdq dtes64 monitor ds_cpl vmx smx est tm2 ssse3 cx16 xtpr pdcm pcid sse4_1 sse4_2 x2apic popcnt tsc_deadline_timer aes xsave avx lahf_lm ida arat epb xsaveopt pln pts dtherm tpr_shadow vnmi flexpriority ept vpid
bogomips	: 3391.98
clflush size	: 64
cache_alignment	: 64
address sizes	: 36 bits physical, 48 bits virtual
power management:

processor	: 2
vendor_id	: GenuineIntel
cpu family	: 6
model		: 42
model name	: Intel(R) Core(TM) i5-2557M CPU @ 1.70GHz
stepping	: 7
microcode	: 0x1a
cpu MHz		: 1701.000
cache size	: 3072 KB
physical id	: 0
siblings	: 4
core id		: 0
cpu cores	: 2
apicid		: 1
initial apicid	: 1
fpu		: yes
fpu_exception	: yes
cpuid level	: 13
wp		: yes
flags		: fpu vme de pse tsc msr pae mce cx8 apic sep mtrr pge mca cmov pat pse36 clflush dts acpi mmx fxsr sse sse2 ss ht tm pbe syscall nx rdtscp lm constant_tsc arch_perfmon pebs bts rep_good nopl xtopology nonstop_tsc aperfmperf eagerfpu pni pclmulqdq dtes64 monitor ds_cpl vmx smx est tm2 ssse3 cx16 xtpr pdcm pcid sse4_1 sse4_2 x2apic popcnt tsc_deadline_timer aes xsave avx lahf_lm ida arat epb xsaveopt pln pts dtherm tpr_shadow vnmi flexpriority ept vpid
bogomips	: 3391.98
clflush size	: 64
cache_alignment	: 64
address sizes	: 36 bits physical, 48 bits virtual
power management:

processor	: 3
vendor_id	: GenuineIntel
cpu family	: 6
model		: 42
model name	: Intel(R) Core(TM) i5-2557M CPU @ 1.70GHz
stepping	: 7
microcode	: 0x1a
cpu MHz		: 1701.000
cache size	: 3072 KB
physical id	: 0
siblings	: 4
core id		: 1
cpu cores	: 2
apicid		: 3
initial apicid	: 3
fpu		: yes
fpu_exception	: yes
cpuid level	: 13
wp		: yes
flags		: fpu vme de pse tsc msr pae mce cx8 apic sep mtrr pge mca cmov pat pse36 clflush dts acpi mmx fxsr sse sse2 ss ht tm pbe syscall nx rdtscp lm constant_tsc arch_perfmon pebs bts rep_good nopl xtopology nonstop_tsc aperfmperf eagerfpu pni pclmulqdq dtes64 monitor ds_cpl vmx smx est tm2 ssse3 cx16 xtpr pdcm pcid sse4_1 sse4_2 x2apic popcnt tsc_deadline_timer aes xsave avx lahf_lm ida arat epb xsaveopt pln pts dtherm tpr_shadow vnmi flexpriority ept vpid
bogomips	: 3391.98
clflush size	: 64
cache_alignment	: 64
address sizes	: 36 bits physical, 48 bits virtual
power management:



Memory: 4k page, physical 3946988k(87092k free), swap 0k(0k free)

vm_info: OpenJDK 64-Bit Server VM (24.95-b01) for linux-amd64 JRE (1.7.0_95-b00), built on Jan 21 2016 03:31:40 by "buildd" with gcc 4.8.4

time: Wed Mar 30 17:56:15 2016
elapsed time: 15 seconds

