#
# There is insufficient memory for the Java Runtime Environment to continue.
# Native memory allocation (malloc) failed to allocate 146800640 bytes for committing reserved memory.
# Possible reasons:
#   The system is out of physical RAM or swap space
#   In 32 bit mode, the process size limit was hit
# Possible solutions:
#   Reduce memory load on the system
#   Increase physical memory or swap space
#   Check if swap backing store is full
#   Use 64 bit Java on a 64 bit OS
#   Decrease Java heap size (-Xmx/-Xms)
#   Decrease number of Java threads
#   Decrease Java thread stack sizes (-Xss)
#   Set larger code cache with -XX:ReservedCodeCacheSize=
# This output file may be truncated or incomplete.
#
#  Out of Memory Error (os_linux.cpp:2827), pid=6801, tid=139983020918528
#
# JRE version: OpenJDK Runtime Environment (7.0_95) (build 1.7.0_95-b00)
# Java VM: OpenJDK 64-Bit Server VM (24.95-b01 mixed mode linux-amd64 compressed oops)
# Derivative: IcedTea 2.6.4
# Distribution: Ubuntu 14.04.3 LTS, package 7u95-2.6.4-0ubuntu0.14.04.1
# Failed to write core dump. Core dumps have been disabled. To enable core dumping, try "ulimit -c unlimited" before starting Java again
#

---------------  T H R E A D  ---------------

Current thread (0x00007f505c076000):  VMThread [stack: 0x00007f50562c8000,0x00007f50563c9000] [id=6822]

Stack: [0x00007f50562c8000,0x00007f50563c9000],  sp=0x00007f50563c7490,  free space=1021k
Native frames: (J=compiled Java code, j=interpreted, Vv=VM code, C=native code)
V  [libjvm.so+0x9550e5]
V  [libjvm.so+0x4902b4]
V  [libjvm.so+0x7cf7bb]
V  [libjvm.so+0x7ca28f]
V  [libjvm.so+0x83e56b]
V  [libjvm.so+0x83f3e0]
V  [libjvm.so+0x83facb]
V  [libjvm.so+0x83b4d8]
V  [libjvm.so+0x83bd48]
V  [libjvm.so+0x7f1fd3]
V  [libjvm.so+0x956ae4]
V  [libjvm.so+0x95abe7]
V  [libjvm.so+0x9596a8]
V  [libjvm.so+0x959b09]
V  [libjvm.so+0x959f52]
V  [libjvm.so+0x7cc682]

VM_Operation (0x00007f5064ad5da0): ParallelGCFailedAllocation, mode: safepoint, requested by thread 0x00007f505c00a800


---------------  P R O C E S S  ---------------

Java Threads: ( => current thread )
  0x00007f505c1ad000 JavaThread "pool-1-thread-4" [_thread_blocked, id=6867, stack(0x00007f5027684000,0x00007f5027785000)]
  0x00007f505c1ab000 JavaThread "pool-1-thread-3" [_thread_blocked, id=6866, stack(0x00007f5027785000,0x00007f5027886000)]
  0x00007f505c1a9800 JavaThread "pool-1-thread-2" [_thread_blocked, id=6865, stack(0x00007f5027886000,0x00007f5027987000)]
  0x00007f505c1a5000 JavaThread "pool-2-thread-1" [_thread_blocked, id=6864, stack(0x00007f5027987000,0x00007f5027a88000)]
  0x00007f505c1a3800 JavaThread "pool-1-thread-1" [_thread_blocked, id=6863, stack(0x00007f5027a88000,0x00007f5027b89000)]
  0x00007f505c0b2000 JavaThread "Service Thread" daemon [_thread_blocked, id=6844, stack(0x00007f5055470000,0x00007f5055571000)]
  0x00007f505c0af800 JavaThread "C2 CompilerThread1" daemon [_thread_blocked, id=6843, stack(0x00007f5055571000,0x00007f5055672000)]
  0x00007f505c0ac800 JavaThread "C2 CompilerThread0" daemon [_thread_in_native, id=6839, stack(0x00007f5055672000,0x00007f5055773000)]
  0x00007f505c0aa800 JavaThread "Signal Dispatcher" daemon [_thread_blocked, id=6838, stack(0x00007f5055773000,0x00007f5055874000)]
  0x00007f505c07c000 JavaThread "Finalizer" daemon [_thread_blocked, id=6824, stack(0x00007f50560c6000,0x00007f50561c7000)]
  0x00007f505c07a000 JavaThread "Reference Handler" daemon [_thread_blocked, id=6823, stack(0x00007f50561c7000,0x00007f50562c8000)]
  0x00007f505c00a800 JavaThread "main" [_thread_blocked, id=6809, stack(0x00007f50649d7000,0x00007f5064ad8000)]

Other Threads:
=>0x00007f505c076000 VMThread [stack: 0x00007f50562c8000,0x00007f50563c9000] [id=6822]
  0x00007f505c0bc800 WatcherThread [stack: 0x00007f505536f000,0x00007f5055470000] [id=6845]

VM state:at safepoint (normal execution)

VM Mutex/Monitor currently owned by a thread:  ([mutex/lock_event])
[0x00007f505c006990] Threads_lock - owner thread: 0x00007f505c076000
[0x00007f505c006e90] Heap_lock - owner thread: 0x00007f505c00a800

Heap
 PSYoungGen      total 142848K, used 18409K [0x00000000eaa80000, 0x00000000f4a80000, 0x0000000100000000)
  eden space 124416K, 0% used [0x00000000eaa80000,0x00000000eaa80000,0x00000000f2400000)
  from space 18432K, 99% used [0x00000000f2400000,0x00000000f35fa7f0,0x00000000f3600000)
  to   space 15872K, 0% used [0x00000000f3600000,0x00000000f3600000,0x00000000f4580000)
 ParOldGen       total 40960K, used 37250K [0x00000000c0000000, 0x00000000c2800000, 0x00000000eaa80000)
  object space 40960K, 90% used [0x00000000c0000000,0x00000000c2460b28,0x00000000c2800000)
 PSPermGen       total 21504K, used 6364K [0x00000000b5a00000, 0x00000000b6f00000, 0x00000000c0000000)
  object space 21504K, 29% used [0x00000000b5a00000,0x00000000b6037290,0x00000000b6f00000)

Card table byte_map: [0x00007f50613ba000,0x00007f506160e000] byte_map_base: 0x00007f5060e0d000

Polling page: 0x00007f5064af8000

Code Cache  [0x00007f5059000000, 0x00007f5059270000, 0x00007f505c000000)
 total_blobs=619 nmethods=388 adapters=184 free_code_cache=47460Kb largest_free_block=48548224

Compilation events (10 events):
Event: 20,616 Thread 0x00007f505c0af800 nmethod 401 0x00007f5059116550 code [0x00007f5059116680, 0x00007f5059116718]
Event: 20,616 Thread 0x00007f505c0af800  402             com.android.dx.ssa.SsaMethod::makeExitBlock (134 bytes)
Event: 21,009 Thread 0x00007f505c0af800 nmethod 402 0x00007f50591ac3d0 code [0x00007f50591ac640, 0x00007f50591adb98]
Event: 21,009 Thread 0x00007f505c0af800  403             com.android.dx.ssa.SsaRenamer$BlockRenamer$RenamingMapper::map (28 bytes)
Event: 21,011 Thread 0x00007f505c0af800 nmethod 403 0x00007f505918bc10 code [0x00007f505918bd60, 0x00007f505918be68]
Event: 21,011 Thread 0x00007f505c0af800  404             com.android.dx.ssa.back.SsaToRop::convertBasicBlocks (151 bytes)
Event: 21,387 Thread 0x00007f505c0af800 nmethod 404 0x00007f50591af190 code [0x00007f50591af4a0, 0x00007f50591b0d30]
Event: 21,387 Thread 0x00007f505c0af800  405             com.android.dx.ssa.SsaMethod::getCountReachableBlocks (44 bytes)
Event: 21,433 Thread 0x00007f505c0af800 nmethod 405 0x00007f50591139d0 code [0x00007f5059113b40, 0x00007f5059113ef8]
Event: 21,433 Thread 0x00007f505c0af800  406             com.android.dx.ssa.DeadCodeRemover::isCircularNoSideEffect (140 bytes)

GC Heap History (10 events):
Event: 1,750 GC heap after
Heap after GC invocations=2 (full 0):
 PSYoungGen      total 34304K, used 2554K [0x00000000eaa80000, 0x00000000ece80000, 0x0000000100000000)
  eden space 31744K, 0% used [0x00000000eaa80000,0x00000000eaa80000,0x00000000ec980000)
  from space 2560K, 99% used [0x00000000ecc00000,0x00000000ece7e908,0x00000000ece80000)
  to   space 2560K, 0% used [0x00000000ec980000,0x00000000ec980000,0x00000000ecc00000)
 ParOldGen       total 40960K, used 1713K [0x00000000c0000000, 0x00000000c2800000, 0x00000000eaa80000)
  object space 40960K, 4% used [0x00000000c0000000,0x00000000c01ac420,0x00000000c2800000)
 PSPermGen       total 21504K, used 5959K [0x00000000b5a00000, 0x00000000b6f00000, 0x00000000c0000000)
  object space 21504K, 27% used [0x00000000b5a00000,0x00000000b5fd1c20,0x00000000b6f00000)
}
Event: 3,944 GC heap before
{Heap before GC invocations=3 (full 0):
 PSYoungGen      total 34304K, used 34298K [0x00000000eaa80000, 0x00000000ece80000, 0x0000000100000000)
  eden space 31744K, 100% used [0x00000000eaa80000,0x00000000ec980000,0x00000000ec980000)
  from space 2560K, 99% used [0x00000000ecc00000,0x00000000ece7e908,0x00000000ece80000)
  to   space 2560K, 0% used [0x00000000ec980000,0x00000000ec980000,0x00000000ecc00000)
 ParOldGen       total 40960K, used 1713K [0x00000000c0000000, 0x00000000c2800000, 0x00000000eaa80000)
  object space 40960K, 4% used [0x00000000c0000000,0x00000000c01ac420,0x00000000c2800000)
 PSPermGen       total 21504K, used 6154K [0x00000000b5a00000, 0x00000000b6f00000, 0x00000000c0000000)
  object space 21504K, 28% used [0x00000000b5a00000,0x00000000b6002a10,0x00000000b6f00000)
Event: 3,990 GC heap after
Heap after GC invocations=3 (full 0):
 PSYoungGen      total 34304K, used 2552K [0x00000000eaa80000, 0x00000000eed80000, 0x0000000100000000)
  eden space 31744K, 0% used [0x00000000eaa80000,0x00000000eaa80000,0x00000000ec980000)
  from space 2560K, 99% used [0x00000000ec980000,0x00000000ecbfe078,0x00000000ecc00000)
  to   space 2560K, 0% used [0x00000000eeb00000,0x00000000eeb00000,0x00000000eed80000)
 ParOldGen       total 40960K, used 6741K [0x00000000c0000000, 0x00000000c2800000, 0x00000000eaa80000)
  object space 40960K, 16% used [0x00000000c0000000,0x00000000c06957f8,0x00000000c2800000)
 PSPermGen       total 21504K, used 6154K [0x00000000b5a00000, 0x00000000b6f00000, 0x00000000c0000000)
  object space 21504K, 28% used [0x00000000b5a00000,0x00000000b6002a10,0x00000000b6f00000)
}
Event: 5,544 GC heap before
{Heap before GC invocations=4 (full 0):
 PSYoungGen      total 34304K, used 34296K [0x00000000eaa80000, 0x00000000eed80000, 0x0000000100000000)
  eden space 31744K, 100% used [0x00000000eaa80000,0x00000000ec980000,0x00000000ec980000)
  from space 2560K, 99% used [0x00000000ec980000,0x00000000ecbfe078,0x00000000ecc00000)
  to   space 2560K, 0% used [0x00000000eeb00000,0x00000000eeb00000,0x00000000eed80000)
 ParOldGen       total 40960K, used 6741K [0x00000000c0000000, 0x00000000c2800000, 0x00000000eaa80000)
  object space 40960K, 16% used [0x00000000c0000000,0x00000000c06957f8,0x00000000c2800000)
 PSPermGen       total 21504K, used 6201K [0x00000000b5a00000, 0x00000000b6f00000, 0x00000000c0000000)
  object space 21504K, 28% used [0x00000000b5a00000,0x00000000b600e4e0,0x00000000b6f00000)
Event: 5,584 GC heap after
Heap after GC invocations=4 (full 0):
 PSYoungGen      total 66048K, used 2531K [0x00000000eaa80000, 0x00000000eed80000, 0x0000000100000000)
  eden space 63488K, 0% used [0x00000000eaa80000,0x00000000eaa80000,0x00000000ee880000)
  from space 2560K, 98% used [0x00000000eeb00000,0x00000000eed78c98,0x00000000eed80000)
  to   space 2560K, 0% used [0x00000000ee880000,0x00000000ee880000,0x00000000eeb00000)
 ParOldGen       total 40960K, used 12524K [0x00000000c0000000, 0x00000000c2800000, 0x00000000eaa80000)
  object space 40960K, 30% used [0x00000000c0000000,0x00000000c0c3b230,0x00000000c2800000)
 PSPermGen       total 21504K, used 6201K [0x00000000b5a00000, 0x00000000b6f00000, 0x00000000c0000000)
  object space 21504K, 28% used [0x00000000b5a00000,0x00000000b600e4e0,0x00000000b6f00000)
}
Event: 9,860 GC heap before
{Heap before GC invocations=5 (full 0):
 PSYoungGen      total 66048K, used 66019K [0x00000000eaa80000, 0x00000000eed80000, 0x0000000100000000)
  eden space 63488K, 100% used [0x00000000eaa80000,0x00000000ee880000,0x00000000ee880000)
  from space 2560K, 98% used [0x00000000eeb00000,0x00000000eed78c98,0x00000000eed80000)
  to   space 2560K, 0% used [0x00000000ee880000,0x00000000ee880000,0x00000000eeb00000)
 ParOldGen       total 40960K, used 12524K [0x00000000c0000000, 0x00000000c2800000, 0x00000000eaa80000)
  object space 40960K, 30% used [0x00000000c0000000,0x00000000c0c3b230,0x00000000c2800000)
 PSPermGen       total 21504K, used 6242K [0x00000000b5a00000, 0x00000000b6f00000, 0x00000000c0000000)
  object space 21504K, 29% used [0x00000000b5a00000,0x00000000b6018a68,0x00000000b6f00000)
Event: 10,083 GC heap after
Heap after GC invocations=5 (full 0):
 PSYoungGen      total 66048K, used 2531K [0x00000000eaa80000, 0x00000000f4580000, 0x0000000100000000)
  eden space 63488K, 0% used [0x00000000eaa80000,0x00000000eaa80000,0x00000000ee880000)
  from space 2560K, 98% used [0x00000000ee880000,0x00000000eeaf8c98,0x00000000eeb00000)
  to   space 15872K, 0% used [0x00000000f3600000,0x00000000f3600000,0x00000000f4580000)
 ParOldGen       total 40960K, used 23232K [0x00000000c0000000, 0x00000000c2800000, 0x00000000eaa80000)
  object space 40960K, 56% used [0x00000000c0000000,0x00000000c16b03c0,0x00000000c2800000)
 PSPermGen       total 21504K, used 6242K [0x00000000b5a00000, 0x00000000b6f00000, 0x00000000c0000000)
  object space 21504K, 29% used [0x00000000b5a00000,0x00000000b6018a68,0x00000000b6f00000)
}
Event: 14,960 GC heap before
{Heap before GC invocations=6 (full 0):
 PSYoungGen      total 66048K, used 66019K [0x00000000eaa80000, 0x00000000f4580000, 0x0000000100000000)
  eden space 63488K, 100% used [0x00000000eaa80000,0x00000000ee880000,0x00000000ee880000)
  from space 2560K, 98% used [0x00000000ee880000,0x00000000eeaf8c98,0x00000000eeb00000)
  to   space 15872K, 0% used [0x00000000f3600000,0x00000000f3600000,0x00000000f4580000)
 ParOldGen       total 40960K, used 23232K [0x00000000c0000000, 0x00000000c2800000, 0x00000000eaa80000)
  object space 40960K, 56% used [0x00000000c0000000,0x00000000c16b03c0,0x00000000c2800000)
 PSPermGen       total 21504K, used 6284K [0x00000000b5a00000, 0x00000000b6f00000, 0x00000000c0000000)
  object space 21504K, 29% used [0x00000000b5a00000,0x00000000b6023228,0x00000000b6f00000)
Event: 15,115 GC heap after
Heap after GC invocations=6 (full 0):
 PSYoungGen      total 140288K, used 13987K [0x00000000eaa80000, 0x00000000f4a80000, 0x0000000100000000)
  eden space 124416K, 0% used [0x00000000eaa80000,0x00000000eaa80000,0x00000000f2400000)
  from space 15872K, 88% used [0x00000000f3600000,0x00000000f43a8ca8,0x00000000f4580000)
  to   space 18432K, 0% used [0x00000000f2400000,0x00000000f2400000,0x00000000f3600000)
 ParOldGen       total 40960K, used 23232K [0x00000000c0000000, 0x00000000c2800000, 0x00000000eaa80000)
  object space 40960K, 56% used [0x00000000c0000000,0x00000000c16b03c0,0x00000000c2800000)
 PSPermGen       total 21504K, used 6284K [0x00000000b5a00000, 0x00000000b6f00000, 0x00000000c0000000)
  object space 21504K, 29% used [0x00000000b5a00000,0x00000000b6023228,0x00000000b6f00000)
}
Event: 21,901 GC heap before
{Heap before GC invocations=7 (full 0):
 PSYoungGen      total 140288K, used 138403K [0x00000000eaa80000, 0x00000000f4a80000, 0x0000000100000000)
  eden space 124416K, 100% used [0x00000000eaa80000,0x00000000f2400000,0x00000000f2400000)
  from space 15872K, 88% used [0x00000000f3600000,0x00000000f43a8ca8,0x00000000f4580000)
  to   space 18432K, 0% used [0x00000000f2400000,0x00000000f2400000,0x00000000f3600000)
 ParOldGen       total 40960K, used 23232K [0x00000000c0000000, 0x00000000c2800000, 0x00000000eaa80000)
  object space 40960K, 56% used [0x00000000c0000000,0x00000000c16b03c0,0x00000000c2800000)
 PSPermGen       total 21504K, used 6364K [0x00000000b5a00000, 0x00000000b6f00000, 0x00000000c0000000)
  object space 21504K, 29% used [0x00000000b5a00000,0x00000000b6037290,0x00000000b6f00000)

Deoptimization events (10 events):
Event: 14,479 Thread 0x00007f505c00a800 Uncommon trap: reason=unstable_if action=reinterpret pc=0x00007f505911a864 method=com.android.dx.rop.code.LocalItem.compareHandlesNulls(Lcom/android/dx/rop/cst/CstString;Lcom/android/dx/rop/cst/CstString;)I @ 14
Event: 14,480 Thread 0x00007f505c00a800 Uncommon trap: reason=unstable_if action=reinterpret pc=0x00007f50590d0b28 method=com.android.dx.rop.code.LocalItem.compareHandlesNulls(Lcom/android/dx/rop/cst/CstString;Lcom/android/dx/rop/cst/CstString;)I @ 14
Event: 18,996 Thread 0x00007f505c1ab000 Uncommon trap: reason=bimorphic action=maybe_recompile pc=0x00007f505916bef0 method=com.android.dx.cf.code.BytecodeArray.parseInstruction(ILcom/android/dx/cf/code/BytecodeArray$Visitor;)I @ 1161
Event: 18,997 Thread 0x00007f505c1ab000 Uncommon trap: reason=bimorphic action=maybe_recompile pc=0x00007f505916bef0 method=com.android.dx.cf.code.BytecodeArray.parseInstruction(ILcom/android/dx/cf/code/BytecodeArray$Visitor;)I @ 1161
Event: 19,212 Thread 0x00007f505c1ab000 Uncommon trap: reason=bimorphic action=maybe_recompile pc=0x00007f505916c1fc method=com.android.dx.cf.code.BytecodeArray.parseInstruction(ILcom/android/dx/cf/code/BytecodeArray$Visitor;)I @ 1357
Event: 19,264 Thread 0x00007f505c1ab000 Uncommon trap: reason=bimorphic action=maybe_recompile pc=0x00007f505916c1fc method=com.android.dx.cf.code.BytecodeArray.parseInstruction(ILcom/android/dx/cf/code/BytecodeArray$Visitor;)I @ 1357
Event: 19,282 Thread 0x00007f505c1ab000 Uncommon trap: reason=unstable_if action=reinterpret pc=0x00007f50590d75ac method=com.android.dx.ssa.Dominators.run()V @ 346
Event: 19,444 Thread 0x00007f505c1ad000 Uncommon trap: reason=unstable_if action=reinterpret pc=0x00007f5059160030 method=com.android.dx.ssa.MoveParamCombiner$1.visitNonMoveInsn(Lcom/android/dx/ssa/NormalSsaInsn;)V @ 27
Event: 19,855 Thread 0x00007f505c1a9800 Uncommon trap: reason=bimorphic action=maybe_recompile pc=0x00007f50591828d0 method=com.android.dx.ssa.LiteralOpUpgrader.tryReplacingWithConstant(Lcom/android/dx/ssa/NormalSsaInsn;)Z @ 62
Event: 20,002 Thread 0x00007f505c1a9800 Uncommon trap: reason=bimorphic action=maybe_recompile pc=0x00007f50591828d0 method=com.android.dx.ssa.LiteralOpUpgrader.tryReplacingWithConstant(Lcom/android/dx/ssa/NormalSsaInsn;)Z @ 62

Internal exceptions (10 events):
Event: 3,243 Thread 0x00007f505c1ab000 Implicit null exception at 0x00007f5059097a12 to 0x00007f5059097b15
Event: 3,326 Thread 0x00007f505c1ad000 Threw 0x00000000eba84c20 at /build/openjdk-7-2FOwCu/openjdk-7-7u95-2.6.4/build/openjdk/hotspot/src/share/vm/prims/jvm.cpp:1322
Event: 4,202 Thread 0x00007f505c00a800 Threw 0x00000000eb069610 at /build/openjdk-7-2FOwCu/openjdk-7-7u95-2.6.4/build/openjdk/hotspot/src/share/vm/prims/jvm.cpp:1322
Event: 4,291 Thread 0x00007f505c00a800 Threw 0x00000000eb25d410 at /build/openjdk-7-2FOwCu/openjdk-7-7u95-2.6.4/build/openjdk/hotspot/src/share/vm/prims/jvm.cpp:1322
Event: 5,265 Thread 0x00007f505c1a9800 Threw 0x00000000ec623870 at /build/openjdk-7-2FOwCu/openjdk-7-7u95-2.6.4/build/openjdk/hotspot/src/share/vm/prims/jvm.cpp:1322
Event: 10,891 Thread 0x00007f505c00a800 Implicit null exception at 0x00007f50591346d7 to 0x00007f5059134dc1
Event: 13,331 Thread 0x00007f505c00a800 Threw 0x00000000ed1cb0c0 at /build/openjdk-7-2FOwCu/openjdk-7-7u95-2.6.4/build/openjdk/hotspot/src/share/vm/prims/jvm.cpp:1322
Event: 14,119 Thread 0x00007f505c1ab000 Implicit null exception at 0x00007f50591514b9 to 0x00007f5059155351
Event: 14,479 Thread 0x00007f505c00a800 Implicit null exception at 0x00007f505911a6c3 to 0x00007f505911a851
Event: 14,480 Thread 0x00007f505c00a800 Implicit null exception at 0x00007f50590d09f9 to 0x00007f50590d0b15

Events (10 events):
Event: 19,444 Thread 0x00007f505c1ad000 DEOPT PACKING pc=0x00007f5059160030 sp=0x00007f5027783170
Event: 19,444 Thread 0x00007f505c1ad000 DEOPT UNPACKING pc=0x00007f5059039445 sp=0x00007f50277830e8 mode 2
Event: 19,855 Thread 0x00007f505c1a9800 Uncommon trap: trap_request=0xffffffc6 fr.pc=0x00007f50591828d0
Event: 19,855 Thread 0x00007f505c1a9800 DEOPT PACKING pc=0x00007f50591828d0 sp=0x00007f50279850b0
Event: 19,855 Thread 0x00007f505c1a9800 DEOPT UNPACKING pc=0x00007f5059039445 sp=0x00007f5027985010 mode 2
Event: 20,002 Thread 0x00007f505c1a9800 Uncommon trap: trap_request=0xffffffc6 fr.pc=0x00007f50591828d0
Event: 20,002 Thread 0x00007f505c1a9800 DEOPT PACKING pc=0x00007f50591828d0 sp=0x00007f5027985020
Event: 20,002 Thread 0x00007f505c1a9800 DEOPT UNPACKING pc=0x00007f5059039445 sp=0x00007f5027984f80 mode 2
Event: 20,370 Thread 0x00007f505c0ac800 flushing nmethod 0x00007f5059112b90
Event: 21,884 Executing VM operation: ParallelGCFailedAllocation


Dynamic libraries:
00400000-00401000 r-xp 00000000 08:06 1454669                            /usr/lib/jvm/java-7-openjdk-amd64/jre/bin/java
00600000-00601000 r--p 00000000 08:06 1454669                            /usr/lib/jvm/java-7-openjdk-amd64/jre/bin/java
00601000-00602000 rw-p 00001000 08:06 1454669                            /usr/lib/jvm/java-7-openjdk-amd64/jre/bin/java
01ee0000-01f01000 rw-p 00000000 00:00 0                                  [heap]
b5a00000-b6f00000 rw-p 00000000 00:00 0 
b6f00000-c0000000 rw-p 00000000 00:00 0 
c0000000-c2800000 rw-p 00000000 00:00 0 
c2800000-eaa80000 rw-p 00000000 00:00 0 
eaa80000-f4a80000 rw-p 00000000 00:00 0 
fd680000-100000000 rw-p 00000000 00:00 0 
7f500c000000-7f500c039000 rw-p 00000000 00:00 0 
7f500c039000-7f5010000000 ---p 00000000 00:00 0 
7f5010000000-7f5010021000 rw-p 00000000 00:00 0 
7f5010021000-7f5014000000 ---p 00000000 00:00 0 
7f5014000000-7f5014021000 rw-p 00000000 00:00 0 
7f5014021000-7f5018000000 ---p 00000000 00:00 0 
7f5018000000-7f5018021000 rw-p 00000000 00:00 0 
7f5018021000-7f501c000000 ---p 00000000 00:00 0 
7f501c000000-7f501c02f000 rw-p 00000000 00:00 0 
7f501c02f000-7f5020000000 ---p 00000000 00:00 0 
7f5020000000-7f5020021000 rw-p 00000000 00:00 0 
7f5020021000-7f5024000000 ---p 00000000 00:00 0 
7f5027684000-7f5027687000 ---p 00000000 00:00 0 
7f5027687000-7f5027785000 rw-p 00000000 00:00 0                          [stack:6867]
7f5027785000-7f5027788000 ---p 00000000 00:00 0 
7f5027788000-7f5027886000 rw-p 00000000 00:00 0                          [stack:6866]
7f5027886000-7f5027889000 ---p 00000000 00:00 0 
7f5027889000-7f5027987000 rw-p 00000000 00:00 0                          [stack:6865]
7f5027987000-7f502798a000 ---p 00000000 00:00 0 
7f502798a000-7f5027a88000 rw-p 00000000 00:00 0                          [stack:6864]
7f5027a88000-7f5027a8b000 ---p 00000000 00:00 0 
7f5027a8b000-7f5027bba000 rw-p 00000000 00:00 0                          [stack:6863]
7f5027bba000-7f5027bf7000 r-xp 00000000 08:06 130821                     /lib/x86_64-linux-gnu/libpcre.so.3.13.1
7f5027bf7000-7f5027df6000 ---p 0003d000 08:06 130821                     /lib/x86_64-linux-gnu/libpcre.so.3.13.1
7f5027df6000-7f5027df7000 r--p 0003c000 08:06 130821                     /lib/x86_64-linux-gnu/libpcre.so.3.13.1
7f5027df7000-7f5027df8000 rw-p 0003d000 08:06 130821                     /lib/x86_64-linux-gnu/libpcre.so.3.13.1
7f5027df8000-7f5027dff000 r-xp 00000000 08:06 1447540                    /usr/lib/x86_64-linux-gnu/libffi.so.6.0.1
7f5027dff000-7f5027ffe000 ---p 00007000 08:06 1447540                    /usr/lib/x86_64-linux-gnu/libffi.so.6.0.1
7f5027ffe000-7f5027fff000 r--p 00006000 08:06 1447540                    /usr/lib/x86_64-linux-gnu/libffi.so.6.0.1
7f5027fff000-7f5028000000 rw-p 00007000 08:06 1447540                    /usr/lib/x86_64-linux-gnu/libffi.so.6.0.1
7f5028000000-7f5028021000 rw-p 00000000 00:00 0 
7f5028021000-7f502c000000 ---p 00000000 00:00 0 
7f502c000000-7f502d286000 rw-p 00000000 00:00 0 
7f502d286000-7f5030000000 ---p 00000000 00:00 0 
7f5030000000-7f5030021000 rw-p 00000000 00:00 0 
7f5030021000-7f5034000000 ---p 00000000 00:00 0 
7f5034000000-7f5035543000 rw-p 00000000 00:00 0 
7f5035543000-7f5038000000 ---p 00000000 00:00 0 
7f5038000000-7f5038021000 rw-p 00000000 00:00 0 
7f5038021000-7f503c000000 ---p 00000000 00:00 0 
7f503c000000-7f503c021000 rw-p 00000000 00:00 0 
7f503c021000-7f5040000000 ---p 00000000 00:00 0 
7f5040000000-7f5040021000 rw-p 00000000 00:00 0 
7f5040021000-7f5044000000 ---p 00000000 00:00 0 
7f5044000000-7f5044021000 rw-p 00000000 00:00 0 
7f5044021000-7f5048000000 ---p 00000000 00:00 0 
7f5048000000-7f5048021000 rw-p 00000000 00:00 0 
7f5048021000-7f504c000000 ---p 00000000 00:00 0 
7f504c000000-7f504c021000 rw-p 00000000 00:00 0 
7f504c021000-7f5050000000 ---p 00000000 00:00 0 
7f5050000000-7f5050021000 rw-p 00000000 00:00 0 
7f5050021000-7f5054000000 ---p 00000000 00:00 0 
7f5054005000-7f505401c000 r-xp 00000000 08:06 134868                     /lib/x86_64-linux-gnu/libresolv-2.19.so
7f505401c000-7f505421c000 ---p 00017000 08:06 134868                     /lib/x86_64-linux-gnu/libresolv-2.19.so
7f505421c000-7f505421d000 r--p 00017000 08:06 134868                     /lib/x86_64-linux-gnu/libresolv-2.19.so
7f505421d000-7f505421e000 rw-p 00018000 08:06 134868                     /lib/x86_64-linux-gnu/libresolv-2.19.so
7f505421e000-7f5054220000 rw-p 00000000 00:00 0 
7f5054220000-7f5054240000 r-xp 00000000 08:06 135079                     /lib/x86_64-linux-gnu/libselinux.so.1
7f5054240000-7f505443f000 ---p 00020000 08:06 135079                     /lib/x86_64-linux-gnu/libselinux.so.1
7f505443f000-7f5054440000 r--p 0001f000 08:06 135079                     /lib/x86_64-linux-gnu/libselinux.so.1
7f5054440000-7f5054441000 rw-p 00020000 08:06 135079                     /lib/x86_64-linux-gnu/libselinux.so.1
7f5054441000-7f5054443000 rw-p 00000000 00:00 0 
7f5054443000-7f5054446000 r-xp 00000000 08:06 1439340                    /usr/lib/x86_64-linux-gnu/libgmodule-2.0.so.0.4002.0
7f5054446000-7f5054645000 ---p 00003000 08:06 1439340                    /usr/lib/x86_64-linux-gnu/libgmodule-2.0.so.0.4002.0
7f5054645000-7f5054646000 r--p 00002000 08:06 1439340                    /usr/lib/x86_64-linux-gnu/libgmodule-2.0.so.0.4002.0
7f5054646000-7f5054647000 rw-p 00003000 08:06 1439340                    /usr/lib/x86_64-linux-gnu/libgmodule-2.0.so.0.4002.0
7f5054647000-7f505474d000 r-xp 00000000 08:06 134871                     /lib/x86_64-linux-gnu/libglib-2.0.so.0.4002.0
7f505474d000-7f505494c000 ---p 00106000 08:06 134871                     /lib/x86_64-linux-gnu/libglib-2.0.so.0.4002.0
7f505494c000-7f505494d000 r--p 00105000 08:06 134871                     /lib/x86_64-linux-gnu/libglib-2.0.so.0.4002.0
7f505494d000-7f505494e000 rw-p 00106000 08:06 134871                     /lib/x86_64-linux-gnu/libglib-2.0.so.0.4002.0
7f505494e000-7f505494f000 rw-p 00000000 00:00 0 
7f505494f000-7f505499e000 r-xp 00000000 08:06 1439358                    /usr/lib/x86_64-linux-gnu/libgobject-2.0.so.0.4002.0
7f505499e000-7f5054b9e000 ---p 0004f000 08:06 1439358                    /usr/lib/x86_64-linux-gnu/libgobject-2.0.so.0.4002.0
7f5054b9e000-7f5054b9f000 r--p 0004f000 08:06 1439358                    /usr/lib/x86_64-linux-gnu/libgobject-2.0.so.0.4002.0
7f5054b9f000-7f5054ba0000 rw-p 00050000 08:06 1439358                    /usr/lib/x86_64-linux-gnu/libgobject-2.0.so.0.4002.0
7f5054ba0000-7f5054d0c000 r-xp 00000000 08:06 1439362                    /usr/lib/x86_64-linux-gnu/libgio-2.0.so.0.4002.0
7f5054d0c000-7f5054f0b000 ---p 0016c000 08:06 1439362                    /usr/lib/x86_64-linux-gnu/libgio-2.0.so.0.4002.0
7f5054f0b000-7f5054f0f000 r--p 0016b000 08:06 1439362                    /usr/lib/x86_64-linux-gnu/libgio-2.0.so.0.4002.0
7f5054f0f000-7f5054f11000 rw-p 0016f000 08:06 1439362                    /usr/lib/x86_64-linux-gnu/libgio-2.0.so.0.4002.0
7f5054f11000-7f5054f13000 rw-p 00000000 00:00 0 
7f5054f2f000-7f5054f46000 r-xp 00000000 08:06 1489830                    /usr/lib/jvm/java-7-openjdk-amd64/jre/lib/amd64/libnet.so
7f5054f46000-7f5055145000 ---p 00017000 08:06 1489830                    /usr/lib/jvm/java-7-openjdk-amd64/jre/lib/amd64/libnet.so
7f5055145000-7f5055146000 r--p 00016000 08:06 1489830                    /usr/lib/jvm/java-7-openjdk-amd64/jre/lib/amd64/libnet.so
7f5055146000-7f5055147000 rw-p 00017000 08:06 1489830                    /usr/lib/jvm/java-7-openjdk-amd64/jre/lib/amd64/libnet.so
7f5055147000-7f5055157000 r-xp 00000000 08:06 1489812                    /usr/lib/jvm/java-7-openjdk-amd64/jre/lib/amd64/libnio.so
7f5055157000-7f5055357000 ---p 00010000 08:06 1489812                    /usr/lib/jvm/java-7-openjdk-amd64/jre/lib/amd64/libnio.so
7f5055357000-7f5055358000 r--p 00010000 08:06 1489812                    /usr/lib/jvm/java-7-openjdk-amd64/jre/lib/amd64/libnio.so
7f5055358000-7f5055359000 rw-p 00011000 08:06 1489812                    /usr/lib/jvm/java-7-openjdk-amd64/jre/lib/amd64/libnio.so
7f5055359000-7f505536f000 r--s 000f0000 08:06 3226665                    /home/tulin/AndroidStudioProjects/CamApp/app/build/intermediates/exploded-aar/com.android.support/support-v4/23.2.0/jars/classes.jar
7f505536f000-7f5055370000 ---p 00000000 00:00 0 
7f5055370000-7f5055470000 rw-p 00000000 00:00 0                          [stack:6845]
7f5055470000-7f5055473000 ---p 00000000 00:00 0 
7f5055473000-7f5055571000 rw-p 00000000 00:00 0                          [stack:6844]
7f5055571000-7f5055574000 ---p 00000000 00:00 0 
7f5055574000-7f5055672000 rw-p 00000000 00:00 0                          [stack:6843]
7f5055672000-7f5055675000 ---p 00000000 00:00 0 
7f5055675000-7f5055773000 rw-p 00000000 00:00 0                          [stack:6839]
7f5055773000-7f5055776000 ---p 00000000 00:00 0 
7f5055776000-7f5055874000 rw-p 00000000 00:00 0                          [stack:6838]
7f5055874000-7f50560c6000 r--p 00000000 08:06 1447082                    /usr/lib/locale/locale-archive
7f50560c6000-7f50560c9000 ---p 00000000 00:00 0 
7f50560c9000-7f50561c7000 rw-p 00000000 00:00 0                          [stack:6824]
7f50561c7000-7f50561ca000 ---p 00000000 00:00 0 
7f50561ca000-7f50562c8000 rw-p 00000000 00:00 0                          [stack:6823]
7f50562c8000-7f50562c9000 ---p 00000000 00:00 0 
7f50562c9000-7f5059000000 rw-p 00000000 00:00 0                          [stack:6822]
7f5059000000-7f5059270000 rwxp 00000000 00:00 0 
7f5059270000-7f505c1e7000 rw-p 00000000 00:00 0 
7f505c1e7000-7f5060000000 ---p 00000000 00:00 0 
7f506000a000-7f5060019000 r--s 000df000 08:06 3216701                    /home/tulin/Android/Sdk/build-tools/23.0.2/lib/dx.jar
7f5060019000-7f506090f000 rw-p 00000000 00:00 0 
7f506090f000-7f5060ac1000 r--s 01d2f000 08:06 1489796                    /usr/lib/jvm/java-7-openjdk-amd64/jre/lib/rt.jar
7f5060ac1000-7f5060e0d000 rw-p 00000000 00:00 0 
7f5060e0d000-7f5060e0e000 ---p 00000000 00:00 0 
7f5060e0e000-7f5060f0e000 rw-p 00000000 00:00 0                          [stack:6814]
7f5060f0e000-7f5060f0f000 ---p 00000000 00:00 0 
7f5060f0f000-7f506100f000 rw-p 00000000 00:00 0                          [stack:6813]
7f506100f000-7f5061010000 ---p 00000000 00:00 0 
7f5061010000-7f5061110000 rw-p 00000000 00:00 0                          [stack:6812]
7f5061110000-7f5061111000 ---p 00000000 00:00 0 
7f5061111000-7f506121c000 rw-p 00000000 00:00 0                          [stack:6811]
7f506121c000-7f5061264000 rw-p 00000000 00:00 0 
7f5061264000-7f5061278000 rw-p 00000000 00:00 0 
7f5061278000-7f50613ba000 rw-p 00000000 00:00 0 
7f50613ba000-7f50613c5000 rw-p 00000000 00:00 0 
7f50613c5000-7f506140d000 rw-p 00000000 00:00 0 
7f506140d000-7f5061421000 rw-p 00000000 00:00 0 
7f5061421000-7f5061562000 rw-p 00000000 00:00 0 
7f5061562000-7f50615b3000 rw-p 00000000 00:00 0 
7f50615b3000-7f506160d000 rw-p 00000000 00:00 0 
7f506160d000-7f506160e000 rw-p 00000000 00:00 0 
7f506160e000-7f5061616000 r-xp 00000000 08:06 1489805                    /usr/lib/jvm/java-7-openjdk-amd64/jre/lib/amd64/libzip.so
7f5061616000-7f5061815000 ---p 00008000 08:06 1489805                    /usr/lib/jvm/java-7-openjdk-amd64/jre/lib/amd64/libzip.so
7f5061815000-7f5061816000 r--p 00007000 08:06 1489805                    /usr/lib/jvm/java-7-openjdk-amd64/jre/lib/amd64/libzip.so
7f5061816000-7f5061817000 rw-p 00008000 08:06 1489805                    /usr/lib/jvm/java-7-openjdk-amd64/jre/lib/amd64/libzip.so
7f5061817000-7f5061822000 r-xp 00000000 08:06 184225                     /lib/x86_64-linux-gnu/libnss_files-2.19.so
7f5061822000-7f5061a21000 ---p 0000b000 08:06 184225                     /lib/x86_64-linux-gnu/libnss_files-2.19.so
7f5061a21000-7f5061a22000 r--p 0000a000 08:06 184225                     /lib/x86_64-linux-gnu/libnss_files-2.19.so
7f5061a22000-7f5061a23000 rw-p 0000b000 08:06 184225                     /lib/x86_64-linux-gnu/libnss_files-2.19.so
7f5061a23000-7f5061a2e000 r-xp 00000000 08:06 145746                     /lib/x86_64-linux-gnu/libnss_nis-2.19.so
7f5061a2e000-7f5061c2d000 ---p 0000b000 08:06 145746                     /lib/x86_64-linux-gnu/libnss_nis-2.19.so
7f5061c2d000-7f5061c2e000 r--p 0000a000 08:06 145746                     /lib/x86_64-linux-gnu/libnss_nis-2.19.so
7f5061c2e000-7f5061c2f000 rw-p 0000b000 08:06 145746                     /lib/x86_64-linux-gnu/libnss_nis-2.19.so
7f5061c2f000-7f5061c46000 r-xp 00000000 08:06 145742                     /lib/x86_64-linux-gnu/libnsl-2.19.so
7f5061c46000-7f5061e45000 ---p 00017000 08:06 145742                     /lib/x86_64-linux-gnu/libnsl-2.19.so
7f5061e45000-7f5061e46000 r--p 00016000 08:06 145742                     /lib/x86_64-linux-gnu/libnsl-2.19.so
7f5061e46000-7f5061e47000 rw-p 00017000 08:06 145742                     /lib/x86_64-linux-gnu/libnsl-2.19.so
7f5061e47000-7f5061e49000 rw-p 00000000 00:00 0 
7f5061e49000-7f5061e52000 r-xp 00000000 08:06 145741                     /lib/x86_64-linux-gnu/libnss_compat-2.19.so
7f5061e52000-7f5062051000 ---p 00009000 08:06 145741                     /lib/x86_64-linux-gnu/libnss_compat-2.19.so
7f5062051000-7f5062052000 r--p 00008000 08:06 145741                     /lib/x86_64-linux-gnu/libnss_compat-2.19.so
7f5062052000-7f5062053000 rw-p 00009000 08:06 145741                     /lib/x86_64-linux-gnu/libnss_compat-2.19.so
7f5062053000-7f506207e000 r-xp 00000000 08:06 1489826                    /usr/lib/jvm/java-7-openjdk-amd64/jre/lib/amd64/libjava.so
7f506207e000-7f506227e000 ---p 0002b000 08:06 1489826                    /usr/lib/jvm/java-7-openjdk-amd64/jre/lib/amd64/libjava.so
7f506227e000-7f506227f000 r--p 0002b000 08:06 1489826                    /usr/lib/jvm/java-7-openjdk-amd64/jre/lib/amd64/libjava.so
7f506227f000-7f5062281000 rw-p 0002c000 08:06 1489826                    /usr/lib/jvm/java-7-openjdk-amd64/jre/lib/amd64/libjava.so
7f5062281000-7f5062291000 r-xp 00000000 08:06 1489810                    /usr/lib/jvm/java-7-openjdk-amd64/jre/lib/amd64/libverify.so
7f5062291000-7f5062490000 ---p 00010000 08:06 1489810                    /usr/lib/jvm/java-7-openjdk-amd64/jre/lib/amd64/libverify.so
7f5062490000-7f5062492000 r--p 0000f000 08:06 1489810                    /usr/lib/jvm/java-7-openjdk-amd64/jre/lib/amd64/libverify.so
7f5062492000-7f5062493000 rw-p 00011000 08:06 1489810                    /usr/lib/jvm/java-7-openjdk-amd64/jre/lib/amd64/libverify.so
7f5062493000-7f506249a000 r-xp 00000000 08:06 148472                     /lib/x86_64-linux-gnu/librt-2.19.so
7f506249a000-7f5062699000 ---p 00007000 08:06 148472                     /lib/x86_64-linux-gnu/librt-2.19.so
7f5062699000-7f506269a000 r--p 00006000 08:06 148472                     /lib/x86_64-linux-gnu/librt-2.19.so
7f506269a000-7f506269b000 rw-p 00007000 08:06 148472                     /lib/x86_64-linux-gnu/librt-2.19.so
7f506269b000-7f50626b1000 r-xp 00000000 08:06 131070                     /lib/x86_64-linux-gnu/libgcc_s.so.1
7f50626b1000-7f50628b0000 ---p 00016000 08:06 131070                     /lib/x86_64-linux-gnu/libgcc_s.so.1
7f50628b0000-7f50628b1000 rw-p 00015000 08:06 131070                     /lib/x86_64-linux-gnu/libgcc_s.so.1
7f50628b1000-7f50629b6000 r-xp 00000000 08:06 135048                     /lib/x86_64-linux-gnu/libm-2.19.so
7f50629b6000-7f5062bb5000 ---p 00105000 08:06 135048                     /lib/x86_64-linux-gnu/libm-2.19.so
7f5062bb5000-7f5062bb6000 r--p 00104000 08:06 135048                     /lib/x86_64-linux-gnu/libm-2.19.so
7f5062bb6000-7f5062bb7000 rw-p 00105000 08:06 135048                     /lib/x86_64-linux-gnu/libm-2.19.so
7f5062bb7000-7f5062c9d000 r-xp 00000000 08:06 1439330                    /usr/lib/x86_64-linux-gnu/libstdc++.so.6.0.19
7f5062c9d000-7f5062e9c000 ---p 000e6000 08:06 1439330                    /usr/lib/x86_64-linux-gnu/libstdc++.so.6.0.19
7f5062e9c000-7f5062ea4000 r--p 000e5000 08:06 1439330                    /usr/lib/x86_64-linux-gnu/libstdc++.so.6.0.19
7f5062ea4000-7f5062ea6000 rw-p 000ed000 08:06 1439330                    /usr/lib/x86_64-linux-gnu/libstdc++.so.6.0.19
7f5062ea6000-7f5062ebb000 rw-p 00000000 00:00 0 
7f5062ebb000-7f50639e0000 r-xp 00000000 08:06 1489806                    /usr/lib/jvm/java-7-openjdk-amd64/jre/lib/amd64/server/libjvm.so
7f50639e0000-7f5063be0000 ---p 00b25000 08:06 1489806                    /usr/lib/jvm/java-7-openjdk-amd64/jre/lib/amd64/server/libjvm.so
7f5063be0000-7f5063c7a000 r--p 00b25000 08:06 1489806                    /usr/lib/jvm/java-7-openjdk-amd64/jre/lib/amd64/server/libjvm.so
7f5063c7a000-7f5063c9d000 rw-p 00bbf000 08:06 1489806                    /usr/lib/jvm/java-7-openjdk-amd64/jre/lib/amd64/server/libjvm.so
7f5063c9d000-7f5063ccb000 rw-p 00000000 00:00 0 
7f5063ccb000-7f5063ce3000 r-xp 00000000 08:06 135112                     /lib/x86_64-linux-gnu/libz.so.1.2.8
7f5063ce3000-7f5063ee2000 ---p 00018000 08:06 135112                     /lib/x86_64-linux-gnu/libz.so.1.2.8
7f5063ee2000-7f5063ee3000 r--p 00017000 08:06 135112                     /lib/x86_64-linux-gnu/libz.so.1.2.8
7f5063ee3000-7f5063ee4000 rw-p 00018000 08:06 135112                     /lib/x86_64-linux-gnu/libz.so.1.2.8
7f5063ee4000-7f5063efd000 r-xp 00000000 08:06 145743                     /lib/x86_64-linux-gnu/libpthread-2.19.so
7f5063efd000-7f50640fc000 ---p 00019000 08:06 145743                     /lib/x86_64-linux-gnu/libpthread-2.19.so
7f50640fc000-7f50640fd000 r--p 00018000 08:06 145743                     /lib/x86_64-linux-gnu/libpthread-2.19.so
7f50640fd000-7f50640fe000 rw-p 00019000 08:06 145743                     /lib/x86_64-linux-gnu/libpthread-2.19.so
7f50640fe000-7f5064102000 rw-p 00000000 00:00 0 
7f5064102000-7f5064105000 r-xp 00000000 08:06 145738                     /lib/x86_64-linux-gnu/libdl-2.19.so
7f5064105000-7f5064304000 ---p 00003000 08:06 145738                     /lib/x86_64-linux-gnu/libdl-2.19.so
7f5064304000-7f5064305000 r--p 00002000 08:06 145738                     /lib/x86_64-linux-gnu/libdl-2.19.so
7f5064305000-7f5064306000 rw-p 00003000 08:06 145738                     /lib/x86_64-linux-gnu/libdl-2.19.so
7f5064306000-7f50644c1000 r-xp 00000000 08:06 148473                     /lib/x86_64-linux-gnu/libc-2.19.so
7f50644c1000-7f50646c0000 ---p 001bb000 08:06 148473                     /lib/x86_64-linux-gnu/libc-2.19.so
7f50646c0000-7f50646c4000 r--p 001ba000 08:06 148473                     /lib/x86_64-linux-gnu/libc-2.19.so
7f50646c4000-7f50646c6000 rw-p 001be000 08:06 148473                     /lib/x86_64-linux-gnu/libc-2.19.so
7f50646c6000-7f50646cb000 rw-p 00000000 00:00 0 
7f50646cb000-7f50646d8000 r-xp 00000000 08:06 1489800                    /usr/lib/jvm/java-7-openjdk-amd64/jre/lib/amd64/jli/libjli.so
7f50646d8000-7f50648d7000 ---p 0000d000 08:06 1489800                    /usr/lib/jvm/java-7-openjdk-amd64/jre/lib/amd64/jli/libjli.so
7f50648d7000-7f50648d8000 r--p 0000c000 08:06 1489800                    /usr/lib/jvm/java-7-openjdk-amd64/jre/lib/amd64/jli/libjli.so
7f50648d8000-7f50648d9000 rw-p 0000d000 08:06 1489800                    /usr/lib/jvm/java-7-openjdk-amd64/jre/lib/amd64/jli/libjli.so
7f50648d9000-7f50648fc000 r-xp 00000000 08:06 145744                     /lib/x86_64-linux-gnu/ld-2.19.so
7f50648fc000-7f50648ff000 r--s 0000f000 08:06 1489840                    /usr/lib/jvm/java-7-openjdk-amd64/jre/lib/ext/icedtea-sound.jar
7f50648ff000-7f5064921000 rw-p 00000000 00:00 0 
7f5064921000-7f50649d7000 rw-p 00000000 00:00 0 
7f50649d7000-7f50649da000 ---p 00000000 00:00 0 
7f50649da000-7f5064ade000 rw-p 00000000 00:00 0                          [stack:6809]
7f5064ade000-7f5064ae0000 r--s 00012000 08:06 1489837                    /usr/lib/jvm/java-7-openjdk-amd64/jre/lib/ext/zipfs.jar
7f5064ae0000-7f5064ae1000 r--s 00002000 08:06 1489839                    /usr/lib/jvm/java-7-openjdk-amd64/jre/lib/ext/dnsns.jar
7f5064ae1000-7f5064ae3000 r--s 00006000 08:06 1840524                    /usr/share/java/java-atk-wrapper.jar
7f5064ae3000-7f5064ae7000 r--s 0003c000 08:06 1489838                    /usr/lib/jvm/java-7-openjdk-amd64/jre/lib/ext/sunpkcs11.jar
7f5064ae7000-7f5064aeb000 r--s 00034000 08:06 1489836                    /usr/lib/jvm/java-7-openjdk-amd64/jre/lib/ext/sunjce_provider.jar
7f5064aeb000-7f5064aef000 r--s 00085000 08:06 1489835                    /usr/lib/jvm/java-7-openjdk-amd64/jre/lib/ext/localedata.jar
7f5064aef000-7f5064af7000 rw-s 00000000 08:06 1846232                    /tmp/hsperfdata_tulin/6801
7f5064af7000-7f5064af8000 rw-p 00000000 00:00 0 
7f5064af8000-7f5064af9000 ---p 00000000 00:00 0 
7f5064af9000-7f5064afb000 rw-p 00000000 00:00 0 
7f5064afb000-7f5064afc000 r--p 00022000 08:06 145744                     /lib/x86_64-linux-gnu/ld-2.19.so
7f5064afc000-7f5064afd000 rw-p 00023000 08:06 145744                     /lib/x86_64-linux-gnu/ld-2.19.so
7f5064afd000-7f5064afe000 rw-p 00000000 00:00 0 
7ffff588c000-7ffff58ad000 rw-p 00000000 00:00 0                          [stack]
7ffff590c000-7ffff590e000 r-xp 00000000 00:00 0                          [vdso]
ffffffffff600000-ffffffffff601000 r-xp 00000000 00:00 0                  [vsyscall]

VM Arguments:
jvm_args: -Djava.awt.headless=true -Xmx1024M -Dfile.encoding=UTF-8 -Duser.country=US -Duser.language=en -Duser.variant 
java_command: com.android.dx.command.Main --dex --num-threads=4 --output /home/tulin/AndroidStudioProjects/CamApp/app/build/intermediates/pre-dexed/debug/com.android.support-support-v4-23.2.0_4b1fd8c92292e56f5a1fba56278554e72cab954d.jar /home/tulin/AndroidStudioProjects/CamApp/app/build/intermediates/exploded-aar/com.android.support/support-v4/23.2.0/jars/classes.jar
Launcher Type: SUN_STANDARD

Environment Variables:
PATH=/usr/local/sbin:/usr/local/bin:/usr/sbin:/usr/bin:/sbin:/bin:/usr/games:/usr/local/games
SHELL=/bin/bash
DISPLAY=:0

Signal Handlers:
SIGSEGV: [libjvm.so+0x955bc0], sa_mask[0]=0x7ffbfeff, sa_flags=0x10000004
SIGBUS: [libjvm.so+0x955bc0], sa_mask[0]=0x7ffbfeff, sa_flags=0x10000004
SIGFPE: [libjvm.so+0x7caff0], sa_mask[0]=0x7ffbfeff, sa_flags=0x10000004
SIGPIPE: [libjvm.so+0x7caff0], sa_mask[0]=0x7ffbfeff, sa_flags=0x10000004
SIGXFSZ: [libjvm.so+0x7caff0], sa_mask[0]=0x7ffbfeff, sa_flags=0x10000004
SIGILL: [libjvm.so+0x7caff0], sa_mask[0]=0x7ffbfeff, sa_flags=0x10000004
SIGUSR1: SIG_DFL, sa_mask[0]=0x00000000, sa_flags=0x00000000
SIGUSR2: [libjvm.so+0x7cae90], sa_mask[0]=0x00000004, sa_flags=0x10000004
SIGHUP: [libjvm.so+0x7cb070], sa_mask[0]=0x7ffbfeff, sa_flags=0x10000004
SIGINT: [libjvm.so+0x7cb070], sa_mask[0]=0x7ffbfeff, sa_flags=0x10000004
SIGTERM: [libjvm.so+0x7cb070], sa_mask[0]=0x7ffbfeff, sa_flags=0x10000004
SIGQUIT: [libjvm.so+0x7cb070], sa_mask[0]=0x7ffbfeff, sa_flags=0x10000004
SIGTRAP: SIG_DFL, sa_mask[0]=0x00000000, sa_flags=0x00000000


---------------  S Y S T E M  ---------------

OS:Ubuntu 14.04 (trusty)
uname:Linux 3.13.0-79-generic #123-Ubuntu SMP Fri Feb 19 14:27:58 UTC 2016 x86_64
libc:glibc 2.19 NPTL 2.19 
rlimit: STACK 8192k, CORE 0k, NPROC 30460, NOFILE 4096, AS infinity
load average:10,94 6,41 3,40

/proc/meminfo:
MemTotal:        3946988 kB
MemFree:          100540 kB
Buffers:            2424 kB
Cached:           505684 kB
SwapCached:            0 kB
Active:          3209948 kB
Inactive:         466492 kB
Active(anon):    3170364 kB
Inactive(anon):   426588 kB
Active(file):      39584 kB
Inactive(file):    39904 kB
Unevictable:          32 kB
Mlocked:              32 kB
SwapTotal:             0 kB
SwapFree:              0 kB
Dirty:              6548 kB
Writeback:             0 kB
AnonPages:       3168696 kB
Mapped:           212404 kB
Shmem:            428544 kB
Slab:              69936 kB
SReclaimable:      32604 kB
SUnreclaim:        37332 kB
KernelStack:        5816 kB
PageTables:        40148 kB
NFS_Unstable:          0 kB
Bounce:                0 kB
WritebackTmp:          0 kB
CommitLimit:     1973492 kB
Committed_AS:    8260412 kB
VmallocTotal:   34359738367 kB
VmallocUsed:      350216 kB
VmallocChunk:   34359381756 kB
HardwareCorrupted:     0 kB
AnonHugePages:   1656832 kB
HugePages_Total:       0
HugePages_Free:        0
HugePages_Rsvd:        0
HugePages_Surp:        0
Hugepagesize:       2048 kB
DirectMap4k:       62496 kB
DirectMap2M:     4032512 kB


CPU:total 4 (2 cores per cpu, 2 threads per core) family 6 model 42 stepping 7, cmov, cx8, fxsr, mmx, sse, sse2, sse3, ssse3, sse4.1, sse4.2, popcnt, avx, aes, ht, tsc, tscinvbit

/proc/cpuinfo:
processor	: 0
vendor_id	: GenuineIntel
cpu family	: 6
model		: 42
model name	: Intel(R) Core(TM) i5-2557M CPU @ 1.70GHz
stepping	: 7
microcode	: 0x1a
cpu MHz		: 1701.000
cache size	: 3072 KB
physical id	: 0
siblings	: 4
core id		: 0
cpu cores	: 2
apicid		: 0
initial apicid	: 0
fpu		: yes
fpu_exception	: yes
cpuid level	: 13
wp		: yes
flags		: fpu vme de pse tsc msr pae mce cx8 apic sep mtrr pge mca cmov pat pse36 clflush dts acpi mmx fxsr sse sse2 ss ht tm pbe syscall nx rdtscp lm constant_tsc arch_perfmon pebs bts rep_good nopl xtopology nonstop_tsc aperfmperf eagerfpu pni pclmulqdq dtes64 monitor ds_cpl vmx smx est tm2 ssse3 cx16 xtpr pdcm pcid sse4_1 sse4_2 x2apic popcnt tsc_deadline_timer aes xsave avx lahf_lm ida arat epb xsaveopt pln pts dtherm tpr_shadow vnmi flexpriority ept vpid
bogomips	: 3392.16
clflush size	: 64
cache_alignment	: 64
address sizes	: 36 bits physical, 48 bits virtual
power management:

processor	: 1
vendor_id	: GenuineIntel
cpu family	: 6
model		: 42
model name	: Intel(R) Core(TM) i5-2557M CPU @ 1.70GHz
stepping	: 7
microcode	: 0x1a
cpu MHz		: 1701.000
cache size	: 3072 KB
physical id	: 0
siblings	: 4
core id		: 1
cpu cores	: 2
apicid		: 2
initial apicid	: 2
fpu		: yes
fpu_exception	: yes
cpuid level	: 13
wp		: yes
flags		: fpu vme de pse tsc msr pae mce cx8 apic sep mtrr pge mca cmov pat pse36 clflush dts acpi mmx fxsr sse sse2 ss ht tm pbe syscall nx rdtscp lm constant_tsc arch_perfmon pebs bts rep_good nopl xtopology nonstop_tsc aperfmperf eagerfpu pni pclmulqdq dtes64 monitor ds_cpl vmx smx est tm2 ssse3 cx16 xtpr pdcm pcid sse4_1 sse4_2 x2apic popcnt tsc_deadline_timer aes xsave avx lahf_lm ida arat epb xsaveopt pln pts dtherm tpr_shadow vnmi flexpriority ept vpid
bogomips	: 3392.16
clflush size	: 64
cache_alignment	: 64
address sizes	: 36 bits physical, 48 bits virtual
power management:

processor	: 2
vendor_id	: GenuineIntel
cpu family	: 6
model		: 42
model name	: Intel(R) Core(TM) i5-2557M CPU @ 1.70GHz
stepping	: 7
microcode	: 0x1a
cpu MHz		: 1701.000
cache size	: 3072 KB
physical id	: 0
siblings	: 4
core id		: 0
cpu cores	: 2
apicid		: 1
initial apicid	: 1
fpu		: yes
fpu_exception	: yes
cpuid level	: 13
wp		: yes
flags		: fpu vme de pse tsc msr pae mce cx8 apic sep mtrr pge mca cmov pat pse36 clflush dts acpi mmx fxsr sse sse2 ss ht tm pbe syscall nx rdtscp lm constant_tsc arch_perfmon pebs bts rep_good nopl xtopology nonstop_tsc aperfmperf eagerfpu pni pclmulqdq dtes64 monitor ds_cpl vmx smx est tm2 ssse3 cx16 xtpr pdcm pcid sse4_1 sse4_2 x2apic popcnt tsc_deadline_timer aes xsave avx lahf_lm ida arat epb xsaveopt pln pts dtherm tpr_shadow vnmi flexpriority ept vpid
bogomips	: 3392.16
clflush size	: 64
cache_alignment	: 64
address sizes	: 36 bits physical, 48 bits virtual
power management:

processor	: 3
vendor_id	: GenuineIntel
cpu family	: 6
model		: 42
model name	: Intel(R) Core(TM) i5-2557M CPU @ 1.70GHz
stepping	: 7
microcode	: 0x1a
cpu MHz		: 1701.000
cache size	: 3072 KB
physical id	: 0
siblings	: 4
core id		: 1
cpu cores	: 2
apicid		: 3
initial apicid	: 3
fpu		: yes
fpu_exception	: yes
cpuid level	: 13
wp		: yes
flags		: fpu vme de pse tsc msr pae mce cx8 apic sep mtrr pge mca cmov pat pse36 clflush dts acpi mmx fxsr sse sse2 ss ht tm pbe syscall nx rdtscp lm constant_tsc arch_perfmon pebs bts rep_good nopl xtopology nonstop_tsc aperfmperf eagerfpu pni pclmulqdq dtes64 monitor ds_cpl vmx smx est tm2 ssse3 cx16 xtpr pdcm pcid sse4_1 sse4_2 x2apic popcnt tsc_deadline_timer aes xsave avx lahf_lm ida arat epb xsaveopt pln pts dtherm tpr_shadow vnmi flexpriority ept vpid
bogomips	: 3392.16
clflush size	: 64
cache_alignment	: 64
address sizes	: 36 bits physical, 48 bits virtual
power management:



Memory: 4k page, physical 3946988k(100044k free), swap 0k(0k free)

vm_info: OpenJDK 64-Bit Server VM (24.95-b01) for linux-amd64 JRE (1.7.0_95-b00), built on Jan 21 2016 03:31:40 by "buildd" with gcc 4.8.4

time: Fri Mar 11 02:33:20 2016
elapsed time: 22 seconds

