#
# There is insufficient memory for the Java Runtime Environment to continue.
# Native memory allocation (malloc) failed to allocate 44040192 bytes for committing reserved memory.
# Possible reasons:
#   The system is out of physical RAM or swap space
#   In 32 bit mode, the process size limit was hit
# Possible solutions:
#   Reduce memory load on the system
#   Increase physical memory or swap space
#   Check if swap backing store is full
#   Use 64 bit Java on a 64 bit OS
#   Decrease Java heap size (-Xmx/-Xms)
#   Decrease number of Java threads
#   Decrease Java thread stack sizes (-Xss)
#   Set larger code cache with -XX:ReservedCodeCacheSize=
# This output file may be truncated or incomplete.
#
#  Out of Memory Error (os_linux.cpp:2827), pid=5959, tid=140507855439616
#
# JRE version: OpenJDK Runtime Environment (7.0_95) (build 1.7.0_95-b00)
# Java VM: OpenJDK 64-Bit Server VM (24.95-b01 mixed mode linux-amd64 compressed oops)
# Derivative: IcedTea 2.6.4
# Distribution: Ubuntu 14.04.3 LTS, package 7u95-2.6.4-0ubuntu0.14.04.1
# Failed to write core dump. Core dumps have been disabled. To enable core dumping, try "ulimit -c unlimited" before starting Java again
#

---------------  T H R E A D  ---------------

Current thread (0x00007fca8c076000):  VMThread [stack: 0x00007fca88bfc000,0x00007fca88cfd000] [id=5968]

Stack: [0x00007fca88bfc000,0x00007fca88cfd000],  sp=0x00007fca88cfb490,  free space=1021k
Native frames: (J=compiled Java code, j=interpreted, Vv=VM code, C=native code)
V  [libjvm.so+0x9550e5]
V  [libjvm.so+0x4902b4]
V  [libjvm.so+0x7cf7bb]
V  [libjvm.so+0x7ca28f]
V  [libjvm.so+0x83e56b]
V  [libjvm.so+0x83f3e0]
V  [libjvm.so+0x83facb]
V  [libjvm.so+0x83b4d8]
V  [libjvm.so+0x83bd48]
V  [libjvm.so+0x7f1fd3]
V  [libjvm.so+0x956ae4]
V  [libjvm.so+0x95abe7]
V  [libjvm.so+0x9596a8]
V  [libjvm.so+0x959b09]
V  [libjvm.so+0x959f52]
V  [libjvm.so+0x7cc682]

VM_Operation (0x00007fca7babd210): ParallelGCFailedAllocation, mode: safepoint, requested by thread 0x00007fca8c19e000


---------------  P R O C E S S  ---------------

Java Threads: ( => current thread )
  0x00007fca8c19e000 JavaThread "pool-1-thread-4" [_thread_blocked, id=5994, stack(0x00007fca7b9be000,0x00007fca7babf000)]
  0x00007fca8c19c000 JavaThread "pool-1-thread-3" [_thread_blocked, id=5992, stack(0x00007fca7babf000,0x00007fca7bbc0000)]
  0x00007fca8c19b800 JavaThread "pool-1-thread-2" [_thread_blocked, id=5991, stack(0x00007fca7bbc0000,0x00007fca7bcc1000)]
  0x00007fca8c199800 JavaThread "pool-2-thread-1" [_thread_blocked, id=5990, stack(0x00007fca7bcc1000,0x00007fca7bdc2000)]
  0x00007fca8c197800 JavaThread "pool-1-thread-1" [_thread_blocked, id=5989, stack(0x00007fca8008b000,0x00007fca8018c000)]
  0x00007fca8c0b2000 JavaThread "Service Thread" daemon [_thread_blocked, id=5974, stack(0x00007fca817cd000,0x00007fca818ce000)]
  0x00007fca8c0af800 JavaThread "C2 CompilerThread1" daemon [_thread_blocked, id=5973, stack(0x00007fca818ce000,0x00007fca819cf000)]
  0x00007fca8c0ac800 JavaThread "C2 CompilerThread0" daemon [_thread_blocked, id=5972, stack(0x00007fca819cf000,0x00007fca81ad0000)]
  0x00007fca8c0aa800 JavaThread "Signal Dispatcher" daemon [_thread_blocked, id=5971, stack(0x00007fca880a7000,0x00007fca881a8000)]
  0x00007fca8c07c000 JavaThread "Finalizer" daemon [_thread_blocked, id=5970, stack(0x00007fca889fa000,0x00007fca88afb000)]
  0x00007fca8c07a000 JavaThread "Reference Handler" daemon [_thread_blocked, id=5969, stack(0x00007fca88afb000,0x00007fca88bfc000)]
  0x00007fca8c00a800 JavaThread "main" [_thread_blocked, id=5961, stack(0x00007fca94e7b000,0x00007fca94f7c000)]

Other Threads:
=>0x00007fca8c076000 VMThread [stack: 0x00007fca88bfc000,0x00007fca88cfd000] [id=5968]
  0x00007fca8c0bc800 WatcherThread [stack: 0x00007fca816cc000,0x00007fca817cd000] [id=5975]

VM state:at safepoint (normal execution)

VM Mutex/Monitor currently owned by a thread:  ([mutex/lock_event])
[0x00007fca8c006990] Threads_lock - owner thread: 0x00007fca8c076000
[0x00007fca8c006e90] Heap_lock - owner thread: 0x00007fca8c19e000

Heap
 PSYoungGen      total 34304K, used 2552K [0x00000000eaa80000, 0x00000000ece80000, 0x0000000100000000)
  eden space 31744K, 0% used [0x00000000eaa80000,0x00000000eaa80000,0x00000000ec980000)
  from space 2560K, 99% used [0x00000000ec980000,0x00000000ecbfe050,0x00000000ecc00000)
  to   space 2560K, 0% used [0x00000000ecc00000,0x00000000ecc00000,0x00000000ece80000)
 ParOldGen       total 40960K, used 13012K [0x00000000c0000000, 0x00000000c2800000, 0x00000000eaa80000)
  object space 40960K, 31% used [0x00000000c0000000,0x00000000c0cb5228,0x00000000c2800000)
 PSPermGen       total 21504K, used 6205K [0x00000000b5a00000, 0x00000000b6f00000, 0x00000000c0000000)
  object space 21504K, 28% used [0x00000000b5a00000,0x00000000b600f610,0x00000000b6f00000)

Card table byte_map: [0x00007fca9185e000,0x00007fca91ab2000] byte_map_base: 0x00007fca912b1000

Polling page: 0x00007fca94f9c000

Code Cache  [0x00007fca89000000, 0x00007fca89270000, 0x00007fca8c000000)
 total_blobs=484 nmethods=253 adapters=184 free_code_cache=48133Kb largest_free_block=49242880

Compilation events (10 events):
Event: 10,687 Thread 0x00007fca8c0af800 nmethod 252 0x00007fca89103850 code [0x00007fca89103c60, 0x00007fca891061c8]
Event: 10,692 Thread 0x00007fca8c0af800  253             com.android.dx.rop.code.Rop::isCallLike (5 bytes)
Event: 10,698 Thread 0x00007fca8c0af800 nmethod 253 0x00007fca890f02d0 code [0x00007fca890f0400, 0x00007fca890f0458]
Event: 10,698 Thread 0x00007fca8c0af800  254             com.android.dx.rop.code.RegisterSpecSet::localItemToSpec (49 bytes)
Event: 10,729 Thread 0x00007fca8c0af800 nmethod 254 0x00007fca890ef390 code [0x00007fca890ef500, 0x00007fca890ef8b8]
Event: 10,729 Thread 0x00007fca8c0af800  255             java.lang.Object::equals (11 bytes)
Event: 10,741 Thread 0x00007fca8c0af800 nmethod 255 0x00007fca890ef190 code [0x00007fca890ef2c0, 0x00007fca890ef318]
Event: 10,741 Thread 0x00007fca8c0af800  256             java.util.ArrayList::ensureCapacity (28 bytes)
Event: 10,769 Thread 0x00007fca8c0af800 nmethod 256 0x00007fca890eedd0 code [0x00007fca890eef20, 0x00007fca890ef038]
Event: 10,769 Thread 0x00007fca8c0af800  257             com.android.dx.ssa.SCCP::simulateBlock (54 bytes)

GC Heap History (9 events):
Event: 2,152 GC heap before
{Heap before GC invocations=1 (full 0):
 PSYoungGen      total 18432K, used 15869K [0x00000000eaa80000, 0x00000000ebf00000, 0x0000000100000000)
  eden space 15872K, 99% used [0x00000000eaa80000,0x00000000eb9ff790,0x00000000eba00000)
  from space 2560K, 0% used [0x00000000ebc80000,0x00000000ebc80000,0x00000000ebf00000)
  to   space 2560K, 0% used [0x00000000eba00000,0x00000000eba00000,0x00000000ebc80000)
 ParOldGen       total 40960K, used 0K [0x00000000c0000000, 0x00000000c2800000, 0x00000000eaa80000)
  object space 40960K, 0% used [0x00000000c0000000,0x00000000c0000000,0x00000000c2800000)
 PSPermGen       total 21504K, used 5805K [0x00000000b5a00000, 0x00000000b6f00000, 0x00000000c0000000)
  object space 21504K, 26% used [0x00000000b5a00000,0x00000000b5fab5f0,0x00000000b6f00000)
Event: 2,173 GC heap after
Heap after GC invocations=1 (full 0):
 PSYoungGen      total 18432K, used 2536K [0x00000000eaa80000, 0x00000000ebf00000, 0x0000000100000000)
  eden space 15872K, 0% used [0x00000000eaa80000,0x00000000eaa80000,0x00000000eba00000)
  from space 2560K, 99% used [0x00000000eba00000,0x00000000ebc7a0c0,0x00000000ebc80000)
  to   space 2560K, 0% used [0x00000000ebc80000,0x00000000ebc80000,0x00000000ebf00000)
 ParOldGen       total 40960K, used 720K [0x00000000c0000000, 0x00000000c2800000, 0x00000000eaa80000)
  object space 40960K, 1% used [0x00000000c0000000,0x00000000c00b4200,0x00000000c2800000)
 PSPermGen       total 21504K, used 5805K [0x00000000b5a00000, 0x00000000b6f00000, 0x00000000c0000000)
  object space 21504K, 26% used [0x00000000b5a00000,0x00000000b5fab5f0,0x00000000b6f00000)
}
Event: 3,479 GC heap before
{Heap before GC invocations=2 (full 0):
 PSYoungGen      total 18432K, used 18408K [0x00000000eaa80000, 0x00000000ebf00000, 0x0000000100000000)
  eden space 15872K, 100% used [0x00000000eaa80000,0x00000000eba00000,0x00000000eba00000)
  from space 2560K, 99% used [0x00000000eba00000,0x00000000ebc7a0c0,0x00000000ebc80000)
  to   space 2560K, 0% used [0x00000000ebc80000,0x00000000ebc80000,0x00000000ebf00000)
 ParOldGen       total 40960K, used 720K [0x00000000c0000000, 0x00000000c2800000, 0x00000000eaa80000)
  object space 40960K, 1% used [0x00000000c0000000,0x00000000c00b4200,0x00000000c2800000)
 PSPermGen       total 21504K, used 6039K [0x00000000b5a00000, 0x00000000b6f00000, 0x00000000c0000000)
  object space 21504K, 28% used [0x00000000b5a00000,0x00000000b5fe5e10,0x00000000b6f00000)
Event: 3,505 GC heap after
Heap after GC invocations=2 (full 0):
 PSYoungGen      total 18432K, used 2529K [0x00000000eaa80000, 0x00000000ece80000, 0x0000000100000000)
  eden space 15872K, 0% used [0x00000000eaa80000,0x00000000eaa80000,0x00000000eba00000)
  from space 2560K, 98% used [0x00000000ebc80000,0x00000000ebef8460,0x00000000ebf00000)
  to   space 2560K, 0% used [0x00000000eba00000,0x00000000eba00000,0x00000000ebc80000)
 ParOldGen       total 40960K, used 2711K [0x00000000c0000000, 0x00000000c2800000, 0x00000000eaa80000)
  object space 40960K, 6% used [0x00000000c0000000,0x00000000c02a5ee0,0x00000000c2800000)
 PSPermGen       total 21504K, used 6039K [0x00000000b5a00000, 0x00000000b6f00000, 0x00000000c0000000)
  object space 21504K, 28% used [0x00000000b5a00000,0x00000000b5fe5e10,0x00000000b6f00000)
}
Event: 6,399 GC heap before
{Heap before GC invocations=3 (full 0):
 PSYoungGen      total 18432K, used 18401K [0x00000000eaa80000, 0x00000000ece80000, 0x0000000100000000)
  eden space 15872K, 100% used [0x00000000eaa80000,0x00000000eba00000,0x00000000eba00000)
  from space 2560K, 98% used [0x00000000ebc80000,0x00000000ebef8460,0x00000000ebf00000)
  to   space 2560K, 0% used [0x00000000eba00000,0x00000000eba00000,0x00000000ebc80000)
 ParOldGen       total 40960K, used 2711K [0x00000000c0000000, 0x00000000c2800000, 0x00000000eaa80000)
  object space 40960K, 6% used [0x00000000c0000000,0x00000000c02a5ee0,0x00000000c2800000)
 PSPermGen       total 21504K, used 6128K [0x00000000b5a00000, 0x00000000b6f00000, 0x00000000c0000000)
  object space 21504K, 28% used [0x00000000b5a00000,0x00000000b5ffc100,0x00000000b6f00000)
Event: 6,429 GC heap after
Heap after GC invocations=3 (full 0):
 PSYoungGen      total 18432K, used 2530K [0x00000000eaa80000, 0x00000000ece80000, 0x0000000100000000)
  eden space 15872K, 0% used [0x00000000eaa80000,0x00000000eaa80000,0x00000000eba00000)
  from space 2560K, 98% used [0x00000000eba00000,0x00000000ebc78ac0,0x00000000ebc80000)
  to   space 2560K, 0% used [0x00000000ecc00000,0x00000000ecc00000,0x00000000ece80000)
 ParOldGen       total 40960K, used 4969K [0x00000000c0000000, 0x00000000c2800000, 0x00000000eaa80000)
  object space 40960K, 12% used [0x00000000c0000000,0x00000000c04da760,0x00000000c2800000)
 PSPermGen       total 21504K, used 6128K [0x00000000b5a00000, 0x00000000b6f00000, 0x00000000c0000000)
  object space 21504K, 28% used [0x00000000b5a00000,0x00000000b5ffc100,0x00000000b6f00000)
}
Event: 8,686 GC heap before
{Heap before GC invocations=4 (full 0):
 PSYoungGen      total 18432K, used 18402K [0x00000000eaa80000, 0x00000000ece80000, 0x0000000100000000)
  eden space 15872K, 100% used [0x00000000eaa80000,0x00000000eba00000,0x00000000eba00000)
  from space 2560K, 98% used [0x00000000eba00000,0x00000000ebc78ac0,0x00000000ebc80000)
  to   space 2560K, 0% used [0x00000000ecc00000,0x00000000ecc00000,0x00000000ece80000)
 ParOldGen       total 40960K, used 4969K [0x00000000c0000000, 0x00000000c2800000, 0x00000000eaa80000)
  object space 40960K, 12% used [0x00000000c0000000,0x00000000c04da760,0x00000000c2800000)
 PSPermGen       total 21504K, used 6174K [0x00000000b5a00000, 0x00000000b6f00000, 0x00000000c0000000)
  object space 21504K, 28% used [0x00000000b5a00000,0x00000000b6007990,0x00000000b6f00000)
Event: 8,718 GC heap after
Heap after GC invocations=4 (full 0):
 PSYoungGen      total 34304K, used 2552K [0x00000000eaa80000, 0x00000000ece80000, 0x0000000100000000)
  eden space 31744K, 0% used [0x00000000eaa80000,0x00000000eaa80000,0x00000000ec980000)
  from space 2560K, 99% used [0x00000000ecc00000,0x00000000ece7e030,0x00000000ece80000)
  to   space 2560K, 0% used [0x00000000ec980000,0x00000000ec980000,0x00000000ecc00000)
 ParOldGen       total 40960K, used 8128K [0x00000000c0000000, 0x00000000c2800000, 0x00000000eaa80000)
  object space 40960K, 19% used [0x00000000c0000000,0x00000000c07f0068,0x00000000c2800000)
 PSPermGen       total 21504K, used 6174K [0x00000000b5a00000, 0x00000000b6f00000, 0x00000000c0000000)
  object space 21504K, 28% used [0x00000000b5a00000,0x00000000b6007990,0x00000000b6f00000)
}
Event: 11,142 GC heap before
{Heap before GC invocations=5 (full 0):
 PSYoungGen      total 34304K, used 34296K [0x00000000eaa80000, 0x00000000ece80000, 0x0000000100000000)
  eden space 31744K, 100% used [0x00000000eaa80000,0x00000000ec980000,0x00000000ec980000)
  from space 2560K, 99% used [0x00000000ecc00000,0x00000000ece7e030,0x00000000ece80000)
  to   space 2560K, 0% used [0x00000000ec980000,0x00000000ec980000,0x00000000ecc00000)
 ParOldGen       total 40960K, used 8128K [0x00000000c0000000, 0x00000000c2800000, 0x00000000eaa80000)
  object space 40960K, 19% used [0x00000000c0000000,0x00000000c07f0068,0x00000000c2800000)
 PSPermGen       total 21504K, used 6205K [0x00000000b5a00000, 0x00000000b6f00000, 0x00000000c0000000)
  object space 21504K, 28% used [0x00000000b5a00000,0x00000000b600f610,0x00000000b6f00000)

Deoptimization events (10 events):
Event: 7,822 Thread 0x00007fca8c00a800 Uncommon trap: reason=null_check action=make_not_entrant pc=0x00007fca890dd87c method=com.android.dx.rop.type.Type.putIntern(Lcom/android/dx/rop/type/Type;)Lcom/android/dx/rop/type/Type; @ 18
Event: 7,907 Thread 0x00007fca8c197800 Uncommon trap: reason=null_check action=make_not_entrant pc=0x00007fca890cac18 method=com.android.dx.ssa.SsaRenamer.getLocalForNewReg(I)Lcom/android/dx/rop/code/LocalItem; @ 19
Event: 8,836 Thread 0x00007fca8c197800 Uncommon trap: reason=unstable_if action=reinterpret pc=0x00007fca890e8a4c method=com.android.dx.ssa.SCCP.simulateBranch(Lcom/android/dx/ssa/SsaInsn;)V @ 64
Event: 9,273 Thread 0x00007fca8c19e000 Uncommon trap: reason=bimorphic action=maybe_recompile pc=0x00007fca890b50ac method=java.util.HashMap.put(Ljava/lang/Object;Ljava/lang/Object;)Ljava/lang/Object; @ 83
Event: 9,273 Thread 0x00007fca8c19e000 Uncommon trap: reason=bimorphic action=maybe_recompile pc=0x00007fca890b50ac method=java.util.HashMap.put(Ljava/lang/Object;Ljava/lang/Object;)Ljava/lang/Object; @ 83
Event: 9,273 Thread 0x00007fca8c19e000 Uncommon trap: reason=bimorphic action=maybe_recompile pc=0x00007fca890b50ac method=java.util.HashMap.put(Ljava/lang/Object;Ljava/lang/Object;)Ljava/lang/Object; @ 83
Event: 9,273 Thread 0x00007fca8c19e000 Uncommon trap: reason=bimorphic action=maybe_recompile pc=0x00007fca890b50ac method=java.util.HashMap.put(Ljava/lang/Object;Ljava/lang/Object;)Ljava/lang/Object; @ 83
Event: 9,283 Thread 0x00007fca8c197800 Uncommon trap: reason=unstable_if action=reinterpret pc=0x00007fca890f4498 method=com.android.dx.ssa.Dominators.run()V @ 346
Event: 10,624 Thread 0x00007fca8c19e000 Uncommon trap: reason=unstable_if action=reinterpret pc=0x00007fca890f16f4 method=com.android.dx.util.IntList.binarysearch(I)I @ 105
Event: 10,638 Thread 0x00007fca8c19e000 Uncommon trap: reason=unstable_if action=reinterpret pc=0x00007fca89094774 method=com.android.dx.util.IntList.binarysearch(I)I @ 105

Internal exceptions (10 events):
Event: 2,008 Thread 0x00007fca8c00a800 Threw 0x00000000eb7f8800 at /build/openjdk-7-2FOwCu/openjdk-7-7u95-2.6.4/build/openjdk/hotspot/src/share/vm/prims/jvm.cpp:1322
Event: 2,254 Thread 0x00007fca8c19b800 Threw 0x00000000eac31978 at /build/openjdk-7-2FOwCu/openjdk-7-7u95-2.6.4/build/openjdk/hotspot/src/share/vm/prims/jvm.cpp:1322
Event: 2,268 Thread 0x00007fca8c19c000 Threw 0x00000000eabc6c48 at /build/openjdk-7-2FOwCu/openjdk-7-7u95-2.6.4/build/openjdk/hotspot/src/share/vm/prims/jvm.cpp:1322
Event: 2,459 Thread 0x00007fca8c197800 Threw 0x00000000eadc65e0 at /build/openjdk-7-2FOwCu/openjdk-7-7u95-2.6.4/build/openjdk/hotspot/src/share/vm/prims/jvm.cpp:1322
Event: 2,862 Thread 0x00007fca8c19c000 Threw 0x00000000eb25a358 at /build/openjdk-7-2FOwCu/openjdk-7-7u95-2.6.4/build/openjdk/hotspot/src/share/vm/prims/jvm.cpp:1322
Event: 2,919 Thread 0x00007fca8c19b800 Threw 0x00000000eb3304c8 at /build/openjdk-7-2FOwCu/openjdk-7-7u95-2.6.4/build/openjdk/hotspot/src/share/vm/prims/jvm.cpp:1322
Event: 7,822 Thread 0x00007fca8c00a800 Implicit null exception at 0x00007fca890dd1b7 to 0x00007fca890dd86d
Event: 7,907 Thread 0x00007fca8c197800 Implicit null exception at 0x00007fca890c8780 to 0x00007fca890cabf5
Event: 7,994 Thread 0x00007fca8c00a800 Threw 0x00000000eb1818b0 at /build/openjdk-7-2FOwCu/openjdk-7-7u95-2.6.4/build/openjdk/hotspot/src/share/vm/prims/jvm.cpp:1322
Event: 10,139 Thread 0x00007fca8c197800 Threw 0x00000000ec0a4778 at /build/openjdk-7-2FOwCu/openjdk-7-7u95-2.6.4/build/openjdk/hotspot/src/share/vm/prims/jvm.cpp:1322

Events (10 events):
Event: 9,283 Thread 0x00007fca8c197800 DEOPT UNPACKING pc=0x00007fca89039445 sp=0x00007fca8018a170 mode 2
Event: 10,138 loading class 0x00007fca8c1a42f0
Event: 10,138 loading class 0x00007fca8c1a42f0 done
Event: 10,621 Thread 0x00007fca8c19e000 Uncommon trap: trap_request=0xffffff75 fr.pc=0x00007fca890f16f4
Event: 10,629 Thread 0x00007fca8c19e000 DEOPT PACKING pc=0x00007fca890f16f4 sp=0x00007fca7babd230
Event: 10,632 Thread 0x00007fca8c19e000 DEOPT UNPACKING pc=0x00007fca89039445 sp=0x00007fca7babd170 mode 2
Event: 10,638 Thread 0x00007fca8c19e000 Uncommon trap: trap_request=0xffffff75 fr.pc=0x00007fca89094774
Event: 10,638 Thread 0x00007fca8c19e000 DEOPT PACKING pc=0x00007fca89094774 sp=0x00007fca7babd1c0
Event: 10,638 Thread 0x00007fca8c19e000 DEOPT UNPACKING pc=0x00007fca89039445 sp=0x00007fca7babd168 mode 2
Event: 11,133 Executing VM operation: ParallelGCFailedAllocation


Dynamic libraries:
00400000-00401000 r-xp 00000000 08:06 1454669                            /usr/lib/jvm/java-7-openjdk-amd64/jre/bin/java
00600000-00601000 r--p 00000000 08:06 1454669                            /usr/lib/jvm/java-7-openjdk-amd64/jre/bin/java
00601000-00602000 rw-p 00001000 08:06 1454669                            /usr/lib/jvm/java-7-openjdk-amd64/jre/bin/java
01cfb000-01d1c000 rw-p 00000000 00:00 0                                  [heap]
b5a00000-b6f00000 rw-p 00000000 00:00 0 
b6f00000-c0000000 rw-p 00000000 00:00 0 
c0000000-c2800000 rw-p 00000000 00:00 0 
c2800000-eaa80000 rw-p 00000000 00:00 0 
eaa80000-ece80000 rw-p 00000000 00:00 0 
ef880000-100000000 rw-p 00000000 00:00 0 
7fca3c000000-7fca3c02a000 rw-p 00000000 00:00 0 
7fca3c02a000-7fca40000000 ---p 00000000 00:00 0 
7fca40000000-7fca40021000 rw-p 00000000 00:00 0 
7fca40021000-7fca44000000 ---p 00000000 00:00 0 
7fca44000000-7fca44021000 rw-p 00000000 00:00 0 
7fca44021000-7fca48000000 ---p 00000000 00:00 0 
7fca48000000-7fca48021000 rw-p 00000000 00:00 0 
7fca48021000-7fca4c000000 ---p 00000000 00:00 0 
7fca4c000000-7fca4c021000 rw-p 00000000 00:00 0 
7fca4c021000-7fca50000000 ---p 00000000 00:00 0 
7fca50000000-7fca50024000 rw-p 00000000 00:00 0 
7fca50024000-7fca54000000 ---p 00000000 00:00 0 
7fca54000000-7fca54aff000 rw-p 00000000 00:00 0 
7fca54aff000-7fca58000000 ---p 00000000 00:00 0 
7fca58000000-7fca58021000 rw-p 00000000 00:00 0 
7fca58021000-7fca5c000000 ---p 00000000 00:00 0 
7fca5c000000-7fca5c021000 rw-p 00000000 00:00 0 
7fca5c021000-7fca60000000 ---p 00000000 00:00 0 
7fca60000000-7fca611f8000 rw-p 00000000 00:00 0 
7fca611f8000-7fca64000000 ---p 00000000 00:00 0 
7fca64000000-7fca64021000 rw-p 00000000 00:00 0 
7fca64021000-7fca68000000 ---p 00000000 00:00 0 
7fca68000000-7fca68021000 rw-p 00000000 00:00 0 
7fca68021000-7fca6c000000 ---p 00000000 00:00 0 
7fca6c000000-7fca6c021000 rw-p 00000000 00:00 0 
7fca6c021000-7fca70000000 ---p 00000000 00:00 0 
7fca70000000-7fca70021000 rw-p 00000000 00:00 0 
7fca70021000-7fca74000000 ---p 00000000 00:00 0 
7fca74000000-7fca74021000 rw-p 00000000 00:00 0 
7fca74021000-7fca78000000 ---p 00000000 00:00 0 
7fca7b9be000-7fca7b9c1000 ---p 00000000 00:00 0 
7fca7b9c1000-7fca7babf000 rw-p 00000000 00:00 0                          [stack:5994]
7fca7babf000-7fca7bac2000 ---p 00000000 00:00 0 
7fca7bac2000-7fca7bbc0000 rw-p 00000000 00:00 0                          [stack:5992]
7fca7bbc0000-7fca7bbc3000 ---p 00000000 00:00 0 
7fca7bbc3000-7fca7bcc1000 rw-p 00000000 00:00 0                          [stack:5991]
7fca7bcc1000-7fca7bcc4000 ---p 00000000 00:00 0 
7fca7bcc4000-7fca7bdc2000 rw-p 00000000 00:00 0                          [stack:5990]
7fca7bdc2000-7fca7bdff000 r-xp 00000000 08:06 130821                     /lib/x86_64-linux-gnu/libpcre.so.3.13.1
7fca7bdff000-7fca7bffe000 ---p 0003d000 08:06 130821                     /lib/x86_64-linux-gnu/libpcre.so.3.13.1
7fca7bffe000-7fca7bfff000 r--p 0003c000 08:06 130821                     /lib/x86_64-linux-gnu/libpcre.so.3.13.1
7fca7bfff000-7fca7c000000 rw-p 0003d000 08:06 130821                     /lib/x86_64-linux-gnu/libpcre.so.3.13.1
7fca7c000000-7fca7c021000 rw-p 00000000 00:00 0 
7fca7c021000-7fca80000000 ---p 00000000 00:00 0 
7fca8008b000-7fca8008e000 ---p 00000000 00:00 0 
7fca8008e000-7fca8018c000 rw-p 00000000 00:00 0                          [stack:5989]
7fca8018c000-7fca80193000 r-xp 00000000 08:06 1447540                    /usr/lib/x86_64-linux-gnu/libffi.so.6.0.1
7fca80193000-7fca80392000 ---p 00007000 08:06 1447540                    /usr/lib/x86_64-linux-gnu/libffi.so.6.0.1
7fca80392000-7fca80393000 r--p 00006000 08:06 1447540                    /usr/lib/x86_64-linux-gnu/libffi.so.6.0.1
7fca80393000-7fca80394000 rw-p 00007000 08:06 1447540                    /usr/lib/x86_64-linux-gnu/libffi.so.6.0.1
7fca80394000-7fca803ab000 r-xp 00000000 08:06 134868                     /lib/x86_64-linux-gnu/libresolv-2.19.so
7fca803ab000-7fca805ab000 ---p 00017000 08:06 134868                     /lib/x86_64-linux-gnu/libresolv-2.19.so
7fca805ab000-7fca805ac000 r--p 00017000 08:06 134868                     /lib/x86_64-linux-gnu/libresolv-2.19.so
7fca805ac000-7fca805ad000 rw-p 00018000 08:06 134868                     /lib/x86_64-linux-gnu/libresolv-2.19.so
7fca805ad000-7fca805af000 rw-p 00000000 00:00 0 
7fca805af000-7fca805cf000 r-xp 00000000 08:06 135079                     /lib/x86_64-linux-gnu/libselinux.so.1
7fca805cf000-7fca807ce000 ---p 00020000 08:06 135079                     /lib/x86_64-linux-gnu/libselinux.so.1
7fca807ce000-7fca807cf000 r--p 0001f000 08:06 135079                     /lib/x86_64-linux-gnu/libselinux.so.1
7fca807cf000-7fca807d0000 rw-p 00020000 08:06 135079                     /lib/x86_64-linux-gnu/libselinux.so.1
7fca807d0000-7fca807d2000 rw-p 00000000 00:00 0 
7fca807d2000-7fca807d5000 r-xp 00000000 08:06 1439340                    /usr/lib/x86_64-linux-gnu/libgmodule-2.0.so.0.4002.0
7fca807d5000-7fca809d4000 ---p 00003000 08:06 1439340                    /usr/lib/x86_64-linux-gnu/libgmodule-2.0.so.0.4002.0
7fca809d4000-7fca809d5000 r--p 00002000 08:06 1439340                    /usr/lib/x86_64-linux-gnu/libgmodule-2.0.so.0.4002.0
7fca809d5000-7fca809d6000 rw-p 00003000 08:06 1439340                    /usr/lib/x86_64-linux-gnu/libgmodule-2.0.so.0.4002.0
7fca809d6000-7fca80adc000 r-xp 00000000 08:06 134871                     /lib/x86_64-linux-gnu/libglib-2.0.so.0.4002.0
7fca80adc000-7fca80cdb000 ---p 00106000 08:06 134871                     /lib/x86_64-linux-gnu/libglib-2.0.so.0.4002.0
7fca80cdb000-7fca80cdc000 r--p 00105000 08:06 134871                     /lib/x86_64-linux-gnu/libglib-2.0.so.0.4002.0
7fca80cdc000-7fca80cdd000 rw-p 00106000 08:06 134871                     /lib/x86_64-linux-gnu/libglib-2.0.so.0.4002.0
7fca80cdd000-7fca80cde000 rw-p 00000000 00:00 0 
7fca80cde000-7fca80d2d000 r-xp 00000000 08:06 1439358                    /usr/lib/x86_64-linux-gnu/libgobject-2.0.so.0.4002.0
7fca80d2d000-7fca80f2d000 ---p 0004f000 08:06 1439358                    /usr/lib/x86_64-linux-gnu/libgobject-2.0.so.0.4002.0
7fca80f2d000-7fca80f2e000 r--p 0004f000 08:06 1439358                    /usr/lib/x86_64-linux-gnu/libgobject-2.0.so.0.4002.0
7fca80f2e000-7fca80f2f000 rw-p 00050000 08:06 1439358                    /usr/lib/x86_64-linux-gnu/libgobject-2.0.so.0.4002.0
7fca80f2f000-7fca8109b000 r-xp 00000000 08:06 1439362                    /usr/lib/x86_64-linux-gnu/libgio-2.0.so.0.4002.0
7fca8109b000-7fca8129a000 ---p 0016c000 08:06 1439362                    /usr/lib/x86_64-linux-gnu/libgio-2.0.so.0.4002.0
7fca8129a000-7fca8129e000 r--p 0016b000 08:06 1439362                    /usr/lib/x86_64-linux-gnu/libgio-2.0.so.0.4002.0
7fca8129e000-7fca812a0000 rw-p 0016f000 08:06 1439362                    /usr/lib/x86_64-linux-gnu/libgio-2.0.so.0.4002.0
7fca812a0000-7fca812a2000 rw-p 00000000 00:00 0 
7fca812a2000-7fca812b9000 r-xp 00000000 08:06 1489830                    /usr/lib/jvm/java-7-openjdk-amd64/jre/lib/amd64/libnet.so
7fca812b9000-7fca814b8000 ---p 00017000 08:06 1489830                    /usr/lib/jvm/java-7-openjdk-amd64/jre/lib/amd64/libnet.so
7fca814b8000-7fca814b9000 r--p 00016000 08:06 1489830                    /usr/lib/jvm/java-7-openjdk-amd64/jre/lib/amd64/libnet.so
7fca814b9000-7fca814ba000 rw-p 00017000 08:06 1489830                    /usr/lib/jvm/java-7-openjdk-amd64/jre/lib/amd64/libnet.so
7fca814ba000-7fca814ca000 r-xp 00000000 08:06 1489812                    /usr/lib/jvm/java-7-openjdk-amd64/jre/lib/amd64/libnio.so
7fca814ca000-7fca816ca000 ---p 00010000 08:06 1489812                    /usr/lib/jvm/java-7-openjdk-amd64/jre/lib/amd64/libnio.so
7fca816ca000-7fca816cb000 r--p 00010000 08:06 1489812                    /usr/lib/jvm/java-7-openjdk-amd64/jre/lib/amd64/libnio.so
7fca816cb000-7fca816cc000 rw-p 00011000 08:06 1489812                    /usr/lib/jvm/java-7-openjdk-amd64/jre/lib/amd64/libnio.so
7fca816cc000-7fca816cd000 ---p 00000000 00:00 0 
7fca816cd000-7fca817cd000 rw-p 00000000 00:00 0                          [stack:5975]
7fca817cd000-7fca817d0000 ---p 00000000 00:00 0 
7fca817d0000-7fca818ce000 rw-p 00000000 00:00 0                          [stack:5974]
7fca818ce000-7fca818d1000 ---p 00000000 00:00 0 
7fca818d1000-7fca819cf000 rw-p 00000000 00:00 0                          [stack:5973]
7fca819cf000-7fca819d2000 ---p 00000000 00:00 0 
7fca819d2000-7fca84000000 rw-p 00000000 00:00 0                          [stack:5972]
7fca84000000-7fca84021000 rw-p 00000000 00:00 0 
7fca84021000-7fca88000000 ---p 00000000 00:00 0 
7fca880a7000-7fca880aa000 ---p 00000000 00:00 0 
7fca880aa000-7fca881a8000 rw-p 00000000 00:00 0                          [stack:5971]
7fca881a8000-7fca889fa000 r--p 00000000 08:06 1447082                    /usr/lib/locale/locale-archive
7fca889fa000-7fca889fd000 ---p 00000000 00:00 0 
7fca889fd000-7fca88afb000 rw-p 00000000 00:00 0                          [stack:5970]
7fca88afb000-7fca88afe000 ---p 00000000 00:00 0 
7fca88afe000-7fca88bfc000 rw-p 00000000 00:00 0                          [stack:5969]
7fca88bfc000-7fca88bfd000 ---p 00000000 00:00 0 
7fca88bfd000-7fca89000000 rw-p 00000000 00:00 0                          [stack:5968]
7fca89000000-7fca89270000 rwxp 00000000 00:00 0 
7fca89270000-7fca8c1de000 rw-p 00000000 00:00 0 
7fca8c1de000-7fca90000000 ---p 00000000 00:00 0 
7fca90054000-7fca90085000 rw-p 00000000 00:00 0 
7fca900a1000-7fca900aa000 r--s 0008a000 08:06 3226256                    /home/tulin/AndroidStudioProjects/CamApp/app/build/intermediates/exploded-aar/com.android.support/appcompat-v7/23.2.0/jars/classes.jar
7fca900aa000-7fca900b9000 r--s 000df000 08:06 3216701                    /home/tulin/Android/Sdk/build-tools/23.0.2/lib/dx.jar
7fca900b9000-7fca90db3000 rw-p 00000000 00:00 0 
7fca90db3000-7fca90f65000 r--s 01d2f000 08:06 1489796                    /usr/lib/jvm/java-7-openjdk-amd64/jre/lib/rt.jar
7fca90f65000-7fca912b1000 rw-p 00000000 00:00 0 
7fca912b1000-7fca912b2000 ---p 00000000 00:00 0 
7fca912b2000-7fca913b2000 rw-p 00000000 00:00 0                          [stack:5967]
7fca913b2000-7fca913b3000 ---p 00000000 00:00 0 
7fca913b3000-7fca914b3000 rw-p 00000000 00:00 0                          [stack:5966]
7fca914b3000-7fca914b4000 ---p 00000000 00:00 0 
7fca914b4000-7fca915b4000 rw-p 00000000 00:00 0                          [stack:5965]
7fca915b4000-7fca915b5000 ---p 00000000 00:00 0 
7fca915b5000-7fca916c0000 rw-p 00000000 00:00 0                          [stack:5964]
7fca916c0000-7fca91708000 rw-p 00000000 00:00 0 
7fca91708000-7fca9171c000 rw-p 00000000 00:00 0 
7fca9171c000-7fca9185e000 rw-p 00000000 00:00 0 
7fca9185e000-7fca91869000 rw-p 00000000 00:00 0 
7fca91869000-7fca918b1000 rw-p 00000000 00:00 0 
7fca918b1000-7fca918c5000 rw-p 00000000 00:00 0 
7fca918c5000-7fca91a06000 rw-p 00000000 00:00 0 
7fca91a06000-7fca91a19000 rw-p 00000000 00:00 0 
7fca91a19000-7fca91ab1000 rw-p 00000000 00:00 0 
7fca91ab1000-7fca91ab2000 rw-p 00000000 00:00 0 
7fca91ab2000-7fca91aba000 r-xp 00000000 08:06 1489805                    /usr/lib/jvm/java-7-openjdk-amd64/jre/lib/amd64/libzip.so
7fca91aba000-7fca91cb9000 ---p 00008000 08:06 1489805                    /usr/lib/jvm/java-7-openjdk-amd64/jre/lib/amd64/libzip.so
7fca91cb9000-7fca91cba000 r--p 00007000 08:06 1489805                    /usr/lib/jvm/java-7-openjdk-amd64/jre/lib/amd64/libzip.so
7fca91cba000-7fca91cbb000 rw-p 00008000 08:06 1489805                    /usr/lib/jvm/java-7-openjdk-amd64/jre/lib/amd64/libzip.so
7fca91cbb000-7fca91cc6000 r-xp 00000000 08:06 184225                     /lib/x86_64-linux-gnu/libnss_files-2.19.so
7fca91cc6000-7fca91ec5000 ---p 0000b000 08:06 184225                     /lib/x86_64-linux-gnu/libnss_files-2.19.so
7fca91ec5000-7fca91ec6000 r--p 0000a000 08:06 184225                     /lib/x86_64-linux-gnu/libnss_files-2.19.so
7fca91ec6000-7fca91ec7000 rw-p 0000b000 08:06 184225                     /lib/x86_64-linux-gnu/libnss_files-2.19.so
7fca91ec7000-7fca91ed2000 r-xp 00000000 08:06 145746                     /lib/x86_64-linux-gnu/libnss_nis-2.19.so
7fca91ed2000-7fca920d1000 ---p 0000b000 08:06 145746                     /lib/x86_64-linux-gnu/libnss_nis-2.19.so
7fca920d1000-7fca920d2000 r--p 0000a000 08:06 145746                     /lib/x86_64-linux-gnu/libnss_nis-2.19.so
7fca920d2000-7fca920d3000 rw-p 0000b000 08:06 145746                     /lib/x86_64-linux-gnu/libnss_nis-2.19.so
7fca920d3000-7fca920ea000 r-xp 00000000 08:06 145742                     /lib/x86_64-linux-gnu/libnsl-2.19.so
7fca920ea000-7fca922e9000 ---p 00017000 08:06 145742                     /lib/x86_64-linux-gnu/libnsl-2.19.so
7fca922e9000-7fca922ea000 r--p 00016000 08:06 145742                     /lib/x86_64-linux-gnu/libnsl-2.19.so
7fca922ea000-7fca922eb000 rw-p 00017000 08:06 145742                     /lib/x86_64-linux-gnu/libnsl-2.19.so
7fca922eb000-7fca922ed000 rw-p 00000000 00:00 0 
7fca922ed000-7fca922f6000 r-xp 00000000 08:06 145741                     /lib/x86_64-linux-gnu/libnss_compat-2.19.so
7fca922f6000-7fca924f5000 ---p 00009000 08:06 145741                     /lib/x86_64-linux-gnu/libnss_compat-2.19.so
7fca924f5000-7fca924f6000 r--p 00008000 08:06 145741                     /lib/x86_64-linux-gnu/libnss_compat-2.19.so
7fca924f6000-7fca924f7000 rw-p 00009000 08:06 145741                     /lib/x86_64-linux-gnu/libnss_compat-2.19.so
7fca924f7000-7fca92522000 r-xp 00000000 08:06 1489826                    /usr/lib/jvm/java-7-openjdk-amd64/jre/lib/amd64/libjava.so
7fca92522000-7fca92722000 ---p 0002b000 08:06 1489826                    /usr/lib/jvm/java-7-openjdk-amd64/jre/lib/amd64/libjava.so
7fca92722000-7fca92723000 r--p 0002b000 08:06 1489826                    /usr/lib/jvm/java-7-openjdk-amd64/jre/lib/amd64/libjava.so
7fca92723000-7fca92725000 rw-p 0002c000 08:06 1489826                    /usr/lib/jvm/java-7-openjdk-amd64/jre/lib/amd64/libjava.so
7fca92725000-7fca92735000 r-xp 00000000 08:06 1489810                    /usr/lib/jvm/java-7-openjdk-amd64/jre/lib/amd64/libverify.so
7fca92735000-7fca92934000 ---p 00010000 08:06 1489810                    /usr/lib/jvm/java-7-openjdk-amd64/jre/lib/amd64/libverify.so
7fca92934000-7fca92936000 r--p 0000f000 08:06 1489810                    /usr/lib/jvm/java-7-openjdk-amd64/jre/lib/amd64/libverify.so
7fca92936000-7fca92937000 rw-p 00011000 08:06 1489810                    /usr/lib/jvm/java-7-openjdk-amd64/jre/lib/amd64/libverify.so
7fca92937000-7fca9293e000 r-xp 00000000 08:06 148472                     /lib/x86_64-linux-gnu/librt-2.19.so
7fca9293e000-7fca92b3d000 ---p 00007000 08:06 148472                     /lib/x86_64-linux-gnu/librt-2.19.so
7fca92b3d000-7fca92b3e000 r--p 00006000 08:06 148472                     /lib/x86_64-linux-gnu/librt-2.19.so
7fca92b3e000-7fca92b3f000 rw-p 00007000 08:06 148472                     /lib/x86_64-linux-gnu/librt-2.19.so
7fca92b3f000-7fca92b55000 r-xp 00000000 08:06 131070                     /lib/x86_64-linux-gnu/libgcc_s.so.1
7fca92b55000-7fca92d54000 ---p 00016000 08:06 131070                     /lib/x86_64-linux-gnu/libgcc_s.so.1
7fca92d54000-7fca92d55000 rw-p 00015000 08:06 131070                     /lib/x86_64-linux-gnu/libgcc_s.so.1
7fca92d55000-7fca92e5a000 r-xp 00000000 08:06 135048                     /lib/x86_64-linux-gnu/libm-2.19.so
7fca92e5a000-7fca93059000 ---p 00105000 08:06 135048                     /lib/x86_64-linux-gnu/libm-2.19.so
7fca93059000-7fca9305a000 r--p 00104000 08:06 135048                     /lib/x86_64-linux-gnu/libm-2.19.so
7fca9305a000-7fca9305b000 rw-p 00105000 08:06 135048                     /lib/x86_64-linux-gnu/libm-2.19.so
7fca9305b000-7fca93141000 r-xp 00000000 08:06 1439330                    /usr/lib/x86_64-linux-gnu/libstdc++.so.6.0.19
7fca93141000-7fca93340000 ---p 000e6000 08:06 1439330                    /usr/lib/x86_64-linux-gnu/libstdc++.so.6.0.19
7fca93340000-7fca93348000 r--p 000e5000 08:06 1439330                    /usr/lib/x86_64-linux-gnu/libstdc++.so.6.0.19
7fca93348000-7fca9334a000 rw-p 000ed000 08:06 1439330                    /usr/lib/x86_64-linux-gnu/libstdc++.so.6.0.19
7fca9334a000-7fca9335f000 rw-p 00000000 00:00 0 
7fca9335f000-7fca93e84000 r-xp 00000000 08:06 1489806                    /usr/lib/jvm/java-7-openjdk-amd64/jre/lib/amd64/server/libjvm.so
7fca93e84000-7fca94084000 ---p 00b25000 08:06 1489806                    /usr/lib/jvm/java-7-openjdk-amd64/jre/lib/amd64/server/libjvm.so
7fca94084000-7fca9411e000 r--p 00b25000 08:06 1489806                    /usr/lib/jvm/java-7-openjdk-amd64/jre/lib/amd64/server/libjvm.so
7fca9411e000-7fca94141000 rw-p 00bbf000 08:06 1489806                    /usr/lib/jvm/java-7-openjdk-amd64/jre/lib/amd64/server/libjvm.so
7fca94141000-7fca9416f000 rw-p 00000000 00:00 0 
7fca9416f000-7fca94187000 r-xp 00000000 08:06 135112                     /lib/x86_64-linux-gnu/libz.so.1.2.8
7fca94187000-7fca94386000 ---p 00018000 08:06 135112                     /lib/x86_64-linux-gnu/libz.so.1.2.8
7fca94386000-7fca94387000 r--p 00017000 08:06 135112                     /lib/x86_64-linux-gnu/libz.so.1.2.8
7fca94387000-7fca94388000 rw-p 00018000 08:06 135112                     /lib/x86_64-linux-gnu/libz.so.1.2.8
7fca94388000-7fca943a1000 r-xp 00000000 08:06 145743                     /lib/x86_64-linux-gnu/libpthread-2.19.so
7fca943a1000-7fca945a0000 ---p 00019000 08:06 145743                     /lib/x86_64-linux-gnu/libpthread-2.19.so
7fca945a0000-7fca945a1000 r--p 00018000 08:06 145743                     /lib/x86_64-linux-gnu/libpthread-2.19.so
7fca945a1000-7fca945a2000 rw-p 00019000 08:06 145743                     /lib/x86_64-linux-gnu/libpthread-2.19.so
7fca945a2000-7fca945a6000 rw-p 00000000 00:00 0 
7fca945a6000-7fca945a9000 r-xp 00000000 08:06 145738                     /lib/x86_64-linux-gnu/libdl-2.19.so
7fca945a9000-7fca947a8000 ---p 00003000 08:06 145738                     /lib/x86_64-linux-gnu/libdl-2.19.so
7fca947a8000-7fca947a9000 r--p 00002000 08:06 145738                     /lib/x86_64-linux-gnu/libdl-2.19.so
7fca947a9000-7fca947aa000 rw-p 00003000 08:06 145738                     /lib/x86_64-linux-gnu/libdl-2.19.so
7fca947aa000-7fca94965000 r-xp 00000000 08:06 148473                     /lib/x86_64-linux-gnu/libc-2.19.so
7fca94965000-7fca94b64000 ---p 001bb000 08:06 148473                     /lib/x86_64-linux-gnu/libc-2.19.so
7fca94b64000-7fca94b68000 r--p 001ba000 08:06 148473                     /lib/x86_64-linux-gnu/libc-2.19.so
7fca94b68000-7fca94b6a000 rw-p 001be000 08:06 148473                     /lib/x86_64-linux-gnu/libc-2.19.so
7fca94b6a000-7fca94b6f000 rw-p 00000000 00:00 0 
7fca94b6f000-7fca94b7c000 r-xp 00000000 08:06 1489800                    /usr/lib/jvm/java-7-openjdk-amd64/jre/lib/amd64/jli/libjli.so
7fca94b7c000-7fca94d7b000 ---p 0000d000 08:06 1489800                    /usr/lib/jvm/java-7-openjdk-amd64/jre/lib/amd64/jli/libjli.so
7fca94d7b000-7fca94d7c000 r--p 0000c000 08:06 1489800                    /usr/lib/jvm/java-7-openjdk-amd64/jre/lib/amd64/jli/libjli.so
7fca94d7c000-7fca94d7d000 rw-p 0000d000 08:06 1489800                    /usr/lib/jvm/java-7-openjdk-amd64/jre/lib/amd64/jli/libjli.so
7fca94d7d000-7fca94da0000 r-xp 00000000 08:06 145744                     /lib/x86_64-linux-gnu/ld-2.19.so
7fca94da0000-7fca94da3000 r--s 0000f000 08:06 1489840                    /usr/lib/jvm/java-7-openjdk-amd64/jre/lib/ext/icedtea-sound.jar
7fca94da3000-7fca94dc5000 rw-p 00000000 00:00 0 
7fca94dc5000-7fca94e7b000 rw-p 00000000 00:00 0 
7fca94e7b000-7fca94e7e000 ---p 00000000 00:00 0 
7fca94e7e000-7fca94f82000 rw-p 00000000 00:00 0                          [stack:5961]
7fca94f82000-7fca94f84000 r--s 00012000 08:06 1489837                    /usr/lib/jvm/java-7-openjdk-amd64/jre/lib/ext/zipfs.jar
7fca94f84000-7fca94f85000 r--s 00002000 08:06 1489839                    /usr/lib/jvm/java-7-openjdk-amd64/jre/lib/ext/dnsns.jar
7fca94f85000-7fca94f87000 r--s 00006000 08:06 1840524                    /usr/share/java/java-atk-wrapper.jar
7fca94f87000-7fca94f8b000 r--s 0003c000 08:06 1489838                    /usr/lib/jvm/java-7-openjdk-amd64/jre/lib/ext/sunpkcs11.jar
7fca94f8b000-7fca94f8f000 r--s 00034000 08:06 1489836                    /usr/lib/jvm/java-7-openjdk-amd64/jre/lib/ext/sunjce_provider.jar
7fca94f8f000-7fca94f93000 r--s 00085000 08:06 1489835                    /usr/lib/jvm/java-7-openjdk-amd64/jre/lib/ext/localedata.jar
7fca94f93000-7fca94f9b000 rw-s 00000000 08:06 1846224                    /tmp/hsperfdata_tulin/5959
7fca94f9b000-7fca94f9c000 rw-p 00000000 00:00 0 
7fca94f9c000-7fca94f9d000 ---p 00000000 00:00 0 
7fca94f9d000-7fca94f9f000 rw-p 00000000 00:00 0 
7fca94f9f000-7fca94fa0000 r--p 00022000 08:06 145744                     /lib/x86_64-linux-gnu/ld-2.19.so
7fca94fa0000-7fca94fa1000 rw-p 00023000 08:06 145744                     /lib/x86_64-linux-gnu/ld-2.19.so
7fca94fa1000-7fca94fa2000 rw-p 00000000 00:00 0 
7fff14b1d000-7fff14b3e000 rw-p 00000000 00:00 0                          [stack]
7fff14b8c000-7fff14b8e000 r-xp 00000000 00:00 0                          [vdso]
ffffffffff600000-ffffffffff601000 r-xp 00000000 00:00 0                  [vsyscall]

VM Arguments:
jvm_args: -Djava.awt.headless=true -Xmx1024M -Dfile.encoding=UTF-8 -Duser.country=US -Duser.language=en -Duser.variant 
java_command: com.android.dx.command.Main --dex --num-threads=4 --output /home/tulin/AndroidStudioProjects/CamApp/app/build/intermediates/pre-dexed/debug/com.android.support-appcompat-v7-23.2.0_379181285c7b8b84d75b0ff6e2ce57e79279b14d.jar /home/tulin/AndroidStudioProjects/CamApp/app/build/intermediates/exploded-aar/com.android.support/appcompat-v7/23.2.0/jars/classes.jar
Launcher Type: SUN_STANDARD

Environment Variables:
PATH=/usr/local/sbin:/usr/local/bin:/usr/sbin:/usr/bin:/sbin:/bin:/usr/games:/usr/local/games
SHELL=/bin/bash
DISPLAY=:0

Signal Handlers:
SIGSEGV: [libjvm.so+0x955bc0], sa_mask[0]=0x7ffbfeff, sa_flags=0x10000004
SIGBUS: [libjvm.so+0x955bc0], sa_mask[0]=0x7ffbfeff, sa_flags=0x10000004
SIGFPE: [libjvm.so+0x7caff0], sa_mask[0]=0x7ffbfeff, sa_flags=0x10000004
SIGPIPE: [libjvm.so+0x7caff0], sa_mask[0]=0x7ffbfeff, sa_flags=0x10000004
SIGXFSZ: [libjvm.so+0x7caff0], sa_mask[0]=0x7ffbfeff, sa_flags=0x10000004
SIGILL: [libjvm.so+0x7caff0], sa_mask[0]=0x7ffbfeff, sa_flags=0x10000004
SIGUSR1: SIG_DFL, sa_mask[0]=0x00000000, sa_flags=0x00000000
SIGUSR2: [libjvm.so+0x7cae90], sa_mask[0]=0x00000004, sa_flags=0x10000004
SIGHUP: [libjvm.so+0x7cb070], sa_mask[0]=0x7ffbfeff, sa_flags=0x10000004
SIGINT: [libjvm.so+0x7cb070], sa_mask[0]=0x7ffbfeff, sa_flags=0x10000004
SIGTERM: [libjvm.so+0x7cb070], sa_mask[0]=0x7ffbfeff, sa_flags=0x10000004
SIGQUIT: [libjvm.so+0x7cb070], sa_mask[0]=0x7ffbfeff, sa_flags=0x10000004
SIGTRAP: SIG_DFL, sa_mask[0]=0x00000000, sa_flags=0x00000000


---------------  S Y S T E M  ---------------

OS:Ubuntu 14.04 (trusty)
uname:Linux 3.13.0-79-generic #123-Ubuntu SMP Fri Feb 19 14:27:58 UTC 2016 x86_64
libc:glibc 2.19 NPTL 2.19 
rlimit: STACK 8192k, CORE 0k, NPROC 30460, NOFILE 4096, AS infinity
load average:6,15 1,95 1,52

/proc/meminfo:
MemTotal:        3946988 kB
MemFree:          286260 kB
Buffers:             396 kB
Cached:           442520 kB
SwapCached:            0 kB
Active:          3049632 kB
Inactive:         438892 kB
Active(anon):    3047968 kB
Inactive(anon):   420556 kB
Active(file):       1664 kB
Inactive(file):    18336 kB
Unevictable:          32 kB
Mlocked:              32 kB
SwapTotal:             0 kB
SwapFree:              0 kB
Dirty:                 0 kB
Writeback:             0 kB
AnonPages:       3045976 kB
Mapped:           148988 kB
Shmem:            422580 kB
Slab:              70208 kB
SReclaimable:      32488 kB
SUnreclaim:        37720 kB
KernelStack:        6160 kB
PageTables:        40868 kB
NFS_Unstable:          0 kB
Bounce:                0 kB
WritebackTmp:          0 kB
CommitLimit:     1973492 kB
Committed_AS:    8285000 kB
VmallocTotal:   34359738367 kB
VmallocUsed:      350216 kB
VmallocChunk:   34359381756 kB
HardwareCorrupted:     0 kB
AnonHugePages:   1517568 kB
HugePages_Total:       0
HugePages_Free:        0
HugePages_Rsvd:        0
HugePages_Surp:        0
Hugepagesize:       2048 kB
DirectMap4k:       62496 kB
DirectMap2M:     4032512 kB


CPU:total 4 (2 cores per cpu, 2 threads per core) family 6 model 42 stepping 7, cmov, cx8, fxsr, mmx, sse, sse2, sse3, ssse3, sse4.1, sse4.2, popcnt, avx, aes, ht, tsc, tscinvbit

/proc/cpuinfo:
processor	: 0
vendor_id	: GenuineIntel
cpu family	: 6
model		: 42
model name	: Intel(R) Core(TM) i5-2557M CPU @ 1.70GHz
stepping	: 7
microcode	: 0x1a
cpu MHz		: 1701.000
cache size	: 3072 KB
physical id	: 0
siblings	: 4
core id		: 0
cpu cores	: 2
apicid		: 0
initial apicid	: 0
fpu		: yes
fpu_exception	: yes
cpuid level	: 13
wp		: yes
flags		: fpu vme de pse tsc msr pae mce cx8 apic sep mtrr pge mca cmov pat pse36 clflush dts acpi mmx fxsr sse sse2 ss ht tm pbe syscall nx rdtscp lm constant_tsc arch_perfmon pebs bts rep_good nopl xtopology nonstop_tsc aperfmperf eagerfpu pni pclmulqdq dtes64 monitor ds_cpl vmx smx est tm2 ssse3 cx16 xtpr pdcm pcid sse4_1 sse4_2 x2apic popcnt tsc_deadline_timer aes xsave avx lahf_lm ida arat epb xsaveopt pln pts dtherm tpr_shadow vnmi flexpriority ept vpid
bogomips	: 3392.16
clflush size	: 64
cache_alignment	: 64
address sizes	: 36 bits physical, 48 bits virtual
power management:

processor	: 1
vendor_id	: GenuineIntel
cpu family	: 6
model		: 42
model name	: Intel(R) Core(TM) i5-2557M CPU @ 1.70GHz
stepping	: 7
microcode	: 0x1a
cpu MHz		: 1701.000
cache size	: 3072 KB
physical id	: 0
siblings	: 4
core id		: 1
cpu cores	: 2
apicid		: 2
initial apicid	: 2
fpu		: yes
fpu_exception	: yes
cpuid level	: 13
wp		: yes
flags		: fpu vme de pse tsc msr pae mce cx8 apic sep mtrr pge mca cmov pat pse36 clflush dts acpi mmx fxsr sse sse2 ss ht tm pbe syscall nx rdtscp lm constant_tsc arch_perfmon pebs bts rep_good nopl xtopology nonstop_tsc aperfmperf eagerfpu pni pclmulqdq dtes64 monitor ds_cpl vmx smx est tm2 ssse3 cx16 xtpr pdcm pcid sse4_1 sse4_2 x2apic popcnt tsc_deadline_timer aes xsave avx lahf_lm ida arat epb xsaveopt pln pts dtherm tpr_shadow vnmi flexpriority ept vpid
bogomips	: 3392.16
clflush size	: 64
cache_alignment	: 64
address sizes	: 36 bits physical, 48 bits virtual
power management:

processor	: 2
vendor_id	: GenuineIntel
cpu family	: 6
model		: 42
model name	: Intel(R) Core(TM) i5-2557M CPU @ 1.70GHz
stepping	: 7
microcode	: 0x1a
cpu MHz		: 1701.000
cache size	: 3072 KB
physical id	: 0
siblings	: 4
core id		: 0
cpu cores	: 2
apicid		: 1
initial apicid	: 1
fpu		: yes
fpu_exception	: yes
cpuid level	: 13
wp		: yes
flags		: fpu vme de pse tsc msr pae mce cx8 apic sep mtrr pge mca cmov pat pse36 clflush dts acpi mmx fxsr sse sse2 ss ht tm pbe syscall nx rdtscp lm constant_tsc arch_perfmon pebs bts rep_good nopl xtopology nonstop_tsc aperfmperf eagerfpu pni pclmulqdq dtes64 monitor ds_cpl vmx smx est tm2 ssse3 cx16 xtpr pdcm pcid sse4_1 sse4_2 x2apic popcnt tsc_deadline_timer aes xsave avx lahf_lm ida arat epb xsaveopt pln pts dtherm tpr_shadow vnmi flexpriority ept vpid
bogomips	: 3392.16
clflush size	: 64
cache_alignment	: 64
address sizes	: 36 bits physical, 48 bits virtual
power management:

processor	: 3
vendor_id	: GenuineIntel
cpu family	: 6
model		: 42
model name	: Intel(R) Core(TM) i5-2557M CPU @ 1.70GHz
stepping	: 7
microcode	: 0x1a
cpu MHz		: 1701.000
cache size	: 3072 KB
physical id	: 0
siblings	: 4
core id		: 1
cpu cores	: 2
apicid		: 3
initial apicid	: 3
fpu		: yes
fpu_exception	: yes
cpuid level	: 13
wp		: yes
flags		: fpu vme de pse tsc msr pae mce cx8 apic sep mtrr pge mca cmov pat pse36 clflush dts acpi mmx fxsr sse sse2 ss ht tm pbe syscall nx rdtscp lm constant_tsc arch_perfmon pebs bts rep_good nopl xtopology nonstop_tsc aperfmperf eagerfpu pni pclmulqdq dtes64 monitor ds_cpl vmx smx est tm2 ssse3 cx16 xtpr pdcm pcid sse4_1 sse4_2 x2apic popcnt tsc_deadline_timer aes xsave avx lahf_lm ida arat epb xsaveopt pln pts dtherm tpr_shadow vnmi flexpriority ept vpid
bogomips	: 3392.16
clflush size	: 64
cache_alignment	: 64
address sizes	: 36 bits physical, 48 bits virtual
power management:



Memory: 4k page, physical 3946988k(286260k free), swap 0k(0k free)

vm_info: OpenJDK 64-Bit Server VM (24.95-b01) for linux-amd64 JRE (1.7.0_95-b00), built on Jan 21 2016 03:31:40 by "buildd" with gcc 4.8.4

time: Fri Mar 11 02:29:57 2016
elapsed time: 11 seconds

