#
# There is insufficient memory for the Java Runtime Environment to continue.
# Native memory allocation (malloc) failed to allocate 84934656 bytes for committing reserved memory.
# Possible reasons:
#   The system is out of physical RAM or swap space
#   In 32 bit mode, the process size limit was hit
# Possible solutions:
#   Reduce memory load on the system
#   Increase physical memory or swap space
#   Check if swap backing store is full
#   Use 64 bit Java on a 64 bit OS
#   Decrease Java heap size (-Xmx/-Xms)
#   Decrease number of Java threads
#   Decrease Java thread stack sizes (-Xss)
#   Set larger code cache with -XX:ReservedCodeCacheSize=
# This output file may be truncated or incomplete.
#
#  Out of Memory Error (os_linux.cpp:2827), pid=6670, tid=140033263658752
#
# JRE version: OpenJDK Runtime Environment (7.0_95) (build 1.7.0_95-b00)
# Java VM: OpenJDK 64-Bit Server VM (24.95-b01 mixed mode linux-amd64 compressed oops)
# Derivative: IcedTea 2.6.4
# Distribution: Ubuntu 14.04.3 LTS, package 7u95-2.6.4-0ubuntu0.14.04.1
# Failed to write core dump. Core dumps have been disabled. To enable core dumping, try "ulimit -c unlimited" before starting Java again
#

---------------  T H R E A D  ---------------

Current thread (0x00007f5c0c076000):  VMThread [stack: 0x00007f5c08dfe000,0x00007f5c08eff000] [id=6680]

Stack: [0x00007f5c08dfe000,0x00007f5c08eff000],  sp=0x00007f5c08efd490,  free space=1021k
Native frames: (J=compiled Java code, j=interpreted, Vv=VM code, C=native code)
V  [libjvm.so+0x9550e5]
V  [libjvm.so+0x4902b4]
V  [libjvm.so+0x7cf7bb]
V  [libjvm.so+0x7ca28f]
V  [libjvm.so+0x83e56b]
V  [libjvm.so+0x82dacb]
V  [libjvm.so+0x82dc8b]
V  [libjvm.so+0x82ebb8]
V  [libjvm.so+0x835814]
V  [libjvm.so+0x83be8d]
V  [libjvm.so+0x7f1fd3]
V  [libjvm.so+0x956ae4]
V  [libjvm.so+0x95abe7]
V  [libjvm.so+0x9596a8]
V  [libjvm.so+0x959b09]
V  [libjvm.so+0x959f52]
V  [libjvm.so+0x7cc682]

VM_Operation (0x00007f5bfbdfc0f0): ParallelGCFailedAllocation, mode: safepoint, requested by thread 0x00007f5c0c1d2800


---------------  P R O C E S S  ---------------

Java Threads: ( => current thread )
  0x00007f5c0c1d4000 JavaThread "pool-2-thread-4" [_thread_blocked, id=6692, stack(0x00007f5bfbbfc000,0x00007f5bfbcfd000)]
  0x00007f5c0c1d2800 JavaThread "pool-2-thread-3" [_thread_blocked, id=6691, stack(0x00007f5bfbcfd000,0x00007f5bfbdfe000)]
  0x00007f5c0c1d1000 JavaThread "pool-2-thread-2" [_thread_blocked, id=6690, stack(0x00007f5bfbdfe000,0x00007f5bfbeff000)]
  0x00007f5c0c1cf000 JavaThread "pool-3-thread-1" [_thread_blocked, id=6689, stack(0x00007f5bfbeff000,0x00007f5bfc000000)]
  0x00007f5c0c1ce800 JavaThread "pool-2-thread-1" [_thread_blocked, id=6688, stack(0x00007f5c0004f000,0x00007f5c00150000)]
  0x00007f5c0c0b0000 JavaThread "Service Thread" daemon [_thread_blocked, id=6686, stack(0x00007f5c019cf000,0x00007f5c01ad0000)]
  0x00007f5c0c0ad800 JavaThread "C2 CompilerThread1" daemon [_thread_blocked, id=6685, stack(0x00007f5c080a7000,0x00007f5c081a8000)]
  0x00007f5c0c0aa800 JavaThread "C2 CompilerThread0" daemon [_thread_in_native, id=6684, stack(0x00007f5c081a8000,0x00007f5c082a9000)]
  0x00007f5c0c0a8800 JavaThread "Signal Dispatcher" daemon [_thread_blocked, id=6683, stack(0x00007f5c082a9000,0x00007f5c083aa000)]
  0x00007f5c0c07c000 JavaThread "Finalizer" daemon [_thread_blocked, id=6682, stack(0x00007f5c08bfc000,0x00007f5c08cfd000)]
  0x00007f5c0c07a000 JavaThread "Reference Handler" daemon [_thread_blocked, id=6681, stack(0x00007f5c08cfd000,0x00007f5c08dfe000)]
  0x00007f5c0c00a800 JavaThread "main" [_thread_blocked, id=6675, stack(0x00007f5c14fd5000,0x00007f5c150d6000)]

Other Threads:
=>0x00007f5c0c076000 VMThread [stack: 0x00007f5c08dfe000,0x00007f5c08eff000] [id=6680]
  0x00007f5c0c0ba800 WatcherThread [stack: 0x00007f5c018ce000,0x00007f5c019cf000] [id=6687]

VM state:at safepoint (normal execution)

VM Mutex/Monitor currently owned by a thread:  ([mutex/lock_event])
[0x00007f5c0c006370] ExpandHeap_lock - owner thread: 0x00007f5c0c076000
[0x00007f5c0c0069f0] Threads_lock - owner thread: 0x00007f5c0c076000
[0x00007f5c0c006ef0] Heap_lock - owner thread: 0x00007f5c0c1d2800

Heap
 PSYoungGen      total 285184K, used 27762K [0x00000000eaa80000, 0x0000000100000000, 0x0000000100000000)
  eden space 245248K, 0% used [0x00000000eaa80000,0x00000000eaa80000,0x00000000f9a00000)
  from space 39936K, 69% used [0x00000000f9a00000,0x00000000fb51cbe8,0x00000000fc100000)
  to   space 56832K, 0% used [0x00000000fc880000,0x00000000fc880000,0x0000000100000000)
 ParOldGen       total 133120K, used 133073K [0x00000000c0000000, 0x00000000c8200000, 0x00000000eaa80000)
  object space 133120K, 99% used [0x00000000c0000000,0x00000000c81f44a0,0x00000000c8200000)
 PSPermGen       total 21504K, used 6481K [0x00000000b5a00000, 0x00000000b6f00000, 0x00000000c0000000)
  object space 21504K, 30% used [0x00000000b5a00000,0x00000000b6054428,0x00000000b6f00000)

Card table byte_map: [0x00007f5c119b8000,0x00007f5c11c0c000] byte_map_base: 0x00007f5c1140b000

Polling page: 0x00007f5c150f6000

Code Cache  [0x00007f5c09000000, 0x00007f5c09380000, 0x00007f5c0c000000)
 total_blobs=1253 nmethods=1022 adapters=184 free_code_cache=45644Kb largest_free_block=46694976

Compilation events (10 events):
Event: 13,793 Thread 0x00007f5c0c0ad800 nmethod 1050 0x00007f5c093770d0 code [0x00007f5c09377220, 0x00007f5c09377368]
Event: 13,793 Thread 0x00007f5c0c0ad800 1051             com.android.dx.dex.code.RopTranslator$1::<init> (20 bytes)
Event: 13,793 Thread 0x00007f5c0c0ad800 nmethod 1051 0x00007f5c09377490 code [0x00007f5c093775c0, 0x00007f5c09377638]
Event: 13,793 Thread 0x00007f5c0c0ad800 1052             java.util.EnumSet::<init> (15 bytes)
Event: 13,794 Thread 0x00007f5c0c0ad800 nmethod 1052 0x00007f5c09377690 code [0x00007f5c093777c0, 0x00007f5c09377838]
Event: 13,794 Thread 0x00007f5c0c0ad800 1053             java.lang.System$2::getEnumConstantsShared (8 bytes)
Event: 13,795 Thread 0x00007f5c0c0ad800 nmethod 1053 0x00007f5c09377890 code [0x00007f5c093779e0, 0x00007f5c09377a98]
Event: 13,795 Thread 0x00007f5c0c0ad800 1054   !         java.lang.Class::getEnumConstantsShared (76 bytes)
Event: 13,796 Thread 0x00007f5c0c0ad800 nmethod 1054 0x00007f5c09377b90 code [0x00007f5c09377cc0, 0x00007f5c09377d38]
Event: 13,796 Thread 0x00007f5c0c0ad800 1055             com.android.dx.rop.code.LocalVariableExtractor::<init> (59 bytes)

GC Heap History (10 events):
Event: 8,531 GC heap after
Heap after GC invocations=9 (full 1):
 PSYoungGen      total 212480K, used 18823K [0x00000000eaa80000, 0x00000000fcb00000, 0x0000000100000000)
  eden space 193536K, 0% used [0x00000000eaa80000,0x00000000eaa80000,0x00000000f6780000)
  from space 18944K, 99% used [0x00000000fb880000,0x00000000fcae1e58,0x00000000fcb00000)
  to   space 29184K, 0% used [0x00000000f9200000,0x00000000f9200000,0x00000000fae80000)
 ParOldGen       total 77312K, used 40617K [0x00000000c0000000, 0x00000000c4b80000, 0x00000000eaa80000)
  object space 77312K, 52% used [0x00000000c0000000,0x00000000c27aa680,0x00000000c4b80000)
 PSPermGen       total 21504K, used 6409K [0x00000000b5a00000, 0x00000000b6f00000, 0x00000000c0000000)
  object space 21504K, 29% used [0x00000000b5a00000,0x00000000b6042580,0x00000000b6f00000)
}
Event: 10,725 GC heap before
{Heap before GC invocations=10 (full 1):
 PSYoungGen      total 212480K, used 212359K [0x00000000eaa80000, 0x00000000fcb00000, 0x0000000100000000)
  eden space 193536K, 100% used [0x00000000eaa80000,0x00000000f6780000,0x00000000f6780000)
  from space 18944K, 99% used [0x00000000fb880000,0x00000000fcae1e58,0x00000000fcb00000)
  to   space 29184K, 0% used [0x00000000f9200000,0x00000000f9200000,0x00000000fae80000)
 ParOldGen       total 77312K, used 40617K [0x00000000c0000000, 0x00000000c4b80000, 0x00000000eaa80000)
  object space 77312K, 52% used [0x00000000c0000000,0x00000000c27aa680,0x00000000c4b80000)
 PSPermGen       total 21504K, used 6433K [0x00000000b5a00000, 0x00000000b6f00000, 0x00000000c0000000)
  object space 21504K, 29% used [0x00000000b5a00000,0x00000000b6048668,0x00000000b6f00000)
Event: 10,805 GC heap after
Heap after GC invocations=10 (full 1):
 PSYoungGen      total 266240K, used 29160K [0x00000000eaa80000, 0x00000000ff700000, 0x0000000100000000)
  eden space 237056K, 0% used [0x00000000eaa80000,0x00000000eaa80000,0x00000000f9200000)
  from space 29184K, 99% used [0x00000000f9200000,0x00000000fae7a138,0x00000000fae80000)
  to   space 42496K, 0% used [0x00000000fcd80000,0x00000000fcd80000,0x00000000ff700000)
 ParOldGen       total 77312K, used 60649K [0x00000000c0000000, 0x00000000c4b80000, 0x00000000eaa80000)
  object space 77312K, 78% used [0x00000000c0000000,0x00000000c3b3a7c8,0x00000000c4b80000)
 PSPermGen       total 21504K, used 6433K [0x00000000b5a00000, 0x00000000b6f00000, 0x00000000c0000000)
  object space 21504K, 29% used [0x00000000b5a00000,0x00000000b6048668,0x00000000b6f00000)
}
Event: 10,805 GC heap before
{Heap before GC invocations=11 (full 2):
 PSYoungGen      total 266240K, used 29160K [0x00000000eaa80000, 0x00000000ff700000, 0x0000000100000000)
  eden space 237056K, 0% used [0x00000000eaa80000,0x00000000eaa80000,0x00000000f9200000)
  from space 29184K, 99% used [0x00000000f9200000,0x00000000fae7a138,0x00000000fae80000)
  to   space 42496K, 0% used [0x00000000fcd80000,0x00000000fcd80000,0x00000000ff700000)
 ParOldGen       total 77312K, used 60649K [0x00000000c0000000, 0x00000000c4b80000, 0x00000000eaa80000)
  object space 77312K, 78% used [0x00000000c0000000,0x00000000c3b3a7c8,0x00000000c4b80000)
 PSPermGen       total 21504K, used 6433K [0x00000000b5a00000, 0x00000000b6f00000, 0x00000000c0000000)
  object space 21504K, 29% used [0x00000000b5a00000,0x00000000b6048668,0x00000000b6f00000)
Event: 11,287 GC heap after
Heap after GC invocations=11 (full 2):
 PSYoungGen      total 266240K, used 10045K [0x00000000eaa80000, 0x00000000ff700000, 0x0000000100000000)
  eden space 237056K, 0% used [0x00000000eaa80000,0x00000000eaa80000,0x00000000f9200000)
  from space 29184K, 34% used [0x00000000f9200000,0x00000000f9bcf530,0x00000000fae80000)
  to   space 42496K, 0% used [0x00000000fcd80000,0x00000000fcd80000,0x00000000ff700000)
 ParOldGen       total 133120K, used 77004K [0x00000000c0000000, 0x00000000c8200000, 0x00000000eaa80000)
  object space 133120K, 57% used [0x00000000c0000000,0x00000000c4b33298,0x00000000c8200000)
 PSPermGen       total 21504K, used 6432K [0x00000000b5a00000, 0x00000000b6f00000, 0x00000000c0000000)
  object space 21504K, 29% used [0x00000000b5a00000,0x00000000b60483e8,0x00000000b6f00000)
}
Event: 12,884 GC heap before
{Heap before GC invocations=12 (full 2):
 PSYoungGen      total 266240K, used 247101K [0x00000000eaa80000, 0x00000000ff700000, 0x0000000100000000)
  eden space 237056K, 100% used [0x00000000eaa80000,0x00000000f9200000,0x00000000f9200000)
  from space 29184K, 34% used [0x00000000f9200000,0x00000000f9bcf530,0x00000000fae80000)
  to   space 42496K, 0% used [0x00000000fcd80000,0x00000000fcd80000,0x00000000ff700000)
 ParOldGen       total 133120K, used 77004K [0x00000000c0000000, 0x00000000c8200000, 0x00000000eaa80000)
  object space 133120K, 57% used [0x00000000c0000000,0x00000000c4b33298,0x00000000c8200000)
 PSPermGen       total 21504K, used 6461K [0x00000000b5a00000, 0x00000000b6f00000, 0x00000000c0000000)
  object space 21504K, 30% used [0x00000000b5a00000,0x00000000b604f530,0x00000000b6f00000)
Event: 12,987 GC heap after
Heap after GC invocations=12 (full 2):
 PSYoungGen      total 287744K, used 42478K [0x00000000eaa80000, 0x0000000100000000, 0x0000000100000000)
  eden space 245248K, 0% used [0x00000000eaa80000,0x00000000eaa80000,0x00000000f9a00000)
  from space 42496K, 99% used [0x00000000fcd80000,0x00000000ff6fb8a0,0x00000000ff700000)
  to   space 52224K, 0% used [0x00000000f9a00000,0x00000000f9a00000,0x00000000fcd00000)
 ParOldGen       total 133120K, used 82913K [0x00000000c0000000, 0x00000000c8200000, 0x00000000eaa80000)
  object space 133120K, 62% used [0x00000000c0000000,0x00000000c50f86a0,0x00000000c8200000)
 PSPermGen       total 21504K, used 6461K [0x00000000b5a00000, 0x00000000b6f00000, 0x00000000c0000000)
  object space 21504K, 30% used [0x00000000b5a00000,0x00000000b604f530,0x00000000b6f00000)
}
Event: 13,827 GC heap before
{Heap before GC invocations=13 (full 2):
 PSYoungGen      total 287744K, used 287726K [0x00000000eaa80000, 0x0000000100000000, 0x0000000100000000)
  eden space 245248K, 100% used [0x00000000eaa80000,0x00000000f9a00000,0x00000000f9a00000)
  from space 42496K, 99% used [0x00000000fcd80000,0x00000000ff6fb8a0,0x00000000ff700000)
  to   space 52224K, 0% used [0x00000000f9a00000,0x00000000f9a00000,0x00000000fcd00000)
 ParOldGen       total 133120K, used 82913K [0x00000000c0000000, 0x00000000c8200000, 0x00000000eaa80000)
  object space 133120K, 62% used [0x00000000c0000000,0x00000000c50f86a0,0x00000000c8200000)
 PSPermGen       total 21504K, used 6481K [0x00000000b5a00000, 0x00000000b6f00000, 0x00000000c0000000)
  object space 21504K, 30% used [0x00000000b5a00000,0x00000000b60546e8,0x00000000b6f00000)
Event: 13,961 GC heap after
Heap after GC invocations=13 (full 2):
 PSYoungGen      total 285184K, used 39727K [0x00000000eaa80000, 0x0000000100000000, 0x0000000100000000)
  eden space 245248K, 0% used [0x00000000eaa80000,0x00000000eaa80000,0x00000000f9a00000)
  from space 39936K, 99% used [0x00000000f9a00000,0x00000000fc0cbce8,0x00000000fc100000)
  to   space 56832K, 0% used [0x00000000fc880000,0x00000000fc880000,0x0000000100000000)
 ParOldGen       total 133120K, used 125040K [0x00000000c0000000, 0x00000000c8200000, 0x00000000eaa80000)
  object space 133120K, 93% used [0x00000000c0000000,0x00000000c7a1c208,0x00000000c8200000)
 PSPermGen       total 21504K, used 6481K [0x00000000b5a00000, 0x00000000b6f00000, 0x00000000c0000000)
  object space 21504K, 30% used [0x00000000b5a00000,0x00000000b60546e8,0x00000000b6f00000)
}
Event: 13,963 GC heap before
{Heap before GC invocations=14 (full 3):
 PSYoungGen      total 285184K, used 39727K [0x00000000eaa80000, 0x0000000100000000, 0x0000000100000000)
  eden space 245248K, 0% used [0x00000000eaa80000,0x00000000eaa80000,0x00000000f9a00000)
  from space 39936K, 99% used [0x00000000f9a00000,0x00000000fc0cbce8,0x00000000fc100000)
  to   space 56832K, 0% used [0x00000000fc880000,0x00000000fc880000,0x0000000100000000)
 ParOldGen       total 133120K, used 125040K [0x00000000c0000000, 0x00000000c8200000, 0x00000000eaa80000)
  object space 133120K, 93% used [0x00000000c0000000,0x00000000c7a1c208,0x00000000c8200000)
 PSPermGen       total 21504K, used 6481K [0x00000000b5a00000, 0x00000000b6f00000, 0x00000000c0000000)
  object space 21504K, 30% used [0x00000000b5a00000,0x00000000b60546e8,0x00000000b6f00000)

Deoptimization events (10 events):
Event: 8,299 Thread 0x00007f5c0c1ce800 Uncommon trap: reason=unstable_if action=reinterpret pc=0x00007f5c090ac834 method=com.android.dx.util.IntList.binarysearch(I)I @ 105
Event: 8,319 Thread 0x00007f5c0c1ce800 Uncommon trap: reason=unstable_if action=reinterpret pc=0x00007f5c090a01b0 method=com.android.dx.ssa.MoveParamCombiner$1.visitNonMoveInsn(Lcom/android/dx/ssa/NormalSsaInsn;)V @ 27
Event: 11,877 Thread 0x00007f5c0c1d4000 Uncommon trap: reason=unstable_if action=reinterpret pc=0x00007f5c09264b2c method=com.android.dx.cf.code.Ropper.addOrReplaceBlock(Lcom/android/dx/rop/code/BasicBlock;Lcom/android/dx/util/IntList;)Z @ 24
Event: 11,878 Thread 0x00007f5c0c00a800 Uncommon trap: reason=unstable_if action=reinterpret pc=0x00007f5c0917c464 method=com.android.dx.ssa.SCCP.simulateStmt(Lcom/android/dx/ssa/SsaInsn;)V @ 435
Event: 12,632 Thread 0x00007f5c0c1d1000 Uncommon trap: reason=bimorphic action=maybe_recompile pc=0x00007f5c091a62a0 method=com.android.dx.ssa.LiteralOpUpgrader.tryReplacingWithConstant(Lcom/android/dx/ssa/NormalSsaInsn;)Z @ 62
Event: 12,645 Thread 0x00007f5c0c1d1000 Uncommon trap: reason=bimorphic action=maybe_recompile pc=0x00007f5c091a62a0 method=com.android.dx.ssa.LiteralOpUpgrader.tryReplacingWithConstant(Lcom/android/dx/ssa/NormalSsaInsn;)Z @ 62
Event: 13,722 Thread 0x00007f5c0c00a800 Uncommon trap: reason=bimorphic action=maybe_recompile pc=0x00007f5c091a62a0 method=com.android.dx.ssa.LiteralOpUpgrader.tryReplacingWithConstant(Lcom/android/dx/ssa/NormalSsaInsn;)Z @ 62
Event: 13,779 Thread 0x00007f5c0c1ce800 Uncommon trap: reason=class_check action=maybe_recompile pc=0x00007f5c091ed800 method=com.android.dx.ssa.SCCP.replaceConstants()V @ 182
Event: 13,797 Thread 0x00007f5c0c1ce800 Uncommon trap: reason=class_check action=maybe_recompile pc=0x00007f5c091ed800 method=com.android.dx.ssa.SCCP.replaceConstants()V @ 182
Event: 13,821 Thread 0x00007f5c0c1d4000 Uncommon trap: reason=bimorphic action=maybe_recompile pc=0x00007f5c091a62a0 method=com.android.dx.ssa.LiteralOpUpgrader.tryReplacingWithConstant(Lcom/android/dx/ssa/NormalSsaInsn;)Z @ 62

Internal exceptions (10 events):
Event: 1,783 Thread 0x00007f5c0c00a800 Threw 0x00000000ec7459a0 at /build/openjdk-7-2FOwCu/openjdk-7-7u95-2.6.4/build/openjdk/hotspot/src/share/vm/prims/jvm.cpp:1322
Event: 2,160 Thread 0x00007f5c0c00a800 Threw 0x00000000eb9145c0 at /build/openjdk-7-2FOwCu/openjdk-7-7u95-2.6.4/build/openjdk/hotspot/src/share/vm/prims/jvm.cpp:1322
Event: 2,539 Thread 0x00007f5c0c1d4000 Threw 0x00000000eca33fa0 at /build/openjdk-7-2FOwCu/openjdk-7-7u95-2.6.4/build/openjdk/hotspot/src/share/vm/prims/jvm.cpp:1322
Event: 3,811 Thread 0x00007f5c0c1d2800 Threw 0x00000000ec1c26c0 at /build/openjdk-7-2FOwCu/openjdk-7-7u95-2.6.4/build/openjdk/hotspot/src/share/vm/prims/jvm.cpp:1322
Event: 4,439 Thread 0x00007f5c0c00a800 Threw 0x00000000ed7a4860 at /build/openjdk-7-2FOwCu/openjdk-7-7u95-2.6.4/build/openjdk/hotspot/src/share/vm/prims/jvm.cpp:1322
Event: 4,834 Thread 0x00007f5c0c1ce800 Implicit null exception at 0x00007f5c0914e0ed to 0x00007f5c09152009
Event: 7,923 Thread 0x00007f5c0c00a800 Threw 0x00000000ecfe2a38 at /build/openjdk-7-2FOwCu/openjdk-7-7u95-2.6.4/build/openjdk/hotspot/src/share/vm/prims/jvm.cpp:1322
Event: 8,193 Thread 0x00007f5c0c1d4000 Implicit null exception at 0x00007f5c0920e611 to 0x00007f5c09210519
Event: 8,322 Thread 0x00007f5c0c00a800 Threw 0x00000000ef0f6e88 at /build/openjdk-7-2FOwCu/openjdk-7-7u95-2.6.4/build/openjdk/hotspot/src/share/vm/prims/jvm.cpp:1322
Event: 13,174 Thread 0x00007f5c0c1ce800 Threw 0x00000000ebb8a8e8 at /build/openjdk-7-2FOwCu/openjdk-7-7u95-2.6.4/build/openjdk/hotspot/src/share/vm/prims/jvm.cpp:1322

Events (10 events):
Event: 13,779 Thread 0x00007f5c0c1ce800 Uncommon trap: trap_request=0xffffffde fr.pc=0x00007f5c091ed800
Event: 13,779 Thread 0x00007f5c0c1ce800 DEOPT PACKING pc=0x00007f5c091ed800 sp=0x00007f5c0014e230
Event: 13,779 Thread 0x00007f5c0c1ce800 DEOPT UNPACKING pc=0x00007f5c09039445 sp=0x00007f5c0014e1b8 mode 2
Event: 13,797 Thread 0x00007f5c0c1ce800 Uncommon trap: trap_request=0xffffffde fr.pc=0x00007f5c091ed800
Event: 13,797 Thread 0x00007f5c0c1ce800 DEOPT PACKING pc=0x00007f5c091ed800 sp=0x00007f5c0014e180
Event: 13,797 Thread 0x00007f5c0c1ce800 DEOPT UNPACKING pc=0x00007f5c09039445 sp=0x00007f5c0014e108 mode 2
Event: 13,821 Thread 0x00007f5c0c1d4000 Uncommon trap: trap_request=0xffffffc6 fr.pc=0x00007f5c091a62a0
Event: 13,821 Thread 0x00007f5c0c1d4000 DEOPT PACKING pc=0x00007f5c091a62a0 sp=0x00007f5bfbcfb1f0
Event: 13,821 Thread 0x00007f5c0c1d4000 DEOPT UNPACKING pc=0x00007f5c09039445 sp=0x00007f5bfbcfb0d8 mode 2
Event: 13,826 Executing VM operation: ParallelGCFailedAllocation


Dynamic libraries:
00400000-00401000 r-xp 00000000 08:06 1454669                            /usr/lib/jvm/java-7-openjdk-amd64/jre/bin/java
00600000-00601000 r--p 00000000 08:06 1454669                            /usr/lib/jvm/java-7-openjdk-amd64/jre/bin/java
00601000-00602000 rw-p 00001000 08:06 1454669                            /usr/lib/jvm/java-7-openjdk-amd64/jre/bin/java
01513000-01534000 rw-p 00000000 00:00 0                                  [heap]
b5a00000-b6f00000 rw-p 00000000 00:00 0 
b6f00000-c0000000 rw-p 00000000 00:00 0 
c0000000-c8200000 rw-p 00000000 00:00 0 
cd300000-eaa80000 rw-p 00000000 00:00 0 
eaa80000-100000000 rw-p 00000000 00:00 0 
7f5bbc000000-7f5bbc021000 rw-p 00000000 00:00 0 
7f5bbc021000-7f5bc0000000 ---p 00000000 00:00 0 
7f5bc0000000-7f5bc0032000 rw-p 00000000 00:00 0 
7f5bc0032000-7f5bc4000000 ---p 00000000 00:00 0 
7f5bc4000000-7f5bc4021000 rw-p 00000000 00:00 0 
7f5bc4021000-7f5bc8000000 ---p 00000000 00:00 0 
7f5bc8000000-7f5bc802c000 rw-p 00000000 00:00 0 
7f5bc802c000-7f5bcc000000 ---p 00000000 00:00 0 
7f5bcc000000-7f5bcc021000 rw-p 00000000 00:00 0 
7f5bcc021000-7f5bd0000000 ---p 00000000 00:00 0 
7f5bd0000000-7f5bd0034000 rw-p 00000000 00:00 0 
7f5bd0034000-7f5bd4000000 ---p 00000000 00:00 0 
7f5bd4000000-7f5bd5798000 rw-p 00000000 00:00 0 
7f5bd5798000-7f5bd8000000 ---p 00000000 00:00 0 
7f5bd8000000-7f5bd8021000 rw-p 00000000 00:00 0 
7f5bd8021000-7f5bdc000000 ---p 00000000 00:00 0 
7f5bdc000000-7f5bdc021000 rw-p 00000000 00:00 0 
7f5bdc021000-7f5be0000000 ---p 00000000 00:00 0 
7f5be0000000-7f5be1910000 rw-p 00000000 00:00 0 
7f5be1910000-7f5be4000000 ---p 00000000 00:00 0 
7f5be4000000-7f5be4021000 rw-p 00000000 00:00 0 
7f5be4021000-7f5be8000000 ---p 00000000 00:00 0 
7f5be8000000-7f5be8021000 rw-p 00000000 00:00 0 
7f5be8021000-7f5bec000000 ---p 00000000 00:00 0 
7f5bec000000-7f5bec021000 rw-p 00000000 00:00 0 
7f5bec021000-7f5bf0000000 ---p 00000000 00:00 0 
7f5bf0000000-7f5bf0021000 rw-p 00000000 00:00 0 
7f5bf0021000-7f5bf4000000 ---p 00000000 00:00 0 
7f5bf4000000-7f5bf4021000 rw-p 00000000 00:00 0 
7f5bf4021000-7f5bf8000000 ---p 00000000 00:00 0 
7f5bfbbfc000-7f5bfbbff000 ---p 00000000 00:00 0 
7f5bfbbff000-7f5bfbcfd000 rw-p 00000000 00:00 0                          [stack:6692]
7f5bfbcfd000-7f5bfbd00000 ---p 00000000 00:00 0 
7f5bfbd00000-7f5bfbdfe000 rw-p 00000000 00:00 0                          [stack:6691]
7f5bfbdfe000-7f5bfbe01000 ---p 00000000 00:00 0 
7f5bfbe01000-7f5bfbeff000 rw-p 00000000 00:00 0                          [stack:6690]
7f5bfbeff000-7f5bfbf02000 ---p 00000000 00:00 0 
7f5bfbf02000-7f5bfc000000 rw-p 00000000 00:00 0                          [stack:6689]
7f5bfc000000-7f5bfc021000 rw-p 00000000 00:00 0 
7f5bfc021000-7f5c00000000 ---p 00000000 00:00 0 
7f5c0004f000-7f5c00052000 ---p 00000000 00:00 0 
7f5c00052000-7f5c00150000 rw-p 00000000 00:00 0                          [stack:6688]
7f5c00150000-7f5c0018d000 r-xp 00000000 08:06 130821                     /lib/x86_64-linux-gnu/libpcre.so.3.13.1
7f5c0018d000-7f5c0038c000 ---p 0003d000 08:06 130821                     /lib/x86_64-linux-gnu/libpcre.so.3.13.1
7f5c0038c000-7f5c0038d000 r--p 0003c000 08:06 130821                     /lib/x86_64-linux-gnu/libpcre.so.3.13.1
7f5c0038d000-7f5c0038e000 rw-p 0003d000 08:06 130821                     /lib/x86_64-linux-gnu/libpcre.so.3.13.1
7f5c0038e000-7f5c00395000 r-xp 00000000 08:06 1447540                    /usr/lib/x86_64-linux-gnu/libffi.so.6.0.1
7f5c00395000-7f5c00594000 ---p 00007000 08:06 1447540                    /usr/lib/x86_64-linux-gnu/libffi.so.6.0.1
7f5c00594000-7f5c00595000 r--p 00006000 08:06 1447540                    /usr/lib/x86_64-linux-gnu/libffi.so.6.0.1
7f5c00595000-7f5c00596000 rw-p 00007000 08:06 1447540                    /usr/lib/x86_64-linux-gnu/libffi.so.6.0.1
7f5c00596000-7f5c005ad000 r-xp 00000000 08:06 134868                     /lib/x86_64-linux-gnu/libresolv-2.19.so
7f5c005ad000-7f5c007ad000 ---p 00017000 08:06 134868                     /lib/x86_64-linux-gnu/libresolv-2.19.so
7f5c007ad000-7f5c007ae000 r--p 00017000 08:06 134868                     /lib/x86_64-linux-gnu/libresolv-2.19.so
7f5c007ae000-7f5c007af000 rw-p 00018000 08:06 134868                     /lib/x86_64-linux-gnu/libresolv-2.19.so
7f5c007af000-7f5c007b1000 rw-p 00000000 00:00 0 
7f5c007b1000-7f5c007d1000 r-xp 00000000 08:06 135079                     /lib/x86_64-linux-gnu/libselinux.so.1
7f5c007d1000-7f5c009d0000 ---p 00020000 08:06 135079                     /lib/x86_64-linux-gnu/libselinux.so.1
7f5c009d0000-7f5c009d1000 r--p 0001f000 08:06 135079                     /lib/x86_64-linux-gnu/libselinux.so.1
7f5c009d1000-7f5c009d2000 rw-p 00020000 08:06 135079                     /lib/x86_64-linux-gnu/libselinux.so.1
7f5c009d2000-7f5c009d4000 rw-p 00000000 00:00 0 
7f5c009d4000-7f5c009d7000 r-xp 00000000 08:06 1439340                    /usr/lib/x86_64-linux-gnu/libgmodule-2.0.so.0.4002.0
7f5c009d7000-7f5c00bd6000 ---p 00003000 08:06 1439340                    /usr/lib/x86_64-linux-gnu/libgmodule-2.0.so.0.4002.0
7f5c00bd6000-7f5c00bd7000 r--p 00002000 08:06 1439340                    /usr/lib/x86_64-linux-gnu/libgmodule-2.0.so.0.4002.0
7f5c00bd7000-7f5c00bd8000 rw-p 00003000 08:06 1439340                    /usr/lib/x86_64-linux-gnu/libgmodule-2.0.so.0.4002.0
7f5c00bd8000-7f5c00cde000 r-xp 00000000 08:06 134871                     /lib/x86_64-linux-gnu/libglib-2.0.so.0.4002.0
7f5c00cde000-7f5c00edd000 ---p 00106000 08:06 134871                     /lib/x86_64-linux-gnu/libglib-2.0.so.0.4002.0
7f5c00edd000-7f5c00ede000 r--p 00105000 08:06 134871                     /lib/x86_64-linux-gnu/libglib-2.0.so.0.4002.0
7f5c00ede000-7f5c00edf000 rw-p 00106000 08:06 134871                     /lib/x86_64-linux-gnu/libglib-2.0.so.0.4002.0
7f5c00edf000-7f5c00ee0000 rw-p 00000000 00:00 0 
7f5c00ee0000-7f5c00f2f000 r-xp 00000000 08:06 1439358                    /usr/lib/x86_64-linux-gnu/libgobject-2.0.so.0.4002.0
7f5c00f2f000-7f5c0112f000 ---p 0004f000 08:06 1439358                    /usr/lib/x86_64-linux-gnu/libgobject-2.0.so.0.4002.0
7f5c0112f000-7f5c01130000 r--p 0004f000 08:06 1439358                    /usr/lib/x86_64-linux-gnu/libgobject-2.0.so.0.4002.0
7f5c01130000-7f5c01131000 rw-p 00050000 08:06 1439358                    /usr/lib/x86_64-linux-gnu/libgobject-2.0.so.0.4002.0
7f5c01131000-7f5c0129d000 r-xp 00000000 08:06 1439362                    /usr/lib/x86_64-linux-gnu/libgio-2.0.so.0.4002.0
7f5c0129d000-7f5c0149c000 ---p 0016c000 08:06 1439362                    /usr/lib/x86_64-linux-gnu/libgio-2.0.so.0.4002.0
7f5c0149c000-7f5c014a0000 r--p 0016b000 08:06 1439362                    /usr/lib/x86_64-linux-gnu/libgio-2.0.so.0.4002.0
7f5c014a0000-7f5c014a2000 rw-p 0016f000 08:06 1439362                    /usr/lib/x86_64-linux-gnu/libgio-2.0.so.0.4002.0
7f5c014a2000-7f5c014a4000 rw-p 00000000 00:00 0 
7f5c014a4000-7f5c014bb000 r-xp 00000000 08:06 1489830                    /usr/lib/jvm/java-7-openjdk-amd64/jre/lib/amd64/libnet.so
7f5c014bb000-7f5c016ba000 ---p 00017000 08:06 1489830                    /usr/lib/jvm/java-7-openjdk-amd64/jre/lib/amd64/libnet.so
7f5c016ba000-7f5c016bb000 r--p 00016000 08:06 1489830                    /usr/lib/jvm/java-7-openjdk-amd64/jre/lib/amd64/libnet.so
7f5c016bb000-7f5c016bc000 rw-p 00017000 08:06 1489830                    /usr/lib/jvm/java-7-openjdk-amd64/jre/lib/amd64/libnet.so
7f5c016bc000-7f5c016cc000 r-xp 00000000 08:06 1489812                    /usr/lib/jvm/java-7-openjdk-amd64/jre/lib/amd64/libnio.so
7f5c016cc000-7f5c018cc000 ---p 00010000 08:06 1489812                    /usr/lib/jvm/java-7-openjdk-amd64/jre/lib/amd64/libnio.so
7f5c018cc000-7f5c018cd000 r--p 00010000 08:06 1489812                    /usr/lib/jvm/java-7-openjdk-amd64/jre/lib/amd64/libnio.so
7f5c018cd000-7f5c018ce000 rw-p 00011000 08:06 1489812                    /usr/lib/jvm/java-7-openjdk-amd64/jre/lib/amd64/libnio.so
7f5c018ce000-7f5c018cf000 ---p 00000000 00:00 0 
7f5c018cf000-7f5c019cf000 rw-p 00000000 00:00 0                          [stack:6687]
7f5c019cf000-7f5c019d2000 ---p 00000000 00:00 0 
7f5c019d2000-7f5c04000000 rw-p 00000000 00:00 0                          [stack:6686]
7f5c04000000-7f5c04021000 rw-p 00000000 00:00 0 
7f5c04021000-7f5c08000000 ---p 00000000 00:00 0 
7f5c0801e000-7f5c0804f000 rw-p 00000000 00:00 0 
7f5c0806b000-7f5c080a7000 r--s 00306000 08:06 3283110                    /home/tulin/AndroidStudioProjects/CamApp/app/build/intermediates/transforms/jarMerging/debug/jars/1/1f/combined.jar
7f5c080a7000-7f5c080aa000 ---p 00000000 00:00 0 
7f5c080aa000-7f5c081a8000 rw-p 00000000 00:00 0                          [stack:6685]
7f5c081a8000-7f5c081ab000 ---p 00000000 00:00 0 
7f5c081ab000-7f5c082a9000 rw-p 00000000 00:00 0                          [stack:6684]
7f5c082a9000-7f5c082ac000 ---p 00000000 00:00 0 
7f5c082ac000-7f5c083aa000 rw-p 00000000 00:00 0                          [stack:6683]
7f5c083aa000-7f5c08bfc000 r--p 00000000 08:06 1447082                    /usr/lib/locale/locale-archive
7f5c08bfc000-7f5c08bff000 ---p 00000000 00:00 0 
7f5c08bff000-7f5c08cfd000 rw-p 00000000 00:00 0                          [stack:6682]
7f5c08cfd000-7f5c08d00000 ---p 00000000 00:00 0 
7f5c08d00000-7f5c08dfe000 rw-p 00000000 00:00 0                          [stack:6681]
7f5c08dfe000-7f5c08dff000 ---p 00000000 00:00 0 
7f5c08dff000-7f5c09000000 rw-p 00000000 00:00 0                          [stack:6680]
7f5c09000000-7f5c09380000 rwxp 00000000 00:00 0 
7f5c09380000-7f5c0c238000 rw-p 00000000 00:00 0 
7f5c0c238000-7f5c10000000 ---p 00000000 00:00 0 
7f5c10002000-7f5c10011000 r--s 000df000 08:06 3216701                    /home/tulin/Android/Sdk/build-tools/23.0.2/lib/dx.jar
7f5c10011000-7f5c10f0d000 rw-p 00000000 00:00 0 
7f5c10f0d000-7f5c110bf000 r--s 01d2f000 08:06 1489796                    /usr/lib/jvm/java-7-openjdk-amd64/jre/lib/rt.jar
7f5c110bf000-7f5c1140b000 rw-p 00000000 00:00 0 
7f5c1140b000-7f5c1140c000 ---p 00000000 00:00 0 
7f5c1140c000-7f5c1150c000 rw-p 00000000 00:00 0                          [stack:6679]
7f5c1150c000-7f5c1150d000 ---p 00000000 00:00 0 
7f5c1150d000-7f5c1160d000 rw-p 00000000 00:00 0                          [stack:6678]
7f5c1160d000-7f5c1160e000 ---p 00000000 00:00 0 
7f5c1160e000-7f5c1170e000 rw-p 00000000 00:00 0                          [stack:6677]
7f5c1170e000-7f5c1170f000 ---p 00000000 00:00 0 
7f5c1170f000-7f5c1181a000 rw-p 00000000 00:00 0                          [stack:6676]
7f5c1181a000-7f5c11862000 rw-p 00000000 00:00 0 
7f5c11862000-7f5c118a3000 rw-p 00000000 00:00 0 
7f5c118a3000-7f5c119b8000 rw-p 00000000 00:00 0 
7f5c119b8000-7f5c119c3000 rw-p 00000000 00:00 0 
7f5c119c3000-7f5c11a0b000 rw-p 00000000 00:00 0 
7f5c11a0b000-7f5c11a4c000 rw-p 00000000 00:00 0 
7f5c11a4c000-7f5c11b60000 rw-p 00000000 00:00 0 
7f5c11b60000-7f5c11c0b000 rw-p 00000000 00:00 0 
7f5c11c0b000-7f5c11c0c000 rw-p 00000000 00:00 0 
7f5c11c0c000-7f5c11c14000 r-xp 00000000 08:06 1489805                    /usr/lib/jvm/java-7-openjdk-amd64/jre/lib/amd64/libzip.so
7f5c11c14000-7f5c11e13000 ---p 00008000 08:06 1489805                    /usr/lib/jvm/java-7-openjdk-amd64/jre/lib/amd64/libzip.so
7f5c11e13000-7f5c11e14000 r--p 00007000 08:06 1489805                    /usr/lib/jvm/java-7-openjdk-amd64/jre/lib/amd64/libzip.so
7f5c11e14000-7f5c11e15000 rw-p 00008000 08:06 1489805                    /usr/lib/jvm/java-7-openjdk-amd64/jre/lib/amd64/libzip.so
7f5c11e15000-7f5c11e20000 r-xp 00000000 08:06 184225                     /lib/x86_64-linux-gnu/libnss_files-2.19.so
7f5c11e20000-7f5c1201f000 ---p 0000b000 08:06 184225                     /lib/x86_64-linux-gnu/libnss_files-2.19.so
7f5c1201f000-7f5c12020000 r--p 0000a000 08:06 184225                     /lib/x86_64-linux-gnu/libnss_files-2.19.so
7f5c12020000-7f5c12021000 rw-p 0000b000 08:06 184225                     /lib/x86_64-linux-gnu/libnss_files-2.19.so
7f5c12021000-7f5c1202c000 r-xp 00000000 08:06 145746                     /lib/x86_64-linux-gnu/libnss_nis-2.19.so
7f5c1202c000-7f5c1222b000 ---p 0000b000 08:06 145746                     /lib/x86_64-linux-gnu/libnss_nis-2.19.so
7f5c1222b000-7f5c1222c000 r--p 0000a000 08:06 145746                     /lib/x86_64-linux-gnu/libnss_nis-2.19.so
7f5c1222c000-7f5c1222d000 rw-p 0000b000 08:06 145746                     /lib/x86_64-linux-gnu/libnss_nis-2.19.so
7f5c1222d000-7f5c12244000 r-xp 00000000 08:06 145742                     /lib/x86_64-linux-gnu/libnsl-2.19.so
7f5c12244000-7f5c12443000 ---p 00017000 08:06 145742                     /lib/x86_64-linux-gnu/libnsl-2.19.so
7f5c12443000-7f5c12444000 r--p 00016000 08:06 145742                     /lib/x86_64-linux-gnu/libnsl-2.19.so
7f5c12444000-7f5c12445000 rw-p 00017000 08:06 145742                     /lib/x86_64-linux-gnu/libnsl-2.19.so
7f5c12445000-7f5c12447000 rw-p 00000000 00:00 0 
7f5c12447000-7f5c12450000 r-xp 00000000 08:06 145741                     /lib/x86_64-linux-gnu/libnss_compat-2.19.so
7f5c12450000-7f5c1264f000 ---p 00009000 08:06 145741                     /lib/x86_64-linux-gnu/libnss_compat-2.19.so
7f5c1264f000-7f5c12650000 r--p 00008000 08:06 145741                     /lib/x86_64-linux-gnu/libnss_compat-2.19.so
7f5c12650000-7f5c12651000 rw-p 00009000 08:06 145741                     /lib/x86_64-linux-gnu/libnss_compat-2.19.so
7f5c12651000-7f5c1267c000 r-xp 00000000 08:06 1489826                    /usr/lib/jvm/java-7-openjdk-amd64/jre/lib/amd64/libjava.so
7f5c1267c000-7f5c1287c000 ---p 0002b000 08:06 1489826                    /usr/lib/jvm/java-7-openjdk-amd64/jre/lib/amd64/libjava.so
7f5c1287c000-7f5c1287d000 r--p 0002b000 08:06 1489826                    /usr/lib/jvm/java-7-openjdk-amd64/jre/lib/amd64/libjava.so
7f5c1287d000-7f5c1287f000 rw-p 0002c000 08:06 1489826                    /usr/lib/jvm/java-7-openjdk-amd64/jre/lib/amd64/libjava.so
7f5c1287f000-7f5c1288f000 r-xp 00000000 08:06 1489810                    /usr/lib/jvm/java-7-openjdk-amd64/jre/lib/amd64/libverify.so
7f5c1288f000-7f5c12a8e000 ---p 00010000 08:06 1489810                    /usr/lib/jvm/java-7-openjdk-amd64/jre/lib/amd64/libverify.so
7f5c12a8e000-7f5c12a90000 r--p 0000f000 08:06 1489810                    /usr/lib/jvm/java-7-openjdk-amd64/jre/lib/amd64/libverify.so
7f5c12a90000-7f5c12a91000 rw-p 00011000 08:06 1489810                    /usr/lib/jvm/java-7-openjdk-amd64/jre/lib/amd64/libverify.so
7f5c12a91000-7f5c12a98000 r-xp 00000000 08:06 148472                     /lib/x86_64-linux-gnu/librt-2.19.so
7f5c12a98000-7f5c12c97000 ---p 00007000 08:06 148472                     /lib/x86_64-linux-gnu/librt-2.19.so
7f5c12c97000-7f5c12c98000 r--p 00006000 08:06 148472                     /lib/x86_64-linux-gnu/librt-2.19.so
7f5c12c98000-7f5c12c99000 rw-p 00007000 08:06 148472                     /lib/x86_64-linux-gnu/librt-2.19.so
7f5c12c99000-7f5c12caf000 r-xp 00000000 08:06 131070                     /lib/x86_64-linux-gnu/libgcc_s.so.1
7f5c12caf000-7f5c12eae000 ---p 00016000 08:06 131070                     /lib/x86_64-linux-gnu/libgcc_s.so.1
7f5c12eae000-7f5c12eaf000 rw-p 00015000 08:06 131070                     /lib/x86_64-linux-gnu/libgcc_s.so.1
7f5c12eaf000-7f5c12fb4000 r-xp 00000000 08:06 135048                     /lib/x86_64-linux-gnu/libm-2.19.so
7f5c12fb4000-7f5c131b3000 ---p 00105000 08:06 135048                     /lib/x86_64-linux-gnu/libm-2.19.so
7f5c131b3000-7f5c131b4000 r--p 00104000 08:06 135048                     /lib/x86_64-linux-gnu/libm-2.19.so
7f5c131b4000-7f5c131b5000 rw-p 00105000 08:06 135048                     /lib/x86_64-linux-gnu/libm-2.19.so
7f5c131b5000-7f5c1329b000 r-xp 00000000 08:06 1439330                    /usr/lib/x86_64-linux-gnu/libstdc++.so.6.0.19
7f5c1329b000-7f5c1349a000 ---p 000e6000 08:06 1439330                    /usr/lib/x86_64-linux-gnu/libstdc++.so.6.0.19
7f5c1349a000-7f5c134a2000 r--p 000e5000 08:06 1439330                    /usr/lib/x86_64-linux-gnu/libstdc++.so.6.0.19
7f5c134a2000-7f5c134a4000 rw-p 000ed000 08:06 1439330                    /usr/lib/x86_64-linux-gnu/libstdc++.so.6.0.19
7f5c134a4000-7f5c134b9000 rw-p 00000000 00:00 0 
7f5c134b9000-7f5c13fde000 r-xp 00000000 08:06 1489806                    /usr/lib/jvm/java-7-openjdk-amd64/jre/lib/amd64/server/libjvm.so
7f5c13fde000-7f5c141de000 ---p 00b25000 08:06 1489806                    /usr/lib/jvm/java-7-openjdk-amd64/jre/lib/amd64/server/libjvm.so
7f5c141de000-7f5c14278000 r--p 00b25000 08:06 1489806                    /usr/lib/jvm/java-7-openjdk-amd64/jre/lib/amd64/server/libjvm.so
7f5c14278000-7f5c1429b000 rw-p 00bbf000 08:06 1489806                    /usr/lib/jvm/java-7-openjdk-amd64/jre/lib/amd64/server/libjvm.so
7f5c1429b000-7f5c142c9000 rw-p 00000000 00:00 0 
7f5c142c9000-7f5c142e1000 r-xp 00000000 08:06 135112                     /lib/x86_64-linux-gnu/libz.so.1.2.8
7f5c142e1000-7f5c144e0000 ---p 00018000 08:06 135112                     /lib/x86_64-linux-gnu/libz.so.1.2.8
7f5c144e0000-7f5c144e1000 r--p 00017000 08:06 135112                     /lib/x86_64-linux-gnu/libz.so.1.2.8
7f5c144e1000-7f5c144e2000 rw-p 00018000 08:06 135112                     /lib/x86_64-linux-gnu/libz.so.1.2.8
7f5c144e2000-7f5c144fb000 r-xp 00000000 08:06 145743                     /lib/x86_64-linux-gnu/libpthread-2.19.so
7f5c144fb000-7f5c146fa000 ---p 00019000 08:06 145743                     /lib/x86_64-linux-gnu/libpthread-2.19.so
7f5c146fa000-7f5c146fb000 r--p 00018000 08:06 145743                     /lib/x86_64-linux-gnu/libpthread-2.19.so
7f5c146fb000-7f5c146fc000 rw-p 00019000 08:06 145743                     /lib/x86_64-linux-gnu/libpthread-2.19.so
7f5c146fc000-7f5c14700000 rw-p 00000000 00:00 0 
7f5c14700000-7f5c14703000 r-xp 00000000 08:06 145738                     /lib/x86_64-linux-gnu/libdl-2.19.so
7f5c14703000-7f5c14902000 ---p 00003000 08:06 145738                     /lib/x86_64-linux-gnu/libdl-2.19.so
7f5c14902000-7f5c14903000 r--p 00002000 08:06 145738                     /lib/x86_64-linux-gnu/libdl-2.19.so
7f5c14903000-7f5c14904000 rw-p 00003000 08:06 145738                     /lib/x86_64-linux-gnu/libdl-2.19.so
7f5c14904000-7f5c14abf000 r-xp 00000000 08:06 148473                     /lib/x86_64-linux-gnu/libc-2.19.so
7f5c14abf000-7f5c14cbe000 ---p 001bb000 08:06 148473                     /lib/x86_64-linux-gnu/libc-2.19.so
7f5c14cbe000-7f5c14cc2000 r--p 001ba000 08:06 148473                     /lib/x86_64-linux-gnu/libc-2.19.so
7f5c14cc2000-7f5c14cc4000 rw-p 001be000 08:06 148473                     /lib/x86_64-linux-gnu/libc-2.19.so
7f5c14cc4000-7f5c14cc9000 rw-p 00000000 00:00 0 
7f5c14cc9000-7f5c14cd6000 r-xp 00000000 08:06 1489800                    /usr/lib/jvm/java-7-openjdk-amd64/jre/lib/amd64/jli/libjli.so
7f5c14cd6000-7f5c14ed5000 ---p 0000d000 08:06 1489800                    /usr/lib/jvm/java-7-openjdk-amd64/jre/lib/amd64/jli/libjli.so
7f5c14ed5000-7f5c14ed6000 r--p 0000c000 08:06 1489800                    /usr/lib/jvm/java-7-openjdk-amd64/jre/lib/amd64/jli/libjli.so
7f5c14ed6000-7f5c14ed7000 rw-p 0000d000 08:06 1489800                    /usr/lib/jvm/java-7-openjdk-amd64/jre/lib/amd64/jli/libjli.so
7f5c14ed7000-7f5c14efa000 r-xp 00000000 08:06 145744                     /lib/x86_64-linux-gnu/ld-2.19.so
7f5c14efa000-7f5c14efd000 r--s 0000f000 08:06 1489840                    /usr/lib/jvm/java-7-openjdk-amd64/jre/lib/ext/icedtea-sound.jar
7f5c14efd000-7f5c14f23000 rw-p 00000000 00:00 0 
7f5c14f23000-7f5c14fd5000 rw-p 00000000 00:00 0 
7f5c14fd5000-7f5c14fd8000 ---p 00000000 00:00 0 
7f5c14fd8000-7f5c150dc000 rw-p 00000000 00:00 0                          [stack:6675]
7f5c150dc000-7f5c150de000 r--s 00012000 08:06 1489837                    /usr/lib/jvm/java-7-openjdk-amd64/jre/lib/ext/zipfs.jar
7f5c150de000-7f5c150df000 r--s 00002000 08:06 1489839                    /usr/lib/jvm/java-7-openjdk-amd64/jre/lib/ext/dnsns.jar
7f5c150df000-7f5c150e1000 r--s 00006000 08:06 1840524                    /usr/share/java/java-atk-wrapper.jar
7f5c150e1000-7f5c150e5000 r--s 0003c000 08:06 1489838                    /usr/lib/jvm/java-7-openjdk-amd64/jre/lib/ext/sunpkcs11.jar
7f5c150e5000-7f5c150e9000 r--s 00034000 08:06 1489836                    /usr/lib/jvm/java-7-openjdk-amd64/jre/lib/ext/sunjce_provider.jar
7f5c150e9000-7f5c150ed000 r--s 00085000 08:06 1489835                    /usr/lib/jvm/java-7-openjdk-amd64/jre/lib/ext/localedata.jar
7f5c150ed000-7f5c150f5000 rw-s 00000000 08:06 1840155                    /tmp/hsperfdata_tulin/6670
7f5c150f5000-7f5c150f6000 rw-p 00000000 00:00 0 
7f5c150f6000-7f5c150f7000 ---p 00000000 00:00 0 
7f5c150f7000-7f5c150f9000 rw-p 00000000 00:00 0 
7f5c150f9000-7f5c150fa000 r--p 00022000 08:06 145744                     /lib/x86_64-linux-gnu/ld-2.19.so
7f5c150fa000-7f5c150fb000 rw-p 00023000 08:06 145744                     /lib/x86_64-linux-gnu/ld-2.19.so
7f5c150fb000-7f5c150fc000 rw-p 00000000 00:00 0 
7ffc7fafa000-7ffc7fb1b000 rw-p 00000000 00:00 0                          [stack]
7ffc7fbab000-7ffc7fbad000 r-xp 00000000 00:00 0                          [vdso]
ffffffffff600000-ffffffffff601000 r-xp 00000000 00:00 0                  [vsyscall]

VM Arguments:
jvm_args: -Djava.awt.headless=true -Xmx1024M -Dfile.encoding=UTF-8 -Duser.country=US -Duser.language=en -Duser.variant 
java_command: com.android.dx.command.Main --dex --num-threads=4 --multi-dex --main-dex-list /home/tulin/AndroidStudioProjects/CamApp/app/build/intermediates/multi-dex/debug/maindexlist.txt --output /home/tulin/AndroidStudioProjects/CamApp/app/build/intermediates/transforms/dex/debug/folders/1000/1f/main /home/tulin/AndroidStudioProjects/CamApp/app/build/intermediates/transforms/jarMerging/debug/jars/1/1f/combined.jar
Launcher Type: SUN_STANDARD

Environment Variables:
PATH=/usr/local/sbin:/usr/local/bin:/usr/sbin:/usr/bin:/sbin:/bin:/usr/games:/usr/local/games
SHELL=/bin/bash
DISPLAY=:0

Signal Handlers:
SIGSEGV: [libjvm.so+0x955bc0], sa_mask[0]=0x7ffbfeff, sa_flags=0x10000004
SIGBUS: [libjvm.so+0x955bc0], sa_mask[0]=0x7ffbfeff, sa_flags=0x10000004
SIGFPE: [libjvm.so+0x7caff0], sa_mask[0]=0x7ffbfeff, sa_flags=0x10000004
SIGPIPE: [libjvm.so+0x7caff0], sa_mask[0]=0x7ffbfeff, sa_flags=0x10000004
SIGXFSZ: [libjvm.so+0x7caff0], sa_mask[0]=0x7ffbfeff, sa_flags=0x10000004
SIGILL: [libjvm.so+0x7caff0], sa_mask[0]=0x7ffbfeff, sa_flags=0x10000004
SIGUSR1: SIG_DFL, sa_mask[0]=0x00000000, sa_flags=0x00000000
SIGUSR2: [libjvm.so+0x7cae90], sa_mask[0]=0x00000004, sa_flags=0x10000004
SIGHUP: [libjvm.so+0x7cb070], sa_mask[0]=0x7ffbfeff, sa_flags=0x10000004
SIGINT: [libjvm.so+0x7cb070], sa_mask[0]=0x7ffbfeff, sa_flags=0x10000004
SIGTERM: [libjvm.so+0x7cb070], sa_mask[0]=0x7ffbfeff, sa_flags=0x10000004
SIGQUIT: [libjvm.so+0x7cb070], sa_mask[0]=0x7ffbfeff, sa_flags=0x10000004
SIGTRAP: SIG_DFL, sa_mask[0]=0x00000000, sa_flags=0x00000000


---------------  S Y S T E M  ---------------

OS:Ubuntu 14.04 (trusty)
uname:Linux 3.13.0-79-generic #123-Ubuntu SMP Fri Feb 19 14:27:58 UTC 2016 x86_64
libc:glibc 2.19 NPTL 2.19 
rlimit: STACK 8192k, CORE 0k, NPROC 30460, NOFILE 4096, AS infinity
load average:2,25 3,50 2,61

/proc/meminfo:
MemTotal:        3946988 kB
MemFree:          115788 kB
Buffers:             252 kB
Cached:           394520 kB
SwapCached:            0 kB
Active:          3268064 kB
Inactive:         391360 kB
Active(anon):    3267376 kB
Inactive(anon):   379648 kB
Active(file):        688 kB
Inactive(file):    11712 kB
Unevictable:          80 kB
Mlocked:              80 kB
SwapTotal:             0 kB
SwapFree:              0 kB
Dirty:                36 kB
Writeback:             0 kB
AnonPages:       3265332 kB
Mapped:            91808 kB
Shmem:            381772 kB
Slab:              70376 kB
SReclaimable:      33028 kB
SUnreclaim:        37348 kB
KernelStack:        5488 kB
PageTables:        40720 kB
NFS_Unstable:          0 kB
Bounce:                0 kB
WritebackTmp:          0 kB
CommitLimit:     1973492 kB
Committed_AS:    8125160 kB
VmallocTotal:   34359738367 kB
VmallocUsed:      350184 kB
VmallocChunk:   34359379708 kB
HardwareCorrupted:     0 kB
AnonHugePages:    915456 kB
HugePages_Total:       0
HugePages_Free:        0
HugePages_Rsvd:        0
HugePages_Surp:        0
Hugepagesize:       2048 kB
DirectMap4k:       68640 kB
DirectMap2M:     4026368 kB


CPU:total 4 (2 cores per cpu, 2 threads per core) family 6 model 42 stepping 7, cmov, cx8, fxsr, mmx, sse, sse2, sse3, ssse3, sse4.1, sse4.2, popcnt, avx, aes, ht, tsc, tscinvbit

/proc/cpuinfo:
processor	: 0
vendor_id	: GenuineIntel
cpu family	: 6
model		: 42
model name	: Intel(R) Core(TM) i5-2557M CPU @ 1.70GHz
stepping	: 7
microcode	: 0x1a
cpu MHz		: 1701.000
cache size	: 3072 KB
physical id	: 0
siblings	: 4
core id		: 0
cpu cores	: 2
apicid		: 0
initial apicid	: 0
fpu		: yes
fpu_exception	: yes
cpuid level	: 13
wp		: yes
flags		: fpu vme de pse tsc msr pae mce cx8 apic sep mtrr pge mca cmov pat pse36 clflush dts acpi mmx fxsr sse sse2 ss ht tm pbe syscall nx rdtscp lm constant_tsc arch_perfmon pebs bts rep_good nopl xtopology nonstop_tsc aperfmperf eagerfpu pni pclmulqdq dtes64 monitor ds_cpl vmx smx est tm2 ssse3 cx16 xtpr pdcm pcid sse4_1 sse4_2 x2apic popcnt tsc_deadline_timer aes xsave avx lahf_lm ida arat epb xsaveopt pln pts dtherm tpr_shadow vnmi flexpriority ept vpid
bogomips	: 3391.98
clflush size	: 64
cache_alignment	: 64
address sizes	: 36 bits physical, 48 bits virtual
power management:

processor	: 1
vendor_id	: GenuineIntel
cpu family	: 6
model		: 42
model name	: Intel(R) Core(TM) i5-2557M CPU @ 1.70GHz
stepping	: 7
microcode	: 0x1a
cpu MHz		: 1701.000
cache size	: 3072 KB
physical id	: 0
siblings	: 4
core id		: 1
cpu cores	: 2
apicid		: 2
initial apicid	: 2
fpu		: yes
fpu_exception	: yes
cpuid level	: 13
wp		: yes
flags		: fpu vme de pse tsc msr pae mce cx8 apic sep mtrr pge mca cmov pat pse36 clflush dts acpi mmx fxsr sse sse2 ss ht tm pbe syscall nx rdtscp lm constant_tsc arch_perfmon pebs bts rep_good nopl xtopology nonstop_tsc aperfmperf eagerfpu pni pclmulqdq dtes64 monitor ds_cpl vmx smx est tm2 ssse3 cx16 xtpr pdcm pcid sse4_1 sse4_2 x2apic popcnt tsc_deadline_timer aes xsave avx lahf_lm ida arat epb xsaveopt pln pts dtherm tpr_shadow vnmi flexpriority ept vpid
bogomips	: 3391.98
clflush size	: 64
cache_alignment	: 64
address sizes	: 36 bits physical, 48 bits virtual
power management:

processor	: 2
vendor_id	: GenuineIntel
cpu family	: 6
model		: 42
model name	: Intel(R) Core(TM) i5-2557M CPU @ 1.70GHz
stepping	: 7
microcode	: 0x1a
cpu MHz		: 1701.000
cache size	: 3072 KB
physical id	: 0
siblings	: 4
core id		: 0
cpu cores	: 2
apicid		: 1
initial apicid	: 1
fpu		: yes
fpu_exception	: yes
cpuid level	: 13
wp		: yes
flags		: fpu vme de pse tsc msr pae mce cx8 apic sep mtrr pge mca cmov pat pse36 clflush dts acpi mmx fxsr sse sse2 ss ht tm pbe syscall nx rdtscp lm constant_tsc arch_perfmon pebs bts rep_good nopl xtopology nonstop_tsc aperfmperf eagerfpu pni pclmulqdq dtes64 monitor ds_cpl vmx smx est tm2 ssse3 cx16 xtpr pdcm pcid sse4_1 sse4_2 x2apic popcnt tsc_deadline_timer aes xsave avx lahf_lm ida arat epb xsaveopt pln pts dtherm tpr_shadow vnmi flexpriority ept vpid
bogomips	: 3391.98
clflush size	: 64
cache_alignment	: 64
address sizes	: 36 bits physical, 48 bits virtual
power management:

processor	: 3
vendor_id	: GenuineIntel
cpu family	: 6
model		: 42
model name	: Intel(R) Core(TM) i5-2557M CPU @ 1.70GHz
stepping	: 7
microcode	: 0x1a
cpu MHz		: 1500.000
cache size	: 3072 KB
physical id	: 0
siblings	: 4
core id		: 1
cpu cores	: 2
apicid		: 3
initial apicid	: 3
fpu		: yes
fpu_exception	: yes
cpuid level	: 13
wp		: yes
flags		: fpu vme de pse tsc msr pae mce cx8 apic sep mtrr pge mca cmov pat pse36 clflush dts acpi mmx fxsr sse sse2 ss ht tm pbe syscall nx rdtscp lm constant_tsc arch_perfmon pebs bts rep_good nopl xtopology nonstop_tsc aperfmperf eagerfpu pni pclmulqdq dtes64 monitor ds_cpl vmx smx est tm2 ssse3 cx16 xtpr pdcm pcid sse4_1 sse4_2 x2apic popcnt tsc_deadline_timer aes xsave avx lahf_lm ida arat epb xsaveopt pln pts dtherm tpr_shadow vnmi flexpriority ept vpid
bogomips	: 3391.98
clflush size	: 64
cache_alignment	: 64
address sizes	: 36 bits physical, 48 bits virtual
power management:



Memory: 4k page, physical 3946988k(117120k free), swap 0k(0k free)

vm_info: OpenJDK 64-Bit Server VM (24.95-b01) for linux-amd64 JRE (1.7.0_95-b00), built on Jan 21 2016 03:31:40 by "buildd" with gcc 4.8.4

time: Wed Mar 30 12:51:46 2016
elapsed time: 15 seconds

