#
# There is insufficient memory for the Java Runtime Environment to continue.
# Native memory allocation (malloc) failed to allocate 88080384 bytes for committing reserved memory.
# Possible reasons:
#   The system is out of physical RAM or swap space
#   In 32 bit mode, the process size limit was hit
# Possible solutions:
#   Reduce memory load on the system
#   Increase physical memory or swap space
#   Check if swap backing store is full
#   Use 64 bit Java on a 64 bit OS
#   Decrease Java heap size (-Xmx/-Xms)
#   Decrease number of Java threads
#   Decrease Java thread stack sizes (-Xss)
#   Set larger code cache with -XX:ReservedCodeCacheSize=
# This output file may be truncated or incomplete.
#
#  Out of Memory Error (os_linux.cpp:2827), pid=5319, tid=140035530905344
#
# JRE version: OpenJDK Runtime Environment (7.0_95) (build 1.7.0_95-b00)
# Java VM: OpenJDK 64-Bit Server VM (24.95-b01 mixed mode linux-amd64 compressed oops)
# Derivative: IcedTea 2.6.4
# Distribution: Ubuntu 14.04.3 LTS, package 7u95-2.6.4-0ubuntu0.14.04.1
# Failed to write core dump. Core dumps have been disabled. To enable core dumping, try "ulimit -c unlimited" before starting Java again
#

---------------  T H R E A D  ---------------

Current thread (0x00007f5c8c076000):  VMThread [stack: 0x00007f5c90035000,0x00007f5c90136000] [id=5331]

Stack: [0x00007f5c90035000,0x00007f5c90136000],  sp=0x00007f5c90134490,  free space=1021k
Native frames: (J=compiled Java code, j=interpreted, Vv=VM code, C=native code)
V  [libjvm.so+0x9550e5]
V  [libjvm.so+0x4902b4]
V  [libjvm.so+0x7cf7bb]
V  [libjvm.so+0x7ca28f]
V  [libjvm.so+0x83e56b]
V  [libjvm.so+0x83f3e0]
V  [libjvm.so+0x83facb]
V  [libjvm.so+0x83b4d8]
V  [libjvm.so+0x83bd48]
V  [libjvm.so+0x7f1fd3]
V  [libjvm.so+0x956ae4]
V  [libjvm.so+0x95abe7]
V  [libjvm.so+0x9596a8]
V  [libjvm.so+0x959b09]
V  [libjvm.so+0x959f52]
V  [libjvm.so+0x7cc682]

VM_Operation (0x00007f5c952f97d0): ParallelGCFailedAllocation, mode: safepoint, requested by thread 0x00007f5c8c00a800


---------------  P R O C E S S  ---------------

Java Threads: ( => current thread )
  0x00007f5c8c1bf800 JavaThread "pool-1-thread-4" [_thread_blocked, id=5348, stack(0x00007f5c7bdfe000,0x00007f5c7beff000)]
  0x00007f5c8c1be000 JavaThread "pool-1-thread-3" [_thread_blocked, id=5347, stack(0x00007f5c7beff000,0x00007f5c7c000000)]
  0x00007f5c8c1bd000 JavaThread "pool-1-thread-2" [_thread_blocked, id=5346, stack(0x00007f5c8004f000,0x00007f5c80150000)]
  0x00007f5c8c1b1800 JavaThread "pool-2-thread-1" [_thread_blocked, id=5345, stack(0x00007f5c80150000,0x00007f5c80251000)]
  0x00007f5c8c1af800 JavaThread "pool-1-thread-1" [_thread_blocked, id=5344, stack(0x00007f5c80251000,0x00007f5c80352000)]
  0x00007f5c8c0b2000 JavaThread "Service Thread" daemon [_thread_blocked, id=5337, stack(0x00007f5c881a8000,0x00007f5c882a9000)]
  0x00007f5c8c0af800 JavaThread "C2 CompilerThread1" daemon [_thread_blocked, id=5336, stack(0x00007f5c882a9000,0x00007f5c883aa000)]
  0x00007f5c8c0ac800 JavaThread "C2 CompilerThread0" daemon [_thread_in_native, id=5335, stack(0x00007f5c883aa000,0x00007f5c884ab000)]
  0x00007f5c8c0aa800 JavaThread "Signal Dispatcher" daemon [_thread_blocked, id=5334, stack(0x00007f5c884ab000,0x00007f5c885ac000)]
  0x00007f5c8c07c000 JavaThread "Finalizer" daemon [_thread_blocked, id=5333, stack(0x00007f5c88dfe000,0x00007f5c88eff000)]
  0x00007f5c8c07a000 JavaThread "Reference Handler" daemon [_thread_blocked, id=5332, stack(0x00007f5c88eff000,0x00007f5c89000000)]
  0x00007f5c8c00a800 JavaThread "main" [_thread_blocked, id=5323, stack(0x00007f5c951fb000,0x00007f5c952fc000)]

Other Threads:
=>0x00007f5c8c076000 VMThread [stack: 0x00007f5c90035000,0x00007f5c90136000] [id=5331]
  0x00007f5c8c0bc800 WatcherThread [stack: 0x00007f5c880a7000,0x00007f5c881a8000] [id=5338]

VM state:at safepoint (normal execution)

VM Mutex/Monitor currently owned by a thread:  ([mutex/lock_event])
[0x00007f5c8c0069b0] Threads_lock - owner thread: 0x00007f5c8c076000
[0x00007f5c8c006eb0] Heap_lock - owner thread: 0x00007f5c8c00a800

Heap
 PSYoungGen      total 66048K, used 2534K [0x00000000eaa80000, 0x00000000eed80000, 0x0000000100000000)
  eden space 63488K, 0% used [0x00000000eaa80000,0x00000000eaa80000,0x00000000ee880000)
  from space 2560K, 98% used [0x00000000ee880000,0x00000000eeaf9860,0x00000000eeb00000)
  to   space 2560K, 0% used [0x00000000eeb00000,0x00000000eeb00000,0x00000000eed80000)
 ParOldGen       total 40960K, used 22923K [0x00000000c0000000, 0x00000000c2800000, 0x00000000eaa80000)
  object space 40960K, 55% used [0x00000000c0000000,0x00000000c1662fd8,0x00000000c2800000)
 PSPermGen       total 21504K, used 6249K [0x00000000b5a00000, 0x00000000b6f00000, 0x00000000c0000000)
  object space 21504K, 29% used [0x00000000b5a00000,0x00000000b601a5a0,0x00000000b6f00000)

Card table byte_map: [0x00007f5c91bde000,0x00007f5c91e32000] byte_map_base: 0x00007f5c91631000

Polling page: 0x00007f5c9531c000

Code Cache  [0x00007f5c89000000, 0x00007f5c89270000, 0x00007f5c8c000000)
 total_blobs=527 nmethods=296 adapters=184 free_code_cache=47830Kb largest_free_block=48950592

Compilation events (10 events):
Event: 15,430 Thread 0x00007f5c8c0af800 nmethod 295 0x00007f5c8911f910 code [0x00007f5c8911fa60, 0x00007f5c8911fbb8]
Event: 15,430 Thread 0x00007f5c8c0af800  296             java.util.ArrayList$SubList::size (9 bytes)
Event: 15,431 Thread 0x00007f5c8c0af800 nmethod 296 0x00007f5c8911f650 code [0x00007f5c8911f7a0, 0x00007f5c8911f838]
Event: 15,431 Thread 0x00007f5c8c0af800  297             java.util.ArrayList$SubList::<init> (46 bytes)
Event: 15,452 Thread 0x00007f5c8c0af800 nmethod 297 0x00007f5c8911f3d0 code [0x00007f5c8911f500, 0x00007f5c8911f598]
Event: 15,453 Thread 0x00007f5c8c0af800  298             com.android.dx.ssa.NormalSsaInsn::<init> (15 bytes)
Event: 15,454 Thread 0x00007f5c8c0af800 nmethod 298 0x00007f5c8911f110 code [0x00007f5c8911f260, 0x00007f5c8911f318]
Event: 15,454 Thread 0x00007f5c8c0af800  299             com.android.dx.ssa.SsaMethod::getExitBlockIndex (5 bytes)
Event: 15,454 Thread 0x00007f5c8c0af800 nmethod 299 0x00007f5c8911ef10 code [0x00007f5c8911f040, 0x00007f5c8911f098]
Event: 15,454 Thread 0x00007f5c8c0af800  300             com.android.dx.ssa.SsaRenamer$BlockRenamer::updateSuccessorPhis (64 bytes)

GC Heap History (9 events):
Event: 1,868 GC heap before
{Heap before GC invocations=1 (full 0):
 PSYoungGen      total 18432K, used 15872K [0x00000000eaa80000, 0x00000000ebf00000, 0x0000000100000000)
  eden space 15872K, 100% used [0x00000000eaa80000,0x00000000eba00000,0x00000000eba00000)
  from space 2560K, 0% used [0x00000000ebc80000,0x00000000ebc80000,0x00000000ebf00000)
  to   space 2560K, 0% used [0x00000000eba00000,0x00000000eba00000,0x00000000ebc80000)
 ParOldGen       total 40960K, used 0K [0x00000000c0000000, 0x00000000c2800000, 0x00000000eaa80000)
  object space 40960K, 0% used [0x00000000c0000000,0x00000000c0000000,0x00000000c2800000)
 PSPermGen       total 21504K, used 5810K [0x00000000b5a00000, 0x00000000b6f00000, 0x00000000c0000000)
  object space 21504K, 27% used [0x00000000b5a00000,0x00000000b5faca20,0x00000000b6f00000)
Event: 1,895 GC heap after
Heap after GC invocations=1 (full 0):
 PSYoungGen      total 18432K, used 2533K [0x00000000eaa80000, 0x00000000ece80000, 0x0000000100000000)
  eden space 15872K, 0% used [0x00000000eaa80000,0x00000000eaa80000,0x00000000eba00000)
  from space 2560K, 98% used [0x00000000eba00000,0x00000000ebc79608,0x00000000ebc80000)
  to   space 2560K, 0% used [0x00000000ecc00000,0x00000000ecc00000,0x00000000ece80000)
 ParOldGen       total 40960K, used 673K [0x00000000c0000000, 0x00000000c2800000, 0x00000000eaa80000)
  object space 40960K, 1% used [0x00000000c0000000,0x00000000c00a86e0,0x00000000c2800000)
 PSPermGen       total 21504K, used 5810K [0x00000000b5a00000, 0x00000000b6f00000, 0x00000000c0000000)
  object space 21504K, 27% used [0x00000000b5a00000,0x00000000b5faca20,0x00000000b6f00000)
}
Event: 3,244 GC heap before
{Heap before GC invocations=2 (full 0):
 PSYoungGen      total 18432K, used 18405K [0x00000000eaa80000, 0x00000000ece80000, 0x0000000100000000)
  eden space 15872K, 100% used [0x00000000eaa80000,0x00000000eba00000,0x00000000eba00000)
  from space 2560K, 98% used [0x00000000eba00000,0x00000000ebc79608,0x00000000ebc80000)
  to   space 2560K, 0% used [0x00000000ecc00000,0x00000000ecc00000,0x00000000ece80000)
 ParOldGen       total 40960K, used 673K [0x00000000c0000000, 0x00000000c2800000, 0x00000000eaa80000)
  object space 40960K, 1% used [0x00000000c0000000,0x00000000c00a86e0,0x00000000c2800000)
 PSPermGen       total 21504K, used 6038K [0x00000000b5a00000, 0x00000000b6f00000, 0x00000000c0000000)
  object space 21504K, 28% used [0x00000000b5a00000,0x00000000b5fe5bc0,0x00000000b6f00000)
Event: 3,277 GC heap after
Heap after GC invocations=2 (full 0):
 PSYoungGen      total 34304K, used 2546K [0x00000000eaa80000, 0x00000000ece80000, 0x0000000100000000)
  eden space 31744K, 0% used [0x00000000eaa80000,0x00000000eaa80000,0x00000000ec980000)
  from space 2560K, 99% used [0x00000000ecc00000,0x00000000ece7cad0,0x00000000ece80000)
  to   space 2560K, 0% used [0x00000000ec980000,0x00000000ec980000,0x00000000ecc00000)
 ParOldGen       total 40960K, used 2662K [0x00000000c0000000, 0x00000000c2800000, 0x00000000eaa80000)
  object space 40960K, 6% used [0x00000000c0000000,0x00000000c0299bf0,0x00000000c2800000)
 PSPermGen       total 21504K, used 6038K [0x00000000b5a00000, 0x00000000b6f00000, 0x00000000c0000000)
  object space 21504K, 28% used [0x00000000b5a00000,0x00000000b5fe5bc0,0x00000000b6f00000)
}
Event: 7,481 GC heap before
{Heap before GC invocations=3 (full 0):
 PSYoungGen      total 34304K, used 34290K [0x00000000eaa80000, 0x00000000ece80000, 0x0000000100000000)
  eden space 31744K, 100% used [0x00000000eaa80000,0x00000000ec980000,0x00000000ec980000)
  from space 2560K, 99% used [0x00000000ecc00000,0x00000000ece7cad0,0x00000000ece80000)
  to   space 2560K, 0% used [0x00000000ec980000,0x00000000ec980000,0x00000000ecc00000)
 ParOldGen       total 40960K, used 2662K [0x00000000c0000000, 0x00000000c2800000, 0x00000000eaa80000)
  object space 40960K, 6% used [0x00000000c0000000,0x00000000c0299bf0,0x00000000c2800000)
 PSPermGen       total 21504K, used 6170K [0x00000000b5a00000, 0x00000000b6f00000, 0x00000000c0000000)
  object space 21504K, 28% used [0x00000000b5a00000,0x00000000b6006948,0x00000000b6f00000)
Event: 7,529 GC heap after
Heap after GC invocations=3 (full 0):
 PSYoungGen      total 34304K, used 2534K [0x00000000eaa80000, 0x00000000eed80000, 0x0000000100000000)
  eden space 31744K, 0% used [0x00000000eaa80000,0x00000000eaa80000,0x00000000ec980000)
  from space 2560K, 99% used [0x00000000ec980000,0x00000000ecbf99d0,0x00000000ecc00000)
  to   space 2560K, 0% used [0x00000000eeb00000,0x00000000eeb00000,0x00000000eed80000)
 ParOldGen       total 40960K, used 7631K [0x00000000c0000000, 0x00000000c2800000, 0x00000000eaa80000)
  object space 40960K, 18% used [0x00000000c0000000,0x00000000c0773d30,0x00000000c2800000)
 PSPermGen       total 21504K, used 6170K [0x00000000b5a00000, 0x00000000b6f00000, 0x00000000c0000000)
  object space 21504K, 28% used [0x00000000b5a00000,0x00000000b6006948,0x00000000b6f00000)
}
Event: 10,354 GC heap before
{Heap before GC invocations=4 (full 0):
 PSYoungGen      total 34304K, used 34278K [0x00000000eaa80000, 0x00000000eed80000, 0x0000000100000000)
  eden space 31744K, 100% used [0x00000000eaa80000,0x00000000ec980000,0x00000000ec980000)
  from space 2560K, 99% used [0x00000000ec980000,0x00000000ecbf99d0,0x00000000ecc00000)
  to   space 2560K, 0% used [0x00000000eeb00000,0x00000000eeb00000,0x00000000eed80000)
 ParOldGen       total 40960K, used 7631K [0x00000000c0000000, 0x00000000c2800000, 0x00000000eaa80000)
  object space 40960K, 18% used [0x00000000c0000000,0x00000000c0773d30,0x00000000c2800000)
 PSPermGen       total 21504K, used 6204K [0x00000000b5a00000, 0x00000000b6f00000, 0x00000000c0000000)
  object space 21504K, 28% used [0x00000000b5a00000,0x00000000b600f258,0x00000000b6f00000)
Event: 10,499 GC heap after
Heap after GC invocations=4 (full 0):
 PSYoungGen      total 66048K, used 2548K [0x00000000eaa80000, 0x00000000eed80000, 0x0000000100000000)
  eden space 63488K, 0% used [0x00000000eaa80000,0x00000000eaa80000,0x00000000ee880000)
  from space 2560K, 99% used [0x00000000eeb00000,0x00000000eed7d278,0x00000000eed80000)
  to   space 2560K, 0% used [0x00000000ee880000,0x00000000ee880000,0x00000000eeb00000)
 ParOldGen       total 40960K, used 13062K [0x00000000c0000000, 0x00000000c2800000, 0x00000000eaa80000)
  object space 40960K, 31% used [0x00000000c0000000,0x00000000c0cc1928,0x00000000c2800000)
 PSPermGen       total 21504K, used 6204K [0x00000000b5a00000, 0x00000000b6f00000, 0x00000000c0000000)
  object space 21504K, 28% used [0x00000000b5a00000,0x00000000b600f258,0x00000000b6f00000)
}
Event: 15,500 GC heap before
{Heap before GC invocations=5 (full 0):
 PSYoungGen      total 66048K, used 66036K [0x00000000eaa80000, 0x00000000eed80000, 0x0000000100000000)
  eden space 63488K, 100% used [0x00000000eaa80000,0x00000000ee880000,0x00000000ee880000)
  from space 2560K, 99% used [0x00000000eeb00000,0x00000000eed7d278,0x00000000eed80000)
  to   space 2560K, 0% used [0x00000000ee880000,0x00000000ee880000,0x00000000eeb00000)
 ParOldGen       total 40960K, used 13062K [0x00000000c0000000, 0x00000000c2800000, 0x00000000eaa80000)
  object space 40960K, 31% used [0x00000000c0000000,0x00000000c0cc1928,0x00000000c2800000)
 PSPermGen       total 21504K, used 6249K [0x00000000b5a00000, 0x00000000b6f00000, 0x00000000c0000000)
  object space 21504K, 29% used [0x00000000b5a00000,0x00000000b601a5a0,0x00000000b6f00000)

Deoptimization events (10 events):
Event: 7,438 Thread 0x00007f5c8c1be000 Uncommon trap: reason=unstable_if action=reinterpret pc=0x00007f5c890e4644 method=com.android.dx.ssa.SCCP.simulateBranch(Lcom/android/dx/ssa/SsaInsn;)V @ 64
Event: 7,618 Thread 0x00007f5c8c1be000 Uncommon trap: reason=unstable_if action=reinterpret pc=0x00007f5c890efe60 method=com.android.dx.ssa.Dominators.run()V @ 346
Event: 7,747 Thread 0x00007f5c8c00a800 Uncommon trap: reason=bimorphic action=maybe_recompile pc=0x00007f5c890b678c method=java.util.HashMap.put(Ljava/lang/Object;Ljava/lang/Object;)Ljava/lang/Object; @ 83
Event: 8,125 Thread 0x00007f5c8c1af800 Uncommon trap: reason=bimorphic action=maybe_recompile pc=0x00007f5c890b678c method=java.util.HashMap.put(Ljava/lang/Object;Ljava/lang/Object;)Ljava/lang/Object; @ 83
Event: 8,125 Thread 0x00007f5c8c1af800 Uncommon trap: reason=bimorphic action=maybe_recompile pc=0x00007f5c890b678c method=java.util.HashMap.put(Ljava/lang/Object;Ljava/lang/Object;)Ljava/lang/Object; @ 83
Event: 8,125 Thread 0x00007f5c8c1af800 Uncommon trap: reason=bimorphic action=maybe_recompile pc=0x00007f5c890b678c method=java.util.HashMap.put(Ljava/lang/Object;Ljava/lang/Object;)Ljava/lang/Object; @ 83
Event: 8,638 Thread 0x00007f5c8c1bd000 Uncommon trap: reason=unstable_if action=reinterpret pc=0x00007f5c890fdab0 method=com.android.dx.rop.code.LocalVariableInfo.mergeStarts(ILcom/android/dx/rop/code/RegisterSpecSet;)Z @ 31
Event: 9,888 Thread 0x00007f5c8c1af800 Uncommon trap: reason=unstable_if action=reinterpret pc=0x00007f5c890ddbf4 method=com.android.dx.util.IntList.binarysearch(I)I @ 105
Event: 9,888 Thread 0x00007f5c8c1af800 Uncommon trap: reason=unstable_if action=reinterpret pc=0x00007f5c89090d34 method=com.android.dx.util.IntList.binarysearch(I)I @ 105
Event: 11,067 Thread 0x00007f5c8c1bd000 Uncommon trap: reason=unstable_if action=reinterpret pc=0x00007f5c8906358c method=com.android.dx.ssa.SsaMethod.updateOneDefinition(Lcom/android/dx/ssa/SsaInsn;Lcom/android/dx/rop/code/RegisterSpec;)V @ 4

Internal exceptions (10 events):
Event: 1,745 Thread 0x00007f5c8c1af800 Threw 0x00000000eb923e90 at /build/openjdk-7-2FOwCu/openjdk-7-7u95-2.6.4/build/openjdk/hotspot/src/share/vm/prims/jvm.cpp:1322
Event: 1,898 Thread 0x00007f5c8c00a800 Threw 0x00000000eaad92a0 at /build/openjdk-7-2FOwCu/openjdk-7-7u95-2.6.4/build/openjdk/hotspot/src/share/vm/prims/jvm.cpp:1322
Event: 2,098 Thread 0x00007f5c8c1af800 Threw 0x00000000ead083c0 at /build/openjdk-7-2FOwCu/openjdk-7-7u95-2.6.4/build/openjdk/hotspot/src/share/vm/prims/jvm.cpp:1322
Event: 2,466 Thread 0x00007f5c8c00a800 Threw 0x00000000eaf6b7f8 at /build/openjdk-7-2FOwCu/openjdk-7-7u95-2.6.4/build/openjdk/hotspot/src/share/vm/prims/jvm.cpp:1322
Event: 2,497 Thread 0x00007f5c8c00a800 Threw 0x00000000eb053610 at /build/openjdk-7-2FOwCu/openjdk-7-7u95-2.6.4/build/openjdk/hotspot/src/share/vm/prims/jvm.cpp:1322
Event: 6,661 Thread 0x00007f5c8c00a800 Implicit null exception at 0x00007f5c890b2d77 to 0x00007f5c890b3461
Event: 6,727 Thread 0x00007f5c8c1bf800 Implicit null exception at 0x00007f5c890ce1fb to 0x00007f5c890d0519
Event: 6,875 Thread 0x00007f5c8c00a800 Threw 0x00000000ec0d8758 at /build/openjdk-7-2FOwCu/openjdk-7-7u95-2.6.4/build/openjdk/hotspot/src/share/vm/prims/jvm.cpp:1322
Event: 9,706 Thread 0x00007f5c8c1bf800 Threw 0x00000000ec1db010 at /build/openjdk-7-2FOwCu/openjdk-7-7u95-2.6.4/build/openjdk/hotspot/src/share/vm/prims/jvm.cpp:1322
Event: 11,066 Thread 0x00007f5c8c1bd000 Threw 0x00000000eb37f248 at /build/openjdk-7-2FOwCu/openjdk-7-7u95-2.6.4/build/openjdk/hotspot/src/share/vm/prims/jvm.cpp:1322

Events (10 events):
Event: 10,666 Executing VM operation: RevokeBias done
Event: 10,666 Executing VM operation: BulkRevokeBias
Event: 10,666 Executing VM operation: BulkRevokeBias done
Event: 11,066 loading class 0x00007f5c3c011500
Event: 11,066 loading class 0x00007f5c3c011500 done
Event: 11,067 Thread 0x00007f5c8c1bd000 Uncommon trap: trap_request=0xffffff75 fr.pc=0x00007f5c8906358c
Event: 11,067 Thread 0x00007f5c8c1bd000 DEOPT PACKING pc=0x00007f5c8906358c sp=0x00007f5c8014df30
Event: 11,067 Thread 0x00007f5c8c1bd000 DEOPT UNPACKING pc=0x00007f5c89039445 sp=0x00007f5c8014def8 mode 2
Event: 15,296 Thread 0x00007f5c8c0af800 flushing nmethod 0x00007f5c8907bc50
Event: 15,483 Executing VM operation: ParallelGCFailedAllocation


Dynamic libraries:
00400000-00401000 r-xp 00000000 08:06 1454669                            /usr/lib/jvm/java-7-openjdk-amd64/jre/bin/java
00600000-00601000 r--p 00000000 08:06 1454669                            /usr/lib/jvm/java-7-openjdk-amd64/jre/bin/java
00601000-00602000 rw-p 00001000 08:06 1454669                            /usr/lib/jvm/java-7-openjdk-amd64/jre/bin/java
01942000-01963000 rw-p 00000000 00:00 0                                  [heap]
b5a00000-b6f00000 rw-p 00000000 00:00 0 
b6f00000-c0000000 rw-p 00000000 00:00 0 
c0000000-c2800000 rw-p 00000000 00:00 0 
c2800000-eaa80000 rw-p 00000000 00:00 0 
eaa80000-eed80000 rw-p 00000000 00:00 0 
f4180000-100000000 rw-p 00000000 00:00 0 
7f5c3c000000-7f5c3c021000 rw-p 00000000 00:00 0 
7f5c3c021000-7f5c40000000 ---p 00000000 00:00 0 
7f5c40000000-7f5c40021000 rw-p 00000000 00:00 0 
7f5c40021000-7f5c44000000 ---p 00000000 00:00 0 
7f5c44000000-7f5c44021000 rw-p 00000000 00:00 0 
7f5c44021000-7f5c48000000 ---p 00000000 00:00 0 
7f5c48000000-7f5c48021000 rw-p 00000000 00:00 0 
7f5c48021000-7f5c4c000000 ---p 00000000 00:00 0 
7f5c4c000000-7f5c4c021000 rw-p 00000000 00:00 0 
7f5c4c021000-7f5c50000000 ---p 00000000 00:00 0 
7f5c50000000-7f5c5002b000 rw-p 00000000 00:00 0 
7f5c5002b000-7f5c54000000 ---p 00000000 00:00 0 
7f5c54000000-7f5c55a83000 rw-p 00000000 00:00 0 
7f5c55a83000-7f5c58000000 ---p 00000000 00:00 0 
7f5c58000000-7f5c58021000 rw-p 00000000 00:00 0 
7f5c58021000-7f5c5c000000 ---p 00000000 00:00 0 
7f5c5c000000-7f5c5c021000 rw-p 00000000 00:00 0 
7f5c5c021000-7f5c60000000 ---p 00000000 00:00 0 
7f5c60000000-7f5c61234000 rw-p 00000000 00:00 0 
7f5c61234000-7f5c64000000 ---p 00000000 00:00 0 
7f5c64000000-7f5c64021000 rw-p 00000000 00:00 0 
7f5c64021000-7f5c68000000 ---p 00000000 00:00 0 
7f5c68000000-7f5c68021000 rw-p 00000000 00:00 0 
7f5c68021000-7f5c6c000000 ---p 00000000 00:00 0 
7f5c6c000000-7f5c6c021000 rw-p 00000000 00:00 0 
7f5c6c021000-7f5c70000000 ---p 00000000 00:00 0 
7f5c70000000-7f5c70021000 rw-p 00000000 00:00 0 
7f5c70021000-7f5c74000000 ---p 00000000 00:00 0 
7f5c74000000-7f5c74021000 rw-p 00000000 00:00 0 
7f5c74021000-7f5c78000000 ---p 00000000 00:00 0 
7f5c7bdfe000-7f5c7be01000 ---p 00000000 00:00 0 
7f5c7be01000-7f5c7beff000 rw-p 00000000 00:00 0                          [stack:5348]
7f5c7beff000-7f5c7bf02000 ---p 00000000 00:00 0 
7f5c7bf02000-7f5c7c000000 rw-p 00000000 00:00 0                          [stack:5347]
7f5c7c000000-7f5c7c021000 rw-p 00000000 00:00 0 
7f5c7c021000-7f5c80000000 ---p 00000000 00:00 0 
7f5c8004f000-7f5c80052000 ---p 00000000 00:00 0 
7f5c80052000-7f5c80150000 rw-p 00000000 00:00 0                          [stack:5346]
7f5c80150000-7f5c80153000 ---p 00000000 00:00 0 
7f5c80153000-7f5c80251000 rw-p 00000000 00:00 0                          [stack:5345]
7f5c80251000-7f5c80254000 ---p 00000000 00:00 0 
7f5c80254000-7f5c80352000 rw-p 00000000 00:00 0                          [stack:5344]
7f5c80352000-7f5c8038f000 r-xp 00000000 08:06 130821                     /lib/x86_64-linux-gnu/libpcre.so.3.13.1
7f5c8038f000-7f5c8058e000 ---p 0003d000 08:06 130821                     /lib/x86_64-linux-gnu/libpcre.so.3.13.1
7f5c8058e000-7f5c8058f000 r--p 0003c000 08:06 130821                     /lib/x86_64-linux-gnu/libpcre.so.3.13.1
7f5c8058f000-7f5c80590000 rw-p 0003d000 08:06 130821                     /lib/x86_64-linux-gnu/libpcre.so.3.13.1
7f5c80590000-7f5c80597000 r-xp 00000000 08:06 1447540                    /usr/lib/x86_64-linux-gnu/libffi.so.6.0.1
7f5c80597000-7f5c80796000 ---p 00007000 08:06 1447540                    /usr/lib/x86_64-linux-gnu/libffi.so.6.0.1
7f5c80796000-7f5c80797000 r--p 00006000 08:06 1447540                    /usr/lib/x86_64-linux-gnu/libffi.so.6.0.1
7f5c80797000-7f5c80798000 rw-p 00007000 08:06 1447540                    /usr/lib/x86_64-linux-gnu/libffi.so.6.0.1
7f5c80798000-7f5c807af000 r-xp 00000000 08:06 134868                     /lib/x86_64-linux-gnu/libresolv-2.19.so
7f5c807af000-7f5c809af000 ---p 00017000 08:06 134868                     /lib/x86_64-linux-gnu/libresolv-2.19.so
7f5c809af000-7f5c809b0000 r--p 00017000 08:06 134868                     /lib/x86_64-linux-gnu/libresolv-2.19.so
7f5c809b0000-7f5c809b1000 rw-p 00018000 08:06 134868                     /lib/x86_64-linux-gnu/libresolv-2.19.so
7f5c809b1000-7f5c809b3000 rw-p 00000000 00:00 0 
7f5c809b3000-7f5c809d3000 r-xp 00000000 08:06 135079                     /lib/x86_64-linux-gnu/libselinux.so.1
7f5c809d3000-7f5c80bd2000 ---p 00020000 08:06 135079                     /lib/x86_64-linux-gnu/libselinux.so.1
7f5c80bd2000-7f5c80bd3000 r--p 0001f000 08:06 135079                     /lib/x86_64-linux-gnu/libselinux.so.1
7f5c80bd3000-7f5c80bd4000 rw-p 00020000 08:06 135079                     /lib/x86_64-linux-gnu/libselinux.so.1
7f5c80bd4000-7f5c80bd6000 rw-p 00000000 00:00 0 
7f5c80bd6000-7f5c80bd9000 r-xp 00000000 08:06 1439340                    /usr/lib/x86_64-linux-gnu/libgmodule-2.0.so.0.4002.0
7f5c80bd9000-7f5c80dd8000 ---p 00003000 08:06 1439340                    /usr/lib/x86_64-linux-gnu/libgmodule-2.0.so.0.4002.0
7f5c80dd8000-7f5c80dd9000 r--p 00002000 08:06 1439340                    /usr/lib/x86_64-linux-gnu/libgmodule-2.0.so.0.4002.0
7f5c80dd9000-7f5c80dda000 rw-p 00003000 08:06 1439340                    /usr/lib/x86_64-linux-gnu/libgmodule-2.0.so.0.4002.0
7f5c80dda000-7f5c80ee0000 r-xp 00000000 08:06 134871                     /lib/x86_64-linux-gnu/libglib-2.0.so.0.4002.0
7f5c80ee0000-7f5c810df000 ---p 00106000 08:06 134871                     /lib/x86_64-linux-gnu/libglib-2.0.so.0.4002.0
7f5c810df000-7f5c810e0000 r--p 00105000 08:06 134871                     /lib/x86_64-linux-gnu/libglib-2.0.so.0.4002.0
7f5c810e0000-7f5c810e1000 rw-p 00106000 08:06 134871                     /lib/x86_64-linux-gnu/libglib-2.0.so.0.4002.0
7f5c810e1000-7f5c810e2000 rw-p 00000000 00:00 0 
7f5c810e2000-7f5c81131000 r-xp 00000000 08:06 1439358                    /usr/lib/x86_64-linux-gnu/libgobject-2.0.so.0.4002.0
7f5c81131000-7f5c81331000 ---p 0004f000 08:06 1439358                    /usr/lib/x86_64-linux-gnu/libgobject-2.0.so.0.4002.0
7f5c81331000-7f5c81332000 r--p 0004f000 08:06 1439358                    /usr/lib/x86_64-linux-gnu/libgobject-2.0.so.0.4002.0
7f5c81332000-7f5c81333000 rw-p 00050000 08:06 1439358                    /usr/lib/x86_64-linux-gnu/libgobject-2.0.so.0.4002.0
7f5c81333000-7f5c8149f000 r-xp 00000000 08:06 1439362                    /usr/lib/x86_64-linux-gnu/libgio-2.0.so.0.4002.0
7f5c8149f000-7f5c8169e000 ---p 0016c000 08:06 1439362                    /usr/lib/x86_64-linux-gnu/libgio-2.0.so.0.4002.0
7f5c8169e000-7f5c816a2000 r--p 0016b000 08:06 1439362                    /usr/lib/x86_64-linux-gnu/libgio-2.0.so.0.4002.0
7f5c816a2000-7f5c816a4000 rw-p 0016f000 08:06 1439362                    /usr/lib/x86_64-linux-gnu/libgio-2.0.so.0.4002.0
7f5c816a4000-7f5c816a6000 rw-p 00000000 00:00 0 
7f5c816a6000-7f5c816bd000 r-xp 00000000 08:06 1489830                    /usr/lib/jvm/java-7-openjdk-amd64/jre/lib/amd64/libnet.so
7f5c816bd000-7f5c818bc000 ---p 00017000 08:06 1489830                    /usr/lib/jvm/java-7-openjdk-amd64/jre/lib/amd64/libnet.so
7f5c818bc000-7f5c818bd000 r--p 00016000 08:06 1489830                    /usr/lib/jvm/java-7-openjdk-amd64/jre/lib/amd64/libnet.so
7f5c818bd000-7f5c818be000 rw-p 00017000 08:06 1489830                    /usr/lib/jvm/java-7-openjdk-amd64/jre/lib/amd64/libnet.so
7f5c818be000-7f5c818ce000 r-xp 00000000 08:06 1489812                    /usr/lib/jvm/java-7-openjdk-amd64/jre/lib/amd64/libnio.so
7f5c818ce000-7f5c81ace000 ---p 00010000 08:06 1489812                    /usr/lib/jvm/java-7-openjdk-amd64/jre/lib/amd64/libnio.so
7f5c81ace000-7f5c81acf000 r--p 00010000 08:06 1489812                    /usr/lib/jvm/java-7-openjdk-amd64/jre/lib/amd64/libnio.so
7f5c81acf000-7f5c81ad0000 rw-p 00011000 08:06 1489812                    /usr/lib/jvm/java-7-openjdk-amd64/jre/lib/amd64/libnio.so
7f5c81ad0000-7f5c84000000 rw-p 00000000 00:00 0 
7f5c84000000-7f5c84021000 rw-p 00000000 00:00 0 
7f5c84021000-7f5c88000000 ---p 00000000 00:00 0 
7f5c88076000-7f5c880a7000 rw-p 00000000 00:00 0 
7f5c880a7000-7f5c880a8000 ---p 00000000 00:00 0 
7f5c880a8000-7f5c881a8000 rw-p 00000000 00:00 0                          [stack:5338]
7f5c881a8000-7f5c881ab000 ---p 00000000 00:00 0 
7f5c881ab000-7f5c882a9000 rw-p 00000000 00:00 0                          [stack:5337]
7f5c882a9000-7f5c882ac000 ---p 00000000 00:00 0 
7f5c882ac000-7f5c883aa000 rw-p 00000000 00:00 0                          [stack:5336]
7f5c883aa000-7f5c883ad000 ---p 00000000 00:00 0 
7f5c883ad000-7f5c884ab000 rw-p 00000000 00:00 0                          [stack:5335]
7f5c884ab000-7f5c884ae000 ---p 00000000 00:00 0 
7f5c884ae000-7f5c885ac000 rw-p 00000000 00:00 0                          [stack:5334]
7f5c885ac000-7f5c88dfe000 r--p 00000000 08:06 1447082                    /usr/lib/locale/locale-archive
7f5c88dfe000-7f5c88e01000 ---p 00000000 00:00 0 
7f5c88e01000-7f5c88eff000 rw-p 00000000 00:00 0                          [stack:5333]
7f5c88eff000-7f5c88f02000 ---p 00000000 00:00 0 
7f5c88f02000-7f5c89000000 rw-p 00000000 00:00 0                          [stack:5332]
7f5c89000000-7f5c89270000 rwxp 00000000 00:00 0 
7f5c89270000-7f5c8c1fa000 rw-p 00000000 00:00 0 
7f5c8c1fa000-7f5c90000000 ---p 00000000 00:00 0 
7f5c9001d000-7f5c90026000 r--s 0008a000 08:06 3244844                    /home/tulin/AndroidStudioProjects/CamApp2/app/build/intermediates/exploded-aar/com.android.support/appcompat-v7/23.2.0/jars/classes.jar
7f5c90026000-7f5c90035000 r--s 000df000 08:06 3216701                    /home/tulin/Android/Sdk/build-tools/23.0.2/lib/dx.jar
7f5c90035000-7f5c90036000 ---p 00000000 00:00 0 
7f5c90036000-7f5c91133000 rw-p 00000000 00:00 0                          [stack:5331]
7f5c91133000-7f5c912e5000 r--s 01d2f000 08:06 1489796                    /usr/lib/jvm/java-7-openjdk-amd64/jre/lib/rt.jar
7f5c912e5000-7f5c91631000 rw-p 00000000 00:00 0 
7f5c91631000-7f5c91632000 ---p 00000000 00:00 0 
7f5c91632000-7f5c91732000 rw-p 00000000 00:00 0                          [stack:5330]
7f5c91732000-7f5c91733000 ---p 00000000 00:00 0 
7f5c91733000-7f5c91833000 rw-p 00000000 00:00 0                          [stack:5329]
7f5c91833000-7f5c91834000 ---p 00000000 00:00 0 
7f5c91834000-7f5c91934000 rw-p 00000000 00:00 0                          [stack:5328]
7f5c91934000-7f5c91935000 ---p 00000000 00:00 0 
7f5c91935000-7f5c91a40000 rw-p 00000000 00:00 0                          [stack:5327]
7f5c91a40000-7f5c91a88000 rw-p 00000000 00:00 0 
7f5c91a88000-7f5c91a9c000 rw-p 00000000 00:00 0 
7f5c91a9c000-7f5c91bde000 rw-p 00000000 00:00 0 
7f5c91bde000-7f5c91be9000 rw-p 00000000 00:00 0 
7f5c91be9000-7f5c91c31000 rw-p 00000000 00:00 0 
7f5c91c31000-7f5c91c45000 rw-p 00000000 00:00 0 
7f5c91c45000-7f5c91d86000 rw-p 00000000 00:00 0 
7f5c91d86000-7f5c91da8000 rw-p 00000000 00:00 0 
7f5c91da8000-7f5c91e31000 rw-p 00000000 00:00 0 
7f5c91e31000-7f5c91e32000 rw-p 00000000 00:00 0 
7f5c91e32000-7f5c91e3a000 r-xp 00000000 08:06 1489805                    /usr/lib/jvm/java-7-openjdk-amd64/jre/lib/amd64/libzip.so
7f5c91e3a000-7f5c92039000 ---p 00008000 08:06 1489805                    /usr/lib/jvm/java-7-openjdk-amd64/jre/lib/amd64/libzip.so
7f5c92039000-7f5c9203a000 r--p 00007000 08:06 1489805                    /usr/lib/jvm/java-7-openjdk-amd64/jre/lib/amd64/libzip.so
7f5c9203a000-7f5c9203b000 rw-p 00008000 08:06 1489805                    /usr/lib/jvm/java-7-openjdk-amd64/jre/lib/amd64/libzip.so
7f5c9203b000-7f5c92046000 r-xp 00000000 08:06 184225                     /lib/x86_64-linux-gnu/libnss_files-2.19.so
7f5c92046000-7f5c92245000 ---p 0000b000 08:06 184225                     /lib/x86_64-linux-gnu/libnss_files-2.19.so
7f5c92245000-7f5c92246000 r--p 0000a000 08:06 184225                     /lib/x86_64-linux-gnu/libnss_files-2.19.so
7f5c92246000-7f5c92247000 rw-p 0000b000 08:06 184225                     /lib/x86_64-linux-gnu/libnss_files-2.19.so
7f5c92247000-7f5c92252000 r-xp 00000000 08:06 145746                     /lib/x86_64-linux-gnu/libnss_nis-2.19.so
7f5c92252000-7f5c92451000 ---p 0000b000 08:06 145746                     /lib/x86_64-linux-gnu/libnss_nis-2.19.so
7f5c92451000-7f5c92452000 r--p 0000a000 08:06 145746                     /lib/x86_64-linux-gnu/libnss_nis-2.19.so
7f5c92452000-7f5c92453000 rw-p 0000b000 08:06 145746                     /lib/x86_64-linux-gnu/libnss_nis-2.19.so
7f5c92453000-7f5c9246a000 r-xp 00000000 08:06 145742                     /lib/x86_64-linux-gnu/libnsl-2.19.so
7f5c9246a000-7f5c92669000 ---p 00017000 08:06 145742                     /lib/x86_64-linux-gnu/libnsl-2.19.so
7f5c92669000-7f5c9266a000 r--p 00016000 08:06 145742                     /lib/x86_64-linux-gnu/libnsl-2.19.so
7f5c9266a000-7f5c9266b000 rw-p 00017000 08:06 145742                     /lib/x86_64-linux-gnu/libnsl-2.19.so
7f5c9266b000-7f5c9266d000 rw-p 00000000 00:00 0 
7f5c9266d000-7f5c92676000 r-xp 00000000 08:06 145741                     /lib/x86_64-linux-gnu/libnss_compat-2.19.so
7f5c92676000-7f5c92875000 ---p 00009000 08:06 145741                     /lib/x86_64-linux-gnu/libnss_compat-2.19.so
7f5c92875000-7f5c92876000 r--p 00008000 08:06 145741                     /lib/x86_64-linux-gnu/libnss_compat-2.19.so
7f5c92876000-7f5c92877000 rw-p 00009000 08:06 145741                     /lib/x86_64-linux-gnu/libnss_compat-2.19.so
7f5c92877000-7f5c928a2000 r-xp 00000000 08:06 1489826                    /usr/lib/jvm/java-7-openjdk-amd64/jre/lib/amd64/libjava.so
7f5c928a2000-7f5c92aa2000 ---p 0002b000 08:06 1489826                    /usr/lib/jvm/java-7-openjdk-amd64/jre/lib/amd64/libjava.so
7f5c92aa2000-7f5c92aa3000 r--p 0002b000 08:06 1489826                    /usr/lib/jvm/java-7-openjdk-amd64/jre/lib/amd64/libjava.so
7f5c92aa3000-7f5c92aa5000 rw-p 0002c000 08:06 1489826                    /usr/lib/jvm/java-7-openjdk-amd64/jre/lib/amd64/libjava.so
7f5c92aa5000-7f5c92ab5000 r-xp 00000000 08:06 1489810                    /usr/lib/jvm/java-7-openjdk-amd64/jre/lib/amd64/libverify.so
7f5c92ab5000-7f5c92cb4000 ---p 00010000 08:06 1489810                    /usr/lib/jvm/java-7-openjdk-amd64/jre/lib/amd64/libverify.so
7f5c92cb4000-7f5c92cb6000 r--p 0000f000 08:06 1489810                    /usr/lib/jvm/java-7-openjdk-amd64/jre/lib/amd64/libverify.so
7f5c92cb6000-7f5c92cb7000 rw-p 00011000 08:06 1489810                    /usr/lib/jvm/java-7-openjdk-amd64/jre/lib/amd64/libverify.so
7f5c92cb7000-7f5c92cbe000 r-xp 00000000 08:06 148472                     /lib/x86_64-linux-gnu/librt-2.19.so
7f5c92cbe000-7f5c92ebd000 ---p 00007000 08:06 148472                     /lib/x86_64-linux-gnu/librt-2.19.so
7f5c92ebd000-7f5c92ebe000 r--p 00006000 08:06 148472                     /lib/x86_64-linux-gnu/librt-2.19.so
7f5c92ebe000-7f5c92ebf000 rw-p 00007000 08:06 148472                     /lib/x86_64-linux-gnu/librt-2.19.so
7f5c92ebf000-7f5c92ed5000 r-xp 00000000 08:06 131070                     /lib/x86_64-linux-gnu/libgcc_s.so.1
7f5c92ed5000-7f5c930d4000 ---p 00016000 08:06 131070                     /lib/x86_64-linux-gnu/libgcc_s.so.1
7f5c930d4000-7f5c930d5000 rw-p 00015000 08:06 131070                     /lib/x86_64-linux-gnu/libgcc_s.so.1
7f5c930d5000-7f5c931da000 r-xp 00000000 08:06 135048                     /lib/x86_64-linux-gnu/libm-2.19.so
7f5c931da000-7f5c933d9000 ---p 00105000 08:06 135048                     /lib/x86_64-linux-gnu/libm-2.19.so
7f5c933d9000-7f5c933da000 r--p 00104000 08:06 135048                     /lib/x86_64-linux-gnu/libm-2.19.so
7f5c933da000-7f5c933db000 rw-p 00105000 08:06 135048                     /lib/x86_64-linux-gnu/libm-2.19.so
7f5c933db000-7f5c934c1000 r-xp 00000000 08:06 1439330                    /usr/lib/x86_64-linux-gnu/libstdc++.so.6.0.19
7f5c934c1000-7f5c936c0000 ---p 000e6000 08:06 1439330                    /usr/lib/x86_64-linux-gnu/libstdc++.so.6.0.19
7f5c936c0000-7f5c936c8000 r--p 000e5000 08:06 1439330                    /usr/lib/x86_64-linux-gnu/libstdc++.so.6.0.19
7f5c936c8000-7f5c936ca000 rw-p 000ed000 08:06 1439330                    /usr/lib/x86_64-linux-gnu/libstdc++.so.6.0.19
7f5c936ca000-7f5c936df000 rw-p 00000000 00:00 0 
7f5c936df000-7f5c94204000 r-xp 00000000 08:06 1489806                    /usr/lib/jvm/java-7-openjdk-amd64/jre/lib/amd64/server/libjvm.so
7f5c94204000-7f5c94404000 ---p 00b25000 08:06 1489806                    /usr/lib/jvm/java-7-openjdk-amd64/jre/lib/amd64/server/libjvm.so
7f5c94404000-7f5c9449e000 r--p 00b25000 08:06 1489806                    /usr/lib/jvm/java-7-openjdk-amd64/jre/lib/amd64/server/libjvm.so
7f5c9449e000-7f5c944c1000 rw-p 00bbf000 08:06 1489806                    /usr/lib/jvm/java-7-openjdk-amd64/jre/lib/amd64/server/libjvm.so
7f5c944c1000-7f5c944ef000 rw-p 00000000 00:00 0 
7f5c944ef000-7f5c94507000 r-xp 00000000 08:06 135112                     /lib/x86_64-linux-gnu/libz.so.1.2.8
7f5c94507000-7f5c94706000 ---p 00018000 08:06 135112                     /lib/x86_64-linux-gnu/libz.so.1.2.8
7f5c94706000-7f5c94707000 r--p 00017000 08:06 135112                     /lib/x86_64-linux-gnu/libz.so.1.2.8
7f5c94707000-7f5c94708000 rw-p 00018000 08:06 135112                     /lib/x86_64-linux-gnu/libz.so.1.2.8
7f5c94708000-7f5c94721000 r-xp 00000000 08:06 145743                     /lib/x86_64-linux-gnu/libpthread-2.19.so
7f5c94721000-7f5c94920000 ---p 00019000 08:06 145743                     /lib/x86_64-linux-gnu/libpthread-2.19.so
7f5c94920000-7f5c94921000 r--p 00018000 08:06 145743                     /lib/x86_64-linux-gnu/libpthread-2.19.so
7f5c94921000-7f5c94922000 rw-p 00019000 08:06 145743                     /lib/x86_64-linux-gnu/libpthread-2.19.so
7f5c94922000-7f5c94926000 rw-p 00000000 00:00 0 
7f5c94926000-7f5c94929000 r-xp 00000000 08:06 145738                     /lib/x86_64-linux-gnu/libdl-2.19.so
7f5c94929000-7f5c94b28000 ---p 00003000 08:06 145738                     /lib/x86_64-linux-gnu/libdl-2.19.so
7f5c94b28000-7f5c94b29000 r--p 00002000 08:06 145738                     /lib/x86_64-linux-gnu/libdl-2.19.so
7f5c94b29000-7f5c94b2a000 rw-p 00003000 08:06 145738                     /lib/x86_64-linux-gnu/libdl-2.19.so
7f5c94b2a000-7f5c94ce5000 r-xp 00000000 08:06 148473                     /lib/x86_64-linux-gnu/libc-2.19.so
7f5c94ce5000-7f5c94ee4000 ---p 001bb000 08:06 148473                     /lib/x86_64-linux-gnu/libc-2.19.so
7f5c94ee4000-7f5c94ee8000 r--p 001ba000 08:06 148473                     /lib/x86_64-linux-gnu/libc-2.19.so
7f5c94ee8000-7f5c94eea000 rw-p 001be000 08:06 148473                     /lib/x86_64-linux-gnu/libc-2.19.so
7f5c94eea000-7f5c94eef000 rw-p 00000000 00:00 0 
7f5c94eef000-7f5c94efc000 r-xp 00000000 08:06 1489800                    /usr/lib/jvm/java-7-openjdk-amd64/jre/lib/amd64/jli/libjli.so
7f5c94efc000-7f5c950fb000 ---p 0000d000 08:06 1489800                    /usr/lib/jvm/java-7-openjdk-amd64/jre/lib/amd64/jli/libjli.so
7f5c950fb000-7f5c950fc000 r--p 0000c000 08:06 1489800                    /usr/lib/jvm/java-7-openjdk-amd64/jre/lib/amd64/jli/libjli.so
7f5c950fc000-7f5c950fd000 rw-p 0000d000 08:06 1489800                    /usr/lib/jvm/java-7-openjdk-amd64/jre/lib/amd64/jli/libjli.so
7f5c950fd000-7f5c95120000 r-xp 00000000 08:06 145744                     /lib/x86_64-linux-gnu/ld-2.19.so
7f5c95120000-7f5c95123000 r--s 0000f000 08:06 1489840                    /usr/lib/jvm/java-7-openjdk-amd64/jre/lib/ext/icedtea-sound.jar
7f5c95123000-7f5c95145000 rw-p 00000000 00:00 0 
7f5c95145000-7f5c951fb000 rw-p 00000000 00:00 0 
7f5c951fb000-7f5c951fe000 ---p 00000000 00:00 0 
7f5c951fe000-7f5c95302000 rw-p 00000000 00:00 0                          [stack:5323]
7f5c95302000-7f5c95304000 r--s 00012000 08:06 1489837                    /usr/lib/jvm/java-7-openjdk-amd64/jre/lib/ext/zipfs.jar
7f5c95304000-7f5c95305000 r--s 00002000 08:06 1489839                    /usr/lib/jvm/java-7-openjdk-amd64/jre/lib/ext/dnsns.jar
7f5c95305000-7f5c95307000 r--s 00006000 08:06 1840524                    /usr/share/java/java-atk-wrapper.jar
7f5c95307000-7f5c9530b000 r--s 0003c000 08:06 1489838                    /usr/lib/jvm/java-7-openjdk-amd64/jre/lib/ext/sunpkcs11.jar
7f5c9530b000-7f5c9530f000 r--s 00034000 08:06 1489836                    /usr/lib/jvm/java-7-openjdk-amd64/jre/lib/ext/sunjce_provider.jar
7f5c9530f000-7f5c95313000 r--s 00085000 08:06 1489835                    /usr/lib/jvm/java-7-openjdk-amd64/jre/lib/ext/localedata.jar
7f5c95313000-7f5c9531b000 rw-s 00000000 08:06 1846129                    /tmp/hsperfdata_tulin/5319
7f5c9531b000-7f5c9531c000 rw-p 00000000 00:00 0 
7f5c9531c000-7f5c9531d000 ---p 00000000 00:00 0 
7f5c9531d000-7f5c9531f000 rw-p 00000000 00:00 0 
7f5c9531f000-7f5c95320000 r--p 00022000 08:06 145744                     /lib/x86_64-linux-gnu/ld-2.19.so
7f5c95320000-7f5c95321000 rw-p 00023000 08:06 145744                     /lib/x86_64-linux-gnu/ld-2.19.so
7f5c95321000-7f5c95322000 rw-p 00000000 00:00 0 
7ffd870f4000-7ffd87115000 rw-p 00000000 00:00 0                          [stack]
7ffd8716b000-7ffd8716d000 r-xp 00000000 00:00 0                          [vdso]
ffffffffff600000-ffffffffff601000 r-xp 00000000 00:00 0                  [vsyscall]

VM Arguments:
jvm_args: -Djava.awt.headless=true -Xmx1024M -Dfile.encoding=UTF-8 -Duser.country=US -Duser.language=en -Duser.variant 
java_command: com.android.dx.command.Main --dex --num-threads=4 --output /home/tulin/AndroidStudioProjects/CamApp2/app/build/intermediates/pre-dexed/debug/com.android.support-appcompat-v7-23.2.0_82625f9d146655a52396ac438331a65e6ad7b285.jar /home/tulin/AndroidStudioProjects/CamApp2/app/build/intermediates/exploded-aar/com.android.support/appcompat-v7/23.2.0/jars/classes.jar
Launcher Type: SUN_STANDARD

Environment Variables:
PATH=/usr/local/sbin:/usr/local/bin:/usr/sbin:/usr/bin:/sbin:/bin:/usr/games:/usr/local/games
SHELL=/bin/bash
DISPLAY=:0

Signal Handlers:
SIGSEGV: [libjvm.so+0x955bc0], sa_mask[0]=0x7ffbfeff, sa_flags=0x10000004
SIGBUS: [libjvm.so+0x955bc0], sa_mask[0]=0x7ffbfeff, sa_flags=0x10000004
SIGFPE: [libjvm.so+0x7caff0], sa_mask[0]=0x7ffbfeff, sa_flags=0x10000004
SIGPIPE: [libjvm.so+0x7caff0], sa_mask[0]=0x7ffbfeff, sa_flags=0x10000004
SIGXFSZ: [libjvm.so+0x7caff0], sa_mask[0]=0x7ffbfeff, sa_flags=0x10000004
SIGILL: [libjvm.so+0x7caff0], sa_mask[0]=0x7ffbfeff, sa_flags=0x10000004
SIGUSR1: SIG_DFL, sa_mask[0]=0x00000000, sa_flags=0x00000000
SIGUSR2: [libjvm.so+0x7cae90], sa_mask[0]=0x00000004, sa_flags=0x10000004
SIGHUP: [libjvm.so+0x7cb070], sa_mask[0]=0x7ffbfeff, sa_flags=0x10000004
SIGINT: [libjvm.so+0x7cb070], sa_mask[0]=0x7ffbfeff, sa_flags=0x10000004
SIGTERM: [libjvm.so+0x7cb070], sa_mask[0]=0x7ffbfeff, sa_flags=0x10000004
SIGQUIT: [libjvm.so+0x7cb070], sa_mask[0]=0x7ffbfeff, sa_flags=0x10000004
SIGTRAP: SIG_DFL, sa_mask[0]=0x00000000, sa_flags=0x00000000


---------------  S Y S T E M  ---------------

OS:Ubuntu 14.04 (trusty)
uname:Linux 3.13.0-79-generic #123-Ubuntu SMP Fri Feb 19 14:27:58 UTC 2016 x86_64
libc:glibc 2.19 NPTL 2.19 
rlimit: STACK 8192k, CORE 0k, NPROC 30460, NOFILE 4096, AS infinity
load average:6,44 2,16 1,40

/proc/meminfo:
MemTotal:        3946988 kB
MemFree:           91268 kB
Buffers:            1548 kB
Cached:           470224 kB
SwapCached:            0 kB
Active:          3217952 kB
Inactive:         460232 kB
Active(anon):    3208676 kB
Inactive(anon):   445696 kB
Active(file):       9276 kB
Inactive(file):    14536 kB
Unevictable:          32 kB
Mlocked:              32 kB
SwapTotal:             0 kB
SwapFree:              0 kB
Dirty:               460 kB
Writeback:             0 kB
AnonPages:       3206516 kB
Mapped:           113236 kB
Shmem:            447816 kB
Slab:              72348 kB
SReclaimable:      35184 kB
SUnreclaim:        37164 kB
KernelStack:        6048 kB
PageTables:        43124 kB
NFS_Unstable:          0 kB
Bounce:                0 kB
WritebackTmp:          0 kB
CommitLimit:     1973492 kB
Committed_AS:    8702444 kB
VmallocTotal:   34359738367 kB
VmallocUsed:      350248 kB
VmallocChunk:   34359381756 kB
HardwareCorrupted:     0 kB
AnonHugePages:   1097728 kB
HugePages_Total:       0
HugePages_Free:        0
HugePages_Rsvd:        0
HugePages_Surp:        0
Hugepagesize:       2048 kB
DirectMap4k:       68640 kB
DirectMap2M:     4026368 kB


CPU:total 4 (2 cores per cpu, 2 threads per core) family 6 model 42 stepping 7, cmov, cx8, fxsr, mmx, sse, sse2, sse3, ssse3, sse4.1, sse4.2, popcnt, avx, aes, ht, tsc, tscinvbit

/proc/cpuinfo:
processor	: 0
vendor_id	: GenuineIntel
cpu family	: 6
model		: 42
model name	: Intel(R) Core(TM) i5-2557M CPU @ 1.70GHz
stepping	: 7
microcode	: 0x1a
cpu MHz		: 1701.000
cache size	: 3072 KB
physical id	: 0
siblings	: 4
core id		: 0
cpu cores	: 2
apicid		: 0
initial apicid	: 0
fpu		: yes
fpu_exception	: yes
cpuid level	: 13
wp		: yes
flags		: fpu vme de pse tsc msr pae mce cx8 apic sep mtrr pge mca cmov pat pse36 clflush dts acpi mmx fxsr sse sse2 ss ht tm pbe syscall nx rdtscp lm constant_tsc arch_perfmon pebs bts rep_good nopl xtopology nonstop_tsc aperfmperf eagerfpu pni pclmulqdq dtes64 monitor ds_cpl vmx smx est tm2 ssse3 cx16 xtpr pdcm pcid sse4_1 sse4_2 x2apic popcnt tsc_deadline_timer aes xsave avx lahf_lm ida arat epb xsaveopt pln pts dtherm tpr_shadow vnmi flexpriority ept vpid
bogomips	: 3392.04
clflush size	: 64
cache_alignment	: 64
address sizes	: 36 bits physical, 48 bits virtual
power management:

processor	: 1
vendor_id	: GenuineIntel
cpu family	: 6
model		: 42
model name	: Intel(R) Core(TM) i5-2557M CPU @ 1.70GHz
stepping	: 7
microcode	: 0x1a
cpu MHz		: 1701.000
cache size	: 3072 KB
physical id	: 0
siblings	: 4
core id		: 1
cpu cores	: 2
apicid		: 2
initial apicid	: 2
fpu		: yes
fpu_exception	: yes
cpuid level	: 13
wp		: yes
flags		: fpu vme de pse tsc msr pae mce cx8 apic sep mtrr pge mca cmov pat pse36 clflush dts acpi mmx fxsr sse sse2 ss ht tm pbe syscall nx rdtscp lm constant_tsc arch_perfmon pebs bts rep_good nopl xtopology nonstop_tsc aperfmperf eagerfpu pni pclmulqdq dtes64 monitor ds_cpl vmx smx est tm2 ssse3 cx16 xtpr pdcm pcid sse4_1 sse4_2 x2apic popcnt tsc_deadline_timer aes xsave avx lahf_lm ida arat epb xsaveopt pln pts dtherm tpr_shadow vnmi flexpriority ept vpid
bogomips	: 3392.04
clflush size	: 64
cache_alignment	: 64
address sizes	: 36 bits physical, 48 bits virtual
power management:

processor	: 2
vendor_id	: GenuineIntel
cpu family	: 6
model		: 42
model name	: Intel(R) Core(TM) i5-2557M CPU @ 1.70GHz
stepping	: 7
microcode	: 0x1a
cpu MHz		: 1701.000
cache size	: 3072 KB
physical id	: 0
siblings	: 4
core id		: 0
cpu cores	: 2
apicid		: 1
initial apicid	: 1
fpu		: yes
fpu_exception	: yes
cpuid level	: 13
wp		: yes
flags		: fpu vme de pse tsc msr pae mce cx8 apic sep mtrr pge mca cmov pat pse36 clflush dts acpi mmx fxsr sse sse2 ss ht tm pbe syscall nx rdtscp lm constant_tsc arch_perfmon pebs bts rep_good nopl xtopology nonstop_tsc aperfmperf eagerfpu pni pclmulqdq dtes64 monitor ds_cpl vmx smx est tm2 ssse3 cx16 xtpr pdcm pcid sse4_1 sse4_2 x2apic popcnt tsc_deadline_timer aes xsave avx lahf_lm ida arat epb xsaveopt pln pts dtherm tpr_shadow vnmi flexpriority ept vpid
bogomips	: 3392.04
clflush size	: 64
cache_alignment	: 64
address sizes	: 36 bits physical, 48 bits virtual
power management:

processor	: 3
vendor_id	: GenuineIntel
cpu family	: 6
model		: 42
model name	: Intel(R) Core(TM) i5-2557M CPU @ 1.70GHz
stepping	: 7
microcode	: 0x1a
cpu MHz		: 1701.000
cache size	: 3072 KB
physical id	: 0
siblings	: 4
core id		: 1
cpu cores	: 2
apicid		: 3
initial apicid	: 3
fpu		: yes
fpu_exception	: yes
cpuid level	: 13
wp		: yes
flags		: fpu vme de pse tsc msr pae mce cx8 apic sep mtrr pge mca cmov pat pse36 clflush dts acpi mmx fxsr sse sse2 ss ht tm pbe syscall nx rdtscp lm constant_tsc arch_perfmon pebs bts rep_good nopl xtopology nonstop_tsc aperfmperf eagerfpu pni pclmulqdq dtes64 monitor ds_cpl vmx smx est tm2 ssse3 cx16 xtpr pdcm pcid sse4_1 sse4_2 x2apic popcnt tsc_deadline_timer aes xsave avx lahf_lm ida arat epb xsaveopt pln pts dtherm tpr_shadow vnmi flexpriority ept vpid
bogomips	: 3392.04
clflush size	: 64
cache_alignment	: 64
address sizes	: 36 bits physical, 48 bits virtual
power management:



Memory: 4k page, physical 3946988k(91268k free), swap 0k(0k free)

vm_info: OpenJDK 64-Bit Server VM (24.95-b01) for linux-amd64 JRE (1.7.0_95-b00), built on Jan 21 2016 03:31:40 by "buildd" with gcc 4.8.4

time: Mon Mar 14 22:44:43 2016
elapsed time: 15 seconds

