#
# There is insufficient memory for the Java Runtime Environment to continue.
# Native memory allocation (malloc) failed to allocate 16252928 bytes for committing reserved memory.
# Possible reasons:
#   The system is out of physical RAM or swap space
#   In 32 bit mode, the process size limit was hit
# Possible solutions:
#   Reduce memory load on the system
#   Increase physical memory or swap space
#   Check if swap backing store is full
#   Use 64 bit Java on a 64 bit OS
#   Decrease Java heap size (-Xmx/-Xms)
#   Decrease number of Java threads
#   Decrease Java thread stack sizes (-Xss)
#   Set larger code cache with -XX:ReservedCodeCacheSize=
# This output file may be truncated or incomplete.
#
#  Out of Memory Error (os_linux.cpp:2827), pid=4717, tid=139678172829440
#
# JRE version: OpenJDK Runtime Environment (7.0_95) (build 1.7.0_95-b00)
# Java VM: OpenJDK 64-Bit Server VM (24.95-b01 mixed mode linux-amd64 compressed oops)
# Derivative: IcedTea 2.6.4
# Distribution: Ubuntu 14.04.3 LTS, package 7u95-2.6.4-0ubuntu0.14.04.1
# Failed to write core dump. Core dumps have been disabled. To enable core dumping, try "ulimit -c unlimited" before starting Java again
#

---------------  T H R E A D  ---------------

Current thread (0x00007f0970076000):  VMThread [stack: 0x00007f095bcfd000,0x00007f095bdfe000] [id=4754]

Stack: [0x00007f095bcfd000,0x00007f095bdfe000],  sp=0x00007f095bdfc490,  free space=1021k
Native frames: (J=compiled Java code, j=interpreted, Vv=VM code, C=native code)
V  [libjvm.so+0x9550e5]
V  [libjvm.so+0x4902b4]
V  [libjvm.so+0x7cf7bb]
V  [libjvm.so+0x7ca28f]
V  [libjvm.so+0x83e56b]
V  [libjvm.so+0x83f3e0]
V  [libjvm.so+0x83facb]
V  [libjvm.so+0x83b4d8]
V  [libjvm.so+0x83bd48]
V  [libjvm.so+0x7f1fd3]
V  [libjvm.so+0x956ae4]
V  [libjvm.so+0x95abe7]
V  [libjvm.so+0x9596a8]
V  [libjvm.so+0x959b09]
V  [libjvm.so+0x959f52]
V  [libjvm.so+0x7cc682]

VM_Operation (0x00007f09765899f0): ParallelGCFailedAllocation, mode: safepoint, requested by thread 0x00007f097000a800


---------------  P R O C E S S  ---------------

Java Threads: ( => current thread )
  0x00007f09700b2000 JavaThread "Service Thread" daemon [_thread_blocked, id=4780, stack(0x00007f095aea5000,0x00007f095afa6000)]
  0x00007f09700af800 JavaThread "C2 CompilerThread1" daemon [_thread_blocked, id=4773, stack(0x00007f095afa6000,0x00007f095b0a7000)]
  0x00007f09700ac800 JavaThread "C2 CompilerThread0" daemon [_thread_blocked, id=4771, stack(0x00007f095b0a7000,0x00007f095b1a8000)]
  0x00007f09700aa800 JavaThread "Signal Dispatcher" daemon [_thread_blocked, id=4768, stack(0x00007f095b1a8000,0x00007f095b2a9000)]
  0x00007f097007c000 JavaThread "Finalizer" daemon [_thread_blocked, id=4762, stack(0x00007f095bafb000,0x00007f095bbfc000)]
  0x00007f097007a000 JavaThread "Reference Handler" daemon [_thread_blocked, id=4758, stack(0x00007f095bbfc000,0x00007f095bcfd000)]
  0x00007f097000a800 JavaThread "main" [_thread_blocked, id=4736, stack(0x00007f097648d000,0x00007f097658e000)]

Other Threads:
=>0x00007f0970076000 VMThread [stack: 0x00007f095bcfd000,0x00007f095bdfe000] [id=4754]
  0x00007f09700bc800 WatcherThread [stack: 0x00007f095ada4000,0x00007f095aea5000] [id=4785]

VM state:at safepoint (normal execution)

VM Mutex/Monitor currently owned by a thread:  ([mutex/lock_event])
[0x00007f0970006990] Threads_lock - owner thread: 0x00007f0970076000
[0x00007f0970006e90] Heap_lock - owner thread: 0x00007f097000a800

Heap
 PSYoungGen      total 18432K, used 1143K [0x00000000eaa80000, 0x00000000ebf00000, 0x0000000100000000)
  eden space 15872K, 0% used [0x00000000eaa80000,0x00000000eaa80000,0x00000000eba00000)
  from space 2560K, 44% used [0x00000000eba00000,0x00000000ebb1df78,0x00000000ebc80000)
  to   space 2560K, 0% used [0x00000000ebc80000,0x00000000ebc80000,0x00000000ebf00000)
 ParOldGen       total 40960K, used 0K [0x00000000c0000000, 0x00000000c2800000, 0x00000000eaa80000)
  object space 40960K, 0% used [0x00000000c0000000,0x00000000c0000000,0x00000000c2800000)
 PSPermGen       total 21504K, used 4220K [0x00000000b5a00000, 0x00000000b6f00000, 0x00000000c0000000)
  object space 21504K, 19% used [0x00000000b5a00000,0x00000000b5e1f2a8,0x00000000b6f00000)

Card table byte_map: [0x00007f096bd1f000,0x00007f096bf73000] byte_map_base: 0x00007f096b772000

Polling page: 0x00007f09765af000

Code Cache  [0x00007f096bf73000, 0x00007f096c1e3000, 0x00007f096ef73000)
 total_blobs=242 nmethods=30 adapters=166 free_code_cache=48720Kb largest_free_block=49871808

Compilation events (10 events):
Event: 9,827 Thread 0x00007f09700af800 nmethod 26 0x00007f096bfdc690 code [0x00007f096bfdc7e0, 0x00007f096bfdc958]
Event: 9,827 Thread 0x00007f09700af800   27             java.util.regex.Pattern$Node::<init> (12 bytes)
Event: 11,295 Thread 0x00007f09700ac800 nmethod 21 0x00007f096bfda150 code [0x00007f096bfda2c0, 0x00007f096bfda758]
Event: 11,614 Thread 0x00007f09700af800 nmethod 27 0x00007f096bfdefd0 code [0x00007f096bfdf100, 0x00007f096bfdf178]
Event: 37,582 Thread 0x00007f09700ac800   28 %           java.lang.String::indexOf @ 37 (70 bytes)
Event: 42,010 Thread 0x00007f09700ac800 nmethod 28% 0x00007f096bfdad90 code [0x00007f096bfdaee0, 0x00007f096bfdb0b8]
Event: 42,952 Thread 0x00007f09700af800   29             java.lang.String::indexOf (70 bytes)
Event: 43,652 Thread 0x00007f09700ac800   30             java.lang.Math::min (11 bytes)
Event: 44,746 Thread 0x00007f09700af800 nmethod 29 0x00007f096bfdce90 code [0x00007f096bfdcfe0, 0x00007f096bfdd158]
Event: 44,747 Thread 0x00007f09700ac800 nmethod 30 0x00007f096bfdabd0 code [0x00007f096bfdad00, 0x00007f096bfdad38]

GC Heap History (1 events):
Event: 70,315 GC heap before
{Heap before GC invocations=1 (full 0):
 PSYoungGen      total 18432K, used 15872K [0x00000000eaa80000, 0x00000000ebf00000, 0x0000000100000000)
  eden space 15872K, 100% used [0x00000000eaa80000,0x00000000eba00000,0x00000000eba00000)
  from space 2560K, 0% used [0x00000000ebc80000,0x00000000ebc80000,0x00000000ebf00000)
  to   space 2560K, 0% used [0x00000000eba00000,0x00000000eba00000,0x00000000ebc80000)
 ParOldGen       total 40960K, used 0K [0x00000000c0000000, 0x00000000c2800000, 0x00000000eaa80000)
  object space 40960K, 0% used [0x00000000c0000000,0x00000000c0000000,0x00000000c2800000)
 PSPermGen       total 21504K, used 4220K [0x00000000b5a00000, 0x00000000b6f00000, 0x00000000c0000000)
  object space 21504K, 19% used [0x00000000b5a00000,0x00000000b5e1f2a8,0x00000000b6f00000)

Deoptimization events (2 events):
Event: 15,503 Thread 0x00007f097000a800 Uncommon trap: reason=unstable_if action=reinterpret pc=0x00007f096bfdc8f0 method=java.lang.String.indexOf(II)I @ 49
Event: 16,157 Thread 0x00007f097000a800 Uncommon trap: reason=unstable_if action=reinterpret pc=0x00007f096bfd9674 method=java.lang.String.indexOf(II)I @ 49

Internal exceptions (10 events):
Event: 63,269 Thread 0x00007f097000a800 Threw 0x00000000eb9ddbe0 at /build/openjdk-7-2FOwCu/openjdk-7-7u95-2.6.4/build/openjdk/hotspot/src/share/vm/prims/jvm.cpp:1322
Event: 63,272 Thread 0x00007f097000a800 Threw 0x00000000eb9e1438 at /build/openjdk-7-2FOwCu/openjdk-7-7u95-2.6.4/build/openjdk/hotspot/src/share/vm/prims/jvm.cpp:1322
Event: 63,273 Thread 0x00007f097000a800 Threw 0x00000000eb9e4f28 at /build/openjdk-7-2FOwCu/openjdk-7-7u95-2.6.4/build/openjdk/hotspot/src/share/vm/prims/jvm.cpp:1322
Event: 63,274 Thread 0x00007f097000a800 Threw 0x00000000eb9ea048 at /build/openjdk-7-2FOwCu/openjdk-7-7u95-2.6.4/build/openjdk/hotspot/src/share/vm/prims/jvm.cpp:1322
Event: 63,278 Thread 0x00007f097000a800 Threw 0x00000000eb9eda10 at /build/openjdk-7-2FOwCu/openjdk-7-7u95-2.6.4/build/openjdk/hotspot/src/share/vm/prims/jvm.cpp:1322
Event: 63,279 Thread 0x00007f097000a800 Threw 0x00000000eb9f06b0 at /build/openjdk-7-2FOwCu/openjdk-7-7u95-2.6.4/build/openjdk/hotspot/src/share/vm/prims/jvm.cpp:1322
Event: 64,770 Thread 0x00007f097000a800 Threw 0x00000000eb9f3b18 at /build/openjdk-7-2FOwCu/openjdk-7-7u95-2.6.4/build/openjdk/hotspot/src/share/vm/prims/jvm.cpp:1322
Event: 65,950 Thread 0x00007f097000a800 Threw 0x00000000eb9f6928 at /build/openjdk-7-2FOwCu/openjdk-7-7u95-2.6.4/build/openjdk/hotspot/src/share/vm/prims/jvm.cpp:1322
Event: 66,599 Thread 0x00007f097000a800 Threw 0x00000000eb9fa260 at /build/openjdk-7-2FOwCu/openjdk-7-7u95-2.6.4/build/openjdk/hotspot/src/share/vm/prims/jvm.cpp:1322
Event: 69,321 Thread 0x00007f097000a800 Threw 0x00000000eb9ff3f8 at /build/openjdk-7-2FOwCu/openjdk-7-7u95-2.6.4/build/openjdk/hotspot/src/share/vm/prims/jvm.cpp:1322

Events (10 events):
Event: 65,741 loading class 0x00007f09380588c0
Event: 65,746 loading class 0x00007f09380588c0 done
Event: 65,944 loading class 0x00007f097000d9e0 done
Event: 65,949 loading class 0x00007f0970165960
Event: 65,949 loading class 0x00007f0970165960 done
Event: 66,141 loading class 0x00007f0970134360
Event: 66,146 loading class 0x00007f0970134360 done
Event: 68,549 loading class 0x00007f097000d760
Event: 68,809 loading class 0x00007f097000d760 done
Event: 69,879 Executing VM operation: ParallelGCFailedAllocation


Dynamic libraries:
00400000-00401000 r-xp 00000000 08:06 1454669                            /usr/lib/jvm/java-7-openjdk-amd64/jre/bin/java
00600000-00601000 r--p 00000000 08:06 1454669                            /usr/lib/jvm/java-7-openjdk-amd64/jre/bin/java
00601000-00602000 rw-p 00001000 08:06 1454669                            /usr/lib/jvm/java-7-openjdk-amd64/jre/bin/java
02290000-022b1000 rw-p 00000000 00:00 0                                  [heap]
b5a00000-b6f00000 rw-p 00000000 00:00 0 
b6f00000-c0000000 rw-p 00000000 00:00 0 
c0000000-c2800000 rw-p 00000000 00:00 0 
c2800000-eaa80000 rw-p 00000000 00:00 0 
eaa80000-ebf00000 rw-p 00000000 00:00 0 
ece80000-100000000 rw-p 00000000 00:00 0 
7f0930000000-7f0930021000 rw-p 00000000 00:00 0 
7f0930021000-7f0934000000 ---p 00000000 00:00 0 
7f0938000000-7f09380e9000 rw-p 00000000 00:00 0 
7f09380e9000-7f093c000000 ---p 00000000 00:00 0 
7f093c000000-7f093c021000 rw-p 00000000 00:00 0 
7f093c021000-7f0940000000 ---p 00000000 00:00 0 
7f0940000000-7f0940021000 rw-p 00000000 00:00 0 
7f0940021000-7f0944000000 ---p 00000000 00:00 0 
7f0944000000-7f0944148000 rw-p 00000000 00:00 0 
7f0944148000-7f0948000000 ---p 00000000 00:00 0 
7f0948000000-7f0948021000 rw-p 00000000 00:00 0 
7f0948021000-7f094c000000 ---p 00000000 00:00 0 
7f094c000000-7f094c021000 rw-p 00000000 00:00 0 
7f094c021000-7f0950000000 ---p 00000000 00:00 0 
7f0950000000-7f0950021000 rw-p 00000000 00:00 0 
7f0950021000-7f0954000000 ---p 00000000 00:00 0 
7f0954000000-7f0954021000 rw-p 00000000 00:00 0 
7f0954021000-7f0958000000 ---p 00000000 00:00 0 
7f0959626000-7f0959663000 r-xp 00000000 08:06 130821                     /lib/x86_64-linux-gnu/libpcre.so.3.13.1
7f0959663000-7f0959862000 ---p 0003d000 08:06 130821                     /lib/x86_64-linux-gnu/libpcre.so.3.13.1
7f0959862000-7f0959863000 r--p 0003c000 08:06 130821                     /lib/x86_64-linux-gnu/libpcre.so.3.13.1
7f0959863000-7f0959864000 rw-p 0003d000 08:06 130821                     /lib/x86_64-linux-gnu/libpcre.so.3.13.1
7f0959864000-7f095986b000 r-xp 00000000 08:06 1447540                    /usr/lib/x86_64-linux-gnu/libffi.so.6.0.1
7f095986b000-7f0959a6a000 ---p 00007000 08:06 1447540                    /usr/lib/x86_64-linux-gnu/libffi.so.6.0.1
7f0959a6a000-7f0959a6b000 r--p 00006000 08:06 1447540                    /usr/lib/x86_64-linux-gnu/libffi.so.6.0.1
7f0959a6b000-7f0959a6c000 rw-p 00007000 08:06 1447540                    /usr/lib/x86_64-linux-gnu/libffi.so.6.0.1
7f0959a6c000-7f0959a83000 r-xp 00000000 08:06 134868                     /lib/x86_64-linux-gnu/libresolv-2.19.so
7f0959a83000-7f0959c83000 ---p 00017000 08:06 134868                     /lib/x86_64-linux-gnu/libresolv-2.19.so
7f0959c83000-7f0959c84000 r--p 00017000 08:06 134868                     /lib/x86_64-linux-gnu/libresolv-2.19.so
7f0959c84000-7f0959c85000 rw-p 00018000 08:06 134868                     /lib/x86_64-linux-gnu/libresolv-2.19.so
7f0959c85000-7f0959c87000 rw-p 00000000 00:00 0 
7f0959c87000-7f0959ca7000 r-xp 00000000 08:06 135079                     /lib/x86_64-linux-gnu/libselinux.so.1
7f0959ca7000-7f0959ea6000 ---p 00020000 08:06 135079                     /lib/x86_64-linux-gnu/libselinux.so.1
7f0959ea6000-7f0959ea7000 r--p 0001f000 08:06 135079                     /lib/x86_64-linux-gnu/libselinux.so.1
7f0959ea7000-7f0959ea8000 rw-p 00020000 08:06 135079                     /lib/x86_64-linux-gnu/libselinux.so.1
7f0959ea8000-7f0959eaa000 rw-p 00000000 00:00 0 
7f0959eaa000-7f0959ead000 r-xp 00000000 08:06 1439340                    /usr/lib/x86_64-linux-gnu/libgmodule-2.0.so.0.4002.0
7f0959ead000-7f095a0ac000 ---p 00003000 08:06 1439340                    /usr/lib/x86_64-linux-gnu/libgmodule-2.0.so.0.4002.0
7f095a0ac000-7f095a0ad000 r--p 00002000 08:06 1439340                    /usr/lib/x86_64-linux-gnu/libgmodule-2.0.so.0.4002.0
7f095a0ad000-7f095a0ae000 rw-p 00003000 08:06 1439340                    /usr/lib/x86_64-linux-gnu/libgmodule-2.0.so.0.4002.0
7f095a0ae000-7f095a1b4000 r-xp 00000000 08:06 134871                     /lib/x86_64-linux-gnu/libglib-2.0.so.0.4002.0
7f095a1b4000-7f095a3b3000 ---p 00106000 08:06 134871                     /lib/x86_64-linux-gnu/libglib-2.0.so.0.4002.0
7f095a3b3000-7f095a3b4000 r--p 00105000 08:06 134871                     /lib/x86_64-linux-gnu/libglib-2.0.so.0.4002.0
7f095a3b4000-7f095a3b5000 rw-p 00106000 08:06 134871                     /lib/x86_64-linux-gnu/libglib-2.0.so.0.4002.0
7f095a3b5000-7f095a3b6000 rw-p 00000000 00:00 0 
7f095a3b6000-7f095a405000 r-xp 00000000 08:06 1439358                    /usr/lib/x86_64-linux-gnu/libgobject-2.0.so.0.4002.0
7f095a405000-7f095a605000 ---p 0004f000 08:06 1439358                    /usr/lib/x86_64-linux-gnu/libgobject-2.0.so.0.4002.0
7f095a605000-7f095a606000 r--p 0004f000 08:06 1439358                    /usr/lib/x86_64-linux-gnu/libgobject-2.0.so.0.4002.0
7f095a606000-7f095a607000 rw-p 00050000 08:06 1439358                    /usr/lib/x86_64-linux-gnu/libgobject-2.0.so.0.4002.0
7f095a607000-7f095a773000 r-xp 00000000 08:06 1439362                    /usr/lib/x86_64-linux-gnu/libgio-2.0.so.0.4002.0
7f095a773000-7f095a972000 ---p 0016c000 08:06 1439362                    /usr/lib/x86_64-linux-gnu/libgio-2.0.so.0.4002.0
7f095a972000-7f095a976000 r--p 0016b000 08:06 1439362                    /usr/lib/x86_64-linux-gnu/libgio-2.0.so.0.4002.0
7f095a976000-7f095a978000 rw-p 0016f000 08:06 1439362                    /usr/lib/x86_64-linux-gnu/libgio-2.0.so.0.4002.0
7f095a978000-7f095a97a000 rw-p 00000000 00:00 0 
7f095a97a000-7f095a991000 r-xp 00000000 08:06 1489830                    /usr/lib/jvm/java-7-openjdk-amd64/jre/lib/amd64/libnet.so
7f095a991000-7f095ab90000 ---p 00017000 08:06 1489830                    /usr/lib/jvm/java-7-openjdk-amd64/jre/lib/amd64/libnet.so
7f095ab90000-7f095ab91000 r--p 00016000 08:06 1489830                    /usr/lib/jvm/java-7-openjdk-amd64/jre/lib/amd64/libnet.so
7f095ab91000-7f095ab92000 rw-p 00017000 08:06 1489830                    /usr/lib/jvm/java-7-openjdk-amd64/jre/lib/amd64/libnet.so
7f095ab92000-7f095aba2000 r-xp 00000000 08:06 1489812                    /usr/lib/jvm/java-7-openjdk-amd64/jre/lib/amd64/libnio.so
7f095aba2000-7f095ada2000 ---p 00010000 08:06 1489812                    /usr/lib/jvm/java-7-openjdk-amd64/jre/lib/amd64/libnio.so
7f095ada2000-7f095ada3000 r--p 00010000 08:06 1489812                    /usr/lib/jvm/java-7-openjdk-amd64/jre/lib/amd64/libnio.so
7f095ada3000-7f095ada4000 rw-p 00011000 08:06 1489812                    /usr/lib/jvm/java-7-openjdk-amd64/jre/lib/amd64/libnio.so
7f095ada4000-7f095ada5000 ---p 00000000 00:00 0 
7f095ada5000-7f095aea5000 rw-p 00000000 00:00 0                          [stack:4785]
7f095aea5000-7f095aea8000 ---p 00000000 00:00 0 
7f095aea8000-7f095afa6000 rw-p 00000000 00:00 0                          [stack:4780]
7f095afa6000-7f095afa9000 ---p 00000000 00:00 0 
7f095afa9000-7f095b0a7000 rw-p 00000000 00:00 0                          [stack:4773]
7f095b0a7000-7f095b0aa000 ---p 00000000 00:00 0 
7f095b0aa000-7f095b1a8000 rw-p 00000000 00:00 0                          [stack:4771]
7f095b1a8000-7f095b1ab000 ---p 00000000 00:00 0 
7f095b1ab000-7f095b2a9000 rw-p 00000000 00:00 0                          [stack:4768]
7f095b2a9000-7f095bafb000 r--p 00000000 08:06 1447082                    /usr/lib/locale/locale-archive
7f095bafb000-7f095bafe000 ---p 00000000 00:00 0 
7f095bafe000-7f095bbfc000 rw-p 00000000 00:00 0                          [stack:4762]
7f095bbfc000-7f095bbff000 ---p 00000000 00:00 0 
7f095bbff000-7f095bcfd000 rw-p 00000000 00:00 0                          [stack:4758]
7f095bcfd000-7f095bcfe000 ---p 00000000 00:00 0 
7f095bcfe000-7f095c000000 rw-p 00000000 00:00 0                          [stack:4754]
7f095c000000-7f095c021000 rw-p 00000000 00:00 0 
7f095c021000-7f0960000000 ---p 00000000 00:00 0 
7f0960000000-7f0960021000 rw-p 00000000 00:00 0 
7f0960021000-7f0964000000 ---p 00000000 00:00 0 
7f0964000000-7f0964021000 rw-p 00000000 00:00 0 
7f0964021000-7f0968000000 ---p 00000000 00:00 0 
7f0968022000-7f0968053000 rw-p 00000000 00:00 0 
7f0968070000-7f0968086000 r--s 000f0000 08:06 3245272                    /home/tulin/AndroidStudioProjects/CamApp/app/build/intermediates/exploded-aar/com.android.support/support-v4/23.2.0/jars/classes.jar
7f0968086000-7f0968095000 r--s 000df000 08:06 3216701                    /home/tulin/Android/Sdk/build-tools/23.0.2/lib/dx.jar
7f0968095000-7f0968e90000 rw-p 00000000 00:00 0 
7f0968e90000-7f0969042000 r--s 01d2f000 08:06 1489796                    /usr/lib/jvm/java-7-openjdk-amd64/jre/lib/rt.jar
7f0969042000-7f096b7c5000 rw-p 00000000 00:00 0 
7f096b7c5000-7f096b7c6000 ---p 00000000 00:00 0 
7f096b7c6000-7f096b8c6000 rw-p 00000000 00:00 0                          [stack:4752]
7f096b8c6000-7f096b8c7000 ---p 00000000 00:00 0 
7f096b8c7000-7f096b9c7000 rw-p 00000000 00:00 0                          [stack:4747]
7f096b9c7000-7f096b9c8000 ---p 00000000 00:00 0 
7f096b9c8000-7f096bac8000 rw-p 00000000 00:00 0                          [stack:4742]
7f096bac8000-7f096bac9000 ---p 00000000 00:00 0 
7f096bac9000-7f096bbdd000 rw-p 00000000 00:00 0                          [stack:4741]
7f096bbdd000-7f096bd1f000 rw-p 00000000 00:00 0 
7f096bd1f000-7f096bd2a000 rw-p 00000000 00:00 0 
7f096bd2a000-7f096bd72000 rw-p 00000000 00:00 0 
7f096bd72000-7f096bd86000 rw-p 00000000 00:00 0 
7f096bd86000-7f096bec7000 rw-p 00000000 00:00 0 
7f096bec7000-7f096bed2000 rw-p 00000000 00:00 0 
7f096bed2000-7f096bf72000 rw-p 00000000 00:00 0 
7f096bf72000-7f096bf73000 rw-p 00000000 00:00 0 
7f096bf73000-7f096c1e3000 rwxp 00000000 00:00 0 
7f096c1e3000-7f096ef73000 rw-p 00000000 00:00 0 
7f096ef73000-7f096ef7b000 r-xp 00000000 08:06 1489805                    /usr/lib/jvm/java-7-openjdk-amd64/jre/lib/amd64/libzip.so
7f096ef7b000-7f096f17a000 ---p 00008000 08:06 1489805                    /usr/lib/jvm/java-7-openjdk-amd64/jre/lib/amd64/libzip.so
7f096f17a000-7f096f17b000 r--p 00007000 08:06 1489805                    /usr/lib/jvm/java-7-openjdk-amd64/jre/lib/amd64/libzip.so
7f096f17b000-7f096f17c000 rw-p 00008000 08:06 1489805                    /usr/lib/jvm/java-7-openjdk-amd64/jre/lib/amd64/libzip.so
7f096f17c000-7f096f187000 r-xp 00000000 08:06 184225                     /lib/x86_64-linux-gnu/libnss_files-2.19.so
7f096f187000-7f096f386000 ---p 0000b000 08:06 184225                     /lib/x86_64-linux-gnu/libnss_files-2.19.so
7f096f386000-7f096f387000 r--p 0000a000 08:06 184225                     /lib/x86_64-linux-gnu/libnss_files-2.19.so
7f096f387000-7f096f388000 rw-p 0000b000 08:06 184225                     /lib/x86_64-linux-gnu/libnss_files-2.19.so
7f096f388000-7f096f393000 r-xp 00000000 08:06 145746                     /lib/x86_64-linux-gnu/libnss_nis-2.19.so
7f096f393000-7f096f592000 ---p 0000b000 08:06 145746                     /lib/x86_64-linux-gnu/libnss_nis-2.19.so
7f096f592000-7f096f593000 r--p 0000a000 08:06 145746                     /lib/x86_64-linux-gnu/libnss_nis-2.19.so
7f096f593000-7f096f594000 rw-p 0000b000 08:06 145746                     /lib/x86_64-linux-gnu/libnss_nis-2.19.so
7f096f594000-7f096f5ab000 r-xp 00000000 08:06 145742                     /lib/x86_64-linux-gnu/libnsl-2.19.so
7f096f5ab000-7f096f7aa000 ---p 00017000 08:06 145742                     /lib/x86_64-linux-gnu/libnsl-2.19.so
7f096f7aa000-7f096f7ab000 r--p 00016000 08:06 145742                     /lib/x86_64-linux-gnu/libnsl-2.19.so
7f096f7ab000-7f096f7ac000 rw-p 00017000 08:06 145742                     /lib/x86_64-linux-gnu/libnsl-2.19.so
7f096f7ac000-7f096f7ae000 rw-p 00000000 00:00 0 
7f096f7ae000-7f096f7b7000 r-xp 00000000 08:06 145741                     /lib/x86_64-linux-gnu/libnss_compat-2.19.so
7f096f7b7000-7f096f9b6000 ---p 00009000 08:06 145741                     /lib/x86_64-linux-gnu/libnss_compat-2.19.so
7f096f9b6000-7f096f9b7000 r--p 00008000 08:06 145741                     /lib/x86_64-linux-gnu/libnss_compat-2.19.so
7f096f9b7000-7f096f9b8000 rw-p 00009000 08:06 145741                     /lib/x86_64-linux-gnu/libnss_compat-2.19.so
7f096f9b8000-7f096f9e3000 r-xp 00000000 08:06 1489826                    /usr/lib/jvm/java-7-openjdk-amd64/jre/lib/amd64/libjava.so
7f096f9e3000-7f096fbe3000 ---p 0002b000 08:06 1489826                    /usr/lib/jvm/java-7-openjdk-amd64/jre/lib/amd64/libjava.so
7f096fbe3000-7f096fbe4000 r--p 0002b000 08:06 1489826                    /usr/lib/jvm/java-7-openjdk-amd64/jre/lib/amd64/libjava.so
7f096fbe4000-7f096fbe6000 rw-p 0002c000 08:06 1489826                    /usr/lib/jvm/java-7-openjdk-amd64/jre/lib/amd64/libjava.so
7f096fbe6000-7f096fbf6000 r-xp 00000000 08:06 1489810                    /usr/lib/jvm/java-7-openjdk-amd64/jre/lib/amd64/libverify.so
7f096fbf6000-7f096fdf5000 ---p 00010000 08:06 1489810                    /usr/lib/jvm/java-7-openjdk-amd64/jre/lib/amd64/libverify.so
7f096fdf5000-7f096fdf7000 r--p 0000f000 08:06 1489810                    /usr/lib/jvm/java-7-openjdk-amd64/jre/lib/amd64/libverify.so
7f096fdf7000-7f096fdf8000 rw-p 00011000 08:06 1489810                    /usr/lib/jvm/java-7-openjdk-amd64/jre/lib/amd64/libverify.so
7f096fdf8000-7f096fdff000 r-xp 00000000 08:06 148472                     /lib/x86_64-linux-gnu/librt-2.19.so
7f096fdff000-7f096fffe000 ---p 00007000 08:06 148472                     /lib/x86_64-linux-gnu/librt-2.19.so
7f096fffe000-7f096ffff000 r--p 00006000 08:06 148472                     /lib/x86_64-linux-gnu/librt-2.19.so
7f096ffff000-7f0970000000 rw-p 00007000 08:06 148472                     /lib/x86_64-linux-gnu/librt-2.19.so
7f0970000000-7f09701bc000 rw-p 00000000 00:00 0 
7f09701bc000-7f0974000000 ---p 00000000 00:00 0 
7f0974003000-7f0974006000 r--s 0000f000 08:06 1489840                    /usr/lib/jvm/java-7-openjdk-amd64/jre/lib/ext/icedtea-sound.jar
7f0974006000-7f097410a000 rw-p 00000000 00:00 0 
7f097410a000-7f0974152000 rw-p 00000000 00:00 0 
7f0974152000-7f0974168000 r-xp 00000000 08:06 131070                     /lib/x86_64-linux-gnu/libgcc_s.so.1
7f0974168000-7f0974367000 ---p 00016000 08:06 131070                     /lib/x86_64-linux-gnu/libgcc_s.so.1
7f0974367000-7f0974368000 rw-p 00015000 08:06 131070                     /lib/x86_64-linux-gnu/libgcc_s.so.1
7f0974368000-7f097446d000 r-xp 00000000 08:06 135048                     /lib/x86_64-linux-gnu/libm-2.19.so
7f097446d000-7f097466c000 ---p 00105000 08:06 135048                     /lib/x86_64-linux-gnu/libm-2.19.so
7f097466c000-7f097466d000 r--p 00104000 08:06 135048                     /lib/x86_64-linux-gnu/libm-2.19.so
7f097466d000-7f097466e000 rw-p 00105000 08:06 135048                     /lib/x86_64-linux-gnu/libm-2.19.so
7f097466e000-7f0974754000 r-xp 00000000 08:06 1439330                    /usr/lib/x86_64-linux-gnu/libstdc++.so.6.0.19
7f0974754000-7f0974953000 ---p 000e6000 08:06 1439330                    /usr/lib/x86_64-linux-gnu/libstdc++.so.6.0.19
7f0974953000-7f097495b000 r--p 000e5000 08:06 1439330                    /usr/lib/x86_64-linux-gnu/libstdc++.so.6.0.19
7f097495b000-7f097495d000 rw-p 000ed000 08:06 1439330                    /usr/lib/x86_64-linux-gnu/libstdc++.so.6.0.19
7f097495d000-7f0974972000 rw-p 00000000 00:00 0 
7f0974972000-7f0975497000 r-xp 00000000 08:06 1489806                    /usr/lib/jvm/java-7-openjdk-amd64/jre/lib/amd64/server/libjvm.so
7f0975497000-7f0975697000 ---p 00b25000 08:06 1489806                    /usr/lib/jvm/java-7-openjdk-amd64/jre/lib/amd64/server/libjvm.so
7f0975697000-7f0975731000 r--p 00b25000 08:06 1489806                    /usr/lib/jvm/java-7-openjdk-amd64/jre/lib/amd64/server/libjvm.so
7f0975731000-7f0975754000 rw-p 00bbf000 08:06 1489806                    /usr/lib/jvm/java-7-openjdk-amd64/jre/lib/amd64/server/libjvm.so
7f0975754000-7f0975782000 rw-p 00000000 00:00 0 
7f0975782000-7f097579a000 r-xp 00000000 08:06 135112                     /lib/x86_64-linux-gnu/libz.so.1.2.8
7f097579a000-7f0975999000 ---p 00018000 08:06 135112                     /lib/x86_64-linux-gnu/libz.so.1.2.8
7f0975999000-7f097599a000 r--p 00017000 08:06 135112                     /lib/x86_64-linux-gnu/libz.so.1.2.8
7f097599a000-7f097599b000 rw-p 00018000 08:06 135112                     /lib/x86_64-linux-gnu/libz.so.1.2.8
7f097599b000-7f09759b4000 r-xp 00000000 08:06 145743                     /lib/x86_64-linux-gnu/libpthread-2.19.so
7f09759b4000-7f0975bb3000 ---p 00019000 08:06 145743                     /lib/x86_64-linux-gnu/libpthread-2.19.so
7f0975bb3000-7f0975bb4000 r--p 00018000 08:06 145743                     /lib/x86_64-linux-gnu/libpthread-2.19.so
7f0975bb4000-7f0975bb5000 rw-p 00019000 08:06 145743                     /lib/x86_64-linux-gnu/libpthread-2.19.so
7f0975bb5000-7f0975bb9000 rw-p 00000000 00:00 0 
7f0975bb9000-7f0975bbc000 r-xp 00000000 08:06 145738                     /lib/x86_64-linux-gnu/libdl-2.19.so
7f0975bbc000-7f0975dbb000 ---p 00003000 08:06 145738                     /lib/x86_64-linux-gnu/libdl-2.19.so
7f0975dbb000-7f0975dbc000 r--p 00002000 08:06 145738                     /lib/x86_64-linux-gnu/libdl-2.19.so
7f0975dbc000-7f0975dbd000 rw-p 00003000 08:06 145738                     /lib/x86_64-linux-gnu/libdl-2.19.so
7f0975dbd000-7f0975f78000 r-xp 00000000 08:06 148473                     /lib/x86_64-linux-gnu/libc-2.19.so
7f0975f78000-7f0976177000 ---p 001bb000 08:06 148473                     /lib/x86_64-linux-gnu/libc-2.19.so
7f0976177000-7f097617b000 r--p 001ba000 08:06 148473                     /lib/x86_64-linux-gnu/libc-2.19.so
7f097617b000-7f097617d000 rw-p 001be000 08:06 148473                     /lib/x86_64-linux-gnu/libc-2.19.so
7f097617d000-7f0976182000 rw-p 00000000 00:00 0 
7f0976182000-7f097618f000 r-xp 00000000 08:06 1489800                    /usr/lib/jvm/java-7-openjdk-amd64/jre/lib/amd64/jli/libjli.so
7f097618f000-7f097638e000 ---p 0000d000 08:06 1489800                    /usr/lib/jvm/java-7-openjdk-amd64/jre/lib/amd64/jli/libjli.so
7f097638e000-7f097638f000 r--p 0000c000 08:06 1489800                    /usr/lib/jvm/java-7-openjdk-amd64/jre/lib/amd64/jli/libjli.so
7f097638f000-7f0976390000 rw-p 0000d000 08:06 1489800                    /usr/lib/jvm/java-7-openjdk-amd64/jre/lib/amd64/jli/libjli.so
7f0976390000-7f09763b3000 r-xp 00000000 08:06 145744                     /lib/x86_64-linux-gnu/ld-2.19.so
7f09763b5000-7f09763d7000 rw-p 00000000 00:00 0 
7f09763d7000-7f097648d000 rw-p 00000000 00:00 0 
7f097648d000-7f0976490000 ---p 00000000 00:00 0 
7f0976490000-7f0976593000 rw-p 00000000 00:00 0                          [stack:4736]
7f0976594000-7f0976595000 rw-p 00000000 00:00 0 
7f0976595000-7f0976597000 r--s 00012000 08:06 1489837                    /usr/lib/jvm/java-7-openjdk-amd64/jre/lib/ext/zipfs.jar
7f0976597000-7f0976598000 r--s 00002000 08:06 1489839                    /usr/lib/jvm/java-7-openjdk-amd64/jre/lib/ext/dnsns.jar
7f0976598000-7f097659a000 r--s 00006000 08:06 1840524                    /usr/share/java/java-atk-wrapper.jar
7f097659a000-7f097659e000 r--s 0003c000 08:06 1489838                    /usr/lib/jvm/java-7-openjdk-amd64/jre/lib/ext/sunpkcs11.jar
7f097659e000-7f09765a2000 r--s 00034000 08:06 1489836                    /usr/lib/jvm/java-7-openjdk-amd64/jre/lib/ext/sunjce_provider.jar
7f09765a2000-7f09765a6000 r--s 00085000 08:06 1489835                    /usr/lib/jvm/java-7-openjdk-amd64/jre/lib/ext/localedata.jar
7f09765a6000-7f09765ae000 rw-s 00000000 08:06 1841768                    /tmp/hsperfdata_tulin/4717
7f09765ae000-7f09765af000 rw-p 00000000 00:00 0 
7f09765af000-7f09765b0000 ---p 00000000 00:00 0 
7f09765b0000-7f09765b2000 rw-p 00000000 00:00 0 
7f09765b2000-7f09765b3000 r--p 00022000 08:06 145744                     /lib/x86_64-linux-gnu/ld-2.19.so
7f09765b3000-7f09765b4000 rw-p 00023000 08:06 145744                     /lib/x86_64-linux-gnu/ld-2.19.so
7f09765b4000-7f09765b5000 rw-p 00000000 00:00 0 
7ffc9a174000-7ffc9a195000 rw-p 00000000 00:00 0                          [stack]
7ffc9a1c5000-7ffc9a1c7000 r-xp 00000000 00:00 0                          [vdso]
ffffffffff600000-ffffffffff601000 r-xp 00000000 00:00 0                  [vsyscall]

VM Arguments:
jvm_args: -Djava.awt.headless=true -Xmx1024M -Dfile.encoding=UTF-8 -Duser.country=US -Duser.language=en -Duser.variant 
java_command: com.android.dx.command.Main --dex --num-threads=4 --output /home/tulin/AndroidStudioProjects/CamApp/app/build/intermediates/pre-dexed/debug/com.android.support-support-v4-23.2.0_4b1fd8c92292e56f5a1fba56278554e72cab954d.jar /home/tulin/AndroidStudioProjects/CamApp/app/build/intermediates/exploded-aar/com.android.support/support-v4/23.2.0/jars/classes.jar
Launcher Type: SUN_STANDARD

Environment Variables:
PATH=/usr/local/sbin:/usr/local/bin:/usr/sbin:/usr/bin:/sbin:/bin:/usr/games:/usr/local/games
SHELL=/bin/bash
DISPLAY=:0

Signal Handlers:
SIGSEGV: [libjvm.so+0x955bc0], sa_mask[0]=0x7ffbfeff, sa_flags=0x10000004
SIGBUS: [libjvm.so+0x955bc0], sa_mask[0]=0x7ffbfeff, sa_flags=0x10000004
SIGFPE: [libjvm.so+0x7caff0], sa_mask[0]=0x7ffbfeff, sa_flags=0x10000004
SIGPIPE: [libjvm.so+0x7caff0], sa_mask[0]=0x7ffbfeff, sa_flags=0x10000004
SIGXFSZ: [libjvm.so+0x7caff0], sa_mask[0]=0x7ffbfeff, sa_flags=0x10000004
SIGILL: [libjvm.so+0x7caff0], sa_mask[0]=0x7ffbfeff, sa_flags=0x10000004
SIGUSR1: SIG_DFL, sa_mask[0]=0x00000000, sa_flags=0x00000000
SIGUSR2: [libjvm.so+0x7cae90], sa_mask[0]=0x00000004, sa_flags=0x10000004
SIGHUP: [libjvm.so+0x7cb070], sa_mask[0]=0x7ffbfeff, sa_flags=0x10000004
SIGINT: [libjvm.so+0x7cb070], sa_mask[0]=0x7ffbfeff, sa_flags=0x10000004
SIGTERM: [libjvm.so+0x7cb070], sa_mask[0]=0x7ffbfeff, sa_flags=0x10000004
SIGQUIT: [libjvm.so+0x7cb070], sa_mask[0]=0x7ffbfeff, sa_flags=0x10000004
SIGTRAP: SIG_DFL, sa_mask[0]=0x00000000, sa_flags=0x00000000


---------------  S Y S T E M  ---------------

OS:Ubuntu 14.04 (trusty)
uname:Linux 3.13.0-79-generic #123-Ubuntu SMP Fri Feb 19 14:27:58 UTC 2016 x86_64
libc:glibc 2.19 NPTL 2.19 
rlimit: STACK 8192k, CORE 0k, NPROC 30460, NOFILE 4096, AS infinity
load average:19,41 6,72 2,95

/proc/meminfo:
MemTotal:        3946988 kB
MemFree:           86808 kB
Buffers:             128 kB
Cached:           392784 kB
SwapCached:            0 kB
Active:          3295056 kB
Inactive:         389892 kB
Active(anon):    3294800 kB
Inactive(anon):   381440 kB
Active(file):        256 kB
Inactive(file):     8452 kB
Unevictable:          32 kB
Mlocked:              32 kB
SwapTotal:             0 kB
SwapFree:              0 kB
Dirty:                32 kB
Writeback:             0 kB
AnonPages:       3292812 kB
Mapped:           157612 kB
Shmem:            383460 kB
Slab:              69560 kB
SReclaimable:      32248 kB
SUnreclaim:        37312 kB
KernelStack:        6032 kB
PageTables:        43800 kB
NFS_Unstable:          0 kB
Bounce:                0 kB
WritebackTmp:          0 kB
CommitLimit:     1973492 kB
Committed_AS:    9084008 kB
VmallocTotal:   34359738367 kB
VmallocUsed:      350216 kB
VmallocChunk:   34359376636 kB
HardwareCorrupted:     0 kB
AnonHugePages:   1089536 kB
HugePages_Total:       0
HugePages_Free:        0
HugePages_Rsvd:        0
HugePages_Surp:        0
Hugepagesize:       2048 kB
DirectMap4k:       68640 kB
DirectMap2M:     4026368 kB


CPU:total 4 (2 cores per cpu, 2 threads per core) family 6 model 42 stepping 7, cmov, cx8, fxsr, mmx, sse, sse2, sse3, ssse3, sse4.1, sse4.2, popcnt, avx, aes, ht, tsc, tscinvbit

/proc/cpuinfo:
processor	: 0
vendor_id	: GenuineIntel
cpu family	: 6
model		: 42
model name	: Intel(R) Core(TM) i5-2557M CPU @ 1.70GHz
stepping	: 7
microcode	: 0x1a
cpu MHz		: 1701.000
cache size	: 3072 KB
physical id	: 0
siblings	: 4
core id		: 0
cpu cores	: 2
apicid		: 0
initial apicid	: 0
fpu		: yes
fpu_exception	: yes
cpuid level	: 13
wp		: yes
flags		: fpu vme de pse tsc msr pae mce cx8 apic sep mtrr pge mca cmov pat pse36 clflush dts acpi mmx fxsr sse sse2 ss ht tm pbe syscall nx rdtscp lm constant_tsc arch_perfmon pebs bts rep_good nopl xtopology nonstop_tsc aperfmperf eagerfpu pni pclmulqdq dtes64 monitor ds_cpl vmx smx est tm2 ssse3 cx16 xtpr pdcm pcid sse4_1 sse4_2 x2apic popcnt tsc_deadline_timer aes xsave avx lahf_lm ida arat epb xsaveopt pln pts dtherm tpr_shadow vnmi flexpriority ept vpid
bogomips	: 3392.46
clflush size	: 64
cache_alignment	: 64
address sizes	: 36 bits physical, 48 bits virtual
power management:

processor	: 1
vendor_id	: GenuineIntel
cpu family	: 6
model		: 42
model name	: Intel(R) Core(TM) i5-2557M CPU @ 1.70GHz
stepping	: 7
microcode	: 0x1a
cpu MHz		: 1701.000
cache size	: 3072 KB
physical id	: 0
siblings	: 4
core id		: 1
cpu cores	: 2
apicid		: 2
initial apicid	: 2
fpu		: yes
fpu_exception	: yes
cpuid level	: 13
wp		: yes
flags		: fpu vme de pse tsc msr pae mce cx8 apic sep mtrr pge mca cmov pat pse36 clflush dts acpi mmx fxsr sse sse2 ss ht tm pbe syscall nx rdtscp lm constant_tsc arch_perfmon pebs bts rep_good nopl xtopology nonstop_tsc aperfmperf eagerfpu pni pclmulqdq dtes64 monitor ds_cpl vmx smx est tm2 ssse3 cx16 xtpr pdcm pcid sse4_1 sse4_2 x2apic popcnt tsc_deadline_timer aes xsave avx lahf_lm ida arat epb xsaveopt pln pts dtherm tpr_shadow vnmi flexpriority ept vpid
bogomips	: 3392.46
clflush size	: 64
cache_alignment	: 64
address sizes	: 36 bits physical, 48 bits virtual
power management:

processor	: 2
vendor_id	: GenuineIntel
cpu family	: 6
model		: 42
model name	: Intel(R) Core(TM) i5-2557M CPU @ 1.70GHz
stepping	: 7
microcode	: 0x1a
cpu MHz		: 1701.000
cache size	: 3072 KB
physical id	: 0
siblings	: 4
core id		: 0
cpu cores	: 2
apicid		: 1
initial apicid	: 1
fpu		: yes
fpu_exception	: yes
cpuid level	: 13
wp		: yes
flags		: fpu vme de pse tsc msr pae mce cx8 apic sep mtrr pge mca cmov pat pse36 clflush dts acpi mmx fxsr sse sse2 ss ht tm pbe syscall nx rdtscp lm constant_tsc arch_perfmon pebs bts rep_good nopl xtopology nonstop_tsc aperfmperf eagerfpu pni pclmulqdq dtes64 monitor ds_cpl vmx smx est tm2 ssse3 cx16 xtpr pdcm pcid sse4_1 sse4_2 x2apic popcnt tsc_deadline_timer aes xsave avx lahf_lm ida arat epb xsaveopt pln pts dtherm tpr_shadow vnmi flexpriority ept vpid
bogomips	: 3392.46
clflush size	: 64
cache_alignment	: 64
address sizes	: 36 bits physical, 48 bits virtual
power management:

processor	: 3
vendor_id	: GenuineIntel
cpu family	: 6
model		: 42
model name	: Intel(R) Core(TM) i5-2557M CPU @ 1.70GHz
stepping	: 7
microcode	: 0x1a
cpu MHz		: 1701.000
cache size	: 3072 KB
physical id	: 0
siblings	: 4
core id		: 1
cpu cores	: 2
apicid		: 3
initial apicid	: 3
fpu		: yes
fpu_exception	: yes
cpuid level	: 13
wp		: yes
flags		: fpu vme de pse tsc msr pae mce cx8 apic sep mtrr pge mca cmov pat pse36 clflush dts acpi mmx fxsr sse sse2 ss ht tm pbe syscall nx rdtscp lm constant_tsc arch_perfmon pebs bts rep_good nopl xtopology nonstop_tsc aperfmperf eagerfpu pni pclmulqdq dtes64 monitor ds_cpl vmx smx est tm2 ssse3 cx16 xtpr pdcm pcid sse4_1 sse4_2 x2apic popcnt tsc_deadline_timer aes xsave avx lahf_lm ida arat epb xsaveopt pln pts dtherm tpr_shadow vnmi flexpriority ept vpid
bogomips	: 3392.46
clflush size	: 64
cache_alignment	: 64
address sizes	: 36 bits physical, 48 bits virtual
power management:



Memory: 4k page, physical 3946988k(87428k free), swap 0k(0k free)

vm_info: OpenJDK 64-Bit Server VM (24.95-b01) for linux-amd64 JRE (1.7.0_95-b00), built on Jan 21 2016 03:31:40 by "buildd" with gcc 4.8.4

time: Tue Apr 12 11:29:57 2016
elapsed time: 73 seconds

