#
# There is insufficient memory for the Java Runtime Environment to continue.
# Native memory allocation (malloc) failed to allocate 87556096 bytes for committing reserved memory.
# Possible reasons:
#   The system is out of physical RAM or swap space
#   In 32 bit mode, the process size limit was hit
# Possible solutions:
#   Reduce memory load on the system
#   Increase physical memory or swap space
#   Check if swap backing store is full
#   Use 64 bit Java on a 64 bit OS
#   Decrease Java heap size (-Xmx/-Xms)
#   Decrease number of Java threads
#   Decrease Java thread stack sizes (-Xss)
#   Set larger code cache with -XX:ReservedCodeCacheSize=
# This output file may be truncated or incomplete.
#
#  Out of Memory Error (os_linux.cpp:2827), pid=10955, tid=139963481499392
#
# JRE version: OpenJDK Runtime Environment (7.0_95) (build 1.7.0_95-b00)
# Java VM: OpenJDK 64-Bit Server VM (24.95-b01 mixed mode linux-amd64 compressed oops)
# Derivative: IcedTea 2.6.4
# Distribution: Ubuntu 14.04.3 LTS, package 7u95-2.6.4-0ubuntu0.14.04.1
# Failed to write core dump. Core dumps have been disabled. To enable core dumping, try "ulimit -c unlimited" before starting Java again
#

---------------  T H R E A D  ---------------

Current thread (0x00007f4bd0076000):  VMThread [stack: 0x00007f4bc988a000,0x00007f4bc998b000] [id=10975]

Stack: [0x00007f4bc988a000,0x00007f4bc998b000],  sp=0x00007f4bc9989490,  free space=1021k
Native frames: (J=compiled Java code, j=interpreted, Vv=VM code, C=native code)
V  [libjvm.so+0x9550e5]
V  [libjvm.so+0x4902b4]
V  [libjvm.so+0x7cf7bb]
V  [libjvm.so+0x7ca28f]
V  [libjvm.so+0x83e56b]
V  [libjvm.so+0x83f3e0]
V  [libjvm.so+0x83facb]
V  [libjvm.so+0x83b4d8]
V  [libjvm.so+0x83bd48]
V  [libjvm.so+0x7f1fd3]
V  [libjvm.so+0x956ae4]
V  [libjvm.so+0x95abe7]
V  [libjvm.so+0x9596a8]
V  [libjvm.so+0x959b09]
V  [libjvm.so+0x959f52]
V  [libjvm.so+0x7cc682]

VM_Operation (0x00007f4b9ae1af30): ParallelGCFailedAllocation, mode: safepoint, requested by thread 0x00007f4bd0197800


---------------  P R O C E S S  ---------------

Java Threads: ( => current thread )
  0x00007f4bd0199000 JavaThread "pool-1-thread-4" [_thread_blocked, id=11024, stack(0x00007f4b9ac1b000,0x00007f4b9ad1c000)]
  0x00007f4bd0197800 JavaThread "pool-1-thread-3" [_thread_blocked, id=11023, stack(0x00007f4b9ad1c000,0x00007f4b9ae1d000)]
  0x00007f4bd0196000 JavaThread "pool-1-thread-2" [_thread_blocked, id=11022, stack(0x00007f4b9ae1d000,0x00007f4b9af1e000)]
  0x00007f4bd0193000 JavaThread "pool-2-thread-1" [_thread_blocked, id=11021, stack(0x00007f4b9af1e000,0x00007f4b9b01f000)]
  0x00007f4bd0191000 JavaThread "pool-1-thread-1" [_thread_blocked, id=11020, stack(0x00007f4bc8021000,0x00007f4bc8122000)]
  0x00007f4bd00af800 JavaThread "Service Thread" daemon [_thread_blocked, id=10988, stack(0x00007f4bc8a32000,0x00007f4bc8b33000)]
  0x00007f4bd00ad800 JavaThread "C2 CompilerThread1" daemon [_thread_blocked, id=10987, stack(0x00007f4bc8b33000,0x00007f4bc8c34000)]
  0x00007f4bd00aa800 JavaThread "C2 CompilerThread0" daemon [_thread_blocked, id=10986, stack(0x00007f4bc8c34000,0x00007f4bc8d35000)]
  0x00007f4bd00a8800 JavaThread "Signal Dispatcher" daemon [_thread_blocked, id=10985, stack(0x00007f4bc8d35000,0x00007f4bc8e36000)]
  0x00007f4bd007c000 JavaThread "Finalizer" daemon [_thread_blocked, id=10983, stack(0x00007f4bc9688000,0x00007f4bc9789000)]
  0x00007f4bd007a000 JavaThread "Reference Handler" daemon [_thread_blocked, id=10980, stack(0x00007f4bc9789000,0x00007f4bc988a000)]
  0x00007f4bd000a800 JavaThread "main" [_thread_blocked, id=10966, stack(0x00007f4bd7f81000,0x00007f4bd8082000)]

Other Threads:
=>0x00007f4bd0076000 VMThread [stack: 0x00007f4bc988a000,0x00007f4bc998b000] [id=10975]
  0x00007f4bd00ba000 WatcherThread [stack: 0x00007f4bc8931000,0x00007f4bc8a32000] [id=10989]

VM state:at safepoint (normal execution)

VM Mutex/Monitor currently owned by a thread:  ([mutex/lock_event])
[0x00007f4bd0006990] Threads_lock - owner thread: 0x00007f4bd0076000
[0x00007f4bd0006e90] Heap_lock - owner thread: 0x00007f4bd0197800

Heap
 PSYoungGen      total 141824K, used 21985K [0x00000000eaa80000, 0x00000000f4f80000, 0x0000000100000000)
  eden space 119808K, 0% used [0x00000000eaa80000,0x00000000eaa80000,0x00000000f1f80000)
  from space 22016K, 99% used [0x00000000f1f80000,0x00000000f34f8610,0x00000000f3500000)
  to   space 16896K, 0% used [0x00000000f3500000,0x00000000f3500000,0x00000000f4580000)
 ParOldGen       total 40960K, used 38952K [0x00000000c0000000, 0x00000000c2800000, 0x00000000eaa80000)
  object space 40960K, 95% used [0x00000000c0000000,0x00000000c260a1e0,0x00000000c2800000)
 PSPermGen       total 21504K, used 6372K [0x00000000b5a00000, 0x00000000b6f00000, 0x00000000c0000000)
  object space 21504K, 29% used [0x00000000b5a00000,0x00000000b60390e0,0x00000000b6f00000)

Card table byte_map: [0x00007f4bd4964000,0x00007f4bd4bb8000] byte_map_base: 0x00007f4bd43b7000

Polling page: 0x00007f4bd80a2000

Code Cache  [0x00007f4bcd000000, 0x00007f4bcd270000, 0x00007f4bd0000000)
 total_blobs=605 nmethods=374 adapters=184 free_code_cache=47447Kb largest_free_block=48542208

Compilation events (10 events):
Event: 25,168 Thread 0x00007f4bd00aa800 nmethod 384 0x00007f4bcd0ece10 code [0x00007f4bcd0ecf60, 0x00007f4bcd0ed058]
Event: 25,168 Thread 0x00007f4bd00aa800  385             com.android.dx.dex.code.RopTranslator$LocalVariableAwareTranslationVisitor::addIntroductionIfNecessary (30 bytes)
Event: 25,170 Thread 0x00007f4bd00ad800 nmethod 379 0x00007f4bcd17b090 code [0x00007f4bcd17b240, 0x00007f4bcd17ba78]
Event: 25,170 Thread 0x00007f4bd00ad800  386             com.android.dx.rop.code.LocalVariableInfo::getAssignment (12 bytes)
Event: 25,196 Thread 0x00007f4bd00ad800 nmethod 386 0x00007f4bcd0ec750 code [0x00007f4bcd0ec8c0, 0x00007f4bcd0ecad8]
Event: 25,196 Thread 0x00007f4bd00ad800  387             com.android.dx.ssa.SsaMethod::isRegALocal (90 bytes)
Event: 25,219 Thread 0x00007f4bd00aa800 nmethod 385 0x00007f4bcd128ad0 code [0x00007f4bcd128c80, 0x00007f4bcd128fe8]
Event: 25,219 Thread 0x00007f4bd00aa800  388             com.android.dx.cf.code.ByteBlock::getLabel (5 bytes)
Event: 25,219 Thread 0x00007f4bd00aa800 nmethod 388 0x00007f4bcd0ec550 code [0x00007f4bcd0ec680, 0x00007f4bcd0ec6d8]
Event: 25,219 Thread 0x00007f4bd00aa800  389             com.android.dx.ssa.back.LivenessAnalyzer::coInterferePhis (128 bytes)

GC Heap History (10 events):
Event: 3,706 GC heap after
Heap after GC invocations=4 (full 0):
 PSYoungGen      total 34304K, used 2541K [0x00000000eaa80000, 0x00000000ece80000, 0x0000000100000000)
  eden space 31744K, 0% used [0x00000000eaa80000,0x00000000eaa80000,0x00000000ec980000)
  from space 2560K, 99% used [0x00000000ecc00000,0x00000000ece7b488,0x00000000ece80000)
  to   space 2560K, 0% used [0x00000000ec980000,0x00000000ec980000,0x00000000ecc00000)
 ParOldGen       total 40960K, used 7904K [0x00000000c0000000, 0x00000000c2800000, 0x00000000eaa80000)
  object space 40960K, 19% used [0x00000000c0000000,0x00000000c07b8190,0x00000000c2800000)
 PSPermGen       total 21504K, used 6157K [0x00000000b5a00000, 0x00000000b6f00000, 0x00000000c0000000)
  object space 21504K, 28% used [0x00000000b5a00000,0x00000000b6003650,0x00000000b6f00000)
}
Event: 5,457 GC heap before
{Heap before GC invocations=5 (full 0):
 PSYoungGen      total 34304K, used 34285K [0x00000000eaa80000, 0x00000000ece80000, 0x0000000100000000)
  eden space 31744K, 100% used [0x00000000eaa80000,0x00000000ec980000,0x00000000ec980000)
  from space 2560K, 99% used [0x00000000ecc00000,0x00000000ece7b488,0x00000000ece80000)
  to   space 2560K, 0% used [0x00000000ec980000,0x00000000ec980000,0x00000000ecc00000)
 ParOldGen       total 40960K, used 7904K [0x00000000c0000000, 0x00000000c2800000, 0x00000000eaa80000)
  object space 40960K, 19% used [0x00000000c0000000,0x00000000c07b8190,0x00000000c2800000)
 PSPermGen       total 21504K, used 6203K [0x00000000b5a00000, 0x00000000b6f00000, 0x00000000c0000000)
  object space 21504K, 28% used [0x00000000b5a00000,0x00000000b600ef98,0x00000000b6f00000)
Event: 5,498 GC heap after
Heap after GC invocations=5 (full 0):
 PSYoungGen      total 34304K, used 2533K [0x00000000eaa80000, 0x00000000efd80000, 0x0000000100000000)
  eden space 31744K, 0% used [0x00000000eaa80000,0x00000000eaa80000,0x00000000ec980000)
  from space 2560K, 98% used [0x00000000ec980000,0x00000000ecbf94d8,0x00000000ecc00000)
  to   space 10752K, 0% used [0x00000000ef300000,0x00000000ef300000,0x00000000efd80000)
 ParOldGen       total 40960K, used 14396K [0x00000000c0000000, 0x00000000c2800000, 0x00000000eaa80000)
  object space 40960K, 35% used [0x00000000c0000000,0x00000000c0e0f288,0x00000000c2800000)
 PSPermGen       total 21504K, used 6203K [0x00000000b5a00000, 0x00000000b6f00000, 0x00000000c0000000)
  object space 21504K, 28% used [0x00000000b5a00000,0x00000000b600ef98,0x00000000b6f00000)
}
Event: 7,787 GC heap before
{Heap before GC invocations=6 (full 0):
 PSYoungGen      total 34304K, used 34277K [0x00000000eaa80000, 0x00000000efd80000, 0x0000000100000000)
  eden space 31744K, 100% used [0x00000000eaa80000,0x00000000ec980000,0x00000000ec980000)
  from space 2560K, 98% used [0x00000000ec980000,0x00000000ecbf94d8,0x00000000ecc00000)
  to   space 10752K, 0% used [0x00000000ef300000,0x00000000ef300000,0x00000000efd80000)
 ParOldGen       total 40960K, used 14396K [0x00000000c0000000, 0x00000000c2800000, 0x00000000eaa80000)
  object space 40960K, 35% used [0x00000000c0000000,0x00000000c0e0f288,0x00000000c2800000)
 PSPermGen       total 21504K, used 6223K [0x00000000b5a00000, 0x00000000b6f00000, 0x00000000c0000000)
  object space 21504K, 28% used [0x00000000b5a00000,0x00000000b6013f38,0x00000000b6f00000)
Event: 7,878 GC heap after
Heap after GC invocations=6 (full 0):
 PSYoungGen      total 73216K, used 8045K [0x00000000eaa80000, 0x00000000eff80000, 0x0000000100000000)
  eden space 62464K, 0% used [0x00000000eaa80000,0x00000000eaa80000,0x00000000ee780000)
  from space 10752K, 74% used [0x00000000ef300000,0x00000000efadb488,0x00000000efd80000)
  to   space 11776K, 0% used [0x00000000ee780000,0x00000000ee780000,0x00000000ef300000)
 ParOldGen       total 40960K, used 14396K [0x00000000c0000000, 0x00000000c2800000, 0x00000000eaa80000)
  object space 40960K, 35% used [0x00000000c0000000,0x00000000c0e0f288,0x00000000c2800000)
 PSPermGen       total 21504K, used 6223K [0x00000000b5a00000, 0x00000000b6f00000, 0x00000000c0000000)
  object space 21504K, 28% used [0x00000000b5a00000,0x00000000b6013f38,0x00000000b6f00000)
}
Event: 13,005 GC heap before
{Heap before GC invocations=7 (full 0):
 PSYoungGen      total 73216K, used 70509K [0x00000000eaa80000, 0x00000000eff80000, 0x0000000100000000)
  eden space 62464K, 100% used [0x00000000eaa80000,0x00000000ee780000,0x00000000ee780000)
  from space 10752K, 74% used [0x00000000ef300000,0x00000000efadb488,0x00000000efd80000)
  to   space 11776K, 0% used [0x00000000ee780000,0x00000000ee780000,0x00000000ef300000)
 ParOldGen       total 40960K, used 14396K [0x00000000c0000000, 0x00000000c2800000, 0x00000000eaa80000)
  object space 40960K, 35% used [0x00000000c0000000,0x00000000c0e0f288,0x00000000c2800000)
 PSPermGen       total 21504K, used 6277K [0x00000000b5a00000, 0x00000000b6f00000, 0x00000000c0000000)
  object space 21504K, 29% used [0x00000000b5a00000,0x00000000b60215f0,0x00000000b6f00000)
Event: 13,150 GC heap after
Heap after GC invocations=7 (full 0):
 PSYoungGen      total 74240K, used 11745K [0x00000000eaa80000, 0x00000000f4580000, 0x0000000100000000)
  eden space 62464K, 0% used [0x00000000eaa80000,0x00000000eaa80000,0x00000000ee780000)
  from space 11776K, 99% used [0x00000000ee780000,0x00000000ef2f86a0,0x00000000ef300000)
  to   space 16896K, 0% used [0x00000000f3500000,0x00000000f3500000,0x00000000f4580000)
 ParOldGen       total 40960K, used 20478K [0x00000000c0000000, 0x00000000c2800000, 0x00000000eaa80000)
  object space 40960K, 49% used [0x00000000c0000000,0x00000000c13ff9f0,0x00000000c2800000)
 PSPermGen       total 21504K, used 6277K [0x00000000b5a00000, 0x00000000b6f00000, 0x00000000c0000000)
  object space 21504K, 29% used [0x00000000b5a00000,0x00000000b60215f0,0x00000000b6f00000)
}
Event: 18,025 GC heap before
{Heap before GC invocations=8 (full 0):
 PSYoungGen      total 74240K, used 74209K [0x00000000eaa80000, 0x00000000f4580000, 0x0000000100000000)
  eden space 62464K, 100% used [0x00000000eaa80000,0x00000000ee780000,0x00000000ee780000)
  from space 11776K, 99% used [0x00000000ee780000,0x00000000ef2f86a0,0x00000000ef300000)
  to   space 16896K, 0% used [0x00000000f3500000,0x00000000f3500000,0x00000000f4580000)
 ParOldGen       total 40960K, used 20478K [0x00000000c0000000, 0x00000000c2800000, 0x00000000eaa80000)
  object space 40960K, 49% used [0x00000000c0000000,0x00000000c13ff9f0,0x00000000c2800000)
 PSPermGen       total 21504K, used 6295K [0x00000000b5a00000, 0x00000000b6f00000, 0x00000000c0000000)
  object space 21504K, 29% used [0x00000000b5a00000,0x00000000b6025d08,0x00000000b6f00000)
Event: 18,191 GC heap after
Heap after GC invocations=8 (full 0):
 PSYoungGen      total 136704K, used 16885K [0x00000000eaa80000, 0x00000000f4f80000, 0x0000000100000000)
  eden space 119808K, 0% used [0x00000000eaa80000,0x00000000eaa80000,0x00000000f1f80000)
  from space 16896K, 99% used [0x00000000f3500000,0x00000000f457d400,0x00000000f4580000)
  to   space 22016K, 0% used [0x00000000f1f80000,0x00000000f1f80000,0x00000000f3500000)
 ParOldGen       total 40960K, used 25622K [0x00000000c0000000, 0x00000000c2800000, 0x00000000eaa80000)
  object space 40960K, 62% used [0x00000000c0000000,0x00000000c1905800,0x00000000c2800000)
 PSPermGen       total 21504K, used 6295K [0x00000000b5a00000, 0x00000000b6f00000, 0x00000000c0000000)
  object space 21504K, 29% used [0x00000000b5a00000,0x00000000b6025d08,0x00000000b6f00000)
}
Event: 25,365 GC heap before
{Heap before GC invocations=9 (full 0):
 PSYoungGen      total 136704K, used 136693K [0x00000000eaa80000, 0x00000000f4f80000, 0x0000000100000000)
  eden space 119808K, 100% used [0x00000000eaa80000,0x00000000f1f80000,0x00000000f1f80000)
  from space 16896K, 99% used [0x00000000f3500000,0x00000000f457d400,0x00000000f4580000)
  to   space 22016K, 0% used [0x00000000f1f80000,0x00000000f1f80000,0x00000000f3500000)
 ParOldGen       total 40960K, used 25622K [0x00000000c0000000, 0x00000000c2800000, 0x00000000eaa80000)
  object space 40960K, 62% used [0x00000000c0000000,0x00000000c1905800,0x00000000c2800000)
 PSPermGen       total 21504K, used 6372K [0x00000000b5a00000, 0x00000000b6f00000, 0x00000000c0000000)
  object space 21504K, 29% used [0x00000000b5a00000,0x00000000b60390e0,0x00000000b6f00000)

Deoptimization events (10 events):
Event: 4,426 Thread 0x00007f4bd0196000 Uncommon trap: reason=class_check action=maybe_recompile pc=0x00007f4bcd0ab7b8 method=java.util.HashMap.put(Ljava/lang/Object;Ljava/lang/Object;)Ljava/lang/Object; @ 83
Event: 4,426 Thread 0x00007f4bd0196000 Uncommon trap: reason=class_check action=maybe_recompile pc=0x00007f4bcd0ab7b8 method=java.util.HashMap.put(Ljava/lang/Object;Ljava/lang/Object;)Ljava/lang/Object; @ 83
Event: 4,426 Thread 0x00007f4bd0196000 Uncommon trap: reason=class_check action=maybe_recompile pc=0x00007f4bcd0ab7b8 method=java.util.HashMap.put(Ljava/lang/Object;Ljava/lang/Object;)Ljava/lang/Object; @ 83
Event: 4,426 Thread 0x00007f4bd0196000 Uncommon trap: reason=class_check action=maybe_recompile pc=0x00007f4bcd0ab7b8 method=java.util.HashMap.put(Ljava/lang/Object;Ljava/lang/Object;)Ljava/lang/Object; @ 83
Event: 11,712 Thread 0x00007f4bd0197800 Uncommon trap: reason=unstable_if action=reinterpret pc=0x00007f4bcd0ea3dc method=com.android.dx.ssa.SCCP.simulateBranch(Lcom/android/dx/ssa/SsaInsn;)V @ 64
Event: 12,552 Thread 0x00007f4bd0191000 Uncommon trap: reason=null_check action=make_not_entrant pc=0x00007f4bcd122760 method=com.android.dx.cf.code.Ropper$CatchInfo.getSetup(Lcom/android/dx/rop/type/Type;)Lcom/android/dx/cf/code/Ropper$ExceptionHandlerSetup; @ 10
Event: 18,355 Thread 0x00007f4bd0197800 Uncommon trap: reason=unstable_if action=reinterpret pc=0x00007f4bcd16a020 method=java.util.BitSet.ensureCapacity(I)V @ 6
Event: 20,478 Thread 0x00007f4bd0197800 Uncommon trap: reason=unstable_if action=reinterpret pc=0x00007f4bcd0dce64 method=com.android.dx.ssa.Dominators.run()V @ 346
Event: 23,224 Thread 0x00007f4bd0199000 Uncommon trap: reason=bimorphic action=maybe_recompile pc=0x00007f4bcd181890 method=com.android.dx.cf.code.BytecodeArray.parseInstruction(ILcom/android/dx/cf/code/BytecodeArray$Visitor;)I @ 971
Event: 23,224 Thread 0x00007f4bd0199000 Uncommon trap: reason=bimorphic action=maybe_recompile pc=0x00007f4bcd181890 method=com.android.dx.cf.code.BytecodeArray.parseInstruction(ILcom/android/dx/cf/code/BytecodeArray$Visitor;)I @ 971

Internal exceptions (10 events):
Event: 1,444 Thread 0x00007f4bd0196000 Threw 0x00000000eb5087a0 at /build/openjdk-7-2FOwCu/openjdk-7-7u95-2.6.4/build/openjdk/hotspot/src/share/vm/prims/jvm.cpp:1322
Event: 1,710 Thread 0x00007f4bd0191000 Threw 0x00000000eb7f9490 at /build/openjdk-7-2FOwCu/openjdk-7-7u95-2.6.4/build/openjdk/hotspot/src/share/vm/prims/jvm.cpp:1322
Event: 1,998 Thread 0x00007f4bd0197800 Threw 0x00000000eac68358 at /build/openjdk-7-2FOwCu/openjdk-7-7u95-2.6.4/build/openjdk/hotspot/src/share/vm/prims/jvm.cpp:1322
Event: 3,099 Thread 0x00007f4bd000a800 Implicit null exception at 0x00007f4bcd0a4dcf to 0x00007f4bcd0a54b5
Event: 4,161 Thread 0x00007f4bd0196000 Implicit null exception at 0x00007f4bcd0c31ff to 0x00007f4bcd0c4f39
Event: 4,353 Thread 0x00007f4bd000a800 Threw 0x00000000eb732dc0 at /build/openjdk-7-2FOwCu/openjdk-7-7u95-2.6.4/build/openjdk/hotspot/src/share/vm/prims/jvm.cpp:1322
Event: 4,943 Thread 0x00007f4bd0196000 Threw 0x00000000ec176f78 at /build/openjdk-7-2FOwCu/openjdk-7-7u95-2.6.4/build/openjdk/hotspot/src/share/vm/prims/jvm.cpp:1322
Event: 5,301 Thread 0x00007f4bd0191000 Threw 0x00000000ec5da1c0 at /build/openjdk-7-2FOwCu/openjdk-7-7u95-2.6.4/build/openjdk/hotspot/src/share/vm/prims/jvm.cpp:1322
Event: 12,552 Thread 0x00007f4bd0191000 Implicit null exception at 0x00007f4bcd11ea6d to 0x00007f4bcd122735
Event: 14,157 Thread 0x00007f4bd000a800 Threw 0x00000000eb55b718 at /build/openjdk-7-2FOwCu/openjdk-7-7u95-2.6.4/build/openjdk/hotspot/src/share/vm/prims/jvm.cpp:1322

Events (10 events):
Event: 20,478 Thread 0x00007f4bd0197800 DEOPT UNPACKING pc=0x00007f4bcd039445 sp=0x00007f4b9ae1b078 mode 2
Event: 23,163 Thread 0x00007f4bd00ad800 flushing nmethod 0x00007f4bcd0e7650
Event: 23,224 Thread 0x00007f4bd0199000 Uncommon trap: trap_request=0xffffffc6 fr.pc=0x00007f4bcd181890
Event: 23,224 Thread 0x00007f4bd0199000 DEOPT PACKING pc=0x00007f4bcd181890 sp=0x00007f4b9ad1a010
Event: 23,224 Thread 0x00007f4bd0199000 DEOPT UNPACKING pc=0x00007f4bcd039445 sp=0x00007f4b9ad19fd8 mode 2
Event: 23,224 Thread 0x00007f4bd0199000 Uncommon trap: trap_request=0xffffffc6 fr.pc=0x00007f4bcd181890
Event: 23,224 Thread 0x00007f4bd0199000 DEOPT PACKING pc=0x00007f4bcd181890 sp=0x00007f4b9ad19fe0
Event: 23,224 Thread 0x00007f4bd0199000 DEOPT UNPACKING pc=0x00007f4bcd039445 sp=0x00007f4b9ad19fa8 mode 2
Event: 23,350 Thread 0x00007f4bd00ad800 flushing nmethod 0x00007f4bcd11bd90
Event: 25,345 Executing VM operation: ParallelGCFailedAllocation


Dynamic libraries:
00400000-00401000 r-xp 00000000 08:06 1454669                            /usr/lib/jvm/java-7-openjdk-amd64/jre/bin/java
00600000-00601000 r--p 00000000 08:06 1454669                            /usr/lib/jvm/java-7-openjdk-amd64/jre/bin/java
00601000-00602000 rw-p 00001000 08:06 1454669                            /usr/lib/jvm/java-7-openjdk-amd64/jre/bin/java
021b8000-021d9000 rw-p 00000000 00:00 0                                  [heap]
b5a00000-b6f00000 rw-p 00000000 00:00 0 
b6f00000-c0000000 rw-p 00000000 00:00 0 
c0000000-c2800000 rw-p 00000000 00:00 0 
c2800000-eaa80000 rw-p 00000000 00:00 0 
eaa80000-f4f80000 rw-p 00000000 00:00 0 
fa300000-100000000 rw-p 00000000 00:00 0 
7f4b80000000-7f4b80021000 rw-p 00000000 00:00 0 
7f4b80021000-7f4b84000000 ---p 00000000 00:00 0 
7f4b84000000-7f4b84025000 rw-p 00000000 00:00 0 
7f4b84025000-7f4b88000000 ---p 00000000 00:00 0 
7f4b88000000-7f4b88021000 rw-p 00000000 00:00 0 
7f4b88021000-7f4b8c000000 ---p 00000000 00:00 0 
7f4b8c000000-7f4b8c021000 rw-p 00000000 00:00 0 
7f4b8c021000-7f4b90000000 ---p 00000000 00:00 0 
7f4b90000000-7f4b9002c000 rw-p 00000000 00:00 0 
7f4b9002c000-7f4b94000000 ---p 00000000 00:00 0 
7f4b94000000-7f4b94021000 rw-p 00000000 00:00 0 
7f4b94021000-7f4b98000000 ---p 00000000 00:00 0 
7f4b9ac1b000-7f4b9ac1e000 ---p 00000000 00:00 0 
7f4b9ac1e000-7f4b9ad1c000 rw-p 00000000 00:00 0                          [stack:11024]
7f4b9ad1c000-7f4b9ad1f000 ---p 00000000 00:00 0 
7f4b9ad1f000-7f4b9ae1d000 rw-p 00000000 00:00 0                          [stack:11023]
7f4b9ae1d000-7f4b9ae20000 ---p 00000000 00:00 0 
7f4b9ae20000-7f4b9af1e000 rw-p 00000000 00:00 0                          [stack:11022]
7f4b9af1e000-7f4b9af21000 ---p 00000000 00:00 0 
7f4b9af21000-7f4b9b01f000 rw-p 00000000 00:00 0                          [stack:11021]
7f4b9b01f000-7f4b9b05c000 r-xp 00000000 08:06 130821                     /lib/x86_64-linux-gnu/libpcre.so.3.13.1
7f4b9b05c000-7f4b9b25b000 ---p 0003d000 08:06 130821                     /lib/x86_64-linux-gnu/libpcre.so.3.13.1
7f4b9b25b000-7f4b9b25c000 r--p 0003c000 08:06 130821                     /lib/x86_64-linux-gnu/libpcre.so.3.13.1
7f4b9b25c000-7f4b9b25d000 rw-p 0003d000 08:06 130821                     /lib/x86_64-linux-gnu/libpcre.so.3.13.1
7f4b9b25d000-7f4b9b264000 r-xp 00000000 08:06 1447540                    /usr/lib/x86_64-linux-gnu/libffi.so.6.0.1
7f4b9b264000-7f4b9b463000 ---p 00007000 08:06 1447540                    /usr/lib/x86_64-linux-gnu/libffi.so.6.0.1
7f4b9b463000-7f4b9b464000 r--p 00006000 08:06 1447540                    /usr/lib/x86_64-linux-gnu/libffi.so.6.0.1
7f4b9b464000-7f4b9b465000 rw-p 00007000 08:06 1447540                    /usr/lib/x86_64-linux-gnu/libffi.so.6.0.1
7f4b9b465000-7f4b9b47c000 r-xp 00000000 08:06 134868                     /lib/x86_64-linux-gnu/libresolv-2.19.so
7f4b9b47c000-7f4b9b67c000 ---p 00017000 08:06 134868                     /lib/x86_64-linux-gnu/libresolv-2.19.so
7f4b9b67c000-7f4b9b67d000 r--p 00017000 08:06 134868                     /lib/x86_64-linux-gnu/libresolv-2.19.so
7f4b9b67d000-7f4b9b67e000 rw-p 00018000 08:06 134868                     /lib/x86_64-linux-gnu/libresolv-2.19.so
7f4b9b67e000-7f4b9b680000 rw-p 00000000 00:00 0 
7f4b9b680000-7f4b9b6a0000 r-xp 00000000 08:06 135079                     /lib/x86_64-linux-gnu/libselinux.so.1
7f4b9b6a0000-7f4b9b89f000 ---p 00020000 08:06 135079                     /lib/x86_64-linux-gnu/libselinux.so.1
7f4b9b89f000-7f4b9b8a0000 r--p 0001f000 08:06 135079                     /lib/x86_64-linux-gnu/libselinux.so.1
7f4b9b8a0000-7f4b9b8a1000 rw-p 00020000 08:06 135079                     /lib/x86_64-linux-gnu/libselinux.so.1
7f4b9b8a1000-7f4b9b8a3000 rw-p 00000000 00:00 0 
7f4b9b8a3000-7f4b9b8a6000 r-xp 00000000 08:06 1439340                    /usr/lib/x86_64-linux-gnu/libgmodule-2.0.so.0.4002.0
7f4b9b8a6000-7f4b9baa5000 ---p 00003000 08:06 1439340                    /usr/lib/x86_64-linux-gnu/libgmodule-2.0.so.0.4002.0
7f4b9baa5000-7f4b9baa6000 r--p 00002000 08:06 1439340                    /usr/lib/x86_64-linux-gnu/libgmodule-2.0.so.0.4002.0
7f4b9baa6000-7f4b9baa7000 rw-p 00003000 08:06 1439340                    /usr/lib/x86_64-linux-gnu/libgmodule-2.0.so.0.4002.0
7f4b9baa7000-7f4b9bbad000 r-xp 00000000 08:06 134871                     /lib/x86_64-linux-gnu/libglib-2.0.so.0.4002.0
7f4b9bbad000-7f4b9bdac000 ---p 00106000 08:06 134871                     /lib/x86_64-linux-gnu/libglib-2.0.so.0.4002.0
7f4b9bdac000-7f4b9bdad000 r--p 00105000 08:06 134871                     /lib/x86_64-linux-gnu/libglib-2.0.so.0.4002.0
7f4b9bdad000-7f4b9bdae000 rw-p 00106000 08:06 134871                     /lib/x86_64-linux-gnu/libglib-2.0.so.0.4002.0
7f4b9bdae000-7f4b9bdaf000 rw-p 00000000 00:00 0 
7f4b9bdaf000-7f4b9bdfe000 r-xp 00000000 08:06 1439358                    /usr/lib/x86_64-linux-gnu/libgobject-2.0.so.0.4002.0
7f4b9bdfe000-7f4b9bffe000 ---p 0004f000 08:06 1439358                    /usr/lib/x86_64-linux-gnu/libgobject-2.0.so.0.4002.0
7f4b9bffe000-7f4b9bfff000 r--p 0004f000 08:06 1439358                    /usr/lib/x86_64-linux-gnu/libgobject-2.0.so.0.4002.0
7f4b9bfff000-7f4b9c000000 rw-p 00050000 08:06 1439358                    /usr/lib/x86_64-linux-gnu/libgobject-2.0.so.0.4002.0
7f4b9c000000-7f4b9da1b000 rw-p 00000000 00:00 0 
7f4b9da1b000-7f4ba0000000 ---p 00000000 00:00 0 
7f4ba0000000-7f4ba0021000 rw-p 00000000 00:00 0 
7f4ba0021000-7f4ba4000000 ---p 00000000 00:00 0 
7f4ba4000000-7f4ba4021000 rw-p 00000000 00:00 0 
7f4ba4021000-7f4ba8000000 ---p 00000000 00:00 0 
7f4ba8000000-7f4ba9adc000 rw-p 00000000 00:00 0 
7f4ba9adc000-7f4bac000000 ---p 00000000 00:00 0 
7f4bac000000-7f4bac021000 rw-p 00000000 00:00 0 
7f4bac021000-7f4bb0000000 ---p 00000000 00:00 0 
7f4bb0000000-7f4bb0021000 rw-p 00000000 00:00 0 
7f4bb0021000-7f4bb4000000 ---p 00000000 00:00 0 
7f4bb4000000-7f4bb4021000 rw-p 00000000 00:00 0 
7f4bb4021000-7f4bb8000000 ---p 00000000 00:00 0 
7f4bb8000000-7f4bb8021000 rw-p 00000000 00:00 0 
7f4bb8021000-7f4bbc000000 ---p 00000000 00:00 0 
7f4bbc000000-7f4bbc021000 rw-p 00000000 00:00 0 
7f4bbc021000-7f4bc0000000 ---p 00000000 00:00 0 
7f4bc0000000-7f4bc0021000 rw-p 00000000 00:00 0 
7f4bc0021000-7f4bc4000000 ---p 00000000 00:00 0 
7f4bc4000000-7f4bc4021000 rw-p 00000000 00:00 0 
7f4bc4021000-7f4bc8000000 ---p 00000000 00:00 0 
7f4bc8021000-7f4bc8024000 ---p 00000000 00:00 0 
7f4bc8024000-7f4bc8153000 rw-p 00000000 00:00 0                          [stack:11020]
7f4bc8153000-7f4bc82bf000 r-xp 00000000 08:06 1439362                    /usr/lib/x86_64-linux-gnu/libgio-2.0.so.0.4002.0
7f4bc82bf000-7f4bc84be000 ---p 0016c000 08:06 1439362                    /usr/lib/x86_64-linux-gnu/libgio-2.0.so.0.4002.0
7f4bc84be000-7f4bc84c2000 r--p 0016b000 08:06 1439362                    /usr/lib/x86_64-linux-gnu/libgio-2.0.so.0.4002.0
7f4bc84c2000-7f4bc84c4000 rw-p 0016f000 08:06 1439362                    /usr/lib/x86_64-linux-gnu/libgio-2.0.so.0.4002.0
7f4bc84c4000-7f4bc84c6000 rw-p 00000000 00:00 0 
7f4bc84e2000-7f4bc84f9000 r-xp 00000000 08:06 1489830                    /usr/lib/jvm/java-7-openjdk-amd64/jre/lib/amd64/libnet.so
7f4bc84f9000-7f4bc86f8000 ---p 00017000 08:06 1489830                    /usr/lib/jvm/java-7-openjdk-amd64/jre/lib/amd64/libnet.so
7f4bc86f8000-7f4bc86f9000 r--p 00016000 08:06 1489830                    /usr/lib/jvm/java-7-openjdk-amd64/jre/lib/amd64/libnet.so
7f4bc86f9000-7f4bc86fa000 rw-p 00017000 08:06 1489830                    /usr/lib/jvm/java-7-openjdk-amd64/jre/lib/amd64/libnet.so
7f4bc86fa000-7f4bc870a000 r-xp 00000000 08:06 1489812                    /usr/lib/jvm/java-7-openjdk-amd64/jre/lib/amd64/libnio.so
7f4bc870a000-7f4bc890a000 ---p 00010000 08:06 1489812                    /usr/lib/jvm/java-7-openjdk-amd64/jre/lib/amd64/libnio.so
7f4bc890a000-7f4bc890b000 r--p 00010000 08:06 1489812                    /usr/lib/jvm/java-7-openjdk-amd64/jre/lib/amd64/libnio.so
7f4bc890b000-7f4bc890c000 rw-p 00011000 08:06 1489812                    /usr/lib/jvm/java-7-openjdk-amd64/jre/lib/amd64/libnio.so
7f4bc890c000-7f4bc8922000 r--s 000f0000 08:06 3245250                    /home/tulin/AndroidStudioProjects/CamApp/app/build/intermediates/exploded-aar/com.android.support/support-v4/23.2.0/jars/classes.jar
7f4bc8922000-7f4bc8931000 r--s 000df000 08:06 3216701                    /home/tulin/Android/Sdk/build-tools/23.0.2/lib/dx.jar
7f4bc8931000-7f4bc8932000 ---p 00000000 00:00 0 
7f4bc8932000-7f4bc8a32000 rw-p 00000000 00:00 0                          [stack:10989]
7f4bc8a32000-7f4bc8a35000 ---p 00000000 00:00 0 
7f4bc8a35000-7f4bc8b33000 rw-p 00000000 00:00 0                          [stack:10988]
7f4bc8b33000-7f4bc8b36000 ---p 00000000 00:00 0 
7f4bc8b36000-7f4bc8c34000 rw-p 00000000 00:00 0                          [stack:10987]
7f4bc8c34000-7f4bc8c37000 ---p 00000000 00:00 0 
7f4bc8c37000-7f4bc8d35000 rw-p 00000000 00:00 0                          [stack:10986]
7f4bc8d35000-7f4bc8d38000 ---p 00000000 00:00 0 
7f4bc8d38000-7f4bc8e36000 rw-p 00000000 00:00 0                          [stack:10985]
7f4bc8e36000-7f4bc9688000 r--p 00000000 08:06 1447082                    /usr/lib/locale/locale-archive
7f4bc9688000-7f4bc968b000 ---p 00000000 00:00 0 
7f4bc968b000-7f4bc9789000 rw-p 00000000 00:00 0                          [stack:10983]
7f4bc9789000-7f4bc978c000 ---p 00000000 00:00 0 
7f4bc978c000-7f4bc988a000 rw-p 00000000 00:00 0                          [stack:10980]
7f4bc988a000-7f4bc988b000 ---p 00000000 00:00 0 
7f4bc988b000-7f4bca91e000 rw-p 00000000 00:00 0                          [stack:10975]
7f4bca91e000-7f4bcaad0000 r--s 01d2f000 08:06 1489796                    /usr/lib/jvm/java-7-openjdk-amd64/jre/lib/rt.jar
7f4bcaad0000-7f4bcd000000 rw-p 00000000 00:00 0 
7f4bcd000000-7f4bcd270000 rwxp 00000000 00:00 0 
7f4bcd270000-7f4bd020a000 rw-p 00000000 00:00 0 
7f4bd020a000-7f4bd4000000 ---p 00000000 00:00 0 
7f4bd4001000-7f4bd43b7000 rw-p 00000000 00:00 0 
7f4bd43b7000-7f4bd43b8000 ---p 00000000 00:00 0 
7f4bd43b8000-7f4bd44b8000 rw-p 00000000 00:00 0                          [stack:10972]
7f4bd44b8000-7f4bd44b9000 ---p 00000000 00:00 0 
7f4bd44b9000-7f4bd45b9000 rw-p 00000000 00:00 0                          [stack:10971]
7f4bd45b9000-7f4bd45ba000 ---p 00000000 00:00 0 
7f4bd45ba000-7f4bd46ba000 rw-p 00000000 00:00 0                          [stack:10970]
7f4bd46ba000-7f4bd46bb000 ---p 00000000 00:00 0 
7f4bd46bb000-7f4bd47c6000 rw-p 00000000 00:00 0                          [stack:10969]
7f4bd47c6000-7f4bd480e000 rw-p 00000000 00:00 0 
7f4bd480e000-7f4bd4822000 rw-p 00000000 00:00 0 
7f4bd4822000-7f4bd4964000 rw-p 00000000 00:00 0 
7f4bd4964000-7f4bd496f000 rw-p 00000000 00:00 0 
7f4bd496f000-7f4bd49b7000 rw-p 00000000 00:00 0 
7f4bd49b7000-7f4bd49cb000 rw-p 00000000 00:00 0 
7f4bd49cb000-7f4bd4b0c000 rw-p 00000000 00:00 0 
7f4bd4b0c000-7f4bd4b5f000 rw-p 00000000 00:00 0 
7f4bd4b5f000-7f4bd4bb7000 rw-p 00000000 00:00 0 
7f4bd4bb7000-7f4bd4bb8000 rw-p 00000000 00:00 0 
7f4bd4bb8000-7f4bd4bc0000 r-xp 00000000 08:06 1489805                    /usr/lib/jvm/java-7-openjdk-amd64/jre/lib/amd64/libzip.so
7f4bd4bc0000-7f4bd4dbf000 ---p 00008000 08:06 1489805                    /usr/lib/jvm/java-7-openjdk-amd64/jre/lib/amd64/libzip.so
7f4bd4dbf000-7f4bd4dc0000 r--p 00007000 08:06 1489805                    /usr/lib/jvm/java-7-openjdk-amd64/jre/lib/amd64/libzip.so
7f4bd4dc0000-7f4bd4dc1000 rw-p 00008000 08:06 1489805                    /usr/lib/jvm/java-7-openjdk-amd64/jre/lib/amd64/libzip.so
7f4bd4dc1000-7f4bd4dcc000 r-xp 00000000 08:06 184225                     /lib/x86_64-linux-gnu/libnss_files-2.19.so
7f4bd4dcc000-7f4bd4fcb000 ---p 0000b000 08:06 184225                     /lib/x86_64-linux-gnu/libnss_files-2.19.so
7f4bd4fcb000-7f4bd4fcc000 r--p 0000a000 08:06 184225                     /lib/x86_64-linux-gnu/libnss_files-2.19.so
7f4bd4fcc000-7f4bd4fcd000 rw-p 0000b000 08:06 184225                     /lib/x86_64-linux-gnu/libnss_files-2.19.so
7f4bd4fcd000-7f4bd4fd8000 r-xp 00000000 08:06 145746                     /lib/x86_64-linux-gnu/libnss_nis-2.19.so
7f4bd4fd8000-7f4bd51d7000 ---p 0000b000 08:06 145746                     /lib/x86_64-linux-gnu/libnss_nis-2.19.so
7f4bd51d7000-7f4bd51d8000 r--p 0000a000 08:06 145746                     /lib/x86_64-linux-gnu/libnss_nis-2.19.so
7f4bd51d8000-7f4bd51d9000 rw-p 0000b000 08:06 145746                     /lib/x86_64-linux-gnu/libnss_nis-2.19.so
7f4bd51d9000-7f4bd51f0000 r-xp 00000000 08:06 145742                     /lib/x86_64-linux-gnu/libnsl-2.19.so
7f4bd51f0000-7f4bd53ef000 ---p 00017000 08:06 145742                     /lib/x86_64-linux-gnu/libnsl-2.19.so
7f4bd53ef000-7f4bd53f0000 r--p 00016000 08:06 145742                     /lib/x86_64-linux-gnu/libnsl-2.19.so
7f4bd53f0000-7f4bd53f1000 rw-p 00017000 08:06 145742                     /lib/x86_64-linux-gnu/libnsl-2.19.so
7f4bd53f1000-7f4bd53f3000 rw-p 00000000 00:00 0 
7f4bd53f3000-7f4bd53fc000 r-xp 00000000 08:06 145741                     /lib/x86_64-linux-gnu/libnss_compat-2.19.so
7f4bd53fc000-7f4bd55fb000 ---p 00009000 08:06 145741                     /lib/x86_64-linux-gnu/libnss_compat-2.19.so
7f4bd55fb000-7f4bd55fc000 r--p 00008000 08:06 145741                     /lib/x86_64-linux-gnu/libnss_compat-2.19.so
7f4bd55fc000-7f4bd55fd000 rw-p 00009000 08:06 145741                     /lib/x86_64-linux-gnu/libnss_compat-2.19.so
7f4bd55fd000-7f4bd5628000 r-xp 00000000 08:06 1489826                    /usr/lib/jvm/java-7-openjdk-amd64/jre/lib/amd64/libjava.so
7f4bd5628000-7f4bd5828000 ---p 0002b000 08:06 1489826                    /usr/lib/jvm/java-7-openjdk-amd64/jre/lib/amd64/libjava.so
7f4bd5828000-7f4bd5829000 r--p 0002b000 08:06 1489826                    /usr/lib/jvm/java-7-openjdk-amd64/jre/lib/amd64/libjava.so
7f4bd5829000-7f4bd582b000 rw-p 0002c000 08:06 1489826                    /usr/lib/jvm/java-7-openjdk-amd64/jre/lib/amd64/libjava.so
7f4bd582b000-7f4bd583b000 r-xp 00000000 08:06 1489810                    /usr/lib/jvm/java-7-openjdk-amd64/jre/lib/amd64/libverify.so
7f4bd583b000-7f4bd5a3a000 ---p 00010000 08:06 1489810                    /usr/lib/jvm/java-7-openjdk-amd64/jre/lib/amd64/libverify.so
7f4bd5a3a000-7f4bd5a3c000 r--p 0000f000 08:06 1489810                    /usr/lib/jvm/java-7-openjdk-amd64/jre/lib/amd64/libverify.so
7f4bd5a3c000-7f4bd5a3d000 rw-p 00011000 08:06 1489810                    /usr/lib/jvm/java-7-openjdk-amd64/jre/lib/amd64/libverify.so
7f4bd5a3d000-7f4bd5a44000 r-xp 00000000 08:06 148472                     /lib/x86_64-linux-gnu/librt-2.19.so
7f4bd5a44000-7f4bd5c43000 ---p 00007000 08:06 148472                     /lib/x86_64-linux-gnu/librt-2.19.so
7f4bd5c43000-7f4bd5c44000 r--p 00006000 08:06 148472                     /lib/x86_64-linux-gnu/librt-2.19.so
7f4bd5c44000-7f4bd5c45000 rw-p 00007000 08:06 148472                     /lib/x86_64-linux-gnu/librt-2.19.so
7f4bd5c45000-7f4bd5c5b000 r-xp 00000000 08:06 131070                     /lib/x86_64-linux-gnu/libgcc_s.so.1
7f4bd5c5b000-7f4bd5e5a000 ---p 00016000 08:06 131070                     /lib/x86_64-linux-gnu/libgcc_s.so.1
7f4bd5e5a000-7f4bd5e5b000 rw-p 00015000 08:06 131070                     /lib/x86_64-linux-gnu/libgcc_s.so.1
7f4bd5e5b000-7f4bd5f60000 r-xp 00000000 08:06 135048                     /lib/x86_64-linux-gnu/libm-2.19.so
7f4bd5f60000-7f4bd615f000 ---p 00105000 08:06 135048                     /lib/x86_64-linux-gnu/libm-2.19.so
7f4bd615f000-7f4bd6160000 r--p 00104000 08:06 135048                     /lib/x86_64-linux-gnu/libm-2.19.so
7f4bd6160000-7f4bd6161000 rw-p 00105000 08:06 135048                     /lib/x86_64-linux-gnu/libm-2.19.so
7f4bd6161000-7f4bd6247000 r-xp 00000000 08:06 1439330                    /usr/lib/x86_64-linux-gnu/libstdc++.so.6.0.19
7f4bd6247000-7f4bd6446000 ---p 000e6000 08:06 1439330                    /usr/lib/x86_64-linux-gnu/libstdc++.so.6.0.19
7f4bd6446000-7f4bd644e000 r--p 000e5000 08:06 1439330                    /usr/lib/x86_64-linux-gnu/libstdc++.so.6.0.19
7f4bd644e000-7f4bd6450000 rw-p 000ed000 08:06 1439330                    /usr/lib/x86_64-linux-gnu/libstdc++.so.6.0.19
7f4bd6450000-7f4bd6465000 rw-p 00000000 00:00 0 
7f4bd6465000-7f4bd6f8a000 r-xp 00000000 08:06 1489806                    /usr/lib/jvm/java-7-openjdk-amd64/jre/lib/amd64/server/libjvm.so
7f4bd6f8a000-7f4bd718a000 ---p 00b25000 08:06 1489806                    /usr/lib/jvm/java-7-openjdk-amd64/jre/lib/amd64/server/libjvm.so
7f4bd718a000-7f4bd7224000 r--p 00b25000 08:06 1489806                    /usr/lib/jvm/java-7-openjdk-amd64/jre/lib/amd64/server/libjvm.so
7f4bd7224000-7f4bd7247000 rw-p 00bbf000 08:06 1489806                    /usr/lib/jvm/java-7-openjdk-amd64/jre/lib/amd64/server/libjvm.so
7f4bd7247000-7f4bd7275000 rw-p 00000000 00:00 0 
7f4bd7275000-7f4bd728d000 r-xp 00000000 08:06 135112                     /lib/x86_64-linux-gnu/libz.so.1.2.8
7f4bd728d000-7f4bd748c000 ---p 00018000 08:06 135112                     /lib/x86_64-linux-gnu/libz.so.1.2.8
7f4bd748c000-7f4bd748d000 r--p 00017000 08:06 135112                     /lib/x86_64-linux-gnu/libz.so.1.2.8
7f4bd748d000-7f4bd748e000 rw-p 00018000 08:06 135112                     /lib/x86_64-linux-gnu/libz.so.1.2.8
7f4bd748e000-7f4bd74a7000 r-xp 00000000 08:06 145743                     /lib/x86_64-linux-gnu/libpthread-2.19.so
7f4bd74a7000-7f4bd76a6000 ---p 00019000 08:06 145743                     /lib/x86_64-linux-gnu/libpthread-2.19.so
7f4bd76a6000-7f4bd76a7000 r--p 00018000 08:06 145743                     /lib/x86_64-linux-gnu/libpthread-2.19.so
7f4bd76a7000-7f4bd76a8000 rw-p 00019000 08:06 145743                     /lib/x86_64-linux-gnu/libpthread-2.19.so
7f4bd76a8000-7f4bd76ac000 rw-p 00000000 00:00 0 
7f4bd76ac000-7f4bd76af000 r-xp 00000000 08:06 145738                     /lib/x86_64-linux-gnu/libdl-2.19.so
7f4bd76af000-7f4bd78ae000 ---p 00003000 08:06 145738                     /lib/x86_64-linux-gnu/libdl-2.19.so
7f4bd78ae000-7f4bd78af000 r--p 00002000 08:06 145738                     /lib/x86_64-linux-gnu/libdl-2.19.so
7f4bd78af000-7f4bd78b0000 rw-p 00003000 08:06 145738                     /lib/x86_64-linux-gnu/libdl-2.19.so
7f4bd78b0000-7f4bd7a6b000 r-xp 00000000 08:06 148473                     /lib/x86_64-linux-gnu/libc-2.19.so
7f4bd7a6b000-7f4bd7c6a000 ---p 001bb000 08:06 148473                     /lib/x86_64-linux-gnu/libc-2.19.so
7f4bd7c6a000-7f4bd7c6e000 r--p 001ba000 08:06 148473                     /lib/x86_64-linux-gnu/libc-2.19.so
7f4bd7c6e000-7f4bd7c70000 rw-p 001be000 08:06 148473                     /lib/x86_64-linux-gnu/libc-2.19.so
7f4bd7c70000-7f4bd7c75000 rw-p 00000000 00:00 0 
7f4bd7c75000-7f4bd7c82000 r-xp 00000000 08:06 1489800                    /usr/lib/jvm/java-7-openjdk-amd64/jre/lib/amd64/jli/libjli.so
7f4bd7c82000-7f4bd7e81000 ---p 0000d000 08:06 1489800                    /usr/lib/jvm/java-7-openjdk-amd64/jre/lib/amd64/jli/libjli.so
7f4bd7e81000-7f4bd7e82000 r--p 0000c000 08:06 1489800                    /usr/lib/jvm/java-7-openjdk-amd64/jre/lib/amd64/jli/libjli.so
7f4bd7e82000-7f4bd7e83000 rw-p 0000d000 08:06 1489800                    /usr/lib/jvm/java-7-openjdk-amd64/jre/lib/amd64/jli/libjli.so
7f4bd7e83000-7f4bd7ea6000 r-xp 00000000 08:06 145744                     /lib/x86_64-linux-gnu/ld-2.19.so
7f4bd7ea6000-7f4bd7ea9000 r--s 0000f000 08:06 1489840                    /usr/lib/jvm/java-7-openjdk-amd64/jre/lib/ext/icedtea-sound.jar
7f4bd7ea9000-7f4bd7ecb000 rw-p 00000000 00:00 0 
7f4bd7ecb000-7f4bd7f81000 rw-p 00000000 00:00 0 
7f4bd7f81000-7f4bd7f84000 ---p 00000000 00:00 0 
7f4bd7f84000-7f4bd8088000 rw-p 00000000 00:00 0                          [stack:10966]
7f4bd8088000-7f4bd808a000 r--s 00012000 08:06 1489837                    /usr/lib/jvm/java-7-openjdk-amd64/jre/lib/ext/zipfs.jar
7f4bd808a000-7f4bd808b000 r--s 00002000 08:06 1489839                    /usr/lib/jvm/java-7-openjdk-amd64/jre/lib/ext/dnsns.jar
7f4bd808b000-7f4bd808d000 r--s 00006000 08:06 1840524                    /usr/share/java/java-atk-wrapper.jar
7f4bd808d000-7f4bd8091000 r--s 0003c000 08:06 1489838                    /usr/lib/jvm/java-7-openjdk-amd64/jre/lib/ext/sunpkcs11.jar
7f4bd8091000-7f4bd8095000 r--s 00034000 08:06 1489836                    /usr/lib/jvm/java-7-openjdk-amd64/jre/lib/ext/sunjce_provider.jar
7f4bd8095000-7f4bd8099000 r--s 00085000 08:06 1489835                    /usr/lib/jvm/java-7-openjdk-amd64/jre/lib/ext/localedata.jar
7f4bd8099000-7f4bd80a1000 rw-s 00000000 08:06 1841666                    /tmp/hsperfdata_tulin/10955
7f4bd80a1000-7f4bd80a2000 rw-p 00000000 00:00 0 
7f4bd80a2000-7f4bd80a3000 ---p 00000000 00:00 0 
7f4bd80a3000-7f4bd80a5000 rw-p 00000000 00:00 0 
7f4bd80a5000-7f4bd80a6000 r--p 00022000 08:06 145744                     /lib/x86_64-linux-gnu/ld-2.19.so
7f4bd80a6000-7f4bd80a7000 rw-p 00023000 08:06 145744                     /lib/x86_64-linux-gnu/ld-2.19.so
7f4bd80a7000-7f4bd80a8000 rw-p 00000000 00:00 0 
7fff512be000-7fff512df000 rw-p 00000000 00:00 0                          [stack]
7fff51380000-7fff51382000 r-xp 00000000 00:00 0                          [vdso]
ffffffffff600000-ffffffffff601000 r-xp 00000000 00:00 0                  [vsyscall]

VM Arguments:
jvm_args: -Djava.awt.headless=true -Xmx1024M -Dfile.encoding=UTF-8 -Duser.country=US -Duser.language=en -Duser.variant 
java_command: com.android.dx.command.Main --dex --num-threads=4 --output /home/tulin/AndroidStudioProjects/CamApp/app/build/intermediates/pre-dexed/debug/com.android.support-support-v4-23.2.0_4b1fd8c92292e56f5a1fba56278554e72cab954d.jar /home/tulin/AndroidStudioProjects/CamApp/app/build/intermediates/exploded-aar/com.android.support/support-v4/23.2.0/jars/classes.jar
Launcher Type: SUN_STANDARD

Environment Variables:
PATH=/usr/local/sbin:/usr/local/bin:/usr/sbin:/usr/bin:/sbin:/bin:/usr/games:/usr/local/games
SHELL=/bin/bash
DISPLAY=:0

Signal Handlers:
SIGSEGV: [libjvm.so+0x955bc0], sa_mask[0]=0x7ffbfeff, sa_flags=0x10000004
SIGBUS: [libjvm.so+0x955bc0], sa_mask[0]=0x7ffbfeff, sa_flags=0x10000004
SIGFPE: [libjvm.so+0x7caff0], sa_mask[0]=0x7ffbfeff, sa_flags=0x10000004
SIGPIPE: [libjvm.so+0x7caff0], sa_mask[0]=0x7ffbfeff, sa_flags=0x10000004
SIGXFSZ: [libjvm.so+0x7caff0], sa_mask[0]=0x7ffbfeff, sa_flags=0x10000004
SIGILL: [libjvm.so+0x7caff0], sa_mask[0]=0x7ffbfeff, sa_flags=0x10000004
SIGUSR1: SIG_DFL, sa_mask[0]=0x00000000, sa_flags=0x00000000
SIGUSR2: [libjvm.so+0x7cae90], sa_mask[0]=0x00000004, sa_flags=0x10000004
SIGHUP: [libjvm.so+0x7cb070], sa_mask[0]=0x7ffbfeff, sa_flags=0x10000004
SIGINT: [libjvm.so+0x7cb070], sa_mask[0]=0x7ffbfeff, sa_flags=0x10000004
SIGTERM: [libjvm.so+0x7cb070], sa_mask[0]=0x7ffbfeff, sa_flags=0x10000004
SIGQUIT: [libjvm.so+0x7cb070], sa_mask[0]=0x7ffbfeff, sa_flags=0x10000004
SIGTRAP: SIG_DFL, sa_mask[0]=0x00000000, sa_flags=0x00000000


---------------  S Y S T E M  ---------------

OS:Ubuntu 14.04 (trusty)
uname:Linux 3.13.0-79-generic #123-Ubuntu SMP Fri Feb 19 14:27:58 UTC 2016 x86_64
libc:glibc 2.19 NPTL 2.19 
rlimit: STACK 8192k, CORE 0k, NPROC 30460, NOFILE 4096, AS infinity
load average:11,16 9,19 6,48

/proc/meminfo:
MemTotal:        3946988 kB
MemFree:          123808 kB
Buffers:             380 kB
Cached:           568492 kB
SwapCached:            0 kB
Active:          3105984 kB
Inactive:         546500 kB
Active(anon):    3101448 kB
Inactive(anon):   541940 kB
Active(file):       4536 kB
Inactive(file):     4560 kB
Unevictable:          32 kB
Mlocked:              32 kB
SwapTotal:             0 kB
SwapFree:              0 kB
Dirty:               468 kB
Writeback:             0 kB
AnonPages:       3083980 kB
Mapped:           130672 kB
Shmem:            559368 kB
Slab:              72712 kB
SReclaimable:      34004 kB
SUnreclaim:        38708 kB
KernelStack:        5736 kB
PageTables:        38448 kB
NFS_Unstable:          0 kB
Bounce:                0 kB
WritebackTmp:          0 kB
CommitLimit:     1973492 kB
Committed_AS:    7934328 kB
VmallocTotal:   34359738367 kB
VmallocUsed:      350184 kB
VmallocChunk:   34359381756 kB
HardwareCorrupted:     0 kB
AnonHugePages:   1212416 kB
HugePages_Total:       0
HugePages_Free:        0
HugePages_Rsvd:        0
HugePages_Surp:        0
Hugepagesize:       2048 kB
DirectMap4k:       66592 kB
DirectMap2M:     4028416 kB


CPU:total 4 (2 cores per cpu, 2 threads per core) family 6 model 42 stepping 7, cmov, cx8, fxsr, mmx, sse, sse2, sse3, ssse3, sse4.1, sse4.2, popcnt, avx, aes, ht, tsc, tscinvbit

/proc/cpuinfo:
processor	: 0
vendor_id	: GenuineIntel
cpu family	: 6
model		: 42
model name	: Intel(R) Core(TM) i5-2557M CPU @ 1.70GHz
stepping	: 7
microcode	: 0x1a
cpu MHz		: 1701.000
cache size	: 3072 KB
physical id	: 0
siblings	: 4
core id		: 0
cpu cores	: 2
apicid		: 0
initial apicid	: 0
fpu		: yes
fpu_exception	: yes
cpuid level	: 13
wp		: yes
flags		: fpu vme de pse tsc msr pae mce cx8 apic sep mtrr pge mca cmov pat pse36 clflush dts acpi mmx fxsr sse sse2 ss ht tm pbe syscall nx rdtscp lm constant_tsc arch_perfmon pebs bts rep_good nopl xtopology nonstop_tsc aperfmperf eagerfpu pni pclmulqdq dtes64 monitor ds_cpl vmx smx est tm2 ssse3 cx16 xtpr pdcm pcid sse4_1 sse4_2 x2apic popcnt tsc_deadline_timer aes xsave avx lahf_lm ida arat epb xsaveopt pln pts dtherm tpr_shadow vnmi flexpriority ept vpid
bogomips	: 3392.10
clflush size	: 64
cache_alignment	: 64
address sizes	: 36 bits physical, 48 bits virtual
power management:

processor	: 1
vendor_id	: GenuineIntel
cpu family	: 6
model		: 42
model name	: Intel(R) Core(TM) i5-2557M CPU @ 1.70GHz
stepping	: 7
microcode	: 0x1a
cpu MHz		: 1701.000
cache size	: 3072 KB
physical id	: 0
siblings	: 4
core id		: 1
cpu cores	: 2
apicid		: 2
initial apicid	: 2
fpu		: yes
fpu_exception	: yes
cpuid level	: 13
wp		: yes
flags		: fpu vme de pse tsc msr pae mce cx8 apic sep mtrr pge mca cmov pat pse36 clflush dts acpi mmx fxsr sse sse2 ss ht tm pbe syscall nx rdtscp lm constant_tsc arch_perfmon pebs bts rep_good nopl xtopology nonstop_tsc aperfmperf eagerfpu pni pclmulqdq dtes64 monitor ds_cpl vmx smx est tm2 ssse3 cx16 xtpr pdcm pcid sse4_1 sse4_2 x2apic popcnt tsc_deadline_timer aes xsave avx lahf_lm ida arat epb xsaveopt pln pts dtherm tpr_shadow vnmi flexpriority ept vpid
bogomips	: 3392.10
clflush size	: 64
cache_alignment	: 64
address sizes	: 36 bits physical, 48 bits virtual
power management:

processor	: 2
vendor_id	: GenuineIntel
cpu family	: 6
model		: 42
model name	: Intel(R) Core(TM) i5-2557M CPU @ 1.70GHz
stepping	: 7
microcode	: 0x1a
cpu MHz		: 1701.000
cache size	: 3072 KB
physical id	: 0
siblings	: 4
core id		: 0
cpu cores	: 2
apicid		: 1
initial apicid	: 1
fpu		: yes
fpu_exception	: yes
cpuid level	: 13
wp		: yes
flags		: fpu vme de pse tsc msr pae mce cx8 apic sep mtrr pge mca cmov pat pse36 clflush dts acpi mmx fxsr sse sse2 ss ht tm pbe syscall nx rdtscp lm constant_tsc arch_perfmon pebs bts rep_good nopl xtopology nonstop_tsc aperfmperf eagerfpu pni pclmulqdq dtes64 monitor ds_cpl vmx smx est tm2 ssse3 cx16 xtpr pdcm pcid sse4_1 sse4_2 x2apic popcnt tsc_deadline_timer aes xsave avx lahf_lm ida arat epb xsaveopt pln pts dtherm tpr_shadow vnmi flexpriority ept vpid
bogomips	: 3392.10
clflush size	: 64
cache_alignment	: 64
address sizes	: 36 bits physical, 48 bits virtual
power management:

processor	: 3
vendor_id	: GenuineIntel
cpu family	: 6
model		: 42
model name	: Intel(R) Core(TM) i5-2557M CPU @ 1.70GHz
stepping	: 7
microcode	: 0x1a
cpu MHz		: 1701.000
cache size	: 3072 KB
physical id	: 0
siblings	: 4
core id		: 1
cpu cores	: 2
apicid		: 3
initial apicid	: 3
fpu		: yes
fpu_exception	: yes
cpuid level	: 13
wp		: yes
flags		: fpu vme de pse tsc msr pae mce cx8 apic sep mtrr pge mca cmov pat pse36 clflush dts acpi mmx fxsr sse sse2 ss ht tm pbe syscall nx rdtscp lm constant_tsc arch_perfmon pebs bts rep_good nopl xtopology nonstop_tsc aperfmperf eagerfpu pni pclmulqdq dtes64 monitor ds_cpl vmx smx est tm2 ssse3 cx16 xtpr pdcm pcid sse4_1 sse4_2 x2apic popcnt tsc_deadline_timer aes xsave avx lahf_lm ida arat epb xsaveopt pln pts dtherm tpr_shadow vnmi flexpriority ept vpid
bogomips	: 3392.10
clflush size	: 64
cache_alignment	: 64
address sizes	: 36 bits physical, 48 bits virtual
power management:



Memory: 4k page, physical 3946988k(123808k free), swap 0k(0k free)

vm_info: OpenJDK 64-Bit Server VM (24.95-b01) for linux-amd64 JRE (1.7.0_95-b00), built on Jan 21 2016 03:31:40 by "buildd" with gcc 4.8.4

time: Wed Mar 23 16:06:18 2016
elapsed time: 25 seconds

