#
# There is insufficient memory for the Java Runtime Environment to continue.
# Native memory allocation (malloc) failed to allocate 44040192 bytes for committing reserved memory.
# Possible reasons:
#   The system is out of physical RAM or swap space
#   In 32 bit mode, the process size limit was hit
# Possible solutions:
#   Reduce memory load on the system
#   Increase physical memory or swap space
#   Check if swap backing store is full
#   Use 64 bit Java on a 64 bit OS
#   Decrease Java heap size (-Xmx/-Xms)
#   Decrease number of Java threads
#   Decrease Java thread stack sizes (-Xss)
#   Set larger code cache with -XX:ReservedCodeCacheSize=
# This output file may be truncated or incomplete.
#
#  Out of Memory Error (os_linux.cpp:2827), pid=9564, tid=140533549393664
#
# JRE version: OpenJDK Runtime Environment (7.0_95) (build 1.7.0_95-b00)
# Java VM: OpenJDK 64-Bit Server VM (24.95-b01 mixed mode linux-amd64 compressed oops)
# Derivative: IcedTea 2.6.4
# Distribution: Ubuntu 14.04.3 LTS, package 7u95-2.6.4-0ubuntu0.14.04.1
# Failed to write core dump. Core dumps have been disabled. To enable core dumping, try "ulimit -c unlimited" before starting Java again
#

---------------  T H R E A D  ---------------

Current thread (0x00007fd08c076000):  VMThread [stack: 0x00007fd0843a6000,0x00007fd0844a7000] [id=9592]

Stack: [0x00007fd0843a6000,0x00007fd0844a7000],  sp=0x00007fd0844a5490,  free space=1021k
Native frames: (J=compiled Java code, j=interpreted, Vv=VM code, C=native code)
V  [libjvm.so+0x9550e5]
V  [libjvm.so+0x4902b4]
V  [libjvm.so+0x7cf7bb]
V  [libjvm.so+0x7ca28f]
V  [libjvm.so+0x83e56b]
V  [libjvm.so+0x83f3e0]
V  [libjvm.so+0x83facb]
V  [libjvm.so+0x83b4d8]
V  [libjvm.so+0x83bd48]
V  [libjvm.so+0x7f1fd3]
V  [libjvm.so+0x956ae4]
V  [libjvm.so+0x95abe7]
V  [libjvm.so+0x9596a8]
V  [libjvm.so+0x959b09]
V  [libjvm.so+0x959f52]
V  [libjvm.so+0x7cc682]

VM_Operation (0x00007fd065a27ea0): ParallelGCFailedAllocation, mode: safepoint, requested by thread 0x00007fd08c1ae000


---------------  P R O C E S S  ---------------

Java Threads: ( => current thread )
  0x00007fd08c1b1800 JavaThread "pool-1-thread-4" [_thread_blocked, id=9640, stack(0x00007fd065727000,0x00007fd065828000)]
  0x00007fd08c1b0000 JavaThread "pool-1-thread-3" [_thread_blocked, id=9639, stack(0x00007fd065828000,0x00007fd065929000)]
  0x00007fd08c1ae000 JavaThread "pool-1-thread-2" [_thread_blocked, id=9638, stack(0x00007fd065929000,0x00007fd065a2a000)]
  0x00007fd08c1ab000 JavaThread "pool-2-thread-1" [_thread_blocked, id=9637, stack(0x00007fd065a2a000,0x00007fd065b2b000)]
  0x00007fd08c1a9000 JavaThread "pool-1-thread-1" [_thread_blocked, id=9636, stack(0x00007fd065b2b000,0x00007fd065c2c000)]
  0x00007fd08c0af800 JavaThread "Service Thread" daemon [_thread_blocked, id=9606, stack(0x00007fd0674ab000,0x00007fd0675ac000)]
  0x00007fd08c0ad800 JavaThread "C2 CompilerThread1" daemon [_thread_blocked, id=9603, stack(0x00007fd0675ac000,0x00007fd0676ad000)]
  0x00007fd08c0aa800 JavaThread "C2 CompilerThread0" daemon [_thread_blocked, id=9602, stack(0x00007fd0676ad000,0x00007fd0677ae000)]
  0x00007fd08c0a8800 JavaThread "Signal Dispatcher" daemon [_thread_blocked, id=9601, stack(0x00007fd0840a3000,0x00007fd0841a4000)]
  0x00007fd08c07c000 JavaThread "Finalizer" daemon [_thread_blocked, id=9599, stack(0x00007fd0841a4000,0x00007fd0842a5000)]
  0x00007fd08c07a000 JavaThread "Reference Handler" daemon [_thread_blocked, id=9596, stack(0x00007fd0842a5000,0x00007fd0843a6000)]
  0x00007fd08c00a800 JavaThread "main" [_thread_blocked, id=9572, stack(0x00007fd092aa0000,0x00007fd092ba1000)]

Other Threads:
=>0x00007fd08c076000 VMThread [stack: 0x00007fd0843a6000,0x00007fd0844a7000] [id=9592]
  0x00007fd08c0ba800 WatcherThread [stack: 0x00007fd0673aa000,0x00007fd0674ab000] [id=9609]

VM state:at safepoint (normal execution)

VM Mutex/Monitor currently owned by a thread:  ([mutex/lock_event])
[0x00007fd08c006990] Threads_lock - owner thread: 0x00007fd08c076000
[0x00007fd08c006e90] Heap_lock - owner thread: 0x00007fd08c1ae000

Heap
 PSYoungGen      total 73728K, used 14320K [0x00000000eaa80000, 0x00000000f0380000, 0x0000000100000000)
  eden space 59392K, 0% used [0x00000000eaa80000,0x00000000eaa80000,0x00000000ee480000)
  from space 14336K, 99% used [0x00000000ee480000,0x00000000ef27c280,0x00000000ef280000)
  to   space 11264K, 0% used [0x00000000ef280000,0x00000000ef280000,0x00000000efd80000)
 ParOldGen       total 40960K, used 22534K [0x00000000c0000000, 0x00000000c2800000, 0x00000000eaa80000)
  object space 40960K, 55% used [0x00000000c0000000,0x00000000c1601b88,0x00000000c2800000)
 PSPermGen       total 21504K, used 6282K [0x00000000b5a00000, 0x00000000b6f00000, 0x00000000c0000000)
  object space 21504K, 29% used [0x00000000b5a00000,0x00000000b60228e0,0x00000000b6f00000)

Card table byte_map: [0x00007fd088367000,0x00007fd0885bb000] byte_map_base: 0x00007fd087dba000

Polling page: 0x00007fd092bc1000

Code Cache  [0x00007fd0885bb000, 0x00007fd08882b000, 0x00007fd08b5bb000)
 total_blobs=569 nmethods=337 adapters=184 free_code_cache=47685Kb largest_free_block=48782144

Compilation events (10 events):
Event: 20,853 Thread 0x00007fd08c0aa800 nmethod 348 0x00007fd088677510 code [0x00007fd0886777c0, 0x00007fd088678550]
Event: 20,863 Thread 0x00007fd08c0ad800 nmethod 341 0x00007fd088731490 code [0x00007fd088731740, 0x00007fd088733568]
Event: 20,863 Thread 0x00007fd08c0ad800  349             com.android.dx.cf.code.RopperMachine::getSources (264 bytes)
Event: 20,868 Thread 0x00007fd08c0aa800  350             com.android.dx.rop.code.BasicBlock::getLastInsn (8 bytes)
Event: 20,884 Thread 0x00007fd08c0aa800 nmethod 350 0x00007fd088711650 code [0x00007fd0887117a0, 0x00007fd088711898]
Event: 20,884 Thread 0x00007fd08c0aa800  351             com.android.dx.rop.code.RegisterSpec::equals (51 bytes)
Event: 20,898 Thread 0x00007fd08c0aa800 nmethod 351 0x00007fd088676c10 code [0x00007fd088676d80, 0x00007fd0886770d8]
Event: 20,898 Thread 0x00007fd08c0aa800  352             com.android.dx.rop.code.Rop::canThrow (18 bytes)
Event: 20,906 Thread 0x00007fd08c0aa800 nmethod 352 0x00007fd088676910 code [0x00007fd088676a60, 0x00007fd088676b18]
Event: 20,906 Thread 0x00007fd08c0aa800  353             java.lang.StringBuilder::append (8 bytes)

GC Heap History (10 events):
Event: 4,318 GC heap after
Heap after GC invocations=4 (full 0):
 PSYoungGen      total 18432K, used 2528K [0x00000000eaa80000, 0x00000000ece80000, 0x0000000100000000)
  eden space 15872K, 0% used [0x00000000eaa80000,0x00000000eaa80000,0x00000000eba00000)
  from space 2560K, 98% used [0x00000000ebc80000,0x00000000ebef81e0,0x00000000ebf00000)
  to   space 2560K, 0% used [0x00000000eba00000,0x00000000eba00000,0x00000000ebc80000)
 ParOldGen       total 40960K, used 7217K [0x00000000c0000000, 0x00000000c2800000, 0x00000000eaa80000)
  object space 40960K, 17% used [0x00000000c0000000,0x00000000c070c6a8,0x00000000c2800000)
 PSPermGen       total 21504K, used 6158K [0x00000000b5a00000, 0x00000000b6f00000, 0x00000000c0000000)
  object space 21504K, 28% used [0x00000000b5a00000,0x00000000b60038c8,0x00000000b6f00000)
}
Event: 5,053 GC heap before
{Heap before GC invocations=5 (full 0):
 PSYoungGen      total 18432K, used 18400K [0x00000000eaa80000, 0x00000000ece80000, 0x0000000100000000)
  eden space 15872K, 100% used [0x00000000eaa80000,0x00000000eba00000,0x00000000eba00000)
  from space 2560K, 98% used [0x00000000ebc80000,0x00000000ebef81e0,0x00000000ebf00000)
  to   space 2560K, 0% used [0x00000000eba00000,0x00000000eba00000,0x00000000ebc80000)
 ParOldGen       total 40960K, used 7217K [0x00000000c0000000, 0x00000000c2800000, 0x00000000eaa80000)
  object space 40960K, 17% used [0x00000000c0000000,0x00000000c070c6a8,0x00000000c2800000)
 PSPermGen       total 21504K, used 6191K [0x00000000b5a00000, 0x00000000b6f00000, 0x00000000c0000000)
  object space 21504K, 28% used [0x00000000b5a00000,0x00000000b600be10,0x00000000b6f00000)
Event: 5,121 GC heap after
Heap after GC invocations=5 (full 0):
 PSYoungGen      total 18432K, used 2528K [0x00000000eaa80000, 0x00000000ed980000, 0x0000000100000000)
  eden space 15872K, 0% used [0x00000000eaa80000,0x00000000eaa80000,0x00000000eba00000)
  from space 2560K, 98% used [0x00000000eba00000,0x00000000ebc781e0,0x00000000ebc80000)
  to   space 8192K, 0% used [0x00000000ed180000,0x00000000ed180000,0x00000000ed980000)
 ParOldGen       total 40960K, used 10585K [0x00000000c0000000, 0x00000000c2800000, 0x00000000eaa80000)
  object space 40960K, 25% used [0x00000000c0000000,0x00000000c0a56768,0x00000000c2800000)
 PSPermGen       total 21504K, used 6191K [0x00000000b5a00000, 0x00000000b6f00000, 0x00000000c0000000)
  object space 21504K, 28% used [0x00000000b5a00000,0x00000000b600be10,0x00000000b6f00000)
}
Event: 6,396 GC heap before
{Heap before GC invocations=6 (full 0):
 PSYoungGen      total 18432K, used 18400K [0x00000000eaa80000, 0x00000000ed980000, 0x0000000100000000)
  eden space 15872K, 100% used [0x00000000eaa80000,0x00000000eba00000,0x00000000eba00000)
  from space 2560K, 98% used [0x00000000eba00000,0x00000000ebc781e0,0x00000000ebc80000)
  to   space 8192K, 0% used [0x00000000ed180000,0x00000000ed180000,0x00000000ed980000)
 ParOldGen       total 40960K, used 10585K [0x00000000c0000000, 0x00000000c2800000, 0x00000000eaa80000)
  object space 40960K, 25% used [0x00000000c0000000,0x00000000c0a56768,0x00000000c2800000)
 PSPermGen       total 21504K, used 6203K [0x00000000b5a00000, 0x00000000b6f00000, 0x00000000c0000000)
  object space 21504K, 28% used [0x00000000b5a00000,0x00000000b600ec50,0x00000000b6f00000)
Event: 6,481 GC heap after
Heap after GC invocations=6 (full 0):
 PSYoungGen      total 39424K, used 6224K [0x00000000eaa80000, 0x00000000eda80000, 0x0000000100000000)
  eden space 31232K, 0% used [0x00000000eaa80000,0x00000000eaa80000,0x00000000ec900000)
  from space 8192K, 75% used [0x00000000ed180000,0x00000000ed7941d0,0x00000000ed980000)
  to   space 8704K, 0% used [0x00000000ec900000,0x00000000ec900000,0x00000000ed180000)
 ParOldGen       total 40960K, used 10585K [0x00000000c0000000, 0x00000000c2800000, 0x00000000eaa80000)
  object space 40960K, 25% used [0x00000000c0000000,0x00000000c0a56768,0x00000000c2800000)
 PSPermGen       total 21504K, used 6203K [0x00000000b5a00000, 0x00000000b6f00000, 0x00000000c0000000)
  object space 21504K, 28% used [0x00000000b5a00000,0x00000000b600ec50,0x00000000b6f00000)
}
Event: 9,148 GC heap before
{Heap before GC invocations=7 (full 0):
 PSYoungGen      total 39424K, used 37456K [0x00000000eaa80000, 0x00000000eda80000, 0x0000000100000000)
  eden space 31232K, 100% used [0x00000000eaa80000,0x00000000ec900000,0x00000000ec900000)
  from space 8192K, 75% used [0x00000000ed180000,0x00000000ed7941d0,0x00000000ed980000)
  to   space 8704K, 0% used [0x00000000ec900000,0x00000000ec900000,0x00000000ed180000)
 ParOldGen       total 40960K, used 10585K [0x00000000c0000000, 0x00000000c2800000, 0x00000000eaa80000)
  object space 40960K, 25% used [0x00000000c0000000,0x00000000c0a56768,0x00000000c2800000)
 PSPermGen       total 21504K, used 6222K [0x00000000b5a00000, 0x00000000b6f00000, 0x00000000c0000000)
  object space 21504K, 28% used [0x00000000b5a00000,0x00000000b60139a0,0x00000000b6f00000)
Event: 9,258 GC heap after
Heap after GC invocations=7 (full 0):
 PSYoungGen      total 39936K, used 8672K [0x00000000eaa80000, 0x00000000efd80000, 0x0000000100000000)
  eden space 31232K, 0% used [0x00000000eaa80000,0x00000000eaa80000,0x00000000ec900000)
  from space 8704K, 99% used [0x00000000ec900000,0x00000000ed178010,0x00000000ed180000)
  to   space 11264K, 0% used [0x00000000ef280000,0x00000000ef280000,0x00000000efd80000)
 ParOldGen       total 40960K, used 12145K [0x00000000c0000000, 0x00000000c2800000, 0x00000000eaa80000)
  object space 40960K, 29% used [0x00000000c0000000,0x00000000c0bdc620,0x00000000c2800000)
 PSPermGen       total 21504K, used 6222K [0x00000000b5a00000, 0x00000000b6f00000, 0x00000000c0000000)
  object space 21504K, 28% used [0x00000000b5a00000,0x00000000b60139a0,0x00000000b6f00000)
}
Event: 11,977 GC heap before
{Heap before GC invocations=8 (full 0):
 PSYoungGen      total 39936K, used 39904K [0x00000000eaa80000, 0x00000000efd80000, 0x0000000100000000)
  eden space 31232K, 100% used [0x00000000eaa80000,0x00000000ec900000,0x00000000ec900000)
  from space 8704K, 99% used [0x00000000ec900000,0x00000000ed178010,0x00000000ed180000)
  to   space 11264K, 0% used [0x00000000ef280000,0x00000000ef280000,0x00000000efd80000)
 ParOldGen       total 40960K, used 12145K [0x00000000c0000000, 0x00000000c2800000, 0x00000000eaa80000)
  object space 40960K, 29% used [0x00000000c0000000,0x00000000c0bdc620,0x00000000c2800000)
 PSPermGen       total 21504K, used 6242K [0x00000000b5a00000, 0x00000000b6f00000, 0x00000000c0000000)
  object space 21504K, 29% used [0x00000000b5a00000,0x00000000b6018840,0x00000000b6f00000)
Event: 13,062 GC heap after
Heap after GC invocations=8 (full 0):
 PSYoungGen      total 70656K, used 11232K [0x00000000eaa80000, 0x00000000f0380000, 0x0000000100000000)
  eden space 59392K, 0% used [0x00000000eaa80000,0x00000000eaa80000,0x00000000ee480000)
  from space 11264K, 99% used [0x00000000ef280000,0x00000000efd78010,0x00000000efd80000)
  to   space 14336K, 0% used [0x00000000ee480000,0x00000000ee480000,0x00000000ef280000)
 ParOldGen       total 40960K, used 14758K [0x00000000c0000000, 0x00000000c2800000, 0x00000000eaa80000)
  object space 40960K, 36% used [0x00000000c0000000,0x00000000c0e69ad0,0x00000000c2800000)
 PSPermGen       total 21504K, used 6242K [0x00000000b5a00000, 0x00000000b6f00000, 0x00000000c0000000)
  object space 21504K, 29% used [0x00000000b5a00000,0x00000000b6018840,0x00000000b6f00000)
}
Event: 21,159 GC heap before
{Heap before GC invocations=9 (full 0):
 PSYoungGen      total 70656K, used 70624K [0x00000000eaa80000, 0x00000000f0380000, 0x0000000100000000)
  eden space 59392K, 100% used [0x00000000eaa80000,0x00000000ee480000,0x00000000ee480000)
  from space 11264K, 99% used [0x00000000ef280000,0x00000000efd78010,0x00000000efd80000)
  to   space 14336K, 0% used [0x00000000ee480000,0x00000000ee480000,0x00000000ef280000)
 ParOldGen       total 40960K, used 14758K [0x00000000c0000000, 0x00000000c2800000, 0x00000000eaa80000)
  object space 40960K, 36% used [0x00000000c0000000,0x00000000c0e69ad0,0x00000000c2800000)
 PSPermGen       total 21504K, used 6282K [0x00000000b5a00000, 0x00000000b6f00000, 0x00000000c0000000)
  object space 21504K, 29% used [0x00000000b5a00000,0x00000000b60228e0,0x00000000b6f00000)

Deoptimization events (10 events):
Event: 4,821 Thread 0x00007fd08c1b1800 Uncommon trap: reason=class_check action=maybe_recompile pc=0x00007fd08866ac18 method=java.util.HashMap.put(Ljava/lang/Object;Ljava/lang/Object;)Ljava/lang/Object; @ 83
Event: 9,382 Thread 0x00007fd08c1b0000 Uncommon trap: reason=unstable_if action=reinterpret pc=0x00007fd08865ca34 method=com.android.dx.util.IntList.binarysearch(I)I @ 105
Event: 10,233 Thread 0x00007fd08c00a800 Uncommon trap: reason=null_check action=make_not_entrant pc=0x00007fd0886eed50 method=com.android.dx.rop.type.Type.putIntern(Lcom/android/dx/rop/type/Type;)Lcom/android/dx/rop/type/Type; @ 18
Event: 13,775 Thread 0x00007fd08c00a800 Uncommon trap: reason=unstable_if action=reinterpret pc=0x00007fd08870428c method=com.android.dx.cf.code.Ropper.addOrReplaceBlock(Lcom/android/dx/rop/code/BasicBlock;Lcom/android/dx/util/IntList;)Z @ 24
Event: 17,427 Thread 0x00007fd08c1b1800 Uncommon trap: reason=unstable_if action=reinterpret pc=0x00007fd0886cd06c method=com.android.dx.ssa.SCCP.simulateStmt(Lcom/android/dx/ssa/SsaInsn;)V @ 53
Event: 18,778 Thread 0x00007fd08c1b1800 Uncommon trap: reason=bimorphic action=maybe_recompile pc=0x00007fd0886da85c method=com.android.dx.ssa.SCCP.simulatePhi(Lcom/android/dx/ssa/PhiInsn;)V @ 124
Event: 18,778 Thread 0x00007fd08c1b1800 Uncommon trap: reason=bimorphic action=maybe_recompile pc=0x00007fd0886a6f7c method=com.android.dx.ssa.SCCP.simulatePhi(Lcom/android/dx/ssa/PhiInsn;)V @ 124
Event: 18,829 Thread 0x00007fd08c1b1800 Uncommon trap: reason=bimorphic action=maybe_recompile pc=0x00007fd0886da85c method=com.android.dx.ssa.SCCP.simulatePhi(Lcom/android/dx/ssa/PhiInsn;)V @ 124
Event: 18,829 Thread 0x00007fd08c1b1800 Uncommon trap: reason=bimorphic action=maybe_recompile pc=0x00007fd0886a6f7c method=com.android.dx.ssa.SCCP.simulatePhi(Lcom/android/dx/ssa/PhiInsn;)V @ 124
Event: 20,797 Thread 0x00007fd08c1ae000 Uncommon trap: reason=bimorphic action=maybe_recompile pc=0x00007fd0886da85c method=com.android.dx.ssa.SCCP.simulatePhi(Lcom/android/dx/ssa/PhiInsn;)V @ 124

Internal exceptions (10 events):
Event: 1,380 Thread 0x00007fd08c00a800 Threw 0x00000000eb502ce8 at /build/openjdk-7-2FOwCu/openjdk-7-7u95-2.6.4/build/openjdk/hotspot/src/share/vm/prims/jvm.cpp:1322
Event: 1,407 Thread 0x00007fd08c1ae000 Threw 0x00000000eb4f3d80 at /build/openjdk-7-2FOwCu/openjdk-7-7u95-2.6.4/build/openjdk/hotspot/src/share/vm/prims/jvm.cpp:1322
Event: 3,203 Thread 0x00007fd08c00a800 Implicit null exception at 0x00007fd08867b7ec to 0x00007fd08867ca7d
Event: 3,591 Thread 0x00007fd08c1a9000 Implicit null exception at 0x00007fd08864b512 to 0x00007fd08864b615
Event: 3,729 Thread 0x00007fd08c1ae000 Threw 0x00000000eaae4460 at /build/openjdk-7-2FOwCu/openjdk-7-7u95-2.6.4/build/openjdk/hotspot/src/share/vm/prims/jvm.cpp:1322
Event: 4,595 Thread 0x00007fd08c00a800 Threw 0x00000000eb000360 at /build/openjdk-7-2FOwCu/openjdk-7-7u95-2.6.4/build/openjdk/hotspot/src/share/vm/prims/jvm.cpp:1322
Event: 4,731 Thread 0x00007fd08c00a800 Threw 0x00000000eb26aa98 at /build/openjdk-7-2FOwCu/openjdk-7-7u95-2.6.4/build/openjdk/hotspot/src/share/vm/prims/jvm.cpp:1322
Event: 6,486 Thread 0x00007fd08c1ae000 Threw 0x00000000eaadd368 at /build/openjdk-7-2FOwCu/openjdk-7-7u95-2.6.4/build/openjdk/hotspot/src/share/vm/prims/jvm.cpp:1322
Event: 10,233 Thread 0x00007fd08c00a800 Implicit null exception at 0x00007fd0886ee657 to 0x00007fd0886eed41
Event: 19,696 Thread 0x00007fd08c00a800 Threw 0x00000000ed29bc30 at /build/openjdk-7-2FOwCu/openjdk-7-7u95-2.6.4/build/openjdk/hotspot/src/share/vm/prims/jvm.cpp:1322

Events (10 events):
Event: 19,564 Thread 0x00007fd08c0aa800 flushing nmethod 0x00007fd08866a310
Event: 19,696 loading class 0x00007fd08c116e60
Event: 19,696 loading class 0x00007fd08c116e60 done
Event: 20,032 Thread 0x00007fd08c0ad800 flushing nmethod 0x00007fd088688390
Event: 20,049 Thread 0x00007fd08c0ad800 flushing nmethod 0x00007fd088690310
Event: 20,049 Thread 0x00007fd08c0ad800 flushing nmethod 0x00007fd08869c050
Event: 20,797 Thread 0x00007fd08c1ae000 Uncommon trap: trap_request=0xffffffc6 fr.pc=0x00007fd0886da85c
Event: 20,797 Thread 0x00007fd08c1ae000 DEOPT PACKING pc=0x00007fd0886da85c sp=0x00007fd065a28220
Event: 20,801 Thread 0x00007fd08c1ae000 DEOPT UNPACKING pc=0x00007fd0885f4445 sp=0x00007fd065a28110 mode 2
Event: 21,154 Executing VM operation: ParallelGCFailedAllocation


Dynamic libraries:
00400000-00401000 r-xp 00000000 08:06 1454669                            /usr/lib/jvm/java-7-openjdk-amd64/jre/bin/java
00600000-00601000 r--p 00000000 08:06 1454669                            /usr/lib/jvm/java-7-openjdk-amd64/jre/bin/java
00601000-00602000 rw-p 00001000 08:06 1454669                            /usr/lib/jvm/java-7-openjdk-amd64/jre/bin/java
02166000-02187000 rw-p 00000000 00:00 0                                  [heap]
b5a00000-b6f00000 rw-p 00000000 00:00 0 
b6f00000-c0000000 rw-p 00000000 00:00 0 
c0000000-c2800000 rw-p 00000000 00:00 0 
c2800000-eaa80000 rw-p 00000000 00:00 0 
eaa80000-f0380000 rw-p 00000000 00:00 0 
f2d80000-100000000 rw-p 00000000 00:00 0 
7fd038000000-7fd038031000 rw-p 00000000 00:00 0 
7fd038031000-7fd03c000000 ---p 00000000 00:00 0 
7fd040000000-7fd040024000 rw-p 00000000 00:00 0 
7fd040024000-7fd044000000 ---p 00000000 00:00 0 
7fd044000000-7fd044021000 rw-p 00000000 00:00 0 
7fd044021000-7fd048000000 ---p 00000000 00:00 0 
7fd048000000-7fd04802b000 rw-p 00000000 00:00 0 
7fd04802b000-7fd04c000000 ---p 00000000 00:00 0 
7fd04c000000-7fd04c021000 rw-p 00000000 00:00 0 
7fd04c021000-7fd050000000 ---p 00000000 00:00 0 
7fd050000000-7fd050021000 rw-p 00000000 00:00 0 
7fd050021000-7fd054000000 ---p 00000000 00:00 0 
7fd054000000-7fd054021000 rw-p 00000000 00:00 0 
7fd054021000-7fd058000000 ---p 00000000 00:00 0 
7fd058000000-7fd0596f9000 rw-p 00000000 00:00 0 
7fd0596f9000-7fd05c000000 ---p 00000000 00:00 0 
7fd05c000000-7fd05d080000 rw-p 00000000 00:00 0 
7fd05d080000-7fd060000000 ---p 00000000 00:00 0 
7fd060000000-7fd060021000 rw-p 00000000 00:00 0 
7fd060021000-7fd064000000 ---p 00000000 00:00 0 
7fd065727000-7fd06572a000 ---p 00000000 00:00 0 
7fd06572a000-7fd065828000 rw-p 00000000 00:00 0                          [stack:9640]
7fd065828000-7fd06582b000 ---p 00000000 00:00 0 
7fd06582b000-7fd065929000 rw-p 00000000 00:00 0                          [stack:9639]
7fd065929000-7fd06592c000 ---p 00000000 00:00 0 
7fd06592c000-7fd065a2a000 rw-p 00000000 00:00 0                          [stack:9638]
7fd065a2a000-7fd065a2d000 ---p 00000000 00:00 0 
7fd065a2d000-7fd065b2b000 rw-p 00000000 00:00 0                          [stack:9637]
7fd065b2b000-7fd065b2e000 ---p 00000000 00:00 0 
7fd065b2e000-7fd065c2c000 rw-p 00000000 00:00 0                          [stack:9636]
7fd065c2c000-7fd065c69000 r-xp 00000000 08:06 130821                     /lib/x86_64-linux-gnu/libpcre.so.3.13.1
7fd065c69000-7fd065e68000 ---p 0003d000 08:06 130821                     /lib/x86_64-linux-gnu/libpcre.so.3.13.1
7fd065e68000-7fd065e69000 r--p 0003c000 08:06 130821                     /lib/x86_64-linux-gnu/libpcre.so.3.13.1
7fd065e69000-7fd065e6a000 rw-p 0003d000 08:06 130821                     /lib/x86_64-linux-gnu/libpcre.so.3.13.1
7fd065e6a000-7fd065e71000 r-xp 00000000 08:06 1447540                    /usr/lib/x86_64-linux-gnu/libffi.so.6.0.1
7fd065e71000-7fd066070000 ---p 00007000 08:06 1447540                    /usr/lib/x86_64-linux-gnu/libffi.so.6.0.1
7fd066070000-7fd066071000 r--p 00006000 08:06 1447540                    /usr/lib/x86_64-linux-gnu/libffi.so.6.0.1
7fd066071000-7fd066072000 rw-p 00007000 08:06 1447540                    /usr/lib/x86_64-linux-gnu/libffi.so.6.0.1
7fd066072000-7fd066089000 r-xp 00000000 08:06 134868                     /lib/x86_64-linux-gnu/libresolv-2.19.so
7fd066089000-7fd066289000 ---p 00017000 08:06 134868                     /lib/x86_64-linux-gnu/libresolv-2.19.so
7fd066289000-7fd06628a000 r--p 00017000 08:06 134868                     /lib/x86_64-linux-gnu/libresolv-2.19.so
7fd06628a000-7fd06628b000 rw-p 00018000 08:06 134868                     /lib/x86_64-linux-gnu/libresolv-2.19.so
7fd06628b000-7fd06628d000 rw-p 00000000 00:00 0 
7fd06628d000-7fd0662ad000 r-xp 00000000 08:06 135079                     /lib/x86_64-linux-gnu/libselinux.so.1
7fd0662ad000-7fd0664ac000 ---p 00020000 08:06 135079                     /lib/x86_64-linux-gnu/libselinux.so.1
7fd0664ac000-7fd0664ad000 r--p 0001f000 08:06 135079                     /lib/x86_64-linux-gnu/libselinux.so.1
7fd0664ad000-7fd0664ae000 rw-p 00020000 08:06 135079                     /lib/x86_64-linux-gnu/libselinux.so.1
7fd0664ae000-7fd0664b0000 rw-p 00000000 00:00 0 
7fd0664b0000-7fd0664b3000 r-xp 00000000 08:06 1439340                    /usr/lib/x86_64-linux-gnu/libgmodule-2.0.so.0.4002.0
7fd0664b3000-7fd0666b2000 ---p 00003000 08:06 1439340                    /usr/lib/x86_64-linux-gnu/libgmodule-2.0.so.0.4002.0
7fd0666b2000-7fd0666b3000 r--p 00002000 08:06 1439340                    /usr/lib/x86_64-linux-gnu/libgmodule-2.0.so.0.4002.0
7fd0666b3000-7fd0666b4000 rw-p 00003000 08:06 1439340                    /usr/lib/x86_64-linux-gnu/libgmodule-2.0.so.0.4002.0
7fd0666b4000-7fd0667ba000 r-xp 00000000 08:06 134871                     /lib/x86_64-linux-gnu/libglib-2.0.so.0.4002.0
7fd0667ba000-7fd0669b9000 ---p 00106000 08:06 134871                     /lib/x86_64-linux-gnu/libglib-2.0.so.0.4002.0
7fd0669b9000-7fd0669ba000 r--p 00105000 08:06 134871                     /lib/x86_64-linux-gnu/libglib-2.0.so.0.4002.0
7fd0669ba000-7fd0669bb000 rw-p 00106000 08:06 134871                     /lib/x86_64-linux-gnu/libglib-2.0.so.0.4002.0
7fd0669bb000-7fd0669bc000 rw-p 00000000 00:00 0 
7fd0669bc000-7fd066a0b000 r-xp 00000000 08:06 1439358                    /usr/lib/x86_64-linux-gnu/libgobject-2.0.so.0.4002.0
7fd066a0b000-7fd066c0b000 ---p 0004f000 08:06 1439358                    /usr/lib/x86_64-linux-gnu/libgobject-2.0.so.0.4002.0
7fd066c0b000-7fd066c0c000 r--p 0004f000 08:06 1439358                    /usr/lib/x86_64-linux-gnu/libgobject-2.0.so.0.4002.0
7fd066c0c000-7fd066c0d000 rw-p 00050000 08:06 1439358                    /usr/lib/x86_64-linux-gnu/libgobject-2.0.so.0.4002.0
7fd066c0d000-7fd066d79000 r-xp 00000000 08:06 1439362                    /usr/lib/x86_64-linux-gnu/libgio-2.0.so.0.4002.0
7fd066d79000-7fd066f78000 ---p 0016c000 08:06 1439362                    /usr/lib/x86_64-linux-gnu/libgio-2.0.so.0.4002.0
7fd066f78000-7fd066f7c000 r--p 0016b000 08:06 1439362                    /usr/lib/x86_64-linux-gnu/libgio-2.0.so.0.4002.0
7fd066f7c000-7fd066f7e000 rw-p 0016f000 08:06 1439362                    /usr/lib/x86_64-linux-gnu/libgio-2.0.so.0.4002.0
7fd066f7e000-7fd066f80000 rw-p 00000000 00:00 0 
7fd066f80000-7fd066f97000 r-xp 00000000 08:06 1489830                    /usr/lib/jvm/java-7-openjdk-amd64/jre/lib/amd64/libnet.so
7fd066f97000-7fd067196000 ---p 00017000 08:06 1489830                    /usr/lib/jvm/java-7-openjdk-amd64/jre/lib/amd64/libnet.so
7fd067196000-7fd067197000 r--p 00016000 08:06 1489830                    /usr/lib/jvm/java-7-openjdk-amd64/jre/lib/amd64/libnet.so
7fd067197000-7fd067198000 rw-p 00017000 08:06 1489830                    /usr/lib/jvm/java-7-openjdk-amd64/jre/lib/amd64/libnet.so
7fd067198000-7fd0671a8000 r-xp 00000000 08:06 1489812                    /usr/lib/jvm/java-7-openjdk-amd64/jre/lib/amd64/libnio.so
7fd0671a8000-7fd0673a8000 ---p 00010000 08:06 1489812                    /usr/lib/jvm/java-7-openjdk-amd64/jre/lib/amd64/libnio.so
7fd0673a8000-7fd0673a9000 r--p 00010000 08:06 1489812                    /usr/lib/jvm/java-7-openjdk-amd64/jre/lib/amd64/libnio.so
7fd0673a9000-7fd0673aa000 rw-p 00011000 08:06 1489812                    /usr/lib/jvm/java-7-openjdk-amd64/jre/lib/amd64/libnio.so
7fd0673aa000-7fd0673ab000 ---p 00000000 00:00 0 
7fd0673ab000-7fd0674ab000 rw-p 00000000 00:00 0                          [stack:9609]
7fd0674ab000-7fd0674ae000 ---p 00000000 00:00 0 
7fd0674ae000-7fd0675ac000 rw-p 00000000 00:00 0                          [stack:9606]
7fd0675ac000-7fd0675af000 ---p 00000000 00:00 0 
7fd0675af000-7fd0676ad000 rw-p 00000000 00:00 0                          [stack:9603]
7fd0676ad000-7fd0676b0000 ---p 00000000 00:00 0 
7fd0676b0000-7fd0677ae000 rw-p 00000000 00:00 0                          [stack:9602]
7fd0677ae000-7fd068000000 r--p 00000000 08:06 1447082                    /usr/lib/locale/locale-archive
7fd068000000-7fd068021000 rw-p 00000000 00:00 0 
7fd068021000-7fd06c000000 ---p 00000000 00:00 0 
7fd06c000000-7fd06c021000 rw-p 00000000 00:00 0 
7fd06c021000-7fd070000000 ---p 00000000 00:00 0 
7fd070000000-7fd070021000 rw-p 00000000 00:00 0 
7fd070021000-7fd074000000 ---p 00000000 00:00 0 
7fd074000000-7fd074021000 rw-p 00000000 00:00 0 
7fd074021000-7fd078000000 ---p 00000000 00:00 0 
7fd078000000-7fd078021000 rw-p 00000000 00:00 0 
7fd078021000-7fd07c000000 ---p 00000000 00:00 0 
7fd07c000000-7fd07c021000 rw-p 00000000 00:00 0 
7fd07c021000-7fd080000000 ---p 00000000 00:00 0 
7fd080000000-7fd080021000 rw-p 00000000 00:00 0 
7fd080021000-7fd084000000 ---p 00000000 00:00 0 
7fd084031000-7fd084062000 rw-p 00000000 00:00 0 
7fd08407e000-7fd084094000 r--s 000f0000 08:06 3245242                    /home/tulin/AndroidStudioProjects/CamApp/app/build/intermediates/exploded-aar/com.android.support/support-v4/23.2.0/jars/classes.jar
7fd084094000-7fd0840a3000 r--s 000df000 08:06 3216701                    /home/tulin/Android/Sdk/build-tools/23.0.2/lib/dx.jar
7fd0840a3000-7fd0840a6000 ---p 00000000 00:00 0 
7fd0840a6000-7fd0841a4000 rw-p 00000000 00:00 0                          [stack:9601]
7fd0841a4000-7fd0841a7000 ---p 00000000 00:00 0 
7fd0841a7000-7fd0842a5000 rw-p 00000000 00:00 0                          [stack:9599]
7fd0842a5000-7fd0842a8000 ---p 00000000 00:00 0 
7fd0842a8000-7fd0843a6000 rw-p 00000000 00:00 0                          [stack:9596]
7fd0843a6000-7fd0843a7000 ---p 00000000 00:00 0 
7fd0843a7000-7fd085462000 rw-p 00000000 00:00 0                          [stack:9592]
7fd085462000-7fd085614000 r--s 01d2f000 08:06 1489796                    /usr/lib/jvm/java-7-openjdk-amd64/jre/lib/rt.jar
7fd085614000-7fd087e0d000 rw-p 00000000 00:00 0 
7fd087e0d000-7fd087e0e000 ---p 00000000 00:00 0 
7fd087e0e000-7fd087f0e000 rw-p 00000000 00:00 0                          [stack:9587]
7fd087f0e000-7fd087f0f000 ---p 00000000 00:00 0 
7fd087f0f000-7fd08800f000 rw-p 00000000 00:00 0                          [stack:9585]
7fd08800f000-7fd088010000 ---p 00000000 00:00 0 
7fd088010000-7fd088110000 rw-p 00000000 00:00 0                          [stack:9584]
7fd088110000-7fd088111000 ---p 00000000 00:00 0 
7fd088111000-7fd088225000 rw-p 00000000 00:00 0                          [stack:9576]
7fd088225000-7fd088367000 rw-p 00000000 00:00 0 
7fd088367000-7fd088372000 rw-p 00000000 00:00 0 
7fd088372000-7fd0883ba000 rw-p 00000000 00:00 0 
7fd0883ba000-7fd0883ce000 rw-p 00000000 00:00 0 
7fd0883ce000-7fd08850f000 rw-p 00000000 00:00 0 
7fd08850f000-7fd08853c000 rw-p 00000000 00:00 0 
7fd08853c000-7fd0885ba000 rw-p 00000000 00:00 0 
7fd0885ba000-7fd0885bb000 rw-p 00000000 00:00 0 
7fd0885bb000-7fd08882b000 rwxp 00000000 00:00 0 
7fd08882b000-7fd08b5bb000 rw-p 00000000 00:00 0 
7fd08b5bb000-7fd08b5c3000 r-xp 00000000 08:06 1489805                    /usr/lib/jvm/java-7-openjdk-amd64/jre/lib/amd64/libzip.so
7fd08b5c3000-7fd08b7c2000 ---p 00008000 08:06 1489805                    /usr/lib/jvm/java-7-openjdk-amd64/jre/lib/amd64/libzip.so
7fd08b7c2000-7fd08b7c3000 r--p 00007000 08:06 1489805                    /usr/lib/jvm/java-7-openjdk-amd64/jre/lib/amd64/libzip.so
7fd08b7c3000-7fd08b7c4000 rw-p 00008000 08:06 1489805                    /usr/lib/jvm/java-7-openjdk-amd64/jre/lib/amd64/libzip.so
7fd08b7c4000-7fd08b7cf000 r-xp 00000000 08:06 184225                     /lib/x86_64-linux-gnu/libnss_files-2.19.so
7fd08b7cf000-7fd08b9ce000 ---p 0000b000 08:06 184225                     /lib/x86_64-linux-gnu/libnss_files-2.19.so
7fd08b9ce000-7fd08b9cf000 r--p 0000a000 08:06 184225                     /lib/x86_64-linux-gnu/libnss_files-2.19.so
7fd08b9cf000-7fd08b9d0000 rw-p 0000b000 08:06 184225                     /lib/x86_64-linux-gnu/libnss_files-2.19.so
7fd08b9d0000-7fd08b9db000 r-xp 00000000 08:06 145746                     /lib/x86_64-linux-gnu/libnss_nis-2.19.so
7fd08b9db000-7fd08bbda000 ---p 0000b000 08:06 145746                     /lib/x86_64-linux-gnu/libnss_nis-2.19.so
7fd08bbda000-7fd08bbdb000 r--p 0000a000 08:06 145746                     /lib/x86_64-linux-gnu/libnss_nis-2.19.so
7fd08bbdb000-7fd08bbdc000 rw-p 0000b000 08:06 145746                     /lib/x86_64-linux-gnu/libnss_nis-2.19.so
7fd08bbdc000-7fd08bbf3000 r-xp 00000000 08:06 145742                     /lib/x86_64-linux-gnu/libnsl-2.19.so
7fd08bbf3000-7fd08bdf2000 ---p 00017000 08:06 145742                     /lib/x86_64-linux-gnu/libnsl-2.19.so
7fd08bdf2000-7fd08bdf3000 r--p 00016000 08:06 145742                     /lib/x86_64-linux-gnu/libnsl-2.19.so
7fd08bdf3000-7fd08bdf4000 rw-p 00017000 08:06 145742                     /lib/x86_64-linux-gnu/libnsl-2.19.so
7fd08bdf4000-7fd08bdf6000 rw-p 00000000 00:00 0 
7fd08bdf6000-7fd08bdff000 r-xp 00000000 08:06 145741                     /lib/x86_64-linux-gnu/libnss_compat-2.19.so
7fd08bdff000-7fd08bffe000 ---p 00009000 08:06 145741                     /lib/x86_64-linux-gnu/libnss_compat-2.19.so
7fd08bffe000-7fd08bfff000 r--p 00008000 08:06 145741                     /lib/x86_64-linux-gnu/libnss_compat-2.19.so
7fd08bfff000-7fd08c000000 rw-p 00009000 08:06 145741                     /lib/x86_64-linux-gnu/libnss_compat-2.19.so
7fd08c000000-7fd08c202000 rw-p 00000000 00:00 0 
7fd08c202000-7fd090000000 ---p 00000000 00:00 0 
7fd090004000-7fd0900d4000 rw-p 00000000 00:00 0 
7fd0900d4000-7fd09011c000 rw-p 00000000 00:00 0 
7fd09011c000-7fd090147000 r-xp 00000000 08:06 1489826                    /usr/lib/jvm/java-7-openjdk-amd64/jre/lib/amd64/libjava.so
7fd090147000-7fd090347000 ---p 0002b000 08:06 1489826                    /usr/lib/jvm/java-7-openjdk-amd64/jre/lib/amd64/libjava.so
7fd090347000-7fd090348000 r--p 0002b000 08:06 1489826                    /usr/lib/jvm/java-7-openjdk-amd64/jre/lib/amd64/libjava.so
7fd090348000-7fd09034a000 rw-p 0002c000 08:06 1489826                    /usr/lib/jvm/java-7-openjdk-amd64/jre/lib/amd64/libjava.so
7fd09034a000-7fd09035a000 r-xp 00000000 08:06 1489810                    /usr/lib/jvm/java-7-openjdk-amd64/jre/lib/amd64/libverify.so
7fd09035a000-7fd090559000 ---p 00010000 08:06 1489810                    /usr/lib/jvm/java-7-openjdk-amd64/jre/lib/amd64/libverify.so
7fd090559000-7fd09055b000 r--p 0000f000 08:06 1489810                    /usr/lib/jvm/java-7-openjdk-amd64/jre/lib/amd64/libverify.so
7fd09055b000-7fd09055c000 rw-p 00011000 08:06 1489810                    /usr/lib/jvm/java-7-openjdk-amd64/jre/lib/amd64/libverify.so
7fd09055c000-7fd090563000 r-xp 00000000 08:06 148472                     /lib/x86_64-linux-gnu/librt-2.19.so
7fd090563000-7fd090762000 ---p 00007000 08:06 148472                     /lib/x86_64-linux-gnu/librt-2.19.so
7fd090762000-7fd090763000 r--p 00006000 08:06 148472                     /lib/x86_64-linux-gnu/librt-2.19.so
7fd090763000-7fd090764000 rw-p 00007000 08:06 148472                     /lib/x86_64-linux-gnu/librt-2.19.so
7fd090764000-7fd09077a000 r-xp 00000000 08:06 131070                     /lib/x86_64-linux-gnu/libgcc_s.so.1
7fd09077a000-7fd090979000 ---p 00016000 08:06 131070                     /lib/x86_64-linux-gnu/libgcc_s.so.1
7fd090979000-7fd09097a000 rw-p 00015000 08:06 131070                     /lib/x86_64-linux-gnu/libgcc_s.so.1
7fd09097a000-7fd090a7f000 r-xp 00000000 08:06 135048                     /lib/x86_64-linux-gnu/libm-2.19.so
7fd090a7f000-7fd090c7e000 ---p 00105000 08:06 135048                     /lib/x86_64-linux-gnu/libm-2.19.so
7fd090c7e000-7fd090c7f000 r--p 00104000 08:06 135048                     /lib/x86_64-linux-gnu/libm-2.19.so
7fd090c7f000-7fd090c80000 rw-p 00105000 08:06 135048                     /lib/x86_64-linux-gnu/libm-2.19.so
7fd090c80000-7fd090d66000 r-xp 00000000 08:06 1439330                    /usr/lib/x86_64-linux-gnu/libstdc++.so.6.0.19
7fd090d66000-7fd090f65000 ---p 000e6000 08:06 1439330                    /usr/lib/x86_64-linux-gnu/libstdc++.so.6.0.19
7fd090f65000-7fd090f6d000 r--p 000e5000 08:06 1439330                    /usr/lib/x86_64-linux-gnu/libstdc++.so.6.0.19
7fd090f6d000-7fd090f6f000 rw-p 000ed000 08:06 1439330                    /usr/lib/x86_64-linux-gnu/libstdc++.so.6.0.19
7fd090f6f000-7fd090f84000 rw-p 00000000 00:00 0 
7fd090f84000-7fd091aa9000 r-xp 00000000 08:06 1489806                    /usr/lib/jvm/java-7-openjdk-amd64/jre/lib/amd64/server/libjvm.so
7fd091aa9000-7fd091ca9000 ---p 00b25000 08:06 1489806                    /usr/lib/jvm/java-7-openjdk-amd64/jre/lib/amd64/server/libjvm.so
7fd091ca9000-7fd091d43000 r--p 00b25000 08:06 1489806                    /usr/lib/jvm/java-7-openjdk-amd64/jre/lib/amd64/server/libjvm.so
7fd091d43000-7fd091d66000 rw-p 00bbf000 08:06 1489806                    /usr/lib/jvm/java-7-openjdk-amd64/jre/lib/amd64/server/libjvm.so
7fd091d66000-7fd091d94000 rw-p 00000000 00:00 0 
7fd091d94000-7fd091dac000 r-xp 00000000 08:06 135112                     /lib/x86_64-linux-gnu/libz.so.1.2.8
7fd091dac000-7fd091fab000 ---p 00018000 08:06 135112                     /lib/x86_64-linux-gnu/libz.so.1.2.8
7fd091fab000-7fd091fac000 r--p 00017000 08:06 135112                     /lib/x86_64-linux-gnu/libz.so.1.2.8
7fd091fac000-7fd091fad000 rw-p 00018000 08:06 135112                     /lib/x86_64-linux-gnu/libz.so.1.2.8
7fd091fad000-7fd091fc6000 r-xp 00000000 08:06 145743                     /lib/x86_64-linux-gnu/libpthread-2.19.so
7fd091fc6000-7fd0921c5000 ---p 00019000 08:06 145743                     /lib/x86_64-linux-gnu/libpthread-2.19.so
7fd0921c5000-7fd0921c6000 r--p 00018000 08:06 145743                     /lib/x86_64-linux-gnu/libpthread-2.19.so
7fd0921c6000-7fd0921c7000 rw-p 00019000 08:06 145743                     /lib/x86_64-linux-gnu/libpthread-2.19.so
7fd0921c7000-7fd0921cb000 rw-p 00000000 00:00 0 
7fd0921cb000-7fd0921ce000 r-xp 00000000 08:06 145738                     /lib/x86_64-linux-gnu/libdl-2.19.so
7fd0921ce000-7fd0923cd000 ---p 00003000 08:06 145738                     /lib/x86_64-linux-gnu/libdl-2.19.so
7fd0923cd000-7fd0923ce000 r--p 00002000 08:06 145738                     /lib/x86_64-linux-gnu/libdl-2.19.so
7fd0923ce000-7fd0923cf000 rw-p 00003000 08:06 145738                     /lib/x86_64-linux-gnu/libdl-2.19.so
7fd0923cf000-7fd09258a000 r-xp 00000000 08:06 148473                     /lib/x86_64-linux-gnu/libc-2.19.so
7fd09258a000-7fd092789000 ---p 001bb000 08:06 148473                     /lib/x86_64-linux-gnu/libc-2.19.so
7fd092789000-7fd09278d000 r--p 001ba000 08:06 148473                     /lib/x86_64-linux-gnu/libc-2.19.so
7fd09278d000-7fd09278f000 rw-p 001be000 08:06 148473                     /lib/x86_64-linux-gnu/libc-2.19.so
7fd09278f000-7fd092794000 rw-p 00000000 00:00 0 
7fd092794000-7fd0927a1000 r-xp 00000000 08:06 1489800                    /usr/lib/jvm/java-7-openjdk-amd64/jre/lib/amd64/jli/libjli.so
7fd0927a1000-7fd0929a0000 ---p 0000d000 08:06 1489800                    /usr/lib/jvm/java-7-openjdk-amd64/jre/lib/amd64/jli/libjli.so
7fd0929a0000-7fd0929a1000 r--p 0000c000 08:06 1489800                    /usr/lib/jvm/java-7-openjdk-amd64/jre/lib/amd64/jli/libjli.so
7fd0929a1000-7fd0929a2000 rw-p 0000d000 08:06 1489800                    /usr/lib/jvm/java-7-openjdk-amd64/jre/lib/amd64/jli/libjli.so
7fd0929a2000-7fd0929c5000 r-xp 00000000 08:06 145744                     /lib/x86_64-linux-gnu/ld-2.19.so
7fd0929c5000-7fd0929c8000 r--s 0000f000 08:06 1489840                    /usr/lib/jvm/java-7-openjdk-amd64/jre/lib/ext/icedtea-sound.jar
7fd0929c8000-7fd0929ea000 rw-p 00000000 00:00 0 
7fd0929ea000-7fd092aa0000 rw-p 00000000 00:00 0 
7fd092aa0000-7fd092aa3000 ---p 00000000 00:00 0 
7fd092aa3000-7fd092ba7000 rw-p 00000000 00:00 0                          [stack:9572]
7fd092ba7000-7fd092ba9000 r--s 00012000 08:06 1489837                    /usr/lib/jvm/java-7-openjdk-amd64/jre/lib/ext/zipfs.jar
7fd092ba9000-7fd092baa000 r--s 00002000 08:06 1489839                    /usr/lib/jvm/java-7-openjdk-amd64/jre/lib/ext/dnsns.jar
7fd092baa000-7fd092bac000 r--s 00006000 08:06 1840524                    /usr/share/java/java-atk-wrapper.jar
7fd092bac000-7fd092bb0000 r--s 0003c000 08:06 1489838                    /usr/lib/jvm/java-7-openjdk-amd64/jre/lib/ext/sunpkcs11.jar
7fd092bb0000-7fd092bb4000 r--s 00034000 08:06 1489836                    /usr/lib/jvm/java-7-openjdk-amd64/jre/lib/ext/sunjce_provider.jar
7fd092bb4000-7fd092bb8000 r--s 00085000 08:06 1489835                    /usr/lib/jvm/java-7-openjdk-amd64/jre/lib/ext/localedata.jar
7fd092bb8000-7fd092bc0000 rw-s 00000000 08:06 1840845                    /tmp/hsperfdata_tulin/9564
7fd092bc0000-7fd092bc1000 rw-p 00000000 00:00 0 
7fd092bc1000-7fd092bc2000 ---p 00000000 00:00 0 
7fd092bc2000-7fd092bc4000 rw-p 00000000 00:00 0 
7fd092bc4000-7fd092bc5000 r--p 00022000 08:06 145744                     /lib/x86_64-linux-gnu/ld-2.19.so
7fd092bc5000-7fd092bc6000 rw-p 00023000 08:06 145744                     /lib/x86_64-linux-gnu/ld-2.19.so
7fd092bc6000-7fd092bc7000 rw-p 00000000 00:00 0 
7ffc11859000-7ffc1187a000 rw-p 00000000 00:00 0                          [stack]
7ffc118f4000-7ffc118f6000 r-xp 00000000 00:00 0                          [vdso]
ffffffffff600000-ffffffffff601000 r-xp 00000000 00:00 0                  [vsyscall]

VM Arguments:
jvm_args: -Djava.awt.headless=true -Xmx1024M -Dfile.encoding=UTF-8 -Duser.country=US -Duser.language=en -Duser.variant 
java_command: com.android.dx.command.Main --dex --num-threads=4 --output /home/tulin/AndroidStudioProjects/CamApp/app/build/intermediates/pre-dexed/debug/com.android.support-support-v4-23.2.0_4b1fd8c92292e56f5a1fba56278554e72cab954d.jar /home/tulin/AndroidStudioProjects/CamApp/app/build/intermediates/exploded-aar/com.android.support/support-v4/23.2.0/jars/classes.jar
Launcher Type: SUN_STANDARD

Environment Variables:
PATH=/usr/local/sbin:/usr/local/bin:/usr/sbin:/usr/bin:/sbin:/bin:/usr/games:/usr/local/games
SHELL=/bin/bash
DISPLAY=:0

Signal Handlers:
SIGSEGV: [libjvm.so+0x955bc0], sa_mask[0]=0x7ffbfeff, sa_flags=0x10000004
SIGBUS: [libjvm.so+0x955bc0], sa_mask[0]=0x7ffbfeff, sa_flags=0x10000004
SIGFPE: [libjvm.so+0x7caff0], sa_mask[0]=0x7ffbfeff, sa_flags=0x10000004
SIGPIPE: [libjvm.so+0x7caff0], sa_mask[0]=0x7ffbfeff, sa_flags=0x10000004
SIGXFSZ: [libjvm.so+0x7caff0], sa_mask[0]=0x7ffbfeff, sa_flags=0x10000004
SIGILL: [libjvm.so+0x7caff0], sa_mask[0]=0x7ffbfeff, sa_flags=0x10000004
SIGUSR1: SIG_DFL, sa_mask[0]=0x00000000, sa_flags=0x00000000
SIGUSR2: [libjvm.so+0x7cae90], sa_mask[0]=0x00000004, sa_flags=0x10000004
SIGHUP: [libjvm.so+0x7cb070], sa_mask[0]=0x7ffbfeff, sa_flags=0x10000004
SIGINT: [libjvm.so+0x7cb070], sa_mask[0]=0x7ffbfeff, sa_flags=0x10000004
SIGTERM: [libjvm.so+0x7cb070], sa_mask[0]=0x7ffbfeff, sa_flags=0x10000004
SIGQUIT: [libjvm.so+0x7cb070], sa_mask[0]=0x7ffbfeff, sa_flags=0x10000004
SIGTRAP: SIG_DFL, sa_mask[0]=0x00000000, sa_flags=0x00000000


---------------  S Y S T E M  ---------------

OS:Ubuntu 14.04 (trusty)
uname:Linux 3.13.0-79-generic #123-Ubuntu SMP Fri Feb 19 14:27:58 UTC 2016 x86_64
libc:glibc 2.19 NPTL 2.19 
rlimit: STACK 8192k, CORE 0k, NPROC 30460, NOFILE 4096, AS infinity
load average:14,02 5,22 4,49

/proc/meminfo:
MemTotal:        3946988 kB
MemFree:          169748 kB
Buffers:             516 kB
Cached:           692240 kB
SwapCached:            0 kB
Active:          2926832 kB
Inactive:         674264 kB
Active(anon):    2925360 kB
Inactive(anon):   643732 kB
Active(file):       1472 kB
Inactive(file):    30532 kB
Unevictable:          32 kB
Mlocked:              32 kB
SwapTotal:             0 kB
SwapFree:              0 kB
Dirty:                 4 kB
Writeback:             0 kB
AnonPages:       2909192 kB
Mapped:           194088 kB
Shmem:            659932 kB
Slab:              74480 kB
SReclaimable:      34920 kB
SUnreclaim:        39560 kB
KernelStack:        6368 kB
PageTables:        41668 kB
NFS_Unstable:          0 kB
Bounce:                0 kB
WritebackTmp:          0 kB
CommitLimit:     1973492 kB
Committed_AS:    8416476 kB
VmallocTotal:   34359738367 kB
VmallocUsed:      350184 kB
VmallocChunk:   34359381756 kB
HardwareCorrupted:     0 kB
AnonHugePages:   1193984 kB
HugePages_Total:       0
HugePages_Free:        0
HugePages_Rsvd:        0
HugePages_Surp:        0
Hugepagesize:       2048 kB
DirectMap4k:       66592 kB
DirectMap2M:     4028416 kB


CPU:total 4 (2 cores per cpu, 2 threads per core) family 6 model 42 stepping 7, cmov, cx8, fxsr, mmx, sse, sse2, sse3, ssse3, sse4.1, sse4.2, popcnt, avx, aes, ht, tsc, tscinvbit

/proc/cpuinfo:
processor	: 0
vendor_id	: GenuineIntel
cpu family	: 6
model		: 42
model name	: Intel(R) Core(TM) i5-2557M CPU @ 1.70GHz
stepping	: 7
microcode	: 0x1a
cpu MHz		: 1701.000
cache size	: 3072 KB
physical id	: 0
siblings	: 4
core id		: 0
cpu cores	: 2
apicid		: 0
initial apicid	: 0
fpu		: yes
fpu_exception	: yes
cpuid level	: 13
wp		: yes
flags		: fpu vme de pse tsc msr pae mce cx8 apic sep mtrr pge mca cmov pat pse36 clflush dts acpi mmx fxsr sse sse2 ss ht tm pbe syscall nx rdtscp lm constant_tsc arch_perfmon pebs bts rep_good nopl xtopology nonstop_tsc aperfmperf eagerfpu pni pclmulqdq dtes64 monitor ds_cpl vmx smx est tm2 ssse3 cx16 xtpr pdcm pcid sse4_1 sse4_2 x2apic popcnt tsc_deadline_timer aes xsave avx lahf_lm ida arat epb xsaveopt pln pts dtherm tpr_shadow vnmi flexpriority ept vpid
bogomips	: 3392.10
clflush size	: 64
cache_alignment	: 64
address sizes	: 36 bits physical, 48 bits virtual
power management:

processor	: 1
vendor_id	: GenuineIntel
cpu family	: 6
model		: 42
model name	: Intel(R) Core(TM) i5-2557M CPU @ 1.70GHz
stepping	: 7
microcode	: 0x1a
cpu MHz		: 1701.000
cache size	: 3072 KB
physical id	: 0
siblings	: 4
core id		: 1
cpu cores	: 2
apicid		: 2
initial apicid	: 2
fpu		: yes
fpu_exception	: yes
cpuid level	: 13
wp		: yes
flags		: fpu vme de pse tsc msr pae mce cx8 apic sep mtrr pge mca cmov pat pse36 clflush dts acpi mmx fxsr sse sse2 ss ht tm pbe syscall nx rdtscp lm constant_tsc arch_perfmon pebs bts rep_good nopl xtopology nonstop_tsc aperfmperf eagerfpu pni pclmulqdq dtes64 monitor ds_cpl vmx smx est tm2 ssse3 cx16 xtpr pdcm pcid sse4_1 sse4_2 x2apic popcnt tsc_deadline_timer aes xsave avx lahf_lm ida arat epb xsaveopt pln pts dtherm tpr_shadow vnmi flexpriority ept vpid
bogomips	: 3392.10
clflush size	: 64
cache_alignment	: 64
address sizes	: 36 bits physical, 48 bits virtual
power management:

processor	: 2
vendor_id	: GenuineIntel
cpu family	: 6
model		: 42
model name	: Intel(R) Core(TM) i5-2557M CPU @ 1.70GHz
stepping	: 7
microcode	: 0x1a
cpu MHz		: 1701.000
cache size	: 3072 KB
physical id	: 0
siblings	: 4
core id		: 0
cpu cores	: 2
apicid		: 1
initial apicid	: 1
fpu		: yes
fpu_exception	: yes
cpuid level	: 13
wp		: yes
flags		: fpu vme de pse tsc msr pae mce cx8 apic sep mtrr pge mca cmov pat pse36 clflush dts acpi mmx fxsr sse sse2 ss ht tm pbe syscall nx rdtscp lm constant_tsc arch_perfmon pebs bts rep_good nopl xtopology nonstop_tsc aperfmperf eagerfpu pni pclmulqdq dtes64 monitor ds_cpl vmx smx est tm2 ssse3 cx16 xtpr pdcm pcid sse4_1 sse4_2 x2apic popcnt tsc_deadline_timer aes xsave avx lahf_lm ida arat epb xsaveopt pln pts dtherm tpr_shadow vnmi flexpriority ept vpid
bogomips	: 3392.10
clflush size	: 64
cache_alignment	: 64
address sizes	: 36 bits physical, 48 bits virtual
power management:

processor	: 3
vendor_id	: GenuineIntel
cpu family	: 6
model		: 42
model name	: Intel(R) Core(TM) i5-2557M CPU @ 1.70GHz
stepping	: 7
microcode	: 0x1a
cpu MHz		: 1701.000
cache size	: 3072 KB
physical id	: 0
siblings	: 4
core id		: 1
cpu cores	: 2
apicid		: 3
initial apicid	: 3
fpu		: yes
fpu_exception	: yes
cpuid level	: 13
wp		: yes
flags		: fpu vme de pse tsc msr pae mce cx8 apic sep mtrr pge mca cmov pat pse36 clflush dts acpi mmx fxsr sse sse2 ss ht tm pbe syscall nx rdtscp lm constant_tsc arch_perfmon pebs bts rep_good nopl xtopology nonstop_tsc aperfmperf eagerfpu pni pclmulqdq dtes64 monitor ds_cpl vmx smx est tm2 ssse3 cx16 xtpr pdcm pcid sse4_1 sse4_2 x2apic popcnt tsc_deadline_timer aes xsave avx lahf_lm ida arat epb xsaveopt pln pts dtherm tpr_shadow vnmi flexpriority ept vpid
bogomips	: 3392.10
clflush size	: 64
cache_alignment	: 64
address sizes	: 36 bits physical, 48 bits virtual
power management:



Memory: 4k page, physical 3946988k(169500k free), swap 0k(0k free)

vm_info: OpenJDK 64-Bit Server VM (24.95-b01) for linux-amd64 JRE (1.7.0_95-b00), built on Jan 21 2016 03:31:40 by "buildd" with gcc 4.8.4

time: Wed Mar 23 16:01:26 2016
elapsed time: 23 seconds

