#
# There is insufficient memory for the Java Runtime Environment to continue.
# Native memory allocation (malloc) failed to allocate 101711872 bytes for committing reserved memory.
# Possible reasons:
#   The system is out of physical RAM or swap space
#   In 32 bit mode, the process size limit was hit
# Possible solutions:
#   Reduce memory load on the system
#   Increase physical memory or swap space
#   Check if swap backing store is full
#   Use 64 bit Java on a 64 bit OS
#   Decrease Java heap size (-Xmx/-Xms)
#   Decrease number of Java threads
#   Decrease Java thread stack sizes (-Xss)
#   Set larger code cache with -XX:ReservedCodeCacheSize=
# This output file may be truncated or incomplete.
#
#  Out of Memory Error (os_linux.cpp:2827), pid=11980, tid=140392418584320
#
# JRE version: OpenJDK Runtime Environment (7.0_95) (build 1.7.0_95-b00)
# Java VM: OpenJDK 64-Bit Server VM (24.95-b01 mixed mode linux-amd64 compressed oops)
# Derivative: IcedTea 2.6.4
# Distribution: Ubuntu 14.04.3 LTS, package 7u95-2.6.4-0ubuntu0.14.04.1
# Failed to write core dump. Core dumps have been disabled. To enable core dumping, try "ulimit -c unlimited" before starting Java again
#

---------------  T H R E A D  ---------------

Current thread (0x00007fafac076000):  VMThread [stack: 0x00007fafa82d2000,0x00007fafa83d3000] [id=11990]

Stack: [0x00007fafa82d2000,0x00007fafa83d3000],  sp=0x00007fafa83d1490,  free space=1021k
Native frames: (J=compiled Java code, j=interpreted, Vv=VM code, C=native code)
V  [libjvm.so+0x9550e5]
V  [libjvm.so+0x4902b4]
V  [libjvm.so+0x7cf7bb]
V  [libjvm.so+0x7ca28f]
V  [libjvm.so+0x83e56b]
V  [libjvm.so+0x82dacb]
V  [libjvm.so+0x82dc8b]
V  [libjvm.so+0x82ebb8]
V  [libjvm.so+0x835814]
V  [libjvm.so+0x83be8d]
V  [libjvm.so+0x7f1fd3]
V  [libjvm.so+0x956ae4]
V  [libjvm.so+0x95abe7]
V  [libjvm.so+0x9596a8]
V  [libjvm.so+0x959b09]
V  [libjvm.so+0x959f52]
V  [libjvm.so+0x7cc682]

VM_Operation (0x00007faf9b172130): ParallelGCFailedAllocation, mode: safepoint, requested by thread 0x00007fafac1c4000


---------------  P R O C E S S  ---------------

Java Threads: ( => current thread )
  0x00007fafac1c4000 JavaThread "pool-2-thread-4" [_thread_blocked, id=12002, stack(0x00007faf9b073000,0x00007faf9b174000)]
  0x00007fafac1c2800 JavaThread "pool-2-thread-3" [_thread_blocked, id=12001, stack(0x00007faf9b174000,0x00007faf9b275000)]
  0x00007fafac1c1000 JavaThread "pool-2-thread-2" [_thread_blocked, id=12000, stack(0x00007faf9b275000,0x00007faf9b376000)]
  0x00007fafac1c0000 JavaThread "pool-3-thread-1" [_thread_blocked, id=11999, stack(0x00007faf9b376000,0x00007faf9b477000)]
  0x00007fafac1be800 JavaThread "pool-2-thread-1" [_thread_blocked, id=11998, stack(0x00007faf9b477000,0x00007faf9b578000)]
  0x00007fafac0b0000 JavaThread "Service Thread" daemon [_thread_blocked, id=11996, stack(0x00007fafa0e7a000,0x00007fafa0f7b000)]
  0x00007fafac0ad800 JavaThread "C2 CompilerThread1" daemon [_thread_blocked, id=11995, stack(0x00007fafa0f7b000,0x00007fafa107c000)]
  0x00007fafac0aa800 JavaThread "C2 CompilerThread0" daemon [_thread_blocked, id=11994, stack(0x00007fafa107c000,0x00007fafa117d000)]
  0x00007fafac0a8800 JavaThread "Signal Dispatcher" daemon [_thread_blocked, id=11993, stack(0x00007fafa117d000,0x00007fafa127e000)]
  0x00007fafac07c000 JavaThread "Finalizer" daemon [_thread_blocked, id=11992, stack(0x00007fafa80d0000,0x00007fafa81d1000)]
  0x00007fafac07a000 JavaThread "Reference Handler" daemon [_thread_blocked, id=11991, stack(0x00007fafa81d1000,0x00007fafa82d2000)]
  0x00007fafac00a800 JavaThread "main" [_thread_blocked, id=11985, stack(0x00007fafb44a5000,0x00007fafb45a6000)]

Other Threads:
=>0x00007fafac076000 VMThread [stack: 0x00007fafa82d2000,0x00007fafa83d3000] [id=11990]
  0x00007fafac0ba800 WatcherThread [stack: 0x00007fafa0d79000,0x00007fafa0e7a000] [id=11997]

VM state:at safepoint (normal execution)

VM Mutex/Monitor currently owned by a thread:  ([mutex/lock_event])
[0x00007fafac006370] ExpandHeap_lock - owner thread: 0x00007fafac076000
[0x00007fafac0069f0] Threads_lock - owner thread: 0x00007fafac076000
[0x00007fafac006ef0] Heap_lock - owner thread: 0x00007fafac1c4000

Heap
 PSYoungGen      total 268800K, used 0K [0x00000000eaa80000, 0x0000000100000000, 0x0000000100000000)
  eden space 214528K, 0% used [0x00000000eaa80000,0x00000000eaa80000,0x00000000f7c00000)
  from space 54272K, 0% used [0x00000000fbd00000,0x00000000fbd00000,0x00000000ff200000)
  to   space 66560K, 50% used [0x00000000f7c00000,0x00000000f9d169a8,0x00000000fbd00000)
 ParOldGen       total 178688K, used 178665K [0x00000000c0000000, 0x00000000cae80000, 0x00000000eaa80000)
  object space 178688K, 99% used [0x00000000c0000000,0x00000000cae7a4a0,0x00000000cae80000)
 PSPermGen       total 21504K, used 6494K [0x00000000b5a00000, 0x00000000b6f00000, 0x00000000c0000000)
  object space 21504K, 30% used [0x00000000b5a00000,0x00000000b6057a28,0x00000000b6f00000)

Card table byte_map: [0x00007fafb0e88000,0x00007fafb10dc000] byte_map_base: 0x00007fafb08db000

Polling page: 0x00007fafb45c6000

Code Cache  [0x00007fafa9000000, 0x00007fafa93f0000, 0x00007fafac000000)
 total_blobs=1337 nmethods=1106 adapters=184 free_code_cache=45207Kb largest_free_block=46233344

Compilation events (10 events):
Event: 14,861 Thread 0x00007fafac0ad800 nmethod 1144 0x00007fafa93dcf10 code [0x00007fafa93dd060, 0x00007fafa93dd118]
Event: 14,861 Thread 0x00007fafac0ad800 1145             com.android.dx.ssa.back.FirstFitLocalCombiningAllocator::findRangeAndAdjust (311 bytes)
Event: 14,872 Thread 0x00007fafac0aa800 nmethod 1142 0x00007fafa93dbf90 code [0x00007fafa93dc160, 0x00007fafa93dc6b0]
Event: 14,872 Thread 0x00007fafac0aa800 1146             com.android.dx.rop.cst.CstType::hashCode (8 bytes)
Event: 14,876 Thread 0x00007fafac0aa800 nmethod 1146 0x00007fafa93e53d0 code [0x00007fafa93e5520, 0x00007fafa93e56b8]
Event: 14,876 Thread 0x00007fafac0aa800 1147             java.lang.Thread::interrupted (8 bytes)
Event: 14,877 Thread 0x00007fafac0aa800 nmethod 1147 0x00007fafa93e6dd0 code [0x00007fafa93e6f20, 0x00007fafa93e6fa8]
Event: 14,877 Thread 0x00007fafac0aa800 1148             com.android.dx.ssa.back.FirstFitLocalCombiningAllocator::rangeContainsReserved (30 bytes)
Event: 14,881 Thread 0x00007fafac0aa800 nmethod 1148 0x00007fafa93e6990 code [0x00007fafa93e6ae0, 0x00007fafa93e6c98]
Event: 14,881 Thread 0x00007fafac0aa800 1150   !         com.android.dx.cf.code.BytecodeArray::parseInstruction (2764 bytes)

GC Heap History (10 events):
Event: 11,724 GC heap after
Heap after GC invocations=13 (full 1):
 PSYoungGen      total 237056K, used 37349K [0x00000000eaa80000, 0x00000000fe700000, 0x0000000100000000)
  eden space 199680K, 0% used [0x00000000eaa80000,0x00000000eaa80000,0x00000000f6d80000)
  from space 37376K, 99% used [0x00000000fa080000,0x00000000fc4f9450,0x00000000fc500000)
  to   space 52224K, 0% used [0x00000000f6d80000,0x00000000f6d80000,0x00000000fa080000)
 ParOldGen       total 81920K, used 81663K [0x00000000c0000000, 0x00000000c5000000, 0x00000000eaa80000)
  object space 81920K, 99% used [0x00000000c0000000,0x00000000c4fbff50,0x00000000c5000000)
 PSPermGen       total 21504K, used 6453K [0x00000000b5a00000, 0x00000000b6f00000, 0x00000000c0000000)
  object space 21504K, 30% used [0x00000000b5a00000,0x00000000b604d6c8,0x00000000b6f00000)
}
Event: 11,724 GC heap before
{Heap before GC invocations=14 (full 2):
 PSYoungGen      total 237056K, used 37349K [0x00000000eaa80000, 0x00000000fe700000, 0x0000000100000000)
  eden space 199680K, 0% used [0x00000000eaa80000,0x00000000eaa80000,0x00000000f6d80000)
  from space 37376K, 99% used [0x00000000fa080000,0x00000000fc4f9450,0x00000000fc500000)
  to   space 52224K, 0% used [0x00000000f6d80000,0x00000000f6d80000,0x00000000fa080000)
 ParOldGen       total 81920K, used 81663K [0x00000000c0000000, 0x00000000c5000000, 0x00000000eaa80000)
  object space 81920K, 99% used [0x00000000c0000000,0x00000000c4fbff50,0x00000000c5000000)
 PSPermGen       total 21504K, used 6453K [0x00000000b5a00000, 0x00000000b6f00000, 0x00000000c0000000)
  object space 21504K, 30% used [0x00000000b5a00000,0x00000000b604d6c8,0x00000000b6f00000)
Event: 12,634 GC heap after
Heap after GC invocations=14 (full 2):
 PSYoungGen      total 237056K, used 36154K [0x00000000eaa80000, 0x00000000fe700000, 0x0000000100000000)
  eden space 199680K, 0% used [0x00000000eaa80000,0x00000000eaa80000,0x00000000f6d80000)
  from space 37376K, 96% used [0x00000000fa080000,0x00000000fc3ce8f8,0x00000000fc500000)
  to   space 52224K, 0% used [0x00000000f6d80000,0x00000000f6d80000,0x00000000fa080000)
 ParOldGen       total 154112K, used 81514K [0x00000000c0000000, 0x00000000c9680000, 0x00000000eaa80000)
  object space 154112K, 52% used [0x00000000c0000000,0x00000000c4f9a8a8,0x00000000c9680000)
 PSPermGen       total 21504K, used 6452K [0x00000000b5a00000, 0x00000000b6f00000, 0x00000000c0000000)
  object space 21504K, 30% used [0x00000000b5a00000,0x00000000b604d228,0x00000000b6f00000)
}
Event: 13,489 GC heap before
{Heap before GC invocations=15 (full 2):
 PSYoungGen      total 237056K, used 235834K [0x00000000eaa80000, 0x00000000fe700000, 0x0000000100000000)
  eden space 199680K, 100% used [0x00000000eaa80000,0x00000000f6d80000,0x00000000f6d80000)
  from space 37376K, 96% used [0x00000000fa080000,0x00000000fc3ce8f8,0x00000000fc500000)
  to   space 52224K, 0% used [0x00000000f6d80000,0x00000000f6d80000,0x00000000fa080000)
 ParOldGen       total 154112K, used 81514K [0x00000000c0000000, 0x00000000c9680000, 0x00000000eaa80000)
  object space 154112K, 52% used [0x00000000c0000000,0x00000000c4f9a8a8,0x00000000c9680000)
 PSPermGen       total 21504K, used 6464K [0x00000000b5a00000, 0x00000000b6f00000, 0x00000000c0000000)
  object space 21504K, 30% used [0x00000000b5a00000,0x00000000b6050168,0x00000000b6f00000)
Event: 13,603 GC heap after
Heap after GC invocations=15 (full 2):
 PSYoungGen      total 251904K, used 33617K [0x00000000eaa80000, 0x00000000ff200000, 0x0000000100000000)
  eden space 199680K, 0% used [0x00000000eaa80000,0x00000000eaa80000,0x00000000f6d80000)
  from space 52224K, 64% used [0x00000000f6d80000,0x00000000f8e54690,0x00000000fa080000)
  to   space 54272K, 0% used [0x00000000fbd00000,0x00000000fbd00000,0x00000000ff200000)
 ParOldGen       total 154112K, used 117066K [0x00000000c0000000, 0x00000000c9680000, 0x00000000eaa80000)
  object space 154112K, 75% used [0x00000000c0000000,0x00000000c7252998,0x00000000c9680000)
 PSPermGen       total 21504K, used 6464K [0x00000000b5a00000, 0x00000000b6f00000, 0x00000000c0000000)
  object space 21504K, 30% used [0x00000000b5a00000,0x00000000b6050168,0x00000000b6f00000)
}
Event: 14,121 GC heap before
{Heap before GC invocations=16 (full 2):
 PSYoungGen      total 251904K, used 233297K [0x00000000eaa80000, 0x00000000ff200000, 0x0000000100000000)
  eden space 199680K, 100% used [0x00000000eaa80000,0x00000000f6d80000,0x00000000f6d80000)
  from space 52224K, 64% used [0x00000000f6d80000,0x00000000f8e54690,0x00000000fa080000)
  to   space 54272K, 0% used [0x00000000fbd00000,0x00000000fbd00000,0x00000000ff200000)
 ParOldGen       total 154112K, used 117066K [0x00000000c0000000, 0x00000000c9680000, 0x00000000eaa80000)
  object space 154112K, 75% used [0x00000000c0000000,0x00000000c7252998,0x00000000c9680000)
 PSPermGen       total 21504K, used 6488K [0x00000000b5a00000, 0x00000000b6f00000, 0x00000000c0000000)
  object space 21504K, 30% used [0x00000000b5a00000,0x00000000b6056120,0x00000000b6f00000)
Event: 14,245 GC heap after
Heap after GC invocations=16 (full 2):
 PSYoungGen      total 268800K, used 54259K [0x00000000eaa80000, 0x0000000100000000, 0x0000000100000000)
  eden space 214528K, 0% used [0x00000000eaa80000,0x00000000eaa80000,0x00000000f7c00000)
  from space 54272K, 99% used [0x00000000fbd00000,0x00000000ff1fced0,0x00000000ff200000)
  to   space 66560K, 0% used [0x00000000f7c00000,0x00000000f7c00000,0x00000000fbd00000)
 ParOldGen       total 154112K, used 124863K [0x00000000c0000000, 0x00000000c9680000, 0x00000000eaa80000)
  object space 154112K, 81% used [0x00000000c0000000,0x00000000c79efdc0,0x00000000c9680000)
 PSPermGen       total 21504K, used 6488K [0x00000000b5a00000, 0x00000000b6f00000, 0x00000000c0000000)
  object space 21504K, 30% used [0x00000000b5a00000,0x00000000b6056120,0x00000000b6f00000)
}
Event: 14,904 GC heap before
{Heap before GC invocations=17 (full 2):
 PSYoungGen      total 268800K, used 268787K [0x00000000eaa80000, 0x0000000100000000, 0x0000000100000000)
  eden space 214528K, 100% used [0x00000000eaa80000,0x00000000f7c00000,0x00000000f7c00000)
  from space 54272K, 99% used [0x00000000fbd00000,0x00000000ff1fced0,0x00000000ff200000)
  to   space 66560K, 0% used [0x00000000f7c00000,0x00000000f7c00000,0x00000000fbd00000)
 ParOldGen       total 154112K, used 124863K [0x00000000c0000000, 0x00000000c9680000, 0x00000000eaa80000)
  object space 154112K, 81% used [0x00000000c0000000,0x00000000c79efdc0,0x00000000c9680000)
 PSPermGen       total 21504K, used 6495K [0x00000000b5a00000, 0x00000000b6f00000, 0x00000000c0000000)
  object space 21504K, 30% used [0x00000000b5a00000,0x00000000b6057c08,0x00000000b6f00000)
Event: 15,136 GC heap after
Heap after GC invocations=17 (full 2):
 PSYoungGen      total 268800K, used 268787K [0x00000000eaa80000, 0x0000000100000000, 0x0000000100000000)
  eden space 214528K, 100% used [0x00000000eaa80000,0x00000000f7c00000,0x00000000f7c00000)
  from space 54272K, 99% used [0x00000000fbd00000,0x00000000ff1fced0,0x00000000ff200000)
  to   space 66560K, 55% used [0x00000000f7c00000,0x00000000fa064528,0x00000000fbd00000)
 ParOldGen       total 178688K, used 178456K [0x00000000c0000000, 0x00000000cae80000, 0x00000000eaa80000)
  object space 178688K, 99% used [0x00000000c0000000,0x00000000cae46310,0x00000000cae80000)
 PSPermGen       total 21504K, used 6495K [0x00000000b5a00000, 0x00000000b6f00000, 0x00000000c0000000)
  object space 21504K, 30% used [0x00000000b5a00000,0x00000000b6057c08,0x00000000b6f00000)
}
Event: 15,136 GC heap before
{Heap before GC invocations=18 (full 3):
 PSYoungGen      total 268800K, used 268787K [0x00000000eaa80000, 0x0000000100000000, 0x0000000100000000)
  eden space 214528K, 100% used [0x00000000eaa80000,0x00000000f7c00000,0x00000000f7c00000)
  from space 54272K, 99% used [0x00000000fbd00000,0x00000000ff1fced0,0x00000000ff200000)
  to   space 66560K, 55% used [0x00000000f7c00000,0x00000000fa064528,0x00000000fbd00000)
 ParOldGen       total 178688K, used 178456K [0x00000000c0000000, 0x00000000cae80000, 0x00000000eaa80000)
  object space 178688K, 99% used [0x00000000c0000000,0x00000000cae46310,0x00000000cae80000)
 PSPermGen       total 21504K, used 6495K [0x00000000b5a00000, 0x00000000b6f00000, 0x00000000c0000000)
  object space 21504K, 30% used [0x00000000b5a00000,0x00000000b6057c08,0x00000000b6f00000)

Deoptimization events (10 events):
Event: 14,105 Thread 0x00007fafac1c1000 Uncommon trap: reason=bimorphic action=maybe_recompile pc=0x00007fafa9294bb8 method=com.android.dx.ssa.back.FirstFitLocalCombiningAllocator.findNextUnreservedRopReg(IILcom/android/dx/ssa/back/FirstFitLocalCombiningAllocator$Alignment;)I @ 60
Event: 14,110 Thread 0x00007fafac1c2800 Uncommon trap: reason=unstable_if action=reinterpret pc=0x00007fafa9340ac4 method=com.android.dx.ssa.SCCP.simulateBranch(Lcom/android/dx/ssa/SsaInsn;)V @ 140
Event: 14,378 Thread 0x00007fafac1c1000 Uncommon trap: reason=bimorphic action=maybe_recompile pc=0x00007fafa9294bb8 method=com.android.dx.ssa.back.FirstFitLocalCombiningAllocator.findNextUnreservedRopReg(IILcom/android/dx/ssa/back/FirstFitLocalCombiningAllocator$Alignment;)I @ 60
Event: 14,382 Thread 0x00007fafac1c1000 Uncommon trap: reason=bimorphic action=maybe_recompile pc=0x00007fafa9294bb8 method=com.android.dx.ssa.back.FirstFitLocalCombiningAllocator.findNextUnreservedRopReg(IILcom/android/dx/ssa/back/FirstFitLocalCombiningAllocator$Alignment;)I @ 60
Event: 14,442 Thread 0x00007fafac00a800 Uncommon trap: reason=unstable_if action=reinterpret pc=0x00007fafa92acfcc method=com.android.dx.cf.code.Simulator$SimVisitor.visitLocal(IIIILcom/android/dx/rop/type/Type;I)V @ 222
Event: 14,562 Thread 0x00007fafac1c1000 Uncommon trap: reason=bimorphic action=maybe_recompile pc=0x00007fafa92bdef0 method=com.android.dx.cf.code.BytecodeArray.parseInstruction(ILcom/android/dx/cf/code/BytecodeArray$Visitor;)I @ 1327
Event: 14,562 Thread 0x00007fafac1c1000 Uncommon trap: reason=bimorphic action=maybe_recompile pc=0x00007fafa92bdef0 method=com.android.dx.cf.code.BytecodeArray.parseInstruction(ILcom/android/dx/cf/code/BytecodeArray$Visitor;)I @ 1327
Event: 14,800 Thread 0x00007fafac1c2800 Uncommon trap: reason=unstable_if action=reinterpret pc=0x00007fafa93a1d78 method=com.android.dx.dex.code.OutputFinisher.hasLocalInfo(Lcom/android/dx/rop/code/RegisterSpec;)Z @ 1
Event: 14,899 Thread 0x00007fafac00a800 Uncommon trap: reason=unstable_if action=reinterpret pc=0x00007fafa921762c method=com.android.dx.cf.code.RopperMachine.run(Lcom/android/dx/cf/code/Frame;II)V @ 356
Event: 14,899 Thread 0x00007fafac00a800 Uncommon trap: reason=unstable_if action=reinterpret pc=0x00007fafa936b248 method=com.android.dx.cf.code.Ropper.processBlock(Lcom/android/dx/cf/code/ByteBlock;Lcom/android/dx/cf/code/Frame;[I)V @ 791

Internal exceptions (10 events):
Event: 2,512 Thread 0x00007fafac00a800 Threw 0x00000000ec64da10 at /build/openjdk-7-2FOwCu/openjdk-7-7u95-2.6.4/build/openjdk/hotspot/src/share/vm/prims/jvm.cpp:1322
Event: 2,643 Thread 0x00007fafac1c1000 Threw 0x00000000eac5afd0 at /build/openjdk-7-2FOwCu/openjdk-7-7u95-2.6.4/build/openjdk/hotspot/src/share/vm/prims/jvm.cpp:1322
Event: 3,709 Thread 0x00007fafac1c1000 Threw 0x00000000ee08f870 at /build/openjdk-7-2FOwCu/openjdk-7-7u95-2.6.4/build/openjdk/hotspot/src/share/vm/prims/jvm.cpp:1322
Event: 4,234 Thread 0x00007fafac00a800 Threw 0x00000000ebb66388 at /build/openjdk-7-2FOwCu/openjdk-7-7u95-2.6.4/build/openjdk/hotspot/src/share/vm/prims/jvm.cpp:1322
Event: 6,986 Thread 0x00007fafac00a800 Threw 0x00000000ebee8d00 at /build/openjdk-7-2FOwCu/openjdk-7-7u95-2.6.4/build/openjdk/hotspot/src/share/vm/prims/jvm.cpp:1322
Event: 7,490 Thread 0x00007fafac00a800 Threw 0x00000000ee748f18 at /build/openjdk-7-2FOwCu/openjdk-7-7u95-2.6.4/build/openjdk/hotspot/src/share/vm/prims/jvm.cpp:1322
Event: 10,843 Thread 0x00007fafac1c2800 Implicit null exception at 0x00007fafa92d6fe8 to 0x00007fafa92da111
Event: 12,936 Thread 0x00007fafac1c2800 Threw 0x00000000ee4bd178 at /build/openjdk-7-2FOwCu/openjdk-7-7u95-2.6.4/build/openjdk/hotspot/src/share/vm/prims/jvm.cpp:1322
Event: 14,442 Thread 0x00007fafac00a800 Implicit null exception at 0x00007fafa92ac3d9 to 0x00007fafa92acfad
Event: 14,800 Thread 0x00007fafac1c2800 Implicit null exception at 0x00007fafa93a1d2c to 0x00007fafa93a1d69

Events (10 events):
Event: 14,800 Thread 0x00007fafac1c2800 Uncommon trap: trap_request=0xffffff75 fr.pc=0x00007fafa93a1d78
Event: 14,800 Thread 0x00007fafac1c2800 DEOPT PACKING pc=0x00007fafa93a1d78 sp=0x00007faf9b273250
Event: 14,800 Thread 0x00007fafac1c2800 DEOPT UNPACKING pc=0x00007fafa9039445 sp=0x00007faf9b273210 mode 2
Event: 14,899 Thread 0x00007fafac00a800 Uncommon trap: trap_request=0xffffff75 fr.pc=0x00007fafa921762c
Event: 14,899 Thread 0x00007fafac00a800 DEOPT PACKING pc=0x00007fafa921762c sp=0x00007fafb45a3890
Event: 14,899 Thread 0x00007fafac00a800 DEOPT UNPACKING pc=0x00007fafa9039445 sp=0x00007fafb45a3800 mode 2
Event: 14,899 Thread 0x00007fafac00a800 Uncommon trap: trap_request=0xffffff75 fr.pc=0x00007fafa936b248
Event: 14,899 Thread 0x00007fafac00a800 DEOPT PACKING pc=0x00007fafa936b248 sp=0x00007fafb45a3ad0
Event: 14,899 Thread 0x00007fafac00a800 DEOPT UNPACKING pc=0x00007fafa9039445 sp=0x00007fafb45a3a50 mode 2
Event: 14,904 Executing VM operation: ParallelGCFailedAllocation


Dynamic libraries:
00400000-00401000 r-xp 00000000 08:06 1454669                            /usr/lib/jvm/java-7-openjdk-amd64/jre/bin/java
00600000-00601000 r--p 00000000 08:06 1454669                            /usr/lib/jvm/java-7-openjdk-amd64/jre/bin/java
00601000-00602000 rw-p 00001000 08:06 1454669                            /usr/lib/jvm/java-7-openjdk-amd64/jre/bin/java
0181c000-0183d000 rw-p 00000000 00:00 0                                  [heap]
b5a00000-b6f00000 rw-p 00000000 00:00 0 
b6f00000-c0000000 rw-p 00000000 00:00 0 
c0000000-cae80000 rw-p 00000000 00:00 0 
d0f80000-eaa80000 rw-p 00000000 00:00 0 
eaa80000-100000000 rw-p 00000000 00:00 0 
7faf5c000000-7faf5c021000 rw-p 00000000 00:00 0 
7faf5c021000-7faf60000000 ---p 00000000 00:00 0 
7faf60000000-7faf60039000 rw-p 00000000 00:00 0 
7faf60039000-7faf64000000 ---p 00000000 00:00 0 
7faf64000000-7faf64021000 rw-p 00000000 00:00 0 
7faf64021000-7faf68000000 ---p 00000000 00:00 0 
7faf68000000-7faf6802b000 rw-p 00000000 00:00 0 
7faf6802b000-7faf6c000000 ---p 00000000 00:00 0 
7faf6c000000-7faf6c021000 rw-p 00000000 00:00 0 
7faf6c021000-7faf70000000 ---p 00000000 00:00 0 
7faf70000000-7faf70021000 rw-p 00000000 00:00 0 
7faf70021000-7faf74000000 ---p 00000000 00:00 0 
7faf74000000-7faf75dce000 rw-p 00000000 00:00 0 
7faf75dce000-7faf78000000 ---p 00000000 00:00 0 
7faf78000000-7faf78021000 rw-p 00000000 00:00 0 
7faf78021000-7faf7c000000 ---p 00000000 00:00 0 
7faf7c000000-7faf7c021000 rw-p 00000000 00:00 0 
7faf7c021000-7faf80000000 ---p 00000000 00:00 0 
7faf80000000-7faf81753000 rw-p 00000000 00:00 0 
7faf81753000-7faf84000000 ---p 00000000 00:00 0 
7faf84000000-7faf84021000 rw-p 00000000 00:00 0 
7faf84021000-7faf88000000 ---p 00000000 00:00 0 
7faf88000000-7faf88021000 rw-p 00000000 00:00 0 
7faf88021000-7faf8c000000 ---p 00000000 00:00 0 
7faf8c000000-7faf8c021000 rw-p 00000000 00:00 0 
7faf8c021000-7faf90000000 ---p 00000000 00:00 0 
7faf90000000-7faf9002a000 rw-p 00000000 00:00 0 
7faf9002a000-7faf94000000 ---p 00000000 00:00 0 
7faf94000000-7faf94021000 rw-p 00000000 00:00 0 
7faf94021000-7faf98000000 ---p 00000000 00:00 0 
7faf9b073000-7faf9b076000 ---p 00000000 00:00 0 
7faf9b076000-7faf9b174000 rw-p 00000000 00:00 0                          [stack:12002]
7faf9b174000-7faf9b177000 ---p 00000000 00:00 0 
7faf9b177000-7faf9b275000 rw-p 00000000 00:00 0                          [stack:12001]
7faf9b275000-7faf9b278000 ---p 00000000 00:00 0 
7faf9b278000-7faf9b376000 rw-p 00000000 00:00 0                          [stack:12000]
7faf9b376000-7faf9b379000 ---p 00000000 00:00 0 
7faf9b379000-7faf9b477000 rw-p 00000000 00:00 0                          [stack:11999]
7faf9b477000-7faf9b47a000 ---p 00000000 00:00 0 
7faf9b47a000-7faf9b578000 rw-p 00000000 00:00 0                          [stack:11998]
7faf9b578000-7faf9b5b5000 r-xp 00000000 08:06 130821                     /lib/x86_64-linux-gnu/libpcre.so.3.13.1
7faf9b5b5000-7faf9b7b4000 ---p 0003d000 08:06 130821                     /lib/x86_64-linux-gnu/libpcre.so.3.13.1
7faf9b7b4000-7faf9b7b5000 r--p 0003c000 08:06 130821                     /lib/x86_64-linux-gnu/libpcre.so.3.13.1
7faf9b7b5000-7faf9b7b6000 rw-p 0003d000 08:06 130821                     /lib/x86_64-linux-gnu/libpcre.so.3.13.1
7faf9b7b6000-7faf9b7bd000 r-xp 00000000 08:06 1447540                    /usr/lib/x86_64-linux-gnu/libffi.so.6.0.1
7faf9b7bd000-7faf9b9bc000 ---p 00007000 08:06 1447540                    /usr/lib/x86_64-linux-gnu/libffi.so.6.0.1
7faf9b9bc000-7faf9b9bd000 r--p 00006000 08:06 1447540                    /usr/lib/x86_64-linux-gnu/libffi.so.6.0.1
7faf9b9bd000-7faf9b9be000 rw-p 00007000 08:06 1447540                    /usr/lib/x86_64-linux-gnu/libffi.so.6.0.1
7faf9b9be000-7faf9b9d5000 r-xp 00000000 08:06 134868                     /lib/x86_64-linux-gnu/libresolv-2.19.so
7faf9b9d5000-7faf9bbd5000 ---p 00017000 08:06 134868                     /lib/x86_64-linux-gnu/libresolv-2.19.so
7faf9bbd5000-7faf9bbd6000 r--p 00017000 08:06 134868                     /lib/x86_64-linux-gnu/libresolv-2.19.so
7faf9bbd6000-7faf9bbd7000 rw-p 00018000 08:06 134868                     /lib/x86_64-linux-gnu/libresolv-2.19.so
7faf9bbd7000-7faf9bbd9000 rw-p 00000000 00:00 0 
7faf9bbd9000-7faf9bbf9000 r-xp 00000000 08:06 135079                     /lib/x86_64-linux-gnu/libselinux.so.1
7faf9bbf9000-7faf9bdf8000 ---p 00020000 08:06 135079                     /lib/x86_64-linux-gnu/libselinux.so.1
7faf9bdf8000-7faf9bdf9000 r--p 0001f000 08:06 135079                     /lib/x86_64-linux-gnu/libselinux.so.1
7faf9bdf9000-7faf9bdfa000 rw-p 00020000 08:06 135079                     /lib/x86_64-linux-gnu/libselinux.so.1
7faf9bdfa000-7faf9bdfc000 rw-p 00000000 00:00 0 
7faf9bdfc000-7faf9bdff000 r-xp 00000000 08:06 1439340                    /usr/lib/x86_64-linux-gnu/libgmodule-2.0.so.0.4002.0
7faf9bdff000-7faf9bffe000 ---p 00003000 08:06 1439340                    /usr/lib/x86_64-linux-gnu/libgmodule-2.0.so.0.4002.0
7faf9bffe000-7faf9bfff000 r--p 00002000 08:06 1439340                    /usr/lib/x86_64-linux-gnu/libgmodule-2.0.so.0.4002.0
7faf9bfff000-7faf9c000000 rw-p 00003000 08:06 1439340                    /usr/lib/x86_64-linux-gnu/libgmodule-2.0.so.0.4002.0
7faf9c000000-7faf9c046000 rw-p 00000000 00:00 0 
7faf9c046000-7fafa0000000 ---p 00000000 00:00 0 
7fafa0083000-7fafa0189000 r-xp 00000000 08:06 134871                     /lib/x86_64-linux-gnu/libglib-2.0.so.0.4002.0
7fafa0189000-7fafa0388000 ---p 00106000 08:06 134871                     /lib/x86_64-linux-gnu/libglib-2.0.so.0.4002.0
7fafa0388000-7fafa0389000 r--p 00105000 08:06 134871                     /lib/x86_64-linux-gnu/libglib-2.0.so.0.4002.0
7fafa0389000-7fafa038a000 rw-p 00106000 08:06 134871                     /lib/x86_64-linux-gnu/libglib-2.0.so.0.4002.0
7fafa038a000-7fafa038b000 rw-p 00000000 00:00 0 
7fafa038b000-7fafa03da000 r-xp 00000000 08:06 1439358                    /usr/lib/x86_64-linux-gnu/libgobject-2.0.so.0.4002.0
7fafa03da000-7fafa05da000 ---p 0004f000 08:06 1439358                    /usr/lib/x86_64-linux-gnu/libgobject-2.0.so.0.4002.0
7fafa05da000-7fafa05db000 r--p 0004f000 08:06 1439358                    /usr/lib/x86_64-linux-gnu/libgobject-2.0.so.0.4002.0
7fafa05db000-7fafa05dc000 rw-p 00050000 08:06 1439358                    /usr/lib/x86_64-linux-gnu/libgobject-2.0.so.0.4002.0
7fafa05dc000-7fafa0748000 r-xp 00000000 08:06 1439362                    /usr/lib/x86_64-linux-gnu/libgio-2.0.so.0.4002.0
7fafa0748000-7fafa0947000 ---p 0016c000 08:06 1439362                    /usr/lib/x86_64-linux-gnu/libgio-2.0.so.0.4002.0
7fafa0947000-7fafa094b000 r--p 0016b000 08:06 1439362                    /usr/lib/x86_64-linux-gnu/libgio-2.0.so.0.4002.0
7fafa094b000-7fafa094d000 rw-p 0016f000 08:06 1439362                    /usr/lib/x86_64-linux-gnu/libgio-2.0.so.0.4002.0
7fafa094d000-7fafa094f000 rw-p 00000000 00:00 0 
7fafa094f000-7fafa0966000 r-xp 00000000 08:06 1489830                    /usr/lib/jvm/java-7-openjdk-amd64/jre/lib/amd64/libnet.so
7fafa0966000-7fafa0b65000 ---p 00017000 08:06 1489830                    /usr/lib/jvm/java-7-openjdk-amd64/jre/lib/amd64/libnet.so
7fafa0b65000-7fafa0b66000 r--p 00016000 08:06 1489830                    /usr/lib/jvm/java-7-openjdk-amd64/jre/lib/amd64/libnet.so
7fafa0b66000-7fafa0b67000 rw-p 00017000 08:06 1489830                    /usr/lib/jvm/java-7-openjdk-amd64/jre/lib/amd64/libnet.so
7fafa0b67000-7fafa0b77000 r-xp 00000000 08:06 1489812                    /usr/lib/jvm/java-7-openjdk-amd64/jre/lib/amd64/libnio.so
7fafa0b77000-7fafa0d77000 ---p 00010000 08:06 1489812                    /usr/lib/jvm/java-7-openjdk-amd64/jre/lib/amd64/libnio.so
7fafa0d77000-7fafa0d78000 r--p 00010000 08:06 1489812                    /usr/lib/jvm/java-7-openjdk-amd64/jre/lib/amd64/libnio.so
7fafa0d78000-7fafa0d79000 rw-p 00011000 08:06 1489812                    /usr/lib/jvm/java-7-openjdk-amd64/jre/lib/amd64/libnio.so
7fafa0d79000-7fafa0d7a000 ---p 00000000 00:00 0 
7fafa0d7a000-7fafa0e7a000 rw-p 00000000 00:00 0                          [stack:11997]
7fafa0e7a000-7fafa0e7d000 ---p 00000000 00:00 0 
7fafa0e7d000-7fafa0f7b000 rw-p 00000000 00:00 0                          [stack:11996]
7fafa0f7b000-7fafa0f7e000 ---p 00000000 00:00 0 
7fafa0f7e000-7fafa107c000 rw-p 00000000 00:00 0                          [stack:11995]
7fafa107c000-7fafa107f000 ---p 00000000 00:00 0 
7fafa107f000-7fafa117d000 rw-p 00000000 00:00 0                          [stack:11994]
7fafa117d000-7fafa1180000 ---p 00000000 00:00 0 
7fafa1180000-7fafa127e000 rw-p 00000000 00:00 0                          [stack:11993]
7fafa127e000-7fafa1ad0000 r--p 00000000 08:06 1447082                    /usr/lib/locale/locale-archive
7fafa1ad0000-7fafa4000000 rw-p 00000000 00:00 0 
7fafa4000000-7fafa4021000 rw-p 00000000 00:00 0 
7fafa4021000-7fafa8000000 ---p 00000000 00:00 0 
7fafa8038000-7fafa8069000 rw-p 00000000 00:00 0 
7fafa8085000-7fafa80c1000 r--s 00306000 08:06 3283110                    /home/tulin/AndroidStudioProjects/CamApp/app/build/intermediates/transforms/jarMerging/debug/jars/1/1f/combined.jar
7fafa80c1000-7fafa80d0000 r--s 000df000 08:06 3216701                    /home/tulin/Android/Sdk/build-tools/23.0.2/lib/dx.jar
7fafa80d0000-7fafa80d3000 ---p 00000000 00:00 0 
7fafa80d3000-7fafa81d1000 rw-p 00000000 00:00 0                          [stack:11992]
7fafa81d1000-7fafa81d4000 ---p 00000000 00:00 0 
7fafa81d4000-7fafa82d2000 rw-p 00000000 00:00 0                          [stack:11991]
7fafa82d2000-7fafa82d3000 ---p 00000000 00:00 0 
7fafa82d3000-7fafa9000000 rw-p 00000000 00:00 0                          [stack:11990]
7fafa9000000-7fafa93f0000 rwxp 00000000 00:00 0 
7fafa93f0000-7fafac25c000 rw-p 00000000 00:00 0 
7fafac25c000-7fafb0000000 ---p 00000000 00:00 0 
7fafb000d000-7fafb03dd000 rw-p 00000000 00:00 0 
7fafb03dd000-7fafb058f000 r--s 01d2f000 08:06 1489796                    /usr/lib/jvm/java-7-openjdk-amd64/jre/lib/rt.jar
7fafb058f000-7fafb08db000 rw-p 00000000 00:00 0 
7fafb08db000-7fafb08dc000 ---p 00000000 00:00 0 
7fafb08dc000-7fafb09dc000 rw-p 00000000 00:00 0                          [stack:11989]
7fafb09dc000-7fafb09dd000 ---p 00000000 00:00 0 
7fafb09dd000-7fafb0add000 rw-p 00000000 00:00 0                          [stack:11988]
7fafb0add000-7fafb0ade000 ---p 00000000 00:00 0 
7fafb0ade000-7fafb0bde000 rw-p 00000000 00:00 0                          [stack:11987]
7fafb0bde000-7fafb0bdf000 ---p 00000000 00:00 0 
7fafb0bdf000-7fafb0cea000 rw-p 00000000 00:00 0                          [stack:11986]
7fafb0cea000-7fafb0d32000 rw-p 00000000 00:00 0 
7fafb0d32000-7fafb0d8a000 rw-p 00000000 00:00 0 
7fafb0d8a000-7fafb0e88000 rw-p 00000000 00:00 0 
7fafb0e88000-7fafb0e93000 rw-p 00000000 00:00 0 
7fafb0e93000-7fafb0edb000 rw-p 00000000 00:00 0 
7fafb0edb000-7fafb0f33000 rw-p 00000000 00:00 0 
7fafb0f33000-7fafb1030000 rw-p 00000000 00:00 0 
7fafb1030000-7fafb10db000 rw-p 00000000 00:00 0 
7fafb10db000-7fafb10dc000 rw-p 00000000 00:00 0 
7fafb10dc000-7fafb10e4000 r-xp 00000000 08:06 1489805                    /usr/lib/jvm/java-7-openjdk-amd64/jre/lib/amd64/libzip.so
7fafb10e4000-7fafb12e3000 ---p 00008000 08:06 1489805                    /usr/lib/jvm/java-7-openjdk-amd64/jre/lib/amd64/libzip.so
7fafb12e3000-7fafb12e4000 r--p 00007000 08:06 1489805                    /usr/lib/jvm/java-7-openjdk-amd64/jre/lib/amd64/libzip.so
7fafb12e4000-7fafb12e5000 rw-p 00008000 08:06 1489805                    /usr/lib/jvm/java-7-openjdk-amd64/jre/lib/amd64/libzip.so
7fafb12e5000-7fafb12f0000 r-xp 00000000 08:06 184225                     /lib/x86_64-linux-gnu/libnss_files-2.19.so
7fafb12f0000-7fafb14ef000 ---p 0000b000 08:06 184225                     /lib/x86_64-linux-gnu/libnss_files-2.19.so
7fafb14ef000-7fafb14f0000 r--p 0000a000 08:06 184225                     /lib/x86_64-linux-gnu/libnss_files-2.19.so
7fafb14f0000-7fafb14f1000 rw-p 0000b000 08:06 184225                     /lib/x86_64-linux-gnu/libnss_files-2.19.so
7fafb14f1000-7fafb14fc000 r-xp 00000000 08:06 145746                     /lib/x86_64-linux-gnu/libnss_nis-2.19.so
7fafb14fc000-7fafb16fb000 ---p 0000b000 08:06 145746                     /lib/x86_64-linux-gnu/libnss_nis-2.19.so
7fafb16fb000-7fafb16fc000 r--p 0000a000 08:06 145746                     /lib/x86_64-linux-gnu/libnss_nis-2.19.so
7fafb16fc000-7fafb16fd000 rw-p 0000b000 08:06 145746                     /lib/x86_64-linux-gnu/libnss_nis-2.19.so
7fafb16fd000-7fafb1714000 r-xp 00000000 08:06 145742                     /lib/x86_64-linux-gnu/libnsl-2.19.so
7fafb1714000-7fafb1913000 ---p 00017000 08:06 145742                     /lib/x86_64-linux-gnu/libnsl-2.19.so
7fafb1913000-7fafb1914000 r--p 00016000 08:06 145742                     /lib/x86_64-linux-gnu/libnsl-2.19.so
7fafb1914000-7fafb1915000 rw-p 00017000 08:06 145742                     /lib/x86_64-linux-gnu/libnsl-2.19.so
7fafb1915000-7fafb1917000 rw-p 00000000 00:00 0 
7fafb1917000-7fafb1920000 r-xp 00000000 08:06 145741                     /lib/x86_64-linux-gnu/libnss_compat-2.19.so
7fafb1920000-7fafb1b1f000 ---p 00009000 08:06 145741                     /lib/x86_64-linux-gnu/libnss_compat-2.19.so
7fafb1b1f000-7fafb1b20000 r--p 00008000 08:06 145741                     /lib/x86_64-linux-gnu/libnss_compat-2.19.so
7fafb1b20000-7fafb1b21000 rw-p 00009000 08:06 145741                     /lib/x86_64-linux-gnu/libnss_compat-2.19.so
7fafb1b21000-7fafb1b4c000 r-xp 00000000 08:06 1489826                    /usr/lib/jvm/java-7-openjdk-amd64/jre/lib/amd64/libjava.so
7fafb1b4c000-7fafb1d4c000 ---p 0002b000 08:06 1489826                    /usr/lib/jvm/java-7-openjdk-amd64/jre/lib/amd64/libjava.so
7fafb1d4c000-7fafb1d4d000 r--p 0002b000 08:06 1489826                    /usr/lib/jvm/java-7-openjdk-amd64/jre/lib/amd64/libjava.so
7fafb1d4d000-7fafb1d4f000 rw-p 0002c000 08:06 1489826                    /usr/lib/jvm/java-7-openjdk-amd64/jre/lib/amd64/libjava.so
7fafb1d4f000-7fafb1d5f000 r-xp 00000000 08:06 1489810                    /usr/lib/jvm/java-7-openjdk-amd64/jre/lib/amd64/libverify.so
7fafb1d5f000-7fafb1f5e000 ---p 00010000 08:06 1489810                    /usr/lib/jvm/java-7-openjdk-amd64/jre/lib/amd64/libverify.so
7fafb1f5e000-7fafb1f60000 r--p 0000f000 08:06 1489810                    /usr/lib/jvm/java-7-openjdk-amd64/jre/lib/amd64/libverify.so
7fafb1f60000-7fafb1f61000 rw-p 00011000 08:06 1489810                    /usr/lib/jvm/java-7-openjdk-amd64/jre/lib/amd64/libverify.so
7fafb1f61000-7fafb1f68000 r-xp 00000000 08:06 148472                     /lib/x86_64-linux-gnu/librt-2.19.so
7fafb1f68000-7fafb2167000 ---p 00007000 08:06 148472                     /lib/x86_64-linux-gnu/librt-2.19.so
7fafb2167000-7fafb2168000 r--p 00006000 08:06 148472                     /lib/x86_64-linux-gnu/librt-2.19.so
7fafb2168000-7fafb2169000 rw-p 00007000 08:06 148472                     /lib/x86_64-linux-gnu/librt-2.19.so
7fafb2169000-7fafb217f000 r-xp 00000000 08:06 131070                     /lib/x86_64-linux-gnu/libgcc_s.so.1
7fafb217f000-7fafb237e000 ---p 00016000 08:06 131070                     /lib/x86_64-linux-gnu/libgcc_s.so.1
7fafb237e000-7fafb237f000 rw-p 00015000 08:06 131070                     /lib/x86_64-linux-gnu/libgcc_s.so.1
7fafb237f000-7fafb2484000 r-xp 00000000 08:06 135048                     /lib/x86_64-linux-gnu/libm-2.19.so
7fafb2484000-7fafb2683000 ---p 00105000 08:06 135048                     /lib/x86_64-linux-gnu/libm-2.19.so
7fafb2683000-7fafb2684000 r--p 00104000 08:06 135048                     /lib/x86_64-linux-gnu/libm-2.19.so
7fafb2684000-7fafb2685000 rw-p 00105000 08:06 135048                     /lib/x86_64-linux-gnu/libm-2.19.so
7fafb2685000-7fafb276b000 r-xp 00000000 08:06 1439330                    /usr/lib/x86_64-linux-gnu/libstdc++.so.6.0.19
7fafb276b000-7fafb296a000 ---p 000e6000 08:06 1439330                    /usr/lib/x86_64-linux-gnu/libstdc++.so.6.0.19
7fafb296a000-7fafb2972000 r--p 000e5000 08:06 1439330                    /usr/lib/x86_64-linux-gnu/libstdc++.so.6.0.19
7fafb2972000-7fafb2974000 rw-p 000ed000 08:06 1439330                    /usr/lib/x86_64-linux-gnu/libstdc++.so.6.0.19
7fafb2974000-7fafb2989000 rw-p 00000000 00:00 0 
7fafb2989000-7fafb34ae000 r-xp 00000000 08:06 1489806                    /usr/lib/jvm/java-7-openjdk-amd64/jre/lib/amd64/server/libjvm.so
7fafb34ae000-7fafb36ae000 ---p 00b25000 08:06 1489806                    /usr/lib/jvm/java-7-openjdk-amd64/jre/lib/amd64/server/libjvm.so
7fafb36ae000-7fafb3748000 r--p 00b25000 08:06 1489806                    /usr/lib/jvm/java-7-openjdk-amd64/jre/lib/amd64/server/libjvm.so
7fafb3748000-7fafb376b000 rw-p 00bbf000 08:06 1489806                    /usr/lib/jvm/java-7-openjdk-amd64/jre/lib/amd64/server/libjvm.so
7fafb376b000-7fafb3799000 rw-p 00000000 00:00 0 
7fafb3799000-7fafb37b1000 r-xp 00000000 08:06 135112                     /lib/x86_64-linux-gnu/libz.so.1.2.8
7fafb37b1000-7fafb39b0000 ---p 00018000 08:06 135112                     /lib/x86_64-linux-gnu/libz.so.1.2.8
7fafb39b0000-7fafb39b1000 r--p 00017000 08:06 135112                     /lib/x86_64-linux-gnu/libz.so.1.2.8
7fafb39b1000-7fafb39b2000 rw-p 00018000 08:06 135112                     /lib/x86_64-linux-gnu/libz.so.1.2.8
7fafb39b2000-7fafb39cb000 r-xp 00000000 08:06 145743                     /lib/x86_64-linux-gnu/libpthread-2.19.so
7fafb39cb000-7fafb3bca000 ---p 00019000 08:06 145743                     /lib/x86_64-linux-gnu/libpthread-2.19.so
7fafb3bca000-7fafb3bcb000 r--p 00018000 08:06 145743                     /lib/x86_64-linux-gnu/libpthread-2.19.so
7fafb3bcb000-7fafb3bcc000 rw-p 00019000 08:06 145743                     /lib/x86_64-linux-gnu/libpthread-2.19.so
7fafb3bcc000-7fafb3bd0000 rw-p 00000000 00:00 0 
7fafb3bd0000-7fafb3bd3000 r-xp 00000000 08:06 145738                     /lib/x86_64-linux-gnu/libdl-2.19.so
7fafb3bd3000-7fafb3dd2000 ---p 00003000 08:06 145738                     /lib/x86_64-linux-gnu/libdl-2.19.so
7fafb3dd2000-7fafb3dd3000 r--p 00002000 08:06 145738                     /lib/x86_64-linux-gnu/libdl-2.19.so
7fafb3dd3000-7fafb3dd4000 rw-p 00003000 08:06 145738                     /lib/x86_64-linux-gnu/libdl-2.19.so
7fafb3dd4000-7fafb3f8f000 r-xp 00000000 08:06 148473                     /lib/x86_64-linux-gnu/libc-2.19.so
7fafb3f8f000-7fafb418e000 ---p 001bb000 08:06 148473                     /lib/x86_64-linux-gnu/libc-2.19.so
7fafb418e000-7fafb4192000 r--p 001ba000 08:06 148473                     /lib/x86_64-linux-gnu/libc-2.19.so
7fafb4192000-7fafb4194000 rw-p 001be000 08:06 148473                     /lib/x86_64-linux-gnu/libc-2.19.so
7fafb4194000-7fafb4199000 rw-p 00000000 00:00 0 
7fafb4199000-7fafb41a6000 r-xp 00000000 08:06 1489800                    /usr/lib/jvm/java-7-openjdk-amd64/jre/lib/amd64/jli/libjli.so
7fafb41a6000-7fafb43a5000 ---p 0000d000 08:06 1489800                    /usr/lib/jvm/java-7-openjdk-amd64/jre/lib/amd64/jli/libjli.so
7fafb43a5000-7fafb43a6000 r--p 0000c000 08:06 1489800                    /usr/lib/jvm/java-7-openjdk-amd64/jre/lib/amd64/jli/libjli.so
7fafb43a6000-7fafb43a7000 rw-p 0000d000 08:06 1489800                    /usr/lib/jvm/java-7-openjdk-amd64/jre/lib/amd64/jli/libjli.so
7fafb43a7000-7fafb43ca000 r-xp 00000000 08:06 145744                     /lib/x86_64-linux-gnu/ld-2.19.so
7fafb43ca000-7fafb43cd000 r--s 0000f000 08:06 1489840                    /usr/lib/jvm/java-7-openjdk-amd64/jre/lib/ext/icedtea-sound.jar
7fafb43cd000-7fafb43f5000 rw-p 00000000 00:00 0 
7fafb43f5000-7fafb44a5000 rw-p 00000000 00:00 0 
7fafb44a5000-7fafb44a8000 ---p 00000000 00:00 0 
7fafb44a8000-7fafb45ac000 rw-p 00000000 00:00 0                          [stack:11985]
7fafb45ac000-7fafb45ae000 r--s 00012000 08:06 1489837                    /usr/lib/jvm/java-7-openjdk-amd64/jre/lib/ext/zipfs.jar
7fafb45ae000-7fafb45af000 r--s 00002000 08:06 1489839                    /usr/lib/jvm/java-7-openjdk-amd64/jre/lib/ext/dnsns.jar
7fafb45af000-7fafb45b1000 r--s 00006000 08:06 1840524                    /usr/share/java/java-atk-wrapper.jar
7fafb45b1000-7fafb45b5000 r--s 0003c000 08:06 1489838                    /usr/lib/jvm/java-7-openjdk-amd64/jre/lib/ext/sunpkcs11.jar
7fafb45b5000-7fafb45b9000 r--s 00034000 08:06 1489836                    /usr/lib/jvm/java-7-openjdk-amd64/jre/lib/ext/sunjce_provider.jar
7fafb45b9000-7fafb45bd000 r--s 00085000 08:06 1489835                    /usr/lib/jvm/java-7-openjdk-amd64/jre/lib/ext/localedata.jar
7fafb45bd000-7fafb45c5000 rw-s 00000000 08:06 1846340                    /tmp/hsperfdata_tulin/11980
7fafb45c5000-7fafb45c6000 rw-p 00000000 00:00 0 
7fafb45c6000-7fafb45c7000 ---p 00000000 00:00 0 
7fafb45c7000-7fafb45c9000 rw-p 00000000 00:00 0 
7fafb45c9000-7fafb45ca000 r--p 00022000 08:06 145744                     /lib/x86_64-linux-gnu/ld-2.19.so
7fafb45ca000-7fafb45cb000 rw-p 00023000 08:06 145744                     /lib/x86_64-linux-gnu/ld-2.19.so
7fafb45cb000-7fafb45cc000 rw-p 00000000 00:00 0 
7fff2a011000-7fff2a032000 rw-p 00000000 00:00 0                          [stack]
7fff2a1eb000-7fff2a1ed000 r-xp 00000000 00:00 0                          [vdso]
ffffffffff600000-ffffffffff601000 r-xp 00000000 00:00 0                  [vsyscall]

VM Arguments:
jvm_args: -Djava.awt.headless=true -Xmx1024M -Dfile.encoding=UTF-8 -Duser.country=US -Duser.language=en -Duser.variant 
java_command: com.android.dx.command.Main --dex --num-threads=4 --multi-dex --main-dex-list /home/tulin/AndroidStudioProjects/CamApp/app/build/intermediates/multi-dex/debug/maindexlist.txt --output /home/tulin/AndroidStudioProjects/CamApp/app/build/intermediates/transforms/dex/debug/folders/1000/1f/main /home/tulin/AndroidStudioProjects/CamApp/app/build/intermediates/transforms/jarMerging/debug/jars/1/1f/combined.jar
Launcher Type: SUN_STANDARD

Environment Variables:
PATH=/usr/local/sbin:/usr/local/bin:/usr/sbin:/usr/bin:/sbin:/bin:/usr/games:/usr/local/games
SHELL=/bin/bash
DISPLAY=:0

Signal Handlers:
SIGSEGV: [libjvm.so+0x955bc0], sa_mask[0]=0x7ffbfeff, sa_flags=0x10000004
SIGBUS: [libjvm.so+0x955bc0], sa_mask[0]=0x7ffbfeff, sa_flags=0x10000004
SIGFPE: [libjvm.so+0x7caff0], sa_mask[0]=0x7ffbfeff, sa_flags=0x10000004
SIGPIPE: [libjvm.so+0x7caff0], sa_mask[0]=0x7ffbfeff, sa_flags=0x10000004
SIGXFSZ: [libjvm.so+0x7caff0], sa_mask[0]=0x7ffbfeff, sa_flags=0x10000004
SIGILL: [libjvm.so+0x7caff0], sa_mask[0]=0x7ffbfeff, sa_flags=0x10000004
SIGUSR1: SIG_DFL, sa_mask[0]=0x00000000, sa_flags=0x00000000
SIGUSR2: [libjvm.so+0x7cae90], sa_mask[0]=0x00000004, sa_flags=0x10000004
SIGHUP: [libjvm.so+0x7cb070], sa_mask[0]=0x7ffbfeff, sa_flags=0x10000004
SIGINT: [libjvm.so+0x7cb070], sa_mask[0]=0x7ffbfeff, sa_flags=0x10000004
SIGTERM: [libjvm.so+0x7cb070], sa_mask[0]=0x7ffbfeff, sa_flags=0x10000004
SIGQUIT: [libjvm.so+0x7cb070], sa_mask[0]=0x7ffbfeff, sa_flags=0x10000004
SIGTRAP: SIG_DFL, sa_mask[0]=0x00000000, sa_flags=0x00000000


---------------  S Y S T E M  ---------------

OS:Ubuntu 14.04 (trusty)
uname:Linux 3.13.0-79-generic #123-Ubuntu SMP Fri Feb 19 14:27:58 UTC 2016 x86_64
libc:glibc 2.19 NPTL 2.19 
rlimit: STACK 8192k, CORE 0k, NPROC 30460, NOFILE 4096, AS infinity
load average:2,62 1,36 1,04

/proc/meminfo:
MemTotal:        3946988 kB
MemFree:          115572 kB
Buffers:            2188 kB
Cached:           427880 kB
SwapCached:            0 kB
Active:          3242864 kB
Inactive:         418764 kB
Active(anon):    3234312 kB
Inactive(anon):   395756 kB
Active(file):       8552 kB
Inactive(file):    23008 kB
Unevictable:          80 kB
Mlocked:              80 kB
SwapTotal:             0 kB
SwapFree:              0 kB
Dirty:               244 kB
Writeback:             0 kB
AnonPages:       3232056 kB
Mapped:           127812 kB
Shmem:            398120 kB
Slab:              71600 kB
SReclaimable:      33060 kB
SUnreclaim:        38540 kB
KernelStack:        5272 kB
PageTables:        39620 kB
NFS_Unstable:          0 kB
Bounce:                0 kB
WritebackTmp:          0 kB
CommitLimit:     1973492 kB
Committed_AS:    7896208 kB
VmallocTotal:   34359738367 kB
VmallocUsed:      350184 kB
VmallocChunk:   34359379708 kB
HardwareCorrupted:     0 kB
AnonHugePages:   1241088 kB
HugePages_Total:       0
HugePages_Free:        0
HugePages_Rsvd:        0
HugePages_Surp:        0
Hugepagesize:       2048 kB
DirectMap4k:       68640 kB
DirectMap2M:     4026368 kB


CPU:total 4 (2 cores per cpu, 2 threads per core) family 6 model 42 stepping 7, cmov, cx8, fxsr, mmx, sse, sse2, sse3, ssse3, sse4.1, sse4.2, popcnt, avx, aes, ht, tsc, tscinvbit

/proc/cpuinfo:
processor	: 0
vendor_id	: GenuineIntel
cpu family	: 6
model		: 42
model name	: Intel(R) Core(TM) i5-2557M CPU @ 1.70GHz
stepping	: 7
microcode	: 0x1a
cpu MHz		: 800.000
cache size	: 3072 KB
physical id	: 0
siblings	: 4
core id		: 0
cpu cores	: 2
apicid		: 0
initial apicid	: 0
fpu		: yes
fpu_exception	: yes
cpuid level	: 13
wp		: yes
flags		: fpu vme de pse tsc msr pae mce cx8 apic sep mtrr pge mca cmov pat pse36 clflush dts acpi mmx fxsr sse sse2 ss ht tm pbe syscall nx rdtscp lm constant_tsc arch_perfmon pebs bts rep_good nopl xtopology nonstop_tsc aperfmperf eagerfpu pni pclmulqdq dtes64 monitor ds_cpl vmx smx est tm2 ssse3 cx16 xtpr pdcm pcid sse4_1 sse4_2 x2apic popcnt tsc_deadline_timer aes xsave avx lahf_lm ida arat epb xsaveopt pln pts dtherm tpr_shadow vnmi flexpriority ept vpid
bogomips	: 3391.98
clflush size	: 64
cache_alignment	: 64
address sizes	: 36 bits physical, 48 bits virtual
power management:

processor	: 1
vendor_id	: GenuineIntel
cpu family	: 6
model		: 42
model name	: Intel(R) Core(TM) i5-2557M CPU @ 1.70GHz
stepping	: 7
microcode	: 0x1a
cpu MHz		: 1701.000
cache size	: 3072 KB
physical id	: 0
siblings	: 4
core id		: 1
cpu cores	: 2
apicid		: 2
initial apicid	: 2
fpu		: yes
fpu_exception	: yes
cpuid level	: 13
wp		: yes
flags		: fpu vme de pse tsc msr pae mce cx8 apic sep mtrr pge mca cmov pat pse36 clflush dts acpi mmx fxsr sse sse2 ss ht tm pbe syscall nx rdtscp lm constant_tsc arch_perfmon pebs bts rep_good nopl xtopology nonstop_tsc aperfmperf eagerfpu pni pclmulqdq dtes64 monitor ds_cpl vmx smx est tm2 ssse3 cx16 xtpr pdcm pcid sse4_1 sse4_2 x2apic popcnt tsc_deadline_timer aes xsave avx lahf_lm ida arat epb xsaveopt pln pts dtherm tpr_shadow vnmi flexpriority ept vpid
bogomips	: 3391.98
clflush size	: 64
cache_alignment	: 64
address sizes	: 36 bits physical, 48 bits virtual
power management:

processor	: 2
vendor_id	: GenuineIntel
cpu family	: 6
model		: 42
model name	: Intel(R) Core(TM) i5-2557M CPU @ 1.70GHz
stepping	: 7
microcode	: 0x1a
cpu MHz		: 800.000
cache size	: 3072 KB
physical id	: 0
siblings	: 4
core id		: 0
cpu cores	: 2
apicid		: 1
initial apicid	: 1
fpu		: yes
fpu_exception	: yes
cpuid level	: 13
wp		: yes
flags		: fpu vme de pse tsc msr pae mce cx8 apic sep mtrr pge mca cmov pat pse36 clflush dts acpi mmx fxsr sse sse2 ss ht tm pbe syscall nx rdtscp lm constant_tsc arch_perfmon pebs bts rep_good nopl xtopology nonstop_tsc aperfmperf eagerfpu pni pclmulqdq dtes64 monitor ds_cpl vmx smx est tm2 ssse3 cx16 xtpr pdcm pcid sse4_1 sse4_2 x2apic popcnt tsc_deadline_timer aes xsave avx lahf_lm ida arat epb xsaveopt pln pts dtherm tpr_shadow vnmi flexpriority ept vpid
bogomips	: 3391.98
clflush size	: 64
cache_alignment	: 64
address sizes	: 36 bits physical, 48 bits virtual
power management:

processor	: 3
vendor_id	: GenuineIntel
cpu family	: 6
model		: 42
model name	: Intel(R) Core(TM) i5-2557M CPU @ 1.70GHz
stepping	: 7
microcode	: 0x1a
cpu MHz		: 800.000
cache size	: 3072 KB
physical id	: 0
siblings	: 4
core id		: 1
cpu cores	: 2
apicid		: 3
initial apicid	: 3
fpu		: yes
fpu_exception	: yes
cpuid level	: 13
wp		: yes
flags		: fpu vme de pse tsc msr pae mce cx8 apic sep mtrr pge mca cmov pat pse36 clflush dts acpi mmx fxsr sse sse2 ss ht tm pbe syscall nx rdtscp lm constant_tsc arch_perfmon pebs bts rep_good nopl xtopology nonstop_tsc aperfmperf eagerfpu pni pclmulqdq dtes64 monitor ds_cpl vmx smx est tm2 ssse3 cx16 xtpr pdcm pcid sse4_1 sse4_2 x2apic popcnt tsc_deadline_timer aes xsave avx lahf_lm ida arat epb xsaveopt pln pts dtherm tpr_shadow vnmi flexpriority ept vpid
bogomips	: 3391.98
clflush size	: 64
cache_alignment	: 64
address sizes	: 36 bits physical, 48 bits virtual
power management:



Memory: 4k page, physical 3946988k(115572k free), swap 0k(0k free)

vm_info: OpenJDK 64-Bit Server VM (24.95-b01) for linux-amd64 JRE (1.7.0_95-b00), built on Jan 21 2016 03:31:40 by "buildd" with gcc 4.8.4

time: Wed Mar 30 16:08:13 2016
elapsed time: 16 seconds

