#
# There is insufficient memory for the Java Runtime Environment to continue.
# Native memory allocation (malloc) failed to allocate 73400320 bytes for committing reserved memory.
# Possible reasons:
#   The system is out of physical RAM or swap space
#   In 32 bit mode, the process size limit was hit
# Possible solutions:
#   Reduce memory load on the system
#   Increase physical memory or swap space
#   Check if swap backing store is full
#   Use 64 bit Java on a 64 bit OS
#   Decrease Java heap size (-Xmx/-Xms)
#   Decrease number of Java threads
#   Decrease Java thread stack sizes (-Xss)
#   Set larger code cache with -XX:ReservedCodeCacheSize=
# This output file may be truncated or incomplete.
#
#  Out of Memory Error (os_linux.cpp:2827), pid=9259, tid=140004131043072
#
# JRE version: OpenJDK Runtime Environment (7.0_95) (build 1.7.0_95-b00)
# Java VM: OpenJDK 64-Bit Server VM (24.95-b01 mixed mode linux-amd64 compressed oops)
# Derivative: IcedTea 2.6.4
# Distribution: Ubuntu 14.04.3 LTS, package 7u95-2.6.4-0ubuntu0.14.04.1
# Failed to write core dump. Core dumps have been disabled. To enable core dumping, try "ulimit -c unlimited" before starting Java again
#

---------------  T H R E A D  ---------------

Current thread (0x00007f5544076000):  VMThread [stack: 0x00007f55406f7000,0x00007f55407f8000] [id=9291]

Stack: [0x00007f55406f7000,0x00007f55407f8000],  sp=0x00007f55407f6490,  free space=1021k
Native frames: (J=compiled Java code, j=interpreted, Vv=VM code, C=native code)
V  [libjvm.so+0x9550e5]
V  [libjvm.so+0x4902b4]
V  [libjvm.so+0x7cf7bb]
V  [libjvm.so+0x7ca28f]
V  [libjvm.so+0x83e56b]
V  [libjvm.so+0x83f3e0]
V  [libjvm.so+0x83facb]
V  [libjvm.so+0x83b4d8]
V  [libjvm.so+0x83bd48]
V  [libjvm.so+0x7f1fd3]
V  [libjvm.so+0x956ae4]
V  [libjvm.so+0x95abe7]
V  [libjvm.so+0x9596a8]
V  [libjvm.so+0x959b09]
V  [libjvm.so+0x959f52]
V  [libjvm.so+0x7cc682]

VM_Operation (0x00007f550f699fa0): ParallelGCFailedAllocation, mode: safepoint, requested by thread 0x00007f554419a000


---------------  P R O C E S S  ---------------

Java Threads: ( => current thread )
  0x00007f554419b800 JavaThread "pool-1-thread-4" [_thread_blocked, id=9338, stack(0x00007f550f49a000,0x00007f550f59b000)]
  0x00007f554419a000 JavaThread "pool-1-thread-3" [_thread_blocked, id=9337, stack(0x00007f550f59b000,0x00007f550f69c000)]
  0x00007f5544198000 JavaThread "pool-1-thread-2" [_thread_blocked, id=9335, stack(0x00007f550f69c000,0x00007f550f79d000)]
  0x00007f5544195000 JavaThread "pool-2-thread-1" [_thread_blocked, id=9334, stack(0x00007f550f79d000,0x00007f550f89e000)]
  0x00007f5544193000 JavaThread "pool-1-thread-1" [_thread_blocked, id=9333, stack(0x00007f550f89e000,0x00007f550f99f000)]
  0x00007f55440b2000 JavaThread "Service Thread" daemon [_thread_blocked, id=9314, stack(0x00007f55400f1000,0x00007f55401f2000)]
  0x00007f55440af800 JavaThread "C2 CompilerThread1" daemon [_thread_blocked, id=9311, stack(0x00007f55401f2000,0x00007f55402f3000)]
  0x00007f55440ac800 JavaThread "C2 CompilerThread0" daemon [_thread_blocked, id=9310, stack(0x00007f55402f3000,0x00007f55403f4000)]
  0x00007f55440aa800 JavaThread "Signal Dispatcher" daemon [_thread_blocked, id=9309, stack(0x00007f55403f4000,0x00007f55404f5000)]
  0x00007f554407c000 JavaThread "Finalizer" daemon [_thread_blocked, id=9296, stack(0x00007f55404f5000,0x00007f55405f6000)]
  0x00007f554407a000 JavaThread "Reference Handler" daemon [_thread_blocked, id=9295, stack(0x00007f55405f6000,0x00007f55406f7000)]
  0x00007f554400a800 JavaThread "main" [_thread_blocked, id=9265, stack(0x00007f554c8e2000,0x00007f554c9e3000)]

Other Threads:
=>0x00007f5544076000 VMThread [stack: 0x00007f55406f7000,0x00007f55407f8000] [id=9291]
  0x00007f55440bc800 WatcherThread [stack: 0x00007f553117d000,0x00007f553127e000] [id=9316]

VM state:at safepoint (normal execution)

VM Mutex/Monitor currently owned by a thread:  ([mutex/lock_event])
[0x00007f5544006990] Threads_lock - owner thread: 0x00007f5544076000
[0x00007f5544006e90] Heap_lock - owner thread: 0x00007f554419a000

Heap
 PSYoungGen      total 73728K, used 11248K [0x00000000eaa80000, 0x00000000efe80000, 0x0000000100000000)
  eden space 62464K, 0% used [0x00000000eaa80000,0x00000000eaa80000,0x00000000ee780000)
  from space 11264K, 99% used [0x00000000ee780000,0x00000000ef27c270,0x00000000ef280000)
  to   space 10240K, 0% used [0x00000000ef280000,0x00000000ef280000,0x00000000efc80000)
 ParOldGen       total 40960K, used 20138K [0x00000000c0000000, 0x00000000c2800000, 0x00000000eaa80000)
  object space 40960K, 49% used [0x00000000c0000000,0x00000000c13aa8a0,0x00000000c2800000)
 PSPermGen       total 21504K, used 6276K [0x00000000b5a00000, 0x00000000b6f00000, 0x00000000c0000000)
  object space 21504K, 29% used [0x00000000b5a00000,0x00000000b6021380,0x00000000b6f00000)

Card table byte_map: [0x00007f55492c5000,0x00007f5549519000] byte_map_base: 0x00007f5548d18000

Polling page: 0x00007f554ca03000

Code Cache  [0x00007f5541000000, 0x00007f5541270000, 0x00007f5544000000)
 total_blobs=505 nmethods=274 adapters=184 free_code_cache=48001Kb largest_free_block=49092864

Compilation events (10 events):
Event: 11,208 Thread 0x00007f55440af800 nmethod 276 0x00007f55410850d0 code [0x00007f55410852c0, 0x00007f5541085d28]
Event: 11,208 Thread 0x00007f55440af800  277             com.android.dx.rop.code.RegisterSpecSet::size (49 bytes)
Event: 11,211 Thread 0x00007f55440af800 nmethod 277 0x00007f5541084cd0 code [0x00007f5541084e20, 0x00007f5541084f58]
Event: 11,211 Thread 0x00007f55440af800  278   !         com.android.dx.ssa.LocalVariableInfo::getStarts0 (18 bytes)
Event: 11,212 Thread 0x00007f55440af800 nmethod 278 0x00007f55410e27d0 code [0x00007f55410e2920, 0x00007f55410e29b8]
Event: 11,212 Thread 0x00007f55440af800  279             com.android.dx.ssa.SsaBasicBlock::getCountPhiInsns (45 bytes)
Event: 11,217 Thread 0x00007f55440af800 nmethod 279 0x00007f55410951d0 code [0x00007f5541095320, 0x00007f5541095518]
Event: 11,217 Thread 0x00007f55440af800  280             com.android.dx.ssa.back.SsaToRop::convertInsns (53 bytes)
Event: 11,225 Thread 0x00007f55440af800 nmethod 280 0x00007f554110de90 code [0x00007f554110e020, 0x00007f554110e438]
Event: 11,225 Thread 0x00007f55440af800  281             com.android.dx.ssa.SsaMethod::forEachBlockDepthFirstDom (128 bytes)

GC Heap History (10 events):
Event: 2,139 GC heap after
Heap after GC invocations=2 (full 0):
 PSYoungGen      total 18432K, used 2547K [0x00000000eaa80000, 0x00000000ece80000, 0x0000000100000000)
  eden space 15872K, 0% used [0x00000000eaa80000,0x00000000eaa80000,0x00000000eba00000)
  from space 2560K, 99% used [0x00000000ebc80000,0x00000000ebefccb8,0x00000000ebf00000)
  to   space 2560K, 0% used [0x00000000eba00000,0x00000000eba00000,0x00000000ebc80000)
 ParOldGen       total 40960K, used 2014K [0x00000000c0000000, 0x00000000c2800000, 0x00000000eaa80000)
  object space 40960K, 4% used [0x00000000c0000000,0x00000000c01f7900,0x00000000c2800000)
 PSPermGen       total 21504K, used 5969K [0x00000000b5a00000, 0x00000000b6f00000, 0x00000000c0000000)
  object space 21504K, 27% used [0x00000000b5a00000,0x00000000b5fd47a0,0x00000000b6f00000)
}
Event: 3,027 GC heap before
{Heap before GC invocations=3 (full 0):
 PSYoungGen      total 18432K, used 18419K [0x00000000eaa80000, 0x00000000ece80000, 0x0000000100000000)
  eden space 15872K, 100% used [0x00000000eaa80000,0x00000000eba00000,0x00000000eba00000)
  from space 2560K, 99% used [0x00000000ebc80000,0x00000000ebefccb8,0x00000000ebf00000)
  to   space 2560K, 0% used [0x00000000eba00000,0x00000000eba00000,0x00000000ebc80000)
 ParOldGen       total 40960K, used 2014K [0x00000000c0000000, 0x00000000c2800000, 0x00000000eaa80000)
  object space 40960K, 4% used [0x00000000c0000000,0x00000000c01f7900,0x00000000c2800000)
 PSPermGen       total 21504K, used 6115K [0x00000000b5a00000, 0x00000000b6f00000, 0x00000000c0000000)
  object space 21504K, 28% used [0x00000000b5a00000,0x00000000b5ff8fe0,0x00000000b6f00000)
Event: 3,066 GC heap after
Heap after GC invocations=3 (full 0):
 PSYoungGen      total 18432K, used 2528K [0x00000000eaa80000, 0x00000000ece80000, 0x0000000100000000)
  eden space 15872K, 0% used [0x00000000eaa80000,0x00000000eaa80000,0x00000000eba00000)
  from space 2560K, 98% used [0x00000000eba00000,0x00000000ebc781d8,0x00000000ebc80000)
  to   space 2560K, 0% used [0x00000000ecc00000,0x00000000ecc00000,0x00000000ece80000)
 ParOldGen       total 40960K, used 4755K [0x00000000c0000000, 0x00000000c2800000, 0x00000000eaa80000)
  object space 40960K, 11% used [0x00000000c0000000,0x00000000c04a4d20,0x00000000c2800000)
 PSPermGen       total 21504K, used 6115K [0x00000000b5a00000, 0x00000000b6f00000, 0x00000000c0000000)
  object space 21504K, 28% used [0x00000000b5a00000,0x00000000b5ff8fe0,0x00000000b6f00000)
}
Event: 3,876 GC heap before
{Heap before GC invocations=4 (full 0):
 PSYoungGen      total 18432K, used 18400K [0x00000000eaa80000, 0x00000000ece80000, 0x0000000100000000)
  eden space 15872K, 100% used [0x00000000eaa80000,0x00000000eba00000,0x00000000eba00000)
  from space 2560K, 98% used [0x00000000eba00000,0x00000000ebc781d8,0x00000000ebc80000)
  to   space 2560K, 0% used [0x00000000ecc00000,0x00000000ecc00000,0x00000000ece80000)
 ParOldGen       total 40960K, used 4755K [0x00000000c0000000, 0x00000000c2800000, 0x00000000eaa80000)
  object space 40960K, 11% used [0x00000000c0000000,0x00000000c04a4d20,0x00000000c2800000)
 PSPermGen       total 21504K, used 6158K [0x00000000b5a00000, 0x00000000b6f00000, 0x00000000c0000000)
  object space 21504K, 28% used [0x00000000b5a00000,0x00000000b6003948,0x00000000b6f00000)
Event: 3,902 GC heap after
Heap after GC invocations=4 (full 0):
 PSYoungGen      total 34304K, used 2549K [0x00000000eaa80000, 0x00000000ece80000, 0x0000000100000000)
  eden space 31744K, 0% used [0x00000000eaa80000,0x00000000eaa80000,0x00000000ec980000)
  from space 2560K, 99% used [0x00000000ecc00000,0x00000000ece7d5b8,0x00000000ece80000)
  to   space 2560K, 0% used [0x00000000ec980000,0x00000000ec980000,0x00000000ecc00000)
 ParOldGen       total 40960K, used 7751K [0x00000000c0000000, 0x00000000c2800000, 0x00000000eaa80000)
  object space 40960K, 18% used [0x00000000c0000000,0x00000000c0791d18,0x00000000c2800000)
 PSPermGen       total 21504K, used 6158K [0x00000000b5a00000, 0x00000000b6f00000, 0x00000000c0000000)
  object space 21504K, 28% used [0x00000000b5a00000,0x00000000b6003948,0x00000000b6f00000)
}
Event: 5,844 GC heap before
{Heap before GC invocations=5 (full 0):
 PSYoungGen      total 34304K, used 34293K [0x00000000eaa80000, 0x00000000ece80000, 0x0000000100000000)
  eden space 31744K, 100% used [0x00000000eaa80000,0x00000000ec980000,0x00000000ec980000)
  from space 2560K, 99% used [0x00000000ecc00000,0x00000000ece7d5b8,0x00000000ece80000)
  to   space 2560K, 0% used [0x00000000ec980000,0x00000000ec980000,0x00000000ecc00000)
 ParOldGen       total 40960K, used 7751K [0x00000000c0000000, 0x00000000c2800000, 0x00000000eaa80000)
  object space 40960K, 18% used [0x00000000c0000000,0x00000000c0791d18,0x00000000c2800000)
 PSPermGen       total 21504K, used 6205K [0x00000000b5a00000, 0x00000000b6f00000, 0x00000000c0000000)
  object space 21504K, 28% used [0x00000000b5a00000,0x00000000b600f5f0,0x00000000b6f00000)
Event: 5,910 GC heap after
Heap after GC invocations=5 (full 0):
 PSYoungGen      total 34304K, used 2528K [0x00000000eaa80000, 0x00000000efc80000, 0x0000000100000000)
  eden space 31744K, 0% used [0x00000000eaa80000,0x00000000eaa80000,0x00000000ec980000)
  from space 2560K, 98% used [0x00000000ec980000,0x00000000ecbf81c8,0x00000000ecc00000)
  to   space 10240K, 0% used [0x00000000ef280000,0x00000000ef280000,0x00000000efc80000)
 ParOldGen       total 40960K, used 13715K [0x00000000c0000000, 0x00000000c2800000, 0x00000000eaa80000)
  object space 40960K, 33% used [0x00000000c0000000,0x00000000c0d64d58,0x00000000c2800000)
 PSPermGen       total 21504K, used 6205K [0x00000000b5a00000, 0x00000000b6f00000, 0x00000000c0000000)
  object space 21504K, 28% used [0x00000000b5a00000,0x00000000b600f5f0,0x00000000b6f00000)
}
Event: 7,829 GC heap before
{Heap before GC invocations=6 (full 0):
 PSYoungGen      total 34304K, used 34272K [0x00000000eaa80000, 0x00000000efc80000, 0x0000000100000000)
  eden space 31744K, 100% used [0x00000000eaa80000,0x00000000ec980000,0x00000000ec980000)
  from space 2560K, 98% used [0x00000000ec980000,0x00000000ecbf81c8,0x00000000ecc00000)
  to   space 10240K, 0% used [0x00000000ef280000,0x00000000ef280000,0x00000000efc80000)
 ParOldGen       total 40960K, used 13715K [0x00000000c0000000, 0x00000000c2800000, 0x00000000eaa80000)
  object space 40960K, 33% used [0x00000000c0000000,0x00000000c0d64d58,0x00000000c2800000)
 PSPermGen       total 21504K, used 6226K [0x00000000b5a00000, 0x00000000b6f00000, 0x00000000c0000000)
  object space 21504K, 28% used [0x00000000b5a00000,0x00000000b60149c8,0x00000000b6f00000)
Event: 7,897 GC heap after
Heap after GC invocations=6 (full 0):
 PSYoungGen      total 72704K, used 8048K [0x00000000eaa80000, 0x00000000efe80000, 0x0000000100000000)
  eden space 62464K, 0% used [0x00000000eaa80000,0x00000000eaa80000,0x00000000ee780000)
  from space 10240K, 78% used [0x00000000ef280000,0x00000000efa5c1e8,0x00000000efc80000)
  to   space 11264K, 0% used [0x00000000ee780000,0x00000000ee780000,0x00000000ef280000)
 ParOldGen       total 40960K, used 13715K [0x00000000c0000000, 0x00000000c2800000, 0x00000000eaa80000)
  object space 40960K, 33% used [0x00000000c0000000,0x00000000c0d64d58,0x00000000c2800000)
 PSPermGen       total 21504K, used 6226K [0x00000000b5a00000, 0x00000000b6f00000, 0x00000000c0000000)
  object space 21504K, 28% used [0x00000000b5a00000,0x00000000b60149c8,0x00000000b6f00000)
}
Event: 11,721 GC heap before
{Heap before GC invocations=7 (full 0):
 PSYoungGen      total 72704K, used 70512K [0x00000000eaa80000, 0x00000000efe80000, 0x0000000100000000)
  eden space 62464K, 100% used [0x00000000eaa80000,0x00000000ee780000,0x00000000ee780000)
  from space 10240K, 78% used [0x00000000ef280000,0x00000000efa5c1e8,0x00000000efc80000)
  to   space 11264K, 0% used [0x00000000ee780000,0x00000000ee780000,0x00000000ef280000)
 ParOldGen       total 40960K, used 13715K [0x00000000c0000000, 0x00000000c2800000, 0x00000000eaa80000)
  object space 40960K, 33% used [0x00000000c0000000,0x00000000c0d64d58,0x00000000c2800000)
 PSPermGen       total 21504K, used 6276K [0x00000000b5a00000, 0x00000000b6f00000, 0x00000000c0000000)
  object space 21504K, 29% used [0x00000000b5a00000,0x00000000b6021380,0x00000000b6f00000)

Deoptimization events (10 events):
Event: 4,189 Thread 0x00007f5544198000 Uncommon trap: reason=unstable_if action=reinterpret pc=0x00007f55410961f4 method=com.android.dx.util.IntList.binarysearch(I)I @ 105
Event: 4,407 Thread 0x00007f554419a000 Uncommon trap: reason=unstable_if action=reinterpret pc=0x00007f55410c8c48 method=com.android.dx.ssa.LocalVariableExtractor.processBlock(I)V @ 251
Event: 4,473 Thread 0x00007f5544198000 Uncommon trap: reason=unstable_if action=reinterpret pc=0x00007f55410933ec method=com.android.dx.rop.code.RegisterSpec.equals(ILcom/android/dx/rop/type/TypeBearer;Lcom/android/dx/rop/code/LocalItem;)Z @ 42
Event: 4,910 Thread 0x00007f5544193000 Uncommon trap: reason=class_check action=maybe_recompile pc=0x00007f55410a7860 method=java.util.HashMap.put(Ljava/lang/Object;Ljava/lang/Object;)Ljava/lang/Object; @ 83
Event: 4,910 Thread 0x00007f5544193000 Uncommon trap: reason=class_check action=maybe_recompile pc=0x00007f55410a7860 method=java.util.HashMap.put(Ljava/lang/Object;Ljava/lang/Object;)Ljava/lang/Object; @ 83
Event: 4,910 Thread 0x00007f5544193000 Uncommon trap: reason=class_check action=maybe_recompile pc=0x00007f55410a7860 method=java.util.HashMap.put(Ljava/lang/Object;Ljava/lang/Object;)Ljava/lang/Object; @ 83
Event: 4,910 Thread 0x00007f5544193000 Uncommon trap: reason=class_check action=maybe_recompile pc=0x00007f55410a7860 method=java.util.HashMap.put(Ljava/lang/Object;Ljava/lang/Object;)Ljava/lang/Object; @ 83
Event: 5,165 Thread 0x00007f554419b800 Uncommon trap: reason=null_check action=make_not_entrant pc=0x00007f55410bb858 method=com.android.dx.ssa.SsaRenamer.getLocalForNewReg(I)Lcom/android/dx/rop/code/LocalItem; @ 19
Event: 10,420 Thread 0x00007f554419b800 Uncommon trap: reason=null_check action=make_not_entrant pc=0x00007f554111f010 method=com.android.dx.cf.code.Ropper$CatchInfo.getSetup(Lcom/android/dx/rop/type/Type;)Lcom/android/dx/cf/code/Ropper$ExceptionHandlerSetup; @ 10
Event: 11,099 Thread 0x00007f5544198000 Uncommon trap: reason=unstable_if action=reinterpret pc=0x00007f55410e9344 method=com.android.dx.ssa.SCCP.simulateBranch(Lcom/android/dx/ssa/SsaInsn;)V @ 548

Internal exceptions (10 events):
Event: 1,364 Thread 0x00007f554419b800 Threw 0x00000000eb2aa298 at /build/openjdk-7-2FOwCu/openjdk-7-7u95-2.6.4/build/openjdk/hotspot/src/share/vm/prims/jvm.cpp:1322
Event: 1,657 Thread 0x00007f554419b800 Threw 0x00000000eb419df0 at /build/openjdk-7-2FOwCu/openjdk-7-7u95-2.6.4/build/openjdk/hotspot/src/share/vm/prims/jvm.cpp:1322
Event: 1,885 Thread 0x00007f554400a800 Threw 0x00000000eb7e1cb8 at /build/openjdk-7-2FOwCu/openjdk-7-7u95-2.6.4/build/openjdk/hotspot/src/share/vm/prims/jvm.cpp:1322
Event: 2,333 Thread 0x00007f5544193000 Threw 0x00000000ead282e0 at /build/openjdk-7-2FOwCu/openjdk-7-7u95-2.6.4/build/openjdk/hotspot/src/share/vm/prims/jvm.cpp:1322
Event: 2,961 Thread 0x00007f554400a800 Implicit null exception at 0x00007f55410a2a23 to 0x00007f55410a3109
Event: 4,172 Thread 0x00007f554400a800 Threw 0x00000000eaf87218 at /build/openjdk-7-2FOwCu/openjdk-7-7u95-2.6.4/build/openjdk/hotspot/src/share/vm/prims/jvm.cpp:1322
Event: 4,254 Thread 0x00007f554400a800 Threw 0x00000000eb0c8798 at /build/openjdk-7-2FOwCu/openjdk-7-7u95-2.6.4/build/openjdk/hotspot/src/share/vm/prims/jvm.cpp:1322
Event: 5,165 Thread 0x00007f554419b800 Implicit null exception at 0x00007f55410b9fc1 to 0x00007f55410bb835
Event: 5,703 Thread 0x00007f554419a000 Threw 0x00000000ec7f0ea0 at /build/openjdk-7-2FOwCu/openjdk-7-7u95-2.6.4/build/openjdk/hotspot/src/share/vm/prims/jvm.cpp:1322
Event: 10,420 Thread 0x00007f554419b800 Implicit null exception at 0x00007f554111b441 to 0x00007f554111efe5

Events (10 events):
Event: 10,420 Thread 0x00007f554419b800 DEOPT PACKING pc=0x00007f554111f010 sp=0x00007f550f5992a0
Event: 10,420 Thread 0x00007f554419b800 DEOPT UNPACKING pc=0x00007f5541039445 sp=0x00007f550f5991f8 mode 2
Event: 10,500 Thread 0x00007f55440af800 flushing nmethod 0x00007f55410770d0
Event: 11,031 Thread 0x00007f55440af800 flushing nmethod 0x00007f5541084cd0
Event: 11,099 Thread 0x00007f5544198000 Uncommon trap: trap_request=0xffffff75 fr.pc=0x00007f55410e9344
Event: 11,099 Thread 0x00007f5544198000 DEOPT PACKING pc=0x00007f55410e9344 sp=0x00007f550f79b050
Event: 11,099 Thread 0x00007f5544198000 DEOPT UNPACKING pc=0x00007f5541039445 sp=0x00007f550f79b028 mode 2
Event: 11,208 Thread 0x00007f55440af800 flushing nmethod 0x00007f5541094ed0
Event: 11,212 Thread 0x00007f55440af800 flushing nmethod 0x00007f55410a21d0
Event: 11,719 Executing VM operation: ParallelGCFailedAllocation


Dynamic libraries:
00400000-00401000 r-xp 00000000 08:06 1454669                            /usr/lib/jvm/java-7-openjdk-amd64/jre/bin/java
00600000-00601000 r--p 00000000 08:06 1454669                            /usr/lib/jvm/java-7-openjdk-amd64/jre/bin/java
00601000-00602000 rw-p 00001000 08:06 1454669                            /usr/lib/jvm/java-7-openjdk-amd64/jre/bin/java
01b31000-01b52000 rw-p 00000000 00:00 0                                  [heap]
b5a00000-b6f00000 rw-p 00000000 00:00 0 
b6f00000-c0000000 rw-p 00000000 00:00 0 
c0000000-c2800000 rw-p 00000000 00:00 0 
c2800000-eaa80000 rw-p 00000000 00:00 0 
eaa80000-efe80000 rw-p 00000000 00:00 0 
f4480000-100000000 rw-p 00000000 00:00 0 
7f54f4000000-7f54f4029000 rw-p 00000000 00:00 0 
7f54f4029000-7f54f8000000 ---p 00000000 00:00 0 
7f54f8000000-7f54f8021000 rw-p 00000000 00:00 0 
7f54f8021000-7f54fc000000 ---p 00000000 00:00 0 
7f54fc000000-7f54fc021000 rw-p 00000000 00:00 0 
7f54fc021000-7f5500000000 ---p 00000000 00:00 0 
7f5500000000-7f5500025000 rw-p 00000000 00:00 0 
7f5500025000-7f5504000000 ---p 00000000 00:00 0 
7f5504000000-7f550402f000 rw-p 00000000 00:00 0 
7f550402f000-7f5508000000 ---p 00000000 00:00 0 
7f5508000000-7f5508021000 rw-p 00000000 00:00 0 
7f5508021000-7f550c000000 ---p 00000000 00:00 0 
7f550f49a000-7f550f49d000 ---p 00000000 00:00 0 
7f550f49d000-7f550f59b000 rw-p 00000000 00:00 0                          [stack:9338]
7f550f59b000-7f550f59e000 ---p 00000000 00:00 0 
7f550f59e000-7f550f69c000 rw-p 00000000 00:00 0                          [stack:9337]
7f550f69c000-7f550f69f000 ---p 00000000 00:00 0 
7f550f69f000-7f550f79d000 rw-p 00000000 00:00 0                          [stack:9335]
7f550f79d000-7f550f7a0000 ---p 00000000 00:00 0 
7f550f7a0000-7f550f89e000 rw-p 00000000 00:00 0                          [stack:9334]
7f550f89e000-7f550f8a1000 ---p 00000000 00:00 0 
7f550f8a1000-7f550f99f000 rw-p 00000000 00:00 0                          [stack:9333]
7f550f99f000-7f550f9dc000 r-xp 00000000 08:06 130821                     /lib/x86_64-linux-gnu/libpcre.so.3.13.1
7f550f9dc000-7f550fbdb000 ---p 0003d000 08:06 130821                     /lib/x86_64-linux-gnu/libpcre.so.3.13.1
7f550fbdb000-7f550fbdc000 r--p 0003c000 08:06 130821                     /lib/x86_64-linux-gnu/libpcre.so.3.13.1
7f550fbdc000-7f550fbdd000 rw-p 0003d000 08:06 130821                     /lib/x86_64-linux-gnu/libpcre.so.3.13.1
7f550fbdd000-7f550fbe4000 r-xp 00000000 08:06 1447540                    /usr/lib/x86_64-linux-gnu/libffi.so.6.0.1
7f550fbe4000-7f550fde3000 ---p 00007000 08:06 1447540                    /usr/lib/x86_64-linux-gnu/libffi.so.6.0.1
7f550fde3000-7f550fde4000 r--p 00006000 08:06 1447540                    /usr/lib/x86_64-linux-gnu/libffi.so.6.0.1
7f550fde4000-7f550fde5000 rw-p 00007000 08:06 1447540                    /usr/lib/x86_64-linux-gnu/libffi.so.6.0.1
7f550fde5000-7f550fdfc000 r-xp 00000000 08:06 134868                     /lib/x86_64-linux-gnu/libresolv-2.19.so
7f550fdfc000-7f550fffc000 ---p 00017000 08:06 134868                     /lib/x86_64-linux-gnu/libresolv-2.19.so
7f550fffc000-7f550fffd000 r--p 00017000 08:06 134868                     /lib/x86_64-linux-gnu/libresolv-2.19.so
7f550fffd000-7f550fffe000 rw-p 00018000 08:06 134868                     /lib/x86_64-linux-gnu/libresolv-2.19.so
7f550fffe000-7f5510000000 rw-p 00000000 00:00 0 
7f5510000000-7f55115c3000 rw-p 00000000 00:00 0 
7f55115c3000-7f5514000000 ---p 00000000 00:00 0 
7f5514000000-7f5514021000 rw-p 00000000 00:00 0 
7f5514021000-7f5518000000 ---p 00000000 00:00 0 
7f5518000000-7f5518021000 rw-p 00000000 00:00 0 
7f5518021000-7f551c000000 ---p 00000000 00:00 0 
7f551c000000-7f551d393000 rw-p 00000000 00:00 0 
7f551d393000-7f5520000000 ---p 00000000 00:00 0 
7f5520000000-7f5520021000 rw-p 00000000 00:00 0 
7f5520021000-7f5524000000 ---p 00000000 00:00 0 
7f5524000000-7f5524021000 rw-p 00000000 00:00 0 
7f5524021000-7f5528000000 ---p 00000000 00:00 0 
7f5528000000-7f5528021000 rw-p 00000000 00:00 0 
7f5528021000-7f552c000000 ---p 00000000 00:00 0 
7f552c000000-7f552c021000 rw-p 00000000 00:00 0 
7f552c021000-7f5530000000 ---p 00000000 00:00 0 
7f5530060000-7f5530080000 r-xp 00000000 08:06 135079                     /lib/x86_64-linux-gnu/libselinux.so.1
7f5530080000-7f553027f000 ---p 00020000 08:06 135079                     /lib/x86_64-linux-gnu/libselinux.so.1
7f553027f000-7f5530280000 r--p 0001f000 08:06 135079                     /lib/x86_64-linux-gnu/libselinux.so.1
7f5530280000-7f5530281000 rw-p 00020000 08:06 135079                     /lib/x86_64-linux-gnu/libselinux.so.1
7f5530281000-7f5530283000 rw-p 00000000 00:00 0 
7f5530283000-7f5530286000 r-xp 00000000 08:06 1439340                    /usr/lib/x86_64-linux-gnu/libgmodule-2.0.so.0.4002.0
7f5530286000-7f5530485000 ---p 00003000 08:06 1439340                    /usr/lib/x86_64-linux-gnu/libgmodule-2.0.so.0.4002.0
7f5530485000-7f5530486000 r--p 00002000 08:06 1439340                    /usr/lib/x86_64-linux-gnu/libgmodule-2.0.so.0.4002.0
7f5530486000-7f5530487000 rw-p 00003000 08:06 1439340                    /usr/lib/x86_64-linux-gnu/libgmodule-2.0.so.0.4002.0
7f5530487000-7f553058d000 r-xp 00000000 08:06 134871                     /lib/x86_64-linux-gnu/libglib-2.0.so.0.4002.0
7f553058d000-7f553078c000 ---p 00106000 08:06 134871                     /lib/x86_64-linux-gnu/libglib-2.0.so.0.4002.0
7f553078c000-7f553078d000 r--p 00105000 08:06 134871                     /lib/x86_64-linux-gnu/libglib-2.0.so.0.4002.0
7f553078d000-7f553078e000 rw-p 00106000 08:06 134871                     /lib/x86_64-linux-gnu/libglib-2.0.so.0.4002.0
7f553078e000-7f553078f000 rw-p 00000000 00:00 0 
7f553078f000-7f55307de000 r-xp 00000000 08:06 1439358                    /usr/lib/x86_64-linux-gnu/libgobject-2.0.so.0.4002.0
7f55307de000-7f55309de000 ---p 0004f000 08:06 1439358                    /usr/lib/x86_64-linux-gnu/libgobject-2.0.so.0.4002.0
7f55309de000-7f55309df000 r--p 0004f000 08:06 1439358                    /usr/lib/x86_64-linux-gnu/libgobject-2.0.so.0.4002.0
7f55309df000-7f55309e0000 rw-p 00050000 08:06 1439358                    /usr/lib/x86_64-linux-gnu/libgobject-2.0.so.0.4002.0
7f55309e0000-7f5530b4c000 r-xp 00000000 08:06 1439362                    /usr/lib/x86_64-linux-gnu/libgio-2.0.so.0.4002.0
7f5530b4c000-7f5530d4b000 ---p 0016c000 08:06 1439362                    /usr/lib/x86_64-linux-gnu/libgio-2.0.so.0.4002.0
7f5530d4b000-7f5530d4f000 r--p 0016b000 08:06 1439362                    /usr/lib/x86_64-linux-gnu/libgio-2.0.so.0.4002.0
7f5530d4f000-7f5530d51000 rw-p 0016f000 08:06 1439362                    /usr/lib/x86_64-linux-gnu/libgio-2.0.so.0.4002.0
7f5530d51000-7f5530d53000 rw-p 00000000 00:00 0 
7f5530d53000-7f5530d6a000 r-xp 00000000 08:06 1489830                    /usr/lib/jvm/java-7-openjdk-amd64/jre/lib/amd64/libnet.so
7f5530d6a000-7f5530f69000 ---p 00017000 08:06 1489830                    /usr/lib/jvm/java-7-openjdk-amd64/jre/lib/amd64/libnet.so
7f5530f69000-7f5530f6a000 r--p 00016000 08:06 1489830                    /usr/lib/jvm/java-7-openjdk-amd64/jre/lib/amd64/libnet.so
7f5530f6a000-7f5530f6b000 rw-p 00017000 08:06 1489830                    /usr/lib/jvm/java-7-openjdk-amd64/jre/lib/amd64/libnet.so
7f5530f6b000-7f5530f7b000 r-xp 00000000 08:06 1489812                    /usr/lib/jvm/java-7-openjdk-amd64/jre/lib/amd64/libnio.so
7f5530f7b000-7f553117b000 ---p 00010000 08:06 1489812                    /usr/lib/jvm/java-7-openjdk-amd64/jre/lib/amd64/libnio.so
7f553117b000-7f553117c000 r--p 00010000 08:06 1489812                    /usr/lib/jvm/java-7-openjdk-amd64/jre/lib/amd64/libnio.so
7f553117c000-7f553117d000 rw-p 00011000 08:06 1489812                    /usr/lib/jvm/java-7-openjdk-amd64/jre/lib/amd64/libnio.so
7f553117d000-7f553117e000 ---p 00000000 00:00 0 
7f553117e000-7f553127e000 rw-p 00000000 00:00 0                          [stack:9316]
7f553127e000-7f5531ad0000 r--p 00000000 08:06 1447082                    /usr/lib/locale/locale-archive
7f5531ad0000-7f5534000000 rw-p 00000000 00:00 0 
7f5534000000-7f5534024000 rw-p 00000000 00:00 0 
7f5534024000-7f5538000000 ---p 00000000 00:00 0 
7f5538000000-7f5538021000 rw-p 00000000 00:00 0 
7f5538021000-7f553c000000 ---p 00000000 00:00 0 
7f553c000000-7f553c021000 rw-p 00000000 00:00 0 
7f553c021000-7f5540000000 ---p 00000000 00:00 0 
7f55400a4000-7f55400d5000 rw-p 00000000 00:00 0 
7f55400f1000-7f55400f4000 ---p 00000000 00:00 0 
7f55400f4000-7f55401f2000 rw-p 00000000 00:00 0                          [stack:9314]
7f55401f2000-7f55401f5000 ---p 00000000 00:00 0 
7f55401f5000-7f55402f3000 rw-p 00000000 00:00 0                          [stack:9311]
7f55402f3000-7f55402f6000 ---p 00000000 00:00 0 
7f55402f6000-7f55403f4000 rw-p 00000000 00:00 0                          [stack:9310]
7f55403f4000-7f55403f7000 ---p 00000000 00:00 0 
7f55403f7000-7f55404f5000 rw-p 00000000 00:00 0                          [stack:9309]
7f55404f5000-7f55404f8000 ---p 00000000 00:00 0 
7f55404f8000-7f55405f6000 rw-p 00000000 00:00 0                          [stack:9296]
7f55405f6000-7f55405f9000 ---p 00000000 00:00 0 
7f55405f9000-7f55406f7000 rw-p 00000000 00:00 0                          [stack:9295]
7f55406f7000-7f55406f8000 ---p 00000000 00:00 0 
7f55406f8000-7f5541000000 rw-p 00000000 00:00 0                          [stack:9291]
7f5541000000-7f5541270000 rwxp 00000000 00:00 0 
7f5541270000-7f55441d2000 rw-p 00000000 00:00 0 
7f55441d2000-7f5548000000 ---p 00000000 00:00 0 
7f5548000000-7f5548016000 r--s 000f0000 08:06 3245243                    /home/tulin/AndroidStudioProjects/CamApp/app/build/intermediates/exploded-aar/com.android.support/support-v4/23.2.0/jars/classes.jar
7f5548016000-7f5548025000 r--s 000df000 08:06 3216701                    /home/tulin/Android/Sdk/build-tools/23.0.2/lib/dx.jar
7f5548025000-7f554881a000 rw-p 00000000 00:00 0 
7f554881a000-7f55489cc000 r--s 01d2f000 08:06 1489796                    /usr/lib/jvm/java-7-openjdk-amd64/jre/lib/rt.jar
7f55489cc000-7f5548d18000 rw-p 00000000 00:00 0 
7f5548d18000-7f5548d19000 ---p 00000000 00:00 0 
7f5548d19000-7f5548e19000 rw-p 00000000 00:00 0                          [stack:9277]
7f5548e19000-7f5548e1a000 ---p 00000000 00:00 0 
7f5548e1a000-7f5548f1a000 rw-p 00000000 00:00 0                          [stack:9274]
7f5548f1a000-7f5548f1b000 ---p 00000000 00:00 0 
7f5548f1b000-7f554901b000 rw-p 00000000 00:00 0                          [stack:9272]
7f554901b000-7f554901c000 ---p 00000000 00:00 0 
7f554901c000-7f5549127000 rw-p 00000000 00:00 0                          [stack:9270]
7f5549127000-7f554916f000 rw-p 00000000 00:00 0 
7f554916f000-7f5549183000 rw-p 00000000 00:00 0 
7f5549183000-7f55492c5000 rw-p 00000000 00:00 0 
7f55492c5000-7f55492d0000 rw-p 00000000 00:00 0 
7f55492d0000-7f5549318000 rw-p 00000000 00:00 0 
7f5549318000-7f554932c000 rw-p 00000000 00:00 0 
7f554932c000-7f554946d000 rw-p 00000000 00:00 0 
7f554946d000-7f5549498000 rw-p 00000000 00:00 0 
7f5549498000-7f5549518000 rw-p 00000000 00:00 0 
7f5549518000-7f5549519000 rw-p 00000000 00:00 0 
7f5549519000-7f5549521000 r-xp 00000000 08:06 1489805                    /usr/lib/jvm/java-7-openjdk-amd64/jre/lib/amd64/libzip.so
7f5549521000-7f5549720000 ---p 00008000 08:06 1489805                    /usr/lib/jvm/java-7-openjdk-amd64/jre/lib/amd64/libzip.so
7f5549720000-7f5549721000 r--p 00007000 08:06 1489805                    /usr/lib/jvm/java-7-openjdk-amd64/jre/lib/amd64/libzip.so
7f5549721000-7f5549722000 rw-p 00008000 08:06 1489805                    /usr/lib/jvm/java-7-openjdk-amd64/jre/lib/amd64/libzip.so
7f5549722000-7f554972d000 r-xp 00000000 08:06 184225                     /lib/x86_64-linux-gnu/libnss_files-2.19.so
7f554972d000-7f554992c000 ---p 0000b000 08:06 184225                     /lib/x86_64-linux-gnu/libnss_files-2.19.so
7f554992c000-7f554992d000 r--p 0000a000 08:06 184225                     /lib/x86_64-linux-gnu/libnss_files-2.19.so
7f554992d000-7f554992e000 rw-p 0000b000 08:06 184225                     /lib/x86_64-linux-gnu/libnss_files-2.19.so
7f554992e000-7f5549939000 r-xp 00000000 08:06 145746                     /lib/x86_64-linux-gnu/libnss_nis-2.19.so
7f5549939000-7f5549b38000 ---p 0000b000 08:06 145746                     /lib/x86_64-linux-gnu/libnss_nis-2.19.so
7f5549b38000-7f5549b39000 r--p 0000a000 08:06 145746                     /lib/x86_64-linux-gnu/libnss_nis-2.19.so
7f5549b39000-7f5549b3a000 rw-p 0000b000 08:06 145746                     /lib/x86_64-linux-gnu/libnss_nis-2.19.so
7f5549b3a000-7f5549b51000 r-xp 00000000 08:06 145742                     /lib/x86_64-linux-gnu/libnsl-2.19.so
7f5549b51000-7f5549d50000 ---p 00017000 08:06 145742                     /lib/x86_64-linux-gnu/libnsl-2.19.so
7f5549d50000-7f5549d51000 r--p 00016000 08:06 145742                     /lib/x86_64-linux-gnu/libnsl-2.19.so
7f5549d51000-7f5549d52000 rw-p 00017000 08:06 145742                     /lib/x86_64-linux-gnu/libnsl-2.19.so
7f5549d52000-7f5549d54000 rw-p 00000000 00:00 0 
7f5549d54000-7f5549d5d000 r-xp 00000000 08:06 145741                     /lib/x86_64-linux-gnu/libnss_compat-2.19.so
7f5549d5d000-7f5549f5c000 ---p 00009000 08:06 145741                     /lib/x86_64-linux-gnu/libnss_compat-2.19.so
7f5549f5c000-7f5549f5d000 r--p 00008000 08:06 145741                     /lib/x86_64-linux-gnu/libnss_compat-2.19.so
7f5549f5d000-7f5549f5e000 rw-p 00009000 08:06 145741                     /lib/x86_64-linux-gnu/libnss_compat-2.19.so
7f5549f5e000-7f5549f89000 r-xp 00000000 08:06 1489826                    /usr/lib/jvm/java-7-openjdk-amd64/jre/lib/amd64/libjava.so
7f5549f89000-7f554a189000 ---p 0002b000 08:06 1489826                    /usr/lib/jvm/java-7-openjdk-amd64/jre/lib/amd64/libjava.so
7f554a189000-7f554a18a000 r--p 0002b000 08:06 1489826                    /usr/lib/jvm/java-7-openjdk-amd64/jre/lib/amd64/libjava.so
7f554a18a000-7f554a18c000 rw-p 0002c000 08:06 1489826                    /usr/lib/jvm/java-7-openjdk-amd64/jre/lib/amd64/libjava.so
7f554a18c000-7f554a19c000 r-xp 00000000 08:06 1489810                    /usr/lib/jvm/java-7-openjdk-amd64/jre/lib/amd64/libverify.so
7f554a19c000-7f554a39b000 ---p 00010000 08:06 1489810                    /usr/lib/jvm/java-7-openjdk-amd64/jre/lib/amd64/libverify.so
7f554a39b000-7f554a39d000 r--p 0000f000 08:06 1489810                    /usr/lib/jvm/java-7-openjdk-amd64/jre/lib/amd64/libverify.so
7f554a39d000-7f554a39e000 rw-p 00011000 08:06 1489810                    /usr/lib/jvm/java-7-openjdk-amd64/jre/lib/amd64/libverify.so
7f554a39e000-7f554a3a5000 r-xp 00000000 08:06 148472                     /lib/x86_64-linux-gnu/librt-2.19.so
7f554a3a5000-7f554a5a4000 ---p 00007000 08:06 148472                     /lib/x86_64-linux-gnu/librt-2.19.so
7f554a5a4000-7f554a5a5000 r--p 00006000 08:06 148472                     /lib/x86_64-linux-gnu/librt-2.19.so
7f554a5a5000-7f554a5a6000 rw-p 00007000 08:06 148472                     /lib/x86_64-linux-gnu/librt-2.19.so
7f554a5a6000-7f554a5bc000 r-xp 00000000 08:06 131070                     /lib/x86_64-linux-gnu/libgcc_s.so.1
7f554a5bc000-7f554a7bb000 ---p 00016000 08:06 131070                     /lib/x86_64-linux-gnu/libgcc_s.so.1
7f554a7bb000-7f554a7bc000 rw-p 00015000 08:06 131070                     /lib/x86_64-linux-gnu/libgcc_s.so.1
7f554a7bc000-7f554a8c1000 r-xp 00000000 08:06 135048                     /lib/x86_64-linux-gnu/libm-2.19.so
7f554a8c1000-7f554aac0000 ---p 00105000 08:06 135048                     /lib/x86_64-linux-gnu/libm-2.19.so
7f554aac0000-7f554aac1000 r--p 00104000 08:06 135048                     /lib/x86_64-linux-gnu/libm-2.19.so
7f554aac1000-7f554aac2000 rw-p 00105000 08:06 135048                     /lib/x86_64-linux-gnu/libm-2.19.so
7f554aac2000-7f554aba8000 r-xp 00000000 08:06 1439330                    /usr/lib/x86_64-linux-gnu/libstdc++.so.6.0.19
7f554aba8000-7f554ada7000 ---p 000e6000 08:06 1439330                    /usr/lib/x86_64-linux-gnu/libstdc++.so.6.0.19
7f554ada7000-7f554adaf000 r--p 000e5000 08:06 1439330                    /usr/lib/x86_64-linux-gnu/libstdc++.so.6.0.19
7f554adaf000-7f554adb1000 rw-p 000ed000 08:06 1439330                    /usr/lib/x86_64-linux-gnu/libstdc++.so.6.0.19
7f554adb1000-7f554adc6000 rw-p 00000000 00:00 0 
7f554adc6000-7f554b8eb000 r-xp 00000000 08:06 1489806                    /usr/lib/jvm/java-7-openjdk-amd64/jre/lib/amd64/server/libjvm.so
7f554b8eb000-7f554baeb000 ---p 00b25000 08:06 1489806                    /usr/lib/jvm/java-7-openjdk-amd64/jre/lib/amd64/server/libjvm.so
7f554baeb000-7f554bb85000 r--p 00b25000 08:06 1489806                    /usr/lib/jvm/java-7-openjdk-amd64/jre/lib/amd64/server/libjvm.so
7f554bb85000-7f554bba8000 rw-p 00bbf000 08:06 1489806                    /usr/lib/jvm/java-7-openjdk-amd64/jre/lib/amd64/server/libjvm.so
7f554bba8000-7f554bbd6000 rw-p 00000000 00:00 0 
7f554bbd6000-7f554bbee000 r-xp 00000000 08:06 135112                     /lib/x86_64-linux-gnu/libz.so.1.2.8
7f554bbee000-7f554bded000 ---p 00018000 08:06 135112                     /lib/x86_64-linux-gnu/libz.so.1.2.8
7f554bded000-7f554bdee000 r--p 00017000 08:06 135112                     /lib/x86_64-linux-gnu/libz.so.1.2.8
7f554bdee000-7f554bdef000 rw-p 00018000 08:06 135112                     /lib/x86_64-linux-gnu/libz.so.1.2.8
7f554bdef000-7f554be08000 r-xp 00000000 08:06 145743                     /lib/x86_64-linux-gnu/libpthread-2.19.so
7f554be08000-7f554c007000 ---p 00019000 08:06 145743                     /lib/x86_64-linux-gnu/libpthread-2.19.so
7f554c007000-7f554c008000 r--p 00018000 08:06 145743                     /lib/x86_64-linux-gnu/libpthread-2.19.so
7f554c008000-7f554c009000 rw-p 00019000 08:06 145743                     /lib/x86_64-linux-gnu/libpthread-2.19.so
7f554c009000-7f554c00d000 rw-p 00000000 00:00 0 
7f554c00d000-7f554c010000 r-xp 00000000 08:06 145738                     /lib/x86_64-linux-gnu/libdl-2.19.so
7f554c010000-7f554c20f000 ---p 00003000 08:06 145738                     /lib/x86_64-linux-gnu/libdl-2.19.so
7f554c20f000-7f554c210000 r--p 00002000 08:06 145738                     /lib/x86_64-linux-gnu/libdl-2.19.so
7f554c210000-7f554c211000 rw-p 00003000 08:06 145738                     /lib/x86_64-linux-gnu/libdl-2.19.so
7f554c211000-7f554c3cc000 r-xp 00000000 08:06 148473                     /lib/x86_64-linux-gnu/libc-2.19.so
7f554c3cc000-7f554c5cb000 ---p 001bb000 08:06 148473                     /lib/x86_64-linux-gnu/libc-2.19.so
7f554c5cb000-7f554c5cf000 r--p 001ba000 08:06 148473                     /lib/x86_64-linux-gnu/libc-2.19.so
7f554c5cf000-7f554c5d1000 rw-p 001be000 08:06 148473                     /lib/x86_64-linux-gnu/libc-2.19.so
7f554c5d1000-7f554c5d6000 rw-p 00000000 00:00 0 
7f554c5d6000-7f554c5e3000 r-xp 00000000 08:06 1489800                    /usr/lib/jvm/java-7-openjdk-amd64/jre/lib/amd64/jli/libjli.so
7f554c5e3000-7f554c7e2000 ---p 0000d000 08:06 1489800                    /usr/lib/jvm/java-7-openjdk-amd64/jre/lib/amd64/jli/libjli.so
7f554c7e2000-7f554c7e3000 r--p 0000c000 08:06 1489800                    /usr/lib/jvm/java-7-openjdk-amd64/jre/lib/amd64/jli/libjli.so
7f554c7e3000-7f554c7e4000 rw-p 0000d000 08:06 1489800                    /usr/lib/jvm/java-7-openjdk-amd64/jre/lib/amd64/jli/libjli.so
7f554c7e4000-7f554c807000 r-xp 00000000 08:06 145744                     /lib/x86_64-linux-gnu/ld-2.19.so
7f554c807000-7f554c80a000 r--s 0000f000 08:06 1489840                    /usr/lib/jvm/java-7-openjdk-amd64/jre/lib/ext/icedtea-sound.jar
7f554c80a000-7f554c82c000 rw-p 00000000 00:00 0 
7f554c82c000-7f554c8e2000 rw-p 00000000 00:00 0 
7f554c8e2000-7f554c8e5000 ---p 00000000 00:00 0 
7f554c8e5000-7f554c9e9000 rw-p 00000000 00:00 0                          [stack:9265]
7f554c9e9000-7f554c9eb000 r--s 00012000 08:06 1489837                    /usr/lib/jvm/java-7-openjdk-amd64/jre/lib/ext/zipfs.jar
7f554c9eb000-7f554c9ec000 r--s 00002000 08:06 1489839                    /usr/lib/jvm/java-7-openjdk-amd64/jre/lib/ext/dnsns.jar
7f554c9ec000-7f554c9ee000 r--s 00006000 08:06 1840524                    /usr/share/java/java-atk-wrapper.jar
7f554c9ee000-7f554c9f2000 r--s 0003c000 08:06 1489838                    /usr/lib/jvm/java-7-openjdk-amd64/jre/lib/ext/sunpkcs11.jar
7f554c9f2000-7f554c9f6000 r--s 00034000 08:06 1489836                    /usr/lib/jvm/java-7-openjdk-amd64/jre/lib/ext/sunjce_provider.jar
7f554c9f6000-7f554c9fa000 r--s 00085000 08:06 1489835                    /usr/lib/jvm/java-7-openjdk-amd64/jre/lib/ext/localedata.jar
7f554c9fa000-7f554ca02000 rw-s 00000000 08:06 1840745                    /tmp/hsperfdata_tulin/9259
7f554ca02000-7f554ca03000 rw-p 00000000 00:00 0 
7f554ca03000-7f554ca04000 ---p 00000000 00:00 0 
7f554ca04000-7f554ca06000 rw-p 00000000 00:00 0 
7f554ca06000-7f554ca07000 r--p 00022000 08:06 145744                     /lib/x86_64-linux-gnu/ld-2.19.so
7f554ca07000-7f554ca08000 rw-p 00023000 08:06 145744                     /lib/x86_64-linux-gnu/ld-2.19.so
7f554ca08000-7f554ca09000 rw-p 00000000 00:00 0 
7ffc28e65000-7ffc28e86000 rw-p 00000000 00:00 0                          [stack]
7ffc28eec000-7ffc28eee000 r-xp 00000000 00:00 0                          [vdso]
ffffffffff600000-ffffffffff601000 r-xp 00000000 00:00 0                  [vsyscall]

VM Arguments:
jvm_args: -Djava.awt.headless=true -Xmx1024M -Dfile.encoding=UTF-8 -Duser.country=US -Duser.language=en -Duser.variant 
java_command: com.android.dx.command.Main --dex --num-threads=4 --output /home/tulin/AndroidStudioProjects/CamApp/app/build/intermediates/pre-dexed/debug/com.android.support-support-v4-23.2.0_4b1fd8c92292e56f5a1fba56278554e72cab954d.jar /home/tulin/AndroidStudioProjects/CamApp/app/build/intermediates/exploded-aar/com.android.support/support-v4/23.2.0/jars/classes.jar
Launcher Type: SUN_STANDARD

Environment Variables:
PATH=/usr/local/sbin:/usr/local/bin:/usr/sbin:/usr/bin:/sbin:/bin:/usr/games:/usr/local/games
SHELL=/bin/bash
DISPLAY=:0

Signal Handlers:
SIGSEGV: [libjvm.so+0x955bc0], sa_mask[0]=0x7ffbfeff, sa_flags=0x10000004
SIGBUS: [libjvm.so+0x955bc0], sa_mask[0]=0x7ffbfeff, sa_flags=0x10000004
SIGFPE: [libjvm.so+0x7caff0], sa_mask[0]=0x7ffbfeff, sa_flags=0x10000004
SIGPIPE: [libjvm.so+0x7caff0], sa_mask[0]=0x7ffbfeff, sa_flags=0x10000004
SIGXFSZ: [libjvm.so+0x7caff0], sa_mask[0]=0x7ffbfeff, sa_flags=0x10000004
SIGILL: [libjvm.so+0x7caff0], sa_mask[0]=0x7ffbfeff, sa_flags=0x10000004
SIGUSR1: SIG_DFL, sa_mask[0]=0x00000000, sa_flags=0x00000000
SIGUSR2: [libjvm.so+0x7cae90], sa_mask[0]=0x00000004, sa_flags=0x10000004
SIGHUP: [libjvm.so+0x7cb070], sa_mask[0]=0x7ffbfeff, sa_flags=0x10000004
SIGINT: [libjvm.so+0x7cb070], sa_mask[0]=0x7ffbfeff, sa_flags=0x10000004
SIGTERM: [libjvm.so+0x7cb070], sa_mask[0]=0x7ffbfeff, sa_flags=0x10000004
SIGQUIT: [libjvm.so+0x7cb070], sa_mask[0]=0x7ffbfeff, sa_flags=0x10000004
SIGTRAP: SIG_DFL, sa_mask[0]=0x00000000, sa_flags=0x00000000


---------------  S Y S T E M  ---------------

OS:Ubuntu 14.04 (trusty)
uname:Linux 3.13.0-79-generic #123-Ubuntu SMP Fri Feb 19 14:27:58 UTC 2016 x86_64
libc:glibc 2.19 NPTL 2.19 
rlimit: STACK 8192k, CORE 0k, NPROC 30460, NOFILE 4096, AS infinity
load average:4,00 2,44 3,65

/proc/meminfo:
MemTotal:        3946988 kB
MemFree:          146348 kB
Buffers:             564 kB
Cached:           697204 kB
SwapCached:            0 kB
Active:          2948640 kB
Inactive:         673120 kB
Active(anon):    2940888 kB
Inactive(anon):   665636 kB
Active(file):       7752 kB
Inactive(file):     7484 kB
Unevictable:          32 kB
Mlocked:              32 kB
SwapTotal:             0 kB
SwapFree:              0 kB
Dirty:              1096 kB
Writeback:             0 kB
AnonPages:       2924500 kB
Mapped:           228732 kB
Shmem:            682304 kB
Slab:              75560 kB
SReclaimable:      36252 kB
SUnreclaim:        39308 kB
KernelStack:        6056 kB
PageTables:        42748 kB
NFS_Unstable:          0 kB
Bounce:                0 kB
WritebackTmp:          0 kB
CommitLimit:     1973492 kB
Committed_AS:    8622796 kB
VmallocTotal:   34359738367 kB
VmallocUsed:      350184 kB
VmallocChunk:   34359381756 kB
HardwareCorrupted:     0 kB
AnonHugePages:   1191936 kB
HugePages_Total:       0
HugePages_Free:        0
HugePages_Rsvd:        0
HugePages_Surp:        0
Hugepagesize:       2048 kB
DirectMap4k:       66592 kB
DirectMap2M:     4028416 kB


CPU:total 4 (2 cores per cpu, 2 threads per core) family 6 model 42 stepping 7, cmov, cx8, fxsr, mmx, sse, sse2, sse3, ssse3, sse4.1, sse4.2, popcnt, avx, aes, ht, tsc, tscinvbit

/proc/cpuinfo:
processor	: 0
vendor_id	: GenuineIntel
cpu family	: 6
model		: 42
model name	: Intel(R) Core(TM) i5-2557M CPU @ 1.70GHz
stepping	: 7
microcode	: 0x1a
cpu MHz		: 1701.000
cache size	: 3072 KB
physical id	: 0
siblings	: 4
core id		: 0
cpu cores	: 2
apicid		: 0
initial apicid	: 0
fpu		: yes
fpu_exception	: yes
cpuid level	: 13
wp		: yes
flags		: fpu vme de pse tsc msr pae mce cx8 apic sep mtrr pge mca cmov pat pse36 clflush dts acpi mmx fxsr sse sse2 ss ht tm pbe syscall nx rdtscp lm constant_tsc arch_perfmon pebs bts rep_good nopl xtopology nonstop_tsc aperfmperf eagerfpu pni pclmulqdq dtes64 monitor ds_cpl vmx smx est tm2 ssse3 cx16 xtpr pdcm pcid sse4_1 sse4_2 x2apic popcnt tsc_deadline_timer aes xsave avx lahf_lm ida arat epb xsaveopt pln pts dtherm tpr_shadow vnmi flexpriority ept vpid
bogomips	: 3392.10
clflush size	: 64
cache_alignment	: 64
address sizes	: 36 bits physical, 48 bits virtual
power management:

processor	: 1
vendor_id	: GenuineIntel
cpu family	: 6
model		: 42
model name	: Intel(R) Core(TM) i5-2557M CPU @ 1.70GHz
stepping	: 7
microcode	: 0x1a
cpu MHz		: 1701.000
cache size	: 3072 KB
physical id	: 0
siblings	: 4
core id		: 1
cpu cores	: 2
apicid		: 2
initial apicid	: 2
fpu		: yes
fpu_exception	: yes
cpuid level	: 13
wp		: yes
flags		: fpu vme de pse tsc msr pae mce cx8 apic sep mtrr pge mca cmov pat pse36 clflush dts acpi mmx fxsr sse sse2 ss ht tm pbe syscall nx rdtscp lm constant_tsc arch_perfmon pebs bts rep_good nopl xtopology nonstop_tsc aperfmperf eagerfpu pni pclmulqdq dtes64 monitor ds_cpl vmx smx est tm2 ssse3 cx16 xtpr pdcm pcid sse4_1 sse4_2 x2apic popcnt tsc_deadline_timer aes xsave avx lahf_lm ida arat epb xsaveopt pln pts dtherm tpr_shadow vnmi flexpriority ept vpid
bogomips	: 3392.10
clflush size	: 64
cache_alignment	: 64
address sizes	: 36 bits physical, 48 bits virtual
power management:

processor	: 2
vendor_id	: GenuineIntel
cpu family	: 6
model		: 42
model name	: Intel(R) Core(TM) i5-2557M CPU @ 1.70GHz
stepping	: 7
microcode	: 0x1a
cpu MHz		: 1701.000
cache size	: 3072 KB
physical id	: 0
siblings	: 4
core id		: 0
cpu cores	: 2
apicid		: 1
initial apicid	: 1
fpu		: yes
fpu_exception	: yes
cpuid level	: 13
wp		: yes
flags		: fpu vme de pse tsc msr pae mce cx8 apic sep mtrr pge mca cmov pat pse36 clflush dts acpi mmx fxsr sse sse2 ss ht tm pbe syscall nx rdtscp lm constant_tsc arch_perfmon pebs bts rep_good nopl xtopology nonstop_tsc aperfmperf eagerfpu pni pclmulqdq dtes64 monitor ds_cpl vmx smx est tm2 ssse3 cx16 xtpr pdcm pcid sse4_1 sse4_2 x2apic popcnt tsc_deadline_timer aes xsave avx lahf_lm ida arat epb xsaveopt pln pts dtherm tpr_shadow vnmi flexpriority ept vpid
bogomips	: 3392.10
clflush size	: 64
cache_alignment	: 64
address sizes	: 36 bits physical, 48 bits virtual
power management:

processor	: 3
vendor_id	: GenuineIntel
cpu family	: 6
model		: 42
model name	: Intel(R) Core(TM) i5-2557M CPU @ 1.70GHz
stepping	: 7
microcode	: 0x1a
cpu MHz		: 1701.000
cache size	: 3072 KB
physical id	: 0
siblings	: 4
core id		: 1
cpu cores	: 2
apicid		: 3
initial apicid	: 3
fpu		: yes
fpu_exception	: yes
cpuid level	: 13
wp		: yes
flags		: fpu vme de pse tsc msr pae mce cx8 apic sep mtrr pge mca cmov pat pse36 clflush dts acpi mmx fxsr sse sse2 ss ht tm pbe syscall nx rdtscp lm constant_tsc arch_perfmon pebs bts rep_good nopl xtopology nonstop_tsc aperfmperf eagerfpu pni pclmulqdq dtes64 monitor ds_cpl vmx smx est tm2 ssse3 cx16 xtpr pdcm pcid sse4_1 sse4_2 x2apic popcnt tsc_deadline_timer aes xsave avx lahf_lm ida arat epb xsaveopt pln pts dtherm tpr_shadow vnmi flexpriority ept vpid
bogomips	: 3392.10
clflush size	: 64
cache_alignment	: 64
address sizes	: 36 bits physical, 48 bits virtual
power management:



Memory: 4k page, physical 3946988k(146348k free), swap 0k(0k free)

vm_info: OpenJDK 64-Bit Server VM (24.95-b01) for linux-amd64 JRE (1.7.0_95-b00), built on Jan 21 2016 03:31:40 by "buildd" with gcc 4.8.4

time: Wed Mar 23 16:00:15 2016
elapsed time: 12 seconds

