#
# There is insufficient memory for the Java Runtime Environment to continue.
# Native memory allocation (malloc) failed to allocate 75497472 bytes for committing reserved memory.
# Possible reasons:
#   The system is out of physical RAM or swap space
#   In 32 bit mode, the process size limit was hit
# Possible solutions:
#   Reduce memory load on the system
#   Increase physical memory or swap space
#   Check if swap backing store is full
#   Use 64 bit Java on a 64 bit OS
#   Decrease Java heap size (-Xmx/-Xms)
#   Decrease number of Java threads
#   Decrease Java thread stack sizes (-Xss)
#   Set larger code cache with -XX:ReservedCodeCacheSize=
# This output file may be truncated or incomplete.
#
#  Out of Memory Error (os_linux.cpp:2827), pid=19876, tid=140356443170560
#
# JRE version: OpenJDK Runtime Environment (7.0_95) (build 1.7.0_95-b00)
# Java VM: OpenJDK 64-Bit Server VM (24.95-b01 mixed mode linux-amd64 compressed oops)
# Derivative: IcedTea 2.6.4
# Distribution: Ubuntu 14.04.3 LTS, package 7u95-2.6.4-0ubuntu0.14.04.1
# Failed to write core dump. Core dumps have been disabled. To enable core dumping, try "ulimit -c unlimited" before starting Java again
#

---------------  T H R E A D  ---------------

Current thread (0x00007fa75c076000):  VMThread [stack: 0x00007fa747dfe000,0x00007fa747eff000] [id=19903]

Stack: [0x00007fa747dfe000,0x00007fa747eff000],  sp=0x00007fa747efd490,  free space=1021k
Native frames: (J=compiled Java code, j=interpreted, Vv=VM code, C=native code)
V  [libjvm.so+0x9550e5]
V  [libjvm.so+0x4902b4]
V  [libjvm.so+0x7cf7bb]
V  [libjvm.so+0x7ca28f]
V  [libjvm.so+0x83e56b]
V  [libjvm.so+0x83f3e0]
V  [libjvm.so+0x83facb]
V  [libjvm.so+0x83b4d8]
V  [libjvm.so+0x83bd48]
V  [libjvm.so+0x7f1fd3]
V  [libjvm.so+0x956ae4]
V  [libjvm.so+0x95abe7]
V  [libjvm.so+0x9596a8]
V  [libjvm.so+0x959b09]
V  [libjvm.so+0x959f52]
V  [libjvm.so+0x7cc682]

VM_Operation (0x00007fa745624410): ParallelGCFailedAllocation, mode: safepoint, requested by thread 0x00007fa75c1ac000


---------------  P R O C E S S  ---------------

Java Threads: ( => current thread )
  0x00007fa75c149800 JavaThread "pool-1-thread-4" [_thread_blocked, id=19958, stack(0x00007fa745222000,0x00007fa745323000)]
  0x00007fa75c146000 JavaThread "pool-1-thread-3" [_thread_blocked, id=19952, stack(0x00007fa745323000,0x00007fa745424000)]
  0x00007fa75c143800 JavaThread "pool-1-thread-2" [_thread_blocked, id=19949, stack(0x00007fa745424000,0x00007fa745525000)]
  0x00007fa75c1ac000 JavaThread "pool-2-thread-1" [_thread_blocked, id=19942, stack(0x00007fa745525000,0x00007fa745626000)]
  0x00007fa75c1aa000 JavaThread "pool-1-thread-1" [_thread_blocked, id=19937, stack(0x00007fa745626000,0x00007fa745727000)]
  0x00007fa75c0af800 JavaThread "Service Thread" daemon [_thread_blocked, id=19928, stack(0x00007fa746fa6000,0x00007fa7470a7000)]
  0x00007fa75c0ad800 JavaThread "C2 CompilerThread1" daemon [_thread_in_native, id=19924, stack(0x00007fa7470a7000,0x00007fa7471a8000)]
  0x00007fa75c0aa800 JavaThread "C2 CompilerThread0" daemon [_thread_blocked, id=19921, stack(0x00007fa7471a8000,0x00007fa7472a9000)]
  0x00007fa75c0a8800 JavaThread "Signal Dispatcher" daemon [_thread_blocked, id=19917, stack(0x00007fa7472a9000,0x00007fa7473aa000)]
  0x00007fa75c07c000 JavaThread "Finalizer" daemon [_thread_blocked, id=19914, stack(0x00007fa747bfc000,0x00007fa747cfd000)]
  0x00007fa75c07a000 JavaThread "Reference Handler" daemon [_thread_blocked, id=19913, stack(0x00007fa747cfd000,0x00007fa747dfe000)]
  0x00007fa75c00a800 JavaThread "main" [_thread_blocked, id=19885, stack(0x00007fa7625be000,0x00007fa7626bf000)]

Other Threads:
=>0x00007fa75c076000 VMThread [stack: 0x00007fa747dfe000,0x00007fa747eff000] [id=19903]
  0x00007fa75c0ba800 WatcherThread [stack: 0x00007fa746ea5000,0x00007fa746fa6000] [id=19933]

VM state:at safepoint (normal execution)

VM Mutex/Monitor currently owned by a thread:  ([mutex/lock_event])
[0x00007fa75c006990] Threads_lock - owner thread: 0x00007fa75c076000
[0x00007fa75c006e90] Heap_lock - owner thread: 0x00007fa75c1ac000

Heap
 PSYoungGen      total 72192K, used 9717K [0x00000000eaa80000, 0x00000000efb80000, 0x0000000100000000)
  eden space 62464K, 0% used [0x00000000eaa80000,0x00000000eaa80000,0x00000000ee780000)
  from space 9728K, 99% used [0x00000000ee780000,0x00000000ef0fd400,0x00000000ef100000)
  to   space 8704K, 0% used [0x00000000ef100000,0x00000000ef100000,0x00000000ef980000)
 ParOldGen       total 40960K, used 22251K [0x00000000c0000000, 0x00000000c2800000, 0x00000000eaa80000)
  object space 40960K, 54% used [0x00000000c0000000,0x00000000c15baeb0,0x00000000c2800000)
 PSPermGen       total 21504K, used 6225K [0x00000000b5a00000, 0x00000000b6f00000, 0x00000000c0000000)
  object space 21504K, 28% used [0x00000000b5a00000,0x00000000b6014650,0x00000000b6f00000)

Card table byte_map: [0x00007fa757f27000,0x00007fa75817b000] byte_map_base: 0x00007fa75797a000

Polling page: 0x00007fa7626df000

Code Cache  [0x00007fa75817b000, 0x00007fa7583eb000, 0x00007fa75b17b000)
 total_blobs=489 nmethods=258 adapters=184 free_code_cache=48052Kb largest_free_block=49145024

Compilation events (10 events):
Event: 59,762 Thread 0x00007fa75c0aa800 nmethod 255 0x00007fa75826a350 code [0x00007fa75826a4a0, 0x00007fa75826a538]
Event: 59,762 Thread 0x00007fa75c0aa800  256             com.android.dx.rop.code.InsnList::getLast (11 bytes)
Event: 59,763 Thread 0x00007fa75c0aa800 nmethod 256 0x00007fa75826cf90 code [0x00007fa75826d0e0, 0x00007fa75826d1b8]
Event: 59,763 Thread 0x00007fa75c0aa800  257             com.android.dx.dex.code.CodeAddress::<init> (11 bytes)
Event: 59,779 Thread 0x00007fa75c0aa800 nmethod 257 0x00007fa758278850 code [0x00007fa7582789a0, 0x00007fa758278a38]
Event: 59,780 Thread 0x00007fa75c0aa800  258             com.android.dx.dex.code.CodeAddress::<init> (7 bytes)
Event: 59,781 Thread 0x00007fa75c0aa800 nmethod 258 0x00007fa758278590 code [0x00007fa7582786e0, 0x00007fa758278778]
Event: 59,781 Thread 0x00007fa75c0aa800  259             com.android.dx.ssa.back.SsaToRop::convertInsns (53 bytes)
Event: 59,842 Thread 0x00007fa75c0aa800 nmethod 259 0x00007fa758277ad0 code [0x00007fa758277c60, 0x00007fa758278078]
Event: 59,842 Thread 0x00007fa75c0aa800  260   !         com.android.dx.cf.code.Ropper::processBlock (1101 bytes)

GC Heap History (10 events):
Event: 44,857 GC heap after
Heap after GC invocations=2 (full 0):
 PSYoungGen      total 18432K, used 2551K [0x00000000eaa80000, 0x00000000ece80000, 0x0000000100000000)
  eden space 15872K, 0% used [0x00000000eaa80000,0x00000000eaa80000,0x00000000eba00000)
  from space 2560K, 99% used [0x00000000ebc80000,0x00000000ebefdc88,0x00000000ebf00000)
  to   space 2560K, 0% used [0x00000000eba00000,0x00000000eba00000,0x00000000ebc80000)
 ParOldGen       total 40960K, used 2402K [0x00000000c0000000, 0x00000000c2800000, 0x00000000eaa80000)
  object space 40960K, 5% used [0x00000000c0000000,0x00000000c0258b18,0x00000000c2800000)
 PSPermGen       total 21504K, used 6057K [0x00000000b5a00000, 0x00000000b6f00000, 0x00000000c0000000)
  object space 21504K, 28% used [0x00000000b5a00000,0x00000000b5fea618,0x00000000b6f00000)
}
Event: 46,639 GC heap before
{Heap before GC invocations=3 (full 0):
 PSYoungGen      total 18432K, used 18423K [0x00000000eaa80000, 0x00000000ece80000, 0x0000000100000000)
  eden space 15872K, 100% used [0x00000000eaa80000,0x00000000eba00000,0x00000000eba00000)
  from space 2560K, 99% used [0x00000000ebc80000,0x00000000ebefdc88,0x00000000ebf00000)
  to   space 2560K, 0% used [0x00000000eba00000,0x00000000eba00000,0x00000000ebc80000)
 ParOldGen       total 40960K, used 2402K [0x00000000c0000000, 0x00000000c2800000, 0x00000000eaa80000)
  object space 40960K, 5% used [0x00000000c0000000,0x00000000c0258b18,0x00000000c2800000)
 PSPermGen       total 21504K, used 6113K [0x00000000b5a00000, 0x00000000b6f00000, 0x00000000c0000000)
  object space 21504K, 28% used [0x00000000b5a00000,0x00000000b5ff8640,0x00000000b6f00000)
Event: 46,842 GC heap after
Heap after GC invocations=3 (full 0):
 PSYoungGen      total 18432K, used 2544K [0x00000000eaa80000, 0x00000000ece80000, 0x0000000100000000)
  eden space 15872K, 0% used [0x00000000eaa80000,0x00000000eaa80000,0x00000000eba00000)
  from space 2560K, 99% used [0x00000000eba00000,0x00000000ebc7c058,0x00000000ebc80000)
  to   space 2560K, 0% used [0x00000000ecc00000,0x00000000ecc00000,0x00000000ece80000)
 ParOldGen       total 40960K, used 4789K [0x00000000c0000000, 0x00000000c2800000, 0x00000000eaa80000)
  object space 40960K, 11% used [0x00000000c0000000,0x00000000c04ad748,0x00000000c2800000)
 PSPermGen       total 21504K, used 6113K [0x00000000b5a00000, 0x00000000b6f00000, 0x00000000c0000000)
  object space 21504K, 28% used [0x00000000b5a00000,0x00000000b5ff8640,0x00000000b6f00000)
}
Event: 49,536 GC heap before
{Heap before GC invocations=4 (full 0):
 PSYoungGen      total 18432K, used 18416K [0x00000000eaa80000, 0x00000000ece80000, 0x0000000100000000)
  eden space 15872K, 100% used [0x00000000eaa80000,0x00000000eba00000,0x00000000eba00000)
  from space 2560K, 99% used [0x00000000eba00000,0x00000000ebc7c058,0x00000000ebc80000)
  to   space 2560K, 0% used [0x00000000ecc00000,0x00000000ecc00000,0x00000000ece80000)
 ParOldGen       total 40960K, used 4789K [0x00000000c0000000, 0x00000000c2800000, 0x00000000eaa80000)
  object space 40960K, 11% used [0x00000000c0000000,0x00000000c04ad748,0x00000000c2800000)
 PSPermGen       total 21504K, used 6134K [0x00000000b5a00000, 0x00000000b6f00000, 0x00000000c0000000)
  object space 21504K, 28% used [0x00000000b5a00000,0x00000000b5ffdb50,0x00000000b6f00000)
Event: 49,729 GC heap after
Heap after GC invocations=4 (full 0):
 PSYoungGen      total 34304K, used 2544K [0x00000000eaa80000, 0x00000000ece80000, 0x0000000100000000)
  eden space 31744K, 0% used [0x00000000eaa80000,0x00000000eaa80000,0x00000000ec980000)
  from space 2560K, 99% used [0x00000000ecc00000,0x00000000ece7c010,0x00000000ece80000)
  to   space 2560K, 0% used [0x00000000ec980000,0x00000000ec980000,0x00000000ecc00000)
 ParOldGen       total 40960K, used 7763K [0x00000000c0000000, 0x00000000c2800000, 0x00000000eaa80000)
  object space 40960K, 18% used [0x00000000c0000000,0x00000000c0794d58,0x00000000c2800000)
 PSPermGen       total 21504K, used 6134K [0x00000000b5a00000, 0x00000000b6f00000, 0x00000000c0000000)
  object space 21504K, 28% used [0x00000000b5a00000,0x00000000b5ffdb50,0x00000000b6f00000)
}
Event: 53,596 GC heap before
{Heap before GC invocations=5 (full 0):
 PSYoungGen      total 34304K, used 34288K [0x00000000eaa80000, 0x00000000ece80000, 0x0000000100000000)
  eden space 31744K, 100% used [0x00000000eaa80000,0x00000000ec980000,0x00000000ec980000)
  from space 2560K, 99% used [0x00000000ecc00000,0x00000000ece7c010,0x00000000ece80000)
  to   space 2560K, 0% used [0x00000000ec980000,0x00000000ec980000,0x00000000ecc00000)
 ParOldGen       total 40960K, used 7763K [0x00000000c0000000, 0x00000000c2800000, 0x00000000eaa80000)
  object space 40960K, 18% used [0x00000000c0000000,0x00000000c0794d58,0x00000000c2800000)
 PSPermGen       total 21504K, used 6163K [0x00000000b5a00000, 0x00000000b6f00000, 0x00000000c0000000)
  object space 21504K, 28% used [0x00000000b5a00000,0x00000000b6004eb8,0x00000000b6f00000)
Event: 53,626 GC heap after
Heap after GC invocations=5 (full 0):
 PSYoungGen      total 34304K, used 2528K [0x00000000eaa80000, 0x00000000ef980000, 0x0000000100000000)
  eden space 31744K, 0% used [0x00000000eaa80000,0x00000000eaa80000,0x00000000ec980000)
  from space 2560K, 98% used [0x00000000ec980000,0x00000000ecbf8020,0x00000000ecc00000)
  to   space 8704K, 0% used [0x00000000ef100000,0x00000000ef100000,0x00000000ef980000)
 ParOldGen       total 40960K, used 13350K [0x00000000c0000000, 0x00000000c2800000, 0x00000000eaa80000)
  object space 40960K, 32% used [0x00000000c0000000,0x00000000c0d09918,0x00000000c2800000)
 PSPermGen       total 21504K, used 6163K [0x00000000b5a00000, 0x00000000b6f00000, 0x00000000c0000000)
  object space 21504K, 28% used [0x00000000b5a00000,0x00000000b6004eb8,0x00000000b6f00000)
}
Event: 56,506 GC heap before
{Heap before GC invocations=6 (full 0):
 PSYoungGen      total 34304K, used 34272K [0x00000000eaa80000, 0x00000000ef980000, 0x0000000100000000)
  eden space 31744K, 100% used [0x00000000eaa80000,0x00000000ec980000,0x00000000ec980000)
  from space 2560K, 98% used [0x00000000ec980000,0x00000000ecbf8020,0x00000000ecc00000)
  to   space 8704K, 0% used [0x00000000ef100000,0x00000000ef100000,0x00000000ef980000)
 ParOldGen       total 40960K, used 13350K [0x00000000c0000000, 0x00000000c2800000, 0x00000000eaa80000)
  object space 40960K, 32% used [0x00000000c0000000,0x00000000c0d09918,0x00000000c2800000)
 PSPermGen       total 21504K, used 6183K [0x00000000b5a00000, 0x00000000b6f00000, 0x00000000c0000000)
  object space 21504K, 28% used [0x00000000b5a00000,0x00000000b6009f90,0x00000000b6f00000)
Event: 56,586 GC heap after
Heap after GC invocations=6 (full 0):
 PSYoungGen      total 71168K, used 8304K [0x00000000eaa80000, 0x00000000efb80000, 0x0000000100000000)
  eden space 62464K, 0% used [0x00000000eaa80000,0x00000000eaa80000,0x00000000ee780000)
  from space 8704K, 95% used [0x00000000ef100000,0x00000000ef91c010,0x00000000ef980000)
  to   space 9728K, 0% used [0x00000000ee780000,0x00000000ee780000,0x00000000ef100000)
 ParOldGen       total 40960K, used 13350K [0x00000000c0000000, 0x00000000c2800000, 0x00000000eaa80000)
  object space 40960K, 32% used [0x00000000c0000000,0x00000000c0d09918,0x00000000c2800000)
 PSPermGen       total 21504K, used 6183K [0x00000000b5a00000, 0x00000000b6f00000, 0x00000000c0000000)
  object space 21504K, 28% used [0x00000000b5a00000,0x00000000b6009f90,0x00000000b6f00000)
}
Event: 60,504 GC heap before
{Heap before GC invocations=7 (full 0):
 PSYoungGen      total 71168K, used 70768K [0x00000000eaa80000, 0x00000000efb80000, 0x0000000100000000)
  eden space 62464K, 100% used [0x00000000eaa80000,0x00000000ee780000,0x00000000ee780000)
  from space 8704K, 95% used [0x00000000ef100000,0x00000000ef91c010,0x00000000ef980000)
  to   space 9728K, 0% used [0x00000000ee780000,0x00000000ee780000,0x00000000ef100000)
 ParOldGen       total 40960K, used 13350K [0x00000000c0000000, 0x00000000c2800000, 0x00000000eaa80000)
  object space 40960K, 32% used [0x00000000c0000000,0x00000000c0d09918,0x00000000c2800000)
 PSPermGen       total 21504K, used 6225K [0x00000000b5a00000, 0x00000000b6f00000, 0x00000000c0000000)
  object space 21504K, 28% used [0x00000000b5a00000,0x00000000b6014650,0x00000000b6f00000)

Deoptimization events (7 events):
Event: 22,053 Thread 0x00007fa75c00a800 Uncommon trap: reason=unstable_if action=reinterpret pc=0x00007fa7581dbc34 method=java.lang.String.indexOf(II)I @ 49
Event: 43,406 Thread 0x00007fa75c143800 Uncommon trap: reason=null_check action=make_not_entrant pc=0x00007fa7581f9e04 method=com.android.dx.rop.code.LocalItem.equals(Ljava/lang/Object;)Z @ 1
Event: 49,167 Thread 0x00007fa75c149800 Uncommon trap: reason=unstable_if action=reinterpret pc=0x00007fa75820ac6c method=com.android.dx.rop.code.RegisterSpec.equals(ILcom/android/dx/rop/type/TypeBearer;Lcom/android/dx/rop/code/LocalItem;)Z @ 42
Event: 49,921 Thread 0x00007fa75c146000 Uncommon trap: reason=null_check action=make_not_entrant pc=0x00007fa75824e738 method=com.android.dx.ssa.SsaRenamer.getLocalForNewReg(I)Lcom/android/dx/rop/code/LocalItem; @ 19
Event: 51,018 Thread 0x00007fa75c143800 Uncommon trap: reason=null_check action=make_not_entrant pc=0x00007fa758207fd0 method=com.android.dx.rop.type.Type.equals(Ljava/lang/Object;)Z @ 8
Event: 57,598 Thread 0x00007fa75c1aa000 Uncommon trap: reason=unstable_if action=reinterpret pc=0x00007fa75824493c method=java.util.HashMap.put(Ljava/lang/Object;Ljava/lang/Object;)Ljava/lang/Object; @ 86
Event: 59,541 Thread 0x00007fa75c00a800 Uncommon trap: reason=unstable_if action=reinterpret pc=0x00007fa758256384 method=com.android.dx.ssa.LocalVariableExtractor.processBlock(I)V @ 251

Internal exceptions (10 events):
Event: 42,781 Thread 0x00007fa75c143800 Threw 0x00000000eb8973c0 at /build/openjdk-7-2FOwCu/openjdk-7-7u95-2.6.4/build/openjdk/hotspot/src/share/vm/prims/jvm.cpp:1322
Event: 42,968 Thread 0x00007fa75c00a800 Threw 0x00000000eb985d70 at /build/openjdk-7-2FOwCu/openjdk-7-7u95-2.6.4/build/openjdk/hotspot/src/share/vm/prims/jvm.cpp:1322
Event: 43,032 Thread 0x00007fa75c00a800 Threw 0x00000000eaa98d18 at /build/openjdk-7-2FOwCu/openjdk-7-7u95-2.6.4/build/openjdk/hotspot/src/share/vm/prims/jvm.cpp:1322
Event: 43,406 Thread 0x00007fa75c143800 Implicit null exception at 0x00007fa7581f9a7d to 0x00007fa7581f9df1
Event: 43,448 Thread 0x00007fa75c146000 Threw 0x00000000eadc9f98 at /build/openjdk-7-2FOwCu/openjdk-7-7u95-2.6.4/build/openjdk/hotspot/src/share/vm/prims/jvm.cpp:1322
Event: 44,340 Thread 0x00007fa75c00a800 Threw 0x00000000eb372250 at /build/openjdk-7-2FOwCu/openjdk-7-7u95-2.6.4/build/openjdk/hotspot/src/share/vm/prims/jvm.cpp:1322
Event: 49,921 Thread 0x00007fa75c146000 Implicit null exception at 0x00007fa75824cc83 to 0x00007fa75824e715
Event: 50,944 Thread 0x00007fa75c143800 Implicit null exception at 0x00007fa758207ed2 to 0x00007fa758207fc3
Event: 58,728 Thread 0x00007fa75c149800 Threw 0x00000000ecac0b40 at /build/openjdk-7-2FOwCu/openjdk-7-7u95-2.6.4/build/openjdk/hotspot/src/share/vm/prims/jvm.cpp:1322
Event: 60,078 Thread 0x00007fa75c00a800 Threw 0x00000000ee0bbdf8 at /build/openjdk-7-2FOwCu/openjdk-7-7u95-2.6.4/build/openjdk/hotspot/src/share/vm/prims/jvm.cpp:1322

Events (10 events):
Event: 57,598 Thread 0x00007fa75c1aa000 DEOPT PACKING pc=0x00007fa75824493c sp=0x00007fa7457250c0
Event: 57,598 Thread 0x00007fa75c1aa000 DEOPT UNPACKING pc=0x00007fa7581b4445 sp=0x00007fa745725090 mode 2
Event: 58,727 loading class 0x00007fa7180150b0
Event: 58,727 loading class 0x00007fa7180150b0 done
Event: 59,541 Thread 0x00007fa75c00a800 Uncommon trap: trap_request=0xffffff75 fr.pc=0x00007fa758256384
Event: 59,541 Thread 0x00007fa75c00a800 DEOPT PACKING pc=0x00007fa758256384 sp=0x00007fa7626bc9a0
Event: 59,541 Thread 0x00007fa75c00a800 DEOPT UNPACKING pc=0x00007fa7581b4445 sp=0x00007fa7626bc970 mode 2
Event: 60,077 loading class 0x00007fa75c139f60
Event: 60,077 loading class 0x00007fa75c139f60 done
Event: 60,494 Executing VM operation: ParallelGCFailedAllocation


Dynamic libraries:
00400000-00401000 r-xp 00000000 08:06 1454669                            /usr/lib/jvm/java-7-openjdk-amd64/jre/bin/java
00600000-00601000 r--p 00000000 08:06 1454669                            /usr/lib/jvm/java-7-openjdk-amd64/jre/bin/java
00601000-00602000 rw-p 00001000 08:06 1454669                            /usr/lib/jvm/java-7-openjdk-amd64/jre/bin/java
00adb000-00afc000 rw-p 00000000 00:00 0                                  [heap]
b5a00000-b6f00000 rw-p 00000000 00:00 0 
b6f00000-c0000000 rw-p 00000000 00:00 0 
c0000000-c2800000 rw-p 00000000 00:00 0 
c2800000-eaa80000 rw-p 00000000 00:00 0 
eaa80000-efb80000 rw-p 00000000 00:00 0 
f4380000-100000000 rw-p 00000000 00:00 0 
7fa70c000000-7fa70c02f000 rw-p 00000000 00:00 0 
7fa70c02f000-7fa710000000 ---p 00000000 00:00 0 
7fa710000000-7fa710021000 rw-p 00000000 00:00 0 
7fa710021000-7fa714000000 ---p 00000000 00:00 0 
7fa714000000-7fa714021000 rw-p 00000000 00:00 0 
7fa714021000-7fa718000000 ---p 00000000 00:00 0 
7fa718000000-7fa71803e000 rw-p 00000000 00:00 0 
7fa71803e000-7fa71c000000 ---p 00000000 00:00 0 
7fa71c000000-7fa71c021000 rw-p 00000000 00:00 0 
7fa71c021000-7fa720000000 ---p 00000000 00:00 0 
7fa720000000-7fa72003f000 rw-p 00000000 00:00 0 
7fa72003f000-7fa724000000 ---p 00000000 00:00 0 
7fa724000000-7fa7251a5000 rw-p 00000000 00:00 0 
7fa7251a5000-7fa728000000 ---p 00000000 00:00 0 
7fa728000000-7fa728021000 rw-p 00000000 00:00 0 
7fa728021000-7fa72c000000 ---p 00000000 00:00 0 
7fa72c000000-7fa72d064000 rw-p 00000000 00:00 0 
7fa72d064000-7fa730000000 ---p 00000000 00:00 0 
7fa730000000-7fa730021000 rw-p 00000000 00:00 0 
7fa730021000-7fa734000000 ---p 00000000 00:00 0 
7fa734000000-7fa734021000 rw-p 00000000 00:00 0 
7fa734021000-7fa738000000 ---p 00000000 00:00 0 
7fa738000000-7fa738021000 rw-p 00000000 00:00 0 
7fa738021000-7fa73c000000 ---p 00000000 00:00 0 
7fa73c000000-7fa73c021000 rw-p 00000000 00:00 0 
7fa73c021000-7fa740000000 ---p 00000000 00:00 0 
7fa740000000-7fa740021000 rw-p 00000000 00:00 0 
7fa740021000-7fa744000000 ---p 00000000 00:00 0 
7fa745222000-7fa745225000 ---p 00000000 00:00 0 
7fa745225000-7fa745323000 rw-p 00000000 00:00 0                          [stack:19958]
7fa745323000-7fa745326000 ---p 00000000 00:00 0 
7fa745326000-7fa745424000 rw-p 00000000 00:00 0                          [stack:19952]
7fa745424000-7fa745427000 ---p 00000000 00:00 0 
7fa745427000-7fa745525000 rw-p 00000000 00:00 0                          [stack:19949]
7fa745525000-7fa745528000 ---p 00000000 00:00 0 
7fa745528000-7fa745626000 rw-p 00000000 00:00 0                          [stack:19942]
7fa745626000-7fa745629000 ---p 00000000 00:00 0 
7fa745629000-7fa745727000 rw-p 00000000 00:00 0                          [stack:19937]
7fa745727000-7fa745764000 r-xp 00000000 08:06 130821                     /lib/x86_64-linux-gnu/libpcre.so.3.13.1
7fa745764000-7fa745963000 ---p 0003d000 08:06 130821                     /lib/x86_64-linux-gnu/libpcre.so.3.13.1
7fa745963000-7fa745964000 r--p 0003c000 08:06 130821                     /lib/x86_64-linux-gnu/libpcre.so.3.13.1
7fa745964000-7fa745965000 rw-p 0003d000 08:06 130821                     /lib/x86_64-linux-gnu/libpcre.so.3.13.1
7fa745965000-7fa74596c000 r-xp 00000000 08:06 1447540                    /usr/lib/x86_64-linux-gnu/libffi.so.6.0.1
7fa74596c000-7fa745b6b000 ---p 00007000 08:06 1447540                    /usr/lib/x86_64-linux-gnu/libffi.so.6.0.1
7fa745b6b000-7fa745b6c000 r--p 00006000 08:06 1447540                    /usr/lib/x86_64-linux-gnu/libffi.so.6.0.1
7fa745b6c000-7fa745b6d000 rw-p 00007000 08:06 1447540                    /usr/lib/x86_64-linux-gnu/libffi.so.6.0.1
7fa745b6d000-7fa745b84000 r-xp 00000000 08:06 134868                     /lib/x86_64-linux-gnu/libresolv-2.19.so
7fa745b84000-7fa745d84000 ---p 00017000 08:06 134868                     /lib/x86_64-linux-gnu/libresolv-2.19.so
7fa745d84000-7fa745d85000 r--p 00017000 08:06 134868                     /lib/x86_64-linux-gnu/libresolv-2.19.so
7fa745d85000-7fa745d86000 rw-p 00018000 08:06 134868                     /lib/x86_64-linux-gnu/libresolv-2.19.so
7fa745d86000-7fa745d88000 rw-p 00000000 00:00 0 
7fa745d88000-7fa745da8000 r-xp 00000000 08:06 135079                     /lib/x86_64-linux-gnu/libselinux.so.1
7fa745da8000-7fa745fa7000 ---p 00020000 08:06 135079                     /lib/x86_64-linux-gnu/libselinux.so.1
7fa745fa7000-7fa745fa8000 r--p 0001f000 08:06 135079                     /lib/x86_64-linux-gnu/libselinux.so.1
7fa745fa8000-7fa745fa9000 rw-p 00020000 08:06 135079                     /lib/x86_64-linux-gnu/libselinux.so.1
7fa745fa9000-7fa745fab000 rw-p 00000000 00:00 0 
7fa745fab000-7fa745fae000 r-xp 00000000 08:06 1439340                    /usr/lib/x86_64-linux-gnu/libgmodule-2.0.so.0.4002.0
7fa745fae000-7fa7461ad000 ---p 00003000 08:06 1439340                    /usr/lib/x86_64-linux-gnu/libgmodule-2.0.so.0.4002.0
7fa7461ad000-7fa7461ae000 r--p 00002000 08:06 1439340                    /usr/lib/x86_64-linux-gnu/libgmodule-2.0.so.0.4002.0
7fa7461ae000-7fa7461af000 rw-p 00003000 08:06 1439340                    /usr/lib/x86_64-linux-gnu/libgmodule-2.0.so.0.4002.0
7fa7461af000-7fa7462b5000 r-xp 00000000 08:06 134871                     /lib/x86_64-linux-gnu/libglib-2.0.so.0.4002.0
7fa7462b5000-7fa7464b4000 ---p 00106000 08:06 134871                     /lib/x86_64-linux-gnu/libglib-2.0.so.0.4002.0
7fa7464b4000-7fa7464b5000 r--p 00105000 08:06 134871                     /lib/x86_64-linux-gnu/libglib-2.0.so.0.4002.0
7fa7464b5000-7fa7464b6000 rw-p 00106000 08:06 134871                     /lib/x86_64-linux-gnu/libglib-2.0.so.0.4002.0
7fa7464b6000-7fa7464b7000 rw-p 00000000 00:00 0 
7fa7464b7000-7fa746506000 r-xp 00000000 08:06 1439358                    /usr/lib/x86_64-linux-gnu/libgobject-2.0.so.0.4002.0
7fa746506000-7fa746706000 ---p 0004f000 08:06 1439358                    /usr/lib/x86_64-linux-gnu/libgobject-2.0.so.0.4002.0
7fa746706000-7fa746707000 r--p 0004f000 08:06 1439358                    /usr/lib/x86_64-linux-gnu/libgobject-2.0.so.0.4002.0
7fa746707000-7fa746708000 rw-p 00050000 08:06 1439358                    /usr/lib/x86_64-linux-gnu/libgobject-2.0.so.0.4002.0
7fa746708000-7fa746874000 r-xp 00000000 08:06 1439362                    /usr/lib/x86_64-linux-gnu/libgio-2.0.so.0.4002.0
7fa746874000-7fa746a73000 ---p 0016c000 08:06 1439362                    /usr/lib/x86_64-linux-gnu/libgio-2.0.so.0.4002.0
7fa746a73000-7fa746a77000 r--p 0016b000 08:06 1439362                    /usr/lib/x86_64-linux-gnu/libgio-2.0.so.0.4002.0
7fa746a77000-7fa746a79000 rw-p 0016f000 08:06 1439362                    /usr/lib/x86_64-linux-gnu/libgio-2.0.so.0.4002.0
7fa746a79000-7fa746a7b000 rw-p 00000000 00:00 0 
7fa746a7b000-7fa746a92000 r-xp 00000000 08:06 1489830                    /usr/lib/jvm/java-7-openjdk-amd64/jre/lib/amd64/libnet.so
7fa746a92000-7fa746c91000 ---p 00017000 08:06 1489830                    /usr/lib/jvm/java-7-openjdk-amd64/jre/lib/amd64/libnet.so
7fa746c91000-7fa746c92000 r--p 00016000 08:06 1489830                    /usr/lib/jvm/java-7-openjdk-amd64/jre/lib/amd64/libnet.so
7fa746c92000-7fa746c93000 rw-p 00017000 08:06 1489830                    /usr/lib/jvm/java-7-openjdk-amd64/jre/lib/amd64/libnet.so
7fa746c93000-7fa746ca3000 r-xp 00000000 08:06 1489812                    /usr/lib/jvm/java-7-openjdk-amd64/jre/lib/amd64/libnio.so
7fa746ca3000-7fa746ea3000 ---p 00010000 08:06 1489812                    /usr/lib/jvm/java-7-openjdk-amd64/jre/lib/amd64/libnio.so
7fa746ea3000-7fa746ea4000 r--p 00010000 08:06 1489812                    /usr/lib/jvm/java-7-openjdk-amd64/jre/lib/amd64/libnio.so
7fa746ea4000-7fa746ea5000 rw-p 00011000 08:06 1489812                    /usr/lib/jvm/java-7-openjdk-amd64/jre/lib/amd64/libnio.so
7fa746ea5000-7fa746ea6000 ---p 00000000 00:00 0 
7fa746ea6000-7fa746fa6000 rw-p 00000000 00:00 0                          [stack:19933]
7fa746fa6000-7fa746fa9000 ---p 00000000 00:00 0 
7fa746fa9000-7fa7470a7000 rw-p 00000000 00:00 0                          [stack:19928]
7fa7470a7000-7fa7470aa000 ---p 00000000 00:00 0 
7fa7470aa000-7fa7471a8000 rw-p 00000000 00:00 0                          [stack:19924]
7fa7471a8000-7fa7471ab000 ---p 00000000 00:00 0 
7fa7471ab000-7fa7472a9000 rw-p 00000000 00:00 0                          [stack:19921]
7fa7472a9000-7fa7472ac000 ---p 00000000 00:00 0 
7fa7472ac000-7fa7473aa000 rw-p 00000000 00:00 0                          [stack:19917]
7fa7473aa000-7fa747bfc000 r--p 00000000 08:06 1447082                    /usr/lib/locale/locale-archive
7fa747bfc000-7fa747bff000 ---p 00000000 00:00 0 
7fa747bff000-7fa747cfd000 rw-p 00000000 00:00 0                          [stack:19914]
7fa747cfd000-7fa747d00000 ---p 00000000 00:00 0 
7fa747d00000-7fa747dfe000 rw-p 00000000 00:00 0                          [stack:19913]
7fa747dfe000-7fa747dff000 ---p 00000000 00:00 0 
7fa747dff000-7fa748000000 rw-p 00000000 00:00 0                          [stack:19903]
7fa748000000-7fa748021000 rw-p 00000000 00:00 0 
7fa748021000-7fa74c000000 ---p 00000000 00:00 0 
7fa74c000000-7fa74c021000 rw-p 00000000 00:00 0 
7fa74c021000-7fa750000000 ---p 00000000 00:00 0 
7fa750000000-7fa750021000 rw-p 00000000 00:00 0 
7fa750021000-7fa754000000 ---p 00000000 00:00 0 
7fa75405f000-7fa754090000 rw-p 00000000 00:00 0 
7fa7540ac000-7fa7540b5000 r--s 00079000 08:06 1841157                    /home/tulin/.gradle/caches/modules-2/files-2.1/com.googlecode.mp4parser/isoparser/1.0-RC-2/7538d046aa6814309b69e82dd3ba379af22d73af/isoparser-1.0-RC-2.jar
7fa7540b5000-7fa7540c4000 r--s 000df000 08:06 3216701                    /home/tulin/Android/Sdk/build-tools/23.0.2/lib/dx.jar
7fa7540c4000-7fa754f9f000 rw-p 00000000 00:00 0 
7fa754f9f000-7fa755151000 r--s 01d2f000 08:06 1489796                    /usr/lib/jvm/java-7-openjdk-amd64/jre/lib/rt.jar
7fa755151000-7fa7579cd000 rw-p 00000000 00:00 0 
7fa7579cd000-7fa7579ce000 ---p 00000000 00:00 0 
7fa7579ce000-7fa757ace000 rw-p 00000000 00:00 0                          [stack:19894]
7fa757ace000-7fa757acf000 ---p 00000000 00:00 0 
7fa757acf000-7fa757bcf000 rw-p 00000000 00:00 0                          [stack:19893]
7fa757bcf000-7fa757bd0000 ---p 00000000 00:00 0 
7fa757bd0000-7fa757cd0000 rw-p 00000000 00:00 0                          [stack:19892]
7fa757cd0000-7fa757cd1000 ---p 00000000 00:00 0 
7fa757cd1000-7fa757de5000 rw-p 00000000 00:00 0                          [stack:19888]
7fa757de5000-7fa757f27000 rw-p 00000000 00:00 0 
7fa757f27000-7fa757f32000 rw-p 00000000 00:00 0 
7fa757f32000-7fa757f7a000 rw-p 00000000 00:00 0 
7fa757f7a000-7fa757f8e000 rw-p 00000000 00:00 0 
7fa757f8e000-7fa7580cf000 rw-p 00000000 00:00 0 
7fa7580cf000-7fa7580f8000 rw-p 00000000 00:00 0 
7fa7580f8000-7fa75817a000 rw-p 00000000 00:00 0 
7fa75817a000-7fa75817b000 rw-p 00000000 00:00 0 
7fa75817b000-7fa7583eb000 rwxp 00000000 00:00 0 
7fa7583eb000-7fa75b17b000 rw-p 00000000 00:00 0 
7fa75b17b000-7fa75b183000 r-xp 00000000 08:06 1489805                    /usr/lib/jvm/java-7-openjdk-amd64/jre/lib/amd64/libzip.so
7fa75b183000-7fa75b382000 ---p 00008000 08:06 1489805                    /usr/lib/jvm/java-7-openjdk-amd64/jre/lib/amd64/libzip.so
7fa75b382000-7fa75b383000 r--p 00007000 08:06 1489805                    /usr/lib/jvm/java-7-openjdk-amd64/jre/lib/amd64/libzip.so
7fa75b383000-7fa75b384000 rw-p 00008000 08:06 1489805                    /usr/lib/jvm/java-7-openjdk-amd64/jre/lib/amd64/libzip.so
7fa75b384000-7fa75b38f000 r-xp 00000000 08:06 184225                     /lib/x86_64-linux-gnu/libnss_files-2.19.so
7fa75b38f000-7fa75b58e000 ---p 0000b000 08:06 184225                     /lib/x86_64-linux-gnu/libnss_files-2.19.so
7fa75b58e000-7fa75b58f000 r--p 0000a000 08:06 184225                     /lib/x86_64-linux-gnu/libnss_files-2.19.so
7fa75b58f000-7fa75b590000 rw-p 0000b000 08:06 184225                     /lib/x86_64-linux-gnu/libnss_files-2.19.so
7fa75b590000-7fa75b59b000 r-xp 00000000 08:06 145746                     /lib/x86_64-linux-gnu/libnss_nis-2.19.so
7fa75b59b000-7fa75b79a000 ---p 0000b000 08:06 145746                     /lib/x86_64-linux-gnu/libnss_nis-2.19.so
7fa75b79a000-7fa75b79b000 r--p 0000a000 08:06 145746                     /lib/x86_64-linux-gnu/libnss_nis-2.19.so
7fa75b79b000-7fa75b79c000 rw-p 0000b000 08:06 145746                     /lib/x86_64-linux-gnu/libnss_nis-2.19.so
7fa75b79c000-7fa75b7b3000 r-xp 00000000 08:06 145742                     /lib/x86_64-linux-gnu/libnsl-2.19.so
7fa75b7b3000-7fa75b9b2000 ---p 00017000 08:06 145742                     /lib/x86_64-linux-gnu/libnsl-2.19.so
7fa75b9b2000-7fa75b9b3000 r--p 00016000 08:06 145742                     /lib/x86_64-linux-gnu/libnsl-2.19.so
7fa75b9b3000-7fa75b9b4000 rw-p 00017000 08:06 145742                     /lib/x86_64-linux-gnu/libnsl-2.19.so
7fa75b9b4000-7fa75b9b6000 rw-p 00000000 00:00 0 
7fa75b9b6000-7fa75b9bf000 r-xp 00000000 08:06 145741                     /lib/x86_64-linux-gnu/libnss_compat-2.19.so
7fa75b9bf000-7fa75bbbe000 ---p 00009000 08:06 145741                     /lib/x86_64-linux-gnu/libnss_compat-2.19.so
7fa75bbbe000-7fa75bbbf000 r--p 00008000 08:06 145741                     /lib/x86_64-linux-gnu/libnss_compat-2.19.so
7fa75bbbf000-7fa75bbc0000 rw-p 00009000 08:06 145741                     /lib/x86_64-linux-gnu/libnss_compat-2.19.so
7fa75bbc0000-7fa75bbeb000 r-xp 00000000 08:06 1489826                    /usr/lib/jvm/java-7-openjdk-amd64/jre/lib/amd64/libjava.so
7fa75bbeb000-7fa75bdeb000 ---p 0002b000 08:06 1489826                    /usr/lib/jvm/java-7-openjdk-amd64/jre/lib/amd64/libjava.so
7fa75bdeb000-7fa75bdec000 r--p 0002b000 08:06 1489826                    /usr/lib/jvm/java-7-openjdk-amd64/jre/lib/amd64/libjava.so
7fa75bdec000-7fa75bdee000 rw-p 0002c000 08:06 1489826                    /usr/lib/jvm/java-7-openjdk-amd64/jre/lib/amd64/libjava.so
7fa75bdee000-7fa75bdfe000 r-xp 00000000 08:06 1489810                    /usr/lib/jvm/java-7-openjdk-amd64/jre/lib/amd64/libverify.so
7fa75bdfe000-7fa75bffd000 ---p 00010000 08:06 1489810                    /usr/lib/jvm/java-7-openjdk-amd64/jre/lib/amd64/libverify.so
7fa75bffd000-7fa75bfff000 r--p 0000f000 08:06 1489810                    /usr/lib/jvm/java-7-openjdk-amd64/jre/lib/amd64/libverify.so
7fa75bfff000-7fa75c000000 rw-p 00011000 08:06 1489810                    /usr/lib/jvm/java-7-openjdk-amd64/jre/lib/amd64/libverify.so
7fa75c000000-7fa75c1c4000 rw-p 00000000 00:00 0 
7fa75c1c4000-7fa760000000 ---p 00000000 00:00 0 
7fa760006000-7fa760032000 rw-p 00000000 00:00 0 
7fa760032000-7fa76007a000 rw-p 00000000 00:00 0 
7fa76007a000-7fa760081000 r-xp 00000000 08:06 148472                     /lib/x86_64-linux-gnu/librt-2.19.so
7fa760081000-7fa760280000 ---p 00007000 08:06 148472                     /lib/x86_64-linux-gnu/librt-2.19.so
7fa760280000-7fa760281000 r--p 00006000 08:06 148472                     /lib/x86_64-linux-gnu/librt-2.19.so
7fa760281000-7fa760282000 rw-p 00007000 08:06 148472                     /lib/x86_64-linux-gnu/librt-2.19.so
7fa760282000-7fa760298000 r-xp 00000000 08:06 131070                     /lib/x86_64-linux-gnu/libgcc_s.so.1
7fa760298000-7fa760497000 ---p 00016000 08:06 131070                     /lib/x86_64-linux-gnu/libgcc_s.so.1
7fa760497000-7fa760498000 rw-p 00015000 08:06 131070                     /lib/x86_64-linux-gnu/libgcc_s.so.1
7fa760498000-7fa76059d000 r-xp 00000000 08:06 135048                     /lib/x86_64-linux-gnu/libm-2.19.so
7fa76059d000-7fa76079c000 ---p 00105000 08:06 135048                     /lib/x86_64-linux-gnu/libm-2.19.so
7fa76079c000-7fa76079d000 r--p 00104000 08:06 135048                     /lib/x86_64-linux-gnu/libm-2.19.so
7fa76079d000-7fa76079e000 rw-p 00105000 08:06 135048                     /lib/x86_64-linux-gnu/libm-2.19.so
7fa76079e000-7fa760884000 r-xp 00000000 08:06 1439330                    /usr/lib/x86_64-linux-gnu/libstdc++.so.6.0.19
7fa760884000-7fa760a83000 ---p 000e6000 08:06 1439330                    /usr/lib/x86_64-linux-gnu/libstdc++.so.6.0.19
7fa760a83000-7fa760a8b000 r--p 000e5000 08:06 1439330                    /usr/lib/x86_64-linux-gnu/libstdc++.so.6.0.19
7fa760a8b000-7fa760a8d000 rw-p 000ed000 08:06 1439330                    /usr/lib/x86_64-linux-gnu/libstdc++.so.6.0.19
7fa760a8d000-7fa760aa2000 rw-p 00000000 00:00 0 
7fa760aa2000-7fa7615c7000 r-xp 00000000 08:06 1489806                    /usr/lib/jvm/java-7-openjdk-amd64/jre/lib/amd64/server/libjvm.so
7fa7615c7000-7fa7617c7000 ---p 00b25000 08:06 1489806                    /usr/lib/jvm/java-7-openjdk-amd64/jre/lib/amd64/server/libjvm.so
7fa7617c7000-7fa761861000 r--p 00b25000 08:06 1489806                    /usr/lib/jvm/java-7-openjdk-amd64/jre/lib/amd64/server/libjvm.so
7fa761861000-7fa761884000 rw-p 00bbf000 08:06 1489806                    /usr/lib/jvm/java-7-openjdk-amd64/jre/lib/amd64/server/libjvm.so
7fa761884000-7fa7618b2000 rw-p 00000000 00:00 0 
7fa7618b2000-7fa7618ca000 r-xp 00000000 08:06 135112                     /lib/x86_64-linux-gnu/libz.so.1.2.8
7fa7618ca000-7fa761ac9000 ---p 00018000 08:06 135112                     /lib/x86_64-linux-gnu/libz.so.1.2.8
7fa761ac9000-7fa761aca000 r--p 00017000 08:06 135112                     /lib/x86_64-linux-gnu/libz.so.1.2.8
7fa761aca000-7fa761acb000 rw-p 00018000 08:06 135112                     /lib/x86_64-linux-gnu/libz.so.1.2.8
7fa761acb000-7fa761ae4000 r-xp 00000000 08:06 145743                     /lib/x86_64-linux-gnu/libpthread-2.19.so
7fa761ae4000-7fa761ce3000 ---p 00019000 08:06 145743                     /lib/x86_64-linux-gnu/libpthread-2.19.so
7fa761ce3000-7fa761ce4000 r--p 00018000 08:06 145743                     /lib/x86_64-linux-gnu/libpthread-2.19.so
7fa761ce4000-7fa761ce5000 rw-p 00019000 08:06 145743                     /lib/x86_64-linux-gnu/libpthread-2.19.so
7fa761ce5000-7fa761ce9000 rw-p 00000000 00:00 0 
7fa761ce9000-7fa761cec000 r-xp 00000000 08:06 145738                     /lib/x86_64-linux-gnu/libdl-2.19.so
7fa761cec000-7fa761eeb000 ---p 00003000 08:06 145738                     /lib/x86_64-linux-gnu/libdl-2.19.so
7fa761eeb000-7fa761eec000 r--p 00002000 08:06 145738                     /lib/x86_64-linux-gnu/libdl-2.19.so
7fa761eec000-7fa761eed000 rw-p 00003000 08:06 145738                     /lib/x86_64-linux-gnu/libdl-2.19.so
7fa761eed000-7fa7620a8000 r-xp 00000000 08:06 148473                     /lib/x86_64-linux-gnu/libc-2.19.so
7fa7620a8000-7fa7622a7000 ---p 001bb000 08:06 148473                     /lib/x86_64-linux-gnu/libc-2.19.so
7fa7622a7000-7fa7622ab000 r--p 001ba000 08:06 148473                     /lib/x86_64-linux-gnu/libc-2.19.so
7fa7622ab000-7fa7622ad000 rw-p 001be000 08:06 148473                     /lib/x86_64-linux-gnu/libc-2.19.so
7fa7622ad000-7fa7622b2000 rw-p 00000000 00:00 0 
7fa7622b2000-7fa7622bf000 r-xp 00000000 08:06 1489800                    /usr/lib/jvm/java-7-openjdk-amd64/jre/lib/amd64/jli/libjli.so
7fa7622bf000-7fa7624be000 ---p 0000d000 08:06 1489800                    /usr/lib/jvm/java-7-openjdk-amd64/jre/lib/amd64/jli/libjli.so
7fa7624be000-7fa7624bf000 r--p 0000c000 08:06 1489800                    /usr/lib/jvm/java-7-openjdk-amd64/jre/lib/amd64/jli/libjli.so
7fa7624bf000-7fa7624c0000 rw-p 0000d000 08:06 1489800                    /usr/lib/jvm/java-7-openjdk-amd64/jre/lib/amd64/jli/libjli.so
7fa7624c0000-7fa7624e3000 r-xp 00000000 08:06 145744                     /lib/x86_64-linux-gnu/ld-2.19.so
7fa7624e3000-7fa7624e6000 r--s 0000f000 08:06 1489840                    /usr/lib/jvm/java-7-openjdk-amd64/jre/lib/ext/icedtea-sound.jar
7fa7624e6000-7fa762508000 rw-p 00000000 00:00 0 
7fa762508000-7fa7625be000 rw-p 00000000 00:00 0 
7fa7625be000-7fa7625c1000 ---p 00000000 00:00 0 
7fa7625c1000-7fa7626c5000 rw-p 00000000 00:00 0                          [stack:19885]
7fa7626c5000-7fa7626c7000 r--s 00012000 08:06 1489837                    /usr/lib/jvm/java-7-openjdk-amd64/jre/lib/ext/zipfs.jar
7fa7626c7000-7fa7626c8000 r--s 00002000 08:06 1489839                    /usr/lib/jvm/java-7-openjdk-amd64/jre/lib/ext/dnsns.jar
7fa7626c8000-7fa7626ca000 r--s 00006000 08:06 1840524                    /usr/share/java/java-atk-wrapper.jar
7fa7626ca000-7fa7626ce000 r--s 0003c000 08:06 1489838                    /usr/lib/jvm/java-7-openjdk-amd64/jre/lib/ext/sunpkcs11.jar
7fa7626ce000-7fa7626d2000 r--s 00034000 08:06 1489836                    /usr/lib/jvm/java-7-openjdk-amd64/jre/lib/ext/sunjce_provider.jar
7fa7626d2000-7fa7626d6000 r--s 00085000 08:06 1489835                    /usr/lib/jvm/java-7-openjdk-amd64/jre/lib/ext/localedata.jar
7fa7626d6000-7fa7626de000 rw-s 00000000 08:06 1846340                    /tmp/hsperfdata_tulin/19876
7fa7626de000-7fa7626df000 rw-p 00000000 00:00 0 
7fa7626df000-7fa7626e0000 ---p 00000000 00:00 0 
7fa7626e0000-7fa7626e2000 rw-p 00000000 00:00 0 
7fa7626e2000-7fa7626e3000 r--p 00022000 08:06 145744                     /lib/x86_64-linux-gnu/ld-2.19.so
7fa7626e3000-7fa7626e4000 rw-p 00023000 08:06 145744                     /lib/x86_64-linux-gnu/ld-2.19.so
7fa7626e4000-7fa7626e5000 rw-p 00000000 00:00 0 
7ffe1b02f000-7ffe1b050000 rw-p 00000000 00:00 0                          [stack]
7ffe1b070000-7ffe1b072000 r-xp 00000000 00:00 0                          [vdso]
ffffffffff600000-ffffffffff601000 r-xp 00000000 00:00 0                  [vsyscall]

VM Arguments:
jvm_args: -Djava.awt.headless=true -Xmx1024M -Dfile.encoding=UTF-8 -Duser.country=US -Duser.language=en -Duser.variant 
java_command: com.android.dx.command.Main --dex --num-threads=4 --output /home/tulin/AndroidStudioProjects/CamApp/app/build/intermediates/pre-dexed/debug/isoparser-1.0-RC-2_f7701ebc939717442c7455f72206b6a0c43fa73c.jar /home/tulin/.gradle/caches/modules-2/files-2.1/com.googlecode.mp4parser/isoparser/1.0-RC-2/7538d046aa6814309b69e82dd3ba379af22d73af/isoparser-1.0-RC-2.jar
Launcher Type: SUN_STANDARD

Environment Variables:
PATH=/usr/local/sbin:/usr/local/bin:/usr/sbin:/usr/bin:/sbin:/bin:/usr/games:/usr/local/games
SHELL=/bin/bash
DISPLAY=:0

Signal Handlers:
SIGSEGV: [libjvm.so+0x955bc0], sa_mask[0]=0x7ffbfeff, sa_flags=0x10000004
SIGBUS: [libjvm.so+0x955bc0], sa_mask[0]=0x7ffbfeff, sa_flags=0x10000004
SIGFPE: [libjvm.so+0x7caff0], sa_mask[0]=0x7ffbfeff, sa_flags=0x10000004
SIGPIPE: [libjvm.so+0x7caff0], sa_mask[0]=0x7ffbfeff, sa_flags=0x10000004
SIGXFSZ: [libjvm.so+0x7caff0], sa_mask[0]=0x7ffbfeff, sa_flags=0x10000004
SIGILL: [libjvm.so+0x7caff0], sa_mask[0]=0x7ffbfeff, sa_flags=0x10000004
SIGUSR1: SIG_DFL, sa_mask[0]=0x00000000, sa_flags=0x00000000
SIGUSR2: [libjvm.so+0x7cae90], sa_mask[0]=0x00000004, sa_flags=0x10000004
SIGHUP: [libjvm.so+0x7cb070], sa_mask[0]=0x7ffbfeff, sa_flags=0x10000004
SIGINT: [libjvm.so+0x7cb070], sa_mask[0]=0x7ffbfeff, sa_flags=0x10000004
SIGTERM: [libjvm.so+0x7cb070], sa_mask[0]=0x7ffbfeff, sa_flags=0x10000004
SIGQUIT: [libjvm.so+0x7cb070], sa_mask[0]=0x7ffbfeff, sa_flags=0x10000004
SIGTRAP: SIG_DFL, sa_mask[0]=0x00000000, sa_flags=0x00000000


---------------  S Y S T E M  ---------------

OS:Ubuntu 14.04 (trusty)
uname:Linux 3.13.0-79-generic #123-Ubuntu SMP Fri Feb 19 14:27:58 UTC 2016 x86_64
libc:glibc 2.19 NPTL 2.19 
rlimit: STACK 8192k, CORE 0k, NPROC 30460, NOFILE 4096, AS infinity
load average:19,21 7,33 3,33

/proc/meminfo:
MemTotal:        3946988 kB
MemFree:          115900 kB
Buffers:            1144 kB
Cached:           510848 kB
SwapCached:            0 kB
Active:          3143492 kB
Inactive:         501212 kB
Active(anon):    3136432 kB
Inactive(anon):   478704 kB
Active(file):       7060 kB
Inactive(file):    22508 kB
Unevictable:         112 kB
Mlocked:             112 kB
SwapTotal:             0 kB
SwapFree:              0 kB
Dirty:              1404 kB
Writeback:             0 kB
AnonPages:       3133864 kB
Mapped:           105664 kB
Shmem:            481564 kB
Slab:              73436 kB
SReclaimable:      33588 kB
SUnreclaim:        39848 kB
KernelStack:        6056 kB
PageTables:        40604 kB
NFS_Unstable:          0 kB
Bounce:                0 kB
WritebackTmp:          0 kB
CommitLimit:     1973492 kB
Committed_AS:    8164924 kB
VmallocTotal:   34359738367 kB
VmallocUsed:      350184 kB
VmallocChunk:   34359379708 kB
HardwareCorrupted:     0 kB
AnonHugePages:    815104 kB
HugePages_Total:       0
HugePages_Free:        0
HugePages_Rsvd:        0
HugePages_Surp:        0
Hugepagesize:       2048 kB
DirectMap4k:       74784 kB
DirectMap2M:     4020224 kB


CPU:total 4 (2 cores per cpu, 2 threads per core) family 6 model 42 stepping 7, cmov, cx8, fxsr, mmx, sse, sse2, sse3, ssse3, sse4.1, sse4.2, popcnt, avx, aes, ht, tsc, tscinvbit

/proc/cpuinfo:
processor	: 0
vendor_id	: GenuineIntel
cpu family	: 6
model		: 42
model name	: Intel(R) Core(TM) i5-2557M CPU @ 1.70GHz
stepping	: 7
microcode	: 0x1a
cpu MHz		: 1701.000
cache size	: 3072 KB
physical id	: 0
siblings	: 4
core id		: 0
cpu cores	: 2
apicid		: 0
initial apicid	: 0
fpu		: yes
fpu_exception	: yes
cpuid level	: 13
wp		: yes
flags		: fpu vme de pse tsc msr pae mce cx8 apic sep mtrr pge mca cmov pat pse36 clflush dts acpi mmx fxsr sse sse2 ss ht tm pbe syscall nx rdtscp lm constant_tsc arch_perfmon pebs bts rep_good nopl xtopology nonstop_tsc aperfmperf eagerfpu pni pclmulqdq dtes64 monitor ds_cpl vmx smx est tm2 ssse3 cx16 xtpr pdcm pcid sse4_1 sse4_2 x2apic popcnt tsc_deadline_timer aes xsave avx lahf_lm ida arat epb xsaveopt pln pts dtherm tpr_shadow vnmi flexpriority ept vpid
bogomips	: 3391.98
clflush size	: 64
cache_alignment	: 64
address sizes	: 36 bits physical, 48 bits virtual
power management:

processor	: 1
vendor_id	: GenuineIntel
cpu family	: 6
model		: 42
model name	: Intel(R) Core(TM) i5-2557M CPU @ 1.70GHz
stepping	: 7
microcode	: 0x1a
cpu MHz		: 1701.000
cache size	: 3072 KB
physical id	: 0
siblings	: 4
core id		: 1
cpu cores	: 2
apicid		: 2
initial apicid	: 2
fpu		: yes
fpu_exception	: yes
cpuid level	: 13
wp		: yes
flags		: fpu vme de pse tsc msr pae mce cx8 apic sep mtrr pge mca cmov pat pse36 clflush dts acpi mmx fxsr sse sse2 ss ht tm pbe syscall nx rdtscp lm constant_tsc arch_perfmon pebs bts rep_good nopl xtopology nonstop_tsc aperfmperf eagerfpu pni pclmulqdq dtes64 monitor ds_cpl vmx smx est tm2 ssse3 cx16 xtpr pdcm pcid sse4_1 sse4_2 x2apic popcnt tsc_deadline_timer aes xsave avx lahf_lm ida arat epb xsaveopt pln pts dtherm tpr_shadow vnmi flexpriority ept vpid
bogomips	: 3391.98
clflush size	: 64
cache_alignment	: 64
address sizes	: 36 bits physical, 48 bits virtual
power management:

processor	: 2
vendor_id	: GenuineIntel
cpu family	: 6
model		: 42
model name	: Intel(R) Core(TM) i5-2557M CPU @ 1.70GHz
stepping	: 7
microcode	: 0x1a
cpu MHz		: 1701.000
cache size	: 3072 KB
physical id	: 0
siblings	: 4
core id		: 0
cpu cores	: 2
apicid		: 1
initial apicid	: 1
fpu		: yes
fpu_exception	: yes
cpuid level	: 13
wp		: yes
flags		: fpu vme de pse tsc msr pae mce cx8 apic sep mtrr pge mca cmov pat pse36 clflush dts acpi mmx fxsr sse sse2 ss ht tm pbe syscall nx rdtscp lm constant_tsc arch_perfmon pebs bts rep_good nopl xtopology nonstop_tsc aperfmperf eagerfpu pni pclmulqdq dtes64 monitor ds_cpl vmx smx est tm2 ssse3 cx16 xtpr pdcm pcid sse4_1 sse4_2 x2apic popcnt tsc_deadline_timer aes xsave avx lahf_lm ida arat epb xsaveopt pln pts dtherm tpr_shadow vnmi flexpriority ept vpid
bogomips	: 3391.98
clflush size	: 64
cache_alignment	: 64
address sizes	: 36 bits physical, 48 bits virtual
power management:

processor	: 3
vendor_id	: GenuineIntel
cpu family	: 6
model		: 42
model name	: Intel(R) Core(TM) i5-2557M CPU @ 1.70GHz
stepping	: 7
microcode	: 0x1a
cpu MHz		: 1701.000
cache size	: 3072 KB
physical id	: 0
siblings	: 4
core id		: 1
cpu cores	: 2
apicid		: 3
initial apicid	: 3
fpu		: yes
fpu_exception	: yes
cpuid level	: 13
wp		: yes
flags		: fpu vme de pse tsc msr pae mce cx8 apic sep mtrr pge mca cmov pat pse36 clflush dts acpi mmx fxsr sse sse2 ss ht tm pbe syscall nx rdtscp lm constant_tsc arch_perfmon pebs bts rep_good nopl xtopology nonstop_tsc aperfmperf eagerfpu pni pclmulqdq dtes64 monitor ds_cpl vmx smx est tm2 ssse3 cx16 xtpr pdcm pcid sse4_1 sse4_2 x2apic popcnt tsc_deadline_timer aes xsave avx lahf_lm ida arat epb xsaveopt pln pts dtherm tpr_shadow vnmi flexpriority ept vpid
bogomips	: 3391.98
clflush size	: 64
cache_alignment	: 64
address sizes	: 36 bits physical, 48 bits virtual
power management:



Memory: 4k page, physical 3946988k(115900k free), swap 0k(0k free)

vm_info: OpenJDK 64-Bit Server VM (24.95-b01) for linux-amd64 JRE (1.7.0_95-b00), built on Jan 21 2016 03:31:40 by "buildd" with gcc 4.8.4

time: Thu Mar 31 00:55:08 2016
elapsed time: 61 seconds

