#
# There is insufficient memory for the Java Runtime Environment to continue.
# Native memory allocation (malloc) failed to allocate 147849216 bytes for committing reserved memory.
# Possible reasons:
#   The system is out of physical RAM or swap space
#   In 32 bit mode, the process size limit was hit
# Possible solutions:
#   Reduce memory load on the system
#   Increase physical memory or swap space
#   Check if swap backing store is full
#   Use 64 bit Java on a 64 bit OS
#   Decrease Java heap size (-Xmx/-Xms)
#   Decrease number of Java threads
#   Decrease Java thread stack sizes (-Xss)
#   Set larger code cache with -XX:ReservedCodeCacheSize=
# This output file may be truncated or incomplete.
#
#  Out of Memory Error (os_linux.cpp:2827), pid=6029, tid=140595623847680
#
# JRE version: OpenJDK Runtime Environment (7.0_95) (build 1.7.0_95-b00)
# Java VM: OpenJDK 64-Bit Server VM (24.95-b01 mixed mode linux-amd64 compressed oops)
# Derivative: IcedTea 2.6.4
# Distribution: Ubuntu 14.04.3 LTS, package 7u95-2.6.4-0ubuntu0.14.04.1
# Failed to write core dump. Core dumps have been disabled. To enable core dumping, try "ulimit -c unlimited" before starting Java again
#

---------------  T H R E A D  ---------------

Current thread (0x00007fdef4076000):  VMThread [stack: 0x00007fdef8276000,0x00007fdef8377000] [id=6055]

Stack: [0x00007fdef8276000,0x00007fdef8377000],  sp=0x00007fdef8375490,  free space=1021k
Native frames: (J=compiled Java code, j=interpreted, Vv=VM code, C=native code)
V  [libjvm.so+0x9550e5]
V  [libjvm.so+0x4902b4]
V  [libjvm.so+0x7cf7bb]
V  [libjvm.so+0x7ca28f]
V  [libjvm.so+0x83e56b]
V  [libjvm.so+0x83f3e0]
V  [libjvm.so+0x83facb]
V  [libjvm.so+0x83b4d8]
V  [libjvm.so+0x83bd48]
V  [libjvm.so+0x7f1fd3]
V  [libjvm.so+0x956ae4]
V  [libjvm.so+0x95abe7]
V  [libjvm.so+0x9596a8]
V  [libjvm.so+0x959b09]
V  [libjvm.so+0x959f52]
V  [libjvm.so+0x7cc682]

VM_Operation (0x00007fdee825f0d0): ParallelGCFailedAllocation, mode: safepoint, requested by thread 0x00007fdef41b9800


---------------  P R O C E S S  ---------------

Java Threads: ( => current thread )
  0x00007fdef41bb000 JavaThread "pool-1-thread-4" [_thread_blocked, id=6097, stack(0x00007fdee805f000,0x00007fdee8160000)]
  0x00007fdef41b9800 JavaThread "pool-1-thread-3" [_thread_blocked, id=6096, stack(0x00007fdee8160000,0x00007fdee8261000)]
  0x00007fdef41b8000 JavaThread "pool-1-thread-2" [_thread_blocked, id=6095, stack(0x00007fdee8261000,0x00007fdee8362000)]
  0x00007fdef41b5000 JavaThread "pool-2-thread-1" [_thread_blocked, id=6094, stack(0x00007fdee8362000,0x00007fdee8463000)]
  0x00007fdef41b3000 JavaThread "pool-1-thread-1" [_thread_blocked, id=6093, stack(0x00007fdee8463000,0x00007fdee8564000)]
  0x00007fdef40b2000 JavaThread "Service Thread" daemon [_thread_blocked, id=6076, stack(0x00007fdef03aa000,0x00007fdef04ab000)]
  0x00007fdef40af800 JavaThread "C2 CompilerThread1" daemon [_thread_blocked, id=6075, stack(0x00007fdef04ab000,0x00007fdef05ac000)]
  0x00007fdef40ac800 JavaThread "C2 CompilerThread0" daemon [_thread_in_native, id=6074, stack(0x00007fdef05ac000,0x00007fdef06ad000)]
  0x00007fdef40aa800 JavaThread "Signal Dispatcher" daemon [_thread_blocked, id=6073, stack(0x00007fdef06ad000,0x00007fdef07ae000)]
  0x00007fdef407c000 JavaThread "Finalizer" daemon [_thread_blocked, id=6057, stack(0x00007fdef8074000,0x00007fdef8175000)]
  0x00007fdef407a000 JavaThread "Reference Handler" daemon [_thread_blocked, id=6056, stack(0x00007fdef8175000,0x00007fdef8276000)]
  0x00007fdef400a800 JavaThread "main" [_thread_blocked, id=6037, stack(0x00007fdefd43c000,0x00007fdefd53d000)]

Other Threads:
=>0x00007fdef4076000 VMThread [stack: 0x00007fdef8276000,0x00007fdef8377000] [id=6055]
  0x00007fdef40bc800 WatcherThread [stack: 0x00007fdef02a9000,0x00007fdef03aa000] [id=6077]

VM state:at safepoint (normal execution)

VM Mutex/Monitor currently owned by a thread:  ([mutex/lock_event])
[0x00007fdef4006990] Threads_lock - owner thread: 0x00007fdef4076000
[0x00007fdef4006e90] Heap_lock - owner thread: 0x00007fdef41b9800

Heap
 PSYoungGen      total 142336K, used 17407K [0x00000000eaa80000, 0x00000000f4880000, 0x0000000100000000)
  eden space 124928K, 0% used [0x00000000eaa80000,0x00000000eaa80000,0x00000000f2480000)
  from space 17408K, 99% used [0x00000000f2480000,0x00000000f357fe98,0x00000000f3580000)
  to   space 15360K, 0% used [0x00000000f3580000,0x00000000f3580000,0x00000000f4480000)
 ParOldGen       total 40960K, used 37496K [0x00000000c0000000, 0x00000000c2800000, 0x00000000eaa80000)
  object space 40960K, 91% used [0x00000000c0000000,0x00000000c249e240,0x00000000c2800000)
 PSPermGen       total 21504K, used 6368K [0x00000000b5a00000, 0x00000000b6f00000, 0x00000000c0000000)
  object space 21504K, 29% used [0x00000000b5a00000,0x00000000b60383c0,0x00000000b6f00000)

Card table byte_map: [0x00007fdef9e1f000,0x00007fdefa073000] byte_map_base: 0x00007fdef9872000

Polling page: 0x00007fdefd55d000

Code Cache  [0x00007fdef1000000, 0x00007fdef1270000, 0x00007fdef4000000)
 total_blobs=605 nmethods=374 adapters=184 free_code_cache=47638Kb largest_free_block=48694848

Compilation events (10 events):
Event: 26,052 Thread 0x00007fdef40af800 nmethod 386 0x00007fdef10f7e10 code [0x00007fdef10f7f60, 0x00007fdef10f7ff8]
Event: 26,052 Thread 0x00007fdef40af800  387             java.io.DataInputStream::readUnsignedShort (39 bytes)
Event: 26,073 Thread 0x00007fdef40af800 nmethod 387 0x00007fdef10f7710 code [0x00007fdef10f7880, 0x00007fdef10f7ab8]
Event: 26,073 Thread 0x00007fdef40af800  388             com.android.dx.rop.code.RegisterSpecSet::<init> (27 bytes)
Event: 26,075 Thread 0x00007fdef40af800 nmethod 388 0x00007fdef10f73d0 code [0x00007fdef10f7520, 0x00007fdef10f7658]
Event: 26,075 Thread 0x00007fdef40af800  389             com.android.dx.rop.code.RegisterSpecSet::intersect (117 bytes)
Event: 26,164 Thread 0x00007fdef40af800 nmethod 389 0x00007fdef10f5bd0 code [0x00007fdef10f5d80, 0x00007fdef10f65b8]
Event: 26,164 Thread 0x00007fdef40af800  390             com.android.dx.rop.code.ThrowingCstInsn::withNewRegisters (25 bytes)
Event: 26,185 Thread 0x00007fdef40af800 nmethod 390 0x00007fdef113ed50 code [0x00007fdef113eea0, 0x00007fdef113f0d8]
Event: 26,185 Thread 0x00007fdef40af800  391             com.android.dx.cf.cst.ConstantPoolParser::parse (365 bytes)

GC Heap History (10 events):
Event: 1,961 GC heap after
Heap after GC invocations=2 (full 0):
 PSYoungGen      total 34304K, used 2555K [0x00000000eaa80000, 0x00000000ece80000, 0x0000000100000000)
  eden space 31744K, 0% used [0x00000000eaa80000,0x00000000eaa80000,0x00000000ec980000)
  from space 2560K, 99% used [0x00000000ecc00000,0x00000000ece7ec88,0x00000000ece80000)
  to   space 2560K, 0% used [0x00000000ec980000,0x00000000ec980000,0x00000000ecc00000)
 ParOldGen       total 40960K, used 1883K [0x00000000c0000000, 0x00000000c2800000, 0x00000000eaa80000)
  object space 40960K, 4% used [0x00000000c0000000,0x00000000c01d6f18,0x00000000c2800000)
 PSPermGen       total 21504K, used 5947K [0x00000000b5a00000, 0x00000000b6f00000, 0x00000000c0000000)
  object space 21504K, 27% used [0x00000000b5a00000,0x00000000b5fcee58,0x00000000b6f00000)
}
Event: 4,447 GC heap before
{Heap before GC invocations=3 (full 0):
 PSYoungGen      total 34304K, used 34299K [0x00000000eaa80000, 0x00000000ece80000, 0x0000000100000000)
  eden space 31744K, 100% used [0x00000000eaa80000,0x00000000ec980000,0x00000000ec980000)
  from space 2560K, 99% used [0x00000000ecc00000,0x00000000ece7ec88,0x00000000ece80000)
  to   space 2560K, 0% used [0x00000000ec980000,0x00000000ec980000,0x00000000ecc00000)
 ParOldGen       total 40960K, used 1883K [0x00000000c0000000, 0x00000000c2800000, 0x00000000eaa80000)
  object space 40960K, 4% used [0x00000000c0000000,0x00000000c01d6f18,0x00000000c2800000)
 PSPermGen       total 21504K, used 6158K [0x00000000b5a00000, 0x00000000b6f00000, 0x00000000c0000000)
  object space 21504K, 28% used [0x00000000b5a00000,0x00000000b60038c8,0x00000000b6f00000)
Event: 4,510 GC heap after
Heap after GC invocations=3 (full 0):
 PSYoungGen      total 34304K, used 2528K [0x00000000eaa80000, 0x00000000eed80000, 0x0000000100000000)
  eden space 31744K, 0% used [0x00000000eaa80000,0x00000000eaa80000,0x00000000ec980000)
  from space 2560K, 98% used [0x00000000ec980000,0x00000000ecbf8108,0x00000000ecc00000)
  to   space 2560K, 0% used [0x00000000eeb00000,0x00000000eeb00000,0x00000000eed80000)
 ParOldGen       total 40960K, used 7470K [0x00000000c0000000, 0x00000000c2800000, 0x00000000eaa80000)
  object space 40960K, 18% used [0x00000000c0000000,0x00000000c074b820,0x00000000c2800000)
 PSPermGen       total 21504K, used 6158K [0x00000000b5a00000, 0x00000000b6f00000, 0x00000000c0000000)
  object space 21504K, 28% used [0x00000000b5a00000,0x00000000b60038c8,0x00000000b6f00000)
}
Event: 7,023 GC heap before
{Heap before GC invocations=4 (full 0):
 PSYoungGen      total 34304K, used 34272K [0x00000000eaa80000, 0x00000000eed80000, 0x0000000100000000)
  eden space 31744K, 100% used [0x00000000eaa80000,0x00000000ec980000,0x00000000ec980000)
  from space 2560K, 98% used [0x00000000ec980000,0x00000000ecbf8108,0x00000000ecc00000)
  to   space 2560K, 0% used [0x00000000eeb00000,0x00000000eeb00000,0x00000000eed80000)
 ParOldGen       total 40960K, used 7470K [0x00000000c0000000, 0x00000000c2800000, 0x00000000eaa80000)
  object space 40960K, 18% used [0x00000000c0000000,0x00000000c074b820,0x00000000c2800000)
 PSPermGen       total 21504K, used 6205K [0x00000000b5a00000, 0x00000000b6f00000, 0x00000000c0000000)
  object space 21504K, 28% used [0x00000000b5a00000,0x00000000b600f600,0x00000000b6f00000)
Event: 7,135 GC heap after
Heap after GC invocations=4 (full 0):
 PSYoungGen      total 66048K, used 2530K [0x00000000eaa80000, 0x00000000eed80000, 0x0000000100000000)
  eden space 63488K, 0% used [0x00000000eaa80000,0x00000000eaa80000,0x00000000ee880000)
  from space 2560K, 98% used [0x00000000eeb00000,0x00000000eed78868,0x00000000eed80000)
  to   space 2560K, 0% used [0x00000000ee880000,0x00000000ee880000,0x00000000eeb00000)
 ParOldGen       total 40960K, used 12639K [0x00000000c0000000, 0x00000000c2800000, 0x00000000eaa80000)
  object space 40960K, 30% used [0x00000000c0000000,0x00000000c0c57e70,0x00000000c2800000)
 PSPermGen       total 21504K, used 6205K [0x00000000b5a00000, 0x00000000b6f00000, 0x00000000c0000000)
  object space 21504K, 28% used [0x00000000b5a00000,0x00000000b600f600,0x00000000b6f00000)
}
Event: 12,071 GC heap before
{Heap before GC invocations=5 (full 0):
 PSYoungGen      total 66048K, used 66018K [0x00000000eaa80000, 0x00000000eed80000, 0x0000000100000000)
  eden space 63488K, 100% used [0x00000000eaa80000,0x00000000ee880000,0x00000000ee880000)
  from space 2560K, 98% used [0x00000000eeb00000,0x00000000eed78868,0x00000000eed80000)
  to   space 2560K, 0% used [0x00000000ee880000,0x00000000ee880000,0x00000000eeb00000)
 ParOldGen       total 40960K, used 12639K [0x00000000c0000000, 0x00000000c2800000, 0x00000000eaa80000)
  object space 40960K, 30% used [0x00000000c0000000,0x00000000c0c57e70,0x00000000c2800000)
 PSPermGen       total 21504K, used 6244K [0x00000000b5a00000, 0x00000000b6f00000, 0x00000000c0000000)
  object space 21504K, 29% used [0x00000000b5a00000,0x00000000b6019290,0x00000000b6f00000)
Event: 12,209 GC heap after
Heap after GC invocations=5 (full 0):
 PSYoungGen      total 66048K, used 2530K [0x00000000eaa80000, 0x00000000f4480000, 0x0000000100000000)
  eden space 63488K, 0% used [0x00000000eaa80000,0x00000000eaa80000,0x00000000ee880000)
  from space 2560K, 98% used [0x00000000ee880000,0x00000000eeaf8888,0x00000000eeb00000)
  to   space 15360K, 0% used [0x00000000f3580000,0x00000000f3580000,0x00000000f4480000)
 ParOldGen       total 40960K, used 22920K [0x00000000c0000000, 0x00000000c2800000, 0x00000000eaa80000)
  object space 40960K, 55% used [0x00000000c0000000,0x00000000c16623b8,0x00000000c2800000)
 PSPermGen       total 21504K, used 6244K [0x00000000b5a00000, 0x00000000b6f00000, 0x00000000c0000000)
  object space 21504K, 29% used [0x00000000b5a00000,0x00000000b6019290,0x00000000b6f00000)
}
Event: 18,088 GC heap before
{Heap before GC invocations=6 (full 0):
 PSYoungGen      total 66048K, used 66018K [0x00000000eaa80000, 0x00000000f4480000, 0x0000000100000000)
  eden space 63488K, 100% used [0x00000000eaa80000,0x00000000ee880000,0x00000000ee880000)
  from space 2560K, 98% used [0x00000000ee880000,0x00000000eeaf8888,0x00000000eeb00000)
  to   space 15360K, 0% used [0x00000000f3580000,0x00000000f3580000,0x00000000f4480000)
 ParOldGen       total 40960K, used 22920K [0x00000000c0000000, 0x00000000c2800000, 0x00000000eaa80000)
  object space 40960K, 55% used [0x00000000c0000000,0x00000000c16623b8,0x00000000c2800000)
 PSPermGen       total 21504K, used 6286K [0x00000000b5a00000, 0x00000000b6f00000, 0x00000000c0000000)
  object space 21504K, 29% used [0x00000000b5a00000,0x00000000b6023a78,0x00000000b6f00000)
Event: 18,271 GC heap after
Heap after GC invocations=6 (full 0):
 PSYoungGen      total 140288K, used 13330K [0x00000000eaa80000, 0x00000000f4880000, 0x0000000100000000)
  eden space 124928K, 0% used [0x00000000eaa80000,0x00000000eaa80000,0x00000000f2480000)
  from space 15360K, 86% used [0x00000000f3580000,0x00000000f4284ad8,0x00000000f4480000)
  to   space 17408K, 0% used [0x00000000f2480000,0x00000000f2480000,0x00000000f3580000)
 ParOldGen       total 40960K, used 22920K [0x00000000c0000000, 0x00000000c2800000, 0x00000000eaa80000)
  object space 40960K, 55% used [0x00000000c0000000,0x00000000c16623b8,0x00000000c2800000)
 PSPermGen       total 21504K, used 6286K [0x00000000b5a00000, 0x00000000b6f00000, 0x00000000c0000000)
  object space 21504K, 29% used [0x00000000b5a00000,0x00000000b6023a78,0x00000000b6f00000)
}
Event: 26,228 GC heap before
{Heap before GC invocations=7 (full 0):
 PSYoungGen      total 140288K, used 138258K [0x00000000eaa80000, 0x00000000f4880000, 0x0000000100000000)
  eden space 124928K, 100% used [0x00000000eaa80000,0x00000000f2480000,0x00000000f2480000)
  from space 15360K, 86% used [0x00000000f3580000,0x00000000f4284ad8,0x00000000f4480000)
  to   space 17408K, 0% used [0x00000000f2480000,0x00000000f2480000,0x00000000f3580000)
 ParOldGen       total 40960K, used 22920K [0x00000000c0000000, 0x00000000c2800000, 0x00000000eaa80000)
  object space 40960K, 55% used [0x00000000c0000000,0x00000000c16623b8,0x00000000c2800000)
 PSPermGen       total 21504K, used 6368K [0x00000000b5a00000, 0x00000000b6f00000, 0x00000000c0000000)
  object space 21504K, 29% used [0x00000000b5a00000,0x00000000b60383c0,0x00000000b6f00000)

Deoptimization events (10 events):
Event: 5,349 Thread 0x00007fdef41b8000 Uncommon trap: reason=null_check action=make_not_entrant pc=0x00007fdef10cc0e4 method=com.android.dx.ssa.SsaRenamer.getLocalForNewReg(I)Lcom/android/dx/rop/code/LocalItem; @ 19
Event: 6,019 Thread 0x00007fdef41b8000 Uncommon trap: reason=class_check action=maybe_recompile pc=0x00007fdef10af520 method=java.util.HashMap.put(Ljava/lang/Object;Ljava/lang/Object;)Ljava/lang/Object; @ 83
Event: 6,019 Thread 0x00007fdef41b8000 Uncommon trap: reason=class_check action=maybe_recompile pc=0x00007fdef10af520 method=java.util.HashMap.put(Ljava/lang/Object;Ljava/lang/Object;)Ljava/lang/Object; @ 83
Event: 6,019 Thread 0x00007fdef41b8000 Uncommon trap: reason=class_check action=maybe_recompile pc=0x00007fdef10af520 method=java.util.HashMap.put(Ljava/lang/Object;Ljava/lang/Object;)Ljava/lang/Object; @ 83
Event: 6,019 Thread 0x00007fdef41b8000 Uncommon trap: reason=class_check action=maybe_recompile pc=0x00007fdef10af520 method=java.util.HashMap.put(Ljava/lang/Object;Ljava/lang/Object;)Ljava/lang/Object; @ 83
Event: 13,138 Thread 0x00007fdef400a800 Uncommon trap: reason=unloaded action=reinterpret pc=0x00007fdef10fde50 method=com.android.dx.cf.cst.ConstantPoolParser.parse0(ILjava/util/BitSet;)Lcom/android/dx/rop/cst/Constant; @ 220
Event: 13,642 Thread 0x00007fdef41b9800 Uncommon trap: reason=unstable_if action=reinterpret pc=0x00007fdef10f71c8 method=com.android.dx.ssa.SCCP.simulateBranch(Lcom/android/dx/ssa/SsaInsn;)V @ 548
Event: 18,068 Thread 0x00007fdef41b9800 Uncommon trap: reason=null_check action=make_not_entrant pc=0x00007fdef113736c method=com.android.dx.cf.code.Ropper$CatchInfo.getSetup(Lcom/android/dx/rop/type/Type;)Lcom/android/dx/cf/code/Ropper$ExceptionHandlerSetup; @ 10
Event: 23,068 Thread 0x00007fdef41bb000 Uncommon trap: reason=unstable_if action=reinterpret pc=0x00007fdef11636d0 method=java.util.BitSet.ensureCapacity(I)V @ 6
Event: 23,298 Thread 0x00007fdef41b9800 Uncommon trap: reason=unstable_if action=reinterpret pc=0x00007fdef10e3e60 method=com.android.dx.ssa.Dominators.run()V @ 346

Internal exceptions (10 events):
Event: 1,488 Thread 0x00007fdef41b9800 Threw 0x00000000eb47eb90 at /build/openjdk-7-2FOwCu/openjdk-7-7u95-2.6.4/build/openjdk/hotspot/src/share/vm/prims/jvm.cpp:1322
Event: 1,562 Thread 0x00007fdef400a800 Threw 0x00000000eb60ca48 at /build/openjdk-7-2FOwCu/openjdk-7-7u95-2.6.4/build/openjdk/hotspot/src/share/vm/prims/jvm.cpp:1322
Event: 2,298 Thread 0x00007fdef41b3000 Threw 0x00000000eaec9468 at /build/openjdk-7-2FOwCu/openjdk-7-7u95-2.6.4/build/openjdk/hotspot/src/share/vm/prims/jvm.cpp:1322
Event: 3,178 Thread 0x00007fdef400a800 Implicit null exception at 0x00007fdef10a7697 to 0x00007fdef10a7d7d
Event: 4,749 Thread 0x00007fdef400a800 Threw 0x00000000ead6d2e8 at /build/openjdk-7-2FOwCu/openjdk-7-7u95-2.6.4/build/openjdk/hotspot/src/share/vm/prims/jvm.cpp:1322
Event: 4,896 Thread 0x00007fdef400a800 Threw 0x00000000eaf2f8d0 at /build/openjdk-7-2FOwCu/openjdk-7-7u95-2.6.4/build/openjdk/hotspot/src/share/vm/prims/jvm.cpp:1322
Event: 5,349 Thread 0x00007fdef41b8000 Implicit null exception at 0x00007fdef10ca252 to 0x00007fdef10cc0c1
Event: 7,138 Thread 0x00007fdef41bb000 Threw 0x00000000eaab7f10 at /build/openjdk-7-2FOwCu/openjdk-7-7u95-2.6.4/build/openjdk/hotspot/src/share/vm/prims/jvm.cpp:1322
Event: 16,544 Thread 0x00007fdef400a800 Threw 0x00000000ed928f48 at /build/openjdk-7-2FOwCu/openjdk-7-7u95-2.6.4/build/openjdk/hotspot/src/share/vm/prims/jvm.cpp:1322
Event: 18,068 Thread 0x00007fdef41b9800 Implicit null exception at 0x00007fdef1133651 to 0x00007fdef1137339

Events (10 events):
Event: 23,068 Thread 0x00007fdef41bb000 Uncommon trap: trap_request=0xffffff75 fr.pc=0x00007fdef11636d0
Event: 23,068 Thread 0x00007fdef41bb000 DEOPT PACKING pc=0x00007fdef11636d0 sp=0x00007fdee815e220
Event: 23,068 Thread 0x00007fdef41bb000 DEOPT UNPACKING pc=0x00007fdef1039445 sp=0x00007fdee815e058 mode 2
Event: 23,298 Thread 0x00007fdef41b9800 Uncommon trap: trap_request=0xffffff75 fr.pc=0x00007fdef10e3e60
Event: 23,298 Thread 0x00007fdef41b9800 DEOPT PACKING pc=0x00007fdef10e3e60 sp=0x00007fdee825f040
Event: 23,298 Thread 0x00007fdef41b9800 DEOPT UNPACKING pc=0x00007fdef1039445 sp=0x00007fdee825f068 mode 2
Event: 23,799 Thread 0x00007fdef40af800 flushing nmethod 0x00007fdef10f4c90
Event: 23,799 Thread 0x00007fdef40af800 flushing nmethod 0x00007fdef10fd1d0
Event: 25,970 Thread 0x00007fdef40af800 flushing nmethod 0x00007fdef1130990
Event: 26,224 Executing VM operation: ParallelGCFailedAllocation


Dynamic libraries:
00400000-00401000 r-xp 00000000 08:06 1454669                            /usr/lib/jvm/java-7-openjdk-amd64/jre/bin/java
00600000-00601000 r--p 00000000 08:06 1454669                            /usr/lib/jvm/java-7-openjdk-amd64/jre/bin/java
00601000-00602000 rw-p 00001000 08:06 1454669                            /usr/lib/jvm/java-7-openjdk-amd64/jre/bin/java
01816000-01837000 rw-p 00000000 00:00 0                                  [heap]
b5a00000-b6f00000 rw-p 00000000 00:00 0 
b6f00000-c0000000 rw-p 00000000 00:00 0 
c0000000-c2800000 rw-p 00000000 00:00 0 
c2800000-eaa80000 rw-p 00000000 00:00 0 
eaa80000-f4880000 rw-p 00000000 00:00 0 
fd580000-100000000 rw-p 00000000 00:00 0 
7fdea4000000-7fdea4021000 rw-p 00000000 00:00 0 
7fdea4021000-7fdea8000000 ---p 00000000 00:00 0 
7fdea8000000-7fdea8034000 rw-p 00000000 00:00 0 
7fdea8034000-7fdeac000000 ---p 00000000 00:00 0 
7fdeac000000-7fdeac021000 rw-p 00000000 00:00 0 
7fdeac021000-7fdeb0000000 ---p 00000000 00:00 0 
7fdeb0000000-7fdeb0022000 rw-p 00000000 00:00 0 
7fdeb0022000-7fdeb4000000 ---p 00000000 00:00 0 
7fdeb4000000-7fdeb4021000 rw-p 00000000 00:00 0 
7fdeb4021000-7fdeb8000000 ---p 00000000 00:00 0 
7fdeb8000000-7fdeb8021000 rw-p 00000000 00:00 0 
7fdeb8021000-7fdebc000000 ---p 00000000 00:00 0 
7fdebc000000-7fdebd5c7000 rw-p 00000000 00:00 0 
7fdebd5c7000-7fdec0000000 ---p 00000000 00:00 0 
7fdec0000000-7fdec0021000 rw-p 00000000 00:00 0 
7fdec0021000-7fdec4000000 ---p 00000000 00:00 0 
7fdec4000000-7fdec4021000 rw-p 00000000 00:00 0 
7fdec4021000-7fdec8000000 ---p 00000000 00:00 0 
7fdec8000000-7fdec9af4000 rw-p 00000000 00:00 0 
7fdec9af4000-7fdecc000000 ---p 00000000 00:00 0 
7fdecc000000-7fdecc021000 rw-p 00000000 00:00 0 
7fdecc021000-7fded0000000 ---p 00000000 00:00 0 
7fded0000000-7fded0021000 rw-p 00000000 00:00 0 
7fded0021000-7fded4000000 ---p 00000000 00:00 0 
7fded4000000-7fded4021000 rw-p 00000000 00:00 0 
7fded4021000-7fded8000000 ---p 00000000 00:00 0 
7fdedc000000-7fdedc021000 rw-p 00000000 00:00 0 
7fdedc021000-7fdee0000000 ---p 00000000 00:00 0 
7fdee0000000-7fdee0021000 rw-p 00000000 00:00 0 
7fdee0021000-7fdee4000000 ---p 00000000 00:00 0 
7fdee4000000-7fdee4021000 rw-p 00000000 00:00 0 
7fdee4021000-7fdee8000000 ---p 00000000 00:00 0 
7fdee805f000-7fdee8062000 ---p 00000000 00:00 0 
7fdee8062000-7fdee8160000 rw-p 00000000 00:00 0                          [stack:6097]
7fdee8160000-7fdee8163000 ---p 00000000 00:00 0 
7fdee8163000-7fdee8261000 rw-p 00000000 00:00 0                          [stack:6096]
7fdee8261000-7fdee8264000 ---p 00000000 00:00 0 
7fdee8264000-7fdee8362000 rw-p 00000000 00:00 0                          [stack:6095]
7fdee8362000-7fdee8365000 ---p 00000000 00:00 0 
7fdee8365000-7fdee8463000 rw-p 00000000 00:00 0                          [stack:6094]
7fdee8463000-7fdee8466000 ---p 00000000 00:00 0 
7fdee8466000-7fdee8564000 rw-p 00000000 00:00 0                          [stack:6093]
7fdee8564000-7fdee85a1000 r-xp 00000000 08:06 130821                     /lib/x86_64-linux-gnu/libpcre.so.3.13.1
7fdee85a1000-7fdee87a0000 ---p 0003d000 08:06 130821                     /lib/x86_64-linux-gnu/libpcre.so.3.13.1
7fdee87a0000-7fdee87a1000 r--p 0003c000 08:06 130821                     /lib/x86_64-linux-gnu/libpcre.so.3.13.1
7fdee87a1000-7fdee87a2000 rw-p 0003d000 08:06 130821                     /lib/x86_64-linux-gnu/libpcre.so.3.13.1
7fdee87a2000-7fdee87a9000 r-xp 00000000 08:06 1447540                    /usr/lib/x86_64-linux-gnu/libffi.so.6.0.1
7fdee87a9000-7fdee89a8000 ---p 00007000 08:06 1447540                    /usr/lib/x86_64-linux-gnu/libffi.so.6.0.1
7fdee89a8000-7fdee89a9000 r--p 00006000 08:06 1447540                    /usr/lib/x86_64-linux-gnu/libffi.so.6.0.1
7fdee89a9000-7fdee89aa000 rw-p 00007000 08:06 1447540                    /usr/lib/x86_64-linux-gnu/libffi.so.6.0.1
7fdee89aa000-7fdee89c1000 r-xp 00000000 08:06 134868                     /lib/x86_64-linux-gnu/libresolv-2.19.so
7fdee89c1000-7fdee8bc1000 ---p 00017000 08:06 134868                     /lib/x86_64-linux-gnu/libresolv-2.19.so
7fdee8bc1000-7fdee8bc2000 r--p 00017000 08:06 134868                     /lib/x86_64-linux-gnu/libresolv-2.19.so
7fdee8bc2000-7fdee8bc3000 rw-p 00018000 08:06 134868                     /lib/x86_64-linux-gnu/libresolv-2.19.so
7fdee8bc3000-7fdee8bc5000 rw-p 00000000 00:00 0 
7fdee8bc5000-7fdee8be5000 r-xp 00000000 08:06 135079                     /lib/x86_64-linux-gnu/libselinux.so.1
7fdee8be5000-7fdee8de4000 ---p 00020000 08:06 135079                     /lib/x86_64-linux-gnu/libselinux.so.1
7fdee8de4000-7fdee8de5000 r--p 0001f000 08:06 135079                     /lib/x86_64-linux-gnu/libselinux.so.1
7fdee8de5000-7fdee8de6000 rw-p 00020000 08:06 135079                     /lib/x86_64-linux-gnu/libselinux.so.1
7fdee8de6000-7fdee8de8000 rw-p 00000000 00:00 0 
7fdee8de8000-7fdee8deb000 r-xp 00000000 08:06 1439340                    /usr/lib/x86_64-linux-gnu/libgmodule-2.0.so.0.4002.0
7fdee8deb000-7fdee8fea000 ---p 00003000 08:06 1439340                    /usr/lib/x86_64-linux-gnu/libgmodule-2.0.so.0.4002.0
7fdee8fea000-7fdee8feb000 r--p 00002000 08:06 1439340                    /usr/lib/x86_64-linux-gnu/libgmodule-2.0.so.0.4002.0
7fdee8feb000-7fdee8fec000 rw-p 00003000 08:06 1439340                    /usr/lib/x86_64-linux-gnu/libgmodule-2.0.so.0.4002.0
7fdee8fec000-7fdee90f2000 r-xp 00000000 08:06 134871                     /lib/x86_64-linux-gnu/libglib-2.0.so.0.4002.0
7fdee90f2000-7fdee92f1000 ---p 00106000 08:06 134871                     /lib/x86_64-linux-gnu/libglib-2.0.so.0.4002.0
7fdee92f1000-7fdee92f2000 r--p 00105000 08:06 134871                     /lib/x86_64-linux-gnu/libglib-2.0.so.0.4002.0
7fdee92f2000-7fdee92f3000 rw-p 00106000 08:06 134871                     /lib/x86_64-linux-gnu/libglib-2.0.so.0.4002.0
7fdee92f3000-7fdee92f4000 rw-p 00000000 00:00 0 
7fdee92f4000-7fdee9343000 r-xp 00000000 08:06 1439358                    /usr/lib/x86_64-linux-gnu/libgobject-2.0.so.0.4002.0
7fdee9343000-7fdee9543000 ---p 0004f000 08:06 1439358                    /usr/lib/x86_64-linux-gnu/libgobject-2.0.so.0.4002.0
7fdee9543000-7fdee9544000 r--p 0004f000 08:06 1439358                    /usr/lib/x86_64-linux-gnu/libgobject-2.0.so.0.4002.0
7fdee9544000-7fdee9545000 rw-p 00050000 08:06 1439358                    /usr/lib/x86_64-linux-gnu/libgobject-2.0.so.0.4002.0
7fdee9545000-7fdee96b1000 r-xp 00000000 08:06 1439362                    /usr/lib/x86_64-linux-gnu/libgio-2.0.so.0.4002.0
7fdee96b1000-7fdee98b0000 ---p 0016c000 08:06 1439362                    /usr/lib/x86_64-linux-gnu/libgio-2.0.so.0.4002.0
7fdee98b0000-7fdee98b4000 r--p 0016b000 08:06 1439362                    /usr/lib/x86_64-linux-gnu/libgio-2.0.so.0.4002.0
7fdee98b4000-7fdee98b6000 rw-p 0016f000 08:06 1439362                    /usr/lib/x86_64-linux-gnu/libgio-2.0.so.0.4002.0
7fdee98b6000-7fdee98b8000 rw-p 00000000 00:00 0 
7fdee98b8000-7fdee98cf000 r-xp 00000000 08:06 1489830                    /usr/lib/jvm/java-7-openjdk-amd64/jre/lib/amd64/libnet.so
7fdee98cf000-7fdee9ace000 ---p 00017000 08:06 1489830                    /usr/lib/jvm/java-7-openjdk-amd64/jre/lib/amd64/libnet.so
7fdee9ace000-7fdee9acf000 r--p 00016000 08:06 1489830                    /usr/lib/jvm/java-7-openjdk-amd64/jre/lib/amd64/libnet.so
7fdee9acf000-7fdee9ad0000 rw-p 00017000 08:06 1489830                    /usr/lib/jvm/java-7-openjdk-amd64/jre/lib/amd64/libnet.so
7fdee9ad0000-7fdeec000000 rw-p 00000000 00:00 0 
7fdeec000000-7fdeec021000 rw-p 00000000 00:00 0 
7fdeec021000-7fdef0000000 ---p 00000000 00:00 0 
7fdef0097000-7fdef00a7000 r-xp 00000000 08:06 1489812                    /usr/lib/jvm/java-7-openjdk-amd64/jre/lib/amd64/libnio.so
7fdef00a7000-7fdef02a7000 ---p 00010000 08:06 1489812                    /usr/lib/jvm/java-7-openjdk-amd64/jre/lib/amd64/libnio.so
7fdef02a7000-7fdef02a8000 r--p 00010000 08:06 1489812                    /usr/lib/jvm/java-7-openjdk-amd64/jre/lib/amd64/libnio.so
7fdef02a8000-7fdef02a9000 rw-p 00011000 08:06 1489812                    /usr/lib/jvm/java-7-openjdk-amd64/jre/lib/amd64/libnio.so
7fdef02a9000-7fdef02aa000 ---p 00000000 00:00 0 
7fdef02aa000-7fdef03aa000 rw-p 00000000 00:00 0                          [stack:6077]
7fdef03aa000-7fdef03ad000 ---p 00000000 00:00 0 
7fdef03ad000-7fdef04ab000 rw-p 00000000 00:00 0                          [stack:6076]
7fdef04ab000-7fdef04ae000 ---p 00000000 00:00 0 
7fdef04ae000-7fdef05ac000 rw-p 00000000 00:00 0                          [stack:6075]
7fdef05ac000-7fdef05af000 ---p 00000000 00:00 0 
7fdef05af000-7fdef06ad000 rw-p 00000000 00:00 0                          [stack:6074]
7fdef06ad000-7fdef06b0000 ---p 00000000 00:00 0 
7fdef06b0000-7fdef07ae000 rw-p 00000000 00:00 0                          [stack:6073]
7fdef07ae000-7fdef1000000 r--p 00000000 08:06 1447082                    /usr/lib/locale/locale-archive
7fdef1000000-7fdef1270000 rwxp 00000000 00:00 0 
7fdef1270000-7fdef4202000 rw-p 00000000 00:00 0 
7fdef4202000-7fdef8000000 ---p 00000000 00:00 0 
7fdef8002000-7fdef8033000 rw-p 00000000 00:00 0 
7fdef804f000-7fdef8065000 r--s 000f0000 08:06 3245245                    /home/tulin/AndroidStudioProjects/CamApp/app/build/intermediates/exploded-aar/com.android.support/support-v4/23.2.0/jars/classes.jar
7fdef8065000-7fdef8074000 r--s 000df000 08:06 3216701                    /home/tulin/Android/Sdk/build-tools/23.0.2/lib/dx.jar
7fdef8074000-7fdef8077000 ---p 00000000 00:00 0 
7fdef8077000-7fdef8175000 rw-p 00000000 00:00 0                          [stack:6057]
7fdef8175000-7fdef8178000 ---p 00000000 00:00 0 
7fdef8178000-7fdef8276000 rw-p 00000000 00:00 0                          [stack:6056]
7fdef8276000-7fdef8277000 ---p 00000000 00:00 0 
7fdef8277000-7fdef9374000 rw-p 00000000 00:00 0                          [stack:6055]
7fdef9374000-7fdef9526000 r--s 01d2f000 08:06 1489796                    /usr/lib/jvm/java-7-openjdk-amd64/jre/lib/rt.jar
7fdef9526000-7fdef9872000 rw-p 00000000 00:00 0 
7fdef9872000-7fdef9873000 ---p 00000000 00:00 0 
7fdef9873000-7fdef9973000 rw-p 00000000 00:00 0                          [stack:6049]
7fdef9973000-7fdef9974000 ---p 00000000 00:00 0 
7fdef9974000-7fdef9a74000 rw-p 00000000 00:00 0                          [stack:6045]
7fdef9a74000-7fdef9a75000 ---p 00000000 00:00 0 
7fdef9a75000-7fdef9b75000 rw-p 00000000 00:00 0                          [stack:6043]
7fdef9b75000-7fdef9b76000 ---p 00000000 00:00 0 
7fdef9b76000-7fdef9c81000 rw-p 00000000 00:00 0                          [stack:6042]
7fdef9c81000-7fdef9cc9000 rw-p 00000000 00:00 0 
7fdef9cc9000-7fdef9cdd000 rw-p 00000000 00:00 0 
7fdef9cdd000-7fdef9e1f000 rw-p 00000000 00:00 0 
7fdef9e1f000-7fdef9e2a000 rw-p 00000000 00:00 0 
7fdef9e2a000-7fdef9e72000 rw-p 00000000 00:00 0 
7fdef9e72000-7fdef9e86000 rw-p 00000000 00:00 0 
7fdef9e86000-7fdef9fc7000 rw-p 00000000 00:00 0 
7fdef9fc7000-7fdefa017000 rw-p 00000000 00:00 0 
7fdefa017000-7fdefa072000 rw-p 00000000 00:00 0 
7fdefa072000-7fdefa073000 rw-p 00000000 00:00 0 
7fdefa073000-7fdefa07b000 r-xp 00000000 08:06 1489805                    /usr/lib/jvm/java-7-openjdk-amd64/jre/lib/amd64/libzip.so
7fdefa07b000-7fdefa27a000 ---p 00008000 08:06 1489805                    /usr/lib/jvm/java-7-openjdk-amd64/jre/lib/amd64/libzip.so
7fdefa27a000-7fdefa27b000 r--p 00007000 08:06 1489805                    /usr/lib/jvm/java-7-openjdk-amd64/jre/lib/amd64/libzip.so
7fdefa27b000-7fdefa27c000 rw-p 00008000 08:06 1489805                    /usr/lib/jvm/java-7-openjdk-amd64/jre/lib/amd64/libzip.so
7fdefa27c000-7fdefa287000 r-xp 00000000 08:06 184225                     /lib/x86_64-linux-gnu/libnss_files-2.19.so
7fdefa287000-7fdefa486000 ---p 0000b000 08:06 184225                     /lib/x86_64-linux-gnu/libnss_files-2.19.so
7fdefa486000-7fdefa487000 r--p 0000a000 08:06 184225                     /lib/x86_64-linux-gnu/libnss_files-2.19.so
7fdefa487000-7fdefa488000 rw-p 0000b000 08:06 184225                     /lib/x86_64-linux-gnu/libnss_files-2.19.so
7fdefa488000-7fdefa493000 r-xp 00000000 08:06 145746                     /lib/x86_64-linux-gnu/libnss_nis-2.19.so
7fdefa493000-7fdefa692000 ---p 0000b000 08:06 145746                     /lib/x86_64-linux-gnu/libnss_nis-2.19.so
7fdefa692000-7fdefa693000 r--p 0000a000 08:06 145746                     /lib/x86_64-linux-gnu/libnss_nis-2.19.so
7fdefa693000-7fdefa694000 rw-p 0000b000 08:06 145746                     /lib/x86_64-linux-gnu/libnss_nis-2.19.so
7fdefa694000-7fdefa6ab000 r-xp 00000000 08:06 145742                     /lib/x86_64-linux-gnu/libnsl-2.19.so
7fdefa6ab000-7fdefa8aa000 ---p 00017000 08:06 145742                     /lib/x86_64-linux-gnu/libnsl-2.19.so
7fdefa8aa000-7fdefa8ab000 r--p 00016000 08:06 145742                     /lib/x86_64-linux-gnu/libnsl-2.19.so
7fdefa8ab000-7fdefa8ac000 rw-p 00017000 08:06 145742                     /lib/x86_64-linux-gnu/libnsl-2.19.so
7fdefa8ac000-7fdefa8ae000 rw-p 00000000 00:00 0 
7fdefa8ae000-7fdefa8b7000 r-xp 00000000 08:06 145741                     /lib/x86_64-linux-gnu/libnss_compat-2.19.so
7fdefa8b7000-7fdefaab6000 ---p 00009000 08:06 145741                     /lib/x86_64-linux-gnu/libnss_compat-2.19.so
7fdefaab6000-7fdefaab7000 r--p 00008000 08:06 145741                     /lib/x86_64-linux-gnu/libnss_compat-2.19.so
7fdefaab7000-7fdefaab8000 rw-p 00009000 08:06 145741                     /lib/x86_64-linux-gnu/libnss_compat-2.19.so
7fdefaab8000-7fdefaae3000 r-xp 00000000 08:06 1489826                    /usr/lib/jvm/java-7-openjdk-amd64/jre/lib/amd64/libjava.so
7fdefaae3000-7fdeface3000 ---p 0002b000 08:06 1489826                    /usr/lib/jvm/java-7-openjdk-amd64/jre/lib/amd64/libjava.so
7fdeface3000-7fdeface4000 r--p 0002b000 08:06 1489826                    /usr/lib/jvm/java-7-openjdk-amd64/jre/lib/amd64/libjava.so
7fdeface4000-7fdeface6000 rw-p 0002c000 08:06 1489826                    /usr/lib/jvm/java-7-openjdk-amd64/jre/lib/amd64/libjava.so
7fdeface6000-7fdefacf6000 r-xp 00000000 08:06 1489810                    /usr/lib/jvm/java-7-openjdk-amd64/jre/lib/amd64/libverify.so
7fdefacf6000-7fdefaef5000 ---p 00010000 08:06 1489810                    /usr/lib/jvm/java-7-openjdk-amd64/jre/lib/amd64/libverify.so
7fdefaef5000-7fdefaef7000 r--p 0000f000 08:06 1489810                    /usr/lib/jvm/java-7-openjdk-amd64/jre/lib/amd64/libverify.so
7fdefaef7000-7fdefaef8000 rw-p 00011000 08:06 1489810                    /usr/lib/jvm/java-7-openjdk-amd64/jre/lib/amd64/libverify.so
7fdefaef8000-7fdefaeff000 r-xp 00000000 08:06 148472                     /lib/x86_64-linux-gnu/librt-2.19.so
7fdefaeff000-7fdefb0fe000 ---p 00007000 08:06 148472                     /lib/x86_64-linux-gnu/librt-2.19.so
7fdefb0fe000-7fdefb0ff000 r--p 00006000 08:06 148472                     /lib/x86_64-linux-gnu/librt-2.19.so
7fdefb0ff000-7fdefb100000 rw-p 00007000 08:06 148472                     /lib/x86_64-linux-gnu/librt-2.19.so
7fdefb100000-7fdefb116000 r-xp 00000000 08:06 131070                     /lib/x86_64-linux-gnu/libgcc_s.so.1
7fdefb116000-7fdefb315000 ---p 00016000 08:06 131070                     /lib/x86_64-linux-gnu/libgcc_s.so.1
7fdefb315000-7fdefb316000 rw-p 00015000 08:06 131070                     /lib/x86_64-linux-gnu/libgcc_s.so.1
7fdefb316000-7fdefb41b000 r-xp 00000000 08:06 135048                     /lib/x86_64-linux-gnu/libm-2.19.so
7fdefb41b000-7fdefb61a000 ---p 00105000 08:06 135048                     /lib/x86_64-linux-gnu/libm-2.19.so
7fdefb61a000-7fdefb61b000 r--p 00104000 08:06 135048                     /lib/x86_64-linux-gnu/libm-2.19.so
7fdefb61b000-7fdefb61c000 rw-p 00105000 08:06 135048                     /lib/x86_64-linux-gnu/libm-2.19.so
7fdefb61c000-7fdefb702000 r-xp 00000000 08:06 1439330                    /usr/lib/x86_64-linux-gnu/libstdc++.so.6.0.19
7fdefb702000-7fdefb901000 ---p 000e6000 08:06 1439330                    /usr/lib/x86_64-linux-gnu/libstdc++.so.6.0.19
7fdefb901000-7fdefb909000 r--p 000e5000 08:06 1439330                    /usr/lib/x86_64-linux-gnu/libstdc++.so.6.0.19
7fdefb909000-7fdefb90b000 rw-p 000ed000 08:06 1439330                    /usr/lib/x86_64-linux-gnu/libstdc++.so.6.0.19
7fdefb90b000-7fdefb920000 rw-p 00000000 00:00 0 
7fdefb920000-7fdefc445000 r-xp 00000000 08:06 1489806                    /usr/lib/jvm/java-7-openjdk-amd64/jre/lib/amd64/server/libjvm.so
7fdefc445000-7fdefc645000 ---p 00b25000 08:06 1489806                    /usr/lib/jvm/java-7-openjdk-amd64/jre/lib/amd64/server/libjvm.so
7fdefc645000-7fdefc6df000 r--p 00b25000 08:06 1489806                    /usr/lib/jvm/java-7-openjdk-amd64/jre/lib/amd64/server/libjvm.so
7fdefc6df000-7fdefc702000 rw-p 00bbf000 08:06 1489806                    /usr/lib/jvm/java-7-openjdk-amd64/jre/lib/amd64/server/libjvm.so
7fdefc702000-7fdefc730000 rw-p 00000000 00:00 0 
7fdefc730000-7fdefc748000 r-xp 00000000 08:06 135112                     /lib/x86_64-linux-gnu/libz.so.1.2.8
7fdefc748000-7fdefc947000 ---p 00018000 08:06 135112                     /lib/x86_64-linux-gnu/libz.so.1.2.8
7fdefc947000-7fdefc948000 r--p 00017000 08:06 135112                     /lib/x86_64-linux-gnu/libz.so.1.2.8
7fdefc948000-7fdefc949000 rw-p 00018000 08:06 135112                     /lib/x86_64-linux-gnu/libz.so.1.2.8
7fdefc949000-7fdefc962000 r-xp 00000000 08:06 145743                     /lib/x86_64-linux-gnu/libpthread-2.19.so
7fdefc962000-7fdefcb61000 ---p 00019000 08:06 145743                     /lib/x86_64-linux-gnu/libpthread-2.19.so
7fdefcb61000-7fdefcb62000 r--p 00018000 08:06 145743                     /lib/x86_64-linux-gnu/libpthread-2.19.so
7fdefcb62000-7fdefcb63000 rw-p 00019000 08:06 145743                     /lib/x86_64-linux-gnu/libpthread-2.19.so
7fdefcb63000-7fdefcb67000 rw-p 00000000 00:00 0 
7fdefcb67000-7fdefcb6a000 r-xp 00000000 08:06 145738                     /lib/x86_64-linux-gnu/libdl-2.19.so
7fdefcb6a000-7fdefcd69000 ---p 00003000 08:06 145738                     /lib/x86_64-linux-gnu/libdl-2.19.so
7fdefcd69000-7fdefcd6a000 r--p 00002000 08:06 145738                     /lib/x86_64-linux-gnu/libdl-2.19.so
7fdefcd6a000-7fdefcd6b000 rw-p 00003000 08:06 145738                     /lib/x86_64-linux-gnu/libdl-2.19.so
7fdefcd6b000-7fdefcf26000 r-xp 00000000 08:06 148473                     /lib/x86_64-linux-gnu/libc-2.19.so
7fdefcf26000-7fdefd125000 ---p 001bb000 08:06 148473                     /lib/x86_64-linux-gnu/libc-2.19.so
7fdefd125000-7fdefd129000 r--p 001ba000 08:06 148473                     /lib/x86_64-linux-gnu/libc-2.19.so
7fdefd129000-7fdefd12b000 rw-p 001be000 08:06 148473                     /lib/x86_64-linux-gnu/libc-2.19.so
7fdefd12b000-7fdefd130000 rw-p 00000000 00:00 0 
7fdefd130000-7fdefd13d000 r-xp 00000000 08:06 1489800                    /usr/lib/jvm/java-7-openjdk-amd64/jre/lib/amd64/jli/libjli.so
7fdefd13d000-7fdefd33c000 ---p 0000d000 08:06 1489800                    /usr/lib/jvm/java-7-openjdk-amd64/jre/lib/amd64/jli/libjli.so
7fdefd33c000-7fdefd33d000 r--p 0000c000 08:06 1489800                    /usr/lib/jvm/java-7-openjdk-amd64/jre/lib/amd64/jli/libjli.so
7fdefd33d000-7fdefd33e000 rw-p 0000d000 08:06 1489800                    /usr/lib/jvm/java-7-openjdk-amd64/jre/lib/amd64/jli/libjli.so
7fdefd33e000-7fdefd361000 r-xp 00000000 08:06 145744                     /lib/x86_64-linux-gnu/ld-2.19.so
7fdefd361000-7fdefd364000 r--s 0000f000 08:06 1489840                    /usr/lib/jvm/java-7-openjdk-amd64/jre/lib/ext/icedtea-sound.jar
7fdefd364000-7fdefd386000 rw-p 00000000 00:00 0 
7fdefd386000-7fdefd43c000 rw-p 00000000 00:00 0 
7fdefd43c000-7fdefd43f000 ---p 00000000 00:00 0 
7fdefd43f000-7fdefd543000 rw-p 00000000 00:00 0                          [stack:6037]
7fdefd543000-7fdefd545000 r--s 00012000 08:06 1489837                    /usr/lib/jvm/java-7-openjdk-amd64/jre/lib/ext/zipfs.jar
7fdefd545000-7fdefd546000 r--s 00002000 08:06 1489839                    /usr/lib/jvm/java-7-openjdk-amd64/jre/lib/ext/dnsns.jar
7fdefd546000-7fdefd548000 r--s 00006000 08:06 1840524                    /usr/share/java/java-atk-wrapper.jar
7fdefd548000-7fdefd54c000 r--s 0003c000 08:06 1489838                    /usr/lib/jvm/java-7-openjdk-amd64/jre/lib/ext/sunpkcs11.jar
7fdefd54c000-7fdefd550000 r--s 00034000 08:06 1489836                    /usr/lib/jvm/java-7-openjdk-amd64/jre/lib/ext/sunjce_provider.jar
7fdefd550000-7fdefd554000 r--s 00085000 08:06 1489835                    /usr/lib/jvm/java-7-openjdk-amd64/jre/lib/ext/localedata.jar
7fdefd554000-7fdefd55c000 rw-s 00000000 08:06 1840155                    /tmp/hsperfdata_tulin/6029
7fdefd55c000-7fdefd55d000 rw-p 00000000 00:00 0 
7fdefd55d000-7fdefd55e000 ---p 00000000 00:00 0 
7fdefd55e000-7fdefd560000 rw-p 00000000 00:00 0 
7fdefd560000-7fdefd561000 r--p 00022000 08:06 145744                     /lib/x86_64-linux-gnu/ld-2.19.so
7fdefd561000-7fdefd562000 rw-p 00023000 08:06 145744                     /lib/x86_64-linux-gnu/ld-2.19.so
7fdefd562000-7fdefd563000 rw-p 00000000 00:00 0 
7ffc4e07f000-7ffc4e0a0000 rw-p 00000000 00:00 0                          [stack]
7ffc4e1c6000-7ffc4e1c8000 r-xp 00000000 00:00 0                          [vdso]
ffffffffff600000-ffffffffff601000 r-xp 00000000 00:00 0                  [vsyscall]

VM Arguments:
jvm_args: -Djava.awt.headless=true -Xmx1024M -Dfile.encoding=UTF-8 -Duser.country=US -Duser.language=en -Duser.variant 
java_command: com.android.dx.command.Main --dex --num-threads=4 --output /home/tulin/AndroidStudioProjects/CamApp/app/build/intermediates/pre-dexed/debug/com.android.support-support-v4-23.2.0_4b1fd8c92292e56f5a1fba56278554e72cab954d.jar /home/tulin/AndroidStudioProjects/CamApp/app/build/intermediates/exploded-aar/com.android.support/support-v4/23.2.0/jars/classes.jar
Launcher Type: SUN_STANDARD

Environment Variables:
PATH=/usr/local/sbin:/usr/local/bin:/usr/sbin:/usr/bin:/sbin:/bin:/usr/games:/usr/local/games
SHELL=/bin/bash
DISPLAY=:0

Signal Handlers:
SIGSEGV: [libjvm.so+0x955bc0], sa_mask[0]=0x7ffbfeff, sa_flags=0x10000004
SIGBUS: [libjvm.so+0x955bc0], sa_mask[0]=0x7ffbfeff, sa_flags=0x10000004
SIGFPE: [libjvm.so+0x7caff0], sa_mask[0]=0x7ffbfeff, sa_flags=0x10000004
SIGPIPE: [libjvm.so+0x7caff0], sa_mask[0]=0x7ffbfeff, sa_flags=0x10000004
SIGXFSZ: [libjvm.so+0x7caff0], sa_mask[0]=0x7ffbfeff, sa_flags=0x10000004
SIGILL: [libjvm.so+0x7caff0], sa_mask[0]=0x7ffbfeff, sa_flags=0x10000004
SIGUSR1: SIG_DFL, sa_mask[0]=0x00000000, sa_flags=0x00000000
SIGUSR2: [libjvm.so+0x7cae90], sa_mask[0]=0x00000004, sa_flags=0x10000004
SIGHUP: [libjvm.so+0x7cb070], sa_mask[0]=0x7ffbfeff, sa_flags=0x10000004
SIGINT: [libjvm.so+0x7cb070], sa_mask[0]=0x7ffbfeff, sa_flags=0x10000004
SIGTERM: [libjvm.so+0x7cb070], sa_mask[0]=0x7ffbfeff, sa_flags=0x10000004
SIGQUIT: [libjvm.so+0x7cb070], sa_mask[0]=0x7ffbfeff, sa_flags=0x10000004
SIGTRAP: SIG_DFL, sa_mask[0]=0x00000000, sa_flags=0x00000000


---------------  S Y S T E M  ---------------

OS:Ubuntu 14.04 (trusty)
uname:Linux 3.13.0-79-generic #123-Ubuntu SMP Fri Feb 19 14:27:58 UTC 2016 x86_64
libc:glibc 2.19 NPTL 2.19 
rlimit: STACK 8192k, CORE 0k, NPROC 30460, NOFILE 4096, AS infinity
load average:12,40 8,75 6,03

/proc/meminfo:
MemTotal:        3946988 kB
MemFree:          146588 kB
Buffers:            1480 kB
Cached:           695712 kB
SwapCached:            0 kB
Active:          2952884 kB
Inactive:         670788 kB
Active(anon):    2942760 kB
Inactive(anon):   661396 kB
Active(file):      10124 kB
Inactive(file):     9392 kB
Unevictable:          32 kB
Mlocked:              32 kB
SwapTotal:             0 kB
SwapFree:              0 kB
Dirty:               256 kB
Writeback:             0 kB
AnonPages:       2926948 kB
Mapped:           225396 kB
Shmem:            677240 kB
Slab:              73704 kB
SReclaimable:      34784 kB
SUnreclaim:        38920 kB
KernelStack:        6040 kB
PageTables:        42688 kB
NFS_Unstable:          0 kB
Bounce:                0 kB
WritebackTmp:          0 kB
CommitLimit:     1973492 kB
Committed_AS:    8805256 kB
VmallocTotal:   34359738367 kB
VmallocUsed:      350184 kB
VmallocChunk:   34359381756 kB
HardwareCorrupted:     0 kB
AnonHugePages:   1095680 kB
HugePages_Total:       0
HugePages_Free:        0
HugePages_Rsvd:        0
HugePages_Surp:        0
Hugepagesize:       2048 kB
DirectMap4k:       66592 kB
DirectMap2M:     4028416 kB


CPU:total 4 (2 cores per cpu, 2 threads per core) family 6 model 42 stepping 7, cmov, cx8, fxsr, mmx, sse, sse2, sse3, ssse3, sse4.1, sse4.2, popcnt, avx, aes, ht, tsc, tscinvbit

/proc/cpuinfo:
processor	: 0
vendor_id	: GenuineIntel
cpu family	: 6
model		: 42
model name	: Intel(R) Core(TM) i5-2557M CPU @ 1.70GHz
stepping	: 7
microcode	: 0x1a
cpu MHz		: 1701.000
cache size	: 3072 KB
physical id	: 0
siblings	: 4
core id		: 0
cpu cores	: 2
apicid		: 0
initial apicid	: 0
fpu		: yes
fpu_exception	: yes
cpuid level	: 13
wp		: yes
flags		: fpu vme de pse tsc msr pae mce cx8 apic sep mtrr pge mca cmov pat pse36 clflush dts acpi mmx fxsr sse sse2 ss ht tm pbe syscall nx rdtscp lm constant_tsc arch_perfmon pebs bts rep_good nopl xtopology nonstop_tsc aperfmperf eagerfpu pni pclmulqdq dtes64 monitor ds_cpl vmx smx est tm2 ssse3 cx16 xtpr pdcm pcid sse4_1 sse4_2 x2apic popcnt tsc_deadline_timer aes xsave avx lahf_lm ida arat epb xsaveopt pln pts dtherm tpr_shadow vnmi flexpriority ept vpid
bogomips	: 3392.10
clflush size	: 64
cache_alignment	: 64
address sizes	: 36 bits physical, 48 bits virtual
power management:

processor	: 1
vendor_id	: GenuineIntel
cpu family	: 6
model		: 42
model name	: Intel(R) Core(TM) i5-2557M CPU @ 1.70GHz
stepping	: 7
microcode	: 0x1a
cpu MHz		: 1701.000
cache size	: 3072 KB
physical id	: 0
siblings	: 4
core id		: 1
cpu cores	: 2
apicid		: 2
initial apicid	: 2
fpu		: yes
fpu_exception	: yes
cpuid level	: 13
wp		: yes
flags		: fpu vme de pse tsc msr pae mce cx8 apic sep mtrr pge mca cmov pat pse36 clflush dts acpi mmx fxsr sse sse2 ss ht tm pbe syscall nx rdtscp lm constant_tsc arch_perfmon pebs bts rep_good nopl xtopology nonstop_tsc aperfmperf eagerfpu pni pclmulqdq dtes64 monitor ds_cpl vmx smx est tm2 ssse3 cx16 xtpr pdcm pcid sse4_1 sse4_2 x2apic popcnt tsc_deadline_timer aes xsave avx lahf_lm ida arat epb xsaveopt pln pts dtherm tpr_shadow vnmi flexpriority ept vpid
bogomips	: 3392.10
clflush size	: 64
cache_alignment	: 64
address sizes	: 36 bits physical, 48 bits virtual
power management:

processor	: 2
vendor_id	: GenuineIntel
cpu family	: 6
model		: 42
model name	: Intel(R) Core(TM) i5-2557M CPU @ 1.70GHz
stepping	: 7
microcode	: 0x1a
cpu MHz		: 1701.000
cache size	: 3072 KB
physical id	: 0
siblings	: 4
core id		: 0
cpu cores	: 2
apicid		: 1
initial apicid	: 1
fpu		: yes
fpu_exception	: yes
cpuid level	: 13
wp		: yes
flags		: fpu vme de pse tsc msr pae mce cx8 apic sep mtrr pge mca cmov pat pse36 clflush dts acpi mmx fxsr sse sse2 ss ht tm pbe syscall nx rdtscp lm constant_tsc arch_perfmon pebs bts rep_good nopl xtopology nonstop_tsc aperfmperf eagerfpu pni pclmulqdq dtes64 monitor ds_cpl vmx smx est tm2 ssse3 cx16 xtpr pdcm pcid sse4_1 sse4_2 x2apic popcnt tsc_deadline_timer aes xsave avx lahf_lm ida arat epb xsaveopt pln pts dtherm tpr_shadow vnmi flexpriority ept vpid
bogomips	: 3392.10
clflush size	: 64
cache_alignment	: 64
address sizes	: 36 bits physical, 48 bits virtual
power management:

processor	: 3
vendor_id	: GenuineIntel
cpu family	: 6
model		: 42
model name	: Intel(R) Core(TM) i5-2557M CPU @ 1.70GHz
stepping	: 7
microcode	: 0x1a
cpu MHz		: 1701.000
cache size	: 3072 KB
physical id	: 0
siblings	: 4
core id		: 1
cpu cores	: 2
apicid		: 3
initial apicid	: 3
fpu		: yes
fpu_exception	: yes
cpuid level	: 13
wp		: yes
flags		: fpu vme de pse tsc msr pae mce cx8 apic sep mtrr pge mca cmov pat pse36 clflush dts acpi mmx fxsr sse sse2 ss ht tm pbe syscall nx rdtscp lm constant_tsc arch_perfmon pebs bts rep_good nopl xtopology nonstop_tsc aperfmperf eagerfpu pni pclmulqdq dtes64 monitor ds_cpl vmx smx est tm2 ssse3 cx16 xtpr pdcm pcid sse4_1 sse4_2 x2apic popcnt tsc_deadline_timer aes xsave avx lahf_lm ida arat epb xsaveopt pln pts dtherm tpr_shadow vnmi flexpriority ept vpid
bogomips	: 3392.10
clflush size	: 64
cache_alignment	: 64
address sizes	: 36 bits physical, 48 bits virtual
power management:



Memory: 4k page, physical 3946988k(147084k free), swap 0k(0k free)

vm_info: OpenJDK 64-Bit Server VM (24.95-b01) for linux-amd64 JRE (1.7.0_95-b00), built on Jan 21 2016 03:31:40 by "buildd" with gcc 4.8.4

time: Wed Mar 23 15:26:55 2016
elapsed time: 26 seconds

