#
# There is insufficient memory for the Java Runtime Environment to continue.
# Native memory allocation (malloc) failed to allocate 146800640 bytes for committing reserved memory.
# Possible reasons:
#   The system is out of physical RAM or swap space
#   In 32 bit mode, the process size limit was hit
# Possible solutions:
#   Reduce memory load on the system
#   Increase physical memory or swap space
#   Check if swap backing store is full
#   Use 64 bit Java on a 64 bit OS
#   Decrease Java heap size (-Xmx/-Xms)
#   Decrease number of Java threads
#   Decrease Java thread stack sizes (-Xss)
#   Set larger code cache with -XX:ReservedCodeCacheSize=
# This output file may be truncated or incomplete.
#
#  Out of Memory Error (os_linux.cpp:2827), pid=5883, tid=140671420487424
#
# JRE version: OpenJDK Runtime Environment (7.0_95) (build 1.7.0_95-b00)
# Java VM: OpenJDK 64-Bit Server VM (24.95-b01 mixed mode linux-amd64 compressed oops)
# Derivative: IcedTea 2.6.4
# Distribution: Ubuntu 14.04.3 LTS, package 7u95-2.6.4-0ubuntu0.14.04.1
# Failed to write core dump. Core dumps have been disabled. To enable core dumping, try "ulimit -c unlimited" before starting Java again
#

---------------  T H R E A D  ---------------

Current thread (0x00007ff0a4076000):  VMThread [stack: 0x00007ff09dfc5000,0x00007ff09e0c6000] [id=5921]

Stack: [0x00007ff09dfc5000,0x00007ff09e0c6000],  sp=0x00007ff09e0c4490,  free space=1021k
Native frames: (J=compiled Java code, j=interpreted, Vv=VM code, C=native code)
V  [libjvm.so+0x9550e5]
V  [libjvm.so+0x4902b4]
V  [libjvm.so+0x7cf7bb]
V  [libjvm.so+0x7ca28f]
V  [libjvm.so+0x83e56b]
V  [libjvm.so+0x83f3e0]
V  [libjvm.so+0x83facb]
V  [libjvm.so+0x83b4d8]
V  [libjvm.so+0x83bd48]
V  [libjvm.so+0x7f1fd3]
V  [libjvm.so+0x956ae4]
V  [libjvm.so+0x95abe7]
V  [libjvm.so+0x9596a8]
V  [libjvm.so+0x959b09]
V  [libjvm.so+0x959f52]
V  [libjvm.so+0x7cc682]

VM_Operation (0x00007ff06f476e40): ParallelGCFailedAllocation, mode: safepoint, requested by thread 0x00007ff0a419b000


---------------  P R O C E S S  ---------------

Java Threads: ( => current thread )
  0x00007ff0a419b000 JavaThread "pool-1-thread-4" [_thread_blocked, id=5972, stack(0x00007ff06f378000,0x00007ff06f479000)]
  0x00007ff0a4199800 JavaThread "pool-1-thread-3" [_thread_blocked, id=5971, stack(0x00007ff06f479000,0x00007ff06f57a000)]
  0x00007ff0a4198000 JavaThread "pool-1-thread-2" [_thread_blocked, id=5970, stack(0x00007ff06f57a000,0x00007ff06f67b000)]
  0x00007ff0a4195000 JavaThread "pool-2-thread-1" [_thread_blocked, id=5969, stack(0x00007ff06f67b000,0x00007ff06f77c000)]
  0x00007ff0a4193000 JavaThread "pool-1-thread-1" [_thread_blocked, id=5968, stack(0x00007ff09c00e000,0x00007ff09c10f000)]
  0x00007ff0a40b2000 JavaThread "Service Thread" daemon [_thread_blocked, id=5945, stack(0x00007ff09d16d000,0x00007ff09d26e000)]
  0x00007ff0a40af800 JavaThread "C2 CompilerThread1" daemon [_thread_blocked, id=5942, stack(0x00007ff09d26e000,0x00007ff09d36f000)]
  0x00007ff0a40ac800 JavaThread "C2 CompilerThread0" daemon [_thread_in_native, id=5937, stack(0x00007ff09d36f000,0x00007ff09d470000)]
  0x00007ff0a40aa800 JavaThread "Signal Dispatcher" daemon [_thread_blocked, id=5935, stack(0x00007ff09d470000,0x00007ff09d571000)]
  0x00007ff0a407c000 JavaThread "Finalizer" daemon [_thread_blocked, id=5930, stack(0x00007ff09ddc3000,0x00007ff09dec4000)]
  0x00007ff0a407a000 JavaThread "Reference Handler" daemon [_thread_blocked, id=5926, stack(0x00007ff09dec4000,0x00007ff09dfc5000)]
  0x00007ff0a400a800 JavaThread "main" [_thread_blocked, id=5897, stack(0x00007ff0ac6cb000,0x00007ff0ac7cc000)]

Other Threads:
=>0x00007ff0a4076000 VMThread [stack: 0x00007ff09dfc5000,0x00007ff09e0c6000] [id=5921]
  0x00007ff0a40bc800 WatcherThread [stack: 0x00007ff09d06c000,0x00007ff09d16d000] [id=5946]

VM state:at safepoint (normal execution)

VM Mutex/Monitor currently owned by a thread:  ([mutex/lock_event])
[0x00007ff0a4006990] Threads_lock - owner thread: 0x00007ff0a4076000
[0x00007ff0a4006e90] Heap_lock - owner thread: 0x00007ff0a419b000

Heap
 PSYoungGen      total 142848K, used 18420K [0x00000000eaa80000, 0x00000000f4a80000, 0x0000000100000000)
  eden space 124416K, 0% used [0x00000000eaa80000,0x00000000eaa80000,0x00000000f2400000)
  from space 18432K, 99% used [0x00000000f2400000,0x00000000f35fd278,0x00000000f3600000)
  to   space 15872K, 0% used [0x00000000f3600000,0x00000000f3600000,0x00000000f4580000)
 ParOldGen       total 40960K, used 38254K [0x00000000c0000000, 0x00000000c2800000, 0x00000000eaa80000)
  object space 40960K, 93% used [0x00000000c0000000,0x00000000c255b850,0x00000000c2800000)
 PSPermGen       total 21504K, used 6370K [0x00000000b5a00000, 0x00000000b6f00000, 0x00000000c0000000)
  object space 21504K, 29% used [0x00000000b5a00000,0x00000000b6038ad0,0x00000000b6f00000)

Card table byte_map: [0x00007ff0a90ae000,0x00007ff0a9302000] byte_map_base: 0x00007ff0a8b01000

Polling page: 0x00007ff0ac7ec000

Code Cache  [0x00007ff0a1000000, 0x00007ff0a1270000, 0x00007ff0a4000000)
 total_blobs=564 nmethods=333 adapters=184 free_code_cache=47555Kb largest_free_block=48662080

Compilation events (10 events):
Event: 30,068 Thread 0x00007ff0a40ac800 nmethod 342 0x00007ff0a10a9390 code [0x00007ff0a10a94c0, 0x00007ff0a10a9518]
Event: 30,068 Thread 0x00007ff0a40ac800  343             com.android.dx.rop.code.LocalItem::compareHandlesNulls (25 bytes)
Event: 30,070 Thread 0x00007ff0a40ac800 nmethod 343 0x00007ff0a10a8f90 code [0x00007ff0a10a90e0, 0x00007ff0a10a9258]
Event: 30,070 Thread 0x00007ff0a40ac800  344             java.util.TreeMap::put (247 bytes)
Event: 30,198 Thread 0x00007ff0a40ac800 nmethod 344 0x00007ff0a11557d0 code [0x00007ff0a1155980, 0x00007ff0a1156378]
Event: 30,198 Thread 0x00007ff0a40ac800  345             com.android.dx.cf.code.ByteBlock::getLabel (5 bytes)
Event: 30,199 Thread 0x00007ff0a40ac800 nmethod 345 0x00007ff0a11555d0 code [0x00007ff0a1155700, 0x00007ff0a1155758]
Event: 30,199 Thread 0x00007ff0a40ac800  346             com.android.dx.rop.code.PlainInsn::withNewRegisters (18 bytes)
Event: 30,227 Thread 0x00007ff0a40ac800 nmethod 346 0x00007ff0a10a89d0 code [0x00007ff0a10a8b20, 0x00007ff0a10a8cd8]
Event: 30,228 Thread 0x00007ff0a40ac800  347             com.android.dx.ssa.SsaRenamer$BlockRenamer::process (191 bytes)

GC Heap History (10 events):
Event: 2,255 GC heap after
Heap after GC invocations=2 (full 0):
 PSYoungGen      total 34304K, used 2557K [0x00000000eaa80000, 0x00000000ece80000, 0x0000000100000000)
  eden space 31744K, 0% used [0x00000000eaa80000,0x00000000eaa80000,0x00000000ec980000)
  from space 2560K, 99% used [0x00000000ecc00000,0x00000000ece7f748,0x00000000ece80000)
  to   space 2560K, 0% used [0x00000000ec980000,0x00000000ec980000,0x00000000ecc00000)
 ParOldGen       total 40960K, used 1883K [0x00000000c0000000, 0x00000000c2800000, 0x00000000eaa80000)
  object space 40960K, 4% used [0x00000000c0000000,0x00000000c01d6d88,0x00000000c2800000)
 PSPermGen       total 21504K, used 5959K [0x00000000b5a00000, 0x00000000b6f00000, 0x00000000c0000000)
  object space 21504K, 27% used [0x00000000b5a00000,0x00000000b5fd1eb0,0x00000000b6f00000)
}
Event: 5,646 GC heap before
{Heap before GC invocations=3 (full 0):
 PSYoungGen      total 34304K, used 34301K [0x00000000eaa80000, 0x00000000ece80000, 0x0000000100000000)
  eden space 31744K, 100% used [0x00000000eaa80000,0x00000000ec980000,0x00000000ec980000)
  from space 2560K, 99% used [0x00000000ecc00000,0x00000000ece7f748,0x00000000ece80000)
  to   space 2560K, 0% used [0x00000000ec980000,0x00000000ec980000,0x00000000ecc00000)
 ParOldGen       total 40960K, used 1883K [0x00000000c0000000, 0x00000000c2800000, 0x00000000eaa80000)
  object space 40960K, 4% used [0x00000000c0000000,0x00000000c01d6d88,0x00000000c2800000)
 PSPermGen       total 21504K, used 6155K [0x00000000b5a00000, 0x00000000b6f00000, 0x00000000c0000000)
  object space 21504K, 28% used [0x00000000b5a00000,0x00000000b6002ed8,0x00000000b6f00000)
Event: 5,746 GC heap after
Heap after GC invocations=3 (full 0):
 PSYoungGen      total 34304K, used 2549K [0x00000000eaa80000, 0x00000000eed80000, 0x0000000100000000)
  eden space 31744K, 0% used [0x00000000eaa80000,0x00000000eaa80000,0x00000000ec980000)
  from space 2560K, 99% used [0x00000000ec980000,0x00000000ecbfd4e8,0x00000000ecc00000)
  to   space 2560K, 0% used [0x00000000eeb00000,0x00000000eeb00000,0x00000000eed80000)
 ParOldGen       total 40960K, used 7207K [0x00000000c0000000, 0x00000000c2800000, 0x00000000eaa80000)
  object space 40960K, 17% used [0x00000000c0000000,0x00000000c0709d90,0x00000000c2800000)
 PSPermGen       total 21504K, used 6155K [0x00000000b5a00000, 0x00000000b6f00000, 0x00000000c0000000)
  object space 21504K, 28% used [0x00000000b5a00000,0x00000000b6002ed8,0x00000000b6f00000)
}
Event: 8,692 GC heap before
{Heap before GC invocations=4 (full 0):
 PSYoungGen      total 34304K, used 34293K [0x00000000eaa80000, 0x00000000eed80000, 0x0000000100000000)
  eden space 31744K, 100% used [0x00000000eaa80000,0x00000000ec980000,0x00000000ec980000)
  from space 2560K, 99% used [0x00000000ec980000,0x00000000ecbfd4e8,0x00000000ecc00000)
  to   space 2560K, 0% used [0x00000000eeb00000,0x00000000eeb00000,0x00000000eed80000)
 ParOldGen       total 40960K, used 7207K [0x00000000c0000000, 0x00000000c2800000, 0x00000000eaa80000)
  object space 40960K, 17% used [0x00000000c0000000,0x00000000c0709d90,0x00000000c2800000)
 PSPermGen       total 21504K, used 6204K [0x00000000b5a00000, 0x00000000b6f00000, 0x00000000c0000000)
  object space 21504K, 28% used [0x00000000b5a00000,0x00000000b600f088,0x00000000b6f00000)
Event: 8,934 GC heap after
Heap after GC invocations=4 (full 0):
 PSYoungGen      total 66048K, used 2541K [0x00000000eaa80000, 0x00000000eed80000, 0x0000000100000000)
  eden space 63488K, 0% used [0x00000000eaa80000,0x00000000eaa80000,0x00000000ee880000)
  from space 2560K, 99% used [0x00000000eeb00000,0x00000000eed7b488,0x00000000eed80000)
  to   space 2560K, 0% used [0x00000000ee880000,0x00000000ee880000,0x00000000eeb00000)
 ParOldGen       total 40960K, used 12993K [0x00000000c0000000, 0x00000000c2800000, 0x00000000eaa80000)
  object space 40960K, 31% used [0x00000000c0000000,0x00000000c0cb0530,0x00000000c2800000)
 PSPermGen       total 21504K, used 6204K [0x00000000b5a00000, 0x00000000b6f00000, 0x00000000c0000000)
  object space 21504K, 28% used [0x00000000b5a00000,0x00000000b600f088,0x00000000b6f00000)
}
Event: 14,299 GC heap before
{Heap before GC invocations=5 (full 0):
 PSYoungGen      total 66048K, used 66029K [0x00000000eaa80000, 0x00000000eed80000, 0x0000000100000000)
  eden space 63488K, 100% used [0x00000000eaa80000,0x00000000ee880000,0x00000000ee880000)
  from space 2560K, 99% used [0x00000000eeb00000,0x00000000eed7b488,0x00000000eed80000)
  to   space 2560K, 0% used [0x00000000ee880000,0x00000000ee880000,0x00000000eeb00000)
 ParOldGen       total 40960K, used 12993K [0x00000000c0000000, 0x00000000c2800000, 0x00000000eaa80000)
  object space 40960K, 31% used [0x00000000c0000000,0x00000000c0cb0530,0x00000000c2800000)
 PSPermGen       total 21504K, used 6242K [0x00000000b5a00000, 0x00000000b6f00000, 0x00000000c0000000)
  object space 21504K, 29% used [0x00000000b5a00000,0x00000000b6018ad0,0x00000000b6f00000)
Event: 14,425 GC heap after
Heap after GC invocations=5 (full 0):
 PSYoungGen      total 66048K, used 2530K [0x00000000eaa80000, 0x00000000f4580000, 0x0000000100000000)
  eden space 63488K, 0% used [0x00000000eaa80000,0x00000000eaa80000,0x00000000ee880000)
  from space 2560K, 98% used [0x00000000ee880000,0x00000000eeaf8860,0x00000000eeb00000)
  to   space 15872K, 0% used [0x00000000f3600000,0x00000000f3600000,0x00000000f4580000)
 ParOldGen       total 40960K, used 24105K [0x00000000c0000000, 0x00000000c2800000, 0x00000000eaa80000)
  object space 40960K, 58% used [0x00000000c0000000,0x00000000c178a440,0x00000000c2800000)
 PSPermGen       total 21504K, used 6242K [0x00000000b5a00000, 0x00000000b6f00000, 0x00000000c0000000)
  object space 21504K, 29% used [0x00000000b5a00000,0x00000000b6018ad0,0x00000000b6f00000)
}
Event: 20,799 GC heap before
{Heap before GC invocations=6 (full 0):
 PSYoungGen      total 66048K, used 66018K [0x00000000eaa80000, 0x00000000f4580000, 0x0000000100000000)
  eden space 63488K, 100% used [0x00000000eaa80000,0x00000000ee880000,0x00000000ee880000)
  from space 2560K, 98% used [0x00000000ee880000,0x00000000eeaf8860,0x00000000eeb00000)
  to   space 15872K, 0% used [0x00000000f3600000,0x00000000f3600000,0x00000000f4580000)
 ParOldGen       total 40960K, used 24105K [0x00000000c0000000, 0x00000000c2800000, 0x00000000eaa80000)
  object space 40960K, 58% used [0x00000000c0000000,0x00000000c178a440,0x00000000c2800000)
 PSPermGen       total 21504K, used 6286K [0x00000000b5a00000, 0x00000000b6f00000, 0x00000000c0000000)
  object space 21504K, 29% used [0x00000000b5a00000,0x00000000b6023ad8,0x00000000b6f00000)
Event: 20,949 GC heap after
Heap after GC invocations=6 (full 0):
 PSYoungGen      total 140288K, used 14029K [0x00000000eaa80000, 0x00000000f4a80000, 0x0000000100000000)
  eden space 124416K, 0% used [0x00000000eaa80000,0x00000000eaa80000,0x00000000f2400000)
  from space 15872K, 88% used [0x00000000f3600000,0x00000000f43b3480,0x00000000f4580000)
  to   space 18432K, 0% used [0x00000000f2400000,0x00000000f2400000,0x00000000f3600000)
 ParOldGen       total 40960K, used 24105K [0x00000000c0000000, 0x00000000c2800000, 0x00000000eaa80000)
  object space 40960K, 58% used [0x00000000c0000000,0x00000000c178a440,0x00000000c2800000)
 PSPermGen       total 21504K, used 6286K [0x00000000b5a00000, 0x00000000b6f00000, 0x00000000c0000000)
  object space 21504K, 29% used [0x00000000b5a00000,0x00000000b6023ad8,0x00000000b6f00000)
}
Event: 30,979 GC heap before
{Heap before GC invocations=7 (full 0):
 PSYoungGen      total 140288K, used 138445K [0x00000000eaa80000, 0x00000000f4a80000, 0x0000000100000000)
  eden space 124416K, 100% used [0x00000000eaa80000,0x00000000f2400000,0x00000000f2400000)
  from space 15872K, 88% used [0x00000000f3600000,0x00000000f43b3480,0x00000000f4580000)
  to   space 18432K, 0% used [0x00000000f2400000,0x00000000f2400000,0x00000000f3600000)
 ParOldGen       total 40960K, used 24105K [0x00000000c0000000, 0x00000000c2800000, 0x00000000eaa80000)
  object space 40960K, 58% used [0x00000000c0000000,0x00000000c178a440,0x00000000c2800000)
 PSPermGen       total 21504K, used 6370K [0x00000000b5a00000, 0x00000000b6f00000, 0x00000000c0000000)
  object space 21504K, 29% used [0x00000000b5a00000,0x00000000b6038ad0,0x00000000b6f00000)

Deoptimization events (10 events):
Event: 7,714 Thread 0x00007ff0a4198000 Uncommon trap: reason=bimorphic action=maybe_recompile pc=0x00007ff0a1091d24 method=com.android.dx.ssa.NormalSsaInsn.accept(Lcom/android/dx/ssa/SsaInsn$Visitor;)V @ 9
Event: 7,714 Thread 0x00007ff0a4198000 Uncommon trap: reason=bimorphic action=maybe_recompile pc=0x00007ff0a1078e80 method=com.android.dx.ssa.NormalSsaInsn.accept(Lcom/android/dx/ssa/SsaInsn$Visitor;)V @ 9
Event: 15,773 Thread 0x00007ff0a4199800 Uncommon trap: reason=null_check action=make_not_entrant pc=0x00007ff0a1122760 method=com.android.dx.cf.code.Ropper$CatchInfo.getSetup(Lcom/android/dx/rop/type/Type;)Lcom/android/dx/cf/code/Ropper$ExceptionHandlerSetup; @ 10
Event: 16,349 Thread 0x00007ff0a400a800 Uncommon trap: reason=unstable_if action=reinterpret pc=0x00007ff0a10e8cdc method=com.android.dx.ssa.SCCP.simulateBranch(Lcom/android/dx/ssa/SsaInsn;)V @ 64
Event: 22,922 Thread 0x00007ff0a4198000 Uncommon trap: reason=unstable_if action=reinterpret pc=0x00007ff0a10b4728 method=java.util.BitSet.ensureCapacity(I)V @ 6
Event: 25,956 Thread 0x00007ff0a4199800 Uncommon trap: reason=unstable_if action=reinterpret pc=0x00007ff0a10d1fdc method=com.android.dx.ssa.Dominators.run()V @ 346
Event: 28,239 Thread 0x00007ff0a419b000 Uncommon trap: reason=bimorphic action=maybe_recompile pc=0x00007ff0a11633f8 method=com.android.dx.cf.code.BytecodeArray.parseInstruction(ILcom/android/dx/cf/code/BytecodeArray$Visitor;)I @ 1357
Event: 28,260 Thread 0x00007ff0a419b000 Uncommon trap: reason=bimorphic action=maybe_recompile pc=0x00007ff0a11633f8 method=com.android.dx.cf.code.BytecodeArray.parseInstruction(ILcom/android/dx/cf/code/BytecodeArray$Visitor;)I @ 1357
Event: 30,485 Thread 0x00007ff0a419b000 Uncommon trap: reason=bimorphic action=maybe_recompile pc=0x00007ff0a1162c14 method=com.android.dx.cf.code.BytecodeArray.parseInstruction(ILcom/android/dx/cf/code/BytecodeArray$Visitor;)I @ 971
Event: 30,486 Thread 0x00007ff0a419b000 Uncommon trap: reason=bimorphic action=maybe_recompile pc=0x00007ff0a1162c14 method=com.android.dx.cf.code.BytecodeArray.parseInstruction(ILcom/android/dx/cf/code/BytecodeArray$Visitor;)I @ 971

Internal exceptions (10 events):
Event: 1,708 Thread 0x00007ff0a400a800 Threw 0x00000000eb5a2588 at /build/openjdk-7-2FOwCu/openjdk-7-7u95-2.6.4/build/openjdk/hotspot/src/share/vm/prims/jvm.cpp:1322
Event: 2,074 Thread 0x00007ff0a4199800 Threw 0x00000000eb828c08 at /build/openjdk-7-2FOwCu/openjdk-7-7u95-2.6.4/build/openjdk/hotspot/src/share/vm/prims/jvm.cpp:1322
Event: 2,430 Thread 0x00007ff0a4198000 Threw 0x00000000eac7dc20 at /build/openjdk-7-2FOwCu/openjdk-7-7u95-2.6.4/build/openjdk/hotspot/src/share/vm/prims/jvm.cpp:1322
Event: 3,292 Thread 0x00007ff0a400a800 Implicit null exception at 0x00007ff0a10a2f8f to 0x00007ff0a10a3675
Event: 5,120 Thread 0x00007ff0a400a800 Implicit null exception at 0x00007ff0a10b187c to 0x00007ff0a10b2c3d
Event: 6,559 Thread 0x00007ff0a400a800 Threw 0x00000000eb56dd78 at /build/openjdk-7-2FOwCu/openjdk-7-7u95-2.6.4/build/openjdk/hotspot/src/share/vm/prims/jvm.cpp:1322
Event: 6,697 Thread 0x00007ff0a400a800 Threw 0x00000000eb7412d8 at /build/openjdk-7-2FOwCu/openjdk-7-7u95-2.6.4/build/openjdk/hotspot/src/share/vm/prims/jvm.cpp:1322
Event: 8,587 Thread 0x00007ff0a4193000 Threw 0x00000000ec75abf0 at /build/openjdk-7-2FOwCu/openjdk-7-7u95-2.6.4/build/openjdk/hotspot/src/share/vm/prims/jvm.cpp:1322
Event: 15,773 Thread 0x00007ff0a4199800 Implicit null exception at 0x00007ff0a111ea6d to 0x00007ff0a1122735
Event: 19,661 Thread 0x00007ff0a400a800 Threw 0x00000000ed544dd8 at /build/openjdk-7-2FOwCu/openjdk-7-7u95-2.6.4/build/openjdk/hotspot/src/share/vm/prims/jvm.cpp:1322

Events (10 events):
Event: 29,319 Thread 0x00007ff0a40af800 flushing nmethod 0x00007ff0a1078b10
Event: 29,411 Thread 0x00007ff0a40af800 flushing nmethod 0x00007ff0a1090c90
Event: 29,489 Thread 0x00007ff0a40ac800 flushing nmethod 0x00007ff0a10a89d0
Event: 30,485 Thread 0x00007ff0a419b000 Uncommon trap: trap_request=0xffffffc6 fr.pc=0x00007ff0a1162c14
Event: 30,485 Thread 0x00007ff0a419b000 DEOPT PACKING pc=0x00007ff0a1162c14 sp=0x00007ff06f477010
Event: 30,486 Thread 0x00007ff0a419b000 DEOPT UNPACKING pc=0x00007ff0a1039445 sp=0x00007ff06f476fd8 mode 2
Event: 30,486 Thread 0x00007ff0a419b000 Uncommon trap: trap_request=0xffffffc6 fr.pc=0x00007ff0a1162c14
Event: 30,486 Thread 0x00007ff0a419b000 DEOPT PACKING pc=0x00007ff0a1162c14 sp=0x00007ff06f476fe0
Event: 30,486 Thread 0x00007ff0a419b000 DEOPT UNPACKING pc=0x00007ff0a1039445 sp=0x00007ff06f476fa8 mode 2
Event: 30,959 Executing VM operation: ParallelGCFailedAllocation


Dynamic libraries:
00400000-00401000 r-xp 00000000 08:06 1454669                            /usr/lib/jvm/java-7-openjdk-amd64/jre/bin/java
00600000-00601000 r--p 00000000 08:06 1454669                            /usr/lib/jvm/java-7-openjdk-amd64/jre/bin/java
00601000-00602000 rw-p 00001000 08:06 1454669                            /usr/lib/jvm/java-7-openjdk-amd64/jre/bin/java
0151e000-0153f000 rw-p 00000000 00:00 0                                  [heap]
b5a00000-b6f00000 rw-p 00000000 00:00 0 
b6f00000-c0000000 rw-p 00000000 00:00 0 
c0000000-c2800000 rw-p 00000000 00:00 0 
c2800000-eaa80000 rw-p 00000000 00:00 0 
eaa80000-f4a80000 rw-p 00000000 00:00 0 
fd680000-100000000 rw-p 00000000 00:00 0 
7ff054000000-7ff054027000 rw-p 00000000 00:00 0 
7ff054027000-7ff058000000 ---p 00000000 00:00 0 
7ff058000000-7ff058026000 rw-p 00000000 00:00 0 
7ff058026000-7ff05c000000 ---p 00000000 00:00 0 
7ff05c000000-7ff05c021000 rw-p 00000000 00:00 0 
7ff05c021000-7ff060000000 ---p 00000000 00:00 0 
7ff060000000-7ff060021000 rw-p 00000000 00:00 0 
7ff060021000-7ff064000000 ---p 00000000 00:00 0 
7ff064000000-7ff06403c000 rw-p 00000000 00:00 0 
7ff06403c000-7ff068000000 ---p 00000000 00:00 0 
7ff068000000-7ff068021000 rw-p 00000000 00:00 0 
7ff068021000-7ff06c000000 ---p 00000000 00:00 0 
7ff06f378000-7ff06f37b000 ---p 00000000 00:00 0 
7ff06f37b000-7ff06f479000 rw-p 00000000 00:00 0                          [stack:5972]
7ff06f479000-7ff06f47c000 ---p 00000000 00:00 0 
7ff06f47c000-7ff06f57a000 rw-p 00000000 00:00 0                          [stack:5971]
7ff06f57a000-7ff06f57d000 ---p 00000000 00:00 0 
7ff06f57d000-7ff06f67b000 rw-p 00000000 00:00 0                          [stack:5970]
7ff06f67b000-7ff06f67e000 ---p 00000000 00:00 0 
7ff06f67e000-7ff06f77c000 rw-p 00000000 00:00 0                          [stack:5969]
7ff06f77c000-7ff06f7b9000 r-xp 00000000 08:06 130821                     /lib/x86_64-linux-gnu/libpcre.so.3.13.1
7ff06f7b9000-7ff06f9b8000 ---p 0003d000 08:06 130821                     /lib/x86_64-linux-gnu/libpcre.so.3.13.1
7ff06f9b8000-7ff06f9b9000 r--p 0003c000 08:06 130821                     /lib/x86_64-linux-gnu/libpcre.so.3.13.1
7ff06f9b9000-7ff06f9ba000 rw-p 0003d000 08:06 130821                     /lib/x86_64-linux-gnu/libpcre.so.3.13.1
7ff06f9ba000-7ff06f9c1000 r-xp 00000000 08:06 1447540                    /usr/lib/x86_64-linux-gnu/libffi.so.6.0.1
7ff06f9c1000-7ff06fbc0000 ---p 00007000 08:06 1447540                    /usr/lib/x86_64-linux-gnu/libffi.so.6.0.1
7ff06fbc0000-7ff06fbc1000 r--p 00006000 08:06 1447540                    /usr/lib/x86_64-linux-gnu/libffi.so.6.0.1
7ff06fbc1000-7ff06fbc2000 rw-p 00007000 08:06 1447540                    /usr/lib/x86_64-linux-gnu/libffi.so.6.0.1
7ff06fbc2000-7ff06fbd9000 r-xp 00000000 08:06 134868                     /lib/x86_64-linux-gnu/libresolv-2.19.so
7ff06fbd9000-7ff06fdd9000 ---p 00017000 08:06 134868                     /lib/x86_64-linux-gnu/libresolv-2.19.so
7ff06fdd9000-7ff06fdda000 r--p 00017000 08:06 134868                     /lib/x86_64-linux-gnu/libresolv-2.19.so
7ff06fdda000-7ff06fddb000 rw-p 00018000 08:06 134868                     /lib/x86_64-linux-gnu/libresolv-2.19.so
7ff06fddb000-7ff06fddd000 rw-p 00000000 00:00 0 
7ff06fddd000-7ff06fdfd000 r-xp 00000000 08:06 135079                     /lib/x86_64-linux-gnu/libselinux.so.1
7ff06fdfd000-7ff06fffc000 ---p 00020000 08:06 135079                     /lib/x86_64-linux-gnu/libselinux.so.1
7ff06fffc000-7ff06fffd000 r--p 0001f000 08:06 135079                     /lib/x86_64-linux-gnu/libselinux.so.1
7ff06fffd000-7ff06fffe000 rw-p 00020000 08:06 135079                     /lib/x86_64-linux-gnu/libselinux.so.1
7ff06fffe000-7ff070000000 rw-p 00000000 00:00 0 
7ff070000000-7ff071783000 rw-p 00000000 00:00 0 
7ff071783000-7ff074000000 ---p 00000000 00:00 0 
7ff074000000-7ff074021000 rw-p 00000000 00:00 0 
7ff074021000-7ff078000000 ---p 00000000 00:00 0 
7ff078000000-7ff078021000 rw-p 00000000 00:00 0 
7ff078021000-7ff07c000000 ---p 00000000 00:00 0 
7ff07c000000-7ff07df8e000 rw-p 00000000 00:00 0 
7ff07df8e000-7ff080000000 ---p 00000000 00:00 0 
7ff080000000-7ff080021000 rw-p 00000000 00:00 0 
7ff080021000-7ff084000000 ---p 00000000 00:00 0 
7ff084000000-7ff084021000 rw-p 00000000 00:00 0 
7ff084021000-7ff088000000 ---p 00000000 00:00 0 
7ff088000000-7ff088021000 rw-p 00000000 00:00 0 
7ff088021000-7ff08c000000 ---p 00000000 00:00 0 
7ff08c000000-7ff08c021000 rw-p 00000000 00:00 0 
7ff08c021000-7ff090000000 ---p 00000000 00:00 0 
7ff090000000-7ff090021000 rw-p 00000000 00:00 0 
7ff090021000-7ff094000000 ---p 00000000 00:00 0 
7ff094000000-7ff094021000 rw-p 00000000 00:00 0 
7ff094021000-7ff098000000 ---p 00000000 00:00 0 
7ff098000000-7ff098021000 rw-p 00000000 00:00 0 
7ff098021000-7ff09c000000 ---p 00000000 00:00 0 
7ff09c00e000-7ff09c011000 ---p 00000000 00:00 0 
7ff09c011000-7ff09c140000 rw-p 00000000 00:00 0                          [stack:5968]
7ff09c140000-7ff09c143000 r-xp 00000000 08:06 1439340                    /usr/lib/x86_64-linux-gnu/libgmodule-2.0.so.0.4002.0
7ff09c143000-7ff09c342000 ---p 00003000 08:06 1439340                    /usr/lib/x86_64-linux-gnu/libgmodule-2.0.so.0.4002.0
7ff09c342000-7ff09c343000 r--p 00002000 08:06 1439340                    /usr/lib/x86_64-linux-gnu/libgmodule-2.0.so.0.4002.0
7ff09c343000-7ff09c344000 rw-p 00003000 08:06 1439340                    /usr/lib/x86_64-linux-gnu/libgmodule-2.0.so.0.4002.0
7ff09c344000-7ff09c44a000 r-xp 00000000 08:06 134871                     /lib/x86_64-linux-gnu/libglib-2.0.so.0.4002.0
7ff09c44a000-7ff09c649000 ---p 00106000 08:06 134871                     /lib/x86_64-linux-gnu/libglib-2.0.so.0.4002.0
7ff09c649000-7ff09c64a000 r--p 00105000 08:06 134871                     /lib/x86_64-linux-gnu/libglib-2.0.so.0.4002.0
7ff09c64a000-7ff09c64b000 rw-p 00106000 08:06 134871                     /lib/x86_64-linux-gnu/libglib-2.0.so.0.4002.0
7ff09c64b000-7ff09c64c000 rw-p 00000000 00:00 0 
7ff09c64c000-7ff09c69b000 r-xp 00000000 08:06 1439358                    /usr/lib/x86_64-linux-gnu/libgobject-2.0.so.0.4002.0
7ff09c69b000-7ff09c89b000 ---p 0004f000 08:06 1439358                    /usr/lib/x86_64-linux-gnu/libgobject-2.0.so.0.4002.0
7ff09c89b000-7ff09c89c000 r--p 0004f000 08:06 1439358                    /usr/lib/x86_64-linux-gnu/libgobject-2.0.so.0.4002.0
7ff09c89c000-7ff09c89d000 rw-p 00050000 08:06 1439358                    /usr/lib/x86_64-linux-gnu/libgobject-2.0.so.0.4002.0
7ff09c89d000-7ff09ca09000 r-xp 00000000 08:06 1439362                    /usr/lib/x86_64-linux-gnu/libgio-2.0.so.0.4002.0
7ff09ca09000-7ff09cc08000 ---p 0016c000 08:06 1439362                    /usr/lib/x86_64-linux-gnu/libgio-2.0.so.0.4002.0
7ff09cc08000-7ff09cc0c000 r--p 0016b000 08:06 1439362                    /usr/lib/x86_64-linux-gnu/libgio-2.0.so.0.4002.0
7ff09cc0c000-7ff09cc0e000 rw-p 0016f000 08:06 1439362                    /usr/lib/x86_64-linux-gnu/libgio-2.0.so.0.4002.0
7ff09cc0e000-7ff09cc10000 rw-p 00000000 00:00 0 
7ff09cc2c000-7ff09cc43000 r-xp 00000000 08:06 1489830                    /usr/lib/jvm/java-7-openjdk-amd64/jre/lib/amd64/libnet.so
7ff09cc43000-7ff09ce42000 ---p 00017000 08:06 1489830                    /usr/lib/jvm/java-7-openjdk-amd64/jre/lib/amd64/libnet.so
7ff09ce42000-7ff09ce43000 r--p 00016000 08:06 1489830                    /usr/lib/jvm/java-7-openjdk-amd64/jre/lib/amd64/libnet.so
7ff09ce43000-7ff09ce44000 rw-p 00017000 08:06 1489830                    /usr/lib/jvm/java-7-openjdk-amd64/jre/lib/amd64/libnet.so
7ff09ce44000-7ff09ce54000 r-xp 00000000 08:06 1489812                    /usr/lib/jvm/java-7-openjdk-amd64/jre/lib/amd64/libnio.so
7ff09ce54000-7ff09d054000 ---p 00010000 08:06 1489812                    /usr/lib/jvm/java-7-openjdk-amd64/jre/lib/amd64/libnio.so
7ff09d054000-7ff09d055000 r--p 00010000 08:06 1489812                    /usr/lib/jvm/java-7-openjdk-amd64/jre/lib/amd64/libnio.so
7ff09d055000-7ff09d056000 rw-p 00011000 08:06 1489812                    /usr/lib/jvm/java-7-openjdk-amd64/jre/lib/amd64/libnio.so
7ff09d056000-7ff09d06c000 r--s 000f0000 08:06 3245241                    /home/tulin/AndroidStudioProjects/CamApp/app/build/intermediates/exploded-aar/com.android.support/support-v4/23.2.0/jars/classes.jar
7ff09d06c000-7ff09d06d000 ---p 00000000 00:00 0 
7ff09d06d000-7ff09d16d000 rw-p 00000000 00:00 0                          [stack:5946]
7ff09d16d000-7ff09d170000 ---p 00000000 00:00 0 
7ff09d170000-7ff09d26e000 rw-p 00000000 00:00 0                          [stack:5945]
7ff09d26e000-7ff09d271000 ---p 00000000 00:00 0 
7ff09d271000-7ff09d36f000 rw-p 00000000 00:00 0                          [stack:5942]
7ff09d36f000-7ff09d372000 ---p 00000000 00:00 0 
7ff09d372000-7ff09d470000 rw-p 00000000 00:00 0                          [stack:5937]
7ff09d470000-7ff09d473000 ---p 00000000 00:00 0 
7ff09d473000-7ff09d571000 rw-p 00000000 00:00 0                          [stack:5935]
7ff09d571000-7ff09ddc3000 r--p 00000000 08:06 1447082                    /usr/lib/locale/locale-archive
7ff09ddc3000-7ff09ddc6000 ---p 00000000 00:00 0 
7ff09ddc6000-7ff09dec4000 rw-p 00000000 00:00 0                          [stack:5930]
7ff09dec4000-7ff09dec7000 ---p 00000000 00:00 0 
7ff09dec7000-7ff09dfc5000 rw-p 00000000 00:00 0                          [stack:5926]
7ff09dfc5000-7ff09dfc6000 ---p 00000000 00:00 0 
7ff09dfc6000-7ff0a1000000 rw-p 00000000 00:00 0                          [stack:5921]
7ff0a1000000-7ff0a1270000 rwxp 00000000 00:00 0 
7ff0a1270000-7ff0a41e7000 rw-p 00000000 00:00 0 
7ff0a41e7000-7ff0a8000000 ---p 00000000 00:00 0 
7ff0a8001000-7ff0a8010000 r--s 000df000 08:06 3216701                    /home/tulin/Android/Sdk/build-tools/23.0.2/lib/dx.jar
7ff0a8010000-7ff0a8603000 rw-p 00000000 00:00 0 
7ff0a8603000-7ff0a87b5000 r--s 01d2f000 08:06 1489796                    /usr/lib/jvm/java-7-openjdk-amd64/jre/lib/rt.jar
7ff0a87b5000-7ff0a8b01000 rw-p 00000000 00:00 0 
7ff0a8b01000-7ff0a8b02000 ---p 00000000 00:00 0 
7ff0a8b02000-7ff0a8c02000 rw-p 00000000 00:00 0                          [stack:5910]
7ff0a8c02000-7ff0a8c03000 ---p 00000000 00:00 0 
7ff0a8c03000-7ff0a8d03000 rw-p 00000000 00:00 0                          [stack:5909]
7ff0a8d03000-7ff0a8d04000 ---p 00000000 00:00 0 
7ff0a8d04000-7ff0a8e04000 rw-p 00000000 00:00 0                          [stack:5908]
7ff0a8e04000-7ff0a8e05000 ---p 00000000 00:00 0 
7ff0a8e05000-7ff0a8f10000 rw-p 00000000 00:00 0                          [stack:5907]
7ff0a8f10000-7ff0a8f58000 rw-p 00000000 00:00 0 
7ff0a8f58000-7ff0a8f6c000 rw-p 00000000 00:00 0 
7ff0a8f6c000-7ff0a90ae000 rw-p 00000000 00:00 0 
7ff0a90ae000-7ff0a90b9000 rw-p 00000000 00:00 0 
7ff0a90b9000-7ff0a9101000 rw-p 00000000 00:00 0 
7ff0a9101000-7ff0a9115000 rw-p 00000000 00:00 0 
7ff0a9115000-7ff0a9256000 rw-p 00000000 00:00 0 
7ff0a9256000-7ff0a92a7000 rw-p 00000000 00:00 0 
7ff0a92a7000-7ff0a9301000 rw-p 00000000 00:00 0 
7ff0a9301000-7ff0a9302000 rw-p 00000000 00:00 0 
7ff0a9302000-7ff0a930a000 r-xp 00000000 08:06 1489805                    /usr/lib/jvm/java-7-openjdk-amd64/jre/lib/amd64/libzip.so
7ff0a930a000-7ff0a9509000 ---p 00008000 08:06 1489805                    /usr/lib/jvm/java-7-openjdk-amd64/jre/lib/amd64/libzip.so
7ff0a9509000-7ff0a950a000 r--p 00007000 08:06 1489805                    /usr/lib/jvm/java-7-openjdk-amd64/jre/lib/amd64/libzip.so
7ff0a950a000-7ff0a950b000 rw-p 00008000 08:06 1489805                    /usr/lib/jvm/java-7-openjdk-amd64/jre/lib/amd64/libzip.so
7ff0a950b000-7ff0a9516000 r-xp 00000000 08:06 184225                     /lib/x86_64-linux-gnu/libnss_files-2.19.so
7ff0a9516000-7ff0a9715000 ---p 0000b000 08:06 184225                     /lib/x86_64-linux-gnu/libnss_files-2.19.so
7ff0a9715000-7ff0a9716000 r--p 0000a000 08:06 184225                     /lib/x86_64-linux-gnu/libnss_files-2.19.so
7ff0a9716000-7ff0a9717000 rw-p 0000b000 08:06 184225                     /lib/x86_64-linux-gnu/libnss_files-2.19.so
7ff0a9717000-7ff0a9722000 r-xp 00000000 08:06 145746                     /lib/x86_64-linux-gnu/libnss_nis-2.19.so
7ff0a9722000-7ff0a9921000 ---p 0000b000 08:06 145746                     /lib/x86_64-linux-gnu/libnss_nis-2.19.so
7ff0a9921000-7ff0a9922000 r--p 0000a000 08:06 145746                     /lib/x86_64-linux-gnu/libnss_nis-2.19.so
7ff0a9922000-7ff0a9923000 rw-p 0000b000 08:06 145746                     /lib/x86_64-linux-gnu/libnss_nis-2.19.so
7ff0a9923000-7ff0a993a000 r-xp 00000000 08:06 145742                     /lib/x86_64-linux-gnu/libnsl-2.19.so
7ff0a993a000-7ff0a9b39000 ---p 00017000 08:06 145742                     /lib/x86_64-linux-gnu/libnsl-2.19.so
7ff0a9b39000-7ff0a9b3a000 r--p 00016000 08:06 145742                     /lib/x86_64-linux-gnu/libnsl-2.19.so
7ff0a9b3a000-7ff0a9b3b000 rw-p 00017000 08:06 145742                     /lib/x86_64-linux-gnu/libnsl-2.19.so
7ff0a9b3b000-7ff0a9b3d000 rw-p 00000000 00:00 0 
7ff0a9b3d000-7ff0a9b46000 r-xp 00000000 08:06 145741                     /lib/x86_64-linux-gnu/libnss_compat-2.19.so
7ff0a9b46000-7ff0a9d45000 ---p 00009000 08:06 145741                     /lib/x86_64-linux-gnu/libnss_compat-2.19.so
7ff0a9d45000-7ff0a9d46000 r--p 00008000 08:06 145741                     /lib/x86_64-linux-gnu/libnss_compat-2.19.so
7ff0a9d46000-7ff0a9d47000 rw-p 00009000 08:06 145741                     /lib/x86_64-linux-gnu/libnss_compat-2.19.so
7ff0a9d47000-7ff0a9d72000 r-xp 00000000 08:06 1489826                    /usr/lib/jvm/java-7-openjdk-amd64/jre/lib/amd64/libjava.so
7ff0a9d72000-7ff0a9f72000 ---p 0002b000 08:06 1489826                    /usr/lib/jvm/java-7-openjdk-amd64/jre/lib/amd64/libjava.so
7ff0a9f72000-7ff0a9f73000 r--p 0002b000 08:06 1489826                    /usr/lib/jvm/java-7-openjdk-amd64/jre/lib/amd64/libjava.so
7ff0a9f73000-7ff0a9f75000 rw-p 0002c000 08:06 1489826                    /usr/lib/jvm/java-7-openjdk-amd64/jre/lib/amd64/libjava.so
7ff0a9f75000-7ff0a9f85000 r-xp 00000000 08:06 1489810                    /usr/lib/jvm/java-7-openjdk-amd64/jre/lib/amd64/libverify.so
7ff0a9f85000-7ff0aa184000 ---p 00010000 08:06 1489810                    /usr/lib/jvm/java-7-openjdk-amd64/jre/lib/amd64/libverify.so
7ff0aa184000-7ff0aa186000 r--p 0000f000 08:06 1489810                    /usr/lib/jvm/java-7-openjdk-amd64/jre/lib/amd64/libverify.so
7ff0aa186000-7ff0aa187000 rw-p 00011000 08:06 1489810                    /usr/lib/jvm/java-7-openjdk-amd64/jre/lib/amd64/libverify.so
7ff0aa187000-7ff0aa18e000 r-xp 00000000 08:06 148472                     /lib/x86_64-linux-gnu/librt-2.19.so
7ff0aa18e000-7ff0aa38d000 ---p 00007000 08:06 148472                     /lib/x86_64-linux-gnu/librt-2.19.so
7ff0aa38d000-7ff0aa38e000 r--p 00006000 08:06 148472                     /lib/x86_64-linux-gnu/librt-2.19.so
7ff0aa38e000-7ff0aa38f000 rw-p 00007000 08:06 148472                     /lib/x86_64-linux-gnu/librt-2.19.so
7ff0aa38f000-7ff0aa3a5000 r-xp 00000000 08:06 131070                     /lib/x86_64-linux-gnu/libgcc_s.so.1
7ff0aa3a5000-7ff0aa5a4000 ---p 00016000 08:06 131070                     /lib/x86_64-linux-gnu/libgcc_s.so.1
7ff0aa5a4000-7ff0aa5a5000 rw-p 00015000 08:06 131070                     /lib/x86_64-linux-gnu/libgcc_s.so.1
7ff0aa5a5000-7ff0aa6aa000 r-xp 00000000 08:06 135048                     /lib/x86_64-linux-gnu/libm-2.19.so
7ff0aa6aa000-7ff0aa8a9000 ---p 00105000 08:06 135048                     /lib/x86_64-linux-gnu/libm-2.19.so
7ff0aa8a9000-7ff0aa8aa000 r--p 00104000 08:06 135048                     /lib/x86_64-linux-gnu/libm-2.19.so
7ff0aa8aa000-7ff0aa8ab000 rw-p 00105000 08:06 135048                     /lib/x86_64-linux-gnu/libm-2.19.so
7ff0aa8ab000-7ff0aa991000 r-xp 00000000 08:06 1439330                    /usr/lib/x86_64-linux-gnu/libstdc++.so.6.0.19
7ff0aa991000-7ff0aab90000 ---p 000e6000 08:06 1439330                    /usr/lib/x86_64-linux-gnu/libstdc++.so.6.0.19
7ff0aab90000-7ff0aab98000 r--p 000e5000 08:06 1439330                    /usr/lib/x86_64-linux-gnu/libstdc++.so.6.0.19
7ff0aab98000-7ff0aab9a000 rw-p 000ed000 08:06 1439330                    /usr/lib/x86_64-linux-gnu/libstdc++.so.6.0.19
7ff0aab9a000-7ff0aabaf000 rw-p 00000000 00:00 0 
7ff0aabaf000-7ff0ab6d4000 r-xp 00000000 08:06 1489806                    /usr/lib/jvm/java-7-openjdk-amd64/jre/lib/amd64/server/libjvm.so
7ff0ab6d4000-7ff0ab8d4000 ---p 00b25000 08:06 1489806                    /usr/lib/jvm/java-7-openjdk-amd64/jre/lib/amd64/server/libjvm.so
7ff0ab8d4000-7ff0ab96e000 r--p 00b25000 08:06 1489806                    /usr/lib/jvm/java-7-openjdk-amd64/jre/lib/amd64/server/libjvm.so
7ff0ab96e000-7ff0ab991000 rw-p 00bbf000 08:06 1489806                    /usr/lib/jvm/java-7-openjdk-amd64/jre/lib/amd64/server/libjvm.so
7ff0ab991000-7ff0ab9bf000 rw-p 00000000 00:00 0 
7ff0ab9bf000-7ff0ab9d7000 r-xp 00000000 08:06 135112                     /lib/x86_64-linux-gnu/libz.so.1.2.8
7ff0ab9d7000-7ff0abbd6000 ---p 00018000 08:06 135112                     /lib/x86_64-linux-gnu/libz.so.1.2.8
7ff0abbd6000-7ff0abbd7000 r--p 00017000 08:06 135112                     /lib/x86_64-linux-gnu/libz.so.1.2.8
7ff0abbd7000-7ff0abbd8000 rw-p 00018000 08:06 135112                     /lib/x86_64-linux-gnu/libz.so.1.2.8
7ff0abbd8000-7ff0abbf1000 r-xp 00000000 08:06 145743                     /lib/x86_64-linux-gnu/libpthread-2.19.so
7ff0abbf1000-7ff0abdf0000 ---p 00019000 08:06 145743                     /lib/x86_64-linux-gnu/libpthread-2.19.so
7ff0abdf0000-7ff0abdf1000 r--p 00018000 08:06 145743                     /lib/x86_64-linux-gnu/libpthread-2.19.so
7ff0abdf1000-7ff0abdf2000 rw-p 00019000 08:06 145743                     /lib/x86_64-linux-gnu/libpthread-2.19.so
7ff0abdf2000-7ff0abdf6000 rw-p 00000000 00:00 0 
7ff0abdf6000-7ff0abdf9000 r-xp 00000000 08:06 145738                     /lib/x86_64-linux-gnu/libdl-2.19.so
7ff0abdf9000-7ff0abff8000 ---p 00003000 08:06 145738                     /lib/x86_64-linux-gnu/libdl-2.19.so
7ff0abff8000-7ff0abff9000 r--p 00002000 08:06 145738                     /lib/x86_64-linux-gnu/libdl-2.19.so
7ff0abff9000-7ff0abffa000 rw-p 00003000 08:06 145738                     /lib/x86_64-linux-gnu/libdl-2.19.so
7ff0abffa000-7ff0ac1b5000 r-xp 00000000 08:06 148473                     /lib/x86_64-linux-gnu/libc-2.19.so
7ff0ac1b5000-7ff0ac3b4000 ---p 001bb000 08:06 148473                     /lib/x86_64-linux-gnu/libc-2.19.so
7ff0ac3b4000-7ff0ac3b8000 r--p 001ba000 08:06 148473                     /lib/x86_64-linux-gnu/libc-2.19.so
7ff0ac3b8000-7ff0ac3ba000 rw-p 001be000 08:06 148473                     /lib/x86_64-linux-gnu/libc-2.19.so
7ff0ac3ba000-7ff0ac3bf000 rw-p 00000000 00:00 0 
7ff0ac3bf000-7ff0ac3cc000 r-xp 00000000 08:06 1489800                    /usr/lib/jvm/java-7-openjdk-amd64/jre/lib/amd64/jli/libjli.so
7ff0ac3cc000-7ff0ac5cb000 ---p 0000d000 08:06 1489800                    /usr/lib/jvm/java-7-openjdk-amd64/jre/lib/amd64/jli/libjli.so
7ff0ac5cb000-7ff0ac5cc000 r--p 0000c000 08:06 1489800                    /usr/lib/jvm/java-7-openjdk-amd64/jre/lib/amd64/jli/libjli.so
7ff0ac5cc000-7ff0ac5cd000 rw-p 0000d000 08:06 1489800                    /usr/lib/jvm/java-7-openjdk-amd64/jre/lib/amd64/jli/libjli.so
7ff0ac5cd000-7ff0ac5f0000 r-xp 00000000 08:06 145744                     /lib/x86_64-linux-gnu/ld-2.19.so
7ff0ac5f0000-7ff0ac5f3000 r--s 0000f000 08:06 1489840                    /usr/lib/jvm/java-7-openjdk-amd64/jre/lib/ext/icedtea-sound.jar
7ff0ac5f3000-7ff0ac615000 rw-p 00000000 00:00 0 
7ff0ac615000-7ff0ac6cb000 rw-p 00000000 00:00 0 
7ff0ac6cb000-7ff0ac6ce000 ---p 00000000 00:00 0 
7ff0ac6ce000-7ff0ac7d2000 rw-p 00000000 00:00 0                          [stack:5897]
7ff0ac7d2000-7ff0ac7d4000 r--s 00012000 08:06 1489837                    /usr/lib/jvm/java-7-openjdk-amd64/jre/lib/ext/zipfs.jar
7ff0ac7d4000-7ff0ac7d5000 r--s 00002000 08:06 1489839                    /usr/lib/jvm/java-7-openjdk-amd64/jre/lib/ext/dnsns.jar
7ff0ac7d5000-7ff0ac7d7000 r--s 00006000 08:06 1840524                    /usr/share/java/java-atk-wrapper.jar
7ff0ac7d7000-7ff0ac7db000 r--s 0003c000 08:06 1489838                    /usr/lib/jvm/java-7-openjdk-amd64/jre/lib/ext/sunpkcs11.jar
7ff0ac7db000-7ff0ac7df000 r--s 00034000 08:06 1489836                    /usr/lib/jvm/java-7-openjdk-amd64/jre/lib/ext/sunjce_provider.jar
7ff0ac7df000-7ff0ac7e3000 r--s 00085000 08:06 1489835                    /usr/lib/jvm/java-7-openjdk-amd64/jre/lib/ext/localedata.jar
7ff0ac7e3000-7ff0ac7eb000 rw-s 00000000 08:06 1839222                    /tmp/hsperfdata_tulin/5883
7ff0ac7eb000-7ff0ac7ec000 rw-p 00000000 00:00 0 
7ff0ac7ec000-7ff0ac7ed000 ---p 00000000 00:00 0 
7ff0ac7ed000-7ff0ac7ef000 rw-p 00000000 00:00 0 
7ff0ac7ef000-7ff0ac7f0000 r--p 00022000 08:06 145744                     /lib/x86_64-linux-gnu/ld-2.19.so
7ff0ac7f0000-7ff0ac7f1000 rw-p 00023000 08:06 145744                     /lib/x86_64-linux-gnu/ld-2.19.so
7ff0ac7f1000-7ff0ac7f2000 rw-p 00000000 00:00 0 
7ffeea12b000-7ffeea14c000 rw-p 00000000 00:00 0                          [stack]
7ffeea1bf000-7ffeea1c1000 r-xp 00000000 00:00 0                          [vdso]
ffffffffff600000-ffffffffff601000 r-xp 00000000 00:00 0                  [vsyscall]

VM Arguments:
jvm_args: -Djava.awt.headless=true -Xmx1024M -Dfile.encoding=UTF-8 -Duser.country=US -Duser.language=en -Duser.variant 
java_command: com.android.dx.command.Main --dex --num-threads=4 --output /home/tulin/AndroidStudioProjects/CamApp/app/build/intermediates/pre-dexed/debug/com.android.support-support-v4-23.2.0_4b1fd8c92292e56f5a1fba56278554e72cab954d.jar /home/tulin/AndroidStudioProjects/CamApp/app/build/intermediates/exploded-aar/com.android.support/support-v4/23.2.0/jars/classes.jar
Launcher Type: SUN_STANDARD

Environment Variables:
PATH=/usr/local/sbin:/usr/local/bin:/usr/sbin:/usr/bin:/sbin:/bin:/usr/games:/usr/local/games
SHELL=/bin/bash
DISPLAY=:0

Signal Handlers:
SIGSEGV: [libjvm.so+0x955bc0], sa_mask[0]=0x7ffbfeff, sa_flags=0x10000004
SIGBUS: [libjvm.so+0x955bc0], sa_mask[0]=0x7ffbfeff, sa_flags=0x10000004
SIGFPE: [libjvm.so+0x7caff0], sa_mask[0]=0x7ffbfeff, sa_flags=0x10000004
SIGPIPE: [libjvm.so+0x7caff0], sa_mask[0]=0x7ffbfeff, sa_flags=0x10000004
SIGXFSZ: [libjvm.so+0x7caff0], sa_mask[0]=0x7ffbfeff, sa_flags=0x10000004
SIGILL: [libjvm.so+0x7caff0], sa_mask[0]=0x7ffbfeff, sa_flags=0x10000004
SIGUSR1: SIG_DFL, sa_mask[0]=0x00000000, sa_flags=0x00000000
SIGUSR2: [libjvm.so+0x7cae90], sa_mask[0]=0x00000004, sa_flags=0x10000004
SIGHUP: [libjvm.so+0x7cb070], sa_mask[0]=0x7ffbfeff, sa_flags=0x10000004
SIGINT: [libjvm.so+0x7cb070], sa_mask[0]=0x7ffbfeff, sa_flags=0x10000004
SIGTERM: [libjvm.so+0x7cb070], sa_mask[0]=0x7ffbfeff, sa_flags=0x10000004
SIGQUIT: [libjvm.so+0x7cb070], sa_mask[0]=0x7ffbfeff, sa_flags=0x10000004
SIGTRAP: SIG_DFL, sa_mask[0]=0x00000000, sa_flags=0x00000000


---------------  S Y S T E M  ---------------

OS:Ubuntu 14.04 (trusty)
uname:Linux 3.13.0-79-generic #123-Ubuntu SMP Fri Feb 19 14:27:58 UTC 2016 x86_64
libc:glibc 2.19 NPTL 2.19 
rlimit: STACK 8192k, CORE 0k, NPROC 30460, NOFILE 4096, AS infinity
load average:10,36 4,55 2,12

/proc/meminfo:
MemTotal:        3946988 kB
MemFree:          110724 kB
Buffers:            3340 kB
Cached:           457768 kB
SwapCached:            0 kB
Active:          3234540 kB
Inactive:         429040 kB
Active(anon):    3205044 kB
Inactive(anon):   403720 kB
Active(file):      29496 kB
Inactive(file):    25320 kB
Unevictable:          80 kB
Mlocked:              80 kB
SwapTotal:             0 kB
SwapFree:              0 kB
Dirty:               100 kB
Writeback:             0 kB
AnonPages:       3202864 kB
Mapped:           146624 kB
Shmem:            406080 kB
Slab:              70928 kB
SReclaimable:      33620 kB
SUnreclaim:        37308 kB
KernelStack:        5800 kB
PageTables:        40516 kB
NFS_Unstable:          0 kB
Bounce:                0 kB
WritebackTmp:          0 kB
CommitLimit:     1973492 kB
Committed_AS:    8406476 kB
VmallocTotal:   34359738367 kB
VmallocUsed:      350184 kB
VmallocChunk:   34359379708 kB
HardwareCorrupted:     0 kB
AnonHugePages:    888832 kB
HugePages_Total:       0
HugePages_Free:        0
HugePages_Rsvd:        0
HugePages_Surp:        0
Hugepagesize:       2048 kB
DirectMap4k:       68640 kB
DirectMap2M:     4026368 kB


CPU:total 4 (2 cores per cpu, 2 threads per core) family 6 model 42 stepping 7, cmov, cx8, fxsr, mmx, sse, sse2, sse3, ssse3, sse4.1, sse4.2, popcnt, avx, aes, ht, tsc, tscinvbit

/proc/cpuinfo:
processor	: 0
vendor_id	: GenuineIntel
cpu family	: 6
model		: 42
model name	: Intel(R) Core(TM) i5-2557M CPU @ 1.70GHz
stepping	: 7
microcode	: 0x1a
cpu MHz		: 1701.000
cache size	: 3072 KB
physical id	: 0
siblings	: 4
core id		: 0
cpu cores	: 2
apicid		: 0
initial apicid	: 0
fpu		: yes
fpu_exception	: yes
cpuid level	: 13
wp		: yes
flags		: fpu vme de pse tsc msr pae mce cx8 apic sep mtrr pge mca cmov pat pse36 clflush dts acpi mmx fxsr sse sse2 ss ht tm pbe syscall nx rdtscp lm constant_tsc arch_perfmon pebs bts rep_good nopl xtopology nonstop_tsc aperfmperf eagerfpu pni pclmulqdq dtes64 monitor ds_cpl vmx smx est tm2 ssse3 cx16 xtpr pdcm pcid sse4_1 sse4_2 x2apic popcnt tsc_deadline_timer aes xsave avx lahf_lm ida arat epb xsaveopt pln pts dtherm tpr_shadow vnmi flexpriority ept vpid
bogomips	: 3391.98
clflush size	: 64
cache_alignment	: 64
address sizes	: 36 bits physical, 48 bits virtual
power management:

processor	: 1
vendor_id	: GenuineIntel
cpu family	: 6
model		: 42
model name	: Intel(R) Core(TM) i5-2557M CPU @ 1.70GHz
stepping	: 7
microcode	: 0x1a
cpu MHz		: 1701.000
cache size	: 3072 KB
physical id	: 0
siblings	: 4
core id		: 1
cpu cores	: 2
apicid		: 2
initial apicid	: 2
fpu		: yes
fpu_exception	: yes
cpuid level	: 13
wp		: yes
flags		: fpu vme de pse tsc msr pae mce cx8 apic sep mtrr pge mca cmov pat pse36 clflush dts acpi mmx fxsr sse sse2 ss ht tm pbe syscall nx rdtscp lm constant_tsc arch_perfmon pebs bts rep_good nopl xtopology nonstop_tsc aperfmperf eagerfpu pni pclmulqdq dtes64 monitor ds_cpl vmx smx est tm2 ssse3 cx16 xtpr pdcm pcid sse4_1 sse4_2 x2apic popcnt tsc_deadline_timer aes xsave avx lahf_lm ida arat epb xsaveopt pln pts dtherm tpr_shadow vnmi flexpriority ept vpid
bogomips	: 3391.98
clflush size	: 64
cache_alignment	: 64
address sizes	: 36 bits physical, 48 bits virtual
power management:

processor	: 2
vendor_id	: GenuineIntel
cpu family	: 6
model		: 42
model name	: Intel(R) Core(TM) i5-2557M CPU @ 1.70GHz
stepping	: 7
microcode	: 0x1a
cpu MHz		: 1701.000
cache size	: 3072 KB
physical id	: 0
siblings	: 4
core id		: 0
cpu cores	: 2
apicid		: 1
initial apicid	: 1
fpu		: yes
fpu_exception	: yes
cpuid level	: 13
wp		: yes
flags		: fpu vme de pse tsc msr pae mce cx8 apic sep mtrr pge mca cmov pat pse36 clflush dts acpi mmx fxsr sse sse2 ss ht tm pbe syscall nx rdtscp lm constant_tsc arch_perfmon pebs bts rep_good nopl xtopology nonstop_tsc aperfmperf eagerfpu pni pclmulqdq dtes64 monitor ds_cpl vmx smx est tm2 ssse3 cx16 xtpr pdcm pcid sse4_1 sse4_2 x2apic popcnt tsc_deadline_timer aes xsave avx lahf_lm ida arat epb xsaveopt pln pts dtherm tpr_shadow vnmi flexpriority ept vpid
bogomips	: 3391.98
clflush size	: 64
cache_alignment	: 64
address sizes	: 36 bits physical, 48 bits virtual
power management:

processor	: 3
vendor_id	: GenuineIntel
cpu family	: 6
model		: 42
model name	: Intel(R) Core(TM) i5-2557M CPU @ 1.70GHz
stepping	: 7
microcode	: 0x1a
cpu MHz		: 1701.000
cache size	: 3072 KB
physical id	: 0
siblings	: 4
core id		: 1
cpu cores	: 2
apicid		: 3
initial apicid	: 3
fpu		: yes
fpu_exception	: yes
cpuid level	: 13
wp		: yes
flags		: fpu vme de pse tsc msr pae mce cx8 apic sep mtrr pge mca cmov pat pse36 clflush dts acpi mmx fxsr sse sse2 ss ht tm pbe syscall nx rdtscp lm constant_tsc arch_perfmon pebs bts rep_good nopl xtopology nonstop_tsc aperfmperf eagerfpu pni pclmulqdq dtes64 monitor ds_cpl vmx smx est tm2 ssse3 cx16 xtpr pdcm pcid sse4_1 sse4_2 x2apic popcnt tsc_deadline_timer aes xsave avx lahf_lm ida arat epb xsaveopt pln pts dtherm tpr_shadow vnmi flexpriority ept vpid
bogomips	: 3391.98
clflush size	: 64
cache_alignment	: 64
address sizes	: 36 bits physical, 48 bits virtual
power management:



Memory: 4k page, physical 3946988k(110724k free), swap 0k(0k free)

vm_info: OpenJDK 64-Bit Server VM (24.95-b01) for linux-amd64 JRE (1.7.0_95-b00), built on Jan 21 2016 03:31:40 by "buildd" with gcc 4.8.4

time: Wed Mar 30 12:46:00 2016
elapsed time: 31 seconds

