#
# There is insufficient memory for the Java Runtime Environment to continue.
# Native memory allocation (malloc) failed to allocate 72351744 bytes for committing reserved memory.
# Possible reasons:
#   The system is out of physical RAM or swap space
#   In 32 bit mode, the process size limit was hit
# Possible solutions:
#   Reduce memory load on the system
#   Increase physical memory or swap space
#   Check if swap backing store is full
#   Use 64 bit Java on a 64 bit OS
#   Decrease Java heap size (-Xmx/-Xms)
#   Decrease number of Java threads
#   Decrease Java thread stack sizes (-Xss)
#   Set larger code cache with -XX:ReservedCodeCacheSize=
# This output file may be truncated or incomplete.
#
#  Out of Memory Error (os_linux.cpp:2827), pid=5698, tid=140405714200320
#
# JRE version: OpenJDK Runtime Environment (7.0_95) (build 1.7.0_95-b00)
# Java VM: OpenJDK 64-Bit Server VM (24.95-b01 mixed mode linux-amd64 compressed oops)
# Derivative: IcedTea 2.6.4
# Distribution: Ubuntu 14.04.3 LTS, package 7u95-2.6.4-0ubuntu0.14.04.1
# Failed to write core dump. Core dumps have been disabled. To enable core dumping, try "ulimit -c unlimited" before starting Java again
#

---------------  T H R E A D  ---------------

Current thread (0x00007fb2bc076000):  VMThread [stack: 0x00007fb2c0a82000,0x00007fb2c0b83000] [id=5708]

Stack: [0x00007fb2c0a82000,0x00007fb2c0b83000],  sp=0x00007fb2c0b81490,  free space=1021k
Native frames: (J=compiled Java code, j=interpreted, Vv=VM code, C=native code)
V  [libjvm.so+0x9550e5]
V  [libjvm.so+0x4902b4]
V  [libjvm.so+0x7cf7bb]
V  [libjvm.so+0x7ca28f]
V  [libjvm.so+0x83e56b]
V  [libjvm.so+0x83f3e0]
V  [libjvm.so+0x83facb]
V  [libjvm.so+0x83b4d8]
V  [libjvm.so+0x83bd48]
V  [libjvm.so+0x7f1fd3]
V  [libjvm.so+0x956ae4]
V  [libjvm.so+0x95abe7]
V  [libjvm.so+0x9596a8]
V  [libjvm.so+0x959b09]
V  [libjvm.so+0x959f52]
V  [libjvm.so+0x7cc682]

VM_Operation (0x00007fb2b0d3e100): ParallelGCFailedAllocation, mode: safepoint, requested by thread 0x00007fb2bc197800


---------------  P R O C E S S  ---------------

Java Threads: ( => current thread )
  0x00007fb2bc1a7800 JavaThread "pool-1-thread-4" [_thread_blocked, id=5726, stack(0x00007fb2b083b000,0x00007fb2b093c000)]
  0x00007fb2bc1a6000 JavaThread "pool-1-thread-3" [_thread_blocked, id=5725, stack(0x00007fb2b093c000,0x00007fb2b0a3d000)]
  0x00007fb2bc1a5000 JavaThread "pool-1-thread-2" [_thread_blocked, id=5724, stack(0x00007fb2b0a3d000,0x00007fb2b0b3e000)]
  0x00007fb2bc199800 JavaThread "pool-2-thread-1" [_thread_blocked, id=5723, stack(0x00007fb2b0b3e000,0x00007fb2b0c3f000)]
  0x00007fb2bc197800 JavaThread "pool-1-thread-1" [_thread_blocked, id=5722, stack(0x00007fb2b0c3f000,0x00007fb2b0d40000)]
  0x00007fb2bc0b2000 JavaThread "Service Thread" daemon [_thread_blocked, id=5714, stack(0x00007fb2b8bfc000,0x00007fb2b8cfd000)]
  0x00007fb2bc0af800 JavaThread "C2 CompilerThread1" daemon [_thread_in_native, id=5713, stack(0x00007fb2b8cfd000,0x00007fb2b8dfe000)]
  0x00007fb2bc0ac800 JavaThread "C2 CompilerThread0" daemon [_thread_in_native, id=5712, stack(0x00007fb2b8dfe000,0x00007fb2b8eff000)]
  0x00007fb2bc0aa800 JavaThread "Signal Dispatcher" daemon [_thread_blocked, id=5711, stack(0x00007fb2b8eff000,0x00007fb2b9000000)]
  0x00007fb2bc07c000 JavaThread "Finalizer" daemon [_thread_blocked, id=5710, stack(0x00007fb2c0880000,0x00007fb2c0981000)]
  0x00007fb2bc07a000 JavaThread "Reference Handler" daemon [_thread_blocked, id=5709, stack(0x00007fb2c0981000,0x00007fb2c0a82000)]
  0x00007fb2bc00a800 JavaThread "main" [_thread_blocked, id=5701, stack(0x00007fb2c5c48000,0x00007fb2c5d49000)]

Other Threads:
=>0x00007fb2bc076000 VMThread [stack: 0x00007fb2c0a82000,0x00007fb2c0b83000] [id=5708]
  0x00007fb2bc0bc800 WatcherThread [stack: 0x00007fb2b8afb000,0x00007fb2b8bfc000] [id=5715]

VM state:at safepoint (normal execution)

VM Mutex/Monitor currently owned by a thread:  ([mutex/lock_event])
[0x00007fb2bc006990] Threads_lock - owner thread: 0x00007fb2bc076000
[0x00007fb2bc006e90] Heap_lock - owner thread: 0x00007fb2bc197800

Heap
 PSYoungGen      total 71680K, used 9213K [0x00000000eaa80000, 0x00000000efa80000, 0x0000000100000000)
  eden space 62464K, 0% used [0x00000000eaa80000,0x00000000eaa80000,0x00000000ee780000)
  from space 9216K, 99% used [0x00000000ee780000,0x00000000ef07f660,0x00000000ef080000)
  to   space 8192K, 0% used [0x00000000ef080000,0x00000000ef080000,0x00000000ef880000)
 ParOldGen       total 40960K, used 19845K [0x00000000c0000000, 0x00000000c2800000, 0x00000000eaa80000)
  object space 40960K, 48% used [0x00000000c0000000,0x00000000c13614d0,0x00000000c2800000)
 PSPermGen       total 21504K, used 6276K [0x00000000b5a00000, 0x00000000b6f00000, 0x00000000c0000000)
  object space 21504K, 29% used [0x00000000b5a00000,0x00000000b6021220,0x00000000b6f00000)

Card table byte_map: [0x00007fb2c262b000,0x00007fb2c287f000] byte_map_base: 0x00007fb2c207e000

Polling page: 0x00007fb2c5d69000

Code Cache  [0x00007fb2b9000000, 0x00007fb2b9270000, 0x00007fb2bc000000)
 total_blobs=489 nmethods=258 adapters=184 free_code_cache=48037Kb largest_free_block=49136640

Compilation events (10 events):
Event: 20,250 Thread 0x00007fb2bc0ac800 nmethod 257 0x00007fb2b90f88d0 code [0x00007fb2b90f8a20, 0x00007fb2b90f8bf8]
Event: 20,250 Thread 0x00007fb2bc0ac800  258             com.android.dx.rop.code.BasicBlockList::forEachInsn (39 bytes)
Event: 20,293 Thread 0x00007fb2bc0ac800 nmethod 258 0x00007fb2b90f8090 code [0x00007fb2b90f8200, 0x00007fb2b90f84b8]
Event: 20,293 Thread 0x00007fb2bc0ac800  259             com.android.dx.ssa.SsaBasicBlock::newFromRop (183 bytes)
Event: 20,741 Thread 0x00007fb2bc0ac800 nmethod 259 0x00007fb2b9111750 code [0x00007fb2b9111a40, 0x00007fb2b9113100]
Event: 20,742 Thread 0x00007fb2bc0ac800  260             com.android.dx.ssa.SCCP::simulateBlock (54 bytes)
Event: 23,333 Thread 0x00007fb2bc0ac800 nmethod 260 0x00007fb2b9118f50 code [0x00007fb2b91194c0, 0x00007fb2b911c1c0]
Event: 23,359 Thread 0x00007fb2bc0ac800  261             java.lang.Object::equals (11 bytes)
Event: 23,359 Thread 0x00007fb2bc0ac800 nmethod 261 0x00007fb2b90f7910 code [0x00007fb2b90f7a40, 0x00007fb2b90f7a98]
Event: 23,359 Thread 0x00007fb2bc0ac800  262             com.android.dx.ssa.back.IdenticalBlockCombiner::process (323 bytes)

GC Heap History (10 events):
Event: 4,258 GC heap after
Heap after GC invocations=2 (full 0):
 PSYoungGen      total 18432K, used 2559K [0x00000000eaa80000, 0x00000000ece80000, 0x0000000100000000)
  eden space 15872K, 0% used [0x00000000eaa80000,0x00000000eaa80000,0x00000000eba00000)
  from space 2560K, 99% used [0x00000000ebc80000,0x00000000ebeffca0,0x00000000ebf00000)
  to   space 2560K, 0% used [0x00000000eba00000,0x00000000eba00000,0x00000000ebc80000)
 ParOldGen       total 40960K, used 2506K [0x00000000c0000000, 0x00000000c2800000, 0x00000000eaa80000)
  object space 40960K, 6% used [0x00000000c0000000,0x00000000c02729b0,0x00000000c2800000)
 PSPermGen       total 21504K, used 6034K [0x00000000b5a00000, 0x00000000b6f00000, 0x00000000c0000000)
  object space 21504K, 28% used [0x00000000b5a00000,0x00000000b5fe4900,0x00000000b6f00000)
}
Event: 6,144 GC heap before
{Heap before GC invocations=3 (full 0):
 PSYoungGen      total 18432K, used 18431K [0x00000000eaa80000, 0x00000000ece80000, 0x0000000100000000)
  eden space 15872K, 100% used [0x00000000eaa80000,0x00000000eba00000,0x00000000eba00000)
  from space 2560K, 99% used [0x00000000ebc80000,0x00000000ebeffca0,0x00000000ebf00000)
  to   space 2560K, 0% used [0x00000000eba00000,0x00000000eba00000,0x00000000ebc80000)
 ParOldGen       total 40960K, used 2506K [0x00000000c0000000, 0x00000000c2800000, 0x00000000eaa80000)
  object space 40960K, 6% used [0x00000000c0000000,0x00000000c02729b0,0x00000000c2800000)
 PSPermGen       total 21504K, used 6135K [0x00000000b5a00000, 0x00000000b6f00000, 0x00000000c0000000)
  object space 21504K, 28% used [0x00000000b5a00000,0x00000000b5ffdd18,0x00000000b6f00000)
Event: 6,202 GC heap after
Heap after GC invocations=3 (full 0):
 PSYoungGen      total 18432K, used 2534K [0x00000000eaa80000, 0x00000000ece80000, 0x0000000100000000)
  eden space 15872K, 0% used [0x00000000eaa80000,0x00000000eaa80000,0x00000000eba00000)
  from space 2560K, 99% used [0x00000000eba00000,0x00000000ebc799d0,0x00000000ebc80000)
  to   space 2560K, 0% used [0x00000000ecc00000,0x00000000ecc00000,0x00000000ece80000)
 ParOldGen       total 40960K, used 5141K [0x00000000c0000000, 0x00000000c2800000, 0x00000000eaa80000)
  object space 40960K, 12% used [0x00000000c0000000,0x00000000c0505438,0x00000000c2800000)
 PSPermGen       total 21504K, used 6135K [0x00000000b5a00000, 0x00000000b6f00000, 0x00000000c0000000)
  object space 21504K, 28% used [0x00000000b5a00000,0x00000000b5ffdd18,0x00000000b6f00000)
}
Event: 8,574 GC heap before
{Heap before GC invocations=4 (full 0):
 PSYoungGen      total 18432K, used 18406K [0x00000000eaa80000, 0x00000000ece80000, 0x0000000100000000)
  eden space 15872K, 100% used [0x00000000eaa80000,0x00000000eba00000,0x00000000eba00000)
  from space 2560K, 99% used [0x00000000eba00000,0x00000000ebc799d0,0x00000000ebc80000)
  to   space 2560K, 0% used [0x00000000ecc00000,0x00000000ecc00000,0x00000000ece80000)
 ParOldGen       total 40960K, used 5141K [0x00000000c0000000, 0x00000000c2800000, 0x00000000eaa80000)
  object space 40960K, 12% used [0x00000000c0000000,0x00000000c0505438,0x00000000c2800000)
 PSPermGen       total 21504K, used 6176K [0x00000000b5a00000, 0x00000000b6f00000, 0x00000000c0000000)
  object space 21504K, 28% used [0x00000000b5a00000,0x00000000b60081d8,0x00000000b6f00000)
Event: 9,186 GC heap after
Heap after GC invocations=4 (full 0):
 PSYoungGen      total 34304K, used 2550K [0x00000000eaa80000, 0x00000000ece80000, 0x0000000100000000)
  eden space 31744K, 0% used [0x00000000eaa80000,0x00000000eaa80000,0x00000000ec980000)
  from space 2560K, 99% used [0x00000000ecc00000,0x00000000ece7dba8,0x00000000ece80000)
  to   space 2560K, 0% used [0x00000000ec980000,0x00000000ec980000,0x00000000ecc00000)
 ParOldGen       total 40960K, used 8068K [0x00000000c0000000, 0x00000000c2800000, 0x00000000eaa80000)
  object space 40960K, 19% used [0x00000000c0000000,0x00000000c07e11f8,0x00000000c2800000)
 PSPermGen       total 21504K, used 6176K [0x00000000b5a00000, 0x00000000b6f00000, 0x00000000c0000000)
  object space 21504K, 28% used [0x00000000b5a00000,0x00000000b60081d8,0x00000000b6f00000)
}
Event: 13,228 GC heap before
{Heap before GC invocations=5 (full 0):
 PSYoungGen      total 34304K, used 34294K [0x00000000eaa80000, 0x00000000ece80000, 0x0000000100000000)
  eden space 31744K, 100% used [0x00000000eaa80000,0x00000000ec980000,0x00000000ec980000)
  from space 2560K, 99% used [0x00000000ecc00000,0x00000000ece7dba8,0x00000000ece80000)
  to   space 2560K, 0% used [0x00000000ec980000,0x00000000ec980000,0x00000000ecc00000)
 ParOldGen       total 40960K, used 8068K [0x00000000c0000000, 0x00000000c2800000, 0x00000000eaa80000)
  object space 40960K, 19% used [0x00000000c0000000,0x00000000c07e11f8,0x00000000c2800000)
 PSPermGen       total 21504K, used 6205K [0x00000000b5a00000, 0x00000000b6f00000, 0x00000000c0000000)
  object space 21504K, 28% used [0x00000000b5a00000,0x00000000b600f658,0x00000000b6f00000)
Event: 13,318 GC heap after
Heap after GC invocations=5 (full 0):
 PSYoungGen      total 34304K, used 2550K [0x00000000eaa80000, 0x00000000ef880000, 0x0000000100000000)
  eden space 31744K, 0% used [0x00000000eaa80000,0x00000000eaa80000,0x00000000ec980000)
  from space 2560K, 99% used [0x00000000ec980000,0x00000000ecbfd8d8,0x00000000ecc00000)
  to   space 8192K, 0% used [0x00000000ef080000,0x00000000ef080000,0x00000000ef880000)
 ParOldGen       total 40960K, used 13069K [0x00000000c0000000, 0x00000000c2800000, 0x00000000eaa80000)
  object space 40960K, 31% used [0x00000000c0000000,0x00000000c0cc3620,0x00000000c2800000)
 PSPermGen       total 21504K, used 6205K [0x00000000b5a00000, 0x00000000b6f00000, 0x00000000c0000000)
  object space 21504K, 28% used [0x00000000b5a00000,0x00000000b600f658,0x00000000b6f00000)
}
Event: 17,138 GC heap before
{Heap before GC invocations=6 (full 0):
 PSYoungGen      total 34304K, used 34294K [0x00000000eaa80000, 0x00000000ef880000, 0x0000000100000000)
  eden space 31744K, 100% used [0x00000000eaa80000,0x00000000ec980000,0x00000000ec980000)
  from space 2560K, 99% used [0x00000000ec980000,0x00000000ecbfd8d8,0x00000000ecc00000)
  to   space 8192K, 0% used [0x00000000ef080000,0x00000000ef080000,0x00000000ef880000)
 ParOldGen       total 40960K, used 13069K [0x00000000c0000000, 0x00000000c2800000, 0x00000000eaa80000)
  object space 40960K, 31% used [0x00000000c0000000,0x00000000c0cc3620,0x00000000c2800000)
 PSPermGen       total 21504K, used 6237K [0x00000000b5a00000, 0x00000000b6f00000, 0x00000000c0000000)
  object space 21504K, 29% used [0x00000000b5a00000,0x00000000b60175f0,0x00000000b6f00000)
Event: 17,272 GC heap after
Heap after GC invocations=6 (full 0):
 PSYoungGen      total 70656K, used 7637K [0x00000000eaa80000, 0x00000000efa80000, 0x0000000100000000)
  eden space 62464K, 0% used [0x00000000eaa80000,0x00000000eaa80000,0x00000000ee780000)
  from space 8192K, 93% used [0x00000000ef080000,0x00000000ef7f5440,0x00000000ef880000)
  to   space 9216K, 0% used [0x00000000ee780000,0x00000000ee780000,0x00000000ef080000)
 ParOldGen       total 40960K, used 13069K [0x00000000c0000000, 0x00000000c2800000, 0x00000000eaa80000)
  object space 40960K, 31% used [0x00000000c0000000,0x00000000c0cc3620,0x00000000c2800000)
 PSPermGen       total 21504K, used 6237K [0x00000000b5a00000, 0x00000000b6f00000, 0x00000000c0000000)
  object space 21504K, 29% used [0x00000000b5a00000,0x00000000b60175f0,0x00000000b6f00000)
}
Event: 24,654 GC heap before
{Heap before GC invocations=7 (full 0):
 PSYoungGen      total 70656K, used 70101K [0x00000000eaa80000, 0x00000000efa80000, 0x0000000100000000)
  eden space 62464K, 100% used [0x00000000eaa80000,0x00000000ee780000,0x00000000ee780000)
  from space 8192K, 93% used [0x00000000ef080000,0x00000000ef7f5440,0x00000000ef880000)
  to   space 9216K, 0% used [0x00000000ee780000,0x00000000ee780000,0x00000000ef080000)
 ParOldGen       total 40960K, used 13069K [0x00000000c0000000, 0x00000000c2800000, 0x00000000eaa80000)
  object space 40960K, 31% used [0x00000000c0000000,0x00000000c0cc3640,0x00000000c2800000)
 PSPermGen       total 21504K, used 6276K [0x00000000b5a00000, 0x00000000b6f00000, 0x00000000c0000000)
  object space 21504K, 29% used [0x00000000b5a00000,0x00000000b6021220,0x00000000b6f00000)

Deoptimization events (10 events):
Event: 2,647 Thread 0x00007fb2bc197800 Uncommon trap: reason=null_check action=make_not_entrant pc=0x00007fb2b907dc44 method=com.android.dx.rop.code.LocalItem.equals(Ljava/lang/Object;)Z @ 1
Event: 2,798 Thread 0x00007fb2bc197800 Uncommon trap: reason=class_check action=maybe_recompile pc=0x00007fb2b907819c method=com.android.dx.ssa.NormalSsaInsn.accept(Lcom/android/dx/ssa/SsaInsn$Visitor;)V @ 9
Event: 3,387 Thread 0x00007fb2bc1a7800 Uncommon trap: reason=class_check action=maybe_recompile pc=0x00007fb2b907819c method=com.android.dx.ssa.NormalSsaInsn.accept(Lcom/android/dx/ssa/SsaInsn$Visitor;)V @ 9
Event: 3,648 Thread 0x00007fb2bc1a6000 Uncommon trap: reason=class_check action=maybe_recompile pc=0x00007fb2b907819c method=com.android.dx.ssa.NormalSsaInsn.accept(Lcom/android/dx/ssa/SsaInsn$Visitor;)V @ 9
Event: 3,874 Thread 0x00007fb2bc197800 Uncommon trap: reason=unstable_if action=reinterpret pc=0x00007fb2b908e584 method=com.android.dx.rop.code.RegisterSpec.equals(ILcom/android/dx/rop/type/TypeBearer;Lcom/android/dx/rop/code/LocalItem;)Z @ 42
Event: 7,567 Thread 0x00007fb2bc00a800 Uncommon trap: reason=unstable_if action=reinterpret pc=0x00007fb2b907a404 method=com.android.dx.rop.cst.Constant.compareTo(Lcom/android/dx/rop/cst/Constant;)I @ 12
Event: 9,733 Thread 0x00007fb2bc1a7800 Uncommon trap: reason=null_check action=make_not_entrant pc=0x00007fb2b90c2a44 method=com.android.dx.ssa.SsaRenamer.getLocalForNewReg(I)Lcom/android/dx/rop/code/LocalItem; @ 19
Event: 12,720 Thread 0x00007fb2bc1a7800 Uncommon trap: reason=unstable_if action=reinterpret pc=0x00007fb2b906e674 method=com.android.dx.util.IntList.binarysearch(I)I @ 105
Event: 12,740 Thread 0x00007fb2bc1a7800 Uncommon trap: reason=null_check action=make_not_entrant pc=0x00007fb2b90ce078 method=com.android.dx.ssa.SsaRenamer.getLocalForNewReg(I)Lcom/android/dx/rop/code/LocalItem; @ 19
Event: 14,926 Thread 0x00007fb2bc00a800 Uncommon trap: reason=null_check action=make_not_entrant pc=0x00007fb2b90e67fc method=com.android.dx.rop.type.Type.putIntern(Lcom/android/dx/rop/type/Type;)Lcom/android/dx/rop/type/Type; @ 18

Internal exceptions (10 events):
Event: 2,647 Thread 0x00007fb2bc197800 Implicit null exception at 0x00007fb2b907da42 to 0x00007fb2b907dc2d
Event: 2,880 Thread 0x00007fb2bc00a800 Threw 0x00000000eb02f2e8 at /build/openjdk-7-2FOwCu/openjdk-7-7u95-2.6.4/build/openjdk/hotspot/src/share/vm/prims/jvm.cpp:1322
Event: 2,900 Thread 0x00007fb2bc00a800 Threw 0x00000000eb040a78 at /build/openjdk-7-2FOwCu/openjdk-7-7u95-2.6.4/build/openjdk/hotspot/src/share/vm/prims/jvm.cpp:1322
Event: 5,454 Thread 0x00007fb2bc00a800 Threw 0x00000000eb3e9cf8 at /build/openjdk-7-2FOwCu/openjdk-7-7u95-2.6.4/build/openjdk/hotspot/src/share/vm/prims/jvm.cpp:1322
Event: 9,663 Thread 0x00007fb2bc1a7800 Implicit null exception at 0x00007fb2b90c1877 to 0x00007fb2b90c2a29
Event: 12,559 Thread 0x00007fb2bc1a7800 Threw 0x00000000ec2e19f0 at /build/openjdk-7-2FOwCu/openjdk-7-7u95-2.6.4/build/openjdk/hotspot/src/share/vm/prims/jvm.cpp:1322
Event: 12,740 Thread 0x00007fb2bc1a7800 Implicit null exception at 0x00007fb2b90cc233 to 0x00007fb2b90ce055
Event: 14,633 Thread 0x00007fb2bc197800 Threw 0x00000000eb539680 at /build/openjdk-7-2FOwCu/openjdk-7-7u95-2.6.4/build/openjdk/hotspot/src/share/vm/prims/jvm.cpp:1322
Event: 14,926 Thread 0x00007fb2bc00a800 Implicit null exception at 0x00007fb2b90e6137 to 0x00007fb2b90e67ed
Event: 22,964 Thread 0x00007fb2bc00a800 Threw 0x00000000ed22c308 at /build/openjdk-7-2FOwCu/openjdk-7-7u95-2.6.4/build/openjdk/hotspot/src/share/vm/prims/jvm.cpp:1322

Events (10 events):
Event: 17,333 Executing VM operation: RevokeBias done
Event: 17,333 Executing VM operation: RevokeBias
Event: 17,333 Executing VM operation: RevokeBias done
Event: 17,333 Executing VM operation: BulkRevokeBias
Event: 17,333 Executing VM operation: BulkRevokeBias done
Event: 22,964 loading class 0x00007fb2bc118e80
Event: 22,964 loading class 0x00007fb2bc118e80 done
Event: 24,639 Executing VM operation: ParallelGCFailedAllocation
Event: 24,648 Executing VM operation: ParallelGCFailedAllocation done
Event: 24,654 Executing VM operation: ParallelGCFailedAllocation


Dynamic libraries:
00400000-00401000 r-xp 00000000 08:06 1454669                            /usr/lib/jvm/java-7-openjdk-amd64/jre/bin/java
00600000-00601000 r--p 00000000 08:06 1454669                            /usr/lib/jvm/java-7-openjdk-amd64/jre/bin/java
00601000-00602000 rw-p 00001000 08:06 1454669                            /usr/lib/jvm/java-7-openjdk-amd64/jre/bin/java
02494000-024b5000 rw-p 00000000 00:00 0                                  [heap]
b5a00000-b6f00000 rw-p 00000000 00:00 0 
b6f00000-c0000000 rw-p 00000000 00:00 0 
c0000000-c2800000 rw-p 00000000 00:00 0 
c2800000-eaa80000 rw-p 00000000 00:00 0 
eaa80000-efa80000 rw-p 00000000 00:00 0 
f3f80000-100000000 rw-p 00000000 00:00 0 
7fb26c000000-7fb26c021000 rw-p 00000000 00:00 0 
7fb26c021000-7fb270000000 ---p 00000000 00:00 0 
7fb274000000-7fb274021000 rw-p 00000000 00:00 0 
7fb274021000-7fb278000000 ---p 00000000 00:00 0 
7fb278000000-7fb278035000 rw-p 00000000 00:00 0 
7fb278035000-7fb27c000000 ---p 00000000 00:00 0 
7fb27c000000-7fb27c025000 rw-p 00000000 00:00 0 
7fb27c025000-7fb280000000 ---p 00000000 00:00 0 
7fb280000000-7fb280021000 rw-p 00000000 00:00 0 
7fb280021000-7fb284000000 ---p 00000000 00:00 0 
7fb284000000-7fb284021000 rw-p 00000000 00:00 0 
7fb284021000-7fb288000000 ---p 00000000 00:00 0 
7fb288000000-7fb288021000 rw-p 00000000 00:00 0 
7fb288021000-7fb28c000000 ---p 00000000 00:00 0 
7fb28c000000-7fb28ce7f000 rw-p 00000000 00:00 0 
7fb28ce7f000-7fb290000000 ---p 00000000 00:00 0 
7fb290000000-7fb2914d4000 rw-p 00000000 00:00 0 
7fb2914d4000-7fb294000000 ---p 00000000 00:00 0 
7fb294000000-7fb294021000 rw-p 00000000 00:00 0 
7fb294021000-7fb298000000 ---p 00000000 00:00 0 
7fb298000000-7fb298021000 rw-p 00000000 00:00 0 
7fb298021000-7fb29c000000 ---p 00000000 00:00 0 
7fb29c000000-7fb29c021000 rw-p 00000000 00:00 0 
7fb29c021000-7fb2a0000000 ---p 00000000 00:00 0 
7fb2a0000000-7fb2a0021000 rw-p 00000000 00:00 0 
7fb2a0021000-7fb2a4000000 ---p 00000000 00:00 0 
7fb2a4000000-7fb2a4021000 rw-p 00000000 00:00 0 
7fb2a4021000-7fb2a8000000 ---p 00000000 00:00 0 
7fb2a8000000-7fb2a8021000 rw-p 00000000 00:00 0 
7fb2a8021000-7fb2ac000000 ---p 00000000 00:00 0 
7fb2ac000000-7fb2ac021000 rw-p 00000000 00:00 0 
7fb2ac021000-7fb2b0000000 ---p 00000000 00:00 0 
7fb2b083b000-7fb2b083e000 ---p 00000000 00:00 0 
7fb2b083e000-7fb2b093c000 rw-p 00000000 00:00 0                          [stack:5726]
7fb2b093c000-7fb2b093f000 ---p 00000000 00:00 0 
7fb2b093f000-7fb2b0a3d000 rw-p 00000000 00:00 0                          [stack:5725]
7fb2b0a3d000-7fb2b0a40000 ---p 00000000 00:00 0 
7fb2b0a40000-7fb2b0b3e000 rw-p 00000000 00:00 0                          [stack:5724]
7fb2b0b3e000-7fb2b0b41000 ---p 00000000 00:00 0 
7fb2b0b41000-7fb2b0c3f000 rw-p 00000000 00:00 0                          [stack:5723]
7fb2b0c3f000-7fb2b0c42000 ---p 00000000 00:00 0 
7fb2b0c42000-7fb2b0d40000 rw-p 00000000 00:00 0                          [stack:5722]
7fb2b0d40000-7fb2b0d7d000 r-xp 00000000 08:06 130821                     /lib/x86_64-linux-gnu/libpcre.so.3.13.1
7fb2b0d7d000-7fb2b0f7c000 ---p 0003d000 08:06 130821                     /lib/x86_64-linux-gnu/libpcre.so.3.13.1
7fb2b0f7c000-7fb2b0f7d000 r--p 0003c000 08:06 130821                     /lib/x86_64-linux-gnu/libpcre.so.3.13.1
7fb2b0f7d000-7fb2b0f7e000 rw-p 0003d000 08:06 130821                     /lib/x86_64-linux-gnu/libpcre.so.3.13.1
7fb2b0f7e000-7fb2b0f85000 r-xp 00000000 08:06 1447540                    /usr/lib/x86_64-linux-gnu/libffi.so.6.0.1
7fb2b0f85000-7fb2b1184000 ---p 00007000 08:06 1447540                    /usr/lib/x86_64-linux-gnu/libffi.so.6.0.1
7fb2b1184000-7fb2b1185000 r--p 00006000 08:06 1447540                    /usr/lib/x86_64-linux-gnu/libffi.so.6.0.1
7fb2b1185000-7fb2b1186000 rw-p 00007000 08:06 1447540                    /usr/lib/x86_64-linux-gnu/libffi.so.6.0.1
7fb2b1186000-7fb2b119d000 r-xp 00000000 08:06 134868                     /lib/x86_64-linux-gnu/libresolv-2.19.so
7fb2b119d000-7fb2b139d000 ---p 00017000 08:06 134868                     /lib/x86_64-linux-gnu/libresolv-2.19.so
7fb2b139d000-7fb2b139e000 r--p 00017000 08:06 134868                     /lib/x86_64-linux-gnu/libresolv-2.19.so
7fb2b139e000-7fb2b139f000 rw-p 00018000 08:06 134868                     /lib/x86_64-linux-gnu/libresolv-2.19.so
7fb2b139f000-7fb2b13a1000 rw-p 00000000 00:00 0 
7fb2b13a1000-7fb2b13c1000 r-xp 00000000 08:06 135079                     /lib/x86_64-linux-gnu/libselinux.so.1
7fb2b13c1000-7fb2b15c0000 ---p 00020000 08:06 135079                     /lib/x86_64-linux-gnu/libselinux.so.1
7fb2b15c0000-7fb2b15c1000 r--p 0001f000 08:06 135079                     /lib/x86_64-linux-gnu/libselinux.so.1
7fb2b15c1000-7fb2b15c2000 rw-p 00020000 08:06 135079                     /lib/x86_64-linux-gnu/libselinux.so.1
7fb2b15c2000-7fb2b15c4000 rw-p 00000000 00:00 0 
7fb2b15c4000-7fb2b15c7000 r-xp 00000000 08:06 1439340                    /usr/lib/x86_64-linux-gnu/libgmodule-2.0.so.0.4002.0
7fb2b15c7000-7fb2b17c6000 ---p 00003000 08:06 1439340                    /usr/lib/x86_64-linux-gnu/libgmodule-2.0.so.0.4002.0
7fb2b17c6000-7fb2b17c7000 r--p 00002000 08:06 1439340                    /usr/lib/x86_64-linux-gnu/libgmodule-2.0.so.0.4002.0
7fb2b17c7000-7fb2b17c8000 rw-p 00003000 08:06 1439340                    /usr/lib/x86_64-linux-gnu/libgmodule-2.0.so.0.4002.0
7fb2b17c8000-7fb2b18ce000 r-xp 00000000 08:06 134871                     /lib/x86_64-linux-gnu/libglib-2.0.so.0.4002.0
7fb2b18ce000-7fb2b1acd000 ---p 00106000 08:06 134871                     /lib/x86_64-linux-gnu/libglib-2.0.so.0.4002.0
7fb2b1acd000-7fb2b1ace000 r--p 00105000 08:06 134871                     /lib/x86_64-linux-gnu/libglib-2.0.so.0.4002.0
7fb2b1ace000-7fb2b1acf000 rw-p 00106000 08:06 134871                     /lib/x86_64-linux-gnu/libglib-2.0.so.0.4002.0
7fb2b1acf000-7fb2b4000000 rw-p 00000000 00:00 0 
7fb2b4000000-7fb2b4021000 rw-p 00000000 00:00 0 
7fb2b4021000-7fb2b8000000 ---p 00000000 00:00 0 
7fb2b80c0000-7fb2b80f1000 rw-p 00000000 00:00 0 
7fb2b80f1000-7fb2b8140000 r-xp 00000000 08:06 1439358                    /usr/lib/x86_64-linux-gnu/libgobject-2.0.so.0.4002.0
7fb2b8140000-7fb2b8340000 ---p 0004f000 08:06 1439358                    /usr/lib/x86_64-linux-gnu/libgobject-2.0.so.0.4002.0
7fb2b8340000-7fb2b8341000 r--p 0004f000 08:06 1439358                    /usr/lib/x86_64-linux-gnu/libgobject-2.0.so.0.4002.0
7fb2b8341000-7fb2b8342000 rw-p 00050000 08:06 1439358                    /usr/lib/x86_64-linux-gnu/libgobject-2.0.so.0.4002.0
7fb2b8342000-7fb2b84ae000 r-xp 00000000 08:06 1439362                    /usr/lib/x86_64-linux-gnu/libgio-2.0.so.0.4002.0
7fb2b84ae000-7fb2b86ad000 ---p 0016c000 08:06 1439362                    /usr/lib/x86_64-linux-gnu/libgio-2.0.so.0.4002.0
7fb2b86ad000-7fb2b86b1000 r--p 0016b000 08:06 1439362                    /usr/lib/x86_64-linux-gnu/libgio-2.0.so.0.4002.0
7fb2b86b1000-7fb2b86b3000 rw-p 0016f000 08:06 1439362                    /usr/lib/x86_64-linux-gnu/libgio-2.0.so.0.4002.0
7fb2b86b3000-7fb2b86b5000 rw-p 00000000 00:00 0 
7fb2b86d1000-7fb2b86e8000 r-xp 00000000 08:06 1489830                    /usr/lib/jvm/java-7-openjdk-amd64/jre/lib/amd64/libnet.so
7fb2b86e8000-7fb2b88e7000 ---p 00017000 08:06 1489830                    /usr/lib/jvm/java-7-openjdk-amd64/jre/lib/amd64/libnet.so
7fb2b88e7000-7fb2b88e8000 r--p 00016000 08:06 1489830                    /usr/lib/jvm/java-7-openjdk-amd64/jre/lib/amd64/libnet.so
7fb2b88e8000-7fb2b88e9000 rw-p 00017000 08:06 1489830                    /usr/lib/jvm/java-7-openjdk-amd64/jre/lib/amd64/libnet.so
7fb2b88e9000-7fb2b88f9000 r-xp 00000000 08:06 1489812                    /usr/lib/jvm/java-7-openjdk-amd64/jre/lib/amd64/libnio.so
7fb2b88f9000-7fb2b8af9000 ---p 00010000 08:06 1489812                    /usr/lib/jvm/java-7-openjdk-amd64/jre/lib/amd64/libnio.so
7fb2b8af9000-7fb2b8afa000 r--p 00010000 08:06 1489812                    /usr/lib/jvm/java-7-openjdk-amd64/jre/lib/amd64/libnio.so
7fb2b8afa000-7fb2b8afb000 rw-p 00011000 08:06 1489812                    /usr/lib/jvm/java-7-openjdk-amd64/jre/lib/amd64/libnio.so
7fb2b8afb000-7fb2b8afc000 ---p 00000000 00:00 0 
7fb2b8afc000-7fb2b8bfc000 rw-p 00000000 00:00 0                          [stack:5715]
7fb2b8bfc000-7fb2b8bff000 ---p 00000000 00:00 0 
7fb2b8bff000-7fb2b8cfd000 rw-p 00000000 00:00 0                          [stack:5714]
7fb2b8cfd000-7fb2b8d00000 ---p 00000000 00:00 0 
7fb2b8d00000-7fb2b8dfe000 rw-p 00000000 00:00 0                          [stack:5713]
7fb2b8dfe000-7fb2b8e01000 ---p 00000000 00:00 0 
7fb2b8e01000-7fb2b8eff000 rw-p 00000000 00:00 0                          [stack:5712]
7fb2b8eff000-7fb2b8f02000 ---p 00000000 00:00 0 
7fb2b8f02000-7fb2b9000000 rw-p 00000000 00:00 0                          [stack:5711]
7fb2b9000000-7fb2b9270000 rwxp 00000000 00:00 0 
7fb2b9270000-7fb2bc1c8000 rw-p 00000000 00:00 0 
7fb2bc1c8000-7fb2c0000000 ---p 00000000 00:00 0 
7fb2c0016000-7fb2c001f000 r--s 0008a000 08:06 3244777                    /home/tulin/AndroidStudioProjects/CamApp/app/build/intermediates/exploded-aar/com.android.support/appcompat-v7/23.2.0/jars/classes.jar
7fb2c001f000-7fb2c002e000 r--s 000df000 08:06 3216701                    /home/tulin/Android/Sdk/build-tools/23.0.2/lib/dx.jar
7fb2c002e000-7fb2c0880000 r--p 00000000 08:06 1447082                    /usr/lib/locale/locale-archive
7fb2c0880000-7fb2c0883000 ---p 00000000 00:00 0 
7fb2c0883000-7fb2c0981000 rw-p 00000000 00:00 0                          [stack:5710]
7fb2c0981000-7fb2c0984000 ---p 00000000 00:00 0 
7fb2c0984000-7fb2c0a82000 rw-p 00000000 00:00 0                          [stack:5709]
7fb2c0a82000-7fb2c0a83000 ---p 00000000 00:00 0 
7fb2c0a83000-7fb2c1b80000 rw-p 00000000 00:00 0                          [stack:5708]
7fb2c1b80000-7fb2c1d32000 r--s 01d2f000 08:06 1489796                    /usr/lib/jvm/java-7-openjdk-amd64/jre/lib/rt.jar
7fb2c1d32000-7fb2c207e000 rw-p 00000000 00:00 0 
7fb2c207e000-7fb2c207f000 ---p 00000000 00:00 0 
7fb2c207f000-7fb2c217f000 rw-p 00000000 00:00 0                          [stack:5707]
7fb2c217f000-7fb2c2180000 ---p 00000000 00:00 0 
7fb2c2180000-7fb2c2280000 rw-p 00000000 00:00 0                          [stack:5706]
7fb2c2280000-7fb2c2281000 ---p 00000000 00:00 0 
7fb2c2281000-7fb2c2381000 rw-p 00000000 00:00 0                          [stack:5705]
7fb2c2381000-7fb2c2382000 ---p 00000000 00:00 0 
7fb2c2382000-7fb2c248d000 rw-p 00000000 00:00 0                          [stack:5704]
7fb2c248d000-7fb2c24d5000 rw-p 00000000 00:00 0 
7fb2c24d5000-7fb2c24e9000 rw-p 00000000 00:00 0 
7fb2c24e9000-7fb2c262b000 rw-p 00000000 00:00 0 
7fb2c262b000-7fb2c2636000 rw-p 00000000 00:00 0 
7fb2c2636000-7fb2c267e000 rw-p 00000000 00:00 0 
7fb2c267e000-7fb2c2692000 rw-p 00000000 00:00 0 
7fb2c2692000-7fb2c27d3000 rw-p 00000000 00:00 0 
7fb2c27d3000-7fb2c27fc000 rw-p 00000000 00:00 0 
7fb2c27fc000-7fb2c287e000 rw-p 00000000 00:00 0 
7fb2c287e000-7fb2c287f000 rw-p 00000000 00:00 0 
7fb2c287f000-7fb2c2887000 r-xp 00000000 08:06 1489805                    /usr/lib/jvm/java-7-openjdk-amd64/jre/lib/amd64/libzip.so
7fb2c2887000-7fb2c2a86000 ---p 00008000 08:06 1489805                    /usr/lib/jvm/java-7-openjdk-amd64/jre/lib/amd64/libzip.so
7fb2c2a86000-7fb2c2a87000 r--p 00007000 08:06 1489805                    /usr/lib/jvm/java-7-openjdk-amd64/jre/lib/amd64/libzip.so
7fb2c2a87000-7fb2c2a88000 rw-p 00008000 08:06 1489805                    /usr/lib/jvm/java-7-openjdk-amd64/jre/lib/amd64/libzip.so
7fb2c2a88000-7fb2c2a93000 r-xp 00000000 08:06 184225                     /lib/x86_64-linux-gnu/libnss_files-2.19.so
7fb2c2a93000-7fb2c2c92000 ---p 0000b000 08:06 184225                     /lib/x86_64-linux-gnu/libnss_files-2.19.so
7fb2c2c92000-7fb2c2c93000 r--p 0000a000 08:06 184225                     /lib/x86_64-linux-gnu/libnss_files-2.19.so
7fb2c2c93000-7fb2c2c94000 rw-p 0000b000 08:06 184225                     /lib/x86_64-linux-gnu/libnss_files-2.19.so
7fb2c2c94000-7fb2c2c9f000 r-xp 00000000 08:06 145746                     /lib/x86_64-linux-gnu/libnss_nis-2.19.so
7fb2c2c9f000-7fb2c2e9e000 ---p 0000b000 08:06 145746                     /lib/x86_64-linux-gnu/libnss_nis-2.19.so
7fb2c2e9e000-7fb2c2e9f000 r--p 0000a000 08:06 145746                     /lib/x86_64-linux-gnu/libnss_nis-2.19.so
7fb2c2e9f000-7fb2c2ea0000 rw-p 0000b000 08:06 145746                     /lib/x86_64-linux-gnu/libnss_nis-2.19.so
7fb2c2ea0000-7fb2c2eb7000 r-xp 00000000 08:06 145742                     /lib/x86_64-linux-gnu/libnsl-2.19.so
7fb2c2eb7000-7fb2c30b6000 ---p 00017000 08:06 145742                     /lib/x86_64-linux-gnu/libnsl-2.19.so
7fb2c30b6000-7fb2c30b7000 r--p 00016000 08:06 145742                     /lib/x86_64-linux-gnu/libnsl-2.19.so
7fb2c30b7000-7fb2c30b8000 rw-p 00017000 08:06 145742                     /lib/x86_64-linux-gnu/libnsl-2.19.so
7fb2c30b8000-7fb2c30ba000 rw-p 00000000 00:00 0 
7fb2c30ba000-7fb2c30c3000 r-xp 00000000 08:06 145741                     /lib/x86_64-linux-gnu/libnss_compat-2.19.so
7fb2c30c3000-7fb2c32c2000 ---p 00009000 08:06 145741                     /lib/x86_64-linux-gnu/libnss_compat-2.19.so
7fb2c32c2000-7fb2c32c3000 r--p 00008000 08:06 145741                     /lib/x86_64-linux-gnu/libnss_compat-2.19.so
7fb2c32c3000-7fb2c32c4000 rw-p 00009000 08:06 145741                     /lib/x86_64-linux-gnu/libnss_compat-2.19.so
7fb2c32c4000-7fb2c32ef000 r-xp 00000000 08:06 1489826                    /usr/lib/jvm/java-7-openjdk-amd64/jre/lib/amd64/libjava.so
7fb2c32ef000-7fb2c34ef000 ---p 0002b000 08:06 1489826                    /usr/lib/jvm/java-7-openjdk-amd64/jre/lib/amd64/libjava.so
7fb2c34ef000-7fb2c34f0000 r--p 0002b000 08:06 1489826                    /usr/lib/jvm/java-7-openjdk-amd64/jre/lib/amd64/libjava.so
7fb2c34f0000-7fb2c34f2000 rw-p 0002c000 08:06 1489826                    /usr/lib/jvm/java-7-openjdk-amd64/jre/lib/amd64/libjava.so
7fb2c34f2000-7fb2c3502000 r-xp 00000000 08:06 1489810                    /usr/lib/jvm/java-7-openjdk-amd64/jre/lib/amd64/libverify.so
7fb2c3502000-7fb2c3701000 ---p 00010000 08:06 1489810                    /usr/lib/jvm/java-7-openjdk-amd64/jre/lib/amd64/libverify.so
7fb2c3701000-7fb2c3703000 r--p 0000f000 08:06 1489810                    /usr/lib/jvm/java-7-openjdk-amd64/jre/lib/amd64/libverify.so
7fb2c3703000-7fb2c3704000 rw-p 00011000 08:06 1489810                    /usr/lib/jvm/java-7-openjdk-amd64/jre/lib/amd64/libverify.so
7fb2c3704000-7fb2c370b000 r-xp 00000000 08:06 148472                     /lib/x86_64-linux-gnu/librt-2.19.so
7fb2c370b000-7fb2c390a000 ---p 00007000 08:06 148472                     /lib/x86_64-linux-gnu/librt-2.19.so
7fb2c390a000-7fb2c390b000 r--p 00006000 08:06 148472                     /lib/x86_64-linux-gnu/librt-2.19.so
7fb2c390b000-7fb2c390c000 rw-p 00007000 08:06 148472                     /lib/x86_64-linux-gnu/librt-2.19.so
7fb2c390c000-7fb2c3922000 r-xp 00000000 08:06 131070                     /lib/x86_64-linux-gnu/libgcc_s.so.1
7fb2c3922000-7fb2c3b21000 ---p 00016000 08:06 131070                     /lib/x86_64-linux-gnu/libgcc_s.so.1
7fb2c3b21000-7fb2c3b22000 rw-p 00015000 08:06 131070                     /lib/x86_64-linux-gnu/libgcc_s.so.1
7fb2c3b22000-7fb2c3c27000 r-xp 00000000 08:06 135048                     /lib/x86_64-linux-gnu/libm-2.19.so
7fb2c3c27000-7fb2c3e26000 ---p 00105000 08:06 135048                     /lib/x86_64-linux-gnu/libm-2.19.so
7fb2c3e26000-7fb2c3e27000 r--p 00104000 08:06 135048                     /lib/x86_64-linux-gnu/libm-2.19.so
7fb2c3e27000-7fb2c3e28000 rw-p 00105000 08:06 135048                     /lib/x86_64-linux-gnu/libm-2.19.so
7fb2c3e28000-7fb2c3f0e000 r-xp 00000000 08:06 1439330                    /usr/lib/x86_64-linux-gnu/libstdc++.so.6.0.19
7fb2c3f0e000-7fb2c410d000 ---p 000e6000 08:06 1439330                    /usr/lib/x86_64-linux-gnu/libstdc++.so.6.0.19
7fb2c410d000-7fb2c4115000 r--p 000e5000 08:06 1439330                    /usr/lib/x86_64-linux-gnu/libstdc++.so.6.0.19
7fb2c4115000-7fb2c4117000 rw-p 000ed000 08:06 1439330                    /usr/lib/x86_64-linux-gnu/libstdc++.so.6.0.19
7fb2c4117000-7fb2c412c000 rw-p 00000000 00:00 0 
7fb2c412c000-7fb2c4c51000 r-xp 00000000 08:06 1489806                    /usr/lib/jvm/java-7-openjdk-amd64/jre/lib/amd64/server/libjvm.so
7fb2c4c51000-7fb2c4e51000 ---p 00b25000 08:06 1489806                    /usr/lib/jvm/java-7-openjdk-amd64/jre/lib/amd64/server/libjvm.so
7fb2c4e51000-7fb2c4eeb000 r--p 00b25000 08:06 1489806                    /usr/lib/jvm/java-7-openjdk-amd64/jre/lib/amd64/server/libjvm.so
7fb2c4eeb000-7fb2c4f0e000 rw-p 00bbf000 08:06 1489806                    /usr/lib/jvm/java-7-openjdk-amd64/jre/lib/amd64/server/libjvm.so
7fb2c4f0e000-7fb2c4f3c000 rw-p 00000000 00:00 0 
7fb2c4f3c000-7fb2c4f54000 r-xp 00000000 08:06 135112                     /lib/x86_64-linux-gnu/libz.so.1.2.8
7fb2c4f54000-7fb2c5153000 ---p 00018000 08:06 135112                     /lib/x86_64-linux-gnu/libz.so.1.2.8
7fb2c5153000-7fb2c5154000 r--p 00017000 08:06 135112                     /lib/x86_64-linux-gnu/libz.so.1.2.8
7fb2c5154000-7fb2c5155000 rw-p 00018000 08:06 135112                     /lib/x86_64-linux-gnu/libz.so.1.2.8
7fb2c5155000-7fb2c516e000 r-xp 00000000 08:06 145743                     /lib/x86_64-linux-gnu/libpthread-2.19.so
7fb2c516e000-7fb2c536d000 ---p 00019000 08:06 145743                     /lib/x86_64-linux-gnu/libpthread-2.19.so
7fb2c536d000-7fb2c536e000 r--p 00018000 08:06 145743                     /lib/x86_64-linux-gnu/libpthread-2.19.so
7fb2c536e000-7fb2c536f000 rw-p 00019000 08:06 145743                     /lib/x86_64-linux-gnu/libpthread-2.19.so
7fb2c536f000-7fb2c5373000 rw-p 00000000 00:00 0 
7fb2c5373000-7fb2c5376000 r-xp 00000000 08:06 145738                     /lib/x86_64-linux-gnu/libdl-2.19.so
7fb2c5376000-7fb2c5575000 ---p 00003000 08:06 145738                     /lib/x86_64-linux-gnu/libdl-2.19.so
7fb2c5575000-7fb2c5576000 r--p 00002000 08:06 145738                     /lib/x86_64-linux-gnu/libdl-2.19.so
7fb2c5576000-7fb2c5577000 rw-p 00003000 08:06 145738                     /lib/x86_64-linux-gnu/libdl-2.19.so
7fb2c5577000-7fb2c5732000 r-xp 00000000 08:06 148473                     /lib/x86_64-linux-gnu/libc-2.19.so
7fb2c5732000-7fb2c5931000 ---p 001bb000 08:06 148473                     /lib/x86_64-linux-gnu/libc-2.19.so
7fb2c5931000-7fb2c5935000 r--p 001ba000 08:06 148473                     /lib/x86_64-linux-gnu/libc-2.19.so
7fb2c5935000-7fb2c5937000 rw-p 001be000 08:06 148473                     /lib/x86_64-linux-gnu/libc-2.19.so
7fb2c5937000-7fb2c593c000 rw-p 00000000 00:00 0 
7fb2c593c000-7fb2c5949000 r-xp 00000000 08:06 1489800                    /usr/lib/jvm/java-7-openjdk-amd64/jre/lib/amd64/jli/libjli.so
7fb2c5949000-7fb2c5b48000 ---p 0000d000 08:06 1489800                    /usr/lib/jvm/java-7-openjdk-amd64/jre/lib/amd64/jli/libjli.so
7fb2c5b48000-7fb2c5b49000 r--p 0000c000 08:06 1489800                    /usr/lib/jvm/java-7-openjdk-amd64/jre/lib/amd64/jli/libjli.so
7fb2c5b49000-7fb2c5b4a000 rw-p 0000d000 08:06 1489800                    /usr/lib/jvm/java-7-openjdk-amd64/jre/lib/amd64/jli/libjli.so
7fb2c5b4a000-7fb2c5b6d000 r-xp 00000000 08:06 145744                     /lib/x86_64-linux-gnu/ld-2.19.so
7fb2c5b6d000-7fb2c5b70000 r--s 0000f000 08:06 1489840                    /usr/lib/jvm/java-7-openjdk-amd64/jre/lib/ext/icedtea-sound.jar
7fb2c5b70000-7fb2c5b92000 rw-p 00000000 00:00 0 
7fb2c5b92000-7fb2c5c48000 rw-p 00000000 00:00 0 
7fb2c5c48000-7fb2c5c4b000 ---p 00000000 00:00 0 
7fb2c5c4b000-7fb2c5d4f000 rw-p 00000000 00:00 0                          [stack:5701]
7fb2c5d4f000-7fb2c5d51000 r--s 00012000 08:06 1489837                    /usr/lib/jvm/java-7-openjdk-amd64/jre/lib/ext/zipfs.jar
7fb2c5d51000-7fb2c5d52000 r--s 00002000 08:06 1489839                    /usr/lib/jvm/java-7-openjdk-amd64/jre/lib/ext/dnsns.jar
7fb2c5d52000-7fb2c5d54000 r--s 00006000 08:06 1840524                    /usr/share/java/java-atk-wrapper.jar
7fb2c5d54000-7fb2c5d58000 r--s 0003c000 08:06 1489838                    /usr/lib/jvm/java-7-openjdk-amd64/jre/lib/ext/sunpkcs11.jar
7fb2c5d58000-7fb2c5d5c000 r--s 00034000 08:06 1489836                    /usr/lib/jvm/java-7-openjdk-amd64/jre/lib/ext/sunjce_provider.jar
7fb2c5d5c000-7fb2c5d60000 r--s 00085000 08:06 1489835                    /usr/lib/jvm/java-7-openjdk-amd64/jre/lib/ext/localedata.jar
7fb2c5d60000-7fb2c5d68000 rw-s 00000000 08:06 1840627                    /tmp/hsperfdata_tulin/5698
7fb2c5d68000-7fb2c5d69000 rw-p 00000000 00:00 0 
7fb2c5d69000-7fb2c5d6a000 ---p 00000000 00:00 0 
7fb2c5d6a000-7fb2c5d6c000 rw-p 00000000 00:00 0 
7fb2c5d6c000-7fb2c5d6d000 r--p 00022000 08:06 145744                     /lib/x86_64-linux-gnu/ld-2.19.so
7fb2c5d6d000-7fb2c5d6e000 rw-p 00023000 08:06 145744                     /lib/x86_64-linux-gnu/ld-2.19.so
7fb2c5d6e000-7fb2c5d6f000 rw-p 00000000 00:00 0 
7fff1a98e000-7fff1a9af000 rw-p 00000000 00:00 0                          [stack]
7fff1a9f3000-7fff1a9f5000 r-xp 00000000 00:00 0                          [vdso]
ffffffffff600000-ffffffffff601000 r-xp 00000000 00:00 0                  [vsyscall]

VM Arguments:
jvm_args: -Djava.awt.headless=true -Xmx1024M -Dfile.encoding=UTF-8 -Duser.country=US -Duser.language=en -Duser.variant 
java_command: com.android.dx.command.Main --dex --num-threads=4 --output /home/tulin/AndroidStudioProjects/CamApp/app/build/intermediates/pre-dexed/debug/com.android.support-appcompat-v7-23.2.0_379181285c7b8b84d75b0ff6e2ce57e79279b14d.jar /home/tulin/AndroidStudioProjects/CamApp/app/build/intermediates/exploded-aar/com.android.support/appcompat-v7/23.2.0/jars/classes.jar
Launcher Type: SUN_STANDARD

Environment Variables:
PATH=/usr/local/sbin:/usr/local/bin:/usr/sbin:/usr/bin:/sbin:/bin:/usr/games:/usr/local/games
SHELL=/bin/bash
DISPLAY=:0

Signal Handlers:
SIGSEGV: [libjvm.so+0x955bc0], sa_mask[0]=0x7ffbfeff, sa_flags=0x10000004
SIGBUS: [libjvm.so+0x955bc0], sa_mask[0]=0x7ffbfeff, sa_flags=0x10000004
SIGFPE: [libjvm.so+0x7caff0], sa_mask[0]=0x7ffbfeff, sa_flags=0x10000004
SIGPIPE: [libjvm.so+0x7caff0], sa_mask[0]=0x7ffbfeff, sa_flags=0x10000004
SIGXFSZ: [libjvm.so+0x7caff0], sa_mask[0]=0x7ffbfeff, sa_flags=0x10000004
SIGILL: [libjvm.so+0x7caff0], sa_mask[0]=0x7ffbfeff, sa_flags=0x10000004
SIGUSR1: SIG_DFL, sa_mask[0]=0x00000000, sa_flags=0x00000000
SIGUSR2: [libjvm.so+0x7cae90], sa_mask[0]=0x00000004, sa_flags=0x10000004
SIGHUP: [libjvm.so+0x7cb070], sa_mask[0]=0x7ffbfeff, sa_flags=0x10000004
SIGINT: [libjvm.so+0x7cb070], sa_mask[0]=0x7ffbfeff, sa_flags=0x10000004
SIGTERM: [libjvm.so+0x7cb070], sa_mask[0]=0x7ffbfeff, sa_flags=0x10000004
SIGQUIT: [libjvm.so+0x7cb070], sa_mask[0]=0x7ffbfeff, sa_flags=0x10000004
SIGTRAP: SIG_DFL, sa_mask[0]=0x00000000, sa_flags=0x00000000


---------------  S Y S T E M  ---------------

OS:Ubuntu 14.04 (trusty)
uname:Linux 3.13.0-79-generic #123-Ubuntu SMP Fri Feb 19 14:27:58 UTC 2016 x86_64
libc:glibc 2.19 NPTL 2.19 
rlimit: STACK 8192k, CORE 0k, NPROC 30460, NOFILE 4096, AS infinity
load average:19,77 8,70 5,63

/proc/meminfo:
MemTotal:        3946988 kB
MemFree:          106120 kB
Buffers:             640 kB
Cached:           699600 kB
SwapCached:            0 kB
Active:          2969252 kB
Inactive:         694816 kB
Active(anon):    2967564 kB
Inactive(anon):   668248 kB
Active(file):       1688 kB
Inactive(file):    26568 kB
Unevictable:          32 kB
Mlocked:              32 kB
SwapTotal:             0 kB
SwapFree:              0 kB
Dirty:                24 kB
Writeback:             0 kB
AnonPages:       2964284 kB
Mapped:           221608 kB
Shmem:            671560 kB
Slab:              73524 kB
SReclaimable:      34440 kB
SUnreclaim:        39084 kB
KernelStack:        6264 kB
PageTables:        42816 kB
NFS_Unstable:          0 kB
Bounce:                0 kB
WritebackTmp:          0 kB
CommitLimit:     1973492 kB
Committed_AS:    8799980 kB
VmallocTotal:   34359738367 kB
VmallocUsed:      350184 kB
VmallocChunk:   34359381756 kB
HardwareCorrupted:     0 kB
AnonHugePages:   1105920 kB
HugePages_Total:       0
HugePages_Free:        0
HugePages_Rsvd:        0
HugePages_Surp:        0
Hugepagesize:       2048 kB
DirectMap4k:       66592 kB
DirectMap2M:     4028416 kB


CPU:total 4 (2 cores per cpu, 2 threads per core) family 6 model 42 stepping 7, cmov, cx8, fxsr, mmx, sse, sse2, sse3, ssse3, sse4.1, sse4.2, popcnt, avx, aes, ht, tsc, tscinvbit

/proc/cpuinfo:
processor	: 0
vendor_id	: GenuineIntel
cpu family	: 6
model		: 42
model name	: Intel(R) Core(TM) i5-2557M CPU @ 1.70GHz
stepping	: 7
microcode	: 0x1a
cpu MHz		: 1701.000
cache size	: 3072 KB
physical id	: 0
siblings	: 4
core id		: 0
cpu cores	: 2
apicid		: 0
initial apicid	: 0
fpu		: yes
fpu_exception	: yes
cpuid level	: 13
wp		: yes
flags		: fpu vme de pse tsc msr pae mce cx8 apic sep mtrr pge mca cmov pat pse36 clflush dts acpi mmx fxsr sse sse2 ss ht tm pbe syscall nx rdtscp lm constant_tsc arch_perfmon pebs bts rep_good nopl xtopology nonstop_tsc aperfmperf eagerfpu pni pclmulqdq dtes64 monitor ds_cpl vmx smx est tm2 ssse3 cx16 xtpr pdcm pcid sse4_1 sse4_2 x2apic popcnt tsc_deadline_timer aes xsave avx lahf_lm ida arat epb xsaveopt pln pts dtherm tpr_shadow vnmi flexpriority ept vpid
bogomips	: 3392.10
clflush size	: 64
cache_alignment	: 64
address sizes	: 36 bits physical, 48 bits virtual
power management:

processor	: 1
vendor_id	: GenuineIntel
cpu family	: 6
model		: 42
model name	: Intel(R) Core(TM) i5-2557M CPU @ 1.70GHz
stepping	: 7
microcode	: 0x1a
cpu MHz		: 1701.000
cache size	: 3072 KB
physical id	: 0
siblings	: 4
core id		: 1
cpu cores	: 2
apicid		: 2
initial apicid	: 2
fpu		: yes
fpu_exception	: yes
cpuid level	: 13
wp		: yes
flags		: fpu vme de pse tsc msr pae mce cx8 apic sep mtrr pge mca cmov pat pse36 clflush dts acpi mmx fxsr sse sse2 ss ht tm pbe syscall nx rdtscp lm constant_tsc arch_perfmon pebs bts rep_good nopl xtopology nonstop_tsc aperfmperf eagerfpu pni pclmulqdq dtes64 monitor ds_cpl vmx smx est tm2 ssse3 cx16 xtpr pdcm pcid sse4_1 sse4_2 x2apic popcnt tsc_deadline_timer aes xsave avx lahf_lm ida arat epb xsaveopt pln pts dtherm tpr_shadow vnmi flexpriority ept vpid
bogomips	: 3392.10
clflush size	: 64
cache_alignment	: 64
address sizes	: 36 bits physical, 48 bits virtual
power management:

processor	: 2
vendor_id	: GenuineIntel
cpu family	: 6
model		: 42
model name	: Intel(R) Core(TM) i5-2557M CPU @ 1.70GHz
stepping	: 7
microcode	: 0x1a
cpu MHz		: 1701.000
cache size	: 3072 KB
physical id	: 0
siblings	: 4
core id		: 0
cpu cores	: 2
apicid		: 1
initial apicid	: 1
fpu		: yes
fpu_exception	: yes
cpuid level	: 13
wp		: yes
flags		: fpu vme de pse tsc msr pae mce cx8 apic sep mtrr pge mca cmov pat pse36 clflush dts acpi mmx fxsr sse sse2 ss ht tm pbe syscall nx rdtscp lm constant_tsc arch_perfmon pebs bts rep_good nopl xtopology nonstop_tsc aperfmperf eagerfpu pni pclmulqdq dtes64 monitor ds_cpl vmx smx est tm2 ssse3 cx16 xtpr pdcm pcid sse4_1 sse4_2 x2apic popcnt tsc_deadline_timer aes xsave avx lahf_lm ida arat epb xsaveopt pln pts dtherm tpr_shadow vnmi flexpriority ept vpid
bogomips	: 3392.10
clflush size	: 64
cache_alignment	: 64
address sizes	: 36 bits physical, 48 bits virtual
power management:

processor	: 3
vendor_id	: GenuineIntel
cpu family	: 6
model		: 42
model name	: Intel(R) Core(TM) i5-2557M CPU @ 1.70GHz
stepping	: 7
microcode	: 0x1a
cpu MHz		: 1701.000
cache size	: 3072 KB
physical id	: 0
siblings	: 4
core id		: 1
cpu cores	: 2
apicid		: 3
initial apicid	: 3
fpu		: yes
fpu_exception	: yes
cpuid level	: 13
wp		: yes
flags		: fpu vme de pse tsc msr pae mce cx8 apic sep mtrr pge mca cmov pat pse36 clflush dts acpi mmx fxsr sse sse2 ss ht tm pbe syscall nx rdtscp lm constant_tsc arch_perfmon pebs bts rep_good nopl xtopology nonstop_tsc aperfmperf eagerfpu pni pclmulqdq dtes64 monitor ds_cpl vmx smx est tm2 ssse3 cx16 xtpr pdcm pcid sse4_1 sse4_2 x2apic popcnt tsc_deadline_timer aes xsave avx lahf_lm ida arat epb xsaveopt pln pts dtherm tpr_shadow vnmi flexpriority ept vpid
bogomips	: 3392.10
clflush size	: 64
cache_alignment	: 64
address sizes	: 36 bits physical, 48 bits virtual
power management:



Memory: 4k page, physical 3946988k(106120k free), swap 0k(0k free)

vm_info: OpenJDK 64-Bit Server VM (24.95-b01) for linux-amd64 JRE (1.7.0_95-b00), built on Jan 21 2016 03:31:40 by "buildd" with gcc 4.8.4

time: Wed Mar 23 15:24:31 2016
elapsed time: 24 seconds

