#
# There is insufficient memory for the Java Runtime Environment to continue.
# Native memory allocation (malloc) failed to allocate 146800640 bytes for committing reserved memory.
# Possible reasons:
#   The system is out of physical RAM or swap space
#   In 32 bit mode, the process size limit was hit
# Possible solutions:
#   Reduce memory load on the system
#   Increase physical memory or swap space
#   Check if swap backing store is full
#   Use 64 bit Java on a 64 bit OS
#   Decrease Java heap size (-Xmx/-Xms)
#   Decrease number of Java threads
#   Decrease Java thread stack sizes (-Xss)
#   Set larger code cache with -XX:ReservedCodeCacheSize=
# This output file may be truncated or incomplete.
#
#  Out of Memory Error (os_linux.cpp:2827), pid=3777, tid=139715312146176
#
# JRE version: OpenJDK Runtime Environment (7.0_95) (build 1.7.0_95-b00)
# Java VM: OpenJDK 64-Bit Server VM (24.95-b01 mixed mode linux-amd64 compressed oops)
# Derivative: IcedTea 2.6.4
# Distribution: Ubuntu 14.04.3 LTS, package 7u95-2.6.4-0ubuntu0.14.04.1
# Failed to write core dump. Core dumps have been disabled. To enable core dumping, try "ulimit -c unlimited" before starting Java again
#

---------------  T H R E A D  ---------------

Current thread (0x00007f120c076000):  VMThread [stack: 0x00007f12017cd000,0x00007f12018ce000] [id=3794]

Stack: [0x00007f12017cd000,0x00007f12018ce000],  sp=0x00007f12018cc490,  free space=1021k
Native frames: (J=compiled Java code, j=interpreted, Vv=VM code, C=native code)
V  [libjvm.so+0x9550e5]
V  [libjvm.so+0x4902b4]
V  [libjvm.so+0x7cf7bb]
V  [libjvm.so+0x7ca28f]
V  [libjvm.so+0x83e56b]
V  [libjvm.so+0x83f3e0]
V  [libjvm.so+0x83facb]
V  [libjvm.so+0x83b4d8]
V  [libjvm.so+0x83bd48]
V  [libjvm.so+0x7f1fd3]
V  [libjvm.so+0x956ae4]
V  [libjvm.so+0x95abe7]
V  [libjvm.so+0x9596a8]
V  [libjvm.so+0x959b09]
V  [libjvm.so+0x959f52]
V  [libjvm.so+0x7cc682]

VM_Operation (0x00007f11d2e1b030): ParallelGCFailedAllocation, mode: safepoint, requested by thread 0x00007f120c1a5800


---------------  P R O C E S S  ---------------

Java Threads: ( => current thread )
  0x00007f120c1a9000 JavaThread "pool-1-thread-4" [_thread_blocked, id=3851, stack(0x00007f11d2b1a000,0x00007f11d2c1b000)]
  0x00007f120c1a7000 JavaThread "pool-1-thread-3" [_thread_blocked, id=3850, stack(0x00007f11d2c1b000,0x00007f11d2d1c000)]
  0x00007f120c1a5800 JavaThread "pool-1-thread-2" [_thread_blocked, id=3849, stack(0x00007f11d2d1c000,0x00007f11d2e1d000)]
  0x00007f120c198800 JavaThread "pool-2-thread-1" [_thread_blocked, id=3847, stack(0x00007f11d2e1d000,0x00007f11d2f1e000)]
  0x00007f120c197000 JavaThread "pool-1-thread-1" [_thread_blocked, id=3846, stack(0x00007f11d2f1e000,0x00007f11d301f000)]
  0x00007f120c0b5800 JavaThread "Service Thread" daemon [_thread_blocked, id=3810, stack(0x00007f1200975000,0x00007f1200a76000)]
  0x00007f120c0b3000 JavaThread "C2 CompilerThread1" daemon [_thread_blocked, id=3809, stack(0x00007f1200a76000,0x00007f1200b77000)]
  0x00007f120c0b0000 JavaThread "C2 CompilerThread0" daemon [_thread_blocked, id=3808, stack(0x00007f1200b77000,0x00007f1200c78000)]
  0x00007f120c0ae000 JavaThread "Signal Dispatcher" daemon [_thread_blocked, id=3807, stack(0x00007f1200c78000,0x00007f1200d79000)]
  0x00007f120c07c000 JavaThread "Finalizer" daemon [_thread_blocked, id=3798, stack(0x00007f12015cb000,0x00007f12016cc000)]
  0x00007f120c07a000 JavaThread "Reference Handler" daemon [_thread_blocked, id=3795, stack(0x00007f12016cc000,0x00007f12017cd000)]
  0x00007f120c00a800 JavaThread "main" [_thread_blocked, id=3780, stack(0x00007f1213ee4000,0x00007f1213fe5000)]

Other Threads:
=>0x00007f120c076000 VMThread [stack: 0x00007f12017cd000,0x00007f12018ce000] [id=3794]
  0x00007f120c0c0000 WatcherThread [stack: 0x00007f1200874000,0x00007f1200975000] [id=3811]

VM state:at safepoint (normal execution)

VM Mutex/Monitor currently owned by a thread:  ([mutex/lock_event])
[0x00007f120c006990] Threads_lock - owner thread: 0x00007f120c076000
[0x00007f120c006e90] Heap_lock - owner thread: 0x00007f120c1a5800

Heap
 PSYoungGen      total 142848K, used 18429K [0x00000000eaa80000, 0x00000000f4a80000, 0x0000000100000000)
  eden space 124416K, 0% used [0x00000000eaa80000,0x00000000eaa80000,0x00000000f2400000)
  from space 18432K, 99% used [0x00000000f2400000,0x00000000f35ff4b0,0x00000000f3600000)
  to   space 15872K, 0% used [0x00000000f3600000,0x00000000f3600000,0x00000000f4580000)
 ParOldGen       total 40960K, used 37737K [0x00000000c0000000, 0x00000000c2800000, 0x00000000eaa80000)
  object space 40960K, 92% used [0x00000000c0000000,0x00000000c24da7f8,0x00000000c2800000)
 PSPermGen       total 21504K, used 6358K [0x00000000b5a00000, 0x00000000b6f00000, 0x00000000c0000000)
  object space 21504K, 29% used [0x00000000b5a00000,0x00000000b6035998,0x00000000b6f00000)

Card table byte_map: [0x00007f12108c8000,0x00007f1210b1c000] byte_map_base: 0x00007f121031b000

Polling page: 0x00007f1214006000

Code Cache  [0x00007f1209000000, 0x00007f1209270000, 0x00007f120c000000)
 total_blobs=584 nmethods=353 adapters=184 free_code_cache=47741Kb largest_free_block=48739968

Compilation events (10 events):
Event: 36,019 Thread 0x00007f120c0b0000 nmethod 364 0x00007f12090bf050 code [0x00007f12090bf180, 0x00007f12090bf1f8]
Event: 36,019 Thread 0x00007f120c0b0000  365             com.android.dx.ssa.back.FirstFitLocalCombiningAllocator$1::visitNonMoveInsn (6 bytes)
Event: 36,039 Thread 0x00007f120c0b0000 nmethod 365 0x00007f1209131b90 code [0x00007f1209131ce0, 0x00007f1209131d48]
Event: 36,039 Thread 0x00007f120c0b0000  366             com.android.dx.ssa.SsaRenamer$BlockRenamer::visitNonMoveInsn (14 bytes)
Event: 36,236 Thread 0x00007f120c0b0000 nmethod 366 0x00007f1209168d90 code [0x00007f1209168f80, 0x00007f1209169610]
Event: 36,236 Thread 0x00007f120c0b0000  367   !         java.util.BitSet::clone (48 bytes)
Event: 36,254 Thread 0x00007f120c0b0000 nmethod 367 0x00007f1209168850 code [0x00007f12091689c0, 0x00007f1209168bc8]
Event: 36,254 Thread 0x00007f120c0b0000  368             com.android.dx.ssa.back.RegisterAllocator::getDefinitionSpecForSsaReg (22 bytes)
Event: 36,308 Thread 0x00007f120c0b0000 nmethod 368 0x00007f120916bdd0 code [0x00007f120916bf40, 0x00007f120916c188]
Event: 36,308 Thread 0x00007f120c0b0000  369 %           com.android.dx.ssa.LocalVariableExtractor::processBlock @ 119 (383 bytes)

GC Heap History (10 events):
Event: 3,735 GC heap after
Heap after GC invocations=2 (full 0):
 PSYoungGen      total 34304K, used 2555K [0x00000000eaa80000, 0x00000000ece80000, 0x0000000100000000)
  eden space 31744K, 0% used [0x00000000eaa80000,0x00000000eaa80000,0x00000000ec980000)
  from space 2560K, 99% used [0x00000000ecc00000,0x00000000ece7ec88,0x00000000ece80000)
  to   space 2560K, 0% used [0x00000000ec980000,0x00000000ec980000,0x00000000ecc00000)
 ParOldGen       total 40960K, used 1992K [0x00000000c0000000, 0x00000000c2800000, 0x00000000eaa80000)
  object space 40960K, 4% used [0x00000000c0000000,0x00000000c01f22a0,0x00000000c2800000)
 PSPermGen       total 21504K, used 5958K [0x00000000b5a00000, 0x00000000b6f00000, 0x00000000c0000000)
  object space 21504K, 27% used [0x00000000b5a00000,0x00000000b5fd1bb0,0x00000000b6f00000)
}
Event: 7,668 GC heap before
{Heap before GC invocations=3 (full 0):
 PSYoungGen      total 34304K, used 34299K [0x00000000eaa80000, 0x00000000ece80000, 0x0000000100000000)
  eden space 31744K, 100% used [0x00000000eaa80000,0x00000000ec980000,0x00000000ec980000)
  from space 2560K, 99% used [0x00000000ecc00000,0x00000000ece7ec88,0x00000000ece80000)
  to   space 2560K, 0% used [0x00000000ec980000,0x00000000ec980000,0x00000000ecc00000)
 ParOldGen       total 40960K, used 1992K [0x00000000c0000000, 0x00000000c2800000, 0x00000000eaa80000)
  object space 40960K, 4% used [0x00000000c0000000,0x00000000c01f22a0,0x00000000c2800000)
 PSPermGen       total 21504K, used 6163K [0x00000000b5a00000, 0x00000000b6f00000, 0x00000000c0000000)
  object space 21504K, 28% used [0x00000000b5a00000,0x00000000b6004eb0,0x00000000b6f00000)
Event: 7,811 GC heap after
Heap after GC invocations=3 (full 0):
 PSYoungGen      total 34304K, used 2546K [0x00000000eaa80000, 0x00000000eed80000, 0x0000000100000000)
  eden space 31744K, 0% used [0x00000000eaa80000,0x00000000eaa80000,0x00000000ec980000)
  from space 2560K, 99% used [0x00000000ec980000,0x00000000ecbfc878,0x00000000ecc00000)
  to   space 2560K, 0% used [0x00000000eeb00000,0x00000000eeb00000,0x00000000eed80000)
 ParOldGen       total 40960K, used 7268K [0x00000000c0000000, 0x00000000c2800000, 0x00000000eaa80000)
  object space 40960K, 17% used [0x00000000c0000000,0x00000000c0719208,0x00000000c2800000)
 PSPermGen       total 21504K, used 6163K [0x00000000b5a00000, 0x00000000b6f00000, 0x00000000c0000000)
  object space 21504K, 28% used [0x00000000b5a00000,0x00000000b6004eb0,0x00000000b6f00000)
}
Event: 11,303 GC heap before
{Heap before GC invocations=4 (full 0):
 PSYoungGen      total 34304K, used 34290K [0x00000000eaa80000, 0x00000000eed80000, 0x0000000100000000)
  eden space 31744K, 100% used [0x00000000eaa80000,0x00000000ec980000,0x00000000ec980000)
  from space 2560K, 99% used [0x00000000ec980000,0x00000000ecbfc878,0x00000000ecc00000)
  to   space 2560K, 0% used [0x00000000eeb00000,0x00000000eeb00000,0x00000000eed80000)
 ParOldGen       total 40960K, used 7268K [0x00000000c0000000, 0x00000000c2800000, 0x00000000eaa80000)
  object space 40960K, 17% used [0x00000000c0000000,0x00000000c0719208,0x00000000c2800000)
 PSPermGen       total 21504K, used 6201K [0x00000000b5a00000, 0x00000000b6f00000, 0x00000000c0000000)
  object space 21504K, 28% used [0x00000000b5a00000,0x00000000b600e6e8,0x00000000b6f00000)
Event: 11,386 GC heap after
Heap after GC invocations=4 (full 0):
 PSYoungGen      total 66048K, used 2530K [0x00000000eaa80000, 0x00000000eed80000, 0x0000000100000000)
  eden space 63488K, 0% used [0x00000000eaa80000,0x00000000eaa80000,0x00000000ee880000)
  from space 2560K, 98% used [0x00000000eeb00000,0x00000000eed78868,0x00000000eed80000)
  to   space 2560K, 0% used [0x00000000ee880000,0x00000000ee880000,0x00000000eeb00000)
 ParOldGen       total 40960K, used 12752K [0x00000000c0000000, 0x00000000c2800000, 0x00000000eaa80000)
  object space 40960K, 31% used [0x00000000c0000000,0x00000000c0c74070,0x00000000c2800000)
 PSPermGen       total 21504K, used 6201K [0x00000000b5a00000, 0x00000000b6f00000, 0x00000000c0000000)
  object space 21504K, 28% used [0x00000000b5a00000,0x00000000b600e6e8,0x00000000b6f00000)
}
Event: 18,512 GC heap before
{Heap before GC invocations=5 (full 0):
 PSYoungGen      total 66048K, used 66018K [0x00000000eaa80000, 0x00000000eed80000, 0x0000000100000000)
  eden space 63488K, 100% used [0x00000000eaa80000,0x00000000ee880000,0x00000000ee880000)
  from space 2560K, 98% used [0x00000000eeb00000,0x00000000eed78868,0x00000000eed80000)
  to   space 2560K, 0% used [0x00000000ee880000,0x00000000ee880000,0x00000000eeb00000)
 ParOldGen       total 40960K, used 12752K [0x00000000c0000000, 0x00000000c2800000, 0x00000000eaa80000)
  object space 40960K, 31% used [0x00000000c0000000,0x00000000c0c74070,0x00000000c2800000)
 PSPermGen       total 21504K, used 6245K [0x00000000b5a00000, 0x00000000b6f00000, 0x00000000c0000000)
  object space 21504K, 29% used [0x00000000b5a00000,0x00000000b6019438,0x00000000b6f00000)
Event: 18,727 GC heap after
Heap after GC invocations=5 (full 0):
 PSYoungGen      total 66048K, used 2530K [0x00000000eaa80000, 0x00000000f4580000, 0x0000000100000000)
  eden space 63488K, 0% used [0x00000000eaa80000,0x00000000eaa80000,0x00000000ee880000)
  from space 2560K, 98% used [0x00000000ee880000,0x00000000eeaf8868,0x00000000eeb00000)
  to   space 15872K, 0% used [0x00000000f3600000,0x00000000f3600000,0x00000000f4580000)
 ParOldGen       total 40960K, used 23538K [0x00000000c0000000, 0x00000000c2800000, 0x00000000eaa80000)
  object space 40960K, 57% used [0x00000000c0000000,0x00000000c16fca08,0x00000000c2800000)
 PSPermGen       total 21504K, used 6245K [0x00000000b5a00000, 0x00000000b6f00000, 0x00000000c0000000)
  object space 21504K, 29% used [0x00000000b5a00000,0x00000000b6019438,0x00000000b6f00000)
}
Event: 26,880 GC heap before
{Heap before GC invocations=6 (full 0):
 PSYoungGen      total 66048K, used 66018K [0x00000000eaa80000, 0x00000000f4580000, 0x0000000100000000)
  eden space 63488K, 100% used [0x00000000eaa80000,0x00000000ee880000,0x00000000ee880000)
  from space 2560K, 98% used [0x00000000ee880000,0x00000000eeaf8868,0x00000000eeb00000)
  to   space 15872K, 0% used [0x00000000f3600000,0x00000000f3600000,0x00000000f4580000)
 ParOldGen       total 40960K, used 23538K [0x00000000c0000000, 0x00000000c2800000, 0x00000000eaa80000)
  object space 40960K, 57% used [0x00000000c0000000,0x00000000c16fca08,0x00000000c2800000)
 PSPermGen       total 21504K, used 6285K [0x00000000b5a00000, 0x00000000b6f00000, 0x00000000c0000000)
  object space 21504K, 29% used [0x00000000b5a00000,0x00000000b6023558,0x00000000b6f00000)
Event: 27,183 GC heap after
Heap after GC invocations=6 (full 0):
 PSYoungGen      total 140288K, used 14227K [0x00000000eaa80000, 0x00000000f4a80000, 0x0000000100000000)
  eden space 124416K, 0% used [0x00000000eaa80000,0x00000000eaa80000,0x00000000f2400000)
  from space 15872K, 89% used [0x00000000f3600000,0x00000000f43e4d48,0x00000000f4580000)
  to   space 18432K, 0% used [0x00000000f2400000,0x00000000f2400000,0x00000000f3600000)
 ParOldGen       total 40960K, used 23538K [0x00000000c0000000, 0x00000000c2800000, 0x00000000eaa80000)
  object space 40960K, 57% used [0x00000000c0000000,0x00000000c16fca08,0x00000000c2800000)
 PSPermGen       total 21504K, used 6285K [0x00000000b5a00000, 0x00000000b6f00000, 0x00000000c0000000)
  object space 21504K, 29% used [0x00000000b5a00000,0x00000000b6023558,0x00000000b6f00000)
}
Event: 37,140 GC heap before
{Heap before GC invocations=7 (full 0):
 PSYoungGen      total 140288K, used 138643K [0x00000000eaa80000, 0x00000000f4a80000, 0x0000000100000000)
  eden space 124416K, 100% used [0x00000000eaa80000,0x00000000f2400000,0x00000000f2400000)
  from space 15872K, 89% used [0x00000000f3600000,0x00000000f43e4d48,0x00000000f4580000)
  to   space 18432K, 0% used [0x00000000f2400000,0x00000000f2400000,0x00000000f3600000)
 ParOldGen       total 40960K, used 23538K [0x00000000c0000000, 0x00000000c2800000, 0x00000000eaa80000)
  object space 40960K, 57% used [0x00000000c0000000,0x00000000c16fca08,0x00000000c2800000)
 PSPermGen       total 21504K, used 6358K [0x00000000b5a00000, 0x00000000b6f00000, 0x00000000c0000000)
  object space 21504K, 29% used [0x00000000b5a00000,0x00000000b6035998,0x00000000b6f00000)

Deoptimization events (10 events):
Event: 8,388 Thread 0x00007f120c197000 Uncommon trap: reason=unstable_if action=reinterpret pc=0x00007f12090976b4 method=com.android.dx.util.IntList.binarysearch(I)I @ 105
Event: 9,931 Thread 0x00007f120c197000 Uncommon trap: reason=unstable_if action=reinterpret pc=0x00007f12090c7a34 method=com.android.dx.rop.code.RegisterSpec.equals(ILcom/android/dx/rop/type/TypeBearer;Lcom/android/dx/rop/code/LocalItem;)Z @ 42
Event: 11,104 Thread 0x00007f120c1a5800 Uncommon trap: reason=unstable_if action=reinterpret pc=0x00007f12090bd32c method=com.android.dx.ssa.SsaRenamer$BlockRenamer.process()V @ 90
Event: 21,872 Thread 0x00007f120c1a9000 Uncommon trap: reason=unstable_if action=reinterpret pc=0x00007f12090ddcfc method=com.android.dx.ssa.SCCP.simulateBranch(Lcom/android/dx/ssa/SsaInsn;)V @ 548
Event: 21,979 Thread 0x00007f120c1a7000 Uncommon trap: reason=null_check action=make_not_entrant pc=0x00007f1209117598 method=com.android.dx.cf.code.Ropper$CatchInfo.getSetup(Lcom/android/dx/rop/type/Type;)Lcom/android/dx/cf/code/Ropper$ExceptionHandlerSetup; @ 10
Event: 29,826 Thread 0x00007f120c197000 Uncommon trap: reason=bimorphic action=maybe_recompile pc=0x00007f12091537d4 method=com.android.dx.ssa.SCCP.setLatticeValueTo(IILcom/android/dx/rop/cst/Constant;)Z @ 43
Event: 30,613 Thread 0x00007f120c1a7000 Uncommon trap: reason=bimorphic action=maybe_recompile pc=0x00007f12091537d4 method=com.android.dx.ssa.SCCP.setLatticeValueTo(IILcom/android/dx/rop/cst/Constant;)Z @ 43
Event: 30,716 Thread 0x00007f120c1a7000 Uncommon trap: reason=bimorphic action=maybe_recompile pc=0x00007f12091537d4 method=com.android.dx.ssa.SCCP.setLatticeValueTo(IILcom/android/dx/rop/cst/Constant;)Z @ 43
Event: 33,180 Thread 0x00007f120c1a5800 Uncommon trap: reason=unstable_if action=reinterpret pc=0x00007f12090cdd3c method=com.android.dx.ssa.Dominators.run()V @ 346
Event: 34,664 Thread 0x00007f120c1a7000 Uncommon trap: reason=bimorphic action=maybe_recompile pc=0x00007f12091537d4 method=com.android.dx.ssa.SCCP.setLatticeValueTo(IILcom/android/dx/rop/cst/Constant;)Z @ 43

Internal exceptions (10 events):
Event: 2,421 Thread 0x00007f120c197000 Threw 0x00000000eb296c28 at /build/openjdk-7-2FOwCu/openjdk-7-7u95-2.6.4/build/openjdk/hotspot/src/share/vm/prims/jvm.cpp:1322
Event: 2,766 Thread 0x00007f120c1a5800 Threw 0x00000000eb3dfd10 at /build/openjdk-7-2FOwCu/openjdk-7-7u95-2.6.4/build/openjdk/hotspot/src/share/vm/prims/jvm.cpp:1322
Event: 3,209 Thread 0x00007f120c00a800 Threw 0x00000000eb62e580 at /build/openjdk-7-2FOwCu/openjdk-7-7u95-2.6.4/build/openjdk/hotspot/src/share/vm/prims/jvm.cpp:1322
Event: 4,128 Thread 0x00007f120c1a7000 Threw 0x00000000eaed8328 at /build/openjdk-7-2FOwCu/openjdk-7-7u95-2.6.4/build/openjdk/hotspot/src/share/vm/prims/jvm.cpp:1322
Event: 5,456 Thread 0x00007f120c00a800 Implicit null exception at 0x00007f120909f28f to 0x00007f120909f971
Event: 7,624 Thread 0x00007f120c00a800 Threw 0x00000000ec768198 at /build/openjdk-7-2FOwCu/openjdk-7-7u95-2.6.4/build/openjdk/hotspot/src/share/vm/prims/jvm.cpp:1322
Event: 7,961 Thread 0x00007f120c00a800 Threw 0x00000000eab851f0 at /build/openjdk-7-2FOwCu/openjdk-7-7u95-2.6.4/build/openjdk/hotspot/src/share/vm/prims/jvm.cpp:1322
Event: 11,100 Thread 0x00007f120c1a5800 Threw 0x00000000ec78b3d0 at /build/openjdk-7-2FOwCu/openjdk-7-7u95-2.6.4/build/openjdk/hotspot/src/share/vm/prims/jvm.cpp:1322
Event: 21,979 Thread 0x00007f120c1a7000 Implicit null exception at 0x00007f1209113879 to 0x00007f120911756d
Event: 25,880 Thread 0x00007f120c00a800 Threw 0x00000000edcfa700 at /build/openjdk-7-2FOwCu/openjdk-7-7u95-2.6.4/build/openjdk/hotspot/src/share/vm/prims/jvm.cpp:1322

Events (10 events):
Event: 30,933 Thread 0x00007f120c0b0000 flushing nmethod 0x00007f12090c7650
Event: 33,180 Thread 0x00007f120c1a5800 Uncommon trap: trap_request=0xffffff75 fr.pc=0x00007f12090cdd3c
Event: 33,180 Thread 0x00007f120c1a5800 DEOPT PACKING pc=0x00007f12090cdd3c sp=0x00007f11d2e1b060
Event: 33,180 Thread 0x00007f120c1a5800 DEOPT UNPACKING pc=0x00007f1209039445 sp=0x00007f11d2e1b078 mode 2
Event: 34,664 Thread 0x00007f120c1a7000 Uncommon trap: trap_request=0xffffffc6 fr.pc=0x00007f12091537d4
Event: 34,664 Thread 0x00007f120c1a7000 DEOPT PACKING pc=0x00007f12091537d4 sp=0x00007f11d2d1a220
Event: 34,664 Thread 0x00007f120c1a7000 DEOPT UNPACKING pc=0x00007f1209039445 sp=0x00007f11d2d1a0a0 mode 2
Event: 36,039 Thread 0x00007f120c0b0000 flushing nmethod 0x00007f12090db390
Event: 36,254 Thread 0x00007f120c0b0000 flushing nmethod 0x00007f1209110b90
Event: 37,137 Executing VM operation: ParallelGCFailedAllocation


Dynamic libraries:
00400000-00401000 r-xp 00000000 08:06 1454669                            /usr/lib/jvm/java-7-openjdk-amd64/jre/bin/java
00600000-00601000 r--p 00000000 08:06 1454669                            /usr/lib/jvm/java-7-openjdk-amd64/jre/bin/java
00601000-00602000 rw-p 00001000 08:06 1454669                            /usr/lib/jvm/java-7-openjdk-amd64/jre/bin/java
01efa000-01f1b000 rw-p 00000000 00:00 0                                  [heap]
b5a00000-b6f00000 rw-p 00000000 00:00 0 
b6f00000-c0000000 rw-p 00000000 00:00 0 
c0000000-c2800000 rw-p 00000000 00:00 0 
c2800000-eaa80000 rw-p 00000000 00:00 0 
eaa80000-f4a80000 rw-p 00000000 00:00 0 
fd680000-100000000 rw-p 00000000 00:00 0 
7f11bc000000-7f11bc021000 rw-p 00000000 00:00 0 
7f11bc021000-7f11c0000000 ---p 00000000 00:00 0 
7f11c0000000-7f11c0021000 rw-p 00000000 00:00 0 
7f11c0021000-7f11c4000000 ---p 00000000 00:00 0 
7f11c4000000-7f11c4021000 rw-p 00000000 00:00 0 
7f11c4021000-7f11c8000000 ---p 00000000 00:00 0 
7f11c8000000-7f11c8022000 rw-p 00000000 00:00 0 
7f11c8022000-7f11cc000000 ---p 00000000 00:00 0 
7f11cc000000-7f11cc028000 rw-p 00000000 00:00 0 
7f11cc028000-7f11d0000000 ---p 00000000 00:00 0 
7f11d2b1a000-7f11d2b1d000 ---p 00000000 00:00 0 
7f11d2b1d000-7f11d2c1b000 rw-p 00000000 00:00 0                          [stack:3851]
7f11d2c1b000-7f11d2c1e000 ---p 00000000 00:00 0 
7f11d2c1e000-7f11d2d1c000 rw-p 00000000 00:00 0                          [stack:3850]
7f11d2d1c000-7f11d2d1f000 ---p 00000000 00:00 0 
7f11d2d1f000-7f11d2e1d000 rw-p 00000000 00:00 0                          [stack:3849]
7f11d2e1d000-7f11d2e20000 ---p 00000000 00:00 0 
7f11d2e20000-7f11d2f1e000 rw-p 00000000 00:00 0                          [stack:3847]
7f11d2f1e000-7f11d2f21000 ---p 00000000 00:00 0 
7f11d2f21000-7f11d301f000 rw-p 00000000 00:00 0                          [stack:3846]
7f11d301f000-7f11d305c000 r-xp 00000000 08:06 130821                     /lib/x86_64-linux-gnu/libpcre.so.3.13.1
7f11d305c000-7f11d325b000 ---p 0003d000 08:06 130821                     /lib/x86_64-linux-gnu/libpcre.so.3.13.1
7f11d325b000-7f11d325c000 r--p 0003c000 08:06 130821                     /lib/x86_64-linux-gnu/libpcre.so.3.13.1
7f11d325c000-7f11d325d000 rw-p 0003d000 08:06 130821                     /lib/x86_64-linux-gnu/libpcre.so.3.13.1
7f11d325d000-7f11d3264000 r-xp 00000000 08:06 1447540                    /usr/lib/x86_64-linux-gnu/libffi.so.6.0.1
7f11d3264000-7f11d3463000 ---p 00007000 08:06 1447540                    /usr/lib/x86_64-linux-gnu/libffi.so.6.0.1
7f11d3463000-7f11d3464000 r--p 00006000 08:06 1447540                    /usr/lib/x86_64-linux-gnu/libffi.so.6.0.1
7f11d3464000-7f11d3465000 rw-p 00007000 08:06 1447540                    /usr/lib/x86_64-linux-gnu/libffi.so.6.0.1
7f11d3465000-7f11d347c000 r-xp 00000000 08:06 134868                     /lib/x86_64-linux-gnu/libresolv-2.19.so
7f11d347c000-7f11d367c000 ---p 00017000 08:06 134868                     /lib/x86_64-linux-gnu/libresolv-2.19.so
7f11d367c000-7f11d367d000 r--p 00017000 08:06 134868                     /lib/x86_64-linux-gnu/libresolv-2.19.so
7f11d367d000-7f11d367e000 rw-p 00018000 08:06 134868                     /lib/x86_64-linux-gnu/libresolv-2.19.so
7f11d367e000-7f11d3680000 rw-p 00000000 00:00 0 
7f11d3680000-7f11d36a0000 r-xp 00000000 08:06 135079                     /lib/x86_64-linux-gnu/libselinux.so.1
7f11d36a0000-7f11d389f000 ---p 00020000 08:06 135079                     /lib/x86_64-linux-gnu/libselinux.so.1
7f11d389f000-7f11d38a0000 r--p 0001f000 08:06 135079                     /lib/x86_64-linux-gnu/libselinux.so.1
7f11d38a0000-7f11d38a1000 rw-p 00020000 08:06 135079                     /lib/x86_64-linux-gnu/libselinux.so.1
7f11d38a1000-7f11d38a3000 rw-p 00000000 00:00 0 
7f11d38a3000-7f11d38a6000 r-xp 00000000 08:06 1439340                    /usr/lib/x86_64-linux-gnu/libgmodule-2.0.so.0.4002.0
7f11d38a6000-7f11d3aa5000 ---p 00003000 08:06 1439340                    /usr/lib/x86_64-linux-gnu/libgmodule-2.0.so.0.4002.0
7f11d3aa5000-7f11d3aa6000 r--p 00002000 08:06 1439340                    /usr/lib/x86_64-linux-gnu/libgmodule-2.0.so.0.4002.0
7f11d3aa6000-7f11d3aa7000 rw-p 00003000 08:06 1439340                    /usr/lib/x86_64-linux-gnu/libgmodule-2.0.so.0.4002.0
7f11d3aa7000-7f11d3bad000 r-xp 00000000 08:06 134871                     /lib/x86_64-linux-gnu/libglib-2.0.so.0.4002.0
7f11d3bad000-7f11d3dac000 ---p 00106000 08:06 134871                     /lib/x86_64-linux-gnu/libglib-2.0.so.0.4002.0
7f11d3dac000-7f11d3dad000 r--p 00105000 08:06 134871                     /lib/x86_64-linux-gnu/libglib-2.0.so.0.4002.0
7f11d3dad000-7f11d3dae000 rw-p 00106000 08:06 134871                     /lib/x86_64-linux-gnu/libglib-2.0.so.0.4002.0
7f11d3dae000-7f11d3daf000 rw-p 00000000 00:00 0 
7f11d3daf000-7f11d3dfe000 r-xp 00000000 08:06 1439358                    /usr/lib/x86_64-linux-gnu/libgobject-2.0.so.0.4002.0
7f11d3dfe000-7f11d3ffe000 ---p 0004f000 08:06 1439358                    /usr/lib/x86_64-linux-gnu/libgobject-2.0.so.0.4002.0
7f11d3ffe000-7f11d3fff000 r--p 0004f000 08:06 1439358                    /usr/lib/x86_64-linux-gnu/libgobject-2.0.so.0.4002.0
7f11d3fff000-7f11d4000000 rw-p 00050000 08:06 1439358                    /usr/lib/x86_64-linux-gnu/libgobject-2.0.so.0.4002.0
7f11d4000000-7f11d5a8f000 rw-p 00000000 00:00 0 
7f11d5a8f000-7f11d8000000 ---p 00000000 00:00 0 
7f11d8000000-7f11d8021000 rw-p 00000000 00:00 0 
7f11d8021000-7f11dc000000 ---p 00000000 00:00 0 
7f11dc000000-7f11dc021000 rw-p 00000000 00:00 0 
7f11dc021000-7f11e0000000 ---p 00000000 00:00 0 
7f11e0000000-7f11e152c000 rw-p 00000000 00:00 0 
7f11e152c000-7f11e4000000 ---p 00000000 00:00 0 
7f11e4000000-7f11e4021000 rw-p 00000000 00:00 0 
7f11e4021000-7f11e8000000 ---p 00000000 00:00 0 
7f11e8000000-7f11e8021000 rw-p 00000000 00:00 0 
7f11e8021000-7f11ec000000 ---p 00000000 00:00 0 
7f11ec000000-7f11ec021000 rw-p 00000000 00:00 0 
7f11ec021000-7f11f0000000 ---p 00000000 00:00 0 
7f11f0000000-7f11f0021000 rw-p 00000000 00:00 0 
7f11f0021000-7f11f4000000 ---p 00000000 00:00 0 
7f11f4000000-7f11f4021000 rw-p 00000000 00:00 0 
7f11f4021000-7f11f8000000 ---p 00000000 00:00 0 
7f11f8000000-7f11f8021000 rw-p 00000000 00:00 0 
7f11f8021000-7f11fc000000 ---p 00000000 00:00 0 
7f11fc000000-7f11fc021000 rw-p 00000000 00:00 0 
7f11fc021000-7f1200000000 ---p 00000000 00:00 0 
7f1200073000-7f12000a4000 rw-p 00000000 00:00 0 
7f12000a4000-7f1200210000 r-xp 00000000 08:06 1439362                    /usr/lib/x86_64-linux-gnu/libgio-2.0.so.0.4002.0
7f1200210000-7f120040f000 ---p 0016c000 08:06 1439362                    /usr/lib/x86_64-linux-gnu/libgio-2.0.so.0.4002.0
7f120040f000-7f1200413000 r--p 0016b000 08:06 1439362                    /usr/lib/x86_64-linux-gnu/libgio-2.0.so.0.4002.0
7f1200413000-7f1200415000 rw-p 0016f000 08:06 1439362                    /usr/lib/x86_64-linux-gnu/libgio-2.0.so.0.4002.0
7f1200415000-7f1200417000 rw-p 00000000 00:00 0 
7f1200434000-7f120044b000 r-xp 00000000 08:06 1489830                    /usr/lib/jvm/java-7-openjdk-amd64/jre/lib/amd64/libnet.so
7f120044b000-7f120064a000 ---p 00017000 08:06 1489830                    /usr/lib/jvm/java-7-openjdk-amd64/jre/lib/amd64/libnet.so
7f120064a000-7f120064b000 r--p 00016000 08:06 1489830                    /usr/lib/jvm/java-7-openjdk-amd64/jre/lib/amd64/libnet.so
7f120064b000-7f120064c000 rw-p 00017000 08:06 1489830                    /usr/lib/jvm/java-7-openjdk-amd64/jre/lib/amd64/libnet.so
7f120064c000-7f120065c000 r-xp 00000000 08:06 1489812                    /usr/lib/jvm/java-7-openjdk-amd64/jre/lib/amd64/libnio.so
7f120065c000-7f120085c000 ---p 00010000 08:06 1489812                    /usr/lib/jvm/java-7-openjdk-amd64/jre/lib/amd64/libnio.so
7f120085c000-7f120085d000 r--p 00010000 08:06 1489812                    /usr/lib/jvm/java-7-openjdk-amd64/jre/lib/amd64/libnio.so
7f120085d000-7f120085e000 rw-p 00011000 08:06 1489812                    /usr/lib/jvm/java-7-openjdk-amd64/jre/lib/amd64/libnio.so
7f120085e000-7f1200874000 r--s 000f0000 08:06 3245289                    /home/tulin/AndroidStudioProjects/CamApp/app/build/intermediates/exploded-aar/com.android.support/support-v4/23.2.0/jars/classes.jar
7f1200874000-7f1200875000 ---p 00000000 00:00 0 
7f1200875000-7f1200975000 rw-p 00000000 00:00 0                          [stack:3811]
7f1200975000-7f1200978000 ---p 00000000 00:00 0 
7f1200978000-7f1200a76000 rw-p 00000000 00:00 0                          [stack:3810]
7f1200a76000-7f1200a79000 ---p 00000000 00:00 0 
7f1200a79000-7f1200b77000 rw-p 00000000 00:00 0                          [stack:3809]
7f1200b77000-7f1200b7a000 ---p 00000000 00:00 0 
7f1200b7a000-7f1200c78000 rw-p 00000000 00:00 0                          [stack:3808]
7f1200c78000-7f1200c7b000 ---p 00000000 00:00 0 
7f1200c7b000-7f1200d79000 rw-p 00000000 00:00 0                          [stack:3807]
7f1200d79000-7f12015cb000 r--p 00000000 08:06 1447082                    /usr/lib/locale/locale-archive
7f12015cb000-7f12015ce000 ---p 00000000 00:00 0 
7f12015ce000-7f12016cc000 rw-p 00000000 00:00 0                          [stack:3798]
7f12016cc000-7f12016cf000 ---p 00000000 00:00 0 
7f12016cf000-7f12017cd000 rw-p 00000000 00:00 0                          [stack:3795]
7f12017cd000-7f12017ce000 ---p 00000000 00:00 0 
7f12017ce000-7f1204000000 rw-p 00000000 00:00 0                          [stack:3794]
7f1204000000-7f1204021000 rw-p 00000000 00:00 0 
7f1204021000-7f1208000000 ---p 00000000 00:00 0 
7f1208010000-7f120801f000 r--s 000df000 08:06 3216701                    /home/tulin/Android/Sdk/build-tools/23.0.2/lib/dx.jar
7f120801f000-7f1208dd8000 rw-p 00000000 00:00 0 
7f1208dd8000-7f1208f8a000 r--s 01d2f000 08:06 1489796                    /usr/lib/jvm/java-7-openjdk-amd64/jre/lib/rt.jar
7f1208f8a000-7f1209000000 rw-p 00000000 00:00 0 
7f1209000000-7f1209270000 rwxp 00000000 00:00 0 
7f1209270000-7f120c1cd000 rw-p 00000000 00:00 0 
7f120c1cd000-7f1210000000 ---p 00000000 00:00 0 
7f1210000000-7f1210003000 r--s 0000f000 08:06 1489840                    /usr/lib/jvm/java-7-openjdk-amd64/jre/lib/ext/icedtea-sound.jar
7f1210003000-7f121031b000 rw-p 00000000 00:00 0 
7f121031b000-7f121031c000 ---p 00000000 00:00 0 
7f121031c000-7f121041c000 rw-p 00000000 00:00 0                          [stack:3788]
7f121041c000-7f121041d000 ---p 00000000 00:00 0 
7f121041d000-7f121051d000 rw-p 00000000 00:00 0                          [stack:3787]
7f121051d000-7f121051e000 ---p 00000000 00:00 0 
7f121051e000-7f121061e000 rw-p 00000000 00:00 0                          [stack:3786]
7f121061e000-7f121061f000 ---p 00000000 00:00 0 
7f121061f000-7f121072a000 rw-p 00000000 00:00 0                          [stack:3785]
7f121072a000-7f1210772000 rw-p 00000000 00:00 0 
7f1210772000-7f1210786000 rw-p 00000000 00:00 0 
7f1210786000-7f12108c8000 rw-p 00000000 00:00 0 
7f12108c8000-7f12108d3000 rw-p 00000000 00:00 0 
7f12108d3000-7f121091b000 rw-p 00000000 00:00 0 
7f121091b000-7f121092f000 rw-p 00000000 00:00 0 
7f121092f000-7f1210a70000 rw-p 00000000 00:00 0 
7f1210a70000-7f1210ac1000 rw-p 00000000 00:00 0 
7f1210ac1000-7f1210b1b000 rw-p 00000000 00:00 0 
7f1210b1b000-7f1210b1c000 rw-p 00000000 00:00 0 
7f1210b1c000-7f1210b24000 r-xp 00000000 08:06 1489805                    /usr/lib/jvm/java-7-openjdk-amd64/jre/lib/amd64/libzip.so
7f1210b24000-7f1210d23000 ---p 00008000 08:06 1489805                    /usr/lib/jvm/java-7-openjdk-amd64/jre/lib/amd64/libzip.so
7f1210d23000-7f1210d24000 r--p 00007000 08:06 1489805                    /usr/lib/jvm/java-7-openjdk-amd64/jre/lib/amd64/libzip.so
7f1210d24000-7f1210d25000 rw-p 00008000 08:06 1489805                    /usr/lib/jvm/java-7-openjdk-amd64/jre/lib/amd64/libzip.so
7f1210d25000-7f1210d30000 r-xp 00000000 08:06 184225                     /lib/x86_64-linux-gnu/libnss_files-2.19.so
7f1210d30000-7f1210f2f000 ---p 0000b000 08:06 184225                     /lib/x86_64-linux-gnu/libnss_files-2.19.so
7f1210f2f000-7f1210f30000 r--p 0000a000 08:06 184225                     /lib/x86_64-linux-gnu/libnss_files-2.19.so
7f1210f30000-7f1210f31000 rw-p 0000b000 08:06 184225                     /lib/x86_64-linux-gnu/libnss_files-2.19.so
7f1210f31000-7f1210f3c000 r-xp 00000000 08:06 145746                     /lib/x86_64-linux-gnu/libnss_nis-2.19.so
7f1210f3c000-7f121113b000 ---p 0000b000 08:06 145746                     /lib/x86_64-linux-gnu/libnss_nis-2.19.so
7f121113b000-7f121113c000 r--p 0000a000 08:06 145746                     /lib/x86_64-linux-gnu/libnss_nis-2.19.so
7f121113c000-7f121113d000 rw-p 0000b000 08:06 145746                     /lib/x86_64-linux-gnu/libnss_nis-2.19.so
7f121113d000-7f1211154000 r-xp 00000000 08:06 145742                     /lib/x86_64-linux-gnu/libnsl-2.19.so
7f1211154000-7f1211353000 ---p 00017000 08:06 145742                     /lib/x86_64-linux-gnu/libnsl-2.19.so
7f1211353000-7f1211354000 r--p 00016000 08:06 145742                     /lib/x86_64-linux-gnu/libnsl-2.19.so
7f1211354000-7f1211355000 rw-p 00017000 08:06 145742                     /lib/x86_64-linux-gnu/libnsl-2.19.so
7f1211355000-7f1211357000 rw-p 00000000 00:00 0 
7f1211357000-7f1211360000 r-xp 00000000 08:06 145741                     /lib/x86_64-linux-gnu/libnss_compat-2.19.so
7f1211360000-7f121155f000 ---p 00009000 08:06 145741                     /lib/x86_64-linux-gnu/libnss_compat-2.19.so
7f121155f000-7f1211560000 r--p 00008000 08:06 145741                     /lib/x86_64-linux-gnu/libnss_compat-2.19.so
7f1211560000-7f1211561000 rw-p 00009000 08:06 145741                     /lib/x86_64-linux-gnu/libnss_compat-2.19.so
7f1211561000-7f121158c000 r-xp 00000000 08:06 1489826                    /usr/lib/jvm/java-7-openjdk-amd64/jre/lib/amd64/libjava.so
7f121158c000-7f121178c000 ---p 0002b000 08:06 1489826                    /usr/lib/jvm/java-7-openjdk-amd64/jre/lib/amd64/libjava.so
7f121178c000-7f121178d000 r--p 0002b000 08:06 1489826                    /usr/lib/jvm/java-7-openjdk-amd64/jre/lib/amd64/libjava.so
7f121178d000-7f121178f000 rw-p 0002c000 08:06 1489826                    /usr/lib/jvm/java-7-openjdk-amd64/jre/lib/amd64/libjava.so
7f121178f000-7f121179f000 r-xp 00000000 08:06 1489810                    /usr/lib/jvm/java-7-openjdk-amd64/jre/lib/amd64/libverify.so
7f121179f000-7f121199e000 ---p 00010000 08:06 1489810                    /usr/lib/jvm/java-7-openjdk-amd64/jre/lib/amd64/libverify.so
7f121199e000-7f12119a0000 r--p 0000f000 08:06 1489810                    /usr/lib/jvm/java-7-openjdk-amd64/jre/lib/amd64/libverify.so
7f12119a0000-7f12119a1000 rw-p 00011000 08:06 1489810                    /usr/lib/jvm/java-7-openjdk-amd64/jre/lib/amd64/libverify.so
7f12119a1000-7f12119a8000 r-xp 00000000 08:06 148472                     /lib/x86_64-linux-gnu/librt-2.19.so
7f12119a8000-7f1211ba7000 ---p 00007000 08:06 148472                     /lib/x86_64-linux-gnu/librt-2.19.so
7f1211ba7000-7f1211ba8000 r--p 00006000 08:06 148472                     /lib/x86_64-linux-gnu/librt-2.19.so
7f1211ba8000-7f1211ba9000 rw-p 00007000 08:06 148472                     /lib/x86_64-linux-gnu/librt-2.19.so
7f1211ba9000-7f1211bbf000 r-xp 00000000 08:06 131070                     /lib/x86_64-linux-gnu/libgcc_s.so.1
7f1211bbf000-7f1211dbe000 ---p 00016000 08:06 131070                     /lib/x86_64-linux-gnu/libgcc_s.so.1
7f1211dbe000-7f1211dbf000 rw-p 00015000 08:06 131070                     /lib/x86_64-linux-gnu/libgcc_s.so.1
7f1211dbf000-7f1211ec4000 r-xp 00000000 08:06 135048                     /lib/x86_64-linux-gnu/libm-2.19.so
7f1211ec4000-7f12120c3000 ---p 00105000 08:06 135048                     /lib/x86_64-linux-gnu/libm-2.19.so
7f12120c3000-7f12120c4000 r--p 00104000 08:06 135048                     /lib/x86_64-linux-gnu/libm-2.19.so
7f12120c4000-7f12120c5000 rw-p 00105000 08:06 135048                     /lib/x86_64-linux-gnu/libm-2.19.so
7f12120c5000-7f12121ab000 r-xp 00000000 08:06 1439330                    /usr/lib/x86_64-linux-gnu/libstdc++.so.6.0.19
7f12121ab000-7f12123aa000 ---p 000e6000 08:06 1439330                    /usr/lib/x86_64-linux-gnu/libstdc++.so.6.0.19
7f12123aa000-7f12123b2000 r--p 000e5000 08:06 1439330                    /usr/lib/x86_64-linux-gnu/libstdc++.so.6.0.19
7f12123b2000-7f12123b4000 rw-p 000ed000 08:06 1439330                    /usr/lib/x86_64-linux-gnu/libstdc++.so.6.0.19
7f12123b4000-7f12123c9000 rw-p 00000000 00:00 0 
7f12123c9000-7f1212eee000 r-xp 00000000 08:06 1489806                    /usr/lib/jvm/java-7-openjdk-amd64/jre/lib/amd64/server/libjvm.so
7f1212eee000-7f12130ee000 ---p 00b25000 08:06 1489806                    /usr/lib/jvm/java-7-openjdk-amd64/jre/lib/amd64/server/libjvm.so
7f12130ee000-7f1213188000 r--p 00b25000 08:06 1489806                    /usr/lib/jvm/java-7-openjdk-amd64/jre/lib/amd64/server/libjvm.so
7f1213188000-7f12131ab000 rw-p 00bbf000 08:06 1489806                    /usr/lib/jvm/java-7-openjdk-amd64/jre/lib/amd64/server/libjvm.so
7f12131ab000-7f12131d9000 rw-p 00000000 00:00 0 
7f12131d9000-7f12131f1000 r-xp 00000000 08:06 135112                     /lib/x86_64-linux-gnu/libz.so.1.2.8
7f12131f1000-7f12133f0000 ---p 00018000 08:06 135112                     /lib/x86_64-linux-gnu/libz.so.1.2.8
7f12133f0000-7f12133f1000 r--p 00017000 08:06 135112                     /lib/x86_64-linux-gnu/libz.so.1.2.8
7f12133f1000-7f12133f2000 rw-p 00018000 08:06 135112                     /lib/x86_64-linux-gnu/libz.so.1.2.8
7f12133f2000-7f121340b000 r-xp 00000000 08:06 145743                     /lib/x86_64-linux-gnu/libpthread-2.19.so
7f121340b000-7f121360a000 ---p 00019000 08:06 145743                     /lib/x86_64-linux-gnu/libpthread-2.19.so
7f121360a000-7f121360b000 r--p 00018000 08:06 145743                     /lib/x86_64-linux-gnu/libpthread-2.19.so
7f121360b000-7f121360c000 rw-p 00019000 08:06 145743                     /lib/x86_64-linux-gnu/libpthread-2.19.so
7f121360c000-7f1213610000 rw-p 00000000 00:00 0 
7f1213610000-7f1213613000 r-xp 00000000 08:06 145738                     /lib/x86_64-linux-gnu/libdl-2.19.so
7f1213613000-7f1213812000 ---p 00003000 08:06 145738                     /lib/x86_64-linux-gnu/libdl-2.19.so
7f1213812000-7f1213813000 r--p 00002000 08:06 145738                     /lib/x86_64-linux-gnu/libdl-2.19.so
7f1213813000-7f1213814000 rw-p 00003000 08:06 145738                     /lib/x86_64-linux-gnu/libdl-2.19.so
7f1213814000-7f12139cf000 r-xp 00000000 08:06 148473                     /lib/x86_64-linux-gnu/libc-2.19.so
7f12139cf000-7f1213bce000 ---p 001bb000 08:06 148473                     /lib/x86_64-linux-gnu/libc-2.19.so
7f1213bce000-7f1213bd2000 r--p 001ba000 08:06 148473                     /lib/x86_64-linux-gnu/libc-2.19.so
7f1213bd2000-7f1213bd4000 rw-p 001be000 08:06 148473                     /lib/x86_64-linux-gnu/libc-2.19.so
7f1213bd4000-7f1213bd9000 rw-p 00000000 00:00 0 
7f1213bd9000-7f1213be6000 r-xp 00000000 08:06 1489800                    /usr/lib/jvm/java-7-openjdk-amd64/jre/lib/amd64/jli/libjli.so
7f1213be6000-7f1213de5000 ---p 0000d000 08:06 1489800                    /usr/lib/jvm/java-7-openjdk-amd64/jre/lib/amd64/jli/libjli.so
7f1213de5000-7f1213de6000 r--p 0000c000 08:06 1489800                    /usr/lib/jvm/java-7-openjdk-amd64/jre/lib/amd64/jli/libjli.so
7f1213de6000-7f1213de7000 rw-p 0000d000 08:06 1489800                    /usr/lib/jvm/java-7-openjdk-amd64/jre/lib/amd64/jli/libjli.so
7f1213de7000-7f1213e0a000 r-xp 00000000 08:06 145744                     /lib/x86_64-linux-gnu/ld-2.19.so
7f1213e0c000-7f1213e2e000 rw-p 00000000 00:00 0 
7f1213e2e000-7f1213ee4000 rw-p 00000000 00:00 0 
7f1213ee4000-7f1213ee7000 ---p 00000000 00:00 0 
7f1213ee7000-7f1213fea000 rw-p 00000000 00:00 0                          [stack:3780]
7f1213feb000-7f1213fec000 rw-p 00000000 00:00 0 
7f1213fec000-7f1213fee000 r--s 00012000 08:06 1489837                    /usr/lib/jvm/java-7-openjdk-amd64/jre/lib/ext/zipfs.jar
7f1213fee000-7f1213fef000 r--s 00002000 08:06 1489839                    /usr/lib/jvm/java-7-openjdk-amd64/jre/lib/ext/dnsns.jar
7f1213fef000-7f1213ff1000 r--s 00006000 08:06 1840524                    /usr/share/java/java-atk-wrapper.jar
7f1213ff1000-7f1213ff5000 r--s 0003c000 08:06 1489838                    /usr/lib/jvm/java-7-openjdk-amd64/jre/lib/ext/sunpkcs11.jar
7f1213ff5000-7f1213ff9000 r--s 00034000 08:06 1489836                    /usr/lib/jvm/java-7-openjdk-amd64/jre/lib/ext/sunjce_provider.jar
7f1213ff9000-7f1213ffd000 r--s 00085000 08:06 1489835                    /usr/lib/jvm/java-7-openjdk-amd64/jre/lib/ext/localedata.jar
7f1213ffd000-7f1214005000 rw-s 00000000 08:06 1840111                    /tmp/hsperfdata_tulin/3777
7f1214005000-7f1214006000 rw-p 00000000 00:00 0 
7f1214006000-7f1214007000 ---p 00000000 00:00 0 
7f1214007000-7f1214009000 rw-p 00000000 00:00 0 
7f1214009000-7f121400a000 r--p 00022000 08:06 145744                     /lib/x86_64-linux-gnu/ld-2.19.so
7f121400a000-7f121400b000 rw-p 00023000 08:06 145744                     /lib/x86_64-linux-gnu/ld-2.19.so
7f121400b000-7f121400c000 rw-p 00000000 00:00 0 
7ffc8a912000-7ffc8a933000 rw-p 00000000 00:00 0                          [stack]
7ffc8a9bf000-7ffc8a9c1000 r-xp 00000000 00:00 0                          [vdso]
ffffffffff600000-ffffffffff601000 r-xp 00000000 00:00 0                  [vsyscall]

VM Arguments:
jvm_args: -Djava.awt.headless=true -Xmx1024M -Dfile.encoding=UTF-8 -Duser.country=US -Duser.language=en -Duser.variant 
java_command: com.android.dx.command.Main --dex --num-threads=4 --output /home/tulin/AndroidStudioProjects/CamApp/app/build/intermediates/pre-dexed/release/com.android.support-support-v4-23.2.0_4b1fd8c92292e56f5a1fba56278554e72cab954d.jar /home/tulin/AndroidStudioProjects/CamApp/app/build/intermediates/exploded-aar/com.android.support/support-v4/23.2.0/jars/classes.jar
Launcher Type: SUN_STANDARD

Environment Variables:
PATH=/usr/local/sbin:/usr/local/bin:/usr/sbin:/usr/bin:/sbin:/bin:/usr/games:/usr/local/games
SHELL=/bin/bash
DISPLAY=:0

Signal Handlers:
SIGSEGV: [libjvm.so+0x955bc0], sa_mask[0]=0x7ffbfeff, sa_flags=0x10000004
SIGBUS: [libjvm.so+0x955bc0], sa_mask[0]=0x7ffbfeff, sa_flags=0x10000004
SIGFPE: [libjvm.so+0x7caff0], sa_mask[0]=0x7ffbfeff, sa_flags=0x10000004
SIGPIPE: [libjvm.so+0x7caff0], sa_mask[0]=0x7ffbfeff, sa_flags=0x10000004
SIGXFSZ: [libjvm.so+0x7caff0], sa_mask[0]=0x7ffbfeff, sa_flags=0x10000004
SIGILL: [libjvm.so+0x7caff0], sa_mask[0]=0x7ffbfeff, sa_flags=0x10000004
SIGUSR1: SIG_DFL, sa_mask[0]=0x00000000, sa_flags=0x00000000
SIGUSR2: [libjvm.so+0x7cae90], sa_mask[0]=0x00000004, sa_flags=0x10000004
SIGHUP: [libjvm.so+0x7cb070], sa_mask[0]=0x7ffbfeff, sa_flags=0x10000004
SIGINT: [libjvm.so+0x7cb070], sa_mask[0]=0x7ffbfeff, sa_flags=0x10000004
SIGTERM: [libjvm.so+0x7cb070], sa_mask[0]=0x7ffbfeff, sa_flags=0x10000004
SIGQUIT: [libjvm.so+0x7cb070], sa_mask[0]=0x7ffbfeff, sa_flags=0x10000004
SIGTRAP: SIG_DFL, sa_mask[0]=0x00000000, sa_flags=0x00000000


---------------  S Y S T E M  ---------------

OS:Ubuntu 14.04 (trusty)
uname:Linux 3.13.0-79-generic #123-Ubuntu SMP Fri Feb 19 14:27:58 UTC 2016 x86_64
libc:glibc 2.19 NPTL 2.19 
rlimit: STACK 8192k, CORE 0k, NPROC 30460, NOFILE 4096, AS infinity
load average:13,46 4,95 2,20

/proc/meminfo:
MemTotal:        3946988 kB
MemFree:          155084 kB
Buffers:            1200 kB
Cached:           353744 kB
SwapCached:            0 kB
Active:          3289296 kB
Inactive:         325860 kB
Active(anon):    3262576 kB
Inactive(anon):   306352 kB
Active(file):      26720 kB
Inactive(file):    19508 kB
Unevictable:          32 kB
Mlocked:              32 kB
SwapTotal:             0 kB
SwapFree:              0 kB
Dirty:               556 kB
Writeback:             0 kB
AnonPages:       3260348 kB
Mapped:           165136 kB
Shmem:            308556 kB
Slab:              72348 kB
SReclaimable:      36592 kB
SUnreclaim:        35756 kB
KernelStack:        5848 kB
PageTables:        39696 kB
NFS_Unstable:          0 kB
Bounce:                0 kB
WritebackTmp:          0 kB
CommitLimit:     1973492 kB
Committed_AS:    8401756 kB
VmallocTotal:   34359738367 kB
VmallocUsed:      352568 kB
VmallocChunk:   34359367024 kB
HardwareCorrupted:     0 kB
AnonHugePages:   1101824 kB
HugePages_Total:       0
HugePages_Free:        0
HugePages_Rsvd:        0
HugePages_Surp:        0
Hugepagesize:       2048 kB
DirectMap4k:       70688 kB
DirectMap2M:     4024320 kB


CPU:total 4 (2 cores per cpu, 2 threads per core) family 6 model 42 stepping 7, cmov, cx8, fxsr, mmx, sse, sse2, sse3, ssse3, sse4.1, sse4.2, popcnt, avx, aes, ht, tsc, tscinvbit

/proc/cpuinfo:
processor	: 0
vendor_id	: GenuineIntel
cpu family	: 6
model		: 42
model name	: Intel(R) Core(TM) i5-2557M CPU @ 1.70GHz
stepping	: 7
microcode	: 0x1a
cpu MHz		: 1701.000
cache size	: 3072 KB
physical id	: 0
siblings	: 4
core id		: 0
cpu cores	: 2
apicid		: 0
initial apicid	: 0
fpu		: yes
fpu_exception	: yes
cpuid level	: 13
wp		: yes
flags		: fpu vme de pse tsc msr pae mce cx8 apic sep mtrr pge mca cmov pat pse36 clflush dts acpi mmx fxsr sse sse2 ss ht tm pbe syscall nx rdtscp lm constant_tsc arch_perfmon pebs bts rep_good nopl xtopology nonstop_tsc aperfmperf eagerfpu pni pclmulqdq dtes64 monitor ds_cpl vmx smx est tm2 ssse3 cx16 xtpr pdcm pcid sse4_1 sse4_2 x2apic popcnt tsc_deadline_timer aes xsave avx lahf_lm ida arat epb xsaveopt pln pts dtherm tpr_shadow vnmi flexpriority ept vpid
bogomips	: 3392.39
clflush size	: 64
cache_alignment	: 64
address sizes	: 36 bits physical, 48 bits virtual
power management:

processor	: 1
vendor_id	: GenuineIntel
cpu family	: 6
model		: 42
model name	: Intel(R) Core(TM) i5-2557M CPU @ 1.70GHz
stepping	: 7
microcode	: 0x1a
cpu MHz		: 1701.000
cache size	: 3072 KB
physical id	: 0
siblings	: 4
core id		: 1
cpu cores	: 2
apicid		: 2
initial apicid	: 2
fpu		: yes
fpu_exception	: yes
cpuid level	: 13
wp		: yes
flags		: fpu vme de pse tsc msr pae mce cx8 apic sep mtrr pge mca cmov pat pse36 clflush dts acpi mmx fxsr sse sse2 ss ht tm pbe syscall nx rdtscp lm constant_tsc arch_perfmon pebs bts rep_good nopl xtopology nonstop_tsc aperfmperf eagerfpu pni pclmulqdq dtes64 monitor ds_cpl vmx smx est tm2 ssse3 cx16 xtpr pdcm pcid sse4_1 sse4_2 x2apic popcnt tsc_deadline_timer aes xsave avx lahf_lm ida arat epb xsaveopt pln pts dtherm tpr_shadow vnmi flexpriority ept vpid
bogomips	: 3392.39
clflush size	: 64
cache_alignment	: 64
address sizes	: 36 bits physical, 48 bits virtual
power management:

processor	: 2
vendor_id	: GenuineIntel
cpu family	: 6
model		: 42
model name	: Intel(R) Core(TM) i5-2557M CPU @ 1.70GHz
stepping	: 7
microcode	: 0x1a
cpu MHz		: 1701.000
cache size	: 3072 KB
physical id	: 0
siblings	: 4
core id		: 0
cpu cores	: 2
apicid		: 1
initial apicid	: 1
fpu		: yes
fpu_exception	: yes
cpuid level	: 13
wp		: yes
flags		: fpu vme de pse tsc msr pae mce cx8 apic sep mtrr pge mca cmov pat pse36 clflush dts acpi mmx fxsr sse sse2 ss ht tm pbe syscall nx rdtscp lm constant_tsc arch_perfmon pebs bts rep_good nopl xtopology nonstop_tsc aperfmperf eagerfpu pni pclmulqdq dtes64 monitor ds_cpl vmx smx est tm2 ssse3 cx16 xtpr pdcm pcid sse4_1 sse4_2 x2apic popcnt tsc_deadline_timer aes xsave avx lahf_lm ida arat epb xsaveopt pln pts dtherm tpr_shadow vnmi flexpriority ept vpid
bogomips	: 3392.39
clflush size	: 64
cache_alignment	: 64
address sizes	: 36 bits physical, 48 bits virtual
power management:

processor	: 3
vendor_id	: GenuineIntel
cpu family	: 6
model		: 42
model name	: Intel(R) Core(TM) i5-2557M CPU @ 1.70GHz
stepping	: 7
microcode	: 0x1a
cpu MHz		: 1701.000
cache size	: 3072 KB
physical id	: 0
siblings	: 4
core id		: 1
cpu cores	: 2
apicid		: 3
initial apicid	: 3
fpu		: yes
fpu_exception	: yes
cpuid level	: 13
wp		: yes
flags		: fpu vme de pse tsc msr pae mce cx8 apic sep mtrr pge mca cmov pat pse36 clflush dts acpi mmx fxsr sse sse2 ss ht tm pbe syscall nx rdtscp lm constant_tsc arch_perfmon pebs bts rep_good nopl xtopology nonstop_tsc aperfmperf eagerfpu pni pclmulqdq dtes64 monitor ds_cpl vmx smx est tm2 ssse3 cx16 xtpr pdcm pcid sse4_1 sse4_2 x2apic popcnt tsc_deadline_timer aes xsave avx lahf_lm ida arat epb xsaveopt pln pts dtherm tpr_shadow vnmi flexpriority ept vpid
bogomips	: 3392.39
clflush size	: 64
cache_alignment	: 64
address sizes	: 36 bits physical, 48 bits virtual
power management:



Memory: 4k page, physical 3946988k(155084k free), swap 0k(0k free)

vm_info: OpenJDK 64-Bit Server VM (24.95-b01) for linux-amd64 JRE (1.7.0_95-b00), built on Jan 21 2016 03:31:40 by "buildd" with gcc 4.8.4

time: Wed Apr  6 13:51:07 2016
elapsed time: 37 seconds

