#
# There is insufficient memory for the Java Runtime Environment to continue.
# Native memory allocation (malloc) failed to allocate 87556096 bytes for committing reserved memory.
# Possible reasons:
#   The system is out of physical RAM or swap space
#   In 32 bit mode, the process size limit was hit
# Possible solutions:
#   Reduce memory load on the system
#   Increase physical memory or swap space
#   Check if swap backing store is full
#   Use 64 bit Java on a 64 bit OS
#   Decrease Java heap size (-Xmx/-Xms)
#   Decrease number of Java threads
#   Decrease Java thread stack sizes (-Xss)
#   Set larger code cache with -XX:ReservedCodeCacheSize=
# This output file may be truncated or incomplete.
#
#  Out of Memory Error (os_linux.cpp:2827), pid=6398, tid=140515829724928
#
# JRE version: OpenJDK Runtime Environment (7.0_95) (build 1.7.0_95-b00)
# Java VM: OpenJDK 64-Bit Server VM (24.95-b01 mixed mode linux-amd64 compressed oops)
# Derivative: IcedTea 2.6.4
# Distribution: Ubuntu 14.04.3 LTS, package 7u95-2.6.4-0ubuntu0.14.04.1
# Failed to write core dump. Core dumps have been disabled. To enable core dumping, try "ulimit -c unlimited" before starting Java again
#

---------------  T H R E A D  ---------------

Current thread (0x00007fcc6c076000):  VMThread [stack: 0x00007fcc640db000,0x00007fcc641dc000] [id=6418]

Stack: [0x00007fcc640db000,0x00007fcc641dc000],  sp=0x00007fcc641da490,  free space=1021k
Native frames: (J=compiled Java code, j=interpreted, Vv=VM code, C=native code)
V  [libjvm.so+0x9550e5]
V  [libjvm.so+0x4902b4]
V  [libjvm.so+0x7cf7bb]
V  [libjvm.so+0x7ca28f]
V  [libjvm.so+0x83e56b]
V  [libjvm.so+0x83f3e0]
V  [libjvm.so+0x83facb]
V  [libjvm.so+0x83b4d8]
V  [libjvm.so+0x83bd48]
V  [libjvm.so+0x7f1fd3]
V  [libjvm.so+0x956ae4]
V  [libjvm.so+0x95abe7]
V  [libjvm.so+0x9596a8]
V  [libjvm.so+0x959b09]
V  [libjvm.so+0x959f52]
V  [libjvm.so+0x7cc682]

VM_Operation (0x00007fcc4d523020): ParallelGCFailedAllocation, mode: safepoint, requested by thread 0x00007fcc6c1ad000


---------------  P R O C E S S  ---------------

Java Threads: ( => current thread )
  0x00007fcc6c1ad000 JavaThread "pool-1-thread-4" [_thread_blocked, id=6477, stack(0x00007fcc4d424000,0x00007fcc4d525000)]
  0x00007fcc6c1ab800 JavaThread "pool-1-thread-3" [_thread_blocked, id=6476, stack(0x00007fcc4d525000,0x00007fcc4d626000)]
  0x00007fcc6c1aa000 JavaThread "pool-1-thread-2" [_thread_blocked, id=6475, stack(0x00007fcc4d626000,0x00007fcc4d727000)]
  0x00007fcc6c19d000 JavaThread "pool-2-thread-1" [_thread_blocked, id=6474, stack(0x00007fcc4d727000,0x00007fcc4d828000)]
  0x00007fcc6c19b000 JavaThread "pool-1-thread-1" [_thread_blocked, id=6469, stack(0x00007fcc4d828000,0x00007fcc4d929000)]
  0x00007fcc6c0b2000 JavaThread "Service Thread" daemon [_thread_blocked, id=6441, stack(0x00007fcc4f1a8000,0x00007fcc4f2a9000)]
  0x00007fcc6c0af800 JavaThread "C2 CompilerThread1" daemon [_thread_in_native, id=6440, stack(0x00007fcc4f2a9000,0x00007fcc4f3aa000)]
  0x00007fcc6c0ac800 JavaThread "C2 CompilerThread0" daemon [_thread_blocked, id=6439, stack(0x00007fcc4f3aa000,0x00007fcc4f4ab000)]
  0x00007fcc6c0aa800 JavaThread "Signal Dispatcher" daemon [_thread_blocked, id=6438, stack(0x00007fcc4f4ab000,0x00007fcc4f5ac000)]
  0x00007fcc6c07c000 JavaThread "Finalizer" daemon [_thread_blocked, id=6425, stack(0x00007fcc4fdfe000,0x00007fcc4feff000)]
  0x00007fcc6c07a000 JavaThread "Reference Handler" daemon [_thread_blocked, id=6421, stack(0x00007fcc4feff000,0x00007fcc50000000)]
  0x00007fcc6c00a800 JavaThread "main" [_thread_blocked, id=6406, stack(0x00007fcc727ed000,0x00007fcc728ee000)]

Other Threads:
=>0x00007fcc6c076000 VMThread [stack: 0x00007fcc640db000,0x00007fcc641dc000] [id=6418]
  0x00007fcc6c0bc800 WatcherThread [stack: 0x00007fcc4f0a7000,0x00007fcc4f1a8000] [id=6447]

VM state:at safepoint (normal execution)

VM Mutex/Monitor currently owned by a thread:  ([mutex/lock_event])
[0x00007fcc6c006990] Threads_lock - owner thread: 0x00007fcc6c076000
[0x00007fcc6c006e90] Heap_lock - owner thread: 0x00007fcc6c1ad000

Heap
 PSYoungGen      total 141312K, used 21488K [0x00000000eaa80000, 0x00000000f4e80000, 0x0000000100000000)
  eden space 119808K, 0% used [0x00000000eaa80000,0x00000000eaa80000,0x00000000f1f80000)
  from space 21504K, 99% used [0x00000000f1f80000,0x00000000f347c3b0,0x00000000f3480000)
  to   space 16384K, 0% used [0x00000000f3480000,0x00000000f3480000,0x00000000f4480000)
 ParOldGen       total 40960K, used 37910K [0x00000000c0000000, 0x00000000c2800000, 0x00000000eaa80000)
  object space 40960K, 92% used [0x00000000c0000000,0x00000000c2505bd8,0x00000000c2800000)
 PSPermGen       total 21504K, used 6373K [0x00000000b5a00000, 0x00000000b6f00000, 0x00000000c0000000)
  object space 21504K, 29% used [0x00000000b5a00000,0x00000000b6039410,0x00000000b6f00000)

Card table byte_map: [0x00007fcc68139000,0x00007fcc6838d000] byte_map_base: 0x00007fcc67b8c000

Polling page: 0x00007fcc7290e000

Code Cache  [0x00007fcc6838d000, 0x00007fcc685fd000, 0x00007fcc6b38d000)
 total_blobs=654 nmethods=423 adapters=184 free_code_cache=47416Kb largest_free_block=48489088

Compilation events (10 events):
Event: 29,746 Thread 0x00007fcc6c0ac800 nmethod 434 0x00007fcc6847e2d0 code [0x00007fcc6847e420, 0x00007fcc6847e518]
Event: 29,746 Thread 0x00007fcc6c0ac800  435             java.util.Collections$UnmodifiableRandomAccessList::<init> (6 bytes)
Event: 29,747 Thread 0x00007fcc6c0ac800 nmethod 435 0x00007fcc68478b50 code [0x00007fcc68478c80, 0x00007fcc68478d18]
Event: 29,747 Thread 0x00007fcc6c0ac800  436             java.util.Collections$UnmodifiableList::<init> (11 bytes)
Event: 29,748 Thread 0x00007fcc6c0ac800 nmethod 436 0x00007fcc684803d0 code [0x00007fcc68480500, 0x00007fcc68480598]
Event: 29,748 Thread 0x00007fcc6c0ac800  437             com.android.dx.util.BitIntSet::has (28 bytes)
Event: 29,749 Thread 0x00007fcc6c0ac800 nmethod 437 0x00007fcc684800d0 code [0x00007fcc68480220, 0x00007fcc684802d8]
Event: 29,749 Thread 0x00007fcc6c0ac800  438             com.android.dx.ssa.SsaRenamer$BlockRenamer$RenamingMapper::map (28 bytes)
Event: 29,767 Thread 0x00007fcc6c0ac800 nmethod 438 0x00007fcc6847fcd0 code [0x00007fcc6847fe20, 0x00007fcc6847ff28]
Event: 29,767 Thread 0x00007fcc6c0ac800  439             com.android.dx.ssa.SsaConverter::edgeSplitMoveExceptionsAndResults (157 bytes)

GC Heap History (10 events):
Event: 4,467 GC heap after
Heap after GC invocations=4 (full 0):
 PSYoungGen      total 34304K, used 2548K [0x00000000eaa80000, 0x00000000ece80000, 0x0000000100000000)
  eden space 31744K, 0% used [0x00000000eaa80000,0x00000000eaa80000,0x00000000ec980000)
  from space 2560K, 99% used [0x00000000ecc00000,0x00000000ece7d338,0x00000000ece80000)
  to   space 2560K, 0% used [0x00000000ec980000,0x00000000ec980000,0x00000000ecc00000)
 ParOldGen       total 40960K, used 7581K [0x00000000c0000000, 0x00000000c2800000, 0x00000000eaa80000)
  object space 40960K, 18% used [0x00000000c0000000,0x00000000c07674d0,0x00000000c2800000)
 PSPermGen       total 21504K, used 6151K [0x00000000b5a00000, 0x00000000b6f00000, 0x00000000c0000000)
  object space 21504K, 28% used [0x00000000b5a00000,0x00000000b6001e18,0x00000000b6f00000)
}
Event: 6,785 GC heap before
{Heap before GC invocations=5 (full 0):
 PSYoungGen      total 34304K, used 34292K [0x00000000eaa80000, 0x00000000ece80000, 0x0000000100000000)
  eden space 31744K, 100% used [0x00000000eaa80000,0x00000000ec980000,0x00000000ec980000)
  from space 2560K, 99% used [0x00000000ecc00000,0x00000000ece7d338,0x00000000ece80000)
  to   space 2560K, 0% used [0x00000000ec980000,0x00000000ec980000,0x00000000ecc00000)
 ParOldGen       total 40960K, used 7581K [0x00000000c0000000, 0x00000000c2800000, 0x00000000eaa80000)
  object space 40960K, 18% used [0x00000000c0000000,0x00000000c07674d0,0x00000000c2800000)
 PSPermGen       total 21504K, used 6206K [0x00000000b5a00000, 0x00000000b6f00000, 0x00000000c0000000)
  object space 21504K, 28% used [0x00000000b5a00000,0x00000000b600f9a8,0x00000000b6f00000)
Event: 6,858 GC heap after
Heap after GC invocations=5 (full 0):
 PSYoungGen      total 34304K, used 2543K [0x00000000eaa80000, 0x00000000efc80000, 0x0000000100000000)
  eden space 31744K, 0% used [0x00000000eaa80000,0x00000000eaa80000,0x00000000ec980000)
  from space 2560K, 99% used [0x00000000ec980000,0x00000000ecbfbf68,0x00000000ecc00000)
  to   space 10240K, 0% used [0x00000000ef280000,0x00000000ef280000,0x00000000efc80000)
 ParOldGen       total 40960K, used 13513K [0x00000000c0000000, 0x00000000c2800000, 0x00000000eaa80000)
  object space 40960K, 32% used [0x00000000c0000000,0x00000000c0d32458,0x00000000c2800000)
 PSPermGen       total 21504K, used 6206K [0x00000000b5a00000, 0x00000000b6f00000, 0x00000000c0000000)
  object space 21504K, 28% used [0x00000000b5a00000,0x00000000b600f9a8,0x00000000b6f00000)
}
Event: 9,710 GC heap before
{Heap before GC invocations=6 (full 0):
 PSYoungGen      total 34304K, used 34287K [0x00000000eaa80000, 0x00000000efc80000, 0x0000000100000000)
  eden space 31744K, 100% used [0x00000000eaa80000,0x00000000ec980000,0x00000000ec980000)
  from space 2560K, 99% used [0x00000000ec980000,0x00000000ecbfbf68,0x00000000ecc00000)
  to   space 10240K, 0% used [0x00000000ef280000,0x00000000ef280000,0x00000000efc80000)
 ParOldGen       total 40960K, used 13513K [0x00000000c0000000, 0x00000000c2800000, 0x00000000eaa80000)
  object space 40960K, 32% used [0x00000000c0000000,0x00000000c0d32458,0x00000000c2800000)
 PSPermGen       total 21504K, used 6225K [0x00000000b5a00000, 0x00000000b6f00000, 0x00000000c0000000)
  object space 21504K, 28% used [0x00000000b5a00000,0x00000000b60144f0,0x00000000b6f00000)
Event: 9,799 GC heap after
Heap after GC invocations=6 (full 0):
 PSYoungGen      total 72704K, used 7823K [0x00000000eaa80000, 0x00000000efe80000, 0x0000000100000000)
  eden space 62464K, 0% used [0x00000000eaa80000,0x00000000eaa80000,0x00000000ee780000)
  from space 10240K, 76% used [0x00000000ef280000,0x00000000efa23f68,0x00000000efc80000)
  to   space 11264K, 0% used [0x00000000ee780000,0x00000000ee780000,0x00000000ef280000)
 ParOldGen       total 40960K, used 13513K [0x00000000c0000000, 0x00000000c2800000, 0x00000000eaa80000)
  object space 40960K, 32% used [0x00000000c0000000,0x00000000c0d32458,0x00000000c2800000)
 PSPermGen       total 21504K, used 6225K [0x00000000b5a00000, 0x00000000b6f00000, 0x00000000c0000000)
  object space 21504K, 28% used [0x00000000b5a00000,0x00000000b60144f0,0x00000000b6f00000)
}
Event: 16,714 GC heap before
{Heap before GC invocations=7 (full 0):
 PSYoungGen      total 72704K, used 70287K [0x00000000eaa80000, 0x00000000efe80000, 0x0000000100000000)
  eden space 62464K, 100% used [0x00000000eaa80000,0x00000000ee780000,0x00000000ee780000)
  from space 10240K, 76% used [0x00000000ef280000,0x00000000efa23f68,0x00000000efc80000)
  to   space 11264K, 0% used [0x00000000ee780000,0x00000000ee780000,0x00000000ef280000)
 ParOldGen       total 40960K, used 13513K [0x00000000c0000000, 0x00000000c2800000, 0x00000000eaa80000)
  object space 40960K, 32% used [0x00000000c0000000,0x00000000c0d32458,0x00000000c2800000)
 PSPermGen       total 21504K, used 6271K [0x00000000b5a00000, 0x00000000b6f00000, 0x00000000c0000000)
  object space 21504K, 29% used [0x00000000b5a00000,0x00000000b601fe20,0x00000000b6f00000)
Event: 16,900 GC heap after
Heap after GC invocations=7 (full 0):
 PSYoungGen      total 73728K, used 11234K [0x00000000eaa80000, 0x00000000f4480000, 0x0000000100000000)
  eden space 62464K, 0% used [0x00000000eaa80000,0x00000000eaa80000,0x00000000ee780000)
  from space 11264K, 99% used [0x00000000ee780000,0x00000000ef278910,0x00000000ef280000)
  to   space 16384K, 0% used [0x00000000f3480000,0x00000000f3480000,0x00000000f4480000)
 ParOldGen       total 40960K, used 19439K [0x00000000c0000000, 0x00000000c2800000, 0x00000000eaa80000)
  object space 40960K, 47% used [0x00000000c0000000,0x00000000c12fbc30,0x00000000c2800000)
 PSPermGen       total 21504K, used 6271K [0x00000000b5a00000, 0x00000000b6f00000, 0x00000000c0000000)
  object space 21504K, 29% used [0x00000000b5a00000,0x00000000b601fe20,0x00000000b6f00000)
}
Event: 22,514 GC heap before
{Heap before GC invocations=8 (full 0):
 PSYoungGen      total 73728K, used 73698K [0x00000000eaa80000, 0x00000000f4480000, 0x0000000100000000)
  eden space 62464K, 100% used [0x00000000eaa80000,0x00000000ee780000,0x00000000ee780000)
  from space 11264K, 99% used [0x00000000ee780000,0x00000000ef278910,0x00000000ef280000)
  to   space 16384K, 0% used [0x00000000f3480000,0x00000000f3480000,0x00000000f4480000)
 ParOldGen       total 40960K, used 19439K [0x00000000c0000000, 0x00000000c2800000, 0x00000000eaa80000)
  object space 40960K, 47% used [0x00000000c0000000,0x00000000c12fbc30,0x00000000c2800000)
 PSPermGen       total 21504K, used 6293K [0x00000000b5a00000, 0x00000000b6f00000, 0x00000000c0000000)
  object space 21504K, 29% used [0x00000000b5a00000,0x00000000b6025688,0x00000000b6f00000)
Event: 22,688 GC heap after
Heap after GC invocations=8 (full 0):
 PSYoungGen      total 136192K, used 16373K [0x00000000eaa80000, 0x00000000f4e80000, 0x0000000100000000)
  eden space 119808K, 0% used [0x00000000eaa80000,0x00000000eaa80000,0x00000000f1f80000)
  from space 16384K, 99% used [0x00000000f3480000,0x00000000f447d670,0x00000000f4480000)
  to   space 21504K, 0% used [0x00000000f1f80000,0x00000000f1f80000,0x00000000f3480000)
 ParOldGen       total 40960K, used 24790K [0x00000000c0000000, 0x00000000c2800000, 0x00000000eaa80000)
  object space 40960K, 60% used [0x00000000c0000000,0x00000000c1835908,0x00000000c2800000)
 PSPermGen       total 21504K, used 6293K [0x00000000b5a00000, 0x00000000b6f00000, 0x00000000c0000000)
  object space 21504K, 29% used [0x00000000b5a00000,0x00000000b6025688,0x00000000b6f00000)
}
Event: 29,858 GC heap before
{Heap before GC invocations=9 (full 0):
 PSYoungGen      total 136192K, used 136181K [0x00000000eaa80000, 0x00000000f4e80000, 0x0000000100000000)
  eden space 119808K, 100% used [0x00000000eaa80000,0x00000000f1f80000,0x00000000f1f80000)
  from space 16384K, 99% used [0x00000000f3480000,0x00000000f447d670,0x00000000f4480000)
  to   space 21504K, 0% used [0x00000000f1f80000,0x00000000f1f80000,0x00000000f3480000)
 ParOldGen       total 40960K, used 24790K [0x00000000c0000000, 0x00000000c2800000, 0x00000000eaa80000)
  object space 40960K, 60% used [0x00000000c0000000,0x00000000c1835908,0x00000000c2800000)
 PSPermGen       total 21504K, used 6373K [0x00000000b5a00000, 0x00000000b6f00000, 0x00000000c0000000)
  object space 21504K, 29% used [0x00000000b5a00000,0x00000000b6039410,0x00000000b6f00000)

Deoptimization events (10 events):
Event: 5,872 Thread 0x00007fcc6c1aa000 Uncommon trap: reason=unstable_if action=reinterpret pc=0x00007fcc6845a8a8 method=com.android.dx.ssa.LocalVariableExtractor.processBlock(I)V @ 251
Event: 5,933 Thread 0x00007fcc6c1aa000 Uncommon trap: reason=null_check action=make_not_entrant pc=0x00007fcc6844d490 method=com.android.dx.ssa.SsaRenamer.getLocalForNewReg(I)Lcom/android/dx/rop/code/LocalItem; @ 19
Event: 6,120 Thread 0x00007fcc6c19b000 Uncommon trap: reason=class_check action=maybe_recompile pc=0x00007fcc68401434 method=java.util.HashMap.put(Ljava/lang/Object;Ljava/lang/Object;)Ljava/lang/Object; @ 83
Event: 6,120 Thread 0x00007fcc6c19b000 Uncommon trap: reason=class_check action=maybe_recompile pc=0x00007fcc68401434 method=java.util.HashMap.put(Ljava/lang/Object;Ljava/lang/Object;)Ljava/lang/Object; @ 83
Event: 6,121 Thread 0x00007fcc6c19b000 Uncommon trap: reason=class_check action=maybe_recompile pc=0x00007fcc68401434 method=java.util.HashMap.put(Ljava/lang/Object;Ljava/lang/Object;)Ljava/lang/Object; @ 83
Event: 6,133 Thread 0x00007fcc6c19b000 Uncommon trap: reason=class_check action=maybe_recompile pc=0x00007fcc68401434 method=java.util.HashMap.put(Ljava/lang/Object;Ljava/lang/Object;)Ljava/lang/Object; @ 83
Event: 14,746 Thread 0x00007fcc6c00a800 Uncommon trap: reason=unloaded action=reinterpret pc=0x00007fcc684a657c method=com.android.dx.cf.cst.ConstantPoolParser.parse0(ILjava/util/BitSet;)Lcom/android/dx/rop/cst/Constant; @ 220
Event: 15,299 Thread 0x00007fcc6c1aa000 Uncommon trap: reason=unstable_if action=reinterpret pc=0x00007fcc6847b09c method=com.android.dx.ssa.SCCP.simulateBranch(Lcom/android/dx/ssa/SsaInsn;)V @ 548
Event: 22,429 Thread 0x00007fcc6c1ad000 Uncommon trap: reason=null_check action=make_not_entrant pc=0x00007fcc684dd650 method=com.android.dx.cf.code.Ropper$CatchInfo.getSetup(Lcom/android/dx/rop/type/Type;)Lcom/android/dx/cf/code/Ropper$ExceptionHandlerSetup; @ 10
Event: 24,871 Thread 0x00007fcc6c1ab800 Uncommon trap: reason=unstable_if action=reinterpret pc=0x00007fcc6846a964 method=com.android.dx.ssa.Dominators.run()V @ 346

Internal exceptions (10 events):
Event: 2,088 Thread 0x00007fcc6c1aa000 Threw 0x00000000eb52a820 at /build/openjdk-7-2FOwCu/openjdk-7-7u95-2.6.4/build/openjdk/hotspot/src/share/vm/prims/jvm.cpp:1322
Event: 2,283 Thread 0x00007fcc6c00a800 Threw 0x00000000eb7d6580 at /build/openjdk-7-2FOwCu/openjdk-7-7u95-2.6.4/build/openjdk/hotspot/src/share/vm/prims/jvm.cpp:1322
Event: 2,762 Thread 0x00007fcc6c19b000 Threw 0x00000000eacfa720 at /build/openjdk-7-2FOwCu/openjdk-7-7u95-2.6.4/build/openjdk/hotspot/src/share/vm/prims/jvm.cpp:1322
Event: 3,484 Thread 0x00007fcc6c00a800 Implicit null exception at 0x00007fcc68434157 to 0x00007fcc6843483d
Event: 4,569 Thread 0x00007fcc6c00a800 Threw 0x00000000eac2de28 at /build/openjdk-7-2FOwCu/openjdk-7-7u95-2.6.4/build/openjdk/hotspot/src/share/vm/prims/jvm.cpp:1322
Event: 4,696 Thread 0x00007fcc6c00a800 Threw 0x00000000eaedcb80 at /build/openjdk-7-2FOwCu/openjdk-7-7u95-2.6.4/build/openjdk/hotspot/src/share/vm/prims/jvm.cpp:1322
Event: 5,933 Thread 0x00007fcc6c1aa000 Implicit null exception at 0x00007fcc6844bd5d to 0x00007fcc6844d46d
Event: 6,460 Thread 0x00007fcc6c1ad000 Threw 0x00000000ec5aabd8 at /build/openjdk-7-2FOwCu/openjdk-7-7u95-2.6.4/build/openjdk/hotspot/src/share/vm/prims/jvm.cpp:1322
Event: 18,835 Thread 0x00007fcc6c00a800 Threw 0x00000000eb7b2270 at /build/openjdk-7-2FOwCu/openjdk-7-7u95-2.6.4/build/openjdk/hotspot/src/share/vm/prims/jvm.cpp:1322
Event: 22,429 Thread 0x00007fcc6c1ad000 Implicit null exception at 0x00007fcc684d9851 to 0x00007fcc684dd609

Events (10 events):
Event: 24,818 Thread 0x00007fcc6c0ac800 flushing nmethod 0x00007fcc68419610
Event: 24,870 Thread 0x00007fcc6c1ab800 Uncommon trap: trap_request=0xffffff75 fr.pc=0x00007fcc6846a964
Event: 24,871 Thread 0x00007fcc6c1ab800 DEOPT PACKING pc=0x00007fcc6846a964 sp=0x00007fcc4d624090
Event: 24,871 Thread 0x00007fcc6c1ab800 DEOPT UNPACKING pc=0x00007fcc683c6445 sp=0x00007fcc4d624078 mode 2
Event: 25,019 Thread 0x00007fcc6c0ac800 flushing nmethod 0x00007fcc6844aad0
Event: 25,019 Thread 0x00007fcc6c0ac800 flushing nmethod 0x00007fcc68458b90
Event: 28,035 Thread 0x00007fcc6c0ac800 flushing nmethod 0x00007fcc684a5750
Event: 29,225 Thread 0x00007fcc6c0ac800 flushing nmethod 0x00007fcc68478b50
Event: 29,252 Thread 0x00007fcc6c0ac800 flushing nmethod 0x00007fcc684d6ad0
Event: 29,845 Executing VM operation: ParallelGCFailedAllocation


Dynamic libraries:
00400000-00401000 r-xp 00000000 08:06 1454669                            /usr/lib/jvm/java-7-openjdk-amd64/jre/bin/java
00600000-00601000 r--p 00000000 08:06 1454669                            /usr/lib/jvm/java-7-openjdk-amd64/jre/bin/java
00601000-00602000 rw-p 00001000 08:06 1454669                            /usr/lib/jvm/java-7-openjdk-amd64/jre/bin/java
00c03000-00c24000 rw-p 00000000 00:00 0                                  [heap]
b5a00000-b6f00000 rw-p 00000000 00:00 0 
b6f00000-c0000000 rw-p 00000000 00:00 0 
c0000000-c2800000 rw-p 00000000 00:00 0 
c2800000-eaa80000 rw-p 00000000 00:00 0 
eaa80000-f4e80000 rw-p 00000000 00:00 0 
fa200000-100000000 rw-p 00000000 00:00 0 
7fcc18000000-7fcc18021000 rw-p 00000000 00:00 0 
7fcc18021000-7fcc1c000000 ---p 00000000 00:00 0 
7fcc20000000-7fcc20021000 rw-p 00000000 00:00 0 
7fcc20021000-7fcc24000000 ---p 00000000 00:00 0 
7fcc24000000-7fcc24021000 rw-p 00000000 00:00 0 
7fcc24021000-7fcc28000000 ---p 00000000 00:00 0 
7fcc28000000-7fcc28045000 rw-p 00000000 00:00 0 
7fcc28045000-7fcc2c000000 ---p 00000000 00:00 0 
7fcc2c000000-7fcc2c021000 rw-p 00000000 00:00 0 
7fcc2c021000-7fcc30000000 ---p 00000000 00:00 0 
7fcc30000000-7fcc30021000 rw-p 00000000 00:00 0 
7fcc30021000-7fcc34000000 ---p 00000000 00:00 0 
7fcc34000000-7fcc34021000 rw-p 00000000 00:00 0 
7fcc34021000-7fcc38000000 ---p 00000000 00:00 0 
7fcc38000000-7fcc398ba000 rw-p 00000000 00:00 0 
7fcc398ba000-7fcc3c000000 ---p 00000000 00:00 0 
7fcc3c000000-7fcc3d70b000 rw-p 00000000 00:00 0 
7fcc3d70b000-7fcc40000000 ---p 00000000 00:00 0 
7fcc40000000-7fcc40021000 rw-p 00000000 00:00 0 
7fcc40021000-7fcc44000000 ---p 00000000 00:00 0 
7fcc44000000-7fcc44021000 rw-p 00000000 00:00 0 
7fcc44021000-7fcc48000000 ---p 00000000 00:00 0 
7fcc48000000-7fcc48021000 rw-p 00000000 00:00 0 
7fcc48021000-7fcc4c000000 ---p 00000000 00:00 0 
7fcc4d424000-7fcc4d427000 ---p 00000000 00:00 0 
7fcc4d427000-7fcc4d525000 rw-p 00000000 00:00 0                          [stack:6477]
7fcc4d525000-7fcc4d528000 ---p 00000000 00:00 0 
7fcc4d528000-7fcc4d626000 rw-p 00000000 00:00 0                          [stack:6476]
7fcc4d626000-7fcc4d629000 ---p 00000000 00:00 0 
7fcc4d629000-7fcc4d727000 rw-p 00000000 00:00 0                          [stack:6475]
7fcc4d727000-7fcc4d72a000 ---p 00000000 00:00 0 
7fcc4d72a000-7fcc4d828000 rw-p 00000000 00:00 0                          [stack:6474]
7fcc4d828000-7fcc4d82b000 ---p 00000000 00:00 0 
7fcc4d82b000-7fcc4d929000 rw-p 00000000 00:00 0                          [stack:6469]
7fcc4d929000-7fcc4d966000 r-xp 00000000 08:06 130821                     /lib/x86_64-linux-gnu/libpcre.so.3.13.1
7fcc4d966000-7fcc4db65000 ---p 0003d000 08:06 130821                     /lib/x86_64-linux-gnu/libpcre.so.3.13.1
7fcc4db65000-7fcc4db66000 r--p 0003c000 08:06 130821                     /lib/x86_64-linux-gnu/libpcre.so.3.13.1
7fcc4db66000-7fcc4db67000 rw-p 0003d000 08:06 130821                     /lib/x86_64-linux-gnu/libpcre.so.3.13.1
7fcc4db67000-7fcc4db6e000 r-xp 00000000 08:06 1447540                    /usr/lib/x86_64-linux-gnu/libffi.so.6.0.1
7fcc4db6e000-7fcc4dd6d000 ---p 00007000 08:06 1447540                    /usr/lib/x86_64-linux-gnu/libffi.so.6.0.1
7fcc4dd6d000-7fcc4dd6e000 r--p 00006000 08:06 1447540                    /usr/lib/x86_64-linux-gnu/libffi.so.6.0.1
7fcc4dd6e000-7fcc4dd6f000 rw-p 00007000 08:06 1447540                    /usr/lib/x86_64-linux-gnu/libffi.so.6.0.1
7fcc4dd6f000-7fcc4dd86000 r-xp 00000000 08:06 134868                     /lib/x86_64-linux-gnu/libresolv-2.19.so
7fcc4dd86000-7fcc4df86000 ---p 00017000 08:06 134868                     /lib/x86_64-linux-gnu/libresolv-2.19.so
7fcc4df86000-7fcc4df87000 r--p 00017000 08:06 134868                     /lib/x86_64-linux-gnu/libresolv-2.19.so
7fcc4df87000-7fcc4df88000 rw-p 00018000 08:06 134868                     /lib/x86_64-linux-gnu/libresolv-2.19.so
7fcc4df88000-7fcc4df8a000 rw-p 00000000 00:00 0 
7fcc4df8a000-7fcc4dfaa000 r-xp 00000000 08:06 135079                     /lib/x86_64-linux-gnu/libselinux.so.1
7fcc4dfaa000-7fcc4e1a9000 ---p 00020000 08:06 135079                     /lib/x86_64-linux-gnu/libselinux.so.1
7fcc4e1a9000-7fcc4e1aa000 r--p 0001f000 08:06 135079                     /lib/x86_64-linux-gnu/libselinux.so.1
7fcc4e1aa000-7fcc4e1ab000 rw-p 00020000 08:06 135079                     /lib/x86_64-linux-gnu/libselinux.so.1
7fcc4e1ab000-7fcc4e1ad000 rw-p 00000000 00:00 0 
7fcc4e1ad000-7fcc4e1b0000 r-xp 00000000 08:06 1439340                    /usr/lib/x86_64-linux-gnu/libgmodule-2.0.so.0.4002.0
7fcc4e1b0000-7fcc4e3af000 ---p 00003000 08:06 1439340                    /usr/lib/x86_64-linux-gnu/libgmodule-2.0.so.0.4002.0
7fcc4e3af000-7fcc4e3b0000 r--p 00002000 08:06 1439340                    /usr/lib/x86_64-linux-gnu/libgmodule-2.0.so.0.4002.0
7fcc4e3b0000-7fcc4e3b1000 rw-p 00003000 08:06 1439340                    /usr/lib/x86_64-linux-gnu/libgmodule-2.0.so.0.4002.0
7fcc4e3b1000-7fcc4e4b7000 r-xp 00000000 08:06 134871                     /lib/x86_64-linux-gnu/libglib-2.0.so.0.4002.0
7fcc4e4b7000-7fcc4e6b6000 ---p 00106000 08:06 134871                     /lib/x86_64-linux-gnu/libglib-2.0.so.0.4002.0
7fcc4e6b6000-7fcc4e6b7000 r--p 00105000 08:06 134871                     /lib/x86_64-linux-gnu/libglib-2.0.so.0.4002.0
7fcc4e6b7000-7fcc4e6b8000 rw-p 00106000 08:06 134871                     /lib/x86_64-linux-gnu/libglib-2.0.so.0.4002.0
7fcc4e6b8000-7fcc4e6b9000 rw-p 00000000 00:00 0 
7fcc4e6b9000-7fcc4e708000 r-xp 00000000 08:06 1439358                    /usr/lib/x86_64-linux-gnu/libgobject-2.0.so.0.4002.0
7fcc4e708000-7fcc4e908000 ---p 0004f000 08:06 1439358                    /usr/lib/x86_64-linux-gnu/libgobject-2.0.so.0.4002.0
7fcc4e908000-7fcc4e909000 r--p 0004f000 08:06 1439358                    /usr/lib/x86_64-linux-gnu/libgobject-2.0.so.0.4002.0
7fcc4e909000-7fcc4e90a000 rw-p 00050000 08:06 1439358                    /usr/lib/x86_64-linux-gnu/libgobject-2.0.so.0.4002.0
7fcc4e90a000-7fcc4ea76000 r-xp 00000000 08:06 1439362                    /usr/lib/x86_64-linux-gnu/libgio-2.0.so.0.4002.0
7fcc4ea76000-7fcc4ec75000 ---p 0016c000 08:06 1439362                    /usr/lib/x86_64-linux-gnu/libgio-2.0.so.0.4002.0
7fcc4ec75000-7fcc4ec79000 r--p 0016b000 08:06 1439362                    /usr/lib/x86_64-linux-gnu/libgio-2.0.so.0.4002.0
7fcc4ec79000-7fcc4ec7b000 rw-p 0016f000 08:06 1439362                    /usr/lib/x86_64-linux-gnu/libgio-2.0.so.0.4002.0
7fcc4ec7b000-7fcc4ec7d000 rw-p 00000000 00:00 0 
7fcc4ec7d000-7fcc4ec94000 r-xp 00000000 08:06 1489830                    /usr/lib/jvm/java-7-openjdk-amd64/jre/lib/amd64/libnet.so
7fcc4ec94000-7fcc4ee93000 ---p 00017000 08:06 1489830                    /usr/lib/jvm/java-7-openjdk-amd64/jre/lib/amd64/libnet.so
7fcc4ee93000-7fcc4ee94000 r--p 00016000 08:06 1489830                    /usr/lib/jvm/java-7-openjdk-amd64/jre/lib/amd64/libnet.so
7fcc4ee94000-7fcc4ee95000 rw-p 00017000 08:06 1489830                    /usr/lib/jvm/java-7-openjdk-amd64/jre/lib/amd64/libnet.so
7fcc4ee95000-7fcc4eea5000 r-xp 00000000 08:06 1489812                    /usr/lib/jvm/java-7-openjdk-amd64/jre/lib/amd64/libnio.so
7fcc4eea5000-7fcc4f0a5000 ---p 00010000 08:06 1489812                    /usr/lib/jvm/java-7-openjdk-amd64/jre/lib/amd64/libnio.so
7fcc4f0a5000-7fcc4f0a6000 r--p 00010000 08:06 1489812                    /usr/lib/jvm/java-7-openjdk-amd64/jre/lib/amd64/libnio.so
7fcc4f0a6000-7fcc4f0a7000 rw-p 00011000 08:06 1489812                    /usr/lib/jvm/java-7-openjdk-amd64/jre/lib/amd64/libnio.so
7fcc4f0a7000-7fcc4f0a8000 ---p 00000000 00:00 0 
7fcc4f0a8000-7fcc4f1a8000 rw-p 00000000 00:00 0                          [stack:6447]
7fcc4f1a8000-7fcc4f1ab000 ---p 00000000 00:00 0 
7fcc4f1ab000-7fcc4f2a9000 rw-p 00000000 00:00 0                          [stack:6441]
7fcc4f2a9000-7fcc4f2ac000 ---p 00000000 00:00 0 
7fcc4f2ac000-7fcc4f3aa000 rw-p 00000000 00:00 0                          [stack:6440]
7fcc4f3aa000-7fcc4f3ad000 ---p 00000000 00:00 0 
7fcc4f3ad000-7fcc4f4ab000 rw-p 00000000 00:00 0                          [stack:6439]
7fcc4f4ab000-7fcc4f4ae000 ---p 00000000 00:00 0 
7fcc4f4ae000-7fcc4f5ac000 rw-p 00000000 00:00 0                          [stack:6438]
7fcc4f5ac000-7fcc4fdfe000 r--p 00000000 08:06 1447082                    /usr/lib/locale/locale-archive
7fcc4fdfe000-7fcc4fe01000 ---p 00000000 00:00 0 
7fcc4fe01000-7fcc4feff000 rw-p 00000000 00:00 0                          [stack:6425]
7fcc4feff000-7fcc4ff02000 ---p 00000000 00:00 0 
7fcc4ff02000-7fcc50000000 rw-p 00000000 00:00 0                          [stack:6421]
7fcc50000000-7fcc50021000 rw-p 00000000 00:00 0 
7fcc50021000-7fcc54000000 ---p 00000000 00:00 0 
7fcc54000000-7fcc54021000 rw-p 00000000 00:00 0 
7fcc54021000-7fcc58000000 ---p 00000000 00:00 0 
7fcc58000000-7fcc58021000 rw-p 00000000 00:00 0 
7fcc58021000-7fcc5c000000 ---p 00000000 00:00 0 
7fcc5c000000-7fcc5c021000 rw-p 00000000 00:00 0 
7fcc5c021000-7fcc60000000 ---p 00000000 00:00 0 
7fcc60000000-7fcc60021000 rw-p 00000000 00:00 0 
7fcc60021000-7fcc64000000 ---p 00000000 00:00 0 
7fcc64078000-7fcc640a9000 rw-p 00000000 00:00 0 
7fcc640c5000-7fcc640db000 r--s 000f0000 08:06 3245258                    /home/tulin/AndroidStudioProjects/CamApp/app/build/intermediates/exploded-aar/com.android.support/support-v4/23.2.0/jars/classes.jar
7fcc640db000-7fcc640dc000 ---p 00000000 00:00 0 
7fcc640dc000-7fcc651d9000 rw-p 00000000 00:00 0                          [stack:6418]
7fcc651d9000-7fcc6538b000 r--s 01d2f000 08:06 1489796                    /usr/lib/jvm/java-7-openjdk-amd64/jre/lib/rt.jar
7fcc6538b000-7fcc67bdf000 rw-p 00000000 00:00 0 
7fcc67bdf000-7fcc67be0000 ---p 00000000 00:00 0 
7fcc67be0000-7fcc67ce0000 rw-p 00000000 00:00 0                          [stack:6410]
7fcc67ce0000-7fcc67ce1000 ---p 00000000 00:00 0 
7fcc67ce1000-7fcc67de1000 rw-p 00000000 00:00 0                          [stack:6409]
7fcc67de1000-7fcc67de2000 ---p 00000000 00:00 0 
7fcc67de2000-7fcc67ee2000 rw-p 00000000 00:00 0                          [stack:6408]
7fcc67ee2000-7fcc67ee3000 ---p 00000000 00:00 0 
7fcc67ee3000-7fcc67ff7000 rw-p 00000000 00:00 0                          [stack:6407]
7fcc67ff7000-7fcc68139000 rw-p 00000000 00:00 0 
7fcc68139000-7fcc68144000 rw-p 00000000 00:00 0 
7fcc68144000-7fcc6818c000 rw-p 00000000 00:00 0 
7fcc6818c000-7fcc681a0000 rw-p 00000000 00:00 0 
7fcc681a0000-7fcc682e1000 rw-p 00000000 00:00 0 
7fcc682e1000-7fcc68334000 rw-p 00000000 00:00 0 
7fcc68334000-7fcc6838c000 rw-p 00000000 00:00 0 
7fcc6838c000-7fcc6838d000 rw-p 00000000 00:00 0 
7fcc6838d000-7fcc685fd000 rwxp 00000000 00:00 0 
7fcc685fd000-7fcc6b38d000 rw-p 00000000 00:00 0 
7fcc6b38d000-7fcc6b395000 r-xp 00000000 08:06 1489805                    /usr/lib/jvm/java-7-openjdk-amd64/jre/lib/amd64/libzip.so
7fcc6b395000-7fcc6b594000 ---p 00008000 08:06 1489805                    /usr/lib/jvm/java-7-openjdk-amd64/jre/lib/amd64/libzip.so
7fcc6b594000-7fcc6b595000 r--p 00007000 08:06 1489805                    /usr/lib/jvm/java-7-openjdk-amd64/jre/lib/amd64/libzip.so
7fcc6b595000-7fcc6b596000 rw-p 00008000 08:06 1489805                    /usr/lib/jvm/java-7-openjdk-amd64/jre/lib/amd64/libzip.so
7fcc6b596000-7fcc6b5a1000 r-xp 00000000 08:06 184225                     /lib/x86_64-linux-gnu/libnss_files-2.19.so
7fcc6b5a1000-7fcc6b7a0000 ---p 0000b000 08:06 184225                     /lib/x86_64-linux-gnu/libnss_files-2.19.so
7fcc6b7a0000-7fcc6b7a1000 r--p 0000a000 08:06 184225                     /lib/x86_64-linux-gnu/libnss_files-2.19.so
7fcc6b7a1000-7fcc6b7a2000 rw-p 0000b000 08:06 184225                     /lib/x86_64-linux-gnu/libnss_files-2.19.so
7fcc6b7a2000-7fcc6b7ad000 r-xp 00000000 08:06 145746                     /lib/x86_64-linux-gnu/libnss_nis-2.19.so
7fcc6b7ad000-7fcc6b9ac000 ---p 0000b000 08:06 145746                     /lib/x86_64-linux-gnu/libnss_nis-2.19.so
7fcc6b9ac000-7fcc6b9ad000 r--p 0000a000 08:06 145746                     /lib/x86_64-linux-gnu/libnss_nis-2.19.so
7fcc6b9ad000-7fcc6b9ae000 rw-p 0000b000 08:06 145746                     /lib/x86_64-linux-gnu/libnss_nis-2.19.so
7fcc6b9ae000-7fcc6b9c5000 r-xp 00000000 08:06 145742                     /lib/x86_64-linux-gnu/libnsl-2.19.so
7fcc6b9c5000-7fcc6bbc4000 ---p 00017000 08:06 145742                     /lib/x86_64-linux-gnu/libnsl-2.19.so
7fcc6bbc4000-7fcc6bbc5000 r--p 00016000 08:06 145742                     /lib/x86_64-linux-gnu/libnsl-2.19.so
7fcc6bbc5000-7fcc6bbc6000 rw-p 00017000 08:06 145742                     /lib/x86_64-linux-gnu/libnsl-2.19.so
7fcc6bbc6000-7fcc6bbc8000 rw-p 00000000 00:00 0 
7fcc6bbc8000-7fcc6bbd1000 r-xp 00000000 08:06 145741                     /lib/x86_64-linux-gnu/libnss_compat-2.19.so
7fcc6bbd1000-7fcc6bdd0000 ---p 00009000 08:06 145741                     /lib/x86_64-linux-gnu/libnss_compat-2.19.so
7fcc6bdd0000-7fcc6bdd1000 r--p 00008000 08:06 145741                     /lib/x86_64-linux-gnu/libnss_compat-2.19.so
7fcc6bdd1000-7fcc6bdd2000 rw-p 00009000 08:06 145741                     /lib/x86_64-linux-gnu/libnss_compat-2.19.so
7fcc6bdd2000-7fcc6bdfd000 r-xp 00000000 08:06 1489826                    /usr/lib/jvm/java-7-openjdk-amd64/jre/lib/amd64/libjava.so
7fcc6bdfd000-7fcc6bffd000 ---p 0002b000 08:06 1489826                    /usr/lib/jvm/java-7-openjdk-amd64/jre/lib/amd64/libjava.so
7fcc6bffd000-7fcc6bffe000 r--p 0002b000 08:06 1489826                    /usr/lib/jvm/java-7-openjdk-amd64/jre/lib/amd64/libjava.so
7fcc6bffe000-7fcc6c000000 rw-p 0002c000 08:06 1489826                    /usr/lib/jvm/java-7-openjdk-amd64/jre/lib/amd64/libjava.so
7fcc6c000000-7fcc6c1e2000 rw-p 00000000 00:00 0 
7fcc6c1e2000-7fcc70000000 ---p 00000000 00:00 0 
7fcc7000d000-7fcc7001c000 r--s 000df000 08:06 3216701                    /home/tulin/Android/Sdk/build-tools/23.0.2/lib/dx.jar
7fcc7001c000-7fcc7004f000 rw-p 00000000 00:00 0 
7fcc7004f000-7fcc70097000 rw-p 00000000 00:00 0 
7fcc70097000-7fcc700a7000 r-xp 00000000 08:06 1489810                    /usr/lib/jvm/java-7-openjdk-amd64/jre/lib/amd64/libverify.so
7fcc700a7000-7fcc702a6000 ---p 00010000 08:06 1489810                    /usr/lib/jvm/java-7-openjdk-amd64/jre/lib/amd64/libverify.so
7fcc702a6000-7fcc702a8000 r--p 0000f000 08:06 1489810                    /usr/lib/jvm/java-7-openjdk-amd64/jre/lib/amd64/libverify.so
7fcc702a8000-7fcc702a9000 rw-p 00011000 08:06 1489810                    /usr/lib/jvm/java-7-openjdk-amd64/jre/lib/amd64/libverify.so
7fcc702a9000-7fcc702b0000 r-xp 00000000 08:06 148472                     /lib/x86_64-linux-gnu/librt-2.19.so
7fcc702b0000-7fcc704af000 ---p 00007000 08:06 148472                     /lib/x86_64-linux-gnu/librt-2.19.so
7fcc704af000-7fcc704b0000 r--p 00006000 08:06 148472                     /lib/x86_64-linux-gnu/librt-2.19.so
7fcc704b0000-7fcc704b1000 rw-p 00007000 08:06 148472                     /lib/x86_64-linux-gnu/librt-2.19.so
7fcc704b1000-7fcc704c7000 r-xp 00000000 08:06 131070                     /lib/x86_64-linux-gnu/libgcc_s.so.1
7fcc704c7000-7fcc706c6000 ---p 00016000 08:06 131070                     /lib/x86_64-linux-gnu/libgcc_s.so.1
7fcc706c6000-7fcc706c7000 rw-p 00015000 08:06 131070                     /lib/x86_64-linux-gnu/libgcc_s.so.1
7fcc706c7000-7fcc707cc000 r-xp 00000000 08:06 135048                     /lib/x86_64-linux-gnu/libm-2.19.so
7fcc707cc000-7fcc709cb000 ---p 00105000 08:06 135048                     /lib/x86_64-linux-gnu/libm-2.19.so
7fcc709cb000-7fcc709cc000 r--p 00104000 08:06 135048                     /lib/x86_64-linux-gnu/libm-2.19.so
7fcc709cc000-7fcc709cd000 rw-p 00105000 08:06 135048                     /lib/x86_64-linux-gnu/libm-2.19.so
7fcc709cd000-7fcc70ab3000 r-xp 00000000 08:06 1439330                    /usr/lib/x86_64-linux-gnu/libstdc++.so.6.0.19
7fcc70ab3000-7fcc70cb2000 ---p 000e6000 08:06 1439330                    /usr/lib/x86_64-linux-gnu/libstdc++.so.6.0.19
7fcc70cb2000-7fcc70cba000 r--p 000e5000 08:06 1439330                    /usr/lib/x86_64-linux-gnu/libstdc++.so.6.0.19
7fcc70cba000-7fcc70cbc000 rw-p 000ed000 08:06 1439330                    /usr/lib/x86_64-linux-gnu/libstdc++.so.6.0.19
7fcc70cbc000-7fcc70cd1000 rw-p 00000000 00:00 0 
7fcc70cd1000-7fcc717f6000 r-xp 00000000 08:06 1489806                    /usr/lib/jvm/java-7-openjdk-amd64/jre/lib/amd64/server/libjvm.so
7fcc717f6000-7fcc719f6000 ---p 00b25000 08:06 1489806                    /usr/lib/jvm/java-7-openjdk-amd64/jre/lib/amd64/server/libjvm.so
7fcc719f6000-7fcc71a90000 r--p 00b25000 08:06 1489806                    /usr/lib/jvm/java-7-openjdk-amd64/jre/lib/amd64/server/libjvm.so
7fcc71a90000-7fcc71ab3000 rw-p 00bbf000 08:06 1489806                    /usr/lib/jvm/java-7-openjdk-amd64/jre/lib/amd64/server/libjvm.so
7fcc71ab3000-7fcc71ae1000 rw-p 00000000 00:00 0 
7fcc71ae1000-7fcc71af9000 r-xp 00000000 08:06 135112                     /lib/x86_64-linux-gnu/libz.so.1.2.8
7fcc71af9000-7fcc71cf8000 ---p 00018000 08:06 135112                     /lib/x86_64-linux-gnu/libz.so.1.2.8
7fcc71cf8000-7fcc71cf9000 r--p 00017000 08:06 135112                     /lib/x86_64-linux-gnu/libz.so.1.2.8
7fcc71cf9000-7fcc71cfa000 rw-p 00018000 08:06 135112                     /lib/x86_64-linux-gnu/libz.so.1.2.8
7fcc71cfa000-7fcc71d13000 r-xp 00000000 08:06 145743                     /lib/x86_64-linux-gnu/libpthread-2.19.so
7fcc71d13000-7fcc71f12000 ---p 00019000 08:06 145743                     /lib/x86_64-linux-gnu/libpthread-2.19.so
7fcc71f12000-7fcc71f13000 r--p 00018000 08:06 145743                     /lib/x86_64-linux-gnu/libpthread-2.19.so
7fcc71f13000-7fcc71f14000 rw-p 00019000 08:06 145743                     /lib/x86_64-linux-gnu/libpthread-2.19.so
7fcc71f14000-7fcc71f18000 rw-p 00000000 00:00 0 
7fcc71f18000-7fcc71f1b000 r-xp 00000000 08:06 145738                     /lib/x86_64-linux-gnu/libdl-2.19.so
7fcc71f1b000-7fcc7211a000 ---p 00003000 08:06 145738                     /lib/x86_64-linux-gnu/libdl-2.19.so
7fcc7211a000-7fcc7211b000 r--p 00002000 08:06 145738                     /lib/x86_64-linux-gnu/libdl-2.19.so
7fcc7211b000-7fcc7211c000 rw-p 00003000 08:06 145738                     /lib/x86_64-linux-gnu/libdl-2.19.so
7fcc7211c000-7fcc722d7000 r-xp 00000000 08:06 148473                     /lib/x86_64-linux-gnu/libc-2.19.so
7fcc722d7000-7fcc724d6000 ---p 001bb000 08:06 148473                     /lib/x86_64-linux-gnu/libc-2.19.so
7fcc724d6000-7fcc724da000 r--p 001ba000 08:06 148473                     /lib/x86_64-linux-gnu/libc-2.19.so
7fcc724da000-7fcc724dc000 rw-p 001be000 08:06 148473                     /lib/x86_64-linux-gnu/libc-2.19.so
7fcc724dc000-7fcc724e1000 rw-p 00000000 00:00 0 
7fcc724e1000-7fcc724ee000 r-xp 00000000 08:06 1489800                    /usr/lib/jvm/java-7-openjdk-amd64/jre/lib/amd64/jli/libjli.so
7fcc724ee000-7fcc726ed000 ---p 0000d000 08:06 1489800                    /usr/lib/jvm/java-7-openjdk-amd64/jre/lib/amd64/jli/libjli.so
7fcc726ed000-7fcc726ee000 r--p 0000c000 08:06 1489800                    /usr/lib/jvm/java-7-openjdk-amd64/jre/lib/amd64/jli/libjli.so
7fcc726ee000-7fcc726ef000 rw-p 0000d000 08:06 1489800                    /usr/lib/jvm/java-7-openjdk-amd64/jre/lib/amd64/jli/libjli.so
7fcc726ef000-7fcc72712000 r-xp 00000000 08:06 145744                     /lib/x86_64-linux-gnu/ld-2.19.so
7fcc72712000-7fcc72715000 r--s 0000f000 08:06 1489840                    /usr/lib/jvm/java-7-openjdk-amd64/jre/lib/ext/icedtea-sound.jar
7fcc72715000-7fcc72737000 rw-p 00000000 00:00 0 
7fcc72737000-7fcc727ed000 rw-p 00000000 00:00 0 
7fcc727ed000-7fcc727f0000 ---p 00000000 00:00 0 
7fcc727f0000-7fcc728f4000 rw-p 00000000 00:00 0                          [stack:6406]
7fcc728f4000-7fcc728f6000 r--s 00012000 08:06 1489837                    /usr/lib/jvm/java-7-openjdk-amd64/jre/lib/ext/zipfs.jar
7fcc728f6000-7fcc728f7000 r--s 00002000 08:06 1489839                    /usr/lib/jvm/java-7-openjdk-amd64/jre/lib/ext/dnsns.jar
7fcc728f7000-7fcc728f9000 r--s 00006000 08:06 1840524                    /usr/share/java/java-atk-wrapper.jar
7fcc728f9000-7fcc728fd000 r--s 0003c000 08:06 1489838                    /usr/lib/jvm/java-7-openjdk-amd64/jre/lib/ext/sunpkcs11.jar
7fcc728fd000-7fcc72901000 r--s 00034000 08:06 1489836                    /usr/lib/jvm/java-7-openjdk-amd64/jre/lib/ext/sunjce_provider.jar
7fcc72901000-7fcc72905000 r--s 00085000 08:06 1489835                    /usr/lib/jvm/java-7-openjdk-amd64/jre/lib/ext/localedata.jar
7fcc72905000-7fcc7290d000 rw-s 00000000 08:06 1846132                    /tmp/hsperfdata_tulin/6398
7fcc7290d000-7fcc7290e000 rw-p 00000000 00:00 0 
7fcc7290e000-7fcc7290f000 ---p 00000000 00:00 0 
7fcc7290f000-7fcc72911000 rw-p 00000000 00:00 0 
7fcc72911000-7fcc72912000 r--p 00022000 08:06 145744                     /lib/x86_64-linux-gnu/ld-2.19.so
7fcc72912000-7fcc72913000 rw-p 00023000 08:06 145744                     /lib/x86_64-linux-gnu/ld-2.19.so
7fcc72913000-7fcc72914000 rw-p 00000000 00:00 0 
7ffe4c182000-7ffe4c1a3000 rw-p 00000000 00:00 0                          [stack]
7ffe4c1d9000-7ffe4c1db000 r-xp 00000000 00:00 0                          [vdso]
ffffffffff600000-ffffffffff601000 r-xp 00000000 00:00 0                  [vsyscall]

VM Arguments:
jvm_args: -Djava.awt.headless=true -Xmx1024M -Dfile.encoding=UTF-8 -Duser.country=US -Duser.language=en -Duser.variant 
java_command: com.android.dx.command.Main --dex --num-threads=4 --output /home/tulin/AndroidStudioProjects/CamApp/app/build/intermediates/pre-dexed/debug/com.android.support-support-v4-23.2.0_4b1fd8c92292e56f5a1fba56278554e72cab954d.jar /home/tulin/AndroidStudioProjects/CamApp/app/build/intermediates/exploded-aar/com.android.support/support-v4/23.2.0/jars/classes.jar
Launcher Type: SUN_STANDARD

Environment Variables:
PATH=/usr/local/sbin:/usr/local/bin:/usr/sbin:/usr/bin:/sbin:/bin:/usr/games:/usr/local/games
SHELL=/bin/bash
DISPLAY=:0

Signal Handlers:
SIGSEGV: [libjvm.so+0x955bc0], sa_mask[0]=0x7ffbfeff, sa_flags=0x10000004
SIGBUS: [libjvm.so+0x955bc0], sa_mask[0]=0x7ffbfeff, sa_flags=0x10000004
SIGFPE: [libjvm.so+0x7caff0], sa_mask[0]=0x7ffbfeff, sa_flags=0x10000004
SIGPIPE: [libjvm.so+0x7caff0], sa_mask[0]=0x7ffbfeff, sa_flags=0x10000004
SIGXFSZ: [libjvm.so+0x7caff0], sa_mask[0]=0x7ffbfeff, sa_flags=0x10000004
SIGILL: [libjvm.so+0x7caff0], sa_mask[0]=0x7ffbfeff, sa_flags=0x10000004
SIGUSR1: SIG_DFL, sa_mask[0]=0x00000000, sa_flags=0x00000000
SIGUSR2: [libjvm.so+0x7cae90], sa_mask[0]=0x00000004, sa_flags=0x10000004
SIGHUP: [libjvm.so+0x7cb070], sa_mask[0]=0x7ffbfeff, sa_flags=0x10000004
SIGINT: [libjvm.so+0x7cb070], sa_mask[0]=0x7ffbfeff, sa_flags=0x10000004
SIGTERM: [libjvm.so+0x7cb070], sa_mask[0]=0x7ffbfeff, sa_flags=0x10000004
SIGQUIT: [libjvm.so+0x7cb070], sa_mask[0]=0x7ffbfeff, sa_flags=0x10000004
SIGTRAP: SIG_DFL, sa_mask[0]=0x00000000, sa_flags=0x00000000


---------------  S Y S T E M  ---------------

OS:Ubuntu 14.04 (trusty)
uname:Linux 3.13.0-79-generic #123-Ubuntu SMP Fri Feb 19 14:27:58 UTC 2016 x86_64
libc:glibc 2.19 NPTL 2.19 
rlimit: STACK 8192k, CORE 0k, NPROC 30460, NOFILE 4096, AS infinity
load average:13,76 6,94 3,54

/proc/meminfo:
MemTotal:        3946988 kB
MemFree:          112908 kB
Buffers:             452 kB
Cached:           501652 kB
SwapCached:            0 kB
Active:          3162636 kB
Inactive:         495980 kB
Active(anon):    3159200 kB
Inactive(anon):   486392 kB
Active(file):       3436 kB
Inactive(file):     9588 kB
Unevictable:          32 kB
Mlocked:              32 kB
SwapTotal:             0 kB
SwapFree:              0 kB
Dirty:               116 kB
Writeback:            92 kB
AnonPages:       3157348 kB
Mapped:           110044 kB
Shmem:            488336 kB
Slab:              70376 kB
SReclaimable:      33104 kB
SUnreclaim:        37272 kB
KernelStack:        6048 kB
PageTables:        43044 kB
NFS_Unstable:          0 kB
Bounce:                0 kB
WritebackTmp:          0 kB
CommitLimit:     1973492 kB
Committed_AS:    8666392 kB
VmallocTotal:   34359738367 kB
VmallocUsed:      350248 kB
VmallocChunk:   34359381756 kB
HardwareCorrupted:     0 kB
AnonHugePages:   1159168 kB
HugePages_Total:       0
HugePages_Free:        0
HugePages_Rsvd:        0
HugePages_Surp:        0
Hugepagesize:       2048 kB
DirectMap4k:       68640 kB
DirectMap2M:     4026368 kB


CPU:total 4 (2 cores per cpu, 2 threads per core) family 6 model 42 stepping 7, cmov, cx8, fxsr, mmx, sse, sse2, sse3, ssse3, sse4.1, sse4.2, popcnt, avx, aes, ht, tsc, tscinvbit

/proc/cpuinfo:
processor	: 0
vendor_id	: GenuineIntel
cpu family	: 6
model		: 42
model name	: Intel(R) Core(TM) i5-2557M CPU @ 1.70GHz
stepping	: 7
microcode	: 0x1a
cpu MHz		: 1701.000
cache size	: 3072 KB
physical id	: 0
siblings	: 4
core id		: 0
cpu cores	: 2
apicid		: 0
initial apicid	: 0
fpu		: yes
fpu_exception	: yes
cpuid level	: 13
wp		: yes
flags		: fpu vme de pse tsc msr pae mce cx8 apic sep mtrr pge mca cmov pat pse36 clflush dts acpi mmx fxsr sse sse2 ss ht tm pbe syscall nx rdtscp lm constant_tsc arch_perfmon pebs bts rep_good nopl xtopology nonstop_tsc aperfmperf eagerfpu pni pclmulqdq dtes64 monitor ds_cpl vmx smx est tm2 ssse3 cx16 xtpr pdcm pcid sse4_1 sse4_2 x2apic popcnt tsc_deadline_timer aes xsave avx lahf_lm ida arat epb xsaveopt pln pts dtherm tpr_shadow vnmi flexpriority ept vpid
bogomips	: 3392.04
clflush size	: 64
cache_alignment	: 64
address sizes	: 36 bits physical, 48 bits virtual
power management:

processor	: 1
vendor_id	: GenuineIntel
cpu family	: 6
model		: 42
model name	: Intel(R) Core(TM) i5-2557M CPU @ 1.70GHz
stepping	: 7
microcode	: 0x1a
cpu MHz		: 1701.000
cache size	: 3072 KB
physical id	: 0
siblings	: 4
core id		: 1
cpu cores	: 2
apicid		: 2
initial apicid	: 2
fpu		: yes
fpu_exception	: yes
cpuid level	: 13
wp		: yes
flags		: fpu vme de pse tsc msr pae mce cx8 apic sep mtrr pge mca cmov pat pse36 clflush dts acpi mmx fxsr sse sse2 ss ht tm pbe syscall nx rdtscp lm constant_tsc arch_perfmon pebs bts rep_good nopl xtopology nonstop_tsc aperfmperf eagerfpu pni pclmulqdq dtes64 monitor ds_cpl vmx smx est tm2 ssse3 cx16 xtpr pdcm pcid sse4_1 sse4_2 x2apic popcnt tsc_deadline_timer aes xsave avx lahf_lm ida arat epb xsaveopt pln pts dtherm tpr_shadow vnmi flexpriority ept vpid
bogomips	: 3392.04
clflush size	: 64
cache_alignment	: 64
address sizes	: 36 bits physical, 48 bits virtual
power management:

processor	: 2
vendor_id	: GenuineIntel
cpu family	: 6
model		: 42
model name	: Intel(R) Core(TM) i5-2557M CPU @ 1.70GHz
stepping	: 7
microcode	: 0x1a
cpu MHz		: 1701.000
cache size	: 3072 KB
physical id	: 0
siblings	: 4
core id		: 0
cpu cores	: 2
apicid		: 1
initial apicid	: 1
fpu		: yes
fpu_exception	: yes
cpuid level	: 13
wp		: yes
flags		: fpu vme de pse tsc msr pae mce cx8 apic sep mtrr pge mca cmov pat pse36 clflush dts acpi mmx fxsr sse sse2 ss ht tm pbe syscall nx rdtscp lm constant_tsc arch_perfmon pebs bts rep_good nopl xtopology nonstop_tsc aperfmperf eagerfpu pni pclmulqdq dtes64 monitor ds_cpl vmx smx est tm2 ssse3 cx16 xtpr pdcm pcid sse4_1 sse4_2 x2apic popcnt tsc_deadline_timer aes xsave avx lahf_lm ida arat epb xsaveopt pln pts dtherm tpr_shadow vnmi flexpriority ept vpid
bogomips	: 3392.04
clflush size	: 64
cache_alignment	: 64
address sizes	: 36 bits physical, 48 bits virtual
power management:

processor	: 3
vendor_id	: GenuineIntel
cpu family	: 6
model		: 42
model name	: Intel(R) Core(TM) i5-2557M CPU @ 1.70GHz
stepping	: 7
microcode	: 0x1a
cpu MHz		: 1701.000
cache size	: 3072 KB
physical id	: 0
siblings	: 4
core id		: 1
cpu cores	: 2
apicid		: 3
initial apicid	: 3
fpu		: yes
fpu_exception	: yes
cpuid level	: 13
wp		: yes
flags		: fpu vme de pse tsc msr pae mce cx8 apic sep mtrr pge mca cmov pat pse36 clflush dts acpi mmx fxsr sse sse2 ss ht tm pbe syscall nx rdtscp lm constant_tsc arch_perfmon pebs bts rep_good nopl xtopology nonstop_tsc aperfmperf eagerfpu pni pclmulqdq dtes64 monitor ds_cpl vmx smx est tm2 ssse3 cx16 xtpr pdcm pcid sse4_1 sse4_2 x2apic popcnt tsc_deadline_timer aes xsave avx lahf_lm ida arat epb xsaveopt pln pts dtherm tpr_shadow vnmi flexpriority ept vpid
bogomips	: 3392.04
clflush size	: 64
cache_alignment	: 64
address sizes	: 36 bits physical, 48 bits virtual
power management:



Memory: 4k page, physical 3946988k(112908k free), swap 0k(0k free)

vm_info: OpenJDK 64-Bit Server VM (24.95-b01) for linux-amd64 JRE (1.7.0_95-b00), built on Jan 21 2016 03:31:40 by "buildd" with gcc 4.8.4

time: Mon Mar 14 22:50:44 2016
elapsed time: 30 seconds

