#
# There is insufficient memory for the Java Runtime Environment to continue.
# Native memory allocation (malloc) failed to allocate 45088768 bytes for committing reserved memory.
# Possible reasons:
#   The system is out of physical RAM or swap space
#   In 32 bit mode, the process size limit was hit
# Possible solutions:
#   Reduce memory load on the system
#   Increase physical memory or swap space
#   Check if swap backing store is full
#   Use 64 bit Java on a 64 bit OS
#   Decrease Java heap size (-Xmx/-Xms)
#   Decrease number of Java threads
#   Decrease Java thread stack sizes (-Xss)
#   Set larger code cache with -XX:ReservedCodeCacheSize=
# This output file may be truncated or incomplete.
#
#  Out of Memory Error (os_linux.cpp:2827), pid=4926, tid=139770665109248
#
# JRE version: OpenJDK Runtime Environment (7.0_95) (build 1.7.0_95-b00)
# Java VM: OpenJDK 64-Bit Server VM (24.95-b01 mixed mode linux-amd64 compressed oops)
# Derivative: IcedTea 2.6.4
# Distribution: Ubuntu 14.04.3 LTS, package 7u95-2.6.4-0ubuntu0.14.04.1
# Failed to write core dump. Core dumps have been disabled. To enable core dumping, try "ulimit -c unlimited" before starting Java again
#

---------------  T H R E A D  ---------------

Current thread (0x00007f1ef0076000):  VMThread [stack: 0x00007f1ee4c80000,0x00007f1ee4d81000] [id=4935]

Stack: [0x00007f1ee4c80000,0x00007f1ee4d81000],  sp=0x00007f1ee4d7f490,  free space=1021k
Native frames: (J=compiled Java code, j=interpreted, Vv=VM code, C=native code)
V  [libjvm.so+0x9550e5]
V  [libjvm.so+0x4902b4]
V  [libjvm.so+0x7cf7bb]
V  [libjvm.so+0x7ca28f]
V  [libjvm.so+0x83e56b]
V  [libjvm.so+0x83f3e0]
V  [libjvm.so+0x83facb]
V  [libjvm.so+0x83b4d8]
V  [libjvm.so+0x83bd48]
V  [libjvm.so+0x7f1fd3]
V  [libjvm.so+0x956ae4]
V  [libjvm.so+0x95abe7]
V  [libjvm.so+0x9596a8]
V  [libjvm.so+0x959b09]
V  [libjvm.so+0x959f52]
V  [libjvm.so+0x7cc682]

VM_Operation (0x00007f1ed6147ff0): ParallelGCFailedAllocation, mode: safepoint, requested by thread 0x00007f1ef01a2800


---------------  P R O C E S S  ---------------

Java Threads: ( => current thread )
  0x00007f1ef01a2800 JavaThread "pool-1-thread-4" [_thread_blocked, id=4952, stack(0x00007f1ed6049000,0x00007f1ed614a000)]
  0x00007f1ef01a1800 JavaThread "pool-1-thread-3" [_thread_blocked, id=4951, stack(0x00007f1ed614a000,0x00007f1ed624b000)]
  0x00007f1ef019f800 JavaThread "pool-1-thread-2" [_thread_blocked, id=4950, stack(0x00007f1ed624b000,0x00007f1ed634c000)]
  0x00007f1ef0192000 JavaThread "pool-2-thread-1" [_thread_blocked, id=4949, stack(0x00007f1ed634c000,0x00007f1ed644d000)]
  0x00007f1ef0190800 JavaThread "pool-1-thread-1" [_thread_blocked, id=4948, stack(0x00007f1ed644d000,0x00007f1ed654e000)]
  0x00007f1ef00b2000 JavaThread "Service Thread" daemon [_thread_blocked, id=4941, stack(0x00007f1ed7dfe000,0x00007f1ed7eff000)]
  0x00007f1ef00af800 JavaThread "C2 CompilerThread1" daemon [_thread_in_native, id=4940, stack(0x00007f1ed7eff000,0x00007f1ed8000000)]
  0x00007f1ef00ac800 JavaThread "C2 CompilerThread0" daemon [_thread_blocked, id=4939, stack(0x00007f1ee402a000,0x00007f1ee412b000)]
  0x00007f1ef00aa800 JavaThread "Signal Dispatcher" daemon [_thread_blocked, id=4938, stack(0x00007f1ee412b000,0x00007f1ee422c000)]
  0x00007f1ef007c000 JavaThread "Finalizer" daemon [_thread_blocked, id=4937, stack(0x00007f1ee4a7e000,0x00007f1ee4b7f000)]
  0x00007f1ef007a000 JavaThread "Reference Handler" daemon [_thread_blocked, id=4936, stack(0x00007f1ee4b7f000,0x00007f1ee4c80000)]
  0x00007f1ef000a800 JavaThread "main" [_thread_blocked, id=4928, stack(0x00007f1ef73a8000,0x00007f1ef74a9000)]

Other Threads:
=>0x00007f1ef0076000 VMThread [stack: 0x00007f1ee4c80000,0x00007f1ee4d81000] [id=4935]
  0x00007f1ef00bc800 WatcherThread [stack: 0x00007f1ed7cfd000,0x00007f1ed7dfe000] [id=4942]

VM state:at safepoint (normal execution)

VM Mutex/Monitor currently owned by a thread:  ([mutex/lock_event])
[0x00007f1ef00069b0] Threads_lock - owner thread: 0x00007f1ef0076000
[0x00007f1ef0006eb0] Heap_lock - owner thread: 0x00007f1ef01a2800

Heap
 PSYoungGen      total 34304K, used 2558K [0x00000000eaa80000, 0x00000000ece80000, 0x0000000100000000)
  eden space 31744K, 0% used [0x00000000eaa80000,0x00000000eaa80000,0x00000000ec980000)
  from space 2560K, 99% used [0x00000000ec980000,0x00000000ecbff910,0x00000000ecc00000)
  to   space 2560K, 0% used [0x00000000ecc00000,0x00000000ecc00000,0x00000000ece80000)
 ParOldGen       total 40960K, used 15283K [0x00000000c0000000, 0x00000000c2800000, 0x00000000eaa80000)
  object space 40960K, 37% used [0x00000000c0000000,0x00000000c0eece08,0x00000000c2800000)
 PSPermGen       total 21504K, used 6205K [0x00000000b5a00000, 0x00000000b6f00000, 0x00000000c0000000)
  object space 21504K, 28% used [0x00000000b5a00000,0x00000000b600f580,0x00000000b6f00000)

Card table byte_map: [0x00007f1eecba3000,0x00007f1eecdf7000] byte_map_base: 0x00007f1eec5f6000

Polling page: 0x00007f1ef74ca000

Code Cache  [0x00007f1eecdf7000, 0x00007f1eed067000, 0x00007f1eefdf7000)
 total_blobs=484 nmethods=251 adapters=184 free_code_cache=48072Kb largest_free_block=49192448

Compilation events (10 events):
Event: 9,141 Thread 0x00007f1ef00ac800 nmethod 251 0x00007f1eececfa90 code [0x00007f1eececfbc0, 0x00007f1eececfc18]
Event: 9,141 Thread 0x00007f1ef00ac800  252             java.util.HashMap::<init> (9 bytes)
Event: 9,142 Thread 0x00007f1ef00ac800 nmethod 252 0x00007f1eececf7d0 code [0x00007f1eececf920, 0x00007f1eececf9d8]
Event: 9,142 Thread 0x00007f1ef00ac800  253             com.android.dx.ssa.back.IdenticalBlockCombiner::process (323 bytes)
Event: 9,262 Thread 0x00007f1ef00ac800 nmethod 253 0x00007f1eecef2d50 code [0x00007f1eecef30c0, 0x00007f1eecef4758]
Event: 9,262 Thread 0x00007f1ef00ac800  254             com.android.dx.ssa.SsaMethod::buildUseList (112 bytes)
Event: 9,358 Thread 0x00007f1ef00ac800 nmethod 254 0x00007f1eecf05250 code [0x00007f1eecf054a0, 0x00007f1eecf06188]
Event: 9,358 Thread 0x00007f1ef00ac800  255             com.android.dx.util.BitIntSet::<init> (13 bytes)
Event: 9,373 Thread 0x00007f1ef00ac800 nmethod 255 0x00007f1eececf490 code [0x00007f1eececf5e0, 0x00007f1eececf6f8]
Event: 9,373 Thread 0x00007f1ef00ac800  256   !         com.android.dx.cf.code.Ropper::processBlock (1101 bytes)

GC Heap History (9 events):
Event: 2,187 GC heap before
{Heap before GC invocations=1 (full 0):
 PSYoungGen      total 18432K, used 15872K [0x00000000eaa80000, 0x00000000ebf00000, 0x0000000100000000)
  eden space 15872K, 100% used [0x00000000eaa80000,0x00000000eba00000,0x00000000eba00000)
  from space 2560K, 0% used [0x00000000ebc80000,0x00000000ebc80000,0x00000000ebf00000)
  to   space 2560K, 0% used [0x00000000eba00000,0x00000000eba00000,0x00000000ebc80000)
 ParOldGen       total 40960K, used 0K [0x00000000c0000000, 0x00000000c2800000, 0x00000000eaa80000)
  object space 40960K, 0% used [0x00000000c0000000,0x00000000c0000000,0x00000000c2800000)
 PSPermGen       total 21504K, used 5864K [0x00000000b5a00000, 0x00000000b6f00000, 0x00000000c0000000)
  object space 21504K, 27% used [0x00000000b5a00000,0x00000000b5fba118,0x00000000b6f00000)
Event: 2,206 GC heap after
Heap after GC invocations=1 (full 0):
 PSYoungGen      total 18432K, used 2539K [0x00000000eaa80000, 0x00000000ebf00000, 0x0000000100000000)
  eden space 15872K, 0% used [0x00000000eaa80000,0x00000000eaa80000,0x00000000eba00000)
  from space 2560K, 99% used [0x00000000eba00000,0x00000000ebc7adc0,0x00000000ebc80000)
  to   space 2560K, 0% used [0x00000000ebc80000,0x00000000ebc80000,0x00000000ebf00000)
 ParOldGen       total 40960K, used 1380K [0x00000000c0000000, 0x00000000c2800000, 0x00000000eaa80000)
  object space 40960K, 3% used [0x00000000c0000000,0x00000000c01590e8,0x00000000c2800000)
 PSPermGen       total 21504K, used 5864K [0x00000000b5a00000, 0x00000000b6f00000, 0x00000000c0000000)
  object space 21504K, 27% used [0x00000000b5a00000,0x00000000b5fba118,0x00000000b6f00000)
}
Event: 3,596 GC heap before
{Heap before GC invocations=2 (full 0):
 PSYoungGen      total 18432K, used 18411K [0x00000000eaa80000, 0x00000000ebf00000, 0x0000000100000000)
  eden space 15872K, 100% used [0x00000000eaa80000,0x00000000eba00000,0x00000000eba00000)
  from space 2560K, 99% used [0x00000000eba00000,0x00000000ebc7adc0,0x00000000ebc80000)
  to   space 2560K, 0% used [0x00000000ebc80000,0x00000000ebc80000,0x00000000ebf00000)
 ParOldGen       total 40960K, used 1380K [0x00000000c0000000, 0x00000000c2800000, 0x00000000eaa80000)
  object space 40960K, 3% used [0x00000000c0000000,0x00000000c01590e8,0x00000000c2800000)
 PSPermGen       total 21504K, used 6075K [0x00000000b5a00000, 0x00000000b6f00000, 0x00000000c0000000)
  object space 21504K, 28% used [0x00000000b5a00000,0x00000000b5feedf8,0x00000000b6f00000)
Event: 3,649 GC heap after
Heap after GC invocations=2 (full 0):
 PSYoungGen      total 18432K, used 2558K [0x00000000eaa80000, 0x00000000ece80000, 0x0000000100000000)
  eden space 15872K, 0% used [0x00000000eaa80000,0x00000000eaa80000,0x00000000eba00000)
  from space 2560K, 99% used [0x00000000ebc80000,0x00000000ebeffb28,0x00000000ebf00000)
  to   space 2560K, 0% used [0x00000000eba00000,0x00000000eba00000,0x00000000ebc80000)
 ParOldGen       total 40960K, used 3607K [0x00000000c0000000, 0x00000000c2800000, 0x00000000eaa80000)
  object space 40960K, 8% used [0x00000000c0000000,0x00000000c0385e80,0x00000000c2800000)
 PSPermGen       total 21504K, used 6075K [0x00000000b5a00000, 0x00000000b6f00000, 0x00000000c0000000)
  object space 21504K, 28% used [0x00000000b5a00000,0x00000000b5feedf8,0x00000000b6f00000)
}
Event: 5,188 GC heap before
{Heap before GC invocations=3 (full 0):
 PSYoungGen      total 18432K, used 18430K [0x00000000eaa80000, 0x00000000ece80000, 0x0000000100000000)
  eden space 15872K, 100% used [0x00000000eaa80000,0x00000000eba00000,0x00000000eba00000)
  from space 2560K, 99% used [0x00000000ebc80000,0x00000000ebeffb28,0x00000000ebf00000)
  to   space 2560K, 0% used [0x00000000eba00000,0x00000000eba00000,0x00000000ebc80000)
 ParOldGen       total 40960K, used 3607K [0x00000000c0000000, 0x00000000c2800000, 0x00000000eaa80000)
  object space 40960K, 8% used [0x00000000c0000000,0x00000000c0385e80,0x00000000c2800000)
 PSPermGen       total 21504K, used 6119K [0x00000000b5a00000, 0x00000000b6f00000, 0x00000000c0000000)
  object space 21504K, 28% used [0x00000000b5a00000,0x00000000b5ff9e50,0x00000000b6f00000)
Event: 5,229 GC heap after
Heap after GC invocations=3 (full 0):
 PSYoungGen      total 18432K, used 2528K [0x00000000eaa80000, 0x00000000ece80000, 0x0000000100000000)
  eden space 15872K, 0% used [0x00000000eaa80000,0x00000000eaa80000,0x00000000eba00000)
  from space 2560K, 98% used [0x00000000eba00000,0x00000000ebc78028,0x00000000ebc80000)
  to   space 2560K, 0% used [0x00000000ecc00000,0x00000000ecc00000,0x00000000ece80000)
 ParOldGen       total 40960K, used 6446K [0x00000000c0000000, 0x00000000c2800000, 0x00000000eaa80000)
  object space 40960K, 15% used [0x00000000c0000000,0x00000000c064bb50,0x00000000c2800000)
 PSPermGen       total 21504K, used 6119K [0x00000000b5a00000, 0x00000000b6f00000, 0x00000000c0000000)
  object space 21504K, 28% used [0x00000000b5a00000,0x00000000b5ff9e50,0x00000000b6f00000)
}
Event: 6,972 GC heap before
{Heap before GC invocations=4 (full 0):
 PSYoungGen      total 18432K, used 18400K [0x00000000eaa80000, 0x00000000ece80000, 0x0000000100000000)
  eden space 15872K, 100% used [0x00000000eaa80000,0x00000000eba00000,0x00000000eba00000)
  from space 2560K, 98% used [0x00000000eba00000,0x00000000ebc78028,0x00000000ebc80000)
  to   space 2560K, 0% used [0x00000000ecc00000,0x00000000ecc00000,0x00000000ece80000)
 ParOldGen       total 40960K, used 6446K [0x00000000c0000000, 0x00000000c2800000, 0x00000000eaa80000)
  object space 40960K, 15% used [0x00000000c0000000,0x00000000c064bb50,0x00000000c2800000)
 PSPermGen       total 21504K, used 6166K [0x00000000b5a00000, 0x00000000b6f00000, 0x00000000c0000000)
  object space 21504K, 28% used [0x00000000b5a00000,0x00000000b6005a18,0x00000000b6f00000)
Event: 7,021 GC heap after
Heap after GC invocations=4 (full 0):
 PSYoungGen      total 34304K, used 2552K [0x00000000eaa80000, 0x00000000ece80000, 0x0000000100000000)
  eden space 31744K, 0% used [0x00000000eaa80000,0x00000000eaa80000,0x00000000ec980000)
  from space 2560K, 99% used [0x00000000ecc00000,0x00000000ece7e2d0,0x00000000ece80000)
  to   space 2560K, 0% used [0x00000000ec980000,0x00000000ec980000,0x00000000ecc00000)
 ParOldGen       total 40960K, used 9667K [0x00000000c0000000, 0x00000000c2800000, 0x00000000eaa80000)
  object space 40960K, 23% used [0x00000000c0000000,0x00000000c0970ea8,0x00000000c2800000)
 PSPermGen       total 21504K, used 6166K [0x00000000b5a00000, 0x00000000b6f00000, 0x00000000c0000000)
  object space 21504K, 28% used [0x00000000b5a00000,0x00000000b6005a18,0x00000000b6f00000)
}
Event: 10,395 GC heap before
{Heap before GC invocations=5 (full 0):
 PSYoungGen      total 34304K, used 34296K [0x00000000eaa80000, 0x00000000ece80000, 0x0000000100000000)
  eden space 31744K, 100% used [0x00000000eaa80000,0x00000000ec980000,0x00000000ec980000)
  from space 2560K, 99% used [0x00000000ecc00000,0x00000000ece7e2d0,0x00000000ece80000)
  to   space 2560K, 0% used [0x00000000ec980000,0x00000000ec980000,0x00000000ecc00000)
 ParOldGen       total 40960K, used 9667K [0x00000000c0000000, 0x00000000c2800000, 0x00000000eaa80000)
  object space 40960K, 23% used [0x00000000c0000000,0x00000000c0970ea8,0x00000000c2800000)
 PSPermGen       total 21504K, used 6205K [0x00000000b5a00000, 0x00000000b6f00000, 0x00000000c0000000)
  object space 21504K, 28% used [0x00000000b5a00000,0x00000000b600f580,0x00000000b6f00000)

Deoptimization events (10 events):
Event: 3,858 Thread 0x00007f1ef01a1800 Uncommon trap: reason=class_check action=maybe_recompile pc=0x00007f1eece90e60 method=com.android.dx.rop.type.Type.equals(Ljava/lang/Object;)Z @ 8
Event: 3,858 Thread 0x00007f1ef01a1800 Uncommon trap: reason=class_check action=maybe_recompile pc=0x00007f1eece90e60 method=com.android.dx.rop.type.Type.equals(Ljava/lang/Object;)Z @ 8
Event: 3,859 Thread 0x00007f1ef01a1800 Uncommon trap: reason=class_check action=maybe_recompile pc=0x00007f1eece90e60 method=com.android.dx.rop.type.Type.equals(Ljava/lang/Object;)Z @ 8
Event: 6,413 Thread 0x00007f1ef01a2800 Uncommon trap: reason=null_check action=make_not_entrant pc=0x00007f1eece810e4 method=com.android.dx.ssa.SsaRenamer.getLocalForNewReg(I)Lcom/android/dx/rop/code/LocalItem; @ 19
Event: 6,643 Thread 0x00007f1ef000a800 Uncommon trap: reason=unstable_if action=reinterpret pc=0x00007f1eece7e4d8 method=com.android.dx.cf.code.Ropper.labelToResultIndex(I)I @ 34
Event: 6,645 Thread 0x00007f1ef000a800 Uncommon trap: reason=null_check action=make_not_entrant pc=0x00007f1eece85df4 method=com.android.dx.ssa.SsaRenamer.getLocalForNewReg(I)Lcom/android/dx/rop/code/LocalItem; @ 19
Event: 6,947 Thread 0x00007f1ef01a1800 Uncommon trap: reason=unstable_if action=reinterpret pc=0x00007f1eeced2b18 method=com.android.dx.ssa.SCCP.simulateBranch(Lcom/android/dx/ssa/SsaInsn;)V @ 64
Event: 8,886 Thread 0x00007f1ef0190800 Uncommon trap: reason=unstable_if action=reinterpret pc=0x00007f1eeceaa40c method=java.util.HashMap.put(Ljava/lang/Object;Ljava/lang/Object;)Ljava/lang/Object; @ 86
Event: 9,828 Thread 0x00007f1ef01a1800 Uncommon trap: reason=unstable_if action=reinterpret pc=0x00007f1eecec9c34 method=com.android.dx.util.IntList.binarysearch(I)I @ 105
Event: 9,856 Thread 0x00007f1ef01a1800 Uncommon trap: reason=unstable_if action=reinterpret pc=0x00007f1eeceefe4c method=com.android.dx.ssa.SsaBasicBlock.newFromRop(Lcom/android/dx/rop/code/RopMethod;ILcom/android/dx/ssa/SsaMethod;)Lcom/android/dx/ssa/SsaBasicBlock; @ 164

Internal exceptions (10 events):
Event: 2,589 Thread 0x00007f1ef000a800 Threw 0x00000000eae8ae18 at /build/openjdk-7-2FOwCu/openjdk-7-7u95-2.6.4/build/openjdk/hotspot/src/share/vm/prims/jvm.cpp:1322
Event: 2,589 Thread 0x00007f1ef000a800 Threw 0x00000000eae8dd78 at /build/openjdk-7-2FOwCu/openjdk-7-7u95-2.6.4/build/openjdk/hotspot/src/share/vm/prims/jvm.cpp:1322
Event: 5,629 Thread 0x00007f1ef01a1800 Threw 0x00000000eada5b18 at /build/openjdk-7-2FOwCu/openjdk-7-7u95-2.6.4/build/openjdk/hotspot/src/share/vm/prims/jvm.cpp:1322
Event: 5,631 Thread 0x00007f1ef01a1800 Threw 0x00000000eadabac8 at /build/openjdk-7-2FOwCu/openjdk-7-7u95-2.6.4/build/openjdk/hotspot/src/share/vm/prims/jvm.cpp:1322
Event: 5,636 Thread 0x00007f1ef01a1800 Threw 0x00000000eadb18e0 at /build/openjdk-7-2FOwCu/openjdk-7-7u95-2.6.4/build/openjdk/hotspot/src/share/vm/prims/jvm.cpp:1322
Event: 6,413 Thread 0x00007f1ef01a2800 Implicit null exception at 0x00007f1eece80617 to 0x00007f1eece810c9
Event: 6,645 Thread 0x00007f1ef000a800 Implicit null exception at 0x00007f1eece85496 to 0x00007f1eece85ddd
Event: 9,455 Thread 0x00007f1ef000a800 Threw 0x00000000ebc771a0 at /build/openjdk-7-2FOwCu/openjdk-7-7u95-2.6.4/build/openjdk/hotspot/src/share/vm/prims/jvm.cpp:1322
Event: 9,460 Thread 0x00007f1ef000a800 Threw 0x00000000ebc7a018 at /build/openjdk-7-2FOwCu/openjdk-7-7u95-2.6.4/build/openjdk/hotspot/src/share/vm/prims/jvm.cpp:1322
Event: 9,982 Thread 0x00007f1ef01a2800 Threw 0x00000000ec46e120 at /build/openjdk-7-2FOwCu/openjdk-7-7u95-2.6.4/build/openjdk/hotspot/src/share/vm/prims/jvm.cpp:1322

Events (10 events):
Event: 9,460 loading class 0x00007f1ef013c460 done
Event: 9,828 Thread 0x00007f1ef01a1800 Uncommon trap: trap_request=0xffffff75 fr.pc=0x00007f1eecec9c34
Event: 9,828 Thread 0x00007f1ef01a1800 DEOPT PACKING pc=0x00007f1eecec9c34 sp=0x00007f1ed6249230
Event: 9,828 Thread 0x00007f1ef01a1800 DEOPT UNPACKING pc=0x00007f1eece30445 sp=0x00007f1ed6249170 mode 2
Event: 9,856 Thread 0x00007f1ef01a1800 Uncommon trap: trap_request=0xffffff75 fr.pc=0x00007f1eeceefe4c
Event: 9,856 Thread 0x00007f1ef01a1800 DEOPT PACKING pc=0x00007f1eeceefe4c sp=0x00007f1ed6249170
Event: 9,856 Thread 0x00007f1ef01a1800 DEOPT UNPACKING pc=0x00007f1eece30445 sp=0x00007f1ed6249150 mode 2
Event: 9,982 loading class 0x00007f1eac005be0
Event: 9,982 loading class 0x00007f1eac005be0 done
Event: 10,360 Executing VM operation: ParallelGCFailedAllocation


Dynamic libraries:
00400000-00401000 r-xp 00000000 08:06 1454669                            /usr/lib/jvm/java-7-openjdk-amd64/jre/bin/java
00600000-00601000 r--p 00000000 08:06 1454669                            /usr/lib/jvm/java-7-openjdk-amd64/jre/bin/java
00601000-00602000 rw-p 00001000 08:06 1454669                            /usr/lib/jvm/java-7-openjdk-amd64/jre/bin/java
00844000-00865000 rw-p 00000000 00:00 0                                  [heap]
b5a00000-b6f00000 rw-p 00000000 00:00 0 
b6f00000-c0000000 rw-p 00000000 00:00 0 
c0000000-c2800000 rw-p 00000000 00:00 0 
c2800000-eaa80000 rw-p 00000000 00:00 0 
eaa80000-ece80000 rw-p 00000000 00:00 0 
ef980000-100000000 rw-p 00000000 00:00 0 
7f1ea0000000-7f1ea0021000 rw-p 00000000 00:00 0 
7f1ea0021000-7f1ea4000000 ---p 00000000 00:00 0 
7f1ea4000000-7f1ea4021000 rw-p 00000000 00:00 0 
7f1ea4021000-7f1ea8000000 ---p 00000000 00:00 0 
7f1ea8000000-7f1ea8021000 rw-p 00000000 00:00 0 
7f1ea8021000-7f1eac000000 ---p 00000000 00:00 0 
7f1eac000000-7f1eac021000 rw-p 00000000 00:00 0 
7f1eac021000-7f1eb0000000 ---p 00000000 00:00 0 
7f1eb0000000-7f1eb0021000 rw-p 00000000 00:00 0 
7f1eb0021000-7f1eb4000000 ---p 00000000 00:00 0 
7f1eb4000000-7f1eb4038000 rw-p 00000000 00:00 0 
7f1eb4038000-7f1eb8000000 ---p 00000000 00:00 0 
7f1eb8000000-7f1eb9468000 rw-p 00000000 00:00 0 
7f1eb9468000-7f1ebc000000 ---p 00000000 00:00 0 
7f1ebc000000-7f1ebc021000 rw-p 00000000 00:00 0 
7f1ebc021000-7f1ec0000000 ---p 00000000 00:00 0 
7f1ec0000000-7f1ec0021000 rw-p 00000000 00:00 0 
7f1ec0021000-7f1ec4000000 ---p 00000000 00:00 0 
7f1ec4000000-7f1ec52cc000 rw-p 00000000 00:00 0 
7f1ec52cc000-7f1ec8000000 ---p 00000000 00:00 0 
7f1ec8000000-7f1ec8021000 rw-p 00000000 00:00 0 
7f1ec8021000-7f1ecc000000 ---p 00000000 00:00 0 
7f1ecc000000-7f1ecc021000 rw-p 00000000 00:00 0 
7f1ecc021000-7f1ed0000000 ---p 00000000 00:00 0 
7f1ed0000000-7f1ed0021000 rw-p 00000000 00:00 0 
7f1ed0021000-7f1ed4000000 ---p 00000000 00:00 0 
7f1ed6049000-7f1ed604c000 ---p 00000000 00:00 0 
7f1ed604c000-7f1ed614a000 rw-p 00000000 00:00 0                          [stack:4952]
7f1ed614a000-7f1ed614d000 ---p 00000000 00:00 0 
7f1ed614d000-7f1ed624b000 rw-p 00000000 00:00 0                          [stack:4951]
7f1ed624b000-7f1ed624e000 ---p 00000000 00:00 0 
7f1ed624e000-7f1ed634c000 rw-p 00000000 00:00 0                          [stack:4950]
7f1ed634c000-7f1ed634f000 ---p 00000000 00:00 0 
7f1ed634f000-7f1ed644d000 rw-p 00000000 00:00 0                          [stack:4949]
7f1ed644d000-7f1ed6450000 ---p 00000000 00:00 0 
7f1ed6450000-7f1ed657f000 rw-p 00000000 00:00 0                          [stack:4948]
7f1ed657f000-7f1ed65bc000 r-xp 00000000 08:06 130821                     /lib/x86_64-linux-gnu/libpcre.so.3.13.1
7f1ed65bc000-7f1ed67bb000 ---p 0003d000 08:06 130821                     /lib/x86_64-linux-gnu/libpcre.so.3.13.1
7f1ed67bb000-7f1ed67bc000 r--p 0003c000 08:06 130821                     /lib/x86_64-linux-gnu/libpcre.so.3.13.1
7f1ed67bc000-7f1ed67bd000 rw-p 0003d000 08:06 130821                     /lib/x86_64-linux-gnu/libpcre.so.3.13.1
7f1ed67bd000-7f1ed67c4000 r-xp 00000000 08:06 1447540                    /usr/lib/x86_64-linux-gnu/libffi.so.6.0.1
7f1ed67c4000-7f1ed69c3000 ---p 00007000 08:06 1447540                    /usr/lib/x86_64-linux-gnu/libffi.so.6.0.1
7f1ed69c3000-7f1ed69c4000 r--p 00006000 08:06 1447540                    /usr/lib/x86_64-linux-gnu/libffi.so.6.0.1
7f1ed69c4000-7f1ed69c5000 rw-p 00007000 08:06 1447540                    /usr/lib/x86_64-linux-gnu/libffi.so.6.0.1
7f1ed69c5000-7f1ed69dc000 r-xp 00000000 08:06 134868                     /lib/x86_64-linux-gnu/libresolv-2.19.so
7f1ed69dc000-7f1ed6bdc000 ---p 00017000 08:06 134868                     /lib/x86_64-linux-gnu/libresolv-2.19.so
7f1ed6bdc000-7f1ed6bdd000 r--p 00017000 08:06 134868                     /lib/x86_64-linux-gnu/libresolv-2.19.so
7f1ed6bdd000-7f1ed6bde000 rw-p 00018000 08:06 134868                     /lib/x86_64-linux-gnu/libresolv-2.19.so
7f1ed6bde000-7f1ed6be0000 rw-p 00000000 00:00 0 
7f1ed6be0000-7f1ed6c00000 r-xp 00000000 08:06 135079                     /lib/x86_64-linux-gnu/libselinux.so.1
7f1ed6c00000-7f1ed6dff000 ---p 00020000 08:06 135079                     /lib/x86_64-linux-gnu/libselinux.so.1
7f1ed6dff000-7f1ed6e00000 r--p 0001f000 08:06 135079                     /lib/x86_64-linux-gnu/libselinux.so.1
7f1ed6e00000-7f1ed6e01000 rw-p 00020000 08:06 135079                     /lib/x86_64-linux-gnu/libselinux.so.1
7f1ed6e01000-7f1ed6e03000 rw-p 00000000 00:00 0 
7f1ed6e03000-7f1ed6e06000 r-xp 00000000 08:06 1439340                    /usr/lib/x86_64-linux-gnu/libgmodule-2.0.so.0.4002.0
7f1ed6e06000-7f1ed7005000 ---p 00003000 08:06 1439340                    /usr/lib/x86_64-linux-gnu/libgmodule-2.0.so.0.4002.0
7f1ed7005000-7f1ed7006000 r--p 00002000 08:06 1439340                    /usr/lib/x86_64-linux-gnu/libgmodule-2.0.so.0.4002.0
7f1ed7006000-7f1ed7007000 rw-p 00003000 08:06 1439340                    /usr/lib/x86_64-linux-gnu/libgmodule-2.0.so.0.4002.0
7f1ed7007000-7f1ed710d000 r-xp 00000000 08:06 134871                     /lib/x86_64-linux-gnu/libglib-2.0.so.0.4002.0
7f1ed710d000-7f1ed730c000 ---p 00106000 08:06 134871                     /lib/x86_64-linux-gnu/libglib-2.0.so.0.4002.0
7f1ed730c000-7f1ed730d000 r--p 00105000 08:06 134871                     /lib/x86_64-linux-gnu/libglib-2.0.so.0.4002.0
7f1ed730d000-7f1ed730e000 rw-p 00106000 08:06 134871                     /lib/x86_64-linux-gnu/libglib-2.0.so.0.4002.0
7f1ed730e000-7f1ed730f000 rw-p 00000000 00:00 0 
7f1ed730f000-7f1ed735e000 r-xp 00000000 08:06 1439358                    /usr/lib/x86_64-linux-gnu/libgobject-2.0.so.0.4002.0
7f1ed735e000-7f1ed755e000 ---p 0004f000 08:06 1439358                    /usr/lib/x86_64-linux-gnu/libgobject-2.0.so.0.4002.0
7f1ed755e000-7f1ed755f000 r--p 0004f000 08:06 1439358                    /usr/lib/x86_64-linux-gnu/libgobject-2.0.so.0.4002.0
7f1ed755f000-7f1ed7560000 rw-p 00050000 08:06 1439358                    /usr/lib/x86_64-linux-gnu/libgobject-2.0.so.0.4002.0
7f1ed7560000-7f1ed76cc000 r-xp 00000000 08:06 1439362                    /usr/lib/x86_64-linux-gnu/libgio-2.0.so.0.4002.0
7f1ed76cc000-7f1ed78cb000 ---p 0016c000 08:06 1439362                    /usr/lib/x86_64-linux-gnu/libgio-2.0.so.0.4002.0
7f1ed78cb000-7f1ed78cf000 r--p 0016b000 08:06 1439362                    /usr/lib/x86_64-linux-gnu/libgio-2.0.so.0.4002.0
7f1ed78cf000-7f1ed78d1000 rw-p 0016f000 08:06 1439362                    /usr/lib/x86_64-linux-gnu/libgio-2.0.so.0.4002.0
7f1ed78d1000-7f1ed78d3000 rw-p 00000000 00:00 0 
7f1ed78d3000-7f1ed78ea000 r-xp 00000000 08:06 1489830                    /usr/lib/jvm/java-7-openjdk-amd64/jre/lib/amd64/libnet.so
7f1ed78ea000-7f1ed7ae9000 ---p 00017000 08:06 1489830                    /usr/lib/jvm/java-7-openjdk-amd64/jre/lib/amd64/libnet.so
7f1ed7ae9000-7f1ed7aea000 r--p 00016000 08:06 1489830                    /usr/lib/jvm/java-7-openjdk-amd64/jre/lib/amd64/libnet.so
7f1ed7aea000-7f1ed7aeb000 rw-p 00017000 08:06 1489830                    /usr/lib/jvm/java-7-openjdk-amd64/jre/lib/amd64/libnet.so
7f1ed7aeb000-7f1ed7afb000 r-xp 00000000 08:06 1489812                    /usr/lib/jvm/java-7-openjdk-amd64/jre/lib/amd64/libnio.so
7f1ed7afb000-7f1ed7cfb000 ---p 00010000 08:06 1489812                    /usr/lib/jvm/java-7-openjdk-amd64/jre/lib/amd64/libnio.so
7f1ed7cfb000-7f1ed7cfc000 r--p 00010000 08:06 1489812                    /usr/lib/jvm/java-7-openjdk-amd64/jre/lib/amd64/libnio.so
7f1ed7cfc000-7f1ed7cfd000 rw-p 00011000 08:06 1489812                    /usr/lib/jvm/java-7-openjdk-amd64/jre/lib/amd64/libnio.so
7f1ed7cfd000-7f1ed7cfe000 ---p 00000000 00:00 0 
7f1ed7cfe000-7f1ed7dfe000 rw-p 00000000 00:00 0                          [stack:4942]
7f1ed7dfe000-7f1ed7e01000 ---p 00000000 00:00 0 
7f1ed7e01000-7f1ed7eff000 rw-p 00000000 00:00 0                          [stack:4941]
7f1ed7eff000-7f1ed7f02000 ---p 00000000 00:00 0 
7f1ed7f02000-7f1ed8000000 rw-p 00000000 00:00 0                          [stack:4940]
7f1ed8000000-7f1ed8021000 rw-p 00000000 00:00 0 
7f1ed8021000-7f1edc000000 ---p 00000000 00:00 0 
7f1edc000000-7f1edc021000 rw-p 00000000 00:00 0 
7f1edc021000-7f1ee0000000 ---p 00000000 00:00 0 
7f1ee0000000-7f1ee0021000 rw-p 00000000 00:00 0 
7f1ee0021000-7f1ee4000000 ---p 00000000 00:00 0 
7f1ee402a000-7f1ee402d000 ---p 00000000 00:00 0 
7f1ee402d000-7f1ee412b000 rw-p 00000000 00:00 0                          [stack:4939]
7f1ee412b000-7f1ee412e000 ---p 00000000 00:00 0 
7f1ee412e000-7f1ee422c000 rw-p 00000000 00:00 0                          [stack:4938]
7f1ee422c000-7f1ee4a7e000 r--p 00000000 08:06 1447082                    /usr/lib/locale/locale-archive
7f1ee4a7e000-7f1ee4a81000 ---p 00000000 00:00 0 
7f1ee4a81000-7f1ee4b7f000 rw-p 00000000 00:00 0                          [stack:4937]
7f1ee4b7f000-7f1ee4b82000 ---p 00000000 00:00 0 
7f1ee4b82000-7f1ee4c80000 rw-p 00000000 00:00 0                          [stack:4936]
7f1ee4c80000-7f1ee4c81000 ---p 00000000 00:00 0 
7f1ee4c81000-7f1ee8000000 rw-p 00000000 00:00 0                          [stack:4935]
7f1ee8000000-7f1ee8021000 rw-p 00000000 00:00 0 
7f1ee8021000-7f1eec000000 ---p 00000000 00:00 0 
7f1eec01b000-7f1eec2c9000 rw-p 00000000 00:00 0 
7f1eec2c9000-7f1eec47b000 r--s 01d2f000 08:06 1489796                    /usr/lib/jvm/java-7-openjdk-amd64/jre/lib/rt.jar
7f1eec47b000-7f1eec79f000 rw-p 00000000 00:00 0 
7f1eec79f000-7f1eec7a0000 ---p 00000000 00:00 0 
7f1eec7a0000-7f1eec8a0000 rw-p 00000000 00:00 0                          [stack:4934]
7f1eec8a0000-7f1eec8a1000 ---p 00000000 00:00 0 
7f1eec8a1000-7f1eec9a1000 rw-p 00000000 00:00 0                          [stack:4933]
7f1eec9a1000-7f1eec9a2000 ---p 00000000 00:00 0 
7f1eec9a2000-7f1eecaa2000 rw-p 00000000 00:00 0                          [stack:4932]
7f1eecaa2000-7f1eecaa3000 ---p 00000000 00:00 0 
7f1eecaa3000-7f1eecbae000 rw-p 00000000 00:00 0                          [stack:4931]
7f1eecbae000-7f1eecbf6000 rw-p 00000000 00:00 0 
7f1eecbf6000-7f1eecc0a000 rw-p 00000000 00:00 0 
7f1eecc0a000-7f1eecd4b000 rw-p 00000000 00:00 0 
7f1eecd4b000-7f1eecd5e000 rw-p 00000000 00:00 0 
7f1eecd5e000-7f1eecdf6000 rw-p 00000000 00:00 0 
7f1eecdf6000-7f1eecdf7000 rw-p 00000000 00:00 0 
7f1eecdf7000-7f1eed067000 rwxp 00000000 00:00 0 
7f1eed067000-7f1eefdf7000 rw-p 00000000 00:00 0 
7f1eefdf7000-7f1eefdff000 r-xp 00000000 08:06 1489805                    /usr/lib/jvm/java-7-openjdk-amd64/jre/lib/amd64/libzip.so
7f1eefdff000-7f1eefffe000 ---p 00008000 08:06 1489805                    /usr/lib/jvm/java-7-openjdk-amd64/jre/lib/amd64/libzip.so
7f1eefffe000-7f1eeffff000 r--p 00007000 08:06 1489805                    /usr/lib/jvm/java-7-openjdk-amd64/jre/lib/amd64/libzip.so
7f1eeffff000-7f1ef0000000 rw-p 00008000 08:06 1489805                    /usr/lib/jvm/java-7-openjdk-amd64/jre/lib/amd64/libzip.so
7f1ef0000000-7f1ef01db000 rw-p 00000000 00:00 0 
7f1ef01db000-7f1ef4000000 ---p 00000000 00:00 0 
7f1ef4002000-7f1ef4006000 r--s 00045000 08:06 3245259                    /home/tulin/AndroidStudioProjects/CamApp/app/build/intermediates/exploded-aar/com.android.support/recyclerview-v7/23.2.0/jars/classes.jar (deleted)
7f1ef4006000-7f1ef4015000 r--s 000df000 08:06 3216701                    /home/tulin/Android/Sdk/build-tools/23.0.2/lib/dx.jar
7f1ef4015000-7f1ef4018000 r--s 0000f000 08:06 1489840                    /usr/lib/jvm/java-7-openjdk-amd64/jre/lib/ext/icedtea-sound.jar
7f1ef4018000-7f1ef404b000 rw-p 00000000 00:00 0 
7f1ef404b000-7f1ef4093000 rw-p 00000000 00:00 0 
7f1ef4093000-7f1ef40a7000 rw-p 00000000 00:00 0 
7f1ef40a7000-7f1ef41e9000 rw-p 00000000 00:00 0 
7f1ef41e9000-7f1ef41f4000 r-xp 00000000 08:06 184225                     /lib/x86_64-linux-gnu/libnss_files-2.19.so
7f1ef41f4000-7f1ef43f3000 ---p 0000b000 08:06 184225                     /lib/x86_64-linux-gnu/libnss_files-2.19.so
7f1ef43f3000-7f1ef43f4000 r--p 0000a000 08:06 184225                     /lib/x86_64-linux-gnu/libnss_files-2.19.so
7f1ef43f4000-7f1ef43f5000 rw-p 0000b000 08:06 184225                     /lib/x86_64-linux-gnu/libnss_files-2.19.so
7f1ef43f5000-7f1ef4400000 r-xp 00000000 08:06 145746                     /lib/x86_64-linux-gnu/libnss_nis-2.19.so
7f1ef4400000-7f1ef45ff000 ---p 0000b000 08:06 145746                     /lib/x86_64-linux-gnu/libnss_nis-2.19.so
7f1ef45ff000-7f1ef4600000 r--p 0000a000 08:06 145746                     /lib/x86_64-linux-gnu/libnss_nis-2.19.so
7f1ef4600000-7f1ef4601000 rw-p 0000b000 08:06 145746                     /lib/x86_64-linux-gnu/libnss_nis-2.19.so
7f1ef4601000-7f1ef4618000 r-xp 00000000 08:06 145742                     /lib/x86_64-linux-gnu/libnsl-2.19.so
7f1ef4618000-7f1ef4817000 ---p 00017000 08:06 145742                     /lib/x86_64-linux-gnu/libnsl-2.19.so
7f1ef4817000-7f1ef4818000 r--p 00016000 08:06 145742                     /lib/x86_64-linux-gnu/libnsl-2.19.so
7f1ef4818000-7f1ef4819000 rw-p 00017000 08:06 145742                     /lib/x86_64-linux-gnu/libnsl-2.19.so
7f1ef4819000-7f1ef481b000 rw-p 00000000 00:00 0 
7f1ef481b000-7f1ef4824000 r-xp 00000000 08:06 145741                     /lib/x86_64-linux-gnu/libnss_compat-2.19.so
7f1ef4824000-7f1ef4a23000 ---p 00009000 08:06 145741                     /lib/x86_64-linux-gnu/libnss_compat-2.19.so
7f1ef4a23000-7f1ef4a24000 r--p 00008000 08:06 145741                     /lib/x86_64-linux-gnu/libnss_compat-2.19.so
7f1ef4a24000-7f1ef4a25000 rw-p 00009000 08:06 145741                     /lib/x86_64-linux-gnu/libnss_compat-2.19.so
7f1ef4a25000-7f1ef4a50000 r-xp 00000000 08:06 1489826                    /usr/lib/jvm/java-7-openjdk-amd64/jre/lib/amd64/libjava.so
7f1ef4a50000-7f1ef4c50000 ---p 0002b000 08:06 1489826                    /usr/lib/jvm/java-7-openjdk-amd64/jre/lib/amd64/libjava.so
7f1ef4c50000-7f1ef4c51000 r--p 0002b000 08:06 1489826                    /usr/lib/jvm/java-7-openjdk-amd64/jre/lib/amd64/libjava.so
7f1ef4c51000-7f1ef4c53000 rw-p 0002c000 08:06 1489826                    /usr/lib/jvm/java-7-openjdk-amd64/jre/lib/amd64/libjava.so
7f1ef4c53000-7f1ef4c63000 r-xp 00000000 08:06 1489810                    /usr/lib/jvm/java-7-openjdk-amd64/jre/lib/amd64/libverify.so
7f1ef4c63000-7f1ef4e62000 ---p 00010000 08:06 1489810                    /usr/lib/jvm/java-7-openjdk-amd64/jre/lib/amd64/libverify.so
7f1ef4e62000-7f1ef4e64000 r--p 0000f000 08:06 1489810                    /usr/lib/jvm/java-7-openjdk-amd64/jre/lib/amd64/libverify.so
7f1ef4e64000-7f1ef4e65000 rw-p 00011000 08:06 1489810                    /usr/lib/jvm/java-7-openjdk-amd64/jre/lib/amd64/libverify.so
7f1ef4e65000-7f1ef4e6c000 r-xp 00000000 08:06 148472                     /lib/x86_64-linux-gnu/librt-2.19.so
7f1ef4e6c000-7f1ef506b000 ---p 00007000 08:06 148472                     /lib/x86_64-linux-gnu/librt-2.19.so
7f1ef506b000-7f1ef506c000 r--p 00006000 08:06 148472                     /lib/x86_64-linux-gnu/librt-2.19.so
7f1ef506c000-7f1ef506d000 rw-p 00007000 08:06 148472                     /lib/x86_64-linux-gnu/librt-2.19.so
7f1ef506d000-7f1ef5083000 r-xp 00000000 08:06 131070                     /lib/x86_64-linux-gnu/libgcc_s.so.1
7f1ef5083000-7f1ef5282000 ---p 00016000 08:06 131070                     /lib/x86_64-linux-gnu/libgcc_s.so.1
7f1ef5282000-7f1ef5283000 rw-p 00015000 08:06 131070                     /lib/x86_64-linux-gnu/libgcc_s.so.1
7f1ef5283000-7f1ef5388000 r-xp 00000000 08:06 135048                     /lib/x86_64-linux-gnu/libm-2.19.so
7f1ef5388000-7f1ef5587000 ---p 00105000 08:06 135048                     /lib/x86_64-linux-gnu/libm-2.19.so
7f1ef5587000-7f1ef5588000 r--p 00104000 08:06 135048                     /lib/x86_64-linux-gnu/libm-2.19.so
7f1ef5588000-7f1ef5589000 rw-p 00105000 08:06 135048                     /lib/x86_64-linux-gnu/libm-2.19.so
7f1ef5589000-7f1ef566f000 r-xp 00000000 08:06 1439330                    /usr/lib/x86_64-linux-gnu/libstdc++.so.6.0.19
7f1ef566f000-7f1ef586e000 ---p 000e6000 08:06 1439330                    /usr/lib/x86_64-linux-gnu/libstdc++.so.6.0.19
7f1ef586e000-7f1ef5876000 r--p 000e5000 08:06 1439330                    /usr/lib/x86_64-linux-gnu/libstdc++.so.6.0.19
7f1ef5876000-7f1ef5878000 rw-p 000ed000 08:06 1439330                    /usr/lib/x86_64-linux-gnu/libstdc++.so.6.0.19
7f1ef5878000-7f1ef588d000 rw-p 00000000 00:00 0 
7f1ef588d000-7f1ef63b2000 r-xp 00000000 08:06 1489806                    /usr/lib/jvm/java-7-openjdk-amd64/jre/lib/amd64/server/libjvm.so
7f1ef63b2000-7f1ef65b2000 ---p 00b25000 08:06 1489806                    /usr/lib/jvm/java-7-openjdk-amd64/jre/lib/amd64/server/libjvm.so
7f1ef65b2000-7f1ef664c000 r--p 00b25000 08:06 1489806                    /usr/lib/jvm/java-7-openjdk-amd64/jre/lib/amd64/server/libjvm.so
7f1ef664c000-7f1ef666f000 rw-p 00bbf000 08:06 1489806                    /usr/lib/jvm/java-7-openjdk-amd64/jre/lib/amd64/server/libjvm.so
7f1ef666f000-7f1ef669d000 rw-p 00000000 00:00 0 
7f1ef669d000-7f1ef66b5000 r-xp 00000000 08:06 135112                     /lib/x86_64-linux-gnu/libz.so.1.2.8
7f1ef66b5000-7f1ef68b4000 ---p 00018000 08:06 135112                     /lib/x86_64-linux-gnu/libz.so.1.2.8
7f1ef68b4000-7f1ef68b5000 r--p 00017000 08:06 135112                     /lib/x86_64-linux-gnu/libz.so.1.2.8
7f1ef68b5000-7f1ef68b6000 rw-p 00018000 08:06 135112                     /lib/x86_64-linux-gnu/libz.so.1.2.8
7f1ef68b6000-7f1ef68cf000 r-xp 00000000 08:06 145743                     /lib/x86_64-linux-gnu/libpthread-2.19.so
7f1ef68cf000-7f1ef6ace000 ---p 00019000 08:06 145743                     /lib/x86_64-linux-gnu/libpthread-2.19.so
7f1ef6ace000-7f1ef6acf000 r--p 00018000 08:06 145743                     /lib/x86_64-linux-gnu/libpthread-2.19.so
7f1ef6acf000-7f1ef6ad0000 rw-p 00019000 08:06 145743                     /lib/x86_64-linux-gnu/libpthread-2.19.so
7f1ef6ad0000-7f1ef6ad4000 rw-p 00000000 00:00 0 
7f1ef6ad4000-7f1ef6ad7000 r-xp 00000000 08:06 145738                     /lib/x86_64-linux-gnu/libdl-2.19.so
7f1ef6ad7000-7f1ef6cd6000 ---p 00003000 08:06 145738                     /lib/x86_64-linux-gnu/libdl-2.19.so
7f1ef6cd6000-7f1ef6cd7000 r--p 00002000 08:06 145738                     /lib/x86_64-linux-gnu/libdl-2.19.so
7f1ef6cd7000-7f1ef6cd8000 rw-p 00003000 08:06 145738                     /lib/x86_64-linux-gnu/libdl-2.19.so
7f1ef6cd8000-7f1ef6e93000 r-xp 00000000 08:06 148473                     /lib/x86_64-linux-gnu/libc-2.19.so
7f1ef6e93000-7f1ef7092000 ---p 001bb000 08:06 148473                     /lib/x86_64-linux-gnu/libc-2.19.so
7f1ef7092000-7f1ef7096000 r--p 001ba000 08:06 148473                     /lib/x86_64-linux-gnu/libc-2.19.so
7f1ef7096000-7f1ef7098000 rw-p 001be000 08:06 148473                     /lib/x86_64-linux-gnu/libc-2.19.so
7f1ef7098000-7f1ef709d000 rw-p 00000000 00:00 0 
7f1ef709d000-7f1ef70aa000 r-xp 00000000 08:06 1489800                    /usr/lib/jvm/java-7-openjdk-amd64/jre/lib/amd64/jli/libjli.so
7f1ef70aa000-7f1ef72a9000 ---p 0000d000 08:06 1489800                    /usr/lib/jvm/java-7-openjdk-amd64/jre/lib/amd64/jli/libjli.so
7f1ef72a9000-7f1ef72aa000 r--p 0000c000 08:06 1489800                    /usr/lib/jvm/java-7-openjdk-amd64/jre/lib/amd64/jli/libjli.so
7f1ef72aa000-7f1ef72ab000 rw-p 0000d000 08:06 1489800                    /usr/lib/jvm/java-7-openjdk-amd64/jre/lib/amd64/jli/libjli.so
7f1ef72ab000-7f1ef72ce000 r-xp 00000000 08:06 145744                     /lib/x86_64-linux-gnu/ld-2.19.so
7f1ef72d0000-7f1ef72f2000 rw-p 00000000 00:00 0 
7f1ef72f2000-7f1ef73a8000 rw-p 00000000 00:00 0 
7f1ef73a8000-7f1ef73ab000 ---p 00000000 00:00 0 
7f1ef73ab000-7f1ef74ae000 rw-p 00000000 00:00 0                          [stack:4928]
7f1ef74af000-7f1ef74b0000 rw-p 00000000 00:00 0 
7f1ef74b0000-7f1ef74b2000 r--s 00012000 08:06 1489837                    /usr/lib/jvm/java-7-openjdk-amd64/jre/lib/ext/zipfs.jar
7f1ef74b2000-7f1ef74b3000 r--s 00002000 08:06 1489839                    /usr/lib/jvm/java-7-openjdk-amd64/jre/lib/ext/dnsns.jar
7f1ef74b3000-7f1ef74b5000 r--s 00006000 08:06 1840524                    /usr/share/java/java-atk-wrapper.jar
7f1ef74b5000-7f1ef74b9000 r--s 0003c000 08:06 1489838                    /usr/lib/jvm/java-7-openjdk-amd64/jre/lib/ext/sunpkcs11.jar
7f1ef74b9000-7f1ef74bd000 r--s 00034000 08:06 1489836                    /usr/lib/jvm/java-7-openjdk-amd64/jre/lib/ext/sunjce_provider.jar
7f1ef74bd000-7f1ef74c1000 r--s 00085000 08:06 1489835                    /usr/lib/jvm/java-7-openjdk-amd64/jre/lib/ext/localedata.jar
7f1ef74c1000-7f1ef74c9000 rw-s 00000000 08:06 1841767                    /tmp/hsperfdata_tulin/4926
7f1ef74c9000-7f1ef74ca000 rw-p 00000000 00:00 0 
7f1ef74ca000-7f1ef74cb000 ---p 00000000 00:00 0 
7f1ef74cb000-7f1ef74cd000 rw-p 00000000 00:00 0 
7f1ef74cd000-7f1ef74ce000 r--p 00022000 08:06 145744                     /lib/x86_64-linux-gnu/ld-2.19.so
7f1ef74ce000-7f1ef74cf000 rw-p 00023000 08:06 145744                     /lib/x86_64-linux-gnu/ld-2.19.so
7f1ef74cf000-7f1ef74d0000 rw-p 00000000 00:00 0 
7ffca4c88000-7ffca4ca9000 rw-p 00000000 00:00 0                          [stack]
7ffca4d5d000-7ffca4d5f000 r-xp 00000000 00:00 0                          [vdso]
ffffffffff600000-ffffffffff601000 r-xp 00000000 00:00 0                  [vsyscall]

VM Arguments:
jvm_args: -Djava.awt.headless=true -Xmx1024M -Dfile.encoding=UTF-8 -Duser.country=US -Duser.language=en -Duser.variant 
java_command: com.android.dx.command.Main --dex --num-threads=4 --output /home/tulin/AndroidStudioProjects/CamApp/app/build/intermediates/pre-dexed/debug/com.android.support-recyclerview-v7-23.2.0_1e698ea31065689c0b0084fe9b14c8639469b576.jar /home/tulin/AndroidStudioProjects/CamApp/app/build/intermediates/exploded-aar/com.android.support/recyclerview-v7/23.2.0/jars/classes.jar
Launcher Type: SUN_STANDARD

Environment Variables:
PATH=/usr/local/sbin:/usr/local/bin:/usr/sbin:/usr/bin:/sbin:/bin:/usr/games:/usr/local/games
SHELL=/bin/bash
DISPLAY=:0

Signal Handlers:
SIGSEGV: [libjvm.so+0x955bc0], sa_mask[0]=0x7ffbfeff, sa_flags=0x10000004
SIGBUS: [libjvm.so+0x955bc0], sa_mask[0]=0x7ffbfeff, sa_flags=0x10000004
SIGFPE: [libjvm.so+0x7caff0], sa_mask[0]=0x7ffbfeff, sa_flags=0x10000004
SIGPIPE: [libjvm.so+0x7caff0], sa_mask[0]=0x7ffbfeff, sa_flags=0x10000004
SIGXFSZ: [libjvm.so+0x7caff0], sa_mask[0]=0x7ffbfeff, sa_flags=0x10000004
SIGILL: [libjvm.so+0x7caff0], sa_mask[0]=0x7ffbfeff, sa_flags=0x10000004
SIGUSR1: SIG_DFL, sa_mask[0]=0x00000000, sa_flags=0x00000000
SIGUSR2: [libjvm.so+0x7cae90], sa_mask[0]=0x00000004, sa_flags=0x10000004
SIGHUP: [libjvm.so+0x7cb070], sa_mask[0]=0x7ffbfeff, sa_flags=0x10000004
SIGINT: [libjvm.so+0x7cb070], sa_mask[0]=0x7ffbfeff, sa_flags=0x10000004
SIGTERM: [libjvm.so+0x7cb070], sa_mask[0]=0x7ffbfeff, sa_flags=0x10000004
SIGQUIT: [libjvm.so+0x7cb070], sa_mask[0]=0x7ffbfeff, sa_flags=0x10000004
SIGTRAP: SIG_DFL, sa_mask[0]=0x00000000, sa_flags=0x00000000


---------------  S Y S T E M  ---------------

OS:Ubuntu 14.04 (trusty)
uname:Linux 3.13.0-79-generic #123-Ubuntu SMP Fri Feb 19 14:27:58 UTC 2016 x86_64
libc:glibc 2.19 NPTL 2.19 
rlimit: STACK 8192k, CORE 0k, NPROC 30460, NOFILE 4096, AS infinity
load average:22,02 9,64 4,17

/proc/meminfo:
MemTotal:        3946988 kB
MemFree:          109576 kB
Buffers:            2060 kB
Cached:           391560 kB
SwapCached:            0 kB
Active:          3279488 kB
Inactive:         386060 kB
Active(anon):    3274424 kB
Inactive(anon):   375648 kB
Active(file):       5064 kB
Inactive(file):    10412 kB
Unevictable:          32 kB
Mlocked:              32 kB
SwapTotal:             0 kB
SwapFree:              0 kB
Dirty:                16 kB
Writeback:             0 kB
AnonPages:       3272548 kB
Mapped:           159464 kB
Shmem:            377728 kB
Slab:              69260 kB
SReclaimable:      31932 kB
SUnreclaim:        37328 kB
KernelStack:        5936 kB
PageTables:        42488 kB
NFS_Unstable:          0 kB
Bounce:                0 kB
WritebackTmp:          0 kB
CommitLimit:     1973492 kB
Committed_AS:    8663276 kB
VmallocTotal:   34359738367 kB
VmallocUsed:      350216 kB
VmallocChunk:   34359376636 kB
HardwareCorrupted:     0 kB
AnonHugePages:   1277952 kB
HugePages_Total:       0
HugePages_Free:        0
HugePages_Rsvd:        0
HugePages_Surp:        0
Hugepagesize:       2048 kB
DirectMap4k:       68640 kB
DirectMap2M:     4026368 kB


CPU:total 4 (2 cores per cpu, 2 threads per core) family 6 model 42 stepping 7, cmov, cx8, fxsr, mmx, sse, sse2, sse3, ssse3, sse4.1, sse4.2, popcnt, avx, aes, ht, tsc, tscinvbit

/proc/cpuinfo:
processor	: 0
vendor_id	: GenuineIntel
cpu family	: 6
model		: 42
model name	: Intel(R) Core(TM) i5-2557M CPU @ 1.70GHz
stepping	: 7
microcode	: 0x1a
cpu MHz		: 1701.000
cache size	: 3072 KB
physical id	: 0
siblings	: 4
core id		: 0
cpu cores	: 2
apicid		: 0
initial apicid	: 0
fpu		: yes
fpu_exception	: yes
cpuid level	: 13
wp		: yes
flags		: fpu vme de pse tsc msr pae mce cx8 apic sep mtrr pge mca cmov pat pse36 clflush dts acpi mmx fxsr sse sse2 ss ht tm pbe syscall nx rdtscp lm constant_tsc arch_perfmon pebs bts rep_good nopl xtopology nonstop_tsc aperfmperf eagerfpu pni pclmulqdq dtes64 monitor ds_cpl vmx smx est tm2 ssse3 cx16 xtpr pdcm pcid sse4_1 sse4_2 x2apic popcnt tsc_deadline_timer aes xsave avx lahf_lm ida arat epb xsaveopt pln pts dtherm tpr_shadow vnmi flexpriority ept vpid
bogomips	: 3392.46
clflush size	: 64
cache_alignment	: 64
address sizes	: 36 bits physical, 48 bits virtual
power management:

processor	: 1
vendor_id	: GenuineIntel
cpu family	: 6
model		: 42
model name	: Intel(R) Core(TM) i5-2557M CPU @ 1.70GHz
stepping	: 7
microcode	: 0x1a
cpu MHz		: 1701.000
cache size	: 3072 KB
physical id	: 0
siblings	: 4
core id		: 1
cpu cores	: 2
apicid		: 2
initial apicid	: 2
fpu		: yes
fpu_exception	: yes
cpuid level	: 13
wp		: yes
flags		: fpu vme de pse tsc msr pae mce cx8 apic sep mtrr pge mca cmov pat pse36 clflush dts acpi mmx fxsr sse sse2 ss ht tm pbe syscall nx rdtscp lm constant_tsc arch_perfmon pebs bts rep_good nopl xtopology nonstop_tsc aperfmperf eagerfpu pni pclmulqdq dtes64 monitor ds_cpl vmx smx est tm2 ssse3 cx16 xtpr pdcm pcid sse4_1 sse4_2 x2apic popcnt tsc_deadline_timer aes xsave avx lahf_lm ida arat epb xsaveopt pln pts dtherm tpr_shadow vnmi flexpriority ept vpid
bogomips	: 3392.46
clflush size	: 64
cache_alignment	: 64
address sizes	: 36 bits physical, 48 bits virtual
power management:

processor	: 2
vendor_id	: GenuineIntel
cpu family	: 6
model		: 42
model name	: Intel(R) Core(TM) i5-2557M CPU @ 1.70GHz
stepping	: 7
microcode	: 0x1a
cpu MHz		: 1701.000
cache size	: 3072 KB
physical id	: 0
siblings	: 4
core id		: 0
cpu cores	: 2
apicid		: 1
initial apicid	: 1
fpu		: yes
fpu_exception	: yes
cpuid level	: 13
wp		: yes
flags		: fpu vme de pse tsc msr pae mce cx8 apic sep mtrr pge mca cmov pat pse36 clflush dts acpi mmx fxsr sse sse2 ss ht tm pbe syscall nx rdtscp lm constant_tsc arch_perfmon pebs bts rep_good nopl xtopology nonstop_tsc aperfmperf eagerfpu pni pclmulqdq dtes64 monitor ds_cpl vmx smx est tm2 ssse3 cx16 xtpr pdcm pcid sse4_1 sse4_2 x2apic popcnt tsc_deadline_timer aes xsave avx lahf_lm ida arat epb xsaveopt pln pts dtherm tpr_shadow vnmi flexpriority ept vpid
bogomips	: 3392.46
clflush size	: 64
cache_alignment	: 64
address sizes	: 36 bits physical, 48 bits virtual
power management:

processor	: 3
vendor_id	: GenuineIntel
cpu family	: 6
model		: 42
model name	: Intel(R) Core(TM) i5-2557M CPU @ 1.70GHz
stepping	: 7
microcode	: 0x1a
cpu MHz		: 1701.000
cache size	: 3072 KB
physical id	: 0
siblings	: 4
core id		: 1
cpu cores	: 2
apicid		: 3
initial apicid	: 3
fpu		: yes
fpu_exception	: yes
cpuid level	: 13
wp		: yes
flags		: fpu vme de pse tsc msr pae mce cx8 apic sep mtrr pge mca cmov pat pse36 clflush dts acpi mmx fxsr sse sse2 ss ht tm pbe syscall nx rdtscp lm constant_tsc arch_perfmon pebs bts rep_good nopl xtopology nonstop_tsc aperfmperf eagerfpu pni pclmulqdq dtes64 monitor ds_cpl vmx smx est tm2 ssse3 cx16 xtpr pdcm pcid sse4_1 sse4_2 x2apic popcnt tsc_deadline_timer aes xsave avx lahf_lm ida arat epb xsaveopt pln pts dtherm tpr_shadow vnmi flexpriority ept vpid
bogomips	: 3392.46
clflush size	: 64
cache_alignment	: 64
address sizes	: 36 bits physical, 48 bits virtual
power management:



Memory: 4k page, physical 3946988k(109576k free), swap 0k(0k free)

vm_info: OpenJDK 64-Bit Server VM (24.95-b01) for linux-amd64 JRE (1.7.0_95-b00), built on Jan 21 2016 03:31:40 by "buildd" with gcc 4.8.4

time: Tue Apr 12 11:30:53 2016
elapsed time: 10 seconds

