#
# There is insufficient memory for the Java Runtime Environment to continue.
# Native memory allocation (malloc) failed to allocate 82837504 bytes for committing reserved memory.
# Possible reasons:
#   The system is out of physical RAM or swap space
#   In 32 bit mode, the process size limit was hit
# Possible solutions:
#   Reduce memory load on the system
#   Increase physical memory or swap space
#   Check if swap backing store is full
#   Use 64 bit Java on a 64 bit OS
#   Decrease Java heap size (-Xmx/-Xms)
#   Decrease number of Java threads
#   Decrease Java thread stack sizes (-Xss)
#   Set larger code cache with -XX:ReservedCodeCacheSize=
# This output file may be truncated or incomplete.
#
#  Out of Memory Error (os_linux.cpp:2827), pid=7037, tid=140609060628224
#
# JRE version: OpenJDK Runtime Environment (7.0_95) (build 1.7.0_95-b00)
# Java VM: OpenJDK 64-Bit Server VM (24.95-b01 mixed mode linux-amd64 compressed oops)
# Derivative: IcedTea 2.6.4
# Distribution: Ubuntu 14.04.3 LTS, package 7u95-2.6.4-0ubuntu0.14.04.1
# Failed to write core dump. Core dumps have been disabled. To enable core dumping, try "ulimit -c unlimited" before starting Java again
#

---------------  T H R E A D  ---------------

Current thread (0x00007fe224076000):  VMThread [stack: 0x00007fe2190c6000,0x00007fe2191c7000] [id=7047]

Stack: [0x00007fe2190c6000,0x00007fe2191c7000],  sp=0x00007fe2191c5490,  free space=1021k
Native frames: (J=compiled Java code, j=interpreted, Vv=VM code, C=native code)
V  [libjvm.so+0x9550e5]
V  [libjvm.so+0x4902b4]
V  [libjvm.so+0x7cf7bb]
V  [libjvm.so+0x7ca28f]
V  [libjvm.so+0x83e56b]
V  [libjvm.so+0x83f3e0]
V  [libjvm.so+0x83facb]
V  [libjvm.so+0x83b4d8]
V  [libjvm.so+0x83bd48]
V  [libjvm.so+0x7f1fd3]
V  [libjvm.so+0x956ae4]
V  [libjvm.so+0x95abe7]
V  [libjvm.so+0x9596a8]
V  [libjvm.so+0x959b09]
V  [libjvm.so+0x959f52]
V  [libjvm.so+0x7cc682]

VM_Operation (0x00007fe22b8f68e0): ParallelGCFailedAllocation, mode: safepoint, requested by thread 0x00007fe22400a800


---------------  P R O C E S S  ---------------

Java Threads: ( => current thread )
  0x00007fe2241c2000 JavaThread "pool-2-thread-4" [_thread_blocked, id=7059, stack(0x00007fe21247e000,0x00007fe21257f000)]
  0x00007fe2241c0800 JavaThread "pool-2-thread-3" [_thread_blocked, id=7058, stack(0x00007fe21257f000,0x00007fe212680000)]
  0x00007fe2241bf000 JavaThread "pool-2-thread-2" [_thread_blocked, id=7057, stack(0x00007fe212680000,0x00007fe212781000)]
  0x00007fe2241be000 JavaThread "pool-3-thread-1" [_thread_blocked, id=7056, stack(0x00007fe212781000,0x00007fe212882000)]
  0x00007fe2241ad800 JavaThread "pool-2-thread-1" [_thread_blocked, id=7055, stack(0x00007fe218009000,0x00007fe21810a000)]
  0x00007fe2240af800 JavaThread "Service Thread" daemon [_thread_blocked, id=7053, stack(0x00007fe21826e000,0x00007fe21836f000)]
  0x00007fe2240ad800 JavaThread "C2 CompilerThread1" daemon [_thread_blocked, id=7052, stack(0x00007fe21836f000,0x00007fe218470000)]
  0x00007fe2240aa800 JavaThread "C2 CompilerThread0" daemon [_thread_blocked, id=7051, stack(0x00007fe218470000,0x00007fe218571000)]
  0x00007fe2240a8800 JavaThread "Signal Dispatcher" daemon [_thread_blocked, id=7050, stack(0x00007fe218571000,0x00007fe218672000)]
  0x00007fe22407c000 JavaThread "Finalizer" daemon [_thread_blocked, id=7049, stack(0x00007fe218ec4000,0x00007fe218fc5000)]
  0x00007fe22407a000 JavaThread "Reference Handler" daemon [_thread_blocked, id=7048, stack(0x00007fe218fc5000,0x00007fe2190c6000)]
  0x00007fe22400a800 JavaThread "main" [_thread_blocked, id=7042, stack(0x00007fe22b7f8000,0x00007fe22b8f9000)]

Other Threads:
=>0x00007fe224076000 VMThread [stack: 0x00007fe2190c6000,0x00007fe2191c7000] [id=7047]
  0x00007fe2240ba800 WatcherThread [stack: 0x00007fe21816d000,0x00007fe21826e000] [id=7054]

VM state:at safepoint (normal execution)

VM Mutex/Monitor currently owned by a thread:  ([mutex/lock_event])
[0x00007fe2240069f0] Threads_lock - owner thread: 0x00007fe224076000
[0x00007fe224006ef0] Heap_lock - owner thread: 0x00007fe22400a800

Heap
 PSYoungGen      total 219136K, used 40943K [0x00000000eaa80000, 0x00000000fb000000, 0x0000000100000000)
  eden space 178176K, 0% used [0x00000000eaa80000,0x00000000eaa80000,0x00000000f5880000)
  from space 40960K, 99% used [0x00000000f8800000,0x00000000faffbf68,0x00000000fb000000)
  to   space 31232K, 0% used [0x00000000f5880000,0x00000000f5880000,0x00000000f7700000)
 ParOldGen       total 76288K, used 74770K [0x00000000c0000000, 0x00000000c4a80000, 0x00000000eaa80000)
  object space 76288K, 98% used [0x00000000c0000000,0x00000000c49048c8,0x00000000c4a80000)
 PSPermGen       total 21504K, used 6449K [0x00000000b5a00000, 0x00000000b6f00000, 0x00000000c0000000)
  object space 21504K, 29% used [0x00000000b5a00000,0x00000000b604c4c0,0x00000000b6f00000)

Card table byte_map: [0x00007fe2281db000,0x00007fe22842f000] byte_map_base: 0x00007fe227c2e000

Polling page: 0x00007fe22b919000

Code Cache  [0x00007fe221000000, 0x00007fe221340000, 0x00007fe224000000)
 total_blobs=1068 nmethods=836 adapters=184 free_code_cache=45974Kb largest_free_block=46988096

Compilation events (10 events):
Event: 11,813 Thread 0x00007fe2240ad800 nmethod 861 0x00007fe22130fd10 code [0x00007fe221310f20, 0x00007fe221314b20]
Event: 11,813 Thread 0x00007fe2240ad800  862             com.android.dx.rop.code.LocalVariableExtractor::processBlock (327 bytes)
Event: 11,849 Thread 0x00007fe2240aa800 nmethod 822 0x00007fe221320090 code [0x00007fe221320740, 0x00007fe221325390]
Event: 11,849 Thread 0x00007fe2240aa800  863             com.android.dx.rop.cst.CstFloat::getType (4 bytes)
Event: 11,849 Thread 0x00007fe2240aa800 nmethod 863 0x00007fe2212fe710 code [0x00007fe2212fe840, 0x00007fe2212fe898]
Event: 11,849 Thread 0x00007fe2240aa800  864             java.lang.StringBuilder::append (8 bytes)
Event: 11,855 Thread 0x00007fe2240aa800 nmethod 864 0x00007fe2212fe050 code [0x00007fe2212fe1a0, 0x00007fe2212fe4d8]
Event: 11,855 Thread 0x00007fe2240aa800  865             java.lang.AbstractStringBuilder::append (29 bytes)
Event: 11,860 Thread 0x00007fe2240aa800 nmethod 865 0x00007fe221300a50 code [0x00007fe221300ba0, 0x00007fe221300ed8]
Event: 11,861 Thread 0x00007fe2240aa800  866   !         com.android.dx.cf.direct.MemberListParser::parse (641 bytes)

GC Heap History (10 events):
Event: 5,684 GC heap after
Heap after GC invocations=8 (full 0):
 PSYoungGen      total 135168K, used 16372K [0x00000000eaa80000, 0x00000000f4d80000, 0x0000000100000000)
  eden space 118784K, 0% used [0x00000000eaa80000,0x00000000eaa80000,0x00000000f1e80000)
  from space 16384K, 99% used [0x00000000f3380000,0x00000000f437d278,0x00000000f4380000)
  to   space 21504K, 0% used [0x00000000f1e80000,0x00000000f1e80000,0x00000000f3380000)
 ParOldGen       total 40960K, used 20269K [0x00000000c0000000, 0x00000000c2800000, 0x00000000eaa80000)
  object space 40960K, 49% used [0x00000000c0000000,0x00000000c13cb488,0x00000000c2800000)
 PSPermGen       total 21504K, used 6317K [0x00000000b5a00000, 0x00000000b6f00000, 0x00000000c0000000)
  object space 21504K, 29% used [0x00000000b5a00000,0x00000000b602b720,0x00000000b6f00000)
}
Event: 7,801 GC heap before
{Heap before GC invocations=9 (full 0):
 PSYoungGen      total 135168K, used 135156K [0x00000000eaa80000, 0x00000000f4d80000, 0x0000000100000000)
  eden space 118784K, 100% used [0x00000000eaa80000,0x00000000f1e80000,0x00000000f1e80000)
  from space 16384K, 99% used [0x00000000f3380000,0x00000000f437d278,0x00000000f4380000)
  to   space 21504K, 0% used [0x00000000f1e80000,0x00000000f1e80000,0x00000000f3380000)
 ParOldGen       total 40960K, used 20269K [0x00000000c0000000, 0x00000000c2800000, 0x00000000eaa80000)
  object space 40960K, 49% used [0x00000000c0000000,0x00000000c13cb488,0x00000000c2800000)
 PSPermGen       total 21504K, used 6392K [0x00000000b5a00000, 0x00000000b6f00000, 0x00000000c0000000)
  object space 21504K, 29% used [0x00000000b5a00000,0x00000000b603e290,0x00000000b6f00000)
Event: 7,966 GC heap after
Heap after GC invocations=9 (full 0):
 PSYoungGen      total 140288K, used 21485K [0x00000000eaa80000, 0x00000000f9e80000, 0x0000000100000000)
  eden space 118784K, 0% used [0x00000000eaa80000,0x00000000eaa80000,0x00000000f1e80000)
  from space 21504K, 99% used [0x00000000f1e80000,0x00000000f337b790,0x00000000f3380000)
  to   space 29696K, 0% used [0x00000000f8180000,0x00000000f8180000,0x00000000f9e80000)
 ParOldGen       total 40960K, used 31225K [0x00000000c0000000, 0x00000000c2800000, 0x00000000eaa80000)
  object space 40960K, 76% used [0x00000000c0000000,0x00000000c1e7e5e8,0x00000000c2800000)
 PSPermGen       total 21504K, used 6392K [0x00000000b5a00000, 0x00000000b6f00000, 0x00000000c0000000)
  object space 21504K, 29% used [0x00000000b5a00000,0x00000000b603e290,0x00000000b6f00000)
}
Event: 7,967 GC heap before
{Heap before GC invocations=10 (full 1):
 PSYoungGen      total 140288K, used 21485K [0x00000000eaa80000, 0x00000000f9e80000, 0x0000000100000000)
  eden space 118784K, 0% used [0x00000000eaa80000,0x00000000eaa80000,0x00000000f1e80000)
  from space 21504K, 99% used [0x00000000f1e80000,0x00000000f337b790,0x00000000f3380000)
  to   space 29696K, 0% used [0x00000000f8180000,0x00000000f8180000,0x00000000f9e80000)
 ParOldGen       total 40960K, used 31225K [0x00000000c0000000, 0x00000000c2800000, 0x00000000eaa80000)
  object space 40960K, 76% used [0x00000000c0000000,0x00000000c1e7e5e8,0x00000000c2800000)
 PSPermGen       total 21504K, used 6392K [0x00000000b5a00000, 0x00000000b6f00000, 0x00000000c0000000)
  object space 21504K, 29% used [0x00000000b5a00000,0x00000000b603e290,0x00000000b6f00000)
Event: 8,499 GC heap after
Heap after GC invocations=10 (full 1):
 PSYoungGen      total 140288K, used 8659K [0x00000000eaa80000, 0x00000000f9e80000, 0x0000000100000000)
  eden space 118784K, 0% used [0x00000000eaa80000,0x00000000eaa80000,0x00000000f1e80000)
  from space 21504K, 40% used [0x00000000f1e80000,0x00000000f26f4ee0,0x00000000f3380000)
  to   space 29696K, 0% used [0x00000000f8180000,0x00000000f8180000,0x00000000f9e80000)
 ParOldGen       total 76288K, used 40618K [0x00000000c0000000, 0x00000000c4a80000, 0x00000000eaa80000)
  object space 76288K, 53% used [0x00000000c0000000,0x00000000c27aa9c0,0x00000000c4a80000)
 PSPermGen       total 21504K, used 6388K [0x00000000b5a00000, 0x00000000b6f00000, 0x00000000c0000000)
  object space 21504K, 29% used [0x00000000b5a00000,0x00000000b603d3a0,0x00000000b6f00000)
}
Event: 9,531 GC heap before
{Heap before GC invocations=11 (full 1):
 PSYoungGen      total 140288K, used 127443K [0x00000000eaa80000, 0x00000000f9e80000, 0x0000000100000000)
  eden space 118784K, 100% used [0x00000000eaa80000,0x00000000f1e80000,0x00000000f1e80000)
  from space 21504K, 40% used [0x00000000f1e80000,0x00000000f26f4ee0,0x00000000f3380000)
  to   space 29696K, 0% used [0x00000000f8180000,0x00000000f8180000,0x00000000f9e80000)
 ParOldGen       total 76288K, used 40618K [0x00000000c0000000, 0x00000000c4a80000, 0x00000000eaa80000)
  object space 76288K, 53% used [0x00000000c0000000,0x00000000c27aa9c0,0x00000000c4a80000)
 PSPermGen       total 21504K, used 6410K [0x00000000b5a00000, 0x00000000b6f00000, 0x00000000c0000000)
  object space 21504K, 29% used [0x00000000b5a00000,0x00000000b6042a20,0x00000000b6f00000)
Event: 9,582 GC heap after
Heap after GC invocations=11 (full 1):
 PSYoungGen      total 168448K, used 20120K [0x00000000eaa80000, 0x00000000f9580000, 0x0000000100000000)
  eden space 147968K, 0% used [0x00000000eaa80000,0x00000000eaa80000,0x00000000f3b00000)
  from space 20480K, 98% used [0x00000000f8180000,0x00000000f95261e8,0x00000000f9580000)
  to   space 31232K, 0% used [0x00000000f5880000,0x00000000f5880000,0x00000000f7700000)
 ParOldGen       total 76288K, used 43607K [0x00000000c0000000, 0x00000000c4a80000, 0x00000000eaa80000)
  object space 76288K, 57% used [0x00000000c0000000,0x00000000c2a95ec8,0x00000000c4a80000)
 PSPermGen       total 21504K, used 6410K [0x00000000b5a00000, 0x00000000b6f00000, 0x00000000c0000000)
  object space 21504K, 29% used [0x00000000b5a00000,0x00000000b6042a20,0x00000000b6f00000)
}
Event: 10,741 GC heap before
{Heap before GC invocations=12 (full 1):
 PSYoungGen      total 168448K, used 168088K [0x00000000eaa80000, 0x00000000f9580000, 0x0000000100000000)
  eden space 147968K, 100% used [0x00000000eaa80000,0x00000000f3b00000,0x00000000f3b00000)
  from space 20480K, 98% used [0x00000000f8180000,0x00000000f95261e8,0x00000000f9580000)
  to   space 31232K, 0% used [0x00000000f5880000,0x00000000f5880000,0x00000000f7700000)
 ParOldGen       total 76288K, used 43607K [0x00000000c0000000, 0x00000000c4a80000, 0x00000000eaa80000)
  object space 76288K, 57% used [0x00000000c0000000,0x00000000c2a95ec8,0x00000000c4a80000)
 PSPermGen       total 21504K, used 6424K [0x00000000b5a00000, 0x00000000b6f00000, 0x00000000c0000000)
  object space 21504K, 29% used [0x00000000b5a00000,0x00000000b6046210,0x00000000b6f00000)
Event: 10,809 GC heap after
Heap after GC invocations=12 (full 1):
 PSYoungGen      total 209408K, used 31206K [0x00000000eaa80000, 0x00000000fb000000, 0x0000000100000000)
  eden space 178176K, 0% used [0x00000000eaa80000,0x00000000eaa80000,0x00000000f5880000)
  from space 31232K, 99% used [0x00000000f5880000,0x00000000f76f9950,0x00000000f7700000)
  to   space 40960K, 0% used [0x00000000f8800000,0x00000000f8800000,0x00000000fb000000)
 ParOldGen       total 76288K, used 55202K [0x00000000c0000000, 0x00000000c4a80000, 0x00000000eaa80000)
  object space 76288K, 72% used [0x00000000c0000000,0x00000000c35e8820,0x00000000c4a80000)
 PSPermGen       total 21504K, used 6424K [0x00000000b5a00000, 0x00000000b6f00000, 0x00000000c0000000)
  object space 21504K, 29% used [0x00000000b5a00000,0x00000000b6046210,0x00000000b6f00000)
}
Event: 12,001 GC heap before
{Heap before GC invocations=13 (full 1):
 PSYoungGen      total 209408K, used 209382K [0x00000000eaa80000, 0x00000000fb000000, 0x0000000100000000)
  eden space 178176K, 100% used [0x00000000eaa80000,0x00000000f5880000,0x00000000f5880000)
  from space 31232K, 99% used [0x00000000f5880000,0x00000000f76f9950,0x00000000f7700000)
  to   space 40960K, 0% used [0x00000000f8800000,0x00000000f8800000,0x00000000fb000000)
 ParOldGen       total 76288K, used 55202K [0x00000000c0000000, 0x00000000c4a80000, 0x00000000eaa80000)
  object space 76288K, 72% used [0x00000000c0000000,0x00000000c35e8820,0x00000000c4a80000)
 PSPermGen       total 21504K, used 6449K [0x00000000b5a00000, 0x00000000b6f00000, 0x00000000c0000000)
  object space 21504K, 29% used [0x00000000b5a00000,0x00000000b604c4c0,0x00000000b6f00000)

Deoptimization events (10 events):
Event: 10,093 Thread 0x00007fe2241bf000 Uncommon trap: reason=unstable_if action=reinterpret pc=0x00007fe2212a50a8 method=java.util.BitSet.set(II)V @ 48
Event: 10,099 Thread 0x00007fe2241c0800 Uncommon trap: reason=unstable_if action=reinterpret pc=0x00007fe2212a41bc method=com.android.dx.cf.code.ByteCatchList.listFor(I)Lcom/android/dx/cf/code/ByteCatchList; @ 47
Event: 11,252 Thread 0x00007fe2241c0800 Uncommon trap: reason=unstable_if action=reinterpret pc=0x00007fe22128baac method=com.android.dx.cf.code.Ropper.addOrReplaceBlock(Lcom/android/dx/rop/code/BasicBlock;Lcom/android/dx/util/IntList;)Z @ 24
Event: 11,270 Thread 0x00007fe2241c2000 Uncommon trap: reason=unstable_if action=reinterpret pc=0x00007fe22111a864 method=com.android.dx.ssa.SCCP.simulateStmt(Lcom/android/dx/ssa/SsaInsn;)V @ 435
Event: 11,382 Thread 0x00007fe22400a800 Uncommon trap: reason=bimorphic action=maybe_recompile pc=0x00007fe2211607fc method=com.android.dx.cf.code.OneLocalsArray.set(ILcom/android/dx/rop/type/TypeBearer;)V @ 85
Event: 11,522 Thread 0x00007fe2241bf000 Uncommon trap: reason=bimorphic action=maybe_recompile pc=0x00007fe2211607fc method=com.android.dx.cf.code.OneLocalsArray.set(ILcom/android/dx/rop/type/TypeBearer;)V @ 85
Event: 11,720 Thread 0x00007fe22400a800 Uncommon trap: reason=unstable_if action=reinterpret pc=0x00007fe221148d5c method=com.android.dx.rop.code.RegisterSpecSet.<init>(I)V @ 2
Event: 11,720 Thread 0x00007fe22400a800 Uncommon trap: reason=unstable_if action=reinterpret pc=0x00007fe2211c28bc method=com.android.dx.ssa.LocalVariableExtractor.doit()Lcom/android/dx/ssa/LocalVariableInfo; @ 7
Event: 11,721 Thread 0x00007fe22400a800 Uncommon trap: reason=unstable_if action=reinterpret pc=0x00007fe22122816c method=com.android.dx.rop.code.RegisterSpecSet.<init>(I)V @ 2
Event: 11,721 Thread 0x00007fe22400a800 Uncommon trap: reason=unstable_if action=reinterpret pc=0x00007fe221123b68 method=com.android.dx.rop.code.RegisterSpecSet.<init>(I)V @ 2

Internal exceptions (10 events):
Event: 2,123 Thread 0x00007fe22400a800 Implicit null exception at 0x00007fe2210e7eae to 0x00007fe2210e8a01
Event: 2,319 Thread 0x00007fe2241bf000 Implicit null exception at 0x00007fe2210d68c7 to 0x00007fe2210d78e5
Event: 2,321 Thread 0x00007fe2241bf000 Implicit null exception at 0x00007fe2210eb13c to 0x00007fe2210eb251
Event: 2,322 Thread 0x00007fe2241bf000 Implicit null exception at 0x00007fe2210eb6bb to 0x00007fe2210eb8ad
Event: 2,493 Thread 0x00007fe22400a800 Threw 0x00000000eb96f0b8 at /build/openjdk-7-2FOwCu/openjdk-7-7u95-2.6.4/build/openjdk/hotspot/src/share/vm/prims/jvm.cpp:1322
Event: 2,752 Thread 0x00007fe2241bf000 Threw 0x00000000ec4fe010 at /build/openjdk-7-2FOwCu/openjdk-7-7u95-2.6.4/build/openjdk/hotspot/src/share/vm/prims/jvm.cpp:1322
Event: 3,848 Thread 0x00007fe22400a800 Threw 0x00000000ed31b8b0 at /build/openjdk-7-2FOwCu/openjdk-7-7u95-2.6.4/build/openjdk/hotspot/src/share/vm/prims/jvm.cpp:1322
Event: 4,587 Thread 0x00007fe2241c0800 Implicit null exception at 0x00007fe22116a5e1 to 0x00007fe22116df35
Event: 4,617 Thread 0x00007fe22400a800 Threw 0x00000000eb04d130 at /build/openjdk-7-2FOwCu/openjdk-7-7u95-2.6.4/build/openjdk/hotspot/src/share/vm/prims/jvm.cpp:1322
Event: 8,673 Thread 0x00007fe22400a800 Threw 0x00000000eb835798 at /build/openjdk-7-2FOwCu/openjdk-7-7u95-2.6.4/build/openjdk/hotspot/src/share/vm/prims/jvm.cpp:1322

Events (10 events):
Event: 11,720 Thread 0x00007fe22400a800 Uncommon trap: trap_request=0xffffff75 fr.pc=0x00007fe2211c28bc
Event: 11,720 Thread 0x00007fe22400a800 DEOPT PACKING pc=0x00007fe2211c28bc sp=0x00007fe22b8f69e0
Event: 11,720 Thread 0x00007fe22400a800 DEOPT UNPACKING pc=0x00007fe221039445 sp=0x00007fe22b8f69b0 mode 2
Event: 11,721 Thread 0x00007fe22400a800 Uncommon trap: trap_request=0xffffff75 fr.pc=0x00007fe22122816c
Event: 11,721 Thread 0x00007fe22400a800 DEOPT PACKING pc=0x00007fe22122816c sp=0x00007fe22b8f6a30
Event: 11,721 Thread 0x00007fe22400a800 DEOPT UNPACKING pc=0x00007fe221039445 sp=0x00007fe22b8f6990 mode 2
Event: 11,721 Thread 0x00007fe22400a800 Uncommon trap: trap_request=0xffffff75 fr.pc=0x00007fe221123b68
Event: 11,721 Thread 0x00007fe22400a800 DEOPT PACKING pc=0x00007fe221123b68 sp=0x00007fe22b8f69c0
Event: 11,721 Thread 0x00007fe22400a800 DEOPT UNPACKING pc=0x00007fe221039445 sp=0x00007fe22b8f6918 mode 2
Event: 11,995 Executing VM operation: ParallelGCFailedAllocation


Dynamic libraries:
00400000-00401000 r-xp 00000000 08:06 1454669                            /usr/lib/jvm/java-7-openjdk-amd64/jre/bin/java
00600000-00601000 r--p 00000000 08:06 1454669                            /usr/lib/jvm/java-7-openjdk-amd64/jre/bin/java
00601000-00602000 rw-p 00001000 08:06 1454669                            /usr/lib/jvm/java-7-openjdk-amd64/jre/bin/java
011e8000-01209000 rw-p 00000000 00:00 0                                  [heap]
b5a00000-b6f00000 rw-p 00000000 00:00 0 
b6f00000-c0000000 rw-p 00000000 00:00 0 
c0000000-c4a80000 rw-p 00000000 00:00 0 
c4a80000-eaa80000 rw-p 00000000 00:00 0 
eaa80000-fb000000 rw-p 00000000 00:00 0 
fff00000-100000000 rw-p 00000000 00:00 0 
7fe1d4000000-7fe1d4024000 rw-p 00000000 00:00 0 
7fe1d4024000-7fe1d8000000 ---p 00000000 00:00 0 
7fe1d8000000-7fe1d802a000 rw-p 00000000 00:00 0 
7fe1d802a000-7fe1dc000000 ---p 00000000 00:00 0 
7fe1dc000000-7fe1dc021000 rw-p 00000000 00:00 0 
7fe1dc021000-7fe1e0000000 ---p 00000000 00:00 0 
7fe1e0000000-7fe1e0031000 rw-p 00000000 00:00 0 
7fe1e0031000-7fe1e4000000 ---p 00000000 00:00 0 
7fe1e4000000-7fe1e4021000 rw-p 00000000 00:00 0 
7fe1e4021000-7fe1e8000000 ---p 00000000 00:00 0 
7fe1e8000000-7fe1e8021000 rw-p 00000000 00:00 0 
7fe1e8021000-7fe1ec000000 ---p 00000000 00:00 0 
7fe1ec000000-7fe1ee155000 rw-p 00000000 00:00 0 
7fe1ee155000-7fe1f0000000 ---p 00000000 00:00 0 
7fe1f0000000-7fe1f0021000 rw-p 00000000 00:00 0 
7fe1f0021000-7fe1f4000000 ---p 00000000 00:00 0 
7fe1f4000000-7fe1f4021000 rw-p 00000000 00:00 0 
7fe1f4021000-7fe1f8000000 ---p 00000000 00:00 0 
7fe1f8000000-7fe1f99ed000 rw-p 00000000 00:00 0 
7fe1f99ed000-7fe1fc000000 ---p 00000000 00:00 0 
7fe1fc000000-7fe1fc021000 rw-p 00000000 00:00 0 
7fe1fc021000-7fe200000000 ---p 00000000 00:00 0 
7fe200000000-7fe200021000 rw-p 00000000 00:00 0 
7fe200021000-7fe204000000 ---p 00000000 00:00 0 
7fe204000000-7fe204021000 rw-p 00000000 00:00 0 
7fe204021000-7fe208000000 ---p 00000000 00:00 0 
7fe208000000-7fe208021000 rw-p 00000000 00:00 0 
7fe208021000-7fe20c000000 ---p 00000000 00:00 0 
7fe20c000000-7fe20c021000 rw-p 00000000 00:00 0 
7fe20c021000-7fe210000000 ---p 00000000 00:00 0 
7fe21247e000-7fe212481000 ---p 00000000 00:00 0 
7fe212481000-7fe21257f000 rw-p 00000000 00:00 0                          [stack:7059]
7fe21257f000-7fe212582000 ---p 00000000 00:00 0 
7fe212582000-7fe212680000 rw-p 00000000 00:00 0                          [stack:7058]
7fe212680000-7fe212683000 ---p 00000000 00:00 0 
7fe212683000-7fe212781000 rw-p 00000000 00:00 0                          [stack:7057]
7fe212781000-7fe212784000 ---p 00000000 00:00 0 
7fe212784000-7fe212882000 rw-p 00000000 00:00 0                          [stack:7056]
7fe212882000-7fe2128bf000 r-xp 00000000 08:06 130821                     /lib/x86_64-linux-gnu/libpcre.so.3.13.1
7fe2128bf000-7fe212abe000 ---p 0003d000 08:06 130821                     /lib/x86_64-linux-gnu/libpcre.so.3.13.1
7fe212abe000-7fe212abf000 r--p 0003c000 08:06 130821                     /lib/x86_64-linux-gnu/libpcre.so.3.13.1
7fe212abf000-7fe212ac0000 rw-p 0003d000 08:06 130821                     /lib/x86_64-linux-gnu/libpcre.so.3.13.1
7fe212ac0000-7fe212ac7000 r-xp 00000000 08:06 1447540                    /usr/lib/x86_64-linux-gnu/libffi.so.6.0.1
7fe212ac7000-7fe212cc6000 ---p 00007000 08:06 1447540                    /usr/lib/x86_64-linux-gnu/libffi.so.6.0.1
7fe212cc6000-7fe212cc7000 r--p 00006000 08:06 1447540                    /usr/lib/x86_64-linux-gnu/libffi.so.6.0.1
7fe212cc7000-7fe212cc8000 rw-p 00007000 08:06 1447540                    /usr/lib/x86_64-linux-gnu/libffi.so.6.0.1
7fe212cc8000-7fe212cdf000 r-xp 00000000 08:06 134868                     /lib/x86_64-linux-gnu/libresolv-2.19.so
7fe212cdf000-7fe212edf000 ---p 00017000 08:06 134868                     /lib/x86_64-linux-gnu/libresolv-2.19.so
7fe212edf000-7fe212ee0000 r--p 00017000 08:06 134868                     /lib/x86_64-linux-gnu/libresolv-2.19.so
7fe212ee0000-7fe212ee1000 rw-p 00018000 08:06 134868                     /lib/x86_64-linux-gnu/libresolv-2.19.so
7fe212ee1000-7fe212ee3000 rw-p 00000000 00:00 0 
7fe212ee3000-7fe212f03000 r-xp 00000000 08:06 135079                     /lib/x86_64-linux-gnu/libselinux.so.1
7fe212f03000-7fe213102000 ---p 00020000 08:06 135079                     /lib/x86_64-linux-gnu/libselinux.so.1
7fe213102000-7fe213103000 r--p 0001f000 08:06 135079                     /lib/x86_64-linux-gnu/libselinux.so.1
7fe213103000-7fe213104000 rw-p 00020000 08:06 135079                     /lib/x86_64-linux-gnu/libselinux.so.1
7fe213104000-7fe213106000 rw-p 00000000 00:00 0 
7fe213106000-7fe213109000 r-xp 00000000 08:06 1439340                    /usr/lib/x86_64-linux-gnu/libgmodule-2.0.so.0.4002.0
7fe213109000-7fe213308000 ---p 00003000 08:06 1439340                    /usr/lib/x86_64-linux-gnu/libgmodule-2.0.so.0.4002.0
7fe213308000-7fe213309000 r--p 00002000 08:06 1439340                    /usr/lib/x86_64-linux-gnu/libgmodule-2.0.so.0.4002.0
7fe213309000-7fe21330a000 rw-p 00003000 08:06 1439340                    /usr/lib/x86_64-linux-gnu/libgmodule-2.0.so.0.4002.0
7fe21330a000-7fe213410000 r-xp 00000000 08:06 134871                     /lib/x86_64-linux-gnu/libglib-2.0.so.0.4002.0
7fe213410000-7fe21360f000 ---p 00106000 08:06 134871                     /lib/x86_64-linux-gnu/libglib-2.0.so.0.4002.0
7fe21360f000-7fe213610000 r--p 00105000 08:06 134871                     /lib/x86_64-linux-gnu/libglib-2.0.so.0.4002.0
7fe213610000-7fe213611000 rw-p 00106000 08:06 134871                     /lib/x86_64-linux-gnu/libglib-2.0.so.0.4002.0
7fe213611000-7fe213612000 rw-p 00000000 00:00 0 
7fe213612000-7fe213661000 r-xp 00000000 08:06 1439358                    /usr/lib/x86_64-linux-gnu/libgobject-2.0.so.0.4002.0
7fe213661000-7fe213861000 ---p 0004f000 08:06 1439358                    /usr/lib/x86_64-linux-gnu/libgobject-2.0.so.0.4002.0
7fe213861000-7fe213862000 r--p 0004f000 08:06 1439358                    /usr/lib/x86_64-linux-gnu/libgobject-2.0.so.0.4002.0
7fe213862000-7fe213863000 rw-p 00050000 08:06 1439358                    /usr/lib/x86_64-linux-gnu/libgobject-2.0.so.0.4002.0
7fe213863000-7fe2139cf000 r-xp 00000000 08:06 1439362                    /usr/lib/x86_64-linux-gnu/libgio-2.0.so.0.4002.0
7fe2139cf000-7fe213bce000 ---p 0016c000 08:06 1439362                    /usr/lib/x86_64-linux-gnu/libgio-2.0.so.0.4002.0
7fe213bce000-7fe213bd2000 r--p 0016b000 08:06 1439362                    /usr/lib/x86_64-linux-gnu/libgio-2.0.so.0.4002.0
7fe213bd2000-7fe213bd4000 rw-p 0016f000 08:06 1439362                    /usr/lib/x86_64-linux-gnu/libgio-2.0.so.0.4002.0
7fe213bd4000-7fe213bd6000 rw-p 00000000 00:00 0 
7fe213bd6000-7fe213bed000 r-xp 00000000 08:06 1489830                    /usr/lib/jvm/java-7-openjdk-amd64/jre/lib/amd64/libnet.so
7fe213bed000-7fe213dec000 ---p 00017000 08:06 1489830                    /usr/lib/jvm/java-7-openjdk-amd64/jre/lib/amd64/libnet.so
7fe213dec000-7fe213ded000 r--p 00016000 08:06 1489830                    /usr/lib/jvm/java-7-openjdk-amd64/jre/lib/amd64/libnet.so
7fe213ded000-7fe213dee000 rw-p 00017000 08:06 1489830                    /usr/lib/jvm/java-7-openjdk-amd64/jre/lib/amd64/libnet.so
7fe213dee000-7fe213dfe000 r-xp 00000000 08:06 1489812                    /usr/lib/jvm/java-7-openjdk-amd64/jre/lib/amd64/libnio.so
7fe213dfe000-7fe213ffe000 ---p 00010000 08:06 1489812                    /usr/lib/jvm/java-7-openjdk-amd64/jre/lib/amd64/libnio.so
7fe213ffe000-7fe213fff000 r--p 00010000 08:06 1489812                    /usr/lib/jvm/java-7-openjdk-amd64/jre/lib/amd64/libnio.so
7fe213fff000-7fe214000000 rw-p 00011000 08:06 1489812                    /usr/lib/jvm/java-7-openjdk-amd64/jre/lib/amd64/libnio.so
7fe214000000-7fe214021000 rw-p 00000000 00:00 0 
7fe214021000-7fe218000000 ---p 00000000 00:00 0 
7fe218009000-7fe21800c000 ---p 00000000 00:00 0 
7fe21800c000-7fe21813b000 rw-p 00000000 00:00 0                          [stack:7055]
7fe21813b000-7fe21816d000 r--s 00274000 08:06 3277555                    /home/tulin/AndroidStudioProjects/CamApp/app/build/intermediates/transforms/jarMerging/debug/jars/1/1f/combined.jar
7fe21816d000-7fe21816e000 ---p 00000000 00:00 0 
7fe21816e000-7fe21826e000 rw-p 00000000 00:00 0                          [stack:7054]
7fe21826e000-7fe218271000 ---p 00000000 00:00 0 
7fe218271000-7fe21836f000 rw-p 00000000 00:00 0                          [stack:7053]
7fe21836f000-7fe218372000 ---p 00000000 00:00 0 
7fe218372000-7fe218470000 rw-p 00000000 00:00 0                          [stack:7052]
7fe218470000-7fe218473000 ---p 00000000 00:00 0 
7fe218473000-7fe218571000 rw-p 00000000 00:00 0                          [stack:7051]
7fe218571000-7fe218574000 ---p 00000000 00:00 0 
7fe218574000-7fe218672000 rw-p 00000000 00:00 0                          [stack:7050]
7fe218672000-7fe218ec4000 r--p 00000000 08:06 1447082                    /usr/lib/locale/locale-archive
7fe218ec4000-7fe218ec7000 ---p 00000000 00:00 0 
7fe218ec7000-7fe218fc5000 rw-p 00000000 00:00 0                          [stack:7049]
7fe218fc5000-7fe218fc8000 ---p 00000000 00:00 0 
7fe218fc8000-7fe2190c6000 rw-p 00000000 00:00 0                          [stack:7048]
7fe2190c6000-7fe2190c7000 ---p 00000000 00:00 0 
7fe2190c7000-7fe21c000000 rw-p 00000000 00:00 0                          [stack:7047]
7fe21c000000-7fe21c021000 rw-p 00000000 00:00 0 
7fe21c021000-7fe220000000 ---p 00000000 00:00 0 
7fe220023000-7fe220032000 r--s 000df000 08:06 3216701                    /home/tulin/Android/Sdk/build-tools/23.0.2/lib/dx.jar
7fe220032000-7fe220726000 rw-p 00000000 00:00 0 
7fe220726000-7fe2208d8000 r--s 01d2f000 08:06 1489796                    /usr/lib/jvm/java-7-openjdk-amd64/jre/lib/rt.jar
7fe2208d8000-7fe220bfc000 rw-p 00000000 00:00 0 
7fe220bfc000-7fe220bfd000 ---p 00000000 00:00 0 
7fe220bfd000-7fe220cfd000 rw-p 00000000 00:00 0                          [stack:7046]
7fe220cfd000-7fe220cfe000 ---p 00000000 00:00 0 
7fe220cfe000-7fe220dfe000 rw-p 00000000 00:00 0                          [stack:7045]
7fe220dfe000-7fe220dff000 ---p 00000000 00:00 0 
7fe220dff000-7fe220eff000 rw-p 00000000 00:00 0                          [stack:7044]
7fe220eff000-7fe220f00000 ---p 00000000 00:00 0 
7fe220f00000-7fe221000000 rw-p 00000000 00:00 0                          [stack:7043]
7fe221000000-7fe221340000 rwxp 00000000 00:00 0 
7fe221340000-7fe224204000 rw-p 00000000 00:00 0 
7fe224204000-7fe228000000 ---p 00000000 00:00 0 
7fe22800a000-7fe22803d000 rw-p 00000000 00:00 0 
7fe22803d000-7fe228085000 rw-p 00000000 00:00 0 
7fe228085000-7fe2280ab000 rw-p 00000000 00:00 0 
7fe2280ab000-7fe2281db000 rw-p 00000000 00:00 0 
7fe2281db000-7fe2281e6000 rw-p 00000000 00:00 0 
7fe2281e6000-7fe22822e000 rw-p 00000000 00:00 0 
7fe22822e000-7fe228254000 rw-p 00000000 00:00 0 
7fe228254000-7fe228383000 rw-p 00000000 00:00 0 
7fe228383000-7fe228406000 rw-p 00000000 00:00 0 
7fe228406000-7fe22842e000 rw-p 00000000 00:00 0 
7fe22842e000-7fe22842f000 rw-p 00000000 00:00 0 
7fe22842f000-7fe228437000 r-xp 00000000 08:06 1489805                    /usr/lib/jvm/java-7-openjdk-amd64/jre/lib/amd64/libzip.so
7fe228437000-7fe228636000 ---p 00008000 08:06 1489805                    /usr/lib/jvm/java-7-openjdk-amd64/jre/lib/amd64/libzip.so
7fe228636000-7fe228637000 r--p 00007000 08:06 1489805                    /usr/lib/jvm/java-7-openjdk-amd64/jre/lib/amd64/libzip.so
7fe228637000-7fe228638000 rw-p 00008000 08:06 1489805                    /usr/lib/jvm/java-7-openjdk-amd64/jre/lib/amd64/libzip.so
7fe228638000-7fe228643000 r-xp 00000000 08:06 184225                     /lib/x86_64-linux-gnu/libnss_files-2.19.so
7fe228643000-7fe228842000 ---p 0000b000 08:06 184225                     /lib/x86_64-linux-gnu/libnss_files-2.19.so
7fe228842000-7fe228843000 r--p 0000a000 08:06 184225                     /lib/x86_64-linux-gnu/libnss_files-2.19.so
7fe228843000-7fe228844000 rw-p 0000b000 08:06 184225                     /lib/x86_64-linux-gnu/libnss_files-2.19.so
7fe228844000-7fe22884f000 r-xp 00000000 08:06 145746                     /lib/x86_64-linux-gnu/libnss_nis-2.19.so
7fe22884f000-7fe228a4e000 ---p 0000b000 08:06 145746                     /lib/x86_64-linux-gnu/libnss_nis-2.19.so
7fe228a4e000-7fe228a4f000 r--p 0000a000 08:06 145746                     /lib/x86_64-linux-gnu/libnss_nis-2.19.so
7fe228a4f000-7fe228a50000 rw-p 0000b000 08:06 145746                     /lib/x86_64-linux-gnu/libnss_nis-2.19.so
7fe228a50000-7fe228a67000 r-xp 00000000 08:06 145742                     /lib/x86_64-linux-gnu/libnsl-2.19.so
7fe228a67000-7fe228c66000 ---p 00017000 08:06 145742                     /lib/x86_64-linux-gnu/libnsl-2.19.so
7fe228c66000-7fe228c67000 r--p 00016000 08:06 145742                     /lib/x86_64-linux-gnu/libnsl-2.19.so
7fe228c67000-7fe228c68000 rw-p 00017000 08:06 145742                     /lib/x86_64-linux-gnu/libnsl-2.19.so
7fe228c68000-7fe228c6a000 rw-p 00000000 00:00 0 
7fe228c6a000-7fe228c73000 r-xp 00000000 08:06 145741                     /lib/x86_64-linux-gnu/libnss_compat-2.19.so
7fe228c73000-7fe228e72000 ---p 00009000 08:06 145741                     /lib/x86_64-linux-gnu/libnss_compat-2.19.so
7fe228e72000-7fe228e73000 r--p 00008000 08:06 145741                     /lib/x86_64-linux-gnu/libnss_compat-2.19.so
7fe228e73000-7fe228e74000 rw-p 00009000 08:06 145741                     /lib/x86_64-linux-gnu/libnss_compat-2.19.so
7fe228e74000-7fe228e9f000 r-xp 00000000 08:06 1489826                    /usr/lib/jvm/java-7-openjdk-amd64/jre/lib/amd64/libjava.so
7fe228e9f000-7fe22909f000 ---p 0002b000 08:06 1489826                    /usr/lib/jvm/java-7-openjdk-amd64/jre/lib/amd64/libjava.so
7fe22909f000-7fe2290a0000 r--p 0002b000 08:06 1489826                    /usr/lib/jvm/java-7-openjdk-amd64/jre/lib/amd64/libjava.so
7fe2290a0000-7fe2290a2000 rw-p 0002c000 08:06 1489826                    /usr/lib/jvm/java-7-openjdk-amd64/jre/lib/amd64/libjava.so
7fe2290a2000-7fe2290b2000 r-xp 00000000 08:06 1489810                    /usr/lib/jvm/java-7-openjdk-amd64/jre/lib/amd64/libverify.so
7fe2290b2000-7fe2292b1000 ---p 00010000 08:06 1489810                    /usr/lib/jvm/java-7-openjdk-amd64/jre/lib/amd64/libverify.so
7fe2292b1000-7fe2292b3000 r--p 0000f000 08:06 1489810                    /usr/lib/jvm/java-7-openjdk-amd64/jre/lib/amd64/libverify.so
7fe2292b3000-7fe2292b4000 rw-p 00011000 08:06 1489810                    /usr/lib/jvm/java-7-openjdk-amd64/jre/lib/amd64/libverify.so
7fe2292b4000-7fe2292bb000 r-xp 00000000 08:06 148472                     /lib/x86_64-linux-gnu/librt-2.19.so
7fe2292bb000-7fe2294ba000 ---p 00007000 08:06 148472                     /lib/x86_64-linux-gnu/librt-2.19.so
7fe2294ba000-7fe2294bb000 r--p 00006000 08:06 148472                     /lib/x86_64-linux-gnu/librt-2.19.so
7fe2294bb000-7fe2294bc000 rw-p 00007000 08:06 148472                     /lib/x86_64-linux-gnu/librt-2.19.so
7fe2294bc000-7fe2294d2000 r-xp 00000000 08:06 131070                     /lib/x86_64-linux-gnu/libgcc_s.so.1
7fe2294d2000-7fe2296d1000 ---p 00016000 08:06 131070                     /lib/x86_64-linux-gnu/libgcc_s.so.1
7fe2296d1000-7fe2296d2000 rw-p 00015000 08:06 131070                     /lib/x86_64-linux-gnu/libgcc_s.so.1
7fe2296d2000-7fe2297d7000 r-xp 00000000 08:06 135048                     /lib/x86_64-linux-gnu/libm-2.19.so
7fe2297d7000-7fe2299d6000 ---p 00105000 08:06 135048                     /lib/x86_64-linux-gnu/libm-2.19.so
7fe2299d6000-7fe2299d7000 r--p 00104000 08:06 135048                     /lib/x86_64-linux-gnu/libm-2.19.so
7fe2299d7000-7fe2299d8000 rw-p 00105000 08:06 135048                     /lib/x86_64-linux-gnu/libm-2.19.so
7fe2299d8000-7fe229abe000 r-xp 00000000 08:06 1439330                    /usr/lib/x86_64-linux-gnu/libstdc++.so.6.0.19
7fe229abe000-7fe229cbd000 ---p 000e6000 08:06 1439330                    /usr/lib/x86_64-linux-gnu/libstdc++.so.6.0.19
7fe229cbd000-7fe229cc5000 r--p 000e5000 08:06 1439330                    /usr/lib/x86_64-linux-gnu/libstdc++.so.6.0.19
7fe229cc5000-7fe229cc7000 rw-p 000ed000 08:06 1439330                    /usr/lib/x86_64-linux-gnu/libstdc++.so.6.0.19
7fe229cc7000-7fe229cdc000 rw-p 00000000 00:00 0 
7fe229cdc000-7fe22a801000 r-xp 00000000 08:06 1489806                    /usr/lib/jvm/java-7-openjdk-amd64/jre/lib/amd64/server/libjvm.so
7fe22a801000-7fe22aa01000 ---p 00b25000 08:06 1489806                    /usr/lib/jvm/java-7-openjdk-amd64/jre/lib/amd64/server/libjvm.so
7fe22aa01000-7fe22aa9b000 r--p 00b25000 08:06 1489806                    /usr/lib/jvm/java-7-openjdk-amd64/jre/lib/amd64/server/libjvm.so
7fe22aa9b000-7fe22aabe000 rw-p 00bbf000 08:06 1489806                    /usr/lib/jvm/java-7-openjdk-amd64/jre/lib/amd64/server/libjvm.so
7fe22aabe000-7fe22aaec000 rw-p 00000000 00:00 0 
7fe22aaec000-7fe22ab04000 r-xp 00000000 08:06 135112                     /lib/x86_64-linux-gnu/libz.so.1.2.8
7fe22ab04000-7fe22ad03000 ---p 00018000 08:06 135112                     /lib/x86_64-linux-gnu/libz.so.1.2.8
7fe22ad03000-7fe22ad04000 r--p 00017000 08:06 135112                     /lib/x86_64-linux-gnu/libz.so.1.2.8
7fe22ad04000-7fe22ad05000 rw-p 00018000 08:06 135112                     /lib/x86_64-linux-gnu/libz.so.1.2.8
7fe22ad05000-7fe22ad1e000 r-xp 00000000 08:06 145743                     /lib/x86_64-linux-gnu/libpthread-2.19.so
7fe22ad1e000-7fe22af1d000 ---p 00019000 08:06 145743                     /lib/x86_64-linux-gnu/libpthread-2.19.so
7fe22af1d000-7fe22af1e000 r--p 00018000 08:06 145743                     /lib/x86_64-linux-gnu/libpthread-2.19.so
7fe22af1e000-7fe22af1f000 rw-p 00019000 08:06 145743                     /lib/x86_64-linux-gnu/libpthread-2.19.so
7fe22af1f000-7fe22af23000 rw-p 00000000 00:00 0 
7fe22af23000-7fe22af26000 r-xp 00000000 08:06 145738                     /lib/x86_64-linux-gnu/libdl-2.19.so
7fe22af26000-7fe22b125000 ---p 00003000 08:06 145738                     /lib/x86_64-linux-gnu/libdl-2.19.so
7fe22b125000-7fe22b126000 r--p 00002000 08:06 145738                     /lib/x86_64-linux-gnu/libdl-2.19.so
7fe22b126000-7fe22b127000 rw-p 00003000 08:06 145738                     /lib/x86_64-linux-gnu/libdl-2.19.so
7fe22b127000-7fe22b2e2000 r-xp 00000000 08:06 148473                     /lib/x86_64-linux-gnu/libc-2.19.so
7fe22b2e2000-7fe22b4e1000 ---p 001bb000 08:06 148473                     /lib/x86_64-linux-gnu/libc-2.19.so
7fe22b4e1000-7fe22b4e5000 r--p 001ba000 08:06 148473                     /lib/x86_64-linux-gnu/libc-2.19.so
7fe22b4e5000-7fe22b4e7000 rw-p 001be000 08:06 148473                     /lib/x86_64-linux-gnu/libc-2.19.so
7fe22b4e7000-7fe22b4ec000 rw-p 00000000 00:00 0 
7fe22b4ec000-7fe22b4f9000 r-xp 00000000 08:06 1489800                    /usr/lib/jvm/java-7-openjdk-amd64/jre/lib/amd64/jli/libjli.so
7fe22b4f9000-7fe22b6f8000 ---p 0000d000 08:06 1489800                    /usr/lib/jvm/java-7-openjdk-amd64/jre/lib/amd64/jli/libjli.so
7fe22b6f8000-7fe22b6f9000 r--p 0000c000 08:06 1489800                    /usr/lib/jvm/java-7-openjdk-amd64/jre/lib/amd64/jli/libjli.so
7fe22b6f9000-7fe22b6fa000 rw-p 0000d000 08:06 1489800                    /usr/lib/jvm/java-7-openjdk-amd64/jre/lib/amd64/jli/libjli.so
7fe22b6fa000-7fe22b71d000 r-xp 00000000 08:06 145744                     /lib/x86_64-linux-gnu/ld-2.19.so
7fe22b71d000-7fe22b720000 r--s 0000f000 08:06 1489840                    /usr/lib/jvm/java-7-openjdk-amd64/jre/lib/ext/icedtea-sound.jar
7fe22b720000-7fe22b745000 rw-p 00000000 00:00 0 
7fe22b745000-7fe22b7f8000 rw-p 00000000 00:00 0 
7fe22b7f8000-7fe22b7fb000 ---p 00000000 00:00 0 
7fe22b7fb000-7fe22b8ff000 rw-p 00000000 00:00 0                          [stack:7042]
7fe22b8ff000-7fe22b901000 r--s 00012000 08:06 1489837                    /usr/lib/jvm/java-7-openjdk-amd64/jre/lib/ext/zipfs.jar
7fe22b901000-7fe22b902000 r--s 00002000 08:06 1489839                    /usr/lib/jvm/java-7-openjdk-amd64/jre/lib/ext/dnsns.jar
7fe22b902000-7fe22b904000 r--s 00006000 08:06 1840524                    /usr/share/java/java-atk-wrapper.jar
7fe22b904000-7fe22b908000 r--s 0003c000 08:06 1489838                    /usr/lib/jvm/java-7-openjdk-amd64/jre/lib/ext/sunpkcs11.jar
7fe22b908000-7fe22b90c000 r--s 00034000 08:06 1489836                    /usr/lib/jvm/java-7-openjdk-amd64/jre/lib/ext/sunjce_provider.jar
7fe22b90c000-7fe22b910000 r--s 00085000 08:06 1489835                    /usr/lib/jvm/java-7-openjdk-amd64/jre/lib/ext/localedata.jar
7fe22b910000-7fe22b918000 rw-s 00000000 08:06 1840627                    /tmp/hsperfdata_tulin/7037
7fe22b918000-7fe22b919000 rw-p 00000000 00:00 0 
7fe22b919000-7fe22b91a000 ---p 00000000 00:00 0 
7fe22b91a000-7fe22b91c000 rw-p 00000000 00:00 0 
7fe22b91c000-7fe22b91d000 r--p 00022000 08:06 145744                     /lib/x86_64-linux-gnu/ld-2.19.so
7fe22b91d000-7fe22b91e000 rw-p 00023000 08:06 145744                     /lib/x86_64-linux-gnu/ld-2.19.so
7fe22b91e000-7fe22b91f000 rw-p 00000000 00:00 0 
7fff48b39000-7fff48b5a000 rw-p 00000000 00:00 0                          [stack]
7fff48b80000-7fff48b82000 r-xp 00000000 00:00 0                          [vdso]
ffffffffff600000-ffffffffff601000 r-xp 00000000 00:00 0                  [vsyscall]

VM Arguments:
jvm_args: -Djava.awt.headless=true -Xmx1024M -Dfile.encoding=UTF-8 -Duser.country=US -Duser.language=en -Duser.variant 
java_command: com.android.dx.command.Main --dex --num-threads=4 --multi-dex --main-dex-list /home/tulin/AndroidStudioProjects/CamApp/app/build/intermediates/multi-dex/debug/maindexlist.txt --output /home/tulin/AndroidStudioProjects/CamApp/app/build/intermediates/transforms/dex/debug/folders/1000/1f/main /home/tulin/AndroidStudioProjects/CamApp/app/build/intermediates/transforms/jarMerging/debug/jars/1/1f/combined.jar
Launcher Type: SUN_STANDARD

Environment Variables:
PATH=/usr/local/sbin:/usr/local/bin:/usr/sbin:/usr/bin:/sbin:/bin:/usr/games:/usr/local/games
SHELL=/bin/bash
DISPLAY=:0

Signal Handlers:
SIGSEGV: [libjvm.so+0x955bc0], sa_mask[0]=0x7ffbfeff, sa_flags=0x10000004
SIGBUS: [libjvm.so+0x955bc0], sa_mask[0]=0x7ffbfeff, sa_flags=0x10000004
SIGFPE: [libjvm.so+0x7caff0], sa_mask[0]=0x7ffbfeff, sa_flags=0x10000004
SIGPIPE: [libjvm.so+0x7caff0], sa_mask[0]=0x7ffbfeff, sa_flags=0x10000004
SIGXFSZ: [libjvm.so+0x7caff0], sa_mask[0]=0x7ffbfeff, sa_flags=0x10000004
SIGILL: [libjvm.so+0x7caff0], sa_mask[0]=0x7ffbfeff, sa_flags=0x10000004
SIGUSR1: SIG_DFL, sa_mask[0]=0x00000000, sa_flags=0x00000000
SIGUSR2: [libjvm.so+0x7cae90], sa_mask[0]=0x00000004, sa_flags=0x10000004
SIGHUP: [libjvm.so+0x7cb070], sa_mask[0]=0x7ffbfeff, sa_flags=0x10000004
SIGINT: [libjvm.so+0x7cb070], sa_mask[0]=0x7ffbfeff, sa_flags=0x10000004
SIGTERM: [libjvm.so+0x7cb070], sa_mask[0]=0x7ffbfeff, sa_flags=0x10000004
SIGQUIT: [libjvm.so+0x7cb070], sa_mask[0]=0x7ffbfeff, sa_flags=0x10000004
SIGTRAP: SIG_DFL, sa_mask[0]=0x00000000, sa_flags=0x00000000


---------------  S Y S T E M  ---------------

OS:Ubuntu 14.04 (trusty)
uname:Linux 3.13.0-79-generic #123-Ubuntu SMP Fri Feb 19 14:27:58 UTC 2016 x86_64
libc:glibc 2.19 NPTL 2.19 
rlimit: STACK 8192k, CORE 0k, NPROC 30460, NOFILE 4096, AS infinity
load average:5,84 8,12 6,60

/proc/meminfo:
MemTotal:        3946988 kB
MemFree:          138832 kB
Buffers:            1524 kB
Cached:           682060 kB
SwapCached:            0 kB
Active:          2968728 kB
Inactive:         666476 kB
Active(anon):    2968432 kB
Inactive(anon):   638560 kB
Active(file):        296 kB
Inactive(file):    27916 kB
Unevictable:          32 kB
Mlocked:              32 kB
SwapTotal:             0 kB
SwapFree:              0 kB
Dirty:                16 kB
Writeback:            76 kB
AnonPages:       2952392 kB
Mapped:           176184 kB
Shmem:            654684 kB
Slab:              72592 kB
SReclaimable:      33912 kB
SUnreclaim:        38680 kB
KernelStack:        5688 kB
PageTables:        41116 kB
NFS_Unstable:          0 kB
Bounce:                0 kB
WritebackTmp:          0 kB
CommitLimit:     1973492 kB
Committed_AS:    8169680 kB
VmallocTotal:   34359738367 kB
VmallocUsed:      350184 kB
VmallocChunk:   34359381756 kB
HardwareCorrupted:     0 kB
AnonHugePages:   1171456 kB
HugePages_Total:       0
HugePages_Free:        0
HugePages_Rsvd:        0
HugePages_Surp:        0
Hugepagesize:       2048 kB
DirectMap4k:       66592 kB
DirectMap2M:     4028416 kB


CPU:total 4 (2 cores per cpu, 2 threads per core) family 6 model 42 stepping 7, cmov, cx8, fxsr, mmx, sse, sse2, sse3, ssse3, sse4.1, sse4.2, popcnt, avx, aes, ht, tsc, tscinvbit

/proc/cpuinfo:
processor	: 0
vendor_id	: GenuineIntel
cpu family	: 6
model		: 42
model name	: Intel(R) Core(TM) i5-2557M CPU @ 1.70GHz
stepping	: 7
microcode	: 0x1a
cpu MHz		: 1701.000
cache size	: 3072 KB
physical id	: 0
siblings	: 4
core id		: 0
cpu cores	: 2
apicid		: 0
initial apicid	: 0
fpu		: yes
fpu_exception	: yes
cpuid level	: 13
wp		: yes
flags		: fpu vme de pse tsc msr pae mce cx8 apic sep mtrr pge mca cmov pat pse36 clflush dts acpi mmx fxsr sse sse2 ss ht tm pbe syscall nx rdtscp lm constant_tsc arch_perfmon pebs bts rep_good nopl xtopology nonstop_tsc aperfmperf eagerfpu pni pclmulqdq dtes64 monitor ds_cpl vmx smx est tm2 ssse3 cx16 xtpr pdcm pcid sse4_1 sse4_2 x2apic popcnt tsc_deadline_timer aes xsave avx lahf_lm ida arat epb xsaveopt pln pts dtherm tpr_shadow vnmi flexpriority ept vpid
bogomips	: 3392.10
clflush size	: 64
cache_alignment	: 64
address sizes	: 36 bits physical, 48 bits virtual
power management:

processor	: 1
vendor_id	: GenuineIntel
cpu family	: 6
model		: 42
model name	: Intel(R) Core(TM) i5-2557M CPU @ 1.70GHz
stepping	: 7
microcode	: 0x1a
cpu MHz		: 1701.000
cache size	: 3072 KB
physical id	: 0
siblings	: 4
core id		: 1
cpu cores	: 2
apicid		: 2
initial apicid	: 2
fpu		: yes
fpu_exception	: yes
cpuid level	: 13
wp		: yes
flags		: fpu vme de pse tsc msr pae mce cx8 apic sep mtrr pge mca cmov pat pse36 clflush dts acpi mmx fxsr sse sse2 ss ht tm pbe syscall nx rdtscp lm constant_tsc arch_perfmon pebs bts rep_good nopl xtopology nonstop_tsc aperfmperf eagerfpu pni pclmulqdq dtes64 monitor ds_cpl vmx smx est tm2 ssse3 cx16 xtpr pdcm pcid sse4_1 sse4_2 x2apic popcnt tsc_deadline_timer aes xsave avx lahf_lm ida arat epb xsaveopt pln pts dtherm tpr_shadow vnmi flexpriority ept vpid
bogomips	: 3392.10
clflush size	: 64
cache_alignment	: 64
address sizes	: 36 bits physical, 48 bits virtual
power management:

processor	: 2
vendor_id	: GenuineIntel
cpu family	: 6
model		: 42
model name	: Intel(R) Core(TM) i5-2557M CPU @ 1.70GHz
stepping	: 7
microcode	: 0x1a
cpu MHz		: 1701.000
cache size	: 3072 KB
physical id	: 0
siblings	: 4
core id		: 0
cpu cores	: 2
apicid		: 1
initial apicid	: 1
fpu		: yes
fpu_exception	: yes
cpuid level	: 13
wp		: yes
flags		: fpu vme de pse tsc msr pae mce cx8 apic sep mtrr pge mca cmov pat pse36 clflush dts acpi mmx fxsr sse sse2 ss ht tm pbe syscall nx rdtscp lm constant_tsc arch_perfmon pebs bts rep_good nopl xtopology nonstop_tsc aperfmperf eagerfpu pni pclmulqdq dtes64 monitor ds_cpl vmx smx est tm2 ssse3 cx16 xtpr pdcm pcid sse4_1 sse4_2 x2apic popcnt tsc_deadline_timer aes xsave avx lahf_lm ida arat epb xsaveopt pln pts dtherm tpr_shadow vnmi flexpriority ept vpid
bogomips	: 3392.10
clflush size	: 64
cache_alignment	: 64
address sizes	: 36 bits physical, 48 bits virtual
power management:

processor	: 3
vendor_id	: GenuineIntel
cpu family	: 6
model		: 42
model name	: Intel(R) Core(TM) i5-2557M CPU @ 1.70GHz
stepping	: 7
microcode	: 0x1a
cpu MHz		: 1701.000
cache size	: 3072 KB
physical id	: 0
siblings	: 4
core id		: 1
cpu cores	: 2
apicid		: 3
initial apicid	: 3
fpu		: yes
fpu_exception	: yes
cpuid level	: 13
wp		: yes
flags		: fpu vme de pse tsc msr pae mce cx8 apic sep mtrr pge mca cmov pat pse36 clflush dts acpi mmx fxsr sse sse2 ss ht tm pbe syscall nx rdtscp lm constant_tsc arch_perfmon pebs bts rep_good nopl xtopology nonstop_tsc aperfmperf eagerfpu pni pclmulqdq dtes64 monitor ds_cpl vmx smx est tm2 ssse3 cx16 xtpr pdcm pcid sse4_1 sse4_2 x2apic popcnt tsc_deadline_timer aes xsave avx lahf_lm ida arat epb xsaveopt pln pts dtherm tpr_shadow vnmi flexpriority ept vpid
bogomips	: 3392.10
clflush size	: 64
cache_alignment	: 64
address sizes	: 36 bits physical, 48 bits virtual
power management:



Memory: 4k page, physical 3946988k(138832k free), swap 0k(0k free)

vm_info: OpenJDK 64-Bit Server VM (24.95-b01) for linux-amd64 JRE (1.7.0_95-b00), built on Jan 21 2016 03:31:40 by "buildd" with gcc 4.8.4

time: Wed Mar 23 15:31:52 2016
elapsed time: 12 seconds

