#
# There is insufficient memory for the Java Runtime Environment to continue.
# Native memory allocation (malloc) failed to allocate 92274688 bytes for committing reserved memory.
# Possible reasons:
#   The system is out of physical RAM or swap space
#   In 32 bit mode, the process size limit was hit
# Possible solutions:
#   Reduce memory load on the system
#   Increase physical memory or swap space
#   Check if swap backing store is full
#   Use 64 bit Java on a 64 bit OS
#   Decrease Java heap size (-Xmx/-Xms)
#   Decrease number of Java threads
#   Decrease Java thread stack sizes (-Xss)
#   Set larger code cache with -XX:ReservedCodeCacheSize=
# This output file may be truncated or incomplete.
#
#  Out of Memory Error (os_linux.cpp:2827), pid=5595, tid=140498187417344
#
# JRE version: OpenJDK Runtime Environment (7.0_95) (build 1.7.0_95-b00)
# Java VM: OpenJDK 64-Bit Server VM (24.95-b01 mixed mode linux-amd64 compressed oops)
# Derivative: IcedTea 2.6.4
# Distribution: Ubuntu 14.04.3 LTS, package 7u95-2.6.4-0ubuntu0.14.04.1
# Failed to write core dump. Core dumps have been disabled. To enable core dumping, try "ulimit -c unlimited" before starting Java again
#

---------------  T H R E A D  ---------------

Current thread (0x00007fc84c076000):  VMThread [stack: 0x00007fc8487d7000,0x00007fc8488d8000] [id=5620]

Stack: [0x00007fc8487d7000,0x00007fc8488d8000],  sp=0x00007fc8488d6490,  free space=1021k
Native frames: (J=compiled Java code, j=interpreted, Vv=VM code, C=native code)
V  [libjvm.so+0x9550e5]
V  [libjvm.so+0x4902b4]
V  [libjvm.so+0x7cf7bb]
V  [libjvm.so+0x7ca28f]
V  [libjvm.so+0x83e56b]
V  [libjvm.so+0x83f3e0]
V  [libjvm.so+0x83facb]
V  [libjvm.so+0x83b4d8]
V  [libjvm.so+0x83bd48]
V  [libjvm.so+0x7f1fd3]
V  [libjvm.so+0x956ae4]
V  [libjvm.so+0x95abe7]
V  [libjvm.so+0x9596a8]
V  [libjvm.so+0x959b09]
V  [libjvm.so+0x959f52]
V  [libjvm.so+0x7cc682]

VM_Operation (0x00007fc84015f0f0): ParallelGCFailedAllocation, mode: safepoint, requested by thread 0x00007fc84c1a6800


---------------  P R O C E S S  ---------------

Java Threads: ( => current thread )
  0x00007fc84c1af800 JavaThread "pool-1-thread-4" [_thread_blocked, id=5671, stack(0x00007fc83b59b000,0x00007fc83b69c000)]
  0x00007fc84c1ae000 JavaThread "pool-1-thread-3" [_thread_blocked, id=5670, stack(0x00007fc83b69c000,0x00007fc83b79d000)]
  0x00007fc84c1ac800 JavaThread "pool-1-thread-2" [_thread_blocked, id=5669, stack(0x00007fc83b79d000,0x00007fc83b89e000)]
  0x00007fc84c1a8800 JavaThread "pool-2-thread-1" [_thread_blocked, id=5666, stack(0x00007fc83b89e000,0x00007fc83b99f000)]
  0x00007fc84c1a6800 JavaThread "pool-1-thread-1" [_thread_blocked, id=5665, stack(0x00007fc840060000,0x00007fc840161000)]
  0x00007fc84c0b5800 JavaThread "Service Thread" daemon [_thread_blocked, id=5646, stack(0x00007fc8481d1000,0x00007fc8482d2000)]
  0x00007fc84c0b3000 JavaThread "C2 CompilerThread1" daemon [_thread_blocked, id=5642, stack(0x00007fc8482d2000,0x00007fc8483d3000)]
  0x00007fc84c0b0000 JavaThread "C2 CompilerThread0" daemon [_thread_blocked, id=5640, stack(0x00007fc8483d3000,0x00007fc8484d4000)]
  0x00007fc84c0ae000 JavaThread "Signal Dispatcher" daemon [_thread_blocked, id=5632, stack(0x00007fc8484d4000,0x00007fc8485d5000)]
  0x00007fc84c07c000 JavaThread "Finalizer" daemon [_thread_blocked, id=5628, stack(0x00007fc8485d5000,0x00007fc8486d6000)]
  0x00007fc84c07a000 JavaThread "Reference Handler" daemon [_thread_blocked, id=5627, stack(0x00007fc8486d6000,0x00007fc8487d7000)]
  0x00007fc84c00a800 JavaThread "main" [_thread_blocked, id=5612, stack(0x00007fc8549b5000,0x00007fc854ab6000)]

Other Threads:
=>0x00007fc84c076000 VMThread [stack: 0x00007fc8487d7000,0x00007fc8488d8000] [id=5620]
  0x00007fc84c0c0000 WatcherThread [stack: 0x00007fc8480d0000,0x00007fc8481d1000] [id=5650]

VM state:at safepoint (normal execution)

VM Mutex/Monitor currently owned by a thread:  ([mutex/lock_event])
[0x00007fc84c006990] Threads_lock - owner thread: 0x00007fc84c076000
[0x00007fc84c006e90] Heap_lock - owner thread: 0x00007fc84c1a6800

Heap
 PSYoungGen      total 66048K, used 2541K [0x00000000eaa80000, 0x00000000eed80000, 0x0000000100000000)
  eden space 63488K, 0% used [0x00000000eaa80000,0x00000000eaa80000,0x00000000ee880000)
  from space 2560K, 99% used [0x00000000ee880000,0x00000000eeafb4a8,0x00000000eeb00000)
  to   space 2560K, 0% used [0x00000000eeb00000,0x00000000eeb00000,0x00000000eed80000)
 ParOldGen       total 40960K, used 23750K [0x00000000c0000000, 0x00000000c2800000, 0x00000000eaa80000)
  object space 40960K, 57% used [0x00000000c0000000,0x00000000c1731a30,0x00000000c2800000)
 PSPermGen       total 21504K, used 6242K [0x00000000b5a00000, 0x00000000b6f00000, 0x00000000c0000000)
  object space 21504K, 29% used [0x00000000b5a00000,0x00000000b6018ac8,0x00000000b6f00000)

Card table byte_map: [0x00007fc851398000,0x00007fc8515ec000] byte_map_base: 0x00007fc850deb000

Polling page: 0x00007fc854ad6000

Code Cache  [0x00007fc849000000, 0x00007fc849270000, 0x00007fc84c000000)
 total_blobs=485 nmethods=254 adapters=184 free_code_cache=48095Kb largest_free_block=49187200

Compilation events (10 events):
Event: 9,949 Thread 0x00007fc84c0b0000 nmethod 256 0x00007fc8491043d0 code [0x00007fc849104940, 0x00007fc849107680]
Event: 9,950 Thread 0x00007fc84c0b0000  257             com.android.dx.ssa.back.IdenticalBlockCombiner::process (323 bytes)
Event: 11,699 Thread 0x00007fc84c0b0000 nmethod 257 0x00007fc84910f0d0 code [0x00007fc84910f4c0, 0x00007fc849111b08]
Event: 11,727 Thread 0x00007fc84c0b0000  258             com.android.dx.rop.cst.CstString::compareTo0 (15 bytes)
Event: 11,728 Thread 0x00007fc84c0b0000 nmethod 258 0x00007fc8490ed3d0 code [0x00007fc8490ed520, 0x00007fc8490ed698]
Event: 11,728 Thread 0x00007fc84c0b0000  259   !         com.android.dx.rop.cst.StdConstantPool::get (24 bytes)
Event: 11,729 Thread 0x00007fc84c0b0000 nmethod 259 0x00007fc849088710 code [0x00007fc849088860, 0x00007fc849088918]
Event: 11,729 Thread 0x00007fc84c0b0000  260             java.lang.AbstractStringBuilder::ensureCapacityInternal (16 bytes)
Event: 11,733 Thread 0x00007fc84c0b0000 nmethod 260 0x00007fc8490ece90 code [0x00007fc8490ecfe0, 0x00007fc8490ed258]
Event: 11,733 Thread 0x00007fc84c0b0000  261   !         com.android.dx.cf.cst.ConstantPoolParser::parse0 (731 bytes)

GC Heap History (9 events):
Event: 0,566 GC heap before
{Heap before GC invocations=1 (full 0):
 PSYoungGen      total 18432K, used 15872K [0x00000000eaa80000, 0x00000000ebf00000, 0x0000000100000000)
  eden space 15872K, 100% used [0x00000000eaa80000,0x00000000eba00000,0x00000000eba00000)
  from space 2560K, 0% used [0x00000000ebc80000,0x00000000ebc80000,0x00000000ebf00000)
  to   space 2560K, 0% used [0x00000000eba00000,0x00000000eba00000,0x00000000ebc80000)
 ParOldGen       total 40960K, used 0K [0x00000000c0000000, 0x00000000c2800000, 0x00000000eaa80000)
  object space 40960K, 0% used [0x00000000c0000000,0x00000000c0000000,0x00000000c2800000)
 PSPermGen       total 21504K, used 4128K [0x00000000b5a00000, 0x00000000b6f00000, 0x00000000c0000000)
  object space 21504K, 19% used [0x00000000b5a00000,0x00000000b5e082c0,0x00000000b6f00000)
Event: 0,578 GC heap after
Heap after GC invocations=1 (full 0):
 PSYoungGen      total 18432K, used 1044K [0x00000000eaa80000, 0x00000000ece80000, 0x0000000100000000)
  eden space 15872K, 0% used [0x00000000eaa80000,0x00000000eaa80000,0x00000000eba00000)
  from space 2560K, 40% used [0x00000000eba00000,0x00000000ebb052c8,0x00000000ebc80000)
  to   space 2560K, 0% used [0x00000000ecc00000,0x00000000ecc00000,0x00000000ece80000)
 ParOldGen       total 40960K, used 8K [0x00000000c0000000, 0x00000000c2800000, 0x00000000eaa80000)
  object space 40960K, 0% used [0x00000000c0000000,0x00000000c0002000,0x00000000c2800000)
 PSPermGen       total 21504K, used 4128K [0x00000000b5a00000, 0x00000000b6f00000, 0x00000000c0000000)
  object space 21504K, 19% used [0x00000000b5a00000,0x00000000b5e082c0,0x00000000b6f00000)
}
Event: 1,811 GC heap before
{Heap before GC invocations=2 (full 0):
 PSYoungGen      total 18432K, used 16916K [0x00000000eaa80000, 0x00000000ece80000, 0x0000000100000000)
  eden space 15872K, 100% used [0x00000000eaa80000,0x00000000eba00000,0x00000000eba00000)
  from space 2560K, 40% used [0x00000000eba00000,0x00000000ebb052c8,0x00000000ebc80000)
  to   space 2560K, 0% used [0x00000000ecc00000,0x00000000ecc00000,0x00000000ece80000)
 ParOldGen       total 40960K, used 8K [0x00000000c0000000, 0x00000000c2800000, 0x00000000eaa80000)
  object space 40960K, 0% used [0x00000000c0000000,0x00000000c0002000,0x00000000c2800000)
 PSPermGen       total 21504K, used 5963K [0x00000000b5a00000, 0x00000000b6f00000, 0x00000000c0000000)
  object space 21504K, 27% used [0x00000000b5a00000,0x00000000b5fd2db0,0x00000000b6f00000)
Event: 1,823 GC heap after
Heap after GC invocations=2 (full 0):
 PSYoungGen      total 34304K, used 2555K [0x00000000eaa80000, 0x00000000ece80000, 0x0000000100000000)
  eden space 31744K, 0% used [0x00000000eaa80000,0x00000000eaa80000,0x00000000ec980000)
  from space 2560K, 99% used [0x00000000ecc00000,0x00000000ece7ec88,0x00000000ece80000)
  to   space 2560K, 0% used [0x00000000ec980000,0x00000000ec980000,0x00000000ecc00000)
 ParOldGen       total 40960K, used 1964K [0x00000000c0000000, 0x00000000c2800000, 0x00000000eaa80000)
  object space 40960K, 4% used [0x00000000c0000000,0x00000000c01eb0e0,0x00000000c2800000)
 PSPermGen       total 21504K, used 5963K [0x00000000b5a00000, 0x00000000b6f00000, 0x00000000c0000000)
  object space 21504K, 27% used [0x00000000b5a00000,0x00000000b5fd2db0,0x00000000b6f00000)
}
Event: 3,903 GC heap before
{Heap before GC invocations=3 (full 0):
 PSYoungGen      total 34304K, used 34299K [0x00000000eaa80000, 0x00000000ece80000, 0x0000000100000000)
  eden space 31744K, 100% used [0x00000000eaa80000,0x00000000ec980000,0x00000000ec980000)
  from space 2560K, 99% used [0x00000000ecc00000,0x00000000ece7ec88,0x00000000ece80000)
  to   space 2560K, 0% used [0x00000000ec980000,0x00000000ec980000,0x00000000ecc00000)
 ParOldGen       total 40960K, used 1964K [0x00000000c0000000, 0x00000000c2800000, 0x00000000eaa80000)
  object space 40960K, 4% used [0x00000000c0000000,0x00000000c01eb0e0,0x00000000c2800000)
 PSPermGen       total 21504K, used 6160K [0x00000000b5a00000, 0x00000000b6f00000, 0x00000000c0000000)
  object space 21504K, 28% used [0x00000000b5a00000,0x00000000b6004050,0x00000000b6f00000)
Event: 3,953 GC heap after
Heap after GC invocations=3 (full 0):
 PSYoungGen      total 34304K, used 2541K [0x00000000eaa80000, 0x00000000eed80000, 0x0000000100000000)
  eden space 31744K, 0% used [0x00000000eaa80000,0x00000000eaa80000,0x00000000ec980000)
  from space 2560K, 99% used [0x00000000ec980000,0x00000000ecbfb478,0x00000000ecc00000)
  to   space 2560K, 0% used [0x00000000eeb00000,0x00000000eeb00000,0x00000000eed80000)
 ParOldGen       total 40960K, used 7109K [0x00000000c0000000, 0x00000000c2800000, 0x00000000eaa80000)
  object space 40960K, 17% used [0x00000000c0000000,0x00000000c06f14d8,0x00000000c2800000)
 PSPermGen       total 21504K, used 6160K [0x00000000b5a00000, 0x00000000b6f00000, 0x00000000c0000000)
  object space 21504K, 28% used [0x00000000b5a00000,0x00000000b6004050,0x00000000b6f00000)
}
Event: 5,725 GC heap before
{Heap before GC invocations=4 (full 0):
 PSYoungGen      total 34304K, used 34285K [0x00000000eaa80000, 0x00000000eed80000, 0x0000000100000000)
  eden space 31744K, 100% used [0x00000000eaa80000,0x00000000ec980000,0x00000000ec980000)
  from space 2560K, 99% used [0x00000000ec980000,0x00000000ecbfb478,0x00000000ecc00000)
  to   space 2560K, 0% used [0x00000000eeb00000,0x00000000eeb00000,0x00000000eed80000)
 ParOldGen       total 40960K, used 7109K [0x00000000c0000000, 0x00000000c2800000, 0x00000000eaa80000)
  object space 40960K, 17% used [0x00000000c0000000,0x00000000c06f14d8,0x00000000c2800000)
 PSPermGen       total 21504K, used 6200K [0x00000000b5a00000, 0x00000000b6f00000, 0x00000000c0000000)
  object space 21504K, 28% used [0x00000000b5a00000,0x00000000b600e358,0x00000000b6f00000)
Event: 5,969 GC heap after
Heap after GC invocations=4 (full 0):
 PSYoungGen      total 66048K, used 2530K [0x00000000eaa80000, 0x00000000eed80000, 0x0000000100000000)
  eden space 63488K, 0% used [0x00000000eaa80000,0x00000000eaa80000,0x00000000ee880000)
  from space 2560K, 98% used [0x00000000eeb00000,0x00000000eed78868,0x00000000eed80000)
  to   space 2560K, 0% used [0x00000000ee880000,0x00000000ee880000,0x00000000eeb00000)
 ParOldGen       total 40960K, used 12939K [0x00000000c0000000, 0x00000000c2800000, 0x00000000eaa80000)
  object space 40960K, 31% used [0x00000000c0000000,0x00000000c0ca2eb8,0x00000000c2800000)
 PSPermGen       total 21504K, used 6200K [0x00000000b5a00000, 0x00000000b6f00000, 0x00000000c0000000)
  object space 21504K, 28% used [0x00000000b5a00000,0x00000000b600e358,0x00000000b6f00000)
}
Event: 11,932 GC heap before
{Heap before GC invocations=5 (full 0):
 PSYoungGen      total 66048K, used 66018K [0x00000000eaa80000, 0x00000000eed80000, 0x0000000100000000)
  eden space 63488K, 100% used [0x00000000eaa80000,0x00000000ee880000,0x00000000ee880000)
  from space 2560K, 98% used [0x00000000eeb00000,0x00000000eed78868,0x00000000eed80000)
  to   space 2560K, 0% used [0x00000000ee880000,0x00000000ee880000,0x00000000eeb00000)
 ParOldGen       total 40960K, used 12939K [0x00000000c0000000, 0x00000000c2800000, 0x00000000eaa80000)
  object space 40960K, 31% used [0x00000000c0000000,0x00000000c0ca2eb8,0x00000000c2800000)
 PSPermGen       total 21504K, used 6242K [0x00000000b5a00000, 0x00000000b6f00000, 0x00000000c0000000)
  object space 21504K, 29% used [0x00000000b5a00000,0x00000000b6018ac8,0x00000000b6f00000)

Deoptimization events (10 events):
Event: 2,640 Thread 0x00007fc84c00a800 Uncommon trap: reason=null_check action=make_not_entrant pc=0x00007fc8490a8bc4 method=com.android.dx.rop.type.Type.putIntern(Lcom/android/dx/rop/type/Type;)Lcom/android/dx/rop/type/Type; @ 18
Event: 3,569 Thread 0x00007fc84c1ac800 Uncommon trap: reason=unstable_if action=reinterpret pc=0x00007fc84908a984 method=com.android.dx.rop.cst.Constant.compareTo(Lcom/android/dx/rop/cst/Constant;)I @ 12
Event: 3,977 Thread 0x00007fc84c1af800 Uncommon trap: reason=unstable_if action=reinterpret pc=0x00007fc8490a06b4 method=com.android.dx.util.IntList.binarysearch(I)I @ 105
Event: 4,165 Thread 0x00007fc84c1ac800 Uncommon trap: reason=unstable_if action=reinterpret pc=0x00007fc8490c4720 method=com.android.dx.ssa.LocalVariableExtractor.processBlock(I)V @ 251
Event: 4,626 Thread 0x00007fc84c1af800 Uncommon trap: reason=unstable_if action=reinterpret pc=0x00007fc84908ea6c method=com.android.dx.rop.code.RegisterSpec.equals(ILcom/android/dx/rop/type/TypeBearer;Lcom/android/dx/rop/code/LocalItem;)Z @ 42
Event: 4,893 Thread 0x00007fc84c1ae000 Uncommon trap: reason=null_check action=make_not_entrant pc=0x00007fc8490cbc70 method=com.android.dx.ssa.SsaRenamer.getLocalForNewReg(I)Lcom/android/dx/rop/code/LocalItem; @ 19
Event: 5,245 Thread 0x00007fc84c1af800 Uncommon trap: reason=class_check action=maybe_recompile pc=0x00007fc8490acf70 method=java.util.HashMap.put(Ljava/lang/Object;Ljava/lang/Object;)Ljava/lang/Object; @ 83
Event: 5,245 Thread 0x00007fc84c1af800 Uncommon trap: reason=class_check action=maybe_recompile pc=0x00007fc8490acf70 method=java.util.HashMap.put(Ljava/lang/Object;Ljava/lang/Object;)Ljava/lang/Object; @ 83
Event: 5,245 Thread 0x00007fc84c1af800 Uncommon trap: reason=class_check action=maybe_recompile pc=0x00007fc8490acf70 method=java.util.HashMap.put(Ljava/lang/Object;Ljava/lang/Object;)Ljava/lang/Object; @ 83
Event: 5,245 Thread 0x00007fc84c1af800 Uncommon trap: reason=class_check action=maybe_recompile pc=0x00007fc8490acf70 method=java.util.HashMap.put(Ljava/lang/Object;Ljava/lang/Object;)Ljava/lang/Object; @ 83

Internal exceptions (10 events):
Event: 1,066 Thread 0x00007fc84c1a6800 Threw 0x00000000eb2feba0 at /build/openjdk-7-2FOwCu/openjdk-7-7u95-2.6.4/build/openjdk/hotspot/src/share/vm/prims/jvm.cpp:1322
Event: 1,387 Thread 0x00007fc84c1a6800 Threw 0x00000000eb4b9bc0 at /build/openjdk-7-2FOwCu/openjdk-7-7u95-2.6.4/build/openjdk/hotspot/src/share/vm/prims/jvm.cpp:1322
Event: 1,467 Thread 0x00007fc84c1a6800 Implicit null exception at 0x00007fc849083bfb to 0x00007fc849083f69
Event: 1,703 Thread 0x00007fc84c1ae000 Threw 0x00000000eb80ba80 at /build/openjdk-7-2FOwCu/openjdk-7-7u95-2.6.4/build/openjdk/hotspot/src/share/vm/prims/jvm.cpp:1322
Event: 2,005 Thread 0x00007fc84c1a6800 Threw 0x00000000eacf6e00 at /build/openjdk-7-2FOwCu/openjdk-7-7u95-2.6.4/build/openjdk/hotspot/src/share/vm/prims/jvm.cpp:1322
Event: 2,640 Thread 0x00007fc84c00a800 Implicit null exception at 0x00007fc8490a84cf to 0x00007fc8490a8bb5
Event: 4,175 Thread 0x00007fc84c00a800 Threw 0x00000000eaefde00 at /build/openjdk-7-2FOwCu/openjdk-7-7u95-2.6.4/build/openjdk/hotspot/src/share/vm/prims/jvm.cpp:1322
Event: 4,353 Thread 0x00007fc84c00a800 Threw 0x00000000eb06ec80 at /build/openjdk-7-2FOwCu/openjdk-7-7u95-2.6.4/build/openjdk/hotspot/src/share/vm/prims/jvm.cpp:1322
Event: 4,893 Thread 0x00007fc84c1ae000 Implicit null exception at 0x00007fc8490c9f2c to 0x00007fc8490cbc4d
Event: 5,622 Thread 0x00007fc84c1ae000 Threw 0x00000000ec7274d0 at /build/openjdk-7-2FOwCu/openjdk-7-7u95-2.6.4/build/openjdk/hotspot/src/share/vm/prims/jvm.cpp:1322

Events (10 events):
Event: 5,245 Thread 0x00007fc84c1af800 DEOPT PACKING pc=0x00007fc8490acf70 sp=0x00007fc83b69a0c0
Event: 5,245 Thread 0x00007fc84c1af800 DEOPT UNPACKING pc=0x00007fc849039445 sp=0x00007fc83b69a088 mode 2
Event: 5,622 loading class 0x00007fc7fc0043d0
Event: 5,622 loading class 0x00007fc7fc0043d0 done
Event: 5,719 Executing VM operation: ParallelGCFailedAllocation
Event: 5,969 Executing VM operation: ParallelGCFailedAllocation done
Event: 7,123 Thread 0x00007fc84c0b0000 flushing nmethod 0x00007fc849077b50
Event: 7,172 Thread 0x00007fc84c0b0000 flushing nmethod 0x00007fc849088710
Event: 11,727 Thread 0x00007fc84c0b0000 flushing nmethod 0x00007fc8490a7c90
Event: 11,886 Executing VM operation: ParallelGCFailedAllocation


Dynamic libraries:
00400000-00401000 r-xp 00000000 08:06 1454669                            /usr/lib/jvm/java-7-openjdk-amd64/jre/bin/java
00600000-00601000 r--p 00000000 08:06 1454669                            /usr/lib/jvm/java-7-openjdk-amd64/jre/bin/java
00601000-00602000 rw-p 00001000 08:06 1454669                            /usr/lib/jvm/java-7-openjdk-amd64/jre/bin/java
01e22000-01e43000 rw-p 00000000 00:00 0                                  [heap]
b5a00000-b6f00000 rw-p 00000000 00:00 0 
b6f00000-c0000000 rw-p 00000000 00:00 0 
c0000000-c2800000 rw-p 00000000 00:00 0 
c2800000-eaa80000 rw-p 00000000 00:00 0 
eaa80000-eed80000 rw-p 00000000 00:00 0 
f4580000-100000000 rw-p 00000000 00:00 0 
7fc7fc000000-7fc7fc025000 rw-p 00000000 00:00 0 
7fc7fc025000-7fc800000000 ---p 00000000 00:00 0 
7fc800000000-7fc800021000 rw-p 00000000 00:00 0 
7fc800021000-7fc804000000 ---p 00000000 00:00 0 
7fc804000000-7fc804021000 rw-p 00000000 00:00 0 
7fc804021000-7fc808000000 ---p 00000000 00:00 0 
7fc808000000-7fc80802e000 rw-p 00000000 00:00 0 
7fc80802e000-7fc80c000000 ---p 00000000 00:00 0 
7fc80c000000-7fc80c021000 rw-p 00000000 00:00 0 
7fc80c021000-7fc810000000 ---p 00000000 00:00 0 
7fc810000000-7fc810023000 rw-p 00000000 00:00 0 
7fc810023000-7fc814000000 ---p 00000000 00:00 0 
7fc814000000-7fc8152b2000 rw-p 00000000 00:00 0 
7fc8152b2000-7fc818000000 ---p 00000000 00:00 0 
7fc818000000-7fc818021000 rw-p 00000000 00:00 0 
7fc818021000-7fc81c000000 ---p 00000000 00:00 0 
7fc81c000000-7fc81c021000 rw-p 00000000 00:00 0 
7fc81c021000-7fc820000000 ---p 00000000 00:00 0 
7fc820000000-7fc820ed2000 rw-p 00000000 00:00 0 
7fc820ed2000-7fc824000000 ---p 00000000 00:00 0 
7fc824000000-7fc824021000 rw-p 00000000 00:00 0 
7fc824021000-7fc828000000 ---p 00000000 00:00 0 
7fc828000000-7fc828021000 rw-p 00000000 00:00 0 
7fc828021000-7fc82c000000 ---p 00000000 00:00 0 
7fc82c000000-7fc82c021000 rw-p 00000000 00:00 0 
7fc82c021000-7fc830000000 ---p 00000000 00:00 0 
7fc830000000-7fc830021000 rw-p 00000000 00:00 0 
7fc830021000-7fc834000000 ---p 00000000 00:00 0 
7fc834000000-7fc834021000 rw-p 00000000 00:00 0 
7fc834021000-7fc838000000 ---p 00000000 00:00 0 
7fc83b59b000-7fc83b59e000 ---p 00000000 00:00 0 
7fc83b59e000-7fc83b69c000 rw-p 00000000 00:00 0                          [stack:5671]
7fc83b69c000-7fc83b69f000 ---p 00000000 00:00 0 
7fc83b69f000-7fc83b79d000 rw-p 00000000 00:00 0                          [stack:5670]
7fc83b79d000-7fc83b7a0000 ---p 00000000 00:00 0 
7fc83b7a0000-7fc83b89e000 rw-p 00000000 00:00 0                          [stack:5669]
7fc83b89e000-7fc83b8a1000 ---p 00000000 00:00 0 
7fc83b8a1000-7fc83b99f000 rw-p 00000000 00:00 0                          [stack:5666]
7fc83b99f000-7fc83b9dc000 r-xp 00000000 08:06 130821                     /lib/x86_64-linux-gnu/libpcre.so.3.13.1
7fc83b9dc000-7fc83bbdb000 ---p 0003d000 08:06 130821                     /lib/x86_64-linux-gnu/libpcre.so.3.13.1
7fc83bbdb000-7fc83bbdc000 r--p 0003c000 08:06 130821                     /lib/x86_64-linux-gnu/libpcre.so.3.13.1
7fc83bbdc000-7fc83bbdd000 rw-p 0003d000 08:06 130821                     /lib/x86_64-linux-gnu/libpcre.so.3.13.1
7fc83bbdd000-7fc83bbe4000 r-xp 00000000 08:06 1447540                    /usr/lib/x86_64-linux-gnu/libffi.so.6.0.1
7fc83bbe4000-7fc83bde3000 ---p 00007000 08:06 1447540                    /usr/lib/x86_64-linux-gnu/libffi.so.6.0.1
7fc83bde3000-7fc83bde4000 r--p 00006000 08:06 1447540                    /usr/lib/x86_64-linux-gnu/libffi.so.6.0.1
7fc83bde4000-7fc83bde5000 rw-p 00007000 08:06 1447540                    /usr/lib/x86_64-linux-gnu/libffi.so.6.0.1
7fc83bde5000-7fc83bdfc000 r-xp 00000000 08:06 134868                     /lib/x86_64-linux-gnu/libresolv-2.19.so
7fc83bdfc000-7fc83bffc000 ---p 00017000 08:06 134868                     /lib/x86_64-linux-gnu/libresolv-2.19.so
7fc83bffc000-7fc83bffd000 r--p 00017000 08:06 134868                     /lib/x86_64-linux-gnu/libresolv-2.19.so
7fc83bffd000-7fc83bffe000 rw-p 00018000 08:06 134868                     /lib/x86_64-linux-gnu/libresolv-2.19.so
7fc83bffe000-7fc83c000000 rw-p 00000000 00:00 0 
7fc83c000000-7fc83c021000 rw-p 00000000 00:00 0 
7fc83c021000-7fc840000000 ---p 00000000 00:00 0 
7fc840060000-7fc840063000 ---p 00000000 00:00 0 
7fc840063000-7fc840161000 rw-p 00000000 00:00 0                          [stack:5665]
7fc840161000-7fc840181000 r-xp 00000000 08:06 135079                     /lib/x86_64-linux-gnu/libselinux.so.1
7fc840181000-7fc840380000 ---p 00020000 08:06 135079                     /lib/x86_64-linux-gnu/libselinux.so.1
7fc840380000-7fc840381000 r--p 0001f000 08:06 135079                     /lib/x86_64-linux-gnu/libselinux.so.1
7fc840381000-7fc840382000 rw-p 00020000 08:06 135079                     /lib/x86_64-linux-gnu/libselinux.so.1
7fc840382000-7fc840384000 rw-p 00000000 00:00 0 
7fc840384000-7fc840387000 r-xp 00000000 08:06 1439340                    /usr/lib/x86_64-linux-gnu/libgmodule-2.0.so.0.4002.0
7fc840387000-7fc840586000 ---p 00003000 08:06 1439340                    /usr/lib/x86_64-linux-gnu/libgmodule-2.0.so.0.4002.0
7fc840586000-7fc840587000 r--p 00002000 08:06 1439340                    /usr/lib/x86_64-linux-gnu/libgmodule-2.0.so.0.4002.0
7fc840587000-7fc840588000 rw-p 00003000 08:06 1439340                    /usr/lib/x86_64-linux-gnu/libgmodule-2.0.so.0.4002.0
7fc840588000-7fc84068e000 r-xp 00000000 08:06 134871                     /lib/x86_64-linux-gnu/libglib-2.0.so.0.4002.0
7fc84068e000-7fc84088d000 ---p 00106000 08:06 134871                     /lib/x86_64-linux-gnu/libglib-2.0.so.0.4002.0
7fc84088d000-7fc84088e000 r--p 00105000 08:06 134871                     /lib/x86_64-linux-gnu/libglib-2.0.so.0.4002.0
7fc84088e000-7fc84088f000 rw-p 00106000 08:06 134871                     /lib/x86_64-linux-gnu/libglib-2.0.so.0.4002.0
7fc84088f000-7fc840890000 rw-p 00000000 00:00 0 
7fc840890000-7fc8408df000 r-xp 00000000 08:06 1439358                    /usr/lib/x86_64-linux-gnu/libgobject-2.0.so.0.4002.0
7fc8408df000-7fc840adf000 ---p 0004f000 08:06 1439358                    /usr/lib/x86_64-linux-gnu/libgobject-2.0.so.0.4002.0
7fc840adf000-7fc840ae0000 r--p 0004f000 08:06 1439358                    /usr/lib/x86_64-linux-gnu/libgobject-2.0.so.0.4002.0
7fc840ae0000-7fc840ae1000 rw-p 00050000 08:06 1439358                    /usr/lib/x86_64-linux-gnu/libgobject-2.0.so.0.4002.0
7fc840ae1000-7fc840c4d000 r-xp 00000000 08:06 1439362                    /usr/lib/x86_64-linux-gnu/libgio-2.0.so.0.4002.0
7fc840c4d000-7fc840e4c000 ---p 0016c000 08:06 1439362                    /usr/lib/x86_64-linux-gnu/libgio-2.0.so.0.4002.0
7fc840e4c000-7fc840e50000 r--p 0016b000 08:06 1439362                    /usr/lib/x86_64-linux-gnu/libgio-2.0.so.0.4002.0
7fc840e50000-7fc840e52000 rw-p 0016f000 08:06 1439362                    /usr/lib/x86_64-linux-gnu/libgio-2.0.so.0.4002.0
7fc840e52000-7fc840e54000 rw-p 00000000 00:00 0 
7fc840e54000-7fc840e6b000 r-xp 00000000 08:06 1489830                    /usr/lib/jvm/java-7-openjdk-amd64/jre/lib/amd64/libnet.so
7fc840e6b000-7fc84106a000 ---p 00017000 08:06 1489830                    /usr/lib/jvm/java-7-openjdk-amd64/jre/lib/amd64/libnet.so
7fc84106a000-7fc84106b000 r--p 00016000 08:06 1489830                    /usr/lib/jvm/java-7-openjdk-amd64/jre/lib/amd64/libnet.so
7fc84106b000-7fc84106c000 rw-p 00017000 08:06 1489830                    /usr/lib/jvm/java-7-openjdk-amd64/jre/lib/amd64/libnet.so
7fc84106c000-7fc84107c000 r-xp 00000000 08:06 1489812                    /usr/lib/jvm/java-7-openjdk-amd64/jre/lib/amd64/libnio.so
7fc84107c000-7fc84127c000 ---p 00010000 08:06 1489812                    /usr/lib/jvm/java-7-openjdk-amd64/jre/lib/amd64/libnio.so
7fc84127c000-7fc84127d000 r--p 00010000 08:06 1489812                    /usr/lib/jvm/java-7-openjdk-amd64/jre/lib/amd64/libnio.so
7fc84127d000-7fc84127e000 rw-p 00011000 08:06 1489812                    /usr/lib/jvm/java-7-openjdk-amd64/jre/lib/amd64/libnio.so
7fc84127e000-7fc841ad0000 r--p 00000000 08:06 1447082                    /usr/lib/locale/locale-archive
7fc841ad0000-7fc844000000 rw-p 00000000 00:00 0 
7fc844000000-7fc844021000 rw-p 00000000 00:00 0 
7fc844021000-7fc848000000 ---p 00000000 00:00 0 
7fc84806d000-7fc84809e000 rw-p 00000000 00:00 0 
7fc8480ba000-7fc8480d0000 r--s 000f0000 08:06 3245245                    /home/tulin/AndroidStudioProjects/CamApp/app/build/intermediates/exploded-aar/com.android.support/support-v4/23.2.0/jars/classes.jar
7fc8480d0000-7fc8480d1000 ---p 00000000 00:00 0 
7fc8480d1000-7fc8481d1000 rw-p 00000000 00:00 0                          [stack:5650]
7fc8481d1000-7fc8481d4000 ---p 00000000 00:00 0 
7fc8481d4000-7fc8482d2000 rw-p 00000000 00:00 0                          [stack:5646]
7fc8482d2000-7fc8482d5000 ---p 00000000 00:00 0 
7fc8482d5000-7fc8483d3000 rw-p 00000000 00:00 0                          [stack:5642]
7fc8483d3000-7fc8483d6000 ---p 00000000 00:00 0 
7fc8483d6000-7fc8484d4000 rw-p 00000000 00:00 0                          [stack:5640]
7fc8484d4000-7fc8484d7000 ---p 00000000 00:00 0 
7fc8484d7000-7fc8485d5000 rw-p 00000000 00:00 0                          [stack:5632]
7fc8485d5000-7fc8485d8000 ---p 00000000 00:00 0 
7fc8485d8000-7fc8486d6000 rw-p 00000000 00:00 0                          [stack:5628]
7fc8486d6000-7fc8486d9000 ---p 00000000 00:00 0 
7fc8486d9000-7fc8487d7000 rw-p 00000000 00:00 0                          [stack:5627]
7fc8487d7000-7fc8487d8000 ---p 00000000 00:00 0 
7fc8487d8000-7fc849000000 rw-p 00000000 00:00 0                          [stack:5620]
7fc849000000-7fc849270000 rwxp 00000000 00:00 0 
7fc849270000-7fc84c1d3000 rw-p 00000000 00:00 0 
7fc84c1d3000-7fc850000000 ---p 00000000 00:00 0 
7fc850009000-7fc850018000 r--s 000df000 08:06 3216701                    /home/tulin/Android/Sdk/build-tools/23.0.2/lib/dx.jar
7fc850018000-7fc8508ed000 rw-p 00000000 00:00 0 
7fc8508ed000-7fc850a9f000 r--s 01d2f000 08:06 1489796                    /usr/lib/jvm/java-7-openjdk-amd64/jre/lib/rt.jar
7fc850a9f000-7fc850deb000 rw-p 00000000 00:00 0 
7fc850deb000-7fc850dec000 ---p 00000000 00:00 0 
7fc850dec000-7fc850eec000 rw-p 00000000 00:00 0                          [stack:5619]
7fc850eec000-7fc850eed000 ---p 00000000 00:00 0 
7fc850eed000-7fc850fed000 rw-p 00000000 00:00 0                          [stack:5618]
7fc850fed000-7fc850fee000 ---p 00000000 00:00 0 
7fc850fee000-7fc8510ee000 rw-p 00000000 00:00 0                          [stack:5617]
7fc8510ee000-7fc8510ef000 ---p 00000000 00:00 0 
7fc8510ef000-7fc8511fa000 rw-p 00000000 00:00 0                          [stack:5614]
7fc8511fa000-7fc851242000 rw-p 00000000 00:00 0 
7fc851242000-7fc851256000 rw-p 00000000 00:00 0 
7fc851256000-7fc851398000 rw-p 00000000 00:00 0 
7fc851398000-7fc8513a3000 rw-p 00000000 00:00 0 
7fc8513a3000-7fc8513eb000 rw-p 00000000 00:00 0 
7fc8513eb000-7fc8513ff000 rw-p 00000000 00:00 0 
7fc8513ff000-7fc851540000 rw-p 00000000 00:00 0 
7fc851540000-7fc851562000 rw-p 00000000 00:00 0 
7fc851562000-7fc8515eb000 rw-p 00000000 00:00 0 
7fc8515eb000-7fc8515ec000 rw-p 00000000 00:00 0 
7fc8515ec000-7fc8515f4000 r-xp 00000000 08:06 1489805                    /usr/lib/jvm/java-7-openjdk-amd64/jre/lib/amd64/libzip.so
7fc8515f4000-7fc8517f3000 ---p 00008000 08:06 1489805                    /usr/lib/jvm/java-7-openjdk-amd64/jre/lib/amd64/libzip.so
7fc8517f3000-7fc8517f4000 r--p 00007000 08:06 1489805                    /usr/lib/jvm/java-7-openjdk-amd64/jre/lib/amd64/libzip.so
7fc8517f4000-7fc8517f5000 rw-p 00008000 08:06 1489805                    /usr/lib/jvm/java-7-openjdk-amd64/jre/lib/amd64/libzip.so
7fc8517f5000-7fc851800000 r-xp 00000000 08:06 184225                     /lib/x86_64-linux-gnu/libnss_files-2.19.so
7fc851800000-7fc8519ff000 ---p 0000b000 08:06 184225                     /lib/x86_64-linux-gnu/libnss_files-2.19.so
7fc8519ff000-7fc851a00000 r--p 0000a000 08:06 184225                     /lib/x86_64-linux-gnu/libnss_files-2.19.so
7fc851a00000-7fc851a01000 rw-p 0000b000 08:06 184225                     /lib/x86_64-linux-gnu/libnss_files-2.19.so
7fc851a01000-7fc851a0c000 r-xp 00000000 08:06 145746                     /lib/x86_64-linux-gnu/libnss_nis-2.19.so
7fc851a0c000-7fc851c0b000 ---p 0000b000 08:06 145746                     /lib/x86_64-linux-gnu/libnss_nis-2.19.so
7fc851c0b000-7fc851c0c000 r--p 0000a000 08:06 145746                     /lib/x86_64-linux-gnu/libnss_nis-2.19.so
7fc851c0c000-7fc851c0d000 rw-p 0000b000 08:06 145746                     /lib/x86_64-linux-gnu/libnss_nis-2.19.so
7fc851c0d000-7fc851c24000 r-xp 00000000 08:06 145742                     /lib/x86_64-linux-gnu/libnsl-2.19.so
7fc851c24000-7fc851e23000 ---p 00017000 08:06 145742                     /lib/x86_64-linux-gnu/libnsl-2.19.so
7fc851e23000-7fc851e24000 r--p 00016000 08:06 145742                     /lib/x86_64-linux-gnu/libnsl-2.19.so
7fc851e24000-7fc851e25000 rw-p 00017000 08:06 145742                     /lib/x86_64-linux-gnu/libnsl-2.19.so
7fc851e25000-7fc851e27000 rw-p 00000000 00:00 0 
7fc851e27000-7fc851e30000 r-xp 00000000 08:06 145741                     /lib/x86_64-linux-gnu/libnss_compat-2.19.so
7fc851e30000-7fc85202f000 ---p 00009000 08:06 145741                     /lib/x86_64-linux-gnu/libnss_compat-2.19.so
7fc85202f000-7fc852030000 r--p 00008000 08:06 145741                     /lib/x86_64-linux-gnu/libnss_compat-2.19.so
7fc852030000-7fc852031000 rw-p 00009000 08:06 145741                     /lib/x86_64-linux-gnu/libnss_compat-2.19.so
7fc852031000-7fc85205c000 r-xp 00000000 08:06 1489826                    /usr/lib/jvm/java-7-openjdk-amd64/jre/lib/amd64/libjava.so
7fc85205c000-7fc85225c000 ---p 0002b000 08:06 1489826                    /usr/lib/jvm/java-7-openjdk-amd64/jre/lib/amd64/libjava.so
7fc85225c000-7fc85225d000 r--p 0002b000 08:06 1489826                    /usr/lib/jvm/java-7-openjdk-amd64/jre/lib/amd64/libjava.so
7fc85225d000-7fc85225f000 rw-p 0002c000 08:06 1489826                    /usr/lib/jvm/java-7-openjdk-amd64/jre/lib/amd64/libjava.so
7fc85225f000-7fc85226f000 r-xp 00000000 08:06 1489810                    /usr/lib/jvm/java-7-openjdk-amd64/jre/lib/amd64/libverify.so
7fc85226f000-7fc85246e000 ---p 00010000 08:06 1489810                    /usr/lib/jvm/java-7-openjdk-amd64/jre/lib/amd64/libverify.so
7fc85246e000-7fc852470000 r--p 0000f000 08:06 1489810                    /usr/lib/jvm/java-7-openjdk-amd64/jre/lib/amd64/libverify.so
7fc852470000-7fc852471000 rw-p 00011000 08:06 1489810                    /usr/lib/jvm/java-7-openjdk-amd64/jre/lib/amd64/libverify.so
7fc852471000-7fc852478000 r-xp 00000000 08:06 148472                     /lib/x86_64-linux-gnu/librt-2.19.so
7fc852478000-7fc852677000 ---p 00007000 08:06 148472                     /lib/x86_64-linux-gnu/librt-2.19.so
7fc852677000-7fc852678000 r--p 00006000 08:06 148472                     /lib/x86_64-linux-gnu/librt-2.19.so
7fc852678000-7fc852679000 rw-p 00007000 08:06 148472                     /lib/x86_64-linux-gnu/librt-2.19.so
7fc852679000-7fc85268f000 r-xp 00000000 08:06 131070                     /lib/x86_64-linux-gnu/libgcc_s.so.1
7fc85268f000-7fc85288e000 ---p 00016000 08:06 131070                     /lib/x86_64-linux-gnu/libgcc_s.so.1
7fc85288e000-7fc85288f000 rw-p 00015000 08:06 131070                     /lib/x86_64-linux-gnu/libgcc_s.so.1
7fc85288f000-7fc852994000 r-xp 00000000 08:06 135048                     /lib/x86_64-linux-gnu/libm-2.19.so
7fc852994000-7fc852b93000 ---p 00105000 08:06 135048                     /lib/x86_64-linux-gnu/libm-2.19.so
7fc852b93000-7fc852b94000 r--p 00104000 08:06 135048                     /lib/x86_64-linux-gnu/libm-2.19.so
7fc852b94000-7fc852b95000 rw-p 00105000 08:06 135048                     /lib/x86_64-linux-gnu/libm-2.19.so
7fc852b95000-7fc852c7b000 r-xp 00000000 08:06 1439330                    /usr/lib/x86_64-linux-gnu/libstdc++.so.6.0.19
7fc852c7b000-7fc852e7a000 ---p 000e6000 08:06 1439330                    /usr/lib/x86_64-linux-gnu/libstdc++.so.6.0.19
7fc852e7a000-7fc852e82000 r--p 000e5000 08:06 1439330                    /usr/lib/x86_64-linux-gnu/libstdc++.so.6.0.19
7fc852e82000-7fc852e84000 rw-p 000ed000 08:06 1439330                    /usr/lib/x86_64-linux-gnu/libstdc++.so.6.0.19
7fc852e84000-7fc852e99000 rw-p 00000000 00:00 0 
7fc852e99000-7fc8539be000 r-xp 00000000 08:06 1489806                    /usr/lib/jvm/java-7-openjdk-amd64/jre/lib/amd64/server/libjvm.so
7fc8539be000-7fc853bbe000 ---p 00b25000 08:06 1489806                    /usr/lib/jvm/java-7-openjdk-amd64/jre/lib/amd64/server/libjvm.so
7fc853bbe000-7fc853c58000 r--p 00b25000 08:06 1489806                    /usr/lib/jvm/java-7-openjdk-amd64/jre/lib/amd64/server/libjvm.so
7fc853c58000-7fc853c7b000 rw-p 00bbf000 08:06 1489806                    /usr/lib/jvm/java-7-openjdk-amd64/jre/lib/amd64/server/libjvm.so
7fc853c7b000-7fc853ca9000 rw-p 00000000 00:00 0 
7fc853ca9000-7fc853cc1000 r-xp 00000000 08:06 135112                     /lib/x86_64-linux-gnu/libz.so.1.2.8
7fc853cc1000-7fc853ec0000 ---p 00018000 08:06 135112                     /lib/x86_64-linux-gnu/libz.so.1.2.8
7fc853ec0000-7fc853ec1000 r--p 00017000 08:06 135112                     /lib/x86_64-linux-gnu/libz.so.1.2.8
7fc853ec1000-7fc853ec2000 rw-p 00018000 08:06 135112                     /lib/x86_64-linux-gnu/libz.so.1.2.8
7fc853ec2000-7fc853edb000 r-xp 00000000 08:06 145743                     /lib/x86_64-linux-gnu/libpthread-2.19.so
7fc853edb000-7fc8540da000 ---p 00019000 08:06 145743                     /lib/x86_64-linux-gnu/libpthread-2.19.so
7fc8540da000-7fc8540db000 r--p 00018000 08:06 145743                     /lib/x86_64-linux-gnu/libpthread-2.19.so
7fc8540db000-7fc8540dc000 rw-p 00019000 08:06 145743                     /lib/x86_64-linux-gnu/libpthread-2.19.so
7fc8540dc000-7fc8540e0000 rw-p 00000000 00:00 0 
7fc8540e0000-7fc8540e3000 r-xp 00000000 08:06 145738                     /lib/x86_64-linux-gnu/libdl-2.19.so
7fc8540e3000-7fc8542e2000 ---p 00003000 08:06 145738                     /lib/x86_64-linux-gnu/libdl-2.19.so
7fc8542e2000-7fc8542e3000 r--p 00002000 08:06 145738                     /lib/x86_64-linux-gnu/libdl-2.19.so
7fc8542e3000-7fc8542e4000 rw-p 00003000 08:06 145738                     /lib/x86_64-linux-gnu/libdl-2.19.so
7fc8542e4000-7fc85449f000 r-xp 00000000 08:06 148473                     /lib/x86_64-linux-gnu/libc-2.19.so
7fc85449f000-7fc85469e000 ---p 001bb000 08:06 148473                     /lib/x86_64-linux-gnu/libc-2.19.so
7fc85469e000-7fc8546a2000 r--p 001ba000 08:06 148473                     /lib/x86_64-linux-gnu/libc-2.19.so
7fc8546a2000-7fc8546a4000 rw-p 001be000 08:06 148473                     /lib/x86_64-linux-gnu/libc-2.19.so
7fc8546a4000-7fc8546a9000 rw-p 00000000 00:00 0 
7fc8546a9000-7fc8546b6000 r-xp 00000000 08:06 1489800                    /usr/lib/jvm/java-7-openjdk-amd64/jre/lib/amd64/jli/libjli.so
7fc8546b6000-7fc8548b5000 ---p 0000d000 08:06 1489800                    /usr/lib/jvm/java-7-openjdk-amd64/jre/lib/amd64/jli/libjli.so
7fc8548b5000-7fc8548b6000 r--p 0000c000 08:06 1489800                    /usr/lib/jvm/java-7-openjdk-amd64/jre/lib/amd64/jli/libjli.so
7fc8548b6000-7fc8548b7000 rw-p 0000d000 08:06 1489800                    /usr/lib/jvm/java-7-openjdk-amd64/jre/lib/amd64/jli/libjli.so
7fc8548b7000-7fc8548da000 r-xp 00000000 08:06 145744                     /lib/x86_64-linux-gnu/ld-2.19.so
7fc8548da000-7fc8548dd000 r--s 0000f000 08:06 1489840                    /usr/lib/jvm/java-7-openjdk-amd64/jre/lib/ext/icedtea-sound.jar
7fc8548dd000-7fc8548ff000 rw-p 00000000 00:00 0 
7fc8548ff000-7fc8549b5000 rw-p 00000000 00:00 0 
7fc8549b5000-7fc8549b8000 ---p 00000000 00:00 0 
7fc8549b8000-7fc854abc000 rw-p 00000000 00:00 0                          [stack:5612]
7fc854abc000-7fc854abe000 r--s 00012000 08:06 1489837                    /usr/lib/jvm/java-7-openjdk-amd64/jre/lib/ext/zipfs.jar
7fc854abe000-7fc854abf000 r--s 00002000 08:06 1489839                    /usr/lib/jvm/java-7-openjdk-amd64/jre/lib/ext/dnsns.jar
7fc854abf000-7fc854ac1000 r--s 00006000 08:06 1840524                    /usr/share/java/java-atk-wrapper.jar
7fc854ac1000-7fc854ac5000 r--s 0003c000 08:06 1489838                    /usr/lib/jvm/java-7-openjdk-amd64/jre/lib/ext/sunpkcs11.jar
7fc854ac5000-7fc854ac9000 r--s 00034000 08:06 1489836                    /usr/lib/jvm/java-7-openjdk-amd64/jre/lib/ext/sunjce_provider.jar
7fc854ac9000-7fc854acd000 r--s 00085000 08:06 1489835                    /usr/lib/jvm/java-7-openjdk-amd64/jre/lib/ext/localedata.jar
7fc854acd000-7fc854ad5000 rw-s 00000000 08:06 1840632                    /tmp/hsperfdata_tulin/5595
7fc854ad5000-7fc854ad6000 rw-p 00000000 00:00 0 
7fc854ad6000-7fc854ad7000 ---p 00000000 00:00 0 
7fc854ad7000-7fc854ad9000 rw-p 00000000 00:00 0 
7fc854ad9000-7fc854ada000 r--p 00022000 08:06 145744                     /lib/x86_64-linux-gnu/ld-2.19.so
7fc854ada000-7fc854adb000 rw-p 00023000 08:06 145744                     /lib/x86_64-linux-gnu/ld-2.19.so
7fc854adb000-7fc854adc000 rw-p 00000000 00:00 0 
7ffd1533b000-7ffd1535c000 rw-p 00000000 00:00 0                          [stack]
7ffd15394000-7ffd15396000 r-xp 00000000 00:00 0                          [vdso]
ffffffffff600000-ffffffffff601000 r-xp 00000000 00:00 0                  [vsyscall]

VM Arguments:
jvm_args: -Djava.awt.headless=true -Xmx1024M -Dfile.encoding=UTF-8 -Duser.country=US -Duser.language=en -Duser.variant 
java_command: com.android.dx.command.Main --dex --num-threads=4 --output /home/tulin/AndroidStudioProjects/CamApp/app/build/intermediates/pre-dexed/debug/com.android.support-support-v4-23.2.0_4b1fd8c92292e56f5a1fba56278554e72cab954d.jar /home/tulin/AndroidStudioProjects/CamApp/app/build/intermediates/exploded-aar/com.android.support/support-v4/23.2.0/jars/classes.jar
Launcher Type: SUN_STANDARD

Environment Variables:
PATH=/usr/local/sbin:/usr/local/bin:/usr/sbin:/usr/bin:/sbin:/bin:/usr/games:/usr/local/games
SHELL=/bin/bash
DISPLAY=:0

Signal Handlers:
SIGSEGV: [libjvm.so+0x955bc0], sa_mask[0]=0x7ffbfeff, sa_flags=0x10000004
SIGBUS: [libjvm.so+0x955bc0], sa_mask[0]=0x7ffbfeff, sa_flags=0x10000004
SIGFPE: [libjvm.so+0x7caff0], sa_mask[0]=0x7ffbfeff, sa_flags=0x10000004
SIGPIPE: [libjvm.so+0x7caff0], sa_mask[0]=0x7ffbfeff, sa_flags=0x10000004
SIGXFSZ: [libjvm.so+0x7caff0], sa_mask[0]=0x7ffbfeff, sa_flags=0x10000004
SIGILL: [libjvm.so+0x7caff0], sa_mask[0]=0x7ffbfeff, sa_flags=0x10000004
SIGUSR1: SIG_DFL, sa_mask[0]=0x00000000, sa_flags=0x00000000
SIGUSR2: [libjvm.so+0x7cae90], sa_mask[0]=0x00000004, sa_flags=0x10000004
SIGHUP: [libjvm.so+0x7cb070], sa_mask[0]=0x7ffbfeff, sa_flags=0x10000004
SIGINT: [libjvm.so+0x7cb070], sa_mask[0]=0x7ffbfeff, sa_flags=0x10000004
SIGTERM: [libjvm.so+0x7cb070], sa_mask[0]=0x7ffbfeff, sa_flags=0x10000004
SIGQUIT: [libjvm.so+0x7cb070], sa_mask[0]=0x7ffbfeff, sa_flags=0x10000004
SIGTRAP: SIG_DFL, sa_mask[0]=0x00000000, sa_flags=0x00000000


---------------  S Y S T E M  ---------------

OS:Ubuntu 14.04 (trusty)
uname:Linux 3.13.0-79-generic #123-Ubuntu SMP Fri Feb 19 14:27:58 UTC 2016 x86_64
libc:glibc 2.19 NPTL 2.19 
rlimit: STACK 8192k, CORE 0k, NPROC 30460, NOFILE 4096, AS infinity
load average:16,74 7,76 5,30

/proc/meminfo:
MemTotal:        3946988 kB
MemFree:          155424 kB
Buffers:             656 kB
Cached:           732372 kB
SwapCached:            0 kB
Active:          2885688 kB
Inactive:         728116 kB
Active(anon):    2885152 kB
Inactive(anon):   693740 kB
Active(file):        536 kB
Inactive(file):    34376 kB
Unevictable:          32 kB
Mlocked:              32 kB
SwapTotal:             0 kB
SwapFree:              0 kB
Dirty:              2760 kB
Writeback:             0 kB
AnonPages:       2882040 kB
Mapped:           216704 kB
Shmem:            697032 kB
Slab:              73564 kB
SReclaimable:      34548 kB
SUnreclaim:        39016 kB
KernelStack:        6328 kB
PageTables:        42808 kB
NFS_Unstable:          0 kB
Bounce:                0 kB
WritebackTmp:          0 kB
CommitLimit:     1973492 kB
Committed_AS:    8736488 kB
VmallocTotal:   34359738367 kB
VmallocUsed:      350184 kB
VmallocChunk:   34359381756 kB
HardwareCorrupted:     0 kB
AnonHugePages:   1105920 kB
HugePages_Total:       0
HugePages_Free:        0
HugePages_Rsvd:        0
HugePages_Surp:        0
Hugepagesize:       2048 kB
DirectMap4k:       66592 kB
DirectMap2M:     4028416 kB


CPU:total 4 (2 cores per cpu, 2 threads per core) family 6 model 42 stepping 7, cmov, cx8, fxsr, mmx, sse, sse2, sse3, ssse3, sse4.1, sse4.2, popcnt, avx, aes, ht, tsc, tscinvbit

/proc/cpuinfo:
processor	: 0
vendor_id	: GenuineIntel
cpu family	: 6
model		: 42
model name	: Intel(R) Core(TM) i5-2557M CPU @ 1.70GHz
stepping	: 7
microcode	: 0x1a
cpu MHz		: 1701.000
cache size	: 3072 KB
physical id	: 0
siblings	: 4
core id		: 0
cpu cores	: 2
apicid		: 0
initial apicid	: 0
fpu		: yes
fpu_exception	: yes
cpuid level	: 13
wp		: yes
flags		: fpu vme de pse tsc msr pae mce cx8 apic sep mtrr pge mca cmov pat pse36 clflush dts acpi mmx fxsr sse sse2 ss ht tm pbe syscall nx rdtscp lm constant_tsc arch_perfmon pebs bts rep_good nopl xtopology nonstop_tsc aperfmperf eagerfpu pni pclmulqdq dtes64 monitor ds_cpl vmx smx est tm2 ssse3 cx16 xtpr pdcm pcid sse4_1 sse4_2 x2apic popcnt tsc_deadline_timer aes xsave avx lahf_lm ida arat epb xsaveopt pln pts dtherm tpr_shadow vnmi flexpriority ept vpid
bogomips	: 3392.10
clflush size	: 64
cache_alignment	: 64
address sizes	: 36 bits physical, 48 bits virtual
power management:

processor	: 1
vendor_id	: GenuineIntel
cpu family	: 6
model		: 42
model name	: Intel(R) Core(TM) i5-2557M CPU @ 1.70GHz
stepping	: 7
microcode	: 0x1a
cpu MHz		: 1701.000
cache size	: 3072 KB
physical id	: 0
siblings	: 4
core id		: 1
cpu cores	: 2
apicid		: 2
initial apicid	: 2
fpu		: yes
fpu_exception	: yes
cpuid level	: 13
wp		: yes
flags		: fpu vme de pse tsc msr pae mce cx8 apic sep mtrr pge mca cmov pat pse36 clflush dts acpi mmx fxsr sse sse2 ss ht tm pbe syscall nx rdtscp lm constant_tsc arch_perfmon pebs bts rep_good nopl xtopology nonstop_tsc aperfmperf eagerfpu pni pclmulqdq dtes64 monitor ds_cpl vmx smx est tm2 ssse3 cx16 xtpr pdcm pcid sse4_1 sse4_2 x2apic popcnt tsc_deadline_timer aes xsave avx lahf_lm ida arat epb xsaveopt pln pts dtherm tpr_shadow vnmi flexpriority ept vpid
bogomips	: 3392.10
clflush size	: 64
cache_alignment	: 64
address sizes	: 36 bits physical, 48 bits virtual
power management:

processor	: 2
vendor_id	: GenuineIntel
cpu family	: 6
model		: 42
model name	: Intel(R) Core(TM) i5-2557M CPU @ 1.70GHz
stepping	: 7
microcode	: 0x1a
cpu MHz		: 1701.000
cache size	: 3072 KB
physical id	: 0
siblings	: 4
core id		: 0
cpu cores	: 2
apicid		: 1
initial apicid	: 1
fpu		: yes
fpu_exception	: yes
cpuid level	: 13
wp		: yes
flags		: fpu vme de pse tsc msr pae mce cx8 apic sep mtrr pge mca cmov pat pse36 clflush dts acpi mmx fxsr sse sse2 ss ht tm pbe syscall nx rdtscp lm constant_tsc arch_perfmon pebs bts rep_good nopl xtopology nonstop_tsc aperfmperf eagerfpu pni pclmulqdq dtes64 monitor ds_cpl vmx smx est tm2 ssse3 cx16 xtpr pdcm pcid sse4_1 sse4_2 x2apic popcnt tsc_deadline_timer aes xsave avx lahf_lm ida arat epb xsaveopt pln pts dtherm tpr_shadow vnmi flexpriority ept vpid
bogomips	: 3392.10
clflush size	: 64
cache_alignment	: 64
address sizes	: 36 bits physical, 48 bits virtual
power management:

processor	: 3
vendor_id	: GenuineIntel
cpu family	: 6
model		: 42
model name	: Intel(R) Core(TM) i5-2557M CPU @ 1.70GHz
stepping	: 7
microcode	: 0x1a
cpu MHz		: 1701.000
cache size	: 3072 KB
physical id	: 0
siblings	: 4
core id		: 1
cpu cores	: 2
apicid		: 3
initial apicid	: 3
fpu		: yes
fpu_exception	: yes
cpuid level	: 13
wp		: yes
flags		: fpu vme de pse tsc msr pae mce cx8 apic sep mtrr pge mca cmov pat pse36 clflush dts acpi mmx fxsr sse sse2 ss ht tm pbe syscall nx rdtscp lm constant_tsc arch_perfmon pebs bts rep_good nopl xtopology nonstop_tsc aperfmperf eagerfpu pni pclmulqdq dtes64 monitor ds_cpl vmx smx est tm2 ssse3 cx16 xtpr pdcm pcid sse4_1 sse4_2 x2apic popcnt tsc_deadline_timer aes xsave avx lahf_lm ida arat epb xsaveopt pln pts dtherm tpr_shadow vnmi flexpriority ept vpid
bogomips	: 3392.10
clflush size	: 64
cache_alignment	: 64
address sizes	: 36 bits physical, 48 bits virtual
power management:



Memory: 4k page, physical 3946988k(155424k free), swap 0k(0k free)

vm_info: OpenJDK 64-Bit Server VM (24.95-b01) for linux-amd64 JRE (1.7.0_95-b00), built on Jan 21 2016 03:31:40 by "buildd" with gcc 4.8.4

time: Wed Mar 23 15:24:19 2016
elapsed time: 16 seconds

