#
# There is insufficient memory for the Java Runtime Environment to continue.
# Native memory allocation (malloc) failed to allocate 99090432 bytes for committing reserved memory.
# Possible reasons:
#   The system is out of physical RAM or swap space
#   In 32 bit mode, the process size limit was hit
# Possible solutions:
#   Reduce memory load on the system
#   Increase physical memory or swap space
#   Check if swap backing store is full
#   Use 64 bit Java on a 64 bit OS
#   Decrease Java heap size (-Xmx/-Xms)
#   Decrease number of Java threads
#   Decrease Java thread stack sizes (-Xss)
#   Set larger code cache with -XX:ReservedCodeCacheSize=
# This output file may be truncated or incomplete.
#
#  Out of Memory Error (os_linux.cpp:2827), pid=12156, tid=140704078690048
#
# JRE version: OpenJDK Runtime Environment (7.0_95) (build 1.7.0_95-b00)
# Java VM: OpenJDK 64-Bit Server VM (24.95-b01 mixed mode linux-amd64 compressed oops)
# Derivative: IcedTea 2.6.4
# Distribution: Ubuntu 14.04.3 LTS, package 7u95-2.6.4-0ubuntu0.14.04.1
# Failed to write core dump. Core dumps have been disabled. To enable core dumping, try "ulimit -c unlimited" before starting Java again
#

---------------  T H R E A D  ---------------

Current thread (0x00007ff834076000):  VMThread [stack: 0x00007ff83890f000,0x00007ff838a10000] [id=12166]

Stack: [0x00007ff83890f000,0x00007ff838a10000],  sp=0x00007ff838a0e490,  free space=1021k
Native frames: (J=compiled Java code, j=interpreted, Vv=VM code, C=native code)
V  [libjvm.so+0x9550e5]
V  [libjvm.so+0x4902b4]
V  [libjvm.so+0x7cf7bb]
V  [libjvm.so+0x7ca28f]
V  [libjvm.so+0x83e56b]
V  [libjvm.so+0x82dacb]
V  [libjvm.so+0x82dc8b]
V  [libjvm.so+0x82ebb8]
V  [libjvm.so+0x835814]
V  [libjvm.so+0x83be8d]
V  [libjvm.so+0x7f1fd3]
V  [libjvm.so+0x956ae4]
V  [libjvm.so+0x95abe7]
V  [libjvm.so+0x9596a8]
V  [libjvm.so+0x959b09]
V  [libjvm.so+0x959f52]
V  [libjvm.so+0x7cc682]

VM_Operation (0x00007ff82cafe210): ParallelGCFailedAllocation, mode: safepoint, requested by thread 0x00007ff8341c7800


---------------  P R O C E S S  ---------------

Java Threads: ( => current thread )
  0x00007ff8341c7800 JavaThread "pool-1-thread-1" [_thread_blocked, id=12179, stack(0x00007ff82c9ff000,0x00007ff82cb00000)]
  0x00007ff8340b0000 JavaThread "Service Thread" daemon [_thread_blocked, id=12172, stack(0x00007ff838309000,0x00007ff83840a000)]
  0x00007ff8340ad800 JavaThread "C2 CompilerThread1" daemon [_thread_blocked, id=12171, stack(0x00007ff83840a000,0x00007ff83850b000)]
  0x00007ff8340aa800 JavaThread "C2 CompilerThread0" daemon [_thread_blocked, id=12170, stack(0x00007ff83850b000,0x00007ff83860c000)]
  0x00007ff8340a8800 JavaThread "Signal Dispatcher" daemon [_thread_blocked, id=12169, stack(0x00007ff83860c000,0x00007ff83870d000)]
  0x00007ff83407c000 JavaThread "Finalizer" daemon [_thread_blocked, id=12168, stack(0x00007ff83870d000,0x00007ff83880e000)]
  0x00007ff83407a000 JavaThread "Reference Handler" daemon [_thread_blocked, id=12167, stack(0x00007ff83880e000,0x00007ff83890f000)]
  0x00007ff83400a800 JavaThread "main" [_thread_blocked, id=12161, stack(0x00007ff83dad5000,0x00007ff83dbd6000)]

Other Threads:
=>0x00007ff834076000 VMThread [stack: 0x00007ff83890f000,0x00007ff838a10000] [id=12166]
  0x00007ff8340ba800 WatcherThread [stack: 0x00007ff838208000,0x00007ff838309000] [id=12173]

VM state:at safepoint (normal execution)

VM Mutex/Monitor currently owned by a thread:  ([mutex/lock_event])
[0x00007ff834006370] ExpandHeap_lock - owner thread: 0x00007ff834076000
[0x00007ff8340069f0] Threads_lock - owner thread: 0x00007ff834076000
[0x00007ff834006ef0] Heap_lock - owner thread: 0x00007ff8341c7800

Heap
 PSYoungGen      total 217600K, used 62109K [0x00000000eaa80000, 0x0000000100000000, 0x0000000100000000)
  eden space 132608K, 0% used [0x00000000eaa80000,0x00000000eaa80000,0x00000000f2c00000)
  from space 84992K, 73% used [0x00000000fad00000,0x00000000fe9a7730,0x0000000100000000)
  to   space 108544K, 0% used [0x00000000f2c00000,0x00000000f2c00000,0x00000000f9600000)
 ParOldGen       total 171008K, used 170590K [0x00000000c0000000, 0x00000000ca700000, 0x00000000eaa80000)
  object space 171008K, 99% used [0x00000000c0000000,0x00000000ca697aa8,0x00000000ca700000)
 PSPermGen       total 21504K, used 6563K [0x00000000b5a00000, 0x00000000b6f00000, 0x00000000c0000000)
  object space 21504K, 30% used [0x00000000b5a00000,0x00000000b6068d30,0x00000000b6f00000)

Card table byte_map: [0x00007ff83a4b8000,0x00007ff83a70c000] byte_map_base: 0x00007ff839f0b000

Polling page: 0x00007ff83dbf6000

Code Cache  [0x00007ff831000000, 0x00007ff831430000, 0x00007ff834000000)
 total_blobs=1407 nmethods=1176 adapters=184 free_code_cache=44921Kb largest_free_block=45944064

Compilation events (10 events):
Event: 15,971 Thread 0x00007ff8340aa800 1210             java.util.HashMap$KeyIterator::<init> (6 bytes)
Event: 15,971 Thread 0x00007ff8340ad800 nmethod 1209 0x00007ff83141b2d0 code [0x00007ff83141b420, 0x00007ff83141b5d8]
Event: 15,971 Thread 0x00007ff8340ad800 1211             java.util.HashMap$KeyIterator::<init> (11 bytes)
Event: 15,973 Thread 0x00007ff8340aa800 nmethod 1210 0x00007ff83141ae90 code [0x00007ff83141afe0, 0x00007ff83141b118]
Event: 15,974 Thread 0x00007ff8340ad800 nmethod 1211 0x00007ff831422b90 code [0x00007ff831422ce0, 0x00007ff831422e18]
Event: 15,982 Thread 0x00007ff8340aa800 1212 %           com.android.dx.dex.file.MixedItemSection::prepare0 @ 23 (57 bytes)
Event: 15,997 Thread 0x00007ff8340aa800 nmethod 1212% 0x00007ff83142d690 code [0x00007ff83142d920, 0x00007ff83142e3b0]
Event: 16,032 Thread 0x00007ff8340ad800 1213             com.android.dx.rop.code.ThrowingInsn::getCatches (5 bytes)
Event: 16,032 Thread 0x00007ff8340ad800 nmethod 1213 0x00007ff83141ac90 code [0x00007ff83141adc0, 0x00007ff83141ae18]
Event: 16,071 Thread 0x00007ff8340aa800 1214 %           com.android.dx.dex.file.MixedItemSection::prepare0 @ 23 (57 bytes)

GC Heap History (10 events):
Event: 12,117 GC heap after
Heap after GC invocations=12 (full 2):
 PSYoungGen      total 235520K, used 20842K [0x00000000eaa80000, 0x0000000100000000, 0x0000000100000000)
  eden space 209920K, 0% used [0x00000000eaa80000,0x00000000eaa80000,0x00000000f7780000)
  from space 25600K, 81% used [0x00000000faf80000,0x00000000fc3daaa8,0x00000000fc880000)
  to   space 57344K, 0% used [0x00000000f7780000,0x00000000f7780000,0x00000000faf80000)
 ParOldGen       total 171008K, used 96027K [0x00000000c0000000, 0x00000000ca700000, 0x00000000eaa80000)
  object space 171008K, 56% used [0x00000000c0000000,0x00000000c5dc6d00,0x00000000ca700000)
 PSPermGen       total 21504K, used 6450K [0x00000000b5a00000, 0x00000000b6f00000, 0x00000000c0000000)
  object space 21504K, 29% used [0x00000000b5a00000,0x00000000b604c870,0x00000000b6f00000)
}
Event: 13,110 GC heap before
{Heap before GC invocations=13 (full 2):
 PSYoungGen      total 235520K, used 230762K [0x00000000eaa80000, 0x0000000100000000, 0x0000000100000000)
  eden space 209920K, 100% used [0x00000000eaa80000,0x00000000f7780000,0x00000000f7780000)
  from space 25600K, 81% used [0x00000000faf80000,0x00000000fc3daaa8,0x00000000fc880000)
  to   space 57344K, 0% used [0x00000000f7780000,0x00000000f7780000,0x00000000faf80000)
 ParOldGen       total 171008K, used 96027K [0x00000000c0000000, 0x00000000ca700000, 0x00000000eaa80000)
  object space 171008K, 56% used [0x00000000c0000000,0x00000000c5dc6d00,0x00000000ca700000)
 PSPermGen       total 21504K, used 6464K [0x00000000b5a00000, 0x00000000b6f00000, 0x00000000c0000000)
  object space 21504K, 30% used [0x00000000b5a00000,0x00000000b60503b8,0x00000000b6f00000)
Event: 13,232 GC heap after
Heap after GC invocations=13 (full 2):
 PSYoungGen      total 267264K, used 53077K [0x00000000eaa80000, 0x0000000100000000, 0x0000000100000000)
  eden space 209920K, 0% used [0x00000000eaa80000,0x00000000eaa80000,0x00000000f7780000)
  from space 57344K, 92% used [0x00000000f7780000,0x00000000fab556f0,0x00000000faf80000)
  to   space 66048K, 0% used [0x00000000fbf80000,0x00000000fbf80000,0x0000000100000000)
 ParOldGen       total 171008K, used 98301K [0x00000000c0000000, 0x00000000ca700000, 0x00000000eaa80000)
  object space 171008K, 57% used [0x00000000c0000000,0x00000000c5fff5f8,0x00000000ca700000)
 PSPermGen       total 21504K, used 6464K [0x00000000b5a00000, 0x00000000b6f00000, 0x00000000c0000000)
  object space 21504K, 30% used [0x00000000b5a00000,0x00000000b60503b8,0x00000000b6f00000)
}
Event: 13,914 GC heap before
{Heap before GC invocations=14 (full 2):
 PSYoungGen      total 267264K, used 262997K [0x00000000eaa80000, 0x0000000100000000, 0x0000000100000000)
  eden space 209920K, 100% used [0x00000000eaa80000,0x00000000f7780000,0x00000000f7780000)
  from space 57344K, 92% used [0x00000000f7780000,0x00000000fab556f0,0x00000000faf80000)
  to   space 66048K, 0% used [0x00000000fbf80000,0x00000000fbf80000,0x0000000100000000)
 ParOldGen       total 171008K, used 98301K [0x00000000c0000000, 0x00000000ca700000, 0x00000000eaa80000)
  object space 171008K, 57% used [0x00000000c0000000,0x00000000c5fff5f8,0x00000000ca700000)
 PSPermGen       total 21504K, used 6484K [0x00000000b5a00000, 0x00000000b6f00000, 0x00000000c0000000)
  object space 21504K, 30% used [0x00000000b5a00000,0x00000000b6055190,0x00000000b6f00000)
Event: 14,165 GC heap after
Heap after GC invocations=14 (full 2):
 PSYoungGen      total 247808K, used 66042K [0x00000000eaa80000, 0x0000000100000000, 0x0000000100000000)
  eden space 181760K, 0% used [0x00000000eaa80000,0x00000000eaa80000,0x00000000f5c00000)
  from space 66048K, 99% used [0x00000000fbf80000,0x00000000ffffeb70,0x0000000100000000)
  to   space 83968K, 0% used [0x00000000f5c00000,0x00000000f5c00000,0x00000000fae00000)
 ParOldGen       total 171008K, used 115540K [0x00000000c0000000, 0x00000000ca700000, 0x00000000eaa80000)
  object space 171008K, 67% used [0x00000000c0000000,0x00000000c70d51a0,0x00000000ca700000)
 PSPermGen       total 21504K, used 6484K [0x00000000b5a00000, 0x00000000b6f00000, 0x00000000c0000000)
  object space 21504K, 30% used [0x00000000b5a00000,0x00000000b6055190,0x00000000b6f00000)
}
Event: 14,895 GC heap before
{Heap before GC invocations=15 (full 2):
 PSYoungGen      total 247808K, used 247802K [0x00000000eaa80000, 0x0000000100000000, 0x0000000100000000)
  eden space 181760K, 100% used [0x00000000eaa80000,0x00000000f5c00000,0x00000000f5c00000)
  from space 66048K, 99% used [0x00000000fbf80000,0x00000000ffffeb70,0x0000000100000000)
  to   space 83968K, 0% used [0x00000000f5c00000,0x00000000f5c00000,0x00000000fae00000)
 ParOldGen       total 171008K, used 115540K [0x00000000c0000000, 0x00000000ca700000, 0x00000000eaa80000)
  object space 171008K, 67% used [0x00000000c0000000,0x00000000c70d51a0,0x00000000ca700000)
 PSPermGen       total 21504K, used 6492K [0x00000000b5a00000, 0x00000000b6f00000, 0x00000000c0000000)
  object space 21504K, 30% used [0x00000000b5a00000,0x00000000b60571f0,0x00000000b6f00000)
Event: 15,023 GC heap after
Heap after GC invocations=15 (full 2):
 PSYoungGen      total 264704K, used 82644K [0x00000000eaa80000, 0x0000000100000000, 0x0000000100000000)
  eden space 181760K, 0% used [0x00000000eaa80000,0x00000000eaa80000,0x00000000f5c00000)
  from space 82944K, 99% used [0x00000000f5c00000,0x00000000facb53e0,0x00000000fad00000)
  to   space 84992K, 0% used [0x00000000fad00000,0x00000000fad00000,0x0000000100000000)
 ParOldGen       total 171008K, used 130052K [0x00000000c0000000, 0x00000000ca700000, 0x00000000eaa80000)
  object space 171008K, 76% used [0x00000000c0000000,0x00000000c7f01248,0x00000000ca700000)
 PSPermGen       total 21504K, used 6492K [0x00000000b5a00000, 0x00000000b6f00000, 0x00000000c0000000)
  object space 21504K, 30% used [0x00000000b5a00000,0x00000000b60571f0,0x00000000b6f00000)
}
Event: 16,071 GC heap before
{Heap before GC invocations=16 (full 2):
 PSYoungGen      total 264704K, used 264404K [0x00000000eaa80000, 0x0000000100000000, 0x0000000100000000)
  eden space 181760K, 100% used [0x00000000eaa80000,0x00000000f5c00000,0x00000000f5c00000)
  from space 82944K, 99% used [0x00000000f5c00000,0x00000000facb53e0,0x00000000fad00000)
  to   space 84992K, 0% used [0x00000000fad00000,0x00000000fad00000,0x0000000100000000)
 ParOldGen       total 171008K, used 130052K [0x00000000c0000000, 0x00000000ca700000, 0x00000000eaa80000)
  object space 171008K, 76% used [0x00000000c0000000,0x00000000c7f01248,0x00000000ca700000)
 PSPermGen       total 21504K, used 6564K [0x00000000b5a00000, 0x00000000b6f00000, 0x00000000c0000000)
  object space 21504K, 30% used [0x00000000b5a00000,0x00000000b6069080,0x00000000b6f00000)
Event: 16,279 GC heap after
Heap after GC invocations=16 (full 2):
 PSYoungGen      total 217600K, used 80534K [0x00000000eaa80000, 0x0000000100000000, 0x0000000100000000)
  eden space 132608K, 0% used [0x00000000eaa80000,0x00000000eaa80000,0x00000000f2c00000)
  from space 84992K, 94% used [0x00000000fad00000,0x00000000ffba5860,0x0000000100000000)
  to   space 108544K, 0% used [0x00000000f2c00000,0x00000000f2c00000,0x00000000f9600000)
 ParOldGen       total 171008K, used 159216K [0x00000000c0000000, 0x00000000ca700000, 0x00000000eaa80000)
  object space 171008K, 93% used [0x00000000c0000000,0x00000000c9b7c240,0x00000000ca700000)
 PSPermGen       total 21504K, used 6564K [0x00000000b5a00000, 0x00000000b6f00000, 0x00000000c0000000)
  object space 21504K, 30% used [0x00000000b5a00000,0x00000000b6069080,0x00000000b6f00000)
}
Event: 16,279 GC heap before
{Heap before GC invocations=17 (full 3):
 PSYoungGen      total 217600K, used 80534K [0x00000000eaa80000, 0x0000000100000000, 0x0000000100000000)
  eden space 132608K, 0% used [0x00000000eaa80000,0x00000000eaa80000,0x00000000f2c00000)
  from space 84992K, 94% used [0x00000000fad00000,0x00000000ffba5860,0x0000000100000000)
  to   space 108544K, 0% used [0x00000000f2c00000,0x00000000f2c00000,0x00000000f9600000)
 ParOldGen       total 171008K, used 159216K [0x00000000c0000000, 0x00000000ca700000, 0x00000000eaa80000)
  object space 171008K, 93% used [0x00000000c0000000,0x00000000c9b7c240,0x00000000ca700000)
 PSPermGen       total 21504K, used 6564K [0x00000000b5a00000, 0x00000000b6f00000, 0x00000000c0000000)
  object space 21504K, 30% used [0x00000000b5a00000,0x00000000b6069080,0x00000000b6f00000)

Deoptimization events (10 events):
Event: 15,290 Thread 0x00007ff8341c6800 Uncommon trap: reason=unstable_if action=reinterpret pc=0x00007ff831091878 method=com.android.dx.ssa.SsaBasicBlock.scheduleMovesFromPhis()V @ 63
Event: 15,291 Thread 0x00007ff8341c6800 Uncommon trap: reason=unstable_if action=reinterpret pc=0x00007ff8311d1308 method=com.android.dx.ssa.SsaBasicBlock.scheduleMovesFromPhis()V @ 63
Event: 15,449 Thread 0x00007ff8341c9000 Uncommon trap: reason=bimorphic action=maybe_recompile pc=0x00007ff8311b26e8 method=com.android.dx.ssa.LiteralOpUpgrader.tryReplacingWithConstant(Lcom/android/dx/ssa/NormalSsaInsn;)Z @ 62
Event: 15,529 Thread 0x00007ff83400a800 Uncommon trap: reason=unstable_if action=reinterpret pc=0x00007ff8312a7d58 method=com.android.dx.cf.direct.StdAttributeFactory.parse0(Lcom/android/dx/cf/direct/DirectClassFile;ILjava/lang/String;IILcom/android/dx/cf/iface/ParseObserver;)Lcom/android/dx/cf
Event: 15,564 Thread 0x00007ff83400a800 Uncommon trap: reason=unstable_if action=reinterpret pc=0x00007ff83138b7d0 method=java.util.concurrent.locks.ReentrantLock$Sync.tryRelease(I)Z @ 28
Event: 15,564 Thread 0x00007ff83400a800 Uncommon trap: reason=unstable_if action=reinterpret pc=0x00007ff8313c2898 method=java.util.concurrent.locks.AbstractQueuedSynchronizer.release(I)Z @ 5
Event: 15,787 Thread 0x00007ff8341c7800 Uncommon trap: reason=unstable_if action=reinterpret pc=0x00007ff83141fba4 method=com.android.dx.dex.code.OutputFinisher.addConstants(Ljava/util/HashSet;Lcom/android/dx/rop/code/RegisterSpec;)V @ 57
Event: 15,875 Thread 0x00007ff8341c7800 Uncommon trap: reason=unstable_if action=reinterpret pc=0x00007ff8314250d0 method=com.android.dx.dex.code.OutputFinisher.addConstants(Ljava/util/HashSet;Lcom/android/dx/rop/code/RegisterSpec;)V @ 32
Event: 15,890 Thread 0x00007ff8341c7800 Uncommon trap: reason=unstable_if action=reinterpret pc=0x00007ff831426a08 method=com.android.dx.dex.code.OutputFinisher.addConstants(Ljava/util/HashSet;Lcom/android/dx/rop/code/RegisterSpec;)V @ 32
Event: 16,067 Thread 0x00007ff8341c7800 Uncommon trap: reason=unstable_if action=reinterpret pc=0x00007ff83142e118 method=com.android.dx.dex.file.MixedItemSection.prepare0()V @ 25

Internal exceptions (10 events):
Event: 4,875 Thread 0x00007ff8341c6800 Implicit null exception at 0x00007ff8311846e1 to 0x00007ff831188141
Event: 7,316 Thread 0x00007ff83400a800 Threw 0x00000000ecc348d0 at /build/openjdk-7-2FOwCu/openjdk-7-7u95-2.6.4/build/openjdk/hotspot/src/share/vm/prims/jvm.cpp:1322
Event: 7,993 Thread 0x00007ff83400a800 Threw 0x00000000effa2980 at /build/openjdk-7-2FOwCu/openjdk-7-7u95-2.6.4/build/openjdk/hotspot/src/share/vm/prims/jvm.cpp:1322
Event: 8,908 Thread 0x00007ff8341cc000 Implicit null exception at 0x00007ff831211929 to 0x00007ff831213c21
Event: 12,514 Thread 0x00007ff8341c6800 Threw 0x00000000eefcf410 at /build/openjdk-7-2FOwCu/openjdk-7-7u95-2.6.4/build/openjdk/hotspot/src/share/vm/prims/jvm.cpp:1322
Event: 12,876 Thread 0x00007ff8341c6800 Implicit null exception at 0x00007ff83133b35d to 0x00007ff83133c9fd
Event: 14,241 Thread 0x00007ff83400a800 Implicit null exception at 0x00007ff831184059 to 0x00007ff831184c31
Event: 15,599 Thread 0x00007ff83400a800 Threw 0x00000000f439da00 at /build/openjdk-7-2FOwCu/openjdk-7-7u95-2.6.4/build/openjdk/hotspot/src/share/vm/prims/jvm.cpp:1322
Event: 15,616 Thread 0x00007ff8341c7800 Threw 0x00000000f4da6a40 at /build/openjdk-7-2FOwCu/openjdk-7-7u95-2.6.4/build/openjdk/hotspot/src/share/vm/prims/jvm.cpp:1322
Event: 15,805 Thread 0x00007ff8341c7800 Threw 0x00000000f4fae798 at /build/openjdk-7-2FOwCu/openjdk-7-7u95-2.6.4/build/openjdk/hotspot/src/share/vm/prims/jvm.cpp:1322

Events (10 events):
Event: 15,875 Thread 0x00007ff8341c7800 Uncommon trap: trap_request=0xffffff75 fr.pc=0x00007ff8314250d0
Event: 15,875 Thread 0x00007ff8341c7800 DEOPT PACKING pc=0x00007ff8314250d0 sp=0x00007ff82cafe450
Event: 15,875 Thread 0x00007ff8341c7800 DEOPT UNPACKING pc=0x00007ff831039445 sp=0x00007ff82cafe328 mode 2
Event: 15,890 Thread 0x00007ff8341c7800 Uncommon trap: trap_request=0xffffff75 fr.pc=0x00007ff831426a08
Event: 15,890 Thread 0x00007ff8341c7800 DEOPT PACKING pc=0x00007ff831426a08 sp=0x00007ff82cafe460
Event: 15,890 Thread 0x00007ff8341c7800 DEOPT UNPACKING pc=0x00007ff831039445 sp=0x00007ff82cafe328 mode 2
Event: 16,067 Thread 0x00007ff8341c7800 Uncommon trap: trap_request=0xffffff75 fr.pc=0x00007ff83142e118
Event: 16,067 Thread 0x00007ff8341c7800 DEOPT PACKING pc=0x00007ff83142e118 sp=0x00007ff82cafe530
Event: 16,067 Thread 0x00007ff8341c7800 DEOPT UNPACKING pc=0x00007ff831039445 sp=0x00007ff82cafe500 mode 2
Event: 16,071 Executing VM operation: ParallelGCFailedAllocation


Dynamic libraries:
00400000-00401000 r-xp 00000000 08:06 1454669                            /usr/lib/jvm/java-7-openjdk-amd64/jre/bin/java
00600000-00601000 r--p 00000000 08:06 1454669                            /usr/lib/jvm/java-7-openjdk-amd64/jre/bin/java
00601000-00602000 rw-p 00001000 08:06 1454669                            /usr/lib/jvm/java-7-openjdk-amd64/jre/bin/java
02558000-02579000 rw-p 00000000 00:00 0                                  [heap]
b5a00000-b6f00000 rw-p 00000000 00:00 0 
b6f00000-c0000000 rw-p 00000000 00:00 0 
c0000000-ca700000 rw-p 00000000 00:00 0 
d0580000-eaa80000 rw-p 00000000 00:00 0 
eaa80000-100000000 rw-p 00000000 00:00 0 
7ff7e0000000-7ff7e0025000 rw-p 00000000 00:00 0 
7ff7e0025000-7ff7e4000000 ---p 00000000 00:00 0 
7ff7e8000000-7ff7e8029000 rw-p 00000000 00:00 0 
7ff7e8029000-7ff7ec000000 ---p 00000000 00:00 0 
7ff7ec000000-7ff7ec022000 rw-p 00000000 00:00 0 
7ff7ec022000-7ff7f0000000 ---p 00000000 00:00 0 
7ff7f0000000-7ff7f003b000 rw-p 00000000 00:00 0 
7ff7f003b000-7ff7f4000000 ---p 00000000 00:00 0 
7ff7f4000000-7ff7f4021000 rw-p 00000000 00:00 0 
7ff7f4021000-7ff7f8000000 ---p 00000000 00:00 0 
7ff7f8000000-7ff7f8021000 rw-p 00000000 00:00 0 
7ff7f8021000-7ff7fc000000 ---p 00000000 00:00 0 
7ff7fc000000-7ff7fc021000 rw-p 00000000 00:00 0 
7ff7fc021000-7ff800000000 ---p 00000000 00:00 0 
7ff800000000-7ff801614000 rw-p 00000000 00:00 0 
7ff801614000-7ff804000000 ---p 00000000 00:00 0 
7ff804000000-7ff805b12000 rw-p 00000000 00:00 0 
7ff805b12000-7ff808000000 ---p 00000000 00:00 0 
7ff808000000-7ff808021000 rw-p 00000000 00:00 0 
7ff808021000-7ff80c000000 ---p 00000000 00:00 0 
7ff80c000000-7ff80c021000 rw-p 00000000 00:00 0 
7ff80c021000-7ff810000000 ---p 00000000 00:00 0 
7ff810000000-7ff810021000 rw-p 00000000 00:00 0 
7ff810021000-7ff814000000 ---p 00000000 00:00 0 
7ff814000000-7ff814021000 rw-p 00000000 00:00 0 
7ff814021000-7ff818000000 ---p 00000000 00:00 0 
7ff818000000-7ff818021000 rw-p 00000000 00:00 0 
7ff818021000-7ff81c000000 ---p 00000000 00:00 0 
7ff81c000000-7ff81c021000 rw-p 00000000 00:00 0 
7ff81c021000-7ff820000000 ---p 00000000 00:00 0 
7ff820000000-7ff820021000 rw-p 00000000 00:00 0 
7ff820021000-7ff824000000 ---p 00000000 00:00 0 
7ff828000000-7ff828021000 rw-p 00000000 00:00 0 
7ff828021000-7ff82c000000 ---p 00000000 00:00 0 
7ff82c6fc000-7ff82c6ff000 ---p 00000000 00:00 0 
7ff82c6ff000-7ff82c7fd000 rw-p 00000000 00:00 0 
7ff82c7fd000-7ff82c800000 ---p 00000000 00:00 0 
7ff82c800000-7ff82c8fe000 rw-p 00000000 00:00 0 
7ff82c8fe000-7ff82c901000 ---p 00000000 00:00 0 
7ff82c901000-7ff82c9ff000 rw-p 00000000 00:00 0 
7ff82c9ff000-7ff82ca02000 ---p 00000000 00:00 0 
7ff82ca02000-7ff82cb00000 rw-p 00000000 00:00 0                          [stack:12179]
7ff82cb00000-7ff82cb3d000 r-xp 00000000 08:06 130821                     /lib/x86_64-linux-gnu/libpcre.so.3.13.1
7ff82cb3d000-7ff82cd3c000 ---p 0003d000 08:06 130821                     /lib/x86_64-linux-gnu/libpcre.so.3.13.1
7ff82cd3c000-7ff82cd3d000 r--p 0003c000 08:06 130821                     /lib/x86_64-linux-gnu/libpcre.so.3.13.1
7ff82cd3d000-7ff82cd3e000 rw-p 0003d000 08:06 130821                     /lib/x86_64-linux-gnu/libpcre.so.3.13.1
7ff82cd3e000-7ff82cd45000 r-xp 00000000 08:06 1447540                    /usr/lib/x86_64-linux-gnu/libffi.so.6.0.1
7ff82cd45000-7ff82cf44000 ---p 00007000 08:06 1447540                    /usr/lib/x86_64-linux-gnu/libffi.so.6.0.1
7ff82cf44000-7ff82cf45000 r--p 00006000 08:06 1447540                    /usr/lib/x86_64-linux-gnu/libffi.so.6.0.1
7ff82cf45000-7ff82cf46000 rw-p 00007000 08:06 1447540                    /usr/lib/x86_64-linux-gnu/libffi.so.6.0.1
7ff82cf46000-7ff82cf5d000 r-xp 00000000 08:06 134868                     /lib/x86_64-linux-gnu/libresolv-2.19.so
7ff82cf5d000-7ff82d15d000 ---p 00017000 08:06 134868                     /lib/x86_64-linux-gnu/libresolv-2.19.so
7ff82d15d000-7ff82d15e000 r--p 00017000 08:06 134868                     /lib/x86_64-linux-gnu/libresolv-2.19.so
7ff82d15e000-7ff82d15f000 rw-p 00018000 08:06 134868                     /lib/x86_64-linux-gnu/libresolv-2.19.so
7ff82d15f000-7ff82d161000 rw-p 00000000 00:00 0 
7ff82d161000-7ff82d181000 r-xp 00000000 08:06 135079                     /lib/x86_64-linux-gnu/libselinux.so.1
7ff82d181000-7ff82d380000 ---p 00020000 08:06 135079                     /lib/x86_64-linux-gnu/libselinux.so.1
7ff82d380000-7ff82d381000 r--p 0001f000 08:06 135079                     /lib/x86_64-linux-gnu/libselinux.so.1
7ff82d381000-7ff82d382000 rw-p 00020000 08:06 135079                     /lib/x86_64-linux-gnu/libselinux.so.1
7ff82d382000-7ff82d384000 rw-p 00000000 00:00 0 
7ff82d384000-7ff82d387000 r-xp 00000000 08:06 1439340                    /usr/lib/x86_64-linux-gnu/libgmodule-2.0.so.0.4002.0
7ff82d387000-7ff82d586000 ---p 00003000 08:06 1439340                    /usr/lib/x86_64-linux-gnu/libgmodule-2.0.so.0.4002.0
7ff82d586000-7ff82d587000 r--p 00002000 08:06 1439340                    /usr/lib/x86_64-linux-gnu/libgmodule-2.0.so.0.4002.0
7ff82d587000-7ff82d588000 rw-p 00003000 08:06 1439340                    /usr/lib/x86_64-linux-gnu/libgmodule-2.0.so.0.4002.0
7ff82d588000-7ff82d68e000 r-xp 00000000 08:06 134871                     /lib/x86_64-linux-gnu/libglib-2.0.so.0.4002.0
7ff82d68e000-7ff82d88d000 ---p 00106000 08:06 134871                     /lib/x86_64-linux-gnu/libglib-2.0.so.0.4002.0
7ff82d88d000-7ff82d88e000 r--p 00105000 08:06 134871                     /lib/x86_64-linux-gnu/libglib-2.0.so.0.4002.0
7ff82d88e000-7ff82d88f000 rw-p 00106000 08:06 134871                     /lib/x86_64-linux-gnu/libglib-2.0.so.0.4002.0
7ff82d88f000-7ff82d890000 rw-p 00000000 00:00 0 
7ff82d890000-7ff82d8df000 r-xp 00000000 08:06 1439358                    /usr/lib/x86_64-linux-gnu/libgobject-2.0.so.0.4002.0
7ff82d8df000-7ff82dadf000 ---p 0004f000 08:06 1439358                    /usr/lib/x86_64-linux-gnu/libgobject-2.0.so.0.4002.0
7ff82dadf000-7ff82dae0000 r--p 0004f000 08:06 1439358                    /usr/lib/x86_64-linux-gnu/libgobject-2.0.so.0.4002.0
7ff82dae0000-7ff82dae1000 rw-p 00050000 08:06 1439358                    /usr/lib/x86_64-linux-gnu/libgobject-2.0.so.0.4002.0
7ff82dae1000-7ff82dc4d000 r-xp 00000000 08:06 1439362                    /usr/lib/x86_64-linux-gnu/libgio-2.0.so.0.4002.0
7ff82dc4d000-7ff82de4c000 ---p 0016c000 08:06 1439362                    /usr/lib/x86_64-linux-gnu/libgio-2.0.so.0.4002.0
7ff82de4c000-7ff82de50000 r--p 0016b000 08:06 1439362                    /usr/lib/x86_64-linux-gnu/libgio-2.0.so.0.4002.0
7ff82de50000-7ff82de52000 rw-p 0016f000 08:06 1439362                    /usr/lib/x86_64-linux-gnu/libgio-2.0.so.0.4002.0
7ff82de52000-7ff82de54000 rw-p 00000000 00:00 0 
7ff82de54000-7ff82de6b000 r-xp 00000000 08:06 1489830                    /usr/lib/jvm/java-7-openjdk-amd64/jre/lib/amd64/libnet.so
7ff82de6b000-7ff82e06a000 ---p 00017000 08:06 1489830                    /usr/lib/jvm/java-7-openjdk-amd64/jre/lib/amd64/libnet.so
7ff82e06a000-7ff82e06b000 r--p 00016000 08:06 1489830                    /usr/lib/jvm/java-7-openjdk-amd64/jre/lib/amd64/libnet.so
7ff82e06b000-7ff82e06c000 rw-p 00017000 08:06 1489830                    /usr/lib/jvm/java-7-openjdk-amd64/jre/lib/amd64/libnet.so
7ff82e06c000-7ff82e07c000 r-xp 00000000 08:06 1489812                    /usr/lib/jvm/java-7-openjdk-amd64/jre/lib/amd64/libnio.so
7ff82e07c000-7ff82e27c000 ---p 00010000 08:06 1489812                    /usr/lib/jvm/java-7-openjdk-amd64/jre/lib/amd64/libnio.so
7ff82e27c000-7ff82e27d000 r--p 00010000 08:06 1489812                    /usr/lib/jvm/java-7-openjdk-amd64/jre/lib/amd64/libnio.so
7ff82e27d000-7ff82e27e000 rw-p 00011000 08:06 1489812                    /usr/lib/jvm/java-7-openjdk-amd64/jre/lib/amd64/libnio.so
7ff82e27e000-7ff82ead0000 r--p 00000000 08:06 1447082                    /usr/lib/locale/locale-archive
7ff82ead0000-7ff831000000 rw-p 00000000 00:00 0 
7ff831000000-7ff831430000 rwxp 00000000 00:00 0 
7ff831430000-7ff83425a000 rw-p 00000000 00:00 0 
7ff83425a000-7ff838000000 ---p 00000000 00:00 0 
7ff83806f000-7ff838072000 ---p 00000000 00:00 0 
7ff838072000-7ff8381a1000 rw-p 00000000 00:00 0 
7ff8381f9000-7ff838208000 r--s 000df000 08:06 3216701                    /home/tulin/Android/Sdk/build-tools/23.0.2/lib/dx.jar
7ff838208000-7ff838209000 ---p 00000000 00:00 0 
7ff838209000-7ff838309000 rw-p 00000000 00:00 0                          [stack:12173]
7ff838309000-7ff83830c000 ---p 00000000 00:00 0 
7ff83830c000-7ff83840a000 rw-p 00000000 00:00 0                          [stack:12172]
7ff83840a000-7ff83840d000 ---p 00000000 00:00 0 
7ff83840d000-7ff83850b000 rw-p 00000000 00:00 0                          [stack:12171]
7ff83850b000-7ff83850e000 ---p 00000000 00:00 0 
7ff83850e000-7ff83860c000 rw-p 00000000 00:00 0                          [stack:12170]
7ff83860c000-7ff83860f000 ---p 00000000 00:00 0 
7ff83860f000-7ff83870d000 rw-p 00000000 00:00 0                          [stack:12169]
7ff83870d000-7ff838710000 ---p 00000000 00:00 0 
7ff838710000-7ff83880e000 rw-p 00000000 00:00 0                          [stack:12168]
7ff83880e000-7ff838811000 ---p 00000000 00:00 0 
7ff838811000-7ff83890f000 rw-p 00000000 00:00 0                          [stack:12167]
7ff83890f000-7ff838910000 ---p 00000000 00:00 0 
7ff838910000-7ff839a0d000 rw-p 00000000 00:00 0                          [stack:12166]
7ff839a0d000-7ff839bbf000 r--s 01d2f000 08:06 1489796                    /usr/lib/jvm/java-7-openjdk-amd64/jre/lib/rt.jar
7ff839bbf000-7ff839f0b000 rw-p 00000000 00:00 0 
7ff839f0b000-7ff839f0c000 ---p 00000000 00:00 0 
7ff839f0c000-7ff83a00c000 rw-p 00000000 00:00 0                          [stack:12165]
7ff83a00c000-7ff83a00d000 ---p 00000000 00:00 0 
7ff83a00d000-7ff83a10d000 rw-p 00000000 00:00 0                          [stack:12164]
7ff83a10d000-7ff83a10e000 ---p 00000000 00:00 0 
7ff83a10e000-7ff83a20e000 rw-p 00000000 00:00 0                          [stack:12163]
7ff83a20e000-7ff83a20f000 ---p 00000000 00:00 0 
7ff83a20f000-7ff83a31a000 rw-p 00000000 00:00 0                          [stack:12162]
7ff83a31a000-7ff83a362000 rw-p 00000000 00:00 0 
7ff83a362000-7ff83a3b6000 rw-p 00000000 00:00 0 
7ff83a3b6000-7ff83a4b8000 rw-p 00000000 00:00 0 
7ff83a4b8000-7ff83a4c3000 rw-p 00000000 00:00 0 
7ff83a4c3000-7ff83a50b000 rw-p 00000000 00:00 0 
7ff83a50b000-7ff83a55f000 rw-p 00000000 00:00 0 
7ff83a55f000-7ff83a660000 rw-p 00000000 00:00 0 
7ff83a660000-7ff83a70b000 rw-p 00000000 00:00 0 
7ff83a70b000-7ff83a70c000 rw-p 00000000 00:00 0 
7ff83a70c000-7ff83a714000 r-xp 00000000 08:06 1489805                    /usr/lib/jvm/java-7-openjdk-amd64/jre/lib/amd64/libzip.so
7ff83a714000-7ff83a913000 ---p 00008000 08:06 1489805                    /usr/lib/jvm/java-7-openjdk-amd64/jre/lib/amd64/libzip.so
7ff83a913000-7ff83a914000 r--p 00007000 08:06 1489805                    /usr/lib/jvm/java-7-openjdk-amd64/jre/lib/amd64/libzip.so
7ff83a914000-7ff83a915000 rw-p 00008000 08:06 1489805                    /usr/lib/jvm/java-7-openjdk-amd64/jre/lib/amd64/libzip.so
7ff83a915000-7ff83a920000 r-xp 00000000 08:06 184225                     /lib/x86_64-linux-gnu/libnss_files-2.19.so
7ff83a920000-7ff83ab1f000 ---p 0000b000 08:06 184225                     /lib/x86_64-linux-gnu/libnss_files-2.19.so
7ff83ab1f000-7ff83ab20000 r--p 0000a000 08:06 184225                     /lib/x86_64-linux-gnu/libnss_files-2.19.so
7ff83ab20000-7ff83ab21000 rw-p 0000b000 08:06 184225                     /lib/x86_64-linux-gnu/libnss_files-2.19.so
7ff83ab21000-7ff83ab2c000 r-xp 00000000 08:06 145746                     /lib/x86_64-linux-gnu/libnss_nis-2.19.so
7ff83ab2c000-7ff83ad2b000 ---p 0000b000 08:06 145746                     /lib/x86_64-linux-gnu/libnss_nis-2.19.so
7ff83ad2b000-7ff83ad2c000 r--p 0000a000 08:06 145746                     /lib/x86_64-linux-gnu/libnss_nis-2.19.so
7ff83ad2c000-7ff83ad2d000 rw-p 0000b000 08:06 145746                     /lib/x86_64-linux-gnu/libnss_nis-2.19.so
7ff83ad2d000-7ff83ad44000 r-xp 00000000 08:06 145742                     /lib/x86_64-linux-gnu/libnsl-2.19.so
7ff83ad44000-7ff83af43000 ---p 00017000 08:06 145742                     /lib/x86_64-linux-gnu/libnsl-2.19.so
7ff83af43000-7ff83af44000 r--p 00016000 08:06 145742                     /lib/x86_64-linux-gnu/libnsl-2.19.so
7ff83af44000-7ff83af45000 rw-p 00017000 08:06 145742                     /lib/x86_64-linux-gnu/libnsl-2.19.so
7ff83af45000-7ff83af47000 rw-p 00000000 00:00 0 
7ff83af47000-7ff83af50000 r-xp 00000000 08:06 145741                     /lib/x86_64-linux-gnu/libnss_compat-2.19.so
7ff83af50000-7ff83b14f000 ---p 00009000 08:06 145741                     /lib/x86_64-linux-gnu/libnss_compat-2.19.so
7ff83b14f000-7ff83b150000 r--p 00008000 08:06 145741                     /lib/x86_64-linux-gnu/libnss_compat-2.19.so
7ff83b150000-7ff83b151000 rw-p 00009000 08:06 145741                     /lib/x86_64-linux-gnu/libnss_compat-2.19.so
7ff83b151000-7ff83b17c000 r-xp 00000000 08:06 1489826                    /usr/lib/jvm/java-7-openjdk-amd64/jre/lib/amd64/libjava.so
7ff83b17c000-7ff83b37c000 ---p 0002b000 08:06 1489826                    /usr/lib/jvm/java-7-openjdk-amd64/jre/lib/amd64/libjava.so
7ff83b37c000-7ff83b37d000 r--p 0002b000 08:06 1489826                    /usr/lib/jvm/java-7-openjdk-amd64/jre/lib/amd64/libjava.so
7ff83b37d000-7ff83b37f000 rw-p 0002c000 08:06 1489826                    /usr/lib/jvm/java-7-openjdk-amd64/jre/lib/amd64/libjava.so
7ff83b37f000-7ff83b38f000 r-xp 00000000 08:06 1489810                    /usr/lib/jvm/java-7-openjdk-amd64/jre/lib/amd64/libverify.so
7ff83b38f000-7ff83b58e000 ---p 00010000 08:06 1489810                    /usr/lib/jvm/java-7-openjdk-amd64/jre/lib/amd64/libverify.so
7ff83b58e000-7ff83b590000 r--p 0000f000 08:06 1489810                    /usr/lib/jvm/java-7-openjdk-amd64/jre/lib/amd64/libverify.so
7ff83b590000-7ff83b591000 rw-p 00011000 08:06 1489810                    /usr/lib/jvm/java-7-openjdk-amd64/jre/lib/amd64/libverify.so
7ff83b591000-7ff83b598000 r-xp 00000000 08:06 148472                     /lib/x86_64-linux-gnu/librt-2.19.so
7ff83b598000-7ff83b797000 ---p 00007000 08:06 148472                     /lib/x86_64-linux-gnu/librt-2.19.so
7ff83b797000-7ff83b798000 r--p 00006000 08:06 148472                     /lib/x86_64-linux-gnu/librt-2.19.so
7ff83b798000-7ff83b799000 rw-p 00007000 08:06 148472                     /lib/x86_64-linux-gnu/librt-2.19.so
7ff83b799000-7ff83b7af000 r-xp 00000000 08:06 131070                     /lib/x86_64-linux-gnu/libgcc_s.so.1
7ff83b7af000-7ff83b9ae000 ---p 00016000 08:06 131070                     /lib/x86_64-linux-gnu/libgcc_s.so.1
7ff83b9ae000-7ff83b9af000 rw-p 00015000 08:06 131070                     /lib/x86_64-linux-gnu/libgcc_s.so.1
7ff83b9af000-7ff83bab4000 r-xp 00000000 08:06 135048                     /lib/x86_64-linux-gnu/libm-2.19.so
7ff83bab4000-7ff83bcb3000 ---p 00105000 08:06 135048                     /lib/x86_64-linux-gnu/libm-2.19.so
7ff83bcb3000-7ff83bcb4000 r--p 00104000 08:06 135048                     /lib/x86_64-linux-gnu/libm-2.19.so
7ff83bcb4000-7ff83bcb5000 rw-p 00105000 08:06 135048                     /lib/x86_64-linux-gnu/libm-2.19.so
7ff83bcb5000-7ff83bd9b000 r-xp 00000000 08:06 1439330                    /usr/lib/x86_64-linux-gnu/libstdc++.so.6.0.19
7ff83bd9b000-7ff83bf9a000 ---p 000e6000 08:06 1439330                    /usr/lib/x86_64-linux-gnu/libstdc++.so.6.0.19
7ff83bf9a000-7ff83bfa2000 r--p 000e5000 08:06 1439330                    /usr/lib/x86_64-linux-gnu/libstdc++.so.6.0.19
7ff83bfa2000-7ff83bfa4000 rw-p 000ed000 08:06 1439330                    /usr/lib/x86_64-linux-gnu/libstdc++.so.6.0.19
7ff83bfa4000-7ff83bfb9000 rw-p 00000000 00:00 0 
7ff83bfb9000-7ff83cade000 r-xp 00000000 08:06 1489806                    /usr/lib/jvm/java-7-openjdk-amd64/jre/lib/amd64/server/libjvm.so
7ff83cade000-7ff83ccde000 ---p 00b25000 08:06 1489806                    /usr/lib/jvm/java-7-openjdk-amd64/jre/lib/amd64/server/libjvm.so
7ff83ccde000-7ff83cd78000 r--p 00b25000 08:06 1489806                    /usr/lib/jvm/java-7-openjdk-amd64/jre/lib/amd64/server/libjvm.so
7ff83cd78000-7ff83cd9b000 rw-p 00bbf000 08:06 1489806                    /usr/lib/jvm/java-7-openjdk-amd64/jre/lib/amd64/server/libjvm.so
7ff83cd9b000-7ff83cdc9000 rw-p 00000000 00:00 0 
7ff83cdc9000-7ff83cde1000 r-xp 00000000 08:06 135112                     /lib/x86_64-linux-gnu/libz.so.1.2.8
7ff83cde1000-7ff83cfe0000 ---p 00018000 08:06 135112                     /lib/x86_64-linux-gnu/libz.so.1.2.8
7ff83cfe0000-7ff83cfe1000 r--p 00017000 08:06 135112                     /lib/x86_64-linux-gnu/libz.so.1.2.8
7ff83cfe1000-7ff83cfe2000 rw-p 00018000 08:06 135112                     /lib/x86_64-linux-gnu/libz.so.1.2.8
7ff83cfe2000-7ff83cffb000 r-xp 00000000 08:06 145743                     /lib/x86_64-linux-gnu/libpthread-2.19.so
7ff83cffb000-7ff83d1fa000 ---p 00019000 08:06 145743                     /lib/x86_64-linux-gnu/libpthread-2.19.so
7ff83d1fa000-7ff83d1fb000 r--p 00018000 08:06 145743                     /lib/x86_64-linux-gnu/libpthread-2.19.so
7ff83d1fb000-7ff83d1fc000 rw-p 00019000 08:06 145743                     /lib/x86_64-linux-gnu/libpthread-2.19.so
7ff83d1fc000-7ff83d200000 rw-p 00000000 00:00 0 
7ff83d200000-7ff83d203000 r-xp 00000000 08:06 145738                     /lib/x86_64-linux-gnu/libdl-2.19.so
7ff83d203000-7ff83d402000 ---p 00003000 08:06 145738                     /lib/x86_64-linux-gnu/libdl-2.19.so
7ff83d402000-7ff83d403000 r--p 00002000 08:06 145738                     /lib/x86_64-linux-gnu/libdl-2.19.so
7ff83d403000-7ff83d404000 rw-p 00003000 08:06 145738                     /lib/x86_64-linux-gnu/libdl-2.19.so
7ff83d404000-7ff83d5bf000 r-xp 00000000 08:06 148473                     /lib/x86_64-linux-gnu/libc-2.19.so
7ff83d5bf000-7ff83d7be000 ---p 001bb000 08:06 148473                     /lib/x86_64-linux-gnu/libc-2.19.so
7ff83d7be000-7ff83d7c2000 r--p 001ba000 08:06 148473                     /lib/x86_64-linux-gnu/libc-2.19.so
7ff83d7c2000-7ff83d7c4000 rw-p 001be000 08:06 148473                     /lib/x86_64-linux-gnu/libc-2.19.so
7ff83d7c4000-7ff83d7c9000 rw-p 00000000 00:00 0 
7ff83d7c9000-7ff83d7d6000 r-xp 00000000 08:06 1489800                    /usr/lib/jvm/java-7-openjdk-amd64/jre/lib/amd64/jli/libjli.so
7ff83d7d6000-7ff83d9d5000 ---p 0000d000 08:06 1489800                    /usr/lib/jvm/java-7-openjdk-amd64/jre/lib/amd64/jli/libjli.so
7ff83d9d5000-7ff83d9d6000 r--p 0000c000 08:06 1489800                    /usr/lib/jvm/java-7-openjdk-amd64/jre/lib/amd64/jli/libjli.so
7ff83d9d6000-7ff83d9d7000 rw-p 0000d000 08:06 1489800                    /usr/lib/jvm/java-7-openjdk-amd64/jre/lib/amd64/jli/libjli.so
7ff83d9d7000-7ff83d9fa000 r-xp 00000000 08:06 145744                     /lib/x86_64-linux-gnu/ld-2.19.so
7ff83d9fa000-7ff83d9fd000 r--s 0000f000 08:06 1489840                    /usr/lib/jvm/java-7-openjdk-amd64/jre/lib/ext/icedtea-sound.jar
7ff83d9fd000-7ff83da26000 rw-p 00000000 00:00 0 
7ff83da26000-7ff83dad5000 rw-p 00000000 00:00 0 
7ff83dad5000-7ff83dad8000 ---p 00000000 00:00 0 
7ff83dad8000-7ff83dbdc000 rw-p 00000000 00:00 0                          [stack:12161]
7ff83dbdc000-7ff83dbde000 r--s 00012000 08:06 1489837                    /usr/lib/jvm/java-7-openjdk-amd64/jre/lib/ext/zipfs.jar
7ff83dbde000-7ff83dbdf000 r--s 00002000 08:06 1489839                    /usr/lib/jvm/java-7-openjdk-amd64/jre/lib/ext/dnsns.jar
7ff83dbdf000-7ff83dbe1000 r--s 00006000 08:06 1840524                    /usr/share/java/java-atk-wrapper.jar
7ff83dbe1000-7ff83dbe5000 r--s 0003c000 08:06 1489838                    /usr/lib/jvm/java-7-openjdk-amd64/jre/lib/ext/sunpkcs11.jar
7ff83dbe5000-7ff83dbe9000 r--s 00034000 08:06 1489836                    /usr/lib/jvm/java-7-openjdk-amd64/jre/lib/ext/sunjce_provider.jar
7ff83dbe9000-7ff83dbed000 r--s 00085000 08:06 1489835                    /usr/lib/jvm/java-7-openjdk-amd64/jre/lib/ext/localedata.jar
7ff83dbed000-7ff83dbf5000 rw-s 00000000 08:06 1846342                    /tmp/hsperfdata_tulin/12156
7ff83dbf5000-7ff83dbf6000 rw-p 00000000 00:00 0 
7ff83dbf6000-7ff83dbf7000 ---p 00000000 00:00 0 
7ff83dbf7000-7ff83dbf9000 rw-p 00000000 00:00 0 
7ff83dbf9000-7ff83dbfa000 r--p 00022000 08:06 145744                     /lib/x86_64-linux-gnu/ld-2.19.so
7ff83dbfa000-7ff83dbfb000 rw-p 00023000 08:06 145744                     /lib/x86_64-linux-gnu/ld-2.19.so
7ff83dbfb000-7ff83dbfc000 rw-p 00000000 00:00 0 
7ffc15cec000-7ffc15d0d000 rw-p 00000000 00:00 0                          [stack]
7ffc15dd6000-7ffc15dd8000 r-xp 00000000 00:00 0                          [vdso]
ffffffffff600000-ffffffffff601000 r-xp 00000000 00:00 0                  [vsyscall]

VM Arguments:
jvm_args: -Djava.awt.headless=true -Xmx1024M -Dfile.encoding=UTF-8 -Duser.country=US -Duser.language=en -Duser.variant 
java_command: com.android.dx.command.Main --dex --num-threads=4 --multi-dex --main-dex-list /home/tulin/AndroidStudioProjects/CamApp/app/build/intermediates/multi-dex/debug/maindexlist.txt --output /home/tulin/AndroidStudioProjects/CamApp/app/build/intermediates/transforms/dex/debug/folders/1000/1f/main /home/tulin/AndroidStudioProjects/CamApp/app/build/intermediates/transforms/jarMerging/debug/jars/1/1f/combined.jar
Launcher Type: SUN_STANDARD

Environment Variables:
PATH=/usr/local/sbin:/usr/local/bin:/usr/sbin:/usr/bin:/sbin:/bin:/usr/games:/usr/local/games
SHELL=/bin/bash
DISPLAY=:0

Signal Handlers:
SIGSEGV: [libjvm.so+0x955bc0], sa_mask[0]=0x7ffbfeff, sa_flags=0x10000004
SIGBUS: [libjvm.so+0x955bc0], sa_mask[0]=0x7ffbfeff, sa_flags=0x10000004
SIGFPE: [libjvm.so+0x7caff0], sa_mask[0]=0x7ffbfeff, sa_flags=0x10000004
SIGPIPE: [libjvm.so+0x7caff0], sa_mask[0]=0x7ffbfeff, sa_flags=0x10000004
SIGXFSZ: [libjvm.so+0x7caff0], sa_mask[0]=0x7ffbfeff, sa_flags=0x10000004
SIGILL: [libjvm.so+0x7caff0], sa_mask[0]=0x7ffbfeff, sa_flags=0x10000004
SIGUSR1: SIG_DFL, sa_mask[0]=0x00000000, sa_flags=0x00000000
SIGUSR2: [libjvm.so+0x7cae90], sa_mask[0]=0x00000004, sa_flags=0x10000004
SIGHUP: [libjvm.so+0x7cb070], sa_mask[0]=0x7ffbfeff, sa_flags=0x10000004
SIGINT: [libjvm.so+0x7cb070], sa_mask[0]=0x7ffbfeff, sa_flags=0x10000004
SIGTERM: [libjvm.so+0x7cb070], sa_mask[0]=0x7ffbfeff, sa_flags=0x10000004
SIGQUIT: [libjvm.so+0x7cb070], sa_mask[0]=0x7ffbfeff, sa_flags=0x10000004
SIGTRAP: SIG_DFL, sa_mask[0]=0x00000000, sa_flags=0x00000000


---------------  S Y S T E M  ---------------

OS:Ubuntu 14.04 (trusty)
uname:Linux 3.13.0-79-generic #123-Ubuntu SMP Fri Feb 19 14:27:58 UTC 2016 x86_64
libc:glibc 2.19 NPTL 2.19 
rlimit: STACK 8192k, CORE 0k, NPROC 30460, NOFILE 4096, AS infinity
load average:3,80 1,80 1,20

/proc/meminfo:
MemTotal:        3946988 kB
MemFree:          118532 kB
Buffers:            1504 kB
Cached:           409564 kB
SwapCached:            0 kB
Active:          3252472 kB
Inactive:         402752 kB
Active(anon):    3246792 kB
Inactive(anon):   394824 kB
Active(file):       5680 kB
Inactive(file):     7928 kB
Unevictable:          80 kB
Mlocked:              80 kB
SwapTotal:             0 kB
SwapFree:              0 kB
Dirty:               108 kB
Writeback:             0 kB
AnonPages:       3244508 kB
Mapped:           119196 kB
Shmem:            397188 kB
Slab:              72560 kB
SReclaimable:      33432 kB
SUnreclaim:        39128 kB
KernelStack:        5352 kB
PageTables:        39712 kB
NFS_Unstable:          0 kB
Bounce:                0 kB
WritebackTmp:          0 kB
CommitLimit:     1973492 kB
Committed_AS:    7923492 kB
VmallocTotal:   34359738367 kB
VmallocUsed:      350184 kB
VmallocChunk:   34359379708 kB
HardwareCorrupted:     0 kB
AnonHugePages:   1259520 kB
HugePages_Total:       0
HugePages_Free:        0
HugePages_Rsvd:        0
HugePages_Surp:        0
Hugepagesize:       2048 kB
DirectMap4k:       68640 kB
DirectMap2M:     4026368 kB


CPU:total 4 (2 cores per cpu, 2 threads per core) family 6 model 42 stepping 7, cmov, cx8, fxsr, mmx, sse, sse2, sse3, ssse3, sse4.1, sse4.2, popcnt, avx, aes, ht, tsc, tscinvbit

/proc/cpuinfo:
processor	: 0
vendor_id	: GenuineIntel
cpu family	: 6
model		: 42
model name	: Intel(R) Core(TM) i5-2557M CPU @ 1.70GHz
stepping	: 7
microcode	: 0x1a
cpu MHz		: 800.000
cache size	: 3072 KB
physical id	: 0
siblings	: 4
core id		: 0
cpu cores	: 2
apicid		: 0
initial apicid	: 0
fpu		: yes
fpu_exception	: yes
cpuid level	: 13
wp		: yes
flags		: fpu vme de pse tsc msr pae mce cx8 apic sep mtrr pge mca cmov pat pse36 clflush dts acpi mmx fxsr sse sse2 ss ht tm pbe syscall nx rdtscp lm constant_tsc arch_perfmon pebs bts rep_good nopl xtopology nonstop_tsc aperfmperf eagerfpu pni pclmulqdq dtes64 monitor ds_cpl vmx smx est tm2 ssse3 cx16 xtpr pdcm pcid sse4_1 sse4_2 x2apic popcnt tsc_deadline_timer aes xsave avx lahf_lm ida arat epb xsaveopt pln pts dtherm tpr_shadow vnmi flexpriority ept vpid
bogomips	: 3391.98
clflush size	: 64
cache_alignment	: 64
address sizes	: 36 bits physical, 48 bits virtual
power management:

processor	: 1
vendor_id	: GenuineIntel
cpu family	: 6
model		: 42
model name	: Intel(R) Core(TM) i5-2557M CPU @ 1.70GHz
stepping	: 7
microcode	: 0x1a
cpu MHz		: 1600.000
cache size	: 3072 KB
physical id	: 0
siblings	: 4
core id		: 1
cpu cores	: 2
apicid		: 2
initial apicid	: 2
fpu		: yes
fpu_exception	: yes
cpuid level	: 13
wp		: yes
flags		: fpu vme de pse tsc msr pae mce cx8 apic sep mtrr pge mca cmov pat pse36 clflush dts acpi mmx fxsr sse sse2 ss ht tm pbe syscall nx rdtscp lm constant_tsc arch_perfmon pebs bts rep_good nopl xtopology nonstop_tsc aperfmperf eagerfpu pni pclmulqdq dtes64 monitor ds_cpl vmx smx est tm2 ssse3 cx16 xtpr pdcm pcid sse4_1 sse4_2 x2apic popcnt tsc_deadline_timer aes xsave avx lahf_lm ida arat epb xsaveopt pln pts dtherm tpr_shadow vnmi flexpriority ept vpid
bogomips	: 3391.98
clflush size	: 64
cache_alignment	: 64
address sizes	: 36 bits physical, 48 bits virtual
power management:

processor	: 2
vendor_id	: GenuineIntel
cpu family	: 6
model		: 42
model name	: Intel(R) Core(TM) i5-2557M CPU @ 1.70GHz
stepping	: 7
microcode	: 0x1a
cpu MHz		: 1400.000
cache size	: 3072 KB
physical id	: 0
siblings	: 4
core id		: 0
cpu cores	: 2
apicid		: 1
initial apicid	: 1
fpu		: yes
fpu_exception	: yes
cpuid level	: 13
wp		: yes
flags		: fpu vme de pse tsc msr pae mce cx8 apic sep mtrr pge mca cmov pat pse36 clflush dts acpi mmx fxsr sse sse2 ss ht tm pbe syscall nx rdtscp lm constant_tsc arch_perfmon pebs bts rep_good nopl xtopology nonstop_tsc aperfmperf eagerfpu pni pclmulqdq dtes64 monitor ds_cpl vmx smx est tm2 ssse3 cx16 xtpr pdcm pcid sse4_1 sse4_2 x2apic popcnt tsc_deadline_timer aes xsave avx lahf_lm ida arat epb xsaveopt pln pts dtherm tpr_shadow vnmi flexpriority ept vpid
bogomips	: 3391.98
clflush size	: 64
cache_alignment	: 64
address sizes	: 36 bits physical, 48 bits virtual
power management:

processor	: 3
vendor_id	: GenuineIntel
cpu family	: 6
model		: 42
model name	: Intel(R) Core(TM) i5-2557M CPU @ 1.70GHz
stepping	: 7
microcode	: 0x1a
cpu MHz		: 800.000
cache size	: 3072 KB
physical id	: 0
siblings	: 4
core id		: 1
cpu cores	: 2
apicid		: 3
initial apicid	: 3
fpu		: yes
fpu_exception	: yes
cpuid level	: 13
wp		: yes
flags		: fpu vme de pse tsc msr pae mce cx8 apic sep mtrr pge mca cmov pat pse36 clflush dts acpi mmx fxsr sse sse2 ss ht tm pbe syscall nx rdtscp lm constant_tsc arch_perfmon pebs bts rep_good nopl xtopology nonstop_tsc aperfmperf eagerfpu pni pclmulqdq dtes64 monitor ds_cpl vmx smx est tm2 ssse3 cx16 xtpr pdcm pcid sse4_1 sse4_2 x2apic popcnt tsc_deadline_timer aes xsave avx lahf_lm ida arat epb xsaveopt pln pts dtherm tpr_shadow vnmi flexpriority ept vpid
bogomips	: 3391.98
clflush size	: 64
cache_alignment	: 64
address sizes	: 36 bits physical, 48 bits virtual
power management:



Memory: 4k page, physical 3946988k(118532k free), swap 0k(0k free)

vm_info: OpenJDK 64-Bit Server VM (24.95-b01) for linux-amd64 JRE (1.7.0_95-b00), built on Jan 21 2016 03:31:40 by "buildd" with gcc 4.8.4

time: Wed Mar 30 16:08:59 2016
elapsed time: 19 seconds

