#
# There is insufficient memory for the Java Runtime Environment to continue.
# Native memory allocation (malloc) failed to allocate 21495808 bytes for committing reserved memory.
# Possible reasons:
#   The system is out of physical RAM or swap space
#   In 32 bit mode, the process size limit was hit
# Possible solutions:
#   Reduce memory load on the system
#   Increase physical memory or swap space
#   Check if swap backing store is full
#   Use 64 bit Java on a 64 bit OS
#   Decrease Java heap size (-Xmx/-Xms)
#   Decrease number of Java threads
#   Decrease Java thread stack sizes (-Xss)
#   Set larger code cache with -XX:ReservedCodeCacheSize=
# This output file may be truncated or incomplete.
#
#  Out of Memory Error (os_linux.cpp:2827), pid=4795, tid=140073158031104
#
# JRE version:  (7.0_95) (build )
# Java VM: OpenJDK 64-Bit Server VM (24.95-b01 mixed mode linux-amd64 compressed oops)
# Derivative: IcedTea 2.6.4
# Distribution: Ubuntu 14.04.3 LTS, package 7u95-2.6.4-0ubuntu0.14.04.1
# Failed to write core dump. Core dumps have been disabled. To enable core dumping, try "ulimit -c unlimited" before starting Java again
#

---------------  T H R E A D  ---------------

Current thread (0x00007f654c00a800):  JavaThread "Unknown thread" [_thread_in_vm, id=4816, stack(0x00007f6552c3b000,0x00007f6552d3c000)]

Stack: [0x00007f6552c3b000,0x00007f6552d3c000],  sp=0x00007f6552d3a4e0,  free space=1021k
Native frames: (J=compiled Java code, j=interpreted, Vv=VM code, C=native code)
V  [libjvm.so+0x9550e5]
V  [libjvm.so+0x4902b4]
V  [libjvm.so+0x7cf7bb]
V  [libjvm.so+0x7ca28f]
V  [libjvm.so+0x83e56b]
V  [libjvm.so+0x83f2fb]
V  [libjvm.so+0x83f9d0]
V  [libjvm.so+0x2a7a82]
V  [libjvm.so+0x7f0e39]
V  [libjvm.so+0x925997]
V  [libjvm.so+0x925cc7]
V  [libjvm.so+0x5a3135]
V  [libjvm.so+0x90b6af]
V  [libjvm.so+0x60ee54]  JNI_CreateJavaVM+0x54
C  [libjli.so+0x2b48]


---------------  P R O C E S S  ---------------

Java Threads: ( => current thread )

Other Threads:

=>0x00007f654c00a800 (exited) JavaThread "Unknown thread" [_thread_in_vm, id=4816, stack(0x00007f6552c3b000,0x00007f6552d3c000)]

VM state:not at safepoint (not fully initialized)

VM Mutex/Monitor currently owned by a thread: None

GC Heap History (0 events):
No events

Deoptimization events (0 events):
No events

Internal exceptions (0 events):
No events

Events (0 events):
No events


Dynamic libraries:
00400000-00401000 r-xp 00000000 08:06 1454669                            /usr/lib/jvm/java-7-openjdk-amd64/jre/bin/java
00600000-00601000 r--p 00000000 08:06 1454669                            /usr/lib/jvm/java-7-openjdk-amd64/jre/bin/java
00601000-00602000 rw-p 00001000 08:06 1454669                            /usr/lib/jvm/java-7-openjdk-amd64/jre/bin/java
0194e000-0196f000 rw-p 00000000 00:00 0                                  [heap]
b5a00000-eaa80000 rw-p 00000000 00:00 0 
ebf00000-100000000 rw-p 00000000 00:00 0 
7f6548571000-7f65487c4000 rw-p 00000000 00:00 0 
7f65487c4000-7f65487c5000 rw-p 00000000 00:00 0 
7f65487c5000-7f6548a35000 rwxp 00000000 00:00 0 
7f6548a35000-7f654b7c5000 rw-p 00000000 00:00 0 
7f654b7c5000-7f654b7cd000 r-xp 00000000 08:06 1489805                    /usr/lib/jvm/java-7-openjdk-amd64/jre/lib/amd64/libzip.so
7f654b7cd000-7f654b9cc000 ---p 00008000 08:06 1489805                    /usr/lib/jvm/java-7-openjdk-amd64/jre/lib/amd64/libzip.so
7f654b9cc000-7f654b9cd000 r--p 00007000 08:06 1489805                    /usr/lib/jvm/java-7-openjdk-amd64/jre/lib/amd64/libzip.so
7f654b9cd000-7f654b9ce000 rw-p 00008000 08:06 1489805                    /usr/lib/jvm/java-7-openjdk-amd64/jre/lib/amd64/libzip.so
7f654b9ce000-7f654b9d9000 r-xp 00000000 08:06 184225                     /lib/x86_64-linux-gnu/libnss_files-2.19.so
7f654b9d9000-7f654bbd8000 ---p 0000b000 08:06 184225                     /lib/x86_64-linux-gnu/libnss_files-2.19.so
7f654bbd8000-7f654bbd9000 r--p 0000a000 08:06 184225                     /lib/x86_64-linux-gnu/libnss_files-2.19.so
7f654bbd9000-7f654bbda000 rw-p 0000b000 08:06 184225                     /lib/x86_64-linux-gnu/libnss_files-2.19.so
7f654bbda000-7f654bbe5000 r-xp 00000000 08:06 145746                     /lib/x86_64-linux-gnu/libnss_nis-2.19.so
7f654bbe5000-7f654bde4000 ---p 0000b000 08:06 145746                     /lib/x86_64-linux-gnu/libnss_nis-2.19.so
7f654bde4000-7f654bde5000 r--p 0000a000 08:06 145746                     /lib/x86_64-linux-gnu/libnss_nis-2.19.so
7f654bde5000-7f654bde6000 rw-p 0000b000 08:06 145746                     /lib/x86_64-linux-gnu/libnss_nis-2.19.so
7f654bde6000-7f654bdfd000 r-xp 00000000 08:06 145742                     /lib/x86_64-linux-gnu/libnsl-2.19.so
7f654bdfd000-7f654bffc000 ---p 00017000 08:06 145742                     /lib/x86_64-linux-gnu/libnsl-2.19.so
7f654bffc000-7f654bffd000 r--p 00016000 08:06 145742                     /lib/x86_64-linux-gnu/libnsl-2.19.so
7f654bffd000-7f654bffe000 rw-p 00017000 08:06 145742                     /lib/x86_64-linux-gnu/libnsl-2.19.so
7f654bffe000-7f654c000000 rw-p 00000000 00:00 0 
7f654c000000-7f654c022000 rw-p 00000000 00:00 0 
7f654c022000-7f6550000000 ---p 00000000 00:00 0 
7f65500ae000-7f65500b7000 r-xp 00000000 08:06 145741                     /lib/x86_64-linux-gnu/libnss_compat-2.19.so
7f65500b7000-7f65502b6000 ---p 00009000 08:06 145741                     /lib/x86_64-linux-gnu/libnss_compat-2.19.so
7f65502b6000-7f65502b7000 r--p 00008000 08:06 145741                     /lib/x86_64-linux-gnu/libnss_compat-2.19.so
7f65502b7000-7f65502b8000 rw-p 00009000 08:06 145741                     /lib/x86_64-linux-gnu/libnss_compat-2.19.so
7f65502b8000-7f65502e3000 r-xp 00000000 08:06 1489826                    /usr/lib/jvm/java-7-openjdk-amd64/jre/lib/amd64/libjava.so
7f65502e3000-7f65504e3000 ---p 0002b000 08:06 1489826                    /usr/lib/jvm/java-7-openjdk-amd64/jre/lib/amd64/libjava.so
7f65504e3000-7f65504e4000 r--p 0002b000 08:06 1489826                    /usr/lib/jvm/java-7-openjdk-amd64/jre/lib/amd64/libjava.so
7f65504e4000-7f65504e6000 rw-p 0002c000 08:06 1489826                    /usr/lib/jvm/java-7-openjdk-amd64/jre/lib/amd64/libjava.so
7f65504e6000-7f65504f6000 r-xp 00000000 08:06 1489810                    /usr/lib/jvm/java-7-openjdk-amd64/jre/lib/amd64/libverify.so
7f65504f6000-7f65506f5000 ---p 00010000 08:06 1489810                    /usr/lib/jvm/java-7-openjdk-amd64/jre/lib/amd64/libverify.so
7f65506f5000-7f65506f7000 r--p 0000f000 08:06 1489810                    /usr/lib/jvm/java-7-openjdk-amd64/jre/lib/amd64/libverify.so
7f65506f7000-7f65506f8000 rw-p 00011000 08:06 1489810                    /usr/lib/jvm/java-7-openjdk-amd64/jre/lib/amd64/libverify.so
7f65506f8000-7f65506ff000 r-xp 00000000 08:06 148472                     /lib/x86_64-linux-gnu/librt-2.19.so
7f65506ff000-7f65508fe000 ---p 00007000 08:06 148472                     /lib/x86_64-linux-gnu/librt-2.19.so
7f65508fe000-7f65508ff000 r--p 00006000 08:06 148472                     /lib/x86_64-linux-gnu/librt-2.19.so
7f65508ff000-7f6550900000 rw-p 00007000 08:06 148472                     /lib/x86_64-linux-gnu/librt-2.19.so
7f6550900000-7f6550916000 r-xp 00000000 08:06 131070                     /lib/x86_64-linux-gnu/libgcc_s.so.1
7f6550916000-7f6550b15000 ---p 00016000 08:06 131070                     /lib/x86_64-linux-gnu/libgcc_s.so.1
7f6550b15000-7f6550b16000 rw-p 00015000 08:06 131070                     /lib/x86_64-linux-gnu/libgcc_s.so.1
7f6550b16000-7f6550c1b000 r-xp 00000000 08:06 135048                     /lib/x86_64-linux-gnu/libm-2.19.so
7f6550c1b000-7f6550e1a000 ---p 00105000 08:06 135048                     /lib/x86_64-linux-gnu/libm-2.19.so
7f6550e1a000-7f6550e1b000 r--p 00104000 08:06 135048                     /lib/x86_64-linux-gnu/libm-2.19.so
7f6550e1b000-7f6550e1c000 rw-p 00105000 08:06 135048                     /lib/x86_64-linux-gnu/libm-2.19.so
7f6550e1c000-7f6550f02000 r-xp 00000000 08:06 1439330                    /usr/lib/x86_64-linux-gnu/libstdc++.so.6.0.19
7f6550f02000-7f6551101000 ---p 000e6000 08:06 1439330                    /usr/lib/x86_64-linux-gnu/libstdc++.so.6.0.19
7f6551101000-7f6551109000 r--p 000e5000 08:06 1439330                    /usr/lib/x86_64-linux-gnu/libstdc++.so.6.0.19
7f6551109000-7f655110b000 rw-p 000ed000 08:06 1439330                    /usr/lib/x86_64-linux-gnu/libstdc++.so.6.0.19
7f655110b000-7f6551120000 rw-p 00000000 00:00 0 
7f6551120000-7f6551c45000 r-xp 00000000 08:06 1489806                    /usr/lib/jvm/java-7-openjdk-amd64/jre/lib/amd64/server/libjvm.so
7f6551c45000-7f6551e45000 ---p 00b25000 08:06 1489806                    /usr/lib/jvm/java-7-openjdk-amd64/jre/lib/amd64/server/libjvm.so
7f6551e45000-7f6551edf000 r--p 00b25000 08:06 1489806                    /usr/lib/jvm/java-7-openjdk-amd64/jre/lib/amd64/server/libjvm.so
7f6551edf000-7f6551f02000 rw-p 00bbf000 08:06 1489806                    /usr/lib/jvm/java-7-openjdk-amd64/jre/lib/amd64/server/libjvm.so
7f6551f02000-7f6551f30000 rw-p 00000000 00:00 0 
7f6551f30000-7f6551f48000 r-xp 00000000 08:06 135112                     /lib/x86_64-linux-gnu/libz.so.1.2.8
7f6551f48000-7f6552147000 ---p 00018000 08:06 135112                     /lib/x86_64-linux-gnu/libz.so.1.2.8
7f6552147000-7f6552148000 r--p 00017000 08:06 135112                     /lib/x86_64-linux-gnu/libz.so.1.2.8
7f6552148000-7f6552149000 rw-p 00018000 08:06 135112                     /lib/x86_64-linux-gnu/libz.so.1.2.8
7f6552149000-7f6552162000 r-xp 00000000 08:06 145743                     /lib/x86_64-linux-gnu/libpthread-2.19.so
7f6552162000-7f6552361000 ---p 00019000 08:06 145743                     /lib/x86_64-linux-gnu/libpthread-2.19.so
7f6552361000-7f6552362000 r--p 00018000 08:06 145743                     /lib/x86_64-linux-gnu/libpthread-2.19.so
7f6552362000-7f6552363000 rw-p 00019000 08:06 145743                     /lib/x86_64-linux-gnu/libpthread-2.19.so
7f6552363000-7f6552367000 rw-p 00000000 00:00 0 
7f6552367000-7f655236a000 r-xp 00000000 08:06 145738                     /lib/x86_64-linux-gnu/libdl-2.19.so
7f655236a000-7f6552569000 ---p 00003000 08:06 145738                     /lib/x86_64-linux-gnu/libdl-2.19.so
7f6552569000-7f655256a000 r--p 00002000 08:06 145738                     /lib/x86_64-linux-gnu/libdl-2.19.so
7f655256a000-7f655256b000 rw-p 00003000 08:06 145738                     /lib/x86_64-linux-gnu/libdl-2.19.so
7f655256b000-7f6552726000 r-xp 00000000 08:06 148473                     /lib/x86_64-linux-gnu/libc-2.19.so
7f6552726000-7f6552925000 ---p 001bb000 08:06 148473                     /lib/x86_64-linux-gnu/libc-2.19.so
7f6552925000-7f6552929000 r--p 001ba000 08:06 148473                     /lib/x86_64-linux-gnu/libc-2.19.so
7f6552929000-7f655292b000 rw-p 001be000 08:06 148473                     /lib/x86_64-linux-gnu/libc-2.19.so
7f655292b000-7f6552930000 rw-p 00000000 00:00 0 
7f6552930000-7f655293d000 r-xp 00000000 08:06 1489800                    /usr/lib/jvm/java-7-openjdk-amd64/jre/lib/amd64/jli/libjli.so
7f655293d000-7f6552b3c000 ---p 0000d000 08:06 1489800                    /usr/lib/jvm/java-7-openjdk-amd64/jre/lib/amd64/jli/libjli.so
7f6552b3c000-7f6552b3d000 r--p 0000c000 08:06 1489800                    /usr/lib/jvm/java-7-openjdk-amd64/jre/lib/amd64/jli/libjli.so
7f6552b3d000-7f6552b3e000 rw-p 0000d000 08:06 1489800                    /usr/lib/jvm/java-7-openjdk-amd64/jre/lib/amd64/jli/libjli.so
7f6552b3e000-7f6552b61000 r-xp 00000000 08:06 145744                     /lib/x86_64-linux-gnu/ld-2.19.so
7f6552b7b000-7f6552b85000 rw-p 00000000 00:00 0 
7f6552b85000-7f6552c3b000 rw-p 00000000 00:00 0 
7f6552c3b000-7f6552c3e000 ---p 00000000 00:00 0 
7f6552c3e000-7f6552d41000 rw-p 00000000 00:00 0                          [stack:4816]
7f6552d52000-7f6552d54000 rw-p 00000000 00:00 0 
7f6552d54000-7f6552d5c000 rw-s 00000000 08:06 1841766                    /tmp/hsperfdata_tulin/4795
7f6552d5c000-7f6552d5d000 rw-p 00000000 00:00 0 
7f6552d5d000-7f6552d5e000 r--p 00000000 00:00 0 
7f6552d5e000-7f6552d60000 rw-p 00000000 00:00 0 
7f6552d60000-7f6552d61000 r--p 00022000 08:06 145744                     /lib/x86_64-linux-gnu/ld-2.19.so
7f6552d61000-7f6552d62000 rw-p 00023000 08:06 145744                     /lib/x86_64-linux-gnu/ld-2.19.so
7f6552d62000-7f6552d63000 rw-p 00000000 00:00 0 
7fff15b08000-7fff15b29000 rw-p 00000000 00:00 0                          [stack]
7fff15bc4000-7fff15bc6000 r-xp 00000000 00:00 0                          [vdso]
ffffffffff600000-ffffffffff601000 r-xp 00000000 00:00 0                  [vsyscall]

VM Arguments:
jvm_args: -Djava.awt.headless=true -Xmx1024M -Dfile.encoding=UTF-8 -Duser.country=US -Duser.language=en -Duser.variant 
java_command: com.android.dx.command.Main --dex --num-threads=4 --output /home/tulin/AndroidStudioProjects/CamApp/app/build/intermediates/pre-dexed/debug/debug_330d08f32227c59993fa5ad7ca50294bfe0ab59c.jar /home/tulin/AndroidStudioProjects/CamApp/app/build/intermediates/classes/debug
Launcher Type: SUN_STANDARD

Environment Variables:
PATH=/usr/local/sbin:/usr/local/bin:/usr/sbin:/usr/bin:/sbin:/bin:/usr/games:/usr/local/games
SHELL=/bin/bash
DISPLAY=:0

Signal Handlers:
SIGSEGV: [libjvm.so+0x955bc0], sa_mask[0]=0x7ffbfeff, sa_flags=0x10000004
SIGBUS: [libjvm.so+0x955bc0], sa_mask[0]=0x7ffbfeff, sa_flags=0x10000004
SIGFPE: [libjvm.so+0x7caff0], sa_mask[0]=0x7ffbfeff, sa_flags=0x10000004
SIGPIPE: [libjvm.so+0x7caff0], sa_mask[0]=0x7ffbfeff, sa_flags=0x10000004
SIGXFSZ: [libjvm.so+0x7caff0], sa_mask[0]=0x7ffbfeff, sa_flags=0x10000004
SIGILL: [libjvm.so+0x7caff0], sa_mask[0]=0x7ffbfeff, sa_flags=0x10000004
SIGUSR1: SIG_DFL, sa_mask[0]=0x00000000, sa_flags=0x00000000
SIGUSR2: [libjvm.so+0x7cae90], sa_mask[0]=0x00000004, sa_flags=0x10000004
SIGHUP: SIG_DFL, sa_mask[0]=0x00000000, sa_flags=0x00000000
SIGINT: SIG_DFL, sa_mask[0]=0x00000000, sa_flags=0x00000000
SIGTERM: SIG_DFL, sa_mask[0]=0x00000000, sa_flags=0x00000000
SIGQUIT: SIG_DFL, sa_mask[0]=0x00000000, sa_flags=0x00000000
SIGTRAP: SIG_DFL, sa_mask[0]=0x00000000, sa_flags=0x00000000


---------------  S Y S T E M  ---------------

OS:Ubuntu 14.04 (trusty)
uname:Linux 3.13.0-79-generic #123-Ubuntu SMP Fri Feb 19 14:27:58 UTC 2016 x86_64
libc:glibc 2.19 NPTL 2.19 
rlimit: STACK 8192k, CORE 0k, NPROC 30460, NOFILE 4096, AS infinity
load average:20.18 7.09 3.09

/proc/meminfo:
MemTotal:        3946988 kB
MemFree:           88660 kB
Buffers:             160 kB
Cached:           396416 kB
SwapCached:            0 kB
Active:          3289948 kB
Inactive:         393136 kB
Active(anon):    3288868 kB
Inactive(anon):   381448 kB
Active(file):       1080 kB
Inactive(file):    11688 kB
Unevictable:          32 kB
Mlocked:              32 kB
SwapTotal:             0 kB
SwapFree:              0 kB
Dirty:               160 kB
Writeback:             0 kB
AnonPages:       3286892 kB
Mapped:           159032 kB
Shmem:            383468 kB
Slab:              69464 kB
SReclaimable:      32152 kB
SUnreclaim:        37312 kB
KernelStack:        6000 kB
PageTables:        43672 kB
NFS_Unstable:          0 kB
Bounce:                0 kB
WritebackTmp:          0 kB
CommitLimit:     1973492 kB
Committed_AS:    8939996 kB
VmallocTotal:   34359738367 kB
VmallocUsed:      350216 kB
VmallocChunk:   34359376636 kB
HardwareCorrupted:     0 kB
AnonHugePages:   1089536 kB
HugePages_Total:       0
HugePages_Free:        0
HugePages_Rsvd:        0
HugePages_Surp:        0
Hugepagesize:       2048 kB
DirectMap4k:       68640 kB
DirectMap2M:     4026368 kB


CPU:total 4 (2 cores per cpu, 2 threads per core) family 6 model 42 stepping 7, cmov, cx8, fxsr, mmx, sse, sse2, sse3, ssse3, sse4.1, sse4.2, popcnt, avx, aes, ht, tsc, tscinvbit

/proc/cpuinfo:
processor	: 0
vendor_id	: GenuineIntel
cpu family	: 6
model		: 42
model name	: Intel(R) Core(TM) i5-2557M CPU @ 1.70GHz
stepping	: 7
microcode	: 0x1a
cpu MHz		: 1701.000
cache size	: 3072 KB
physical id	: 0
siblings	: 4
core id		: 0
cpu cores	: 2
apicid		: 0
initial apicid	: 0
fpu		: yes
fpu_exception	: yes
cpuid level	: 13
wp		: yes
flags		: fpu vme de pse tsc msr pae mce cx8 apic sep mtrr pge mca cmov pat pse36 clflush dts acpi mmx fxsr sse sse2 ss ht tm pbe syscall nx rdtscp lm constant_tsc arch_perfmon pebs bts rep_good nopl xtopology nonstop_tsc aperfmperf eagerfpu pni pclmulqdq dtes64 monitor ds_cpl vmx smx est tm2 ssse3 cx16 xtpr pdcm pcid sse4_1 sse4_2 x2apic popcnt tsc_deadline_timer aes xsave avx lahf_lm ida arat epb xsaveopt pln pts dtherm tpr_shadow vnmi flexpriority ept vpid
bogomips	: 3392.46
clflush size	: 64
cache_alignment	: 64
address sizes	: 36 bits physical, 48 bits virtual
power management:

processor	: 1
vendor_id	: GenuineIntel
cpu family	: 6
model		: 42
model name	: Intel(R) Core(TM) i5-2557M CPU @ 1.70GHz
stepping	: 7
microcode	: 0x1a
cpu MHz		: 1701.000
cache size	: 3072 KB
physical id	: 0
siblings	: 4
core id		: 1
cpu cores	: 2
apicid		: 2
initial apicid	: 2
fpu		: yes
fpu_exception	: yes
cpuid level	: 13
wp		: yes
flags		: fpu vme de pse tsc msr pae mce cx8 apic sep mtrr pge mca cmov pat pse36 clflush dts acpi mmx fxsr sse sse2 ss ht tm pbe syscall nx rdtscp lm constant_tsc arch_perfmon pebs bts rep_good nopl xtopology nonstop_tsc aperfmperf eagerfpu pni pclmulqdq dtes64 monitor ds_cpl vmx smx est tm2 ssse3 cx16 xtpr pdcm pcid sse4_1 sse4_2 x2apic popcnt tsc_deadline_timer aes xsave avx lahf_lm ida arat epb xsaveopt pln pts dtherm tpr_shadow vnmi flexpriority ept vpid
bogomips	: 3392.46
clflush size	: 64
cache_alignment	: 64
address sizes	: 36 bits physical, 48 bits virtual
power management:

processor	: 2
vendor_id	: GenuineIntel
cpu family	: 6
model		: 42
model name	: Intel(R) Core(TM) i5-2557M CPU @ 1.70GHz
stepping	: 7
microcode	: 0x1a
cpu MHz		: 1701.000
cache size	: 3072 KB
physical id	: 0
siblings	: 4
core id		: 0
cpu cores	: 2
apicid		: 1
initial apicid	: 1
fpu		: yes
fpu_exception	: yes
cpuid level	: 13
wp		: yes
flags		: fpu vme de pse tsc msr pae mce cx8 apic sep mtrr pge mca cmov pat pse36 clflush dts acpi mmx fxsr sse sse2 ss ht tm pbe syscall nx rdtscp lm constant_tsc arch_perfmon pebs bts rep_good nopl xtopology nonstop_tsc aperfmperf eagerfpu pni pclmulqdq dtes64 monitor ds_cpl vmx smx est tm2 ssse3 cx16 xtpr pdcm pcid sse4_1 sse4_2 x2apic popcnt tsc_deadline_timer aes xsave avx lahf_lm ida arat epb xsaveopt pln pts dtherm tpr_shadow vnmi flexpriority ept vpid
bogomips	: 3392.46
clflush size	: 64
cache_alignment	: 64
address sizes	: 36 bits physical, 48 bits virtual
power management:

processor	: 3
vendor_id	: GenuineIntel
cpu family	: 6
model		: 42
model name	: Intel(R) Core(TM) i5-2557M CPU @ 1.70GHz
stepping	: 7
microcode	: 0x1a
cpu MHz		: 1701.000
cache size	: 3072 KB
physical id	: 0
siblings	: 4
core id		: 1
cpu cores	: 2
apicid		: 3
initial apicid	: 3
fpu		: yes
fpu_exception	: yes
cpuid level	: 13
wp		: yes
flags		: fpu vme de pse tsc msr pae mce cx8 apic sep mtrr pge mca cmov pat pse36 clflush dts acpi mmx fxsr sse sse2 ss ht tm pbe syscall nx rdtscp lm constant_tsc arch_perfmon pebs bts rep_good nopl xtopology nonstop_tsc aperfmperf eagerfpu pni pclmulqdq dtes64 monitor ds_cpl vmx smx est tm2 ssse3 cx16 xtpr pdcm pcid sse4_1 sse4_2 x2apic popcnt tsc_deadline_timer aes xsave avx lahf_lm ida arat epb xsaveopt pln pts dtherm tpr_shadow vnmi flexpriority ept vpid
bogomips	: 3392.46
clflush size	: 64
cache_alignment	: 64
address sizes	: 36 bits physical, 48 bits virtual
power management:



Memory: 4k page, physical 3946988k(88436k free), swap 0k(0k free)

vm_info: OpenJDK 64-Bit Server VM (24.95-b01) for linux-amd64 JRE (1.7.0_95-b00), built on Jan 21 2016 03:31:40 by "buildd" with gcc 4.8.4

time: Tue Apr 12 11:30:03 2016
elapsed time: 2 seconds

