#
# There is insufficient memory for the Java Runtime Environment to continue.
# Native memory allocation (malloc) failed to allocate 74448896 bytes for committing reserved memory.
# Possible reasons:
#   The system is out of physical RAM or swap space
#   In 32 bit mode, the process size limit was hit
# Possible solutions:
#   Reduce memory load on the system
#   Increase physical memory or swap space
#   Check if swap backing store is full
#   Use 64 bit Java on a 64 bit OS
#   Decrease Java heap size (-Xmx/-Xms)
#   Decrease number of Java threads
#   Decrease Java thread stack sizes (-Xss)
#   Set larger code cache with -XX:ReservedCodeCacheSize=
# This output file may be truncated or incomplete.
#
#  Out of Memory Error (os_linux.cpp:2827), pid=5251, tid=140506054838016
#
# JRE version: OpenJDK Runtime Environment (7.0_95) (build 1.7.0_95-b00)
# Java VM: OpenJDK 64-Bit Server VM (24.95-b01 mixed mode linux-amd64 compressed oops)
# Derivative: IcedTea 2.6.4
# Distribution: Ubuntu 14.04.3 LTS, package 7u95-2.6.4-0ubuntu0.14.04.1
# Failed to write core dump. Core dumps have been disabled. To enable core dumping, try "ulimit -c unlimited" before starting Java again
#

---------------  T H R E A D  ---------------

Current thread (0x00007fca30076000):  VMThread [stack: 0x00007fca1d6cc000,0x00007fca1d7cd000] [id=5279]

Stack: [0x00007fca1d6cc000,0x00007fca1d7cd000],  sp=0x00007fca1d7cb490,  free space=1021k
Native frames: (J=compiled Java code, j=interpreted, Vv=VM code, C=native code)
V  [libjvm.so+0x9550e5]
V  [libjvm.so+0x4902b4]
V  [libjvm.so+0x7cf7bb]
V  [libjvm.so+0x7ca28f]
V  [libjvm.so+0x83e56b]
V  [libjvm.so+0x83f3e0]
V  [libjvm.so+0x83facb]
V  [libjvm.so+0x83b4d8]
V  [libjvm.so+0x83bd48]
V  [libjvm.so+0x7f1fd3]
V  [libjvm.so+0x956ae4]
V  [libjvm.so+0x95abe7]
V  [libjvm.so+0x9596a8]
V  [libjvm.so+0x959b09]
V  [libjvm.so+0x959f52]
V  [libjvm.so+0x7cc682]

VM_Operation (0x00007fc9facf9060): ParallelGCFailedAllocation, mode: safepoint, requested by thread 0x00007fca300fa800


---------------  P R O C E S S  ---------------

Java Threads: ( => current thread )
  0x00007fca300fd800 JavaThread "pool-1-thread-4" [_thread_blocked, id=5330, stack(0x00007fc9fa9f8000,0x00007fc9faaf9000)]
  0x00007fca300fc000 JavaThread "pool-1-thread-3" [_thread_blocked, id=5329, stack(0x00007fc9faaf9000,0x00007fc9fabfa000)]
  0x00007fca300fa800 JavaThread "pool-1-thread-2" [_thread_blocked, id=5328, stack(0x00007fc9fabfa000,0x00007fc9facfb000)]
  0x00007fca30192000 JavaThread "pool-2-thread-1" [_thread_blocked, id=5327, stack(0x00007fc9facfb000,0x00007fc9fadfc000)]
  0x00007fca30191000 JavaThread "pool-1-thread-1" [_thread_blocked, id=5326, stack(0x00007fc9fadfc000,0x00007fc9faefd000)]
  0x00007fca300af800 JavaThread "Service Thread" daemon [_thread_blocked, id=5302, stack(0x00007fca1c874000,0x00007fca1c975000)]
  0x00007fca300ad800 JavaThread "C2 CompilerThread1" daemon [_thread_in_native, id=5301, stack(0x00007fca1c975000,0x00007fca1ca76000)]
  0x00007fca300aa800 JavaThread "C2 CompilerThread0" daemon [_thread_blocked, id=5296, stack(0x00007fca1ca76000,0x00007fca1cb77000)]
  0x00007fca300a8800 JavaThread "Signal Dispatcher" daemon [_thread_blocked, id=5292, stack(0x00007fca1cb77000,0x00007fca1cc78000)]
  0x00007fca3007c000 JavaThread "Finalizer" daemon [_thread_blocked, id=5283, stack(0x00007fca1d4ca000,0x00007fca1d5cb000)]
  0x00007fca3007a000 JavaThread "Reference Handler" daemon [_thread_blocked, id=5282, stack(0x00007fca1d5cb000,0x00007fca1d6cc000)]
  0x00007fca3000a800 JavaThread "main" [_thread_blocked, id=5260, stack(0x00007fca37edf000,0x00007fca37fe0000)]

Other Threads:
=>0x00007fca30076000 VMThread [stack: 0x00007fca1d6cc000,0x00007fca1d7cd000] [id=5279]
  0x00007fca300ba800 WatcherThread [stack: 0x00007fca1c773000,0x00007fca1c874000] [id=5304]

VM state:at safepoint (normal execution)

VM Mutex/Monitor currently owned by a thread:  ([mutex/lock_event])
[0x00007fca30006990] Threads_lock - owner thread: 0x00007fca30076000
[0x00007fca30006e90] Heap_lock - owner thread: 0x00007fca300fa800

Heap
 PSYoungGen      total 73216K, used 10730K [0x00000000eaa80000, 0x00000000efd80000, 0x0000000100000000)
  eden space 62464K, 0% used [0x00000000eaa80000,0x00000000eaa80000,0x00000000ee780000)
  from space 10752K, 99% used [0x00000000ee780000,0x00000000ef1faa60,0x00000000ef200000)
  to   space 9728K, 0% used [0x00000000ef200000,0x00000000ef200000,0x00000000efb80000)
 ParOldGen       total 40960K, used 20081K [0x00000000c0000000, 0x00000000c2800000, 0x00000000eaa80000)
  object space 40960K, 49% used [0x00000000c0000000,0x00000000c139c4a8,0x00000000c2800000)
 PSPermGen       total 21504K, used 6277K [0x00000000b5a00000, 0x00000000b6f00000, 0x00000000c0000000)
  object space 21504K, 29% used [0x00000000b5a00000,0x00000000b6021598,0x00000000b6f00000)

Card table byte_map: [0x00007fca348c2000,0x00007fca34b16000] byte_map_base: 0x00007fca34315000

Polling page: 0x00007fca38000000

Code Cache  [0x00007fca2d000000, 0x00007fca2d270000, 0x00007fca30000000)
 total_blobs=541 nmethods=310 adapters=184 free_code_cache=47802Kb largest_free_block=48918656

Compilation events (10 events):
Event: 22,239 Thread 0x00007fca300aa800 nmethod 313 0x00007fca2d14eed0 code [0x00007fca2d14f1c0, 0x00007fca2d1504a0]
Event: 22,239 Thread 0x00007fca300aa800  314             com.android.dx.ssa.SsaMethod::getUseListForRegister (18 bytes)
Event: 22,253 Thread 0x00007fca300aa800 nmethod 314 0x00007fca2d137710 code [0x00007fca2d137860, 0x00007fca2d137928]
Event: 22,253 Thread 0x00007fca300aa800  315             com.android.dx.cf.code.Ropper::addExceptionSetupBlocks (203 bytes)
Event: 22,390 Thread 0x00007fca300aa800 nmethod 315 0x00007fca2d152ad0 code [0x00007fca2d152d60, 0x00007fca2d1537b0]
Event: 22,390 Thread 0x00007fca300aa800  316             com.android.dx.ssa.SsaConverter::edgeSplitSuccessors (98 bytes)
Event: 23,052 Thread 0x00007fca300aa800 nmethod 316 0x00007fca2d154810 code [0x00007fca2d154ba0, 0x00007fca2d1569a0]
Event: 23,052 Thread 0x00007fca300aa800  317             java.util.HashMap::createEntry (39 bytes)
Event: 23,054 Thread 0x00007fca300aa800 nmethod 317 0x00007fca2d139050 code [0x00007fca2d1391a0, 0x00007fca2d139358]
Event: 23,055 Thread 0x00007fca300aa800  318             java.util.HashMap::addEntry (69 bytes)

GC Heap History (10 events):
Event: 11,208 GC heap after
Heap after GC invocations=2 (full 0):
 PSYoungGen      total 18432K, used 2554K [0x00000000eaa80000, 0x00000000ece80000, 0x0000000100000000)
  eden space 15872K, 0% used [0x00000000eaa80000,0x00000000eaa80000,0x00000000eba00000)
  from space 2560K, 99% used [0x00000000ecc00000,0x00000000ece7e908,0x00000000ece80000)
  to   space 2560K, 0% used [0x00000000eba00000,0x00000000eba00000,0x00000000ebc80000)
 ParOldGen       total 40960K, used 1817K [0x00000000c0000000, 0x00000000c2800000, 0x00000000eaa80000)
  object space 40960K, 4% used [0x00000000c0000000,0x00000000c01c66b0,0x00000000c2800000)
 PSPermGen       total 21504K, used 5969K [0x00000000b5a00000, 0x00000000b6f00000, 0x00000000c0000000)
  object space 21504K, 27% used [0x00000000b5a00000,0x00000000b5fd4648,0x00000000b6f00000)
}
Event: 12,448 GC heap before
{Heap before GC invocations=3 (full 0):
 PSYoungGen      total 18432K, used 18426K [0x00000000eaa80000, 0x00000000ece80000, 0x0000000100000000)
  eden space 15872K, 100% used [0x00000000eaa80000,0x00000000eba00000,0x00000000eba00000)
  from space 2560K, 99% used [0x00000000ecc00000,0x00000000ece7e908,0x00000000ece80000)
  to   space 2560K, 0% used [0x00000000eba00000,0x00000000eba00000,0x00000000ebc80000)
 ParOldGen       total 40960K, used 1817K [0x00000000c0000000, 0x00000000c2800000, 0x00000000eaa80000)
  object space 40960K, 4% used [0x00000000c0000000,0x00000000c01c66b0,0x00000000c2800000)
 PSPermGen       total 21504K, used 6121K [0x00000000b5a00000, 0x00000000b6f00000, 0x00000000c0000000)
  object space 21504K, 28% used [0x00000000b5a00000,0x00000000b5ffa5d0,0x00000000b6f00000)
Event: 12,489 GC heap after
Heap after GC invocations=3 (full 0):
 PSYoungGen      total 18432K, used 2541K [0x00000000eaa80000, 0x00000000ece80000, 0x0000000100000000)
  eden space 15872K, 0% used [0x00000000eaa80000,0x00000000eaa80000,0x00000000eba00000)
  from space 2560K, 99% used [0x00000000eba00000,0x00000000ebc7b478,0x00000000ebc80000)
  to   space 2560K, 0% used [0x00000000ecc00000,0x00000000ecc00000,0x00000000ece80000)
 ParOldGen       total 40960K, used 4925K [0x00000000c0000000, 0x00000000c2800000, 0x00000000eaa80000)
  object space 40960K, 12% used [0x00000000c0000000,0x00000000c04cf7d0,0x00000000c2800000)
 PSPermGen       total 21504K, used 6121K [0x00000000b5a00000, 0x00000000b6f00000, 0x00000000c0000000)
  object space 21504K, 28% used [0x00000000b5a00000,0x00000000b5ffa5d0,0x00000000b6f00000)
}
Event: 14,442 GC heap before
{Heap before GC invocations=4 (full 0):
 PSYoungGen      total 18432K, used 18413K [0x00000000eaa80000, 0x00000000ece80000, 0x0000000100000000)
  eden space 15872K, 100% used [0x00000000eaa80000,0x00000000eba00000,0x00000000eba00000)
  from space 2560K, 99% used [0x00000000eba00000,0x00000000ebc7b478,0x00000000ebc80000)
  to   space 2560K, 0% used [0x00000000ecc00000,0x00000000ecc00000,0x00000000ece80000)
 ParOldGen       total 40960K, used 4925K [0x00000000c0000000, 0x00000000c2800000, 0x00000000eaa80000)
  object space 40960K, 12% used [0x00000000c0000000,0x00000000c04cf7d0,0x00000000c2800000)
 PSPermGen       total 21504K, used 6158K [0x00000000b5a00000, 0x00000000b6f00000, 0x00000000c0000000)
  object space 21504K, 28% used [0x00000000b5a00000,0x00000000b6003848,0x00000000b6f00000)
Event: 14,478 GC heap after
Heap after GC invocations=4 (full 0):
 PSYoungGen      total 34304K, used 2541K [0x00000000eaa80000, 0x00000000ece80000, 0x0000000100000000)
  eden space 31744K, 0% used [0x00000000eaa80000,0x00000000eaa80000,0x00000000ec980000)
  from space 2560K, 99% used [0x00000000ecc00000,0x00000000ece7b498,0x00000000ece80000)
  to   space 2560K, 0% used [0x00000000ec980000,0x00000000ec980000,0x00000000ecc00000)
 ParOldGen       total 40960K, used 7274K [0x00000000c0000000, 0x00000000c2800000, 0x00000000eaa80000)
  object space 40960K, 17% used [0x00000000c0000000,0x00000000c071a928,0x00000000c2800000)
 PSPermGen       total 21504K, used 6158K [0x00000000b5a00000, 0x00000000b6f00000, 0x00000000c0000000)
  object space 21504K, 28% used [0x00000000b5a00000,0x00000000b6003848,0x00000000b6f00000)
}
Event: 17,874 GC heap before
{Heap before GC invocations=5 (full 0):
 PSYoungGen      total 34304K, used 34285K [0x00000000eaa80000, 0x00000000ece80000, 0x0000000100000000)
  eden space 31744K, 100% used [0x00000000eaa80000,0x00000000ec980000,0x00000000ec980000)
  from space 2560K, 99% used [0x00000000ecc00000,0x00000000ece7b498,0x00000000ece80000)
  to   space 2560K, 0% used [0x00000000ec980000,0x00000000ec980000,0x00000000ecc00000)
 ParOldGen       total 40960K, used 7274K [0x00000000c0000000, 0x00000000c2800000, 0x00000000eaa80000)
  object space 40960K, 17% used [0x00000000c0000000,0x00000000c071a928,0x00000000c2800000)
 PSPermGen       total 21504K, used 6202K [0x00000000b5a00000, 0x00000000b6f00000, 0x00000000c0000000)
  object space 21504K, 28% used [0x00000000b5a00000,0x00000000b600ead0,0x00000000b6f00000)
Event: 18,248 GC heap after
Heap after GC invocations=5 (full 0):
 PSYoungGen      total 34304K, used 2541K [0x00000000eaa80000, 0x00000000efb80000, 0x0000000100000000)
  eden space 31744K, 0% used [0x00000000eaa80000,0x00000000eaa80000,0x00000000ec980000)
  from space 2560K, 99% used [0x00000000ec980000,0x00000000ecbfb478,0x00000000ecc00000)
  to   space 9728K, 0% used [0x00000000ef200000,0x00000000ef200000,0x00000000efb80000)
 ParOldGen       total 40960K, used 13007K [0x00000000c0000000, 0x00000000c2800000, 0x00000000eaa80000)
  object space 40960K, 31% used [0x00000000c0000000,0x00000000c0cb3d78,0x00000000c2800000)
 PSPermGen       total 21504K, used 6202K [0x00000000b5a00000, 0x00000000b6f00000, 0x00000000c0000000)
  object space 21504K, 28% used [0x00000000b5a00000,0x00000000b600ead0,0x00000000b6f00000)
}
Event: 19,952 GC heap before
{Heap before GC invocations=6 (full 0):
 PSYoungGen      total 34304K, used 34285K [0x00000000eaa80000, 0x00000000efb80000, 0x0000000100000000)
  eden space 31744K, 100% used [0x00000000eaa80000,0x00000000ec980000,0x00000000ec980000)
  from space 2560K, 99% used [0x00000000ec980000,0x00000000ecbfb478,0x00000000ecc00000)
  to   space 9728K, 0% used [0x00000000ef200000,0x00000000ef200000,0x00000000efb80000)
 ParOldGen       total 40960K, used 13007K [0x00000000c0000000, 0x00000000c2800000, 0x00000000eaa80000)
  object space 40960K, 31% used [0x00000000c0000000,0x00000000c0cb3d78,0x00000000c2800000)
 PSPermGen       total 21504K, used 6220K [0x00000000b5a00000, 0x00000000b6f00000, 0x00000000c0000000)
  object space 21504K, 28% used [0x00000000b5a00000,0x00000000b6013398,0x00000000b6f00000)
Event: 19,982 GC heap after
Heap after GC invocations=6 (full 0):
 PSYoungGen      total 72192K, used 7645K [0x00000000eaa80000, 0x00000000efd80000, 0x0000000100000000)
  eden space 62464K, 0% used [0x00000000eaa80000,0x00000000eaa80000,0x00000000ee780000)
  from space 9728K, 78% used [0x00000000ef200000,0x00000000ef977498,0x00000000efb80000)
  to   space 10752K, 0% used [0x00000000ee780000,0x00000000ee780000,0x00000000ef200000)
 ParOldGen       total 40960K, used 13007K [0x00000000c0000000, 0x00000000c2800000, 0x00000000eaa80000)
  object space 40960K, 31% used [0x00000000c0000000,0x00000000c0cb3d78,0x00000000c2800000)
 PSPermGen       total 21504K, used 6220K [0x00000000b5a00000, 0x00000000b6f00000, 0x00000000c0000000)
  object space 21504K, 28% used [0x00000000b5a00000,0x00000000b6013398,0x00000000b6f00000)
}
Event: 23,315 GC heap before
{Heap before GC invocations=7 (full 0):
 PSYoungGen      total 72192K, used 70109K [0x00000000eaa80000, 0x00000000efd80000, 0x0000000100000000)
  eden space 62464K, 100% used [0x00000000eaa80000,0x00000000ee780000,0x00000000ee780000)
  from space 9728K, 78% used [0x00000000ef200000,0x00000000ef977498,0x00000000efb80000)
  to   space 10752K, 0% used [0x00000000ee780000,0x00000000ee780000,0x00000000ef200000)
 ParOldGen       total 40960K, used 13007K [0x00000000c0000000, 0x00000000c2800000, 0x00000000eaa80000)
  object space 40960K, 31% used [0x00000000c0000000,0x00000000c0cb3d78,0x00000000c2800000)
 PSPermGen       total 21504K, used 6277K [0x00000000b5a00000, 0x00000000b6f00000, 0x00000000c0000000)
  object space 21504K, 29% used [0x00000000b5a00000,0x00000000b6021598,0x00000000b6f00000)

Deoptimization events (10 events):
Event: 15,280 Thread 0x00007fca30191000 Uncommon trap: reason=unstable_if action=reinterpret pc=0x00007fca2d08f1c4 method=com.android.dx.rop.code.RegisterSpec.equals(ILcom/android/dx/rop/type/TypeBearer;Lcom/android/dx/rop/code/LocalItem;)Z @ 42
Event: 15,846 Thread 0x00007fca300fa800 Uncommon trap: reason=null_check action=make_not_entrant pc=0x00007fca2d0d38b4 method=com.android.dx.ssa.SsaRenamer.getLocalForNewReg(I)Lcom/android/dx/rop/code/LocalItem; @ 19
Event: 16,018 Thread 0x00007fca30191000 Uncommon trap: reason=bimorphic action=maybe_recompile pc=0x00007fca2d0b4528 method=java.util.HashMap.put(Ljava/lang/Object;Ljava/lang/Object;)Ljava/lang/Object; @ 83
Event: 16,029 Thread 0x00007fca30191000 Uncommon trap: reason=bimorphic action=maybe_recompile pc=0x00007fca2d0b4528 method=java.util.HashMap.put(Ljava/lang/Object;Ljava/lang/Object;)Ljava/lang/Object; @ 83
Event: 16,030 Thread 0x00007fca30191000 Uncommon trap: reason=bimorphic action=maybe_recompile pc=0x00007fca2d0b4528 method=java.util.HashMap.put(Ljava/lang/Object;Ljava/lang/Object;)Ljava/lang/Object; @ 83
Event: 20,247 Thread 0x00007fca3000a800 Uncommon trap: reason=null_check action=make_not_entrant pc=0x00007fca2d12e548 method=com.android.dx.cf.code.Ropper$CatchInfo.getSetup(Lcom/android/dx/rop/type/Type;)Lcom/android/dx/cf/code/Ropper$ExceptionHandlerSetup; @ 10
Event: 21,162 Thread 0x00007fca300fd800 Uncommon trap: reason=bimorphic action=maybe_recompile pc=0x00007fca2d0b4528 method=java.util.HashMap.put(Ljava/lang/Object;Ljava/lang/Object;)Ljava/lang/Object; @ 83
Event: 21,877 Thread 0x00007fca3000a800 Uncommon trap: reason=unloaded action=reinterpret pc=0x00007fca2d0d9810 method=com.android.dx.cf.cst.ConstantPoolParser.parse0(ILjava/util/BitSet;)Lcom/android/dx/rop/cst/Constant; @ 220
Event: 22,071 Thread 0x00007fca300fd800 Uncommon trap: reason=unstable_if action=reinterpret pc=0x00007fca2d14b1ac method=com.android.dx.ssa.SCCP.simulateStmt(Lcom/android/dx/ssa/SsaInsn;)V @ 53
Event: 22,167 Thread 0x00007fca300fd800 Uncommon trap: reason=unstable_if action=reinterpret pc=0x00007fca2d0f1834 method=com.android.dx.ssa.SCCP.simulateBranch(Lcom/android/dx/ssa/SsaInsn;)V @ 548

Internal exceptions (10 events):
Event: 10,662 Thread 0x00007fca3000a800 Threw 0x00000000eb436b00 at /build/openjdk-7-2FOwCu/openjdk-7-7u95-2.6.4/build/openjdk/hotspot/src/share/vm/prims/jvm.cpp:1322
Event: 10,666 Thread 0x00007fca3000a800 Threw 0x00000000eb4395d8 at /build/openjdk-7-2FOwCu/openjdk-7-7u95-2.6.4/build/openjdk/hotspot/src/share/vm/prims/jvm.cpp:1322
Event: 10,881 Thread 0x00007fca3000a800 Threw 0x00000000eb6cb3f8 at /build/openjdk-7-2FOwCu/openjdk-7-7u95-2.6.4/build/openjdk/hotspot/src/share/vm/prims/jvm.cpp:1322
Event: 11,552 Thread 0x00007fca300fd800 Threw 0x00000000eae24250 at /build/openjdk-7-2FOwCu/openjdk-7-7u95-2.6.4/build/openjdk/hotspot/src/share/vm/prims/jvm.cpp:1322
Event: 14,373 Thread 0x00007fca3000a800 Implicit null exception at 0x00007fca2d0bcc97 to 0x00007fca2d0bd37d
Event: 14,543 Thread 0x00007fca3000a800 Threw 0x00000000eaa92b40 at /build/openjdk-7-2FOwCu/openjdk-7-7u95-2.6.4/build/openjdk/hotspot/src/share/vm/prims/jvm.cpp:1322
Event: 14,686 Thread 0x00007fca3000a800 Threw 0x00000000eac5dff0 at /build/openjdk-7-2FOwCu/openjdk-7-7u95-2.6.4/build/openjdk/hotspot/src/share/vm/prims/jvm.cpp:1322
Event: 15,846 Thread 0x00007fca300fa800 Implicit null exception at 0x00007fca2d0d2178 to 0x00007fca2d0d3891
Event: 17,294 Thread 0x00007fca300fc000 Threw 0x00000000ec8efad8 at /build/openjdk-7-2FOwCu/openjdk-7-7u95-2.6.4/build/openjdk/hotspot/src/share/vm/prims/jvm.cpp:1322
Event: 20,247 Thread 0x00007fca3000a800 Implicit null exception at 0x00007fca2d12a83d to 0x00007fca2d12e51d

Events (10 events):
Event: 21,877 Thread 0x00007fca3000a800 Uncommon trap: trap_request=0x000000d2 fr.pc=0x00007fca2d0d9810
Event: 21,877 Thread 0x00007fca3000a800 DEOPT PACKING pc=0x00007fca2d0d9810 sp=0x00007fca37fddf20
Event: 21,877 Thread 0x00007fca3000a800 DEOPT UNPACKING pc=0x00007fca2d039445 sp=0x00007fca37fddee8 mode 2
Event: 22,071 Thread 0x00007fca300fd800 Uncommon trap: trap_request=0xffffff75 fr.pc=0x00007fca2d14b1ac
Event: 22,071 Thread 0x00007fca300fd800 DEOPT PACKING pc=0x00007fca2d14b1ac sp=0x00007fc9faaf7150
Event: 22,071 Thread 0x00007fca300fd800 DEOPT UNPACKING pc=0x00007fca2d039445 sp=0x00007fc9faaf70e8 mode 2
Event: 22,167 Thread 0x00007fca300fd800 Uncommon trap: trap_request=0xffffff75 fr.pc=0x00007fca2d0f1834
Event: 22,167 Thread 0x00007fca300fd800 DEOPT PACKING pc=0x00007fca2d0f1834 sp=0x00007fc9faaf7050
Event: 22,167 Thread 0x00007fca300fd800 DEOPT UNPACKING pc=0x00007fca2d039445 sp=0x00007fc9faaf7028 mode 2
Event: 23,309 Executing VM operation: ParallelGCFailedAllocation


Dynamic libraries:
00400000-00401000 r-xp 00000000 08:06 1454669                            /usr/lib/jvm/java-7-openjdk-amd64/jre/bin/java
00600000-00601000 r--p 00000000 08:06 1454669                            /usr/lib/jvm/java-7-openjdk-amd64/jre/bin/java
00601000-00602000 rw-p 00001000 08:06 1454669                            /usr/lib/jvm/java-7-openjdk-amd64/jre/bin/java
021e7000-02208000 rw-p 00000000 00:00 0                                  [heap]
b5a00000-b6f00000 rw-p 00000000 00:00 0 
b6f00000-c0000000 rw-p 00000000 00:00 0 
c0000000-c2800000 rw-p 00000000 00:00 0 
c2800000-eaa80000 rw-p 00000000 00:00 0 
eaa80000-efd80000 rw-p 00000000 00:00 0 
f4480000-100000000 rw-p 00000000 00:00 0 
7fc9e0000000-7fc9e0021000 rw-p 00000000 00:00 0 
7fc9e0021000-7fc9e4000000 ---p 00000000 00:00 0 
7fc9e4000000-7fc9e4021000 rw-p 00000000 00:00 0 
7fc9e4021000-7fc9e8000000 ---p 00000000 00:00 0 
7fc9e8000000-7fc9e8021000 rw-p 00000000 00:00 0 
7fc9e8021000-7fc9ec000000 ---p 00000000 00:00 0 
7fc9ec000000-7fc9ec021000 rw-p 00000000 00:00 0 
7fc9ec021000-7fc9f0000000 ---p 00000000 00:00 0 
7fc9f0000000-7fc9f0069000 rw-p 00000000 00:00 0 
7fc9f0069000-7fc9f4000000 ---p 00000000 00:00 0 
7fc9f4000000-7fc9f4021000 rw-p 00000000 00:00 0 
7fc9f4021000-7fc9f8000000 ---p 00000000 00:00 0 
7fc9fa9f8000-7fc9fa9fb000 ---p 00000000 00:00 0 
7fc9fa9fb000-7fc9faaf9000 rw-p 00000000 00:00 0                          [stack:5330]
7fc9faaf9000-7fc9faafc000 ---p 00000000 00:00 0 
7fc9faafc000-7fc9fabfa000 rw-p 00000000 00:00 0                          [stack:5329]
7fc9fabfa000-7fc9fabfd000 ---p 00000000 00:00 0 
7fc9fabfd000-7fc9facfb000 rw-p 00000000 00:00 0                          [stack:5328]
7fc9facfb000-7fc9facfe000 ---p 00000000 00:00 0 
7fc9facfe000-7fc9fadfc000 rw-p 00000000 00:00 0                          [stack:5327]
7fc9fadfc000-7fc9fadff000 ---p 00000000 00:00 0 
7fc9fadff000-7fc9faefd000 rw-p 00000000 00:00 0                          [stack:5326]
7fc9faefd000-7fc9faf3a000 r-xp 00000000 08:06 130821                     /lib/x86_64-linux-gnu/libpcre.so.3.13.1
7fc9faf3a000-7fc9fb139000 ---p 0003d000 08:06 130821                     /lib/x86_64-linux-gnu/libpcre.so.3.13.1
7fc9fb139000-7fc9fb13a000 r--p 0003c000 08:06 130821                     /lib/x86_64-linux-gnu/libpcre.so.3.13.1
7fc9fb13a000-7fc9fb13b000 rw-p 0003d000 08:06 130821                     /lib/x86_64-linux-gnu/libpcre.so.3.13.1
7fc9fb13b000-7fc9fb142000 r-xp 00000000 08:06 1447540                    /usr/lib/x86_64-linux-gnu/libffi.so.6.0.1
7fc9fb142000-7fc9fb341000 ---p 00007000 08:06 1447540                    /usr/lib/x86_64-linux-gnu/libffi.so.6.0.1
7fc9fb341000-7fc9fb342000 r--p 00006000 08:06 1447540                    /usr/lib/x86_64-linux-gnu/libffi.so.6.0.1
7fc9fb342000-7fc9fb343000 rw-p 00007000 08:06 1447540                    /usr/lib/x86_64-linux-gnu/libffi.so.6.0.1
7fc9fb343000-7fc9fb35a000 r-xp 00000000 08:06 134868                     /lib/x86_64-linux-gnu/libresolv-2.19.so
7fc9fb35a000-7fc9fb55a000 ---p 00017000 08:06 134868                     /lib/x86_64-linux-gnu/libresolv-2.19.so
7fc9fb55a000-7fc9fb55b000 r--p 00017000 08:06 134868                     /lib/x86_64-linux-gnu/libresolv-2.19.so
7fc9fb55b000-7fc9fb55c000 rw-p 00018000 08:06 134868                     /lib/x86_64-linux-gnu/libresolv-2.19.so
7fc9fb55c000-7fc9fb55e000 rw-p 00000000 00:00 0 
7fc9fb55e000-7fc9fb57e000 r-xp 00000000 08:06 135079                     /lib/x86_64-linux-gnu/libselinux.so.1
7fc9fb57e000-7fc9fb77d000 ---p 00020000 08:06 135079                     /lib/x86_64-linux-gnu/libselinux.so.1
7fc9fb77d000-7fc9fb77e000 r--p 0001f000 08:06 135079                     /lib/x86_64-linux-gnu/libselinux.so.1
7fc9fb77e000-7fc9fb77f000 rw-p 00020000 08:06 135079                     /lib/x86_64-linux-gnu/libselinux.so.1
7fc9fb77f000-7fc9fb781000 rw-p 00000000 00:00 0 
7fc9fb781000-7fc9fb784000 r-xp 00000000 08:06 1439340                    /usr/lib/x86_64-linux-gnu/libgmodule-2.0.so.0.4002.0
7fc9fb784000-7fc9fb983000 ---p 00003000 08:06 1439340                    /usr/lib/x86_64-linux-gnu/libgmodule-2.0.so.0.4002.0
7fc9fb983000-7fc9fb984000 r--p 00002000 08:06 1439340                    /usr/lib/x86_64-linux-gnu/libgmodule-2.0.so.0.4002.0
7fc9fb984000-7fc9fb985000 rw-p 00003000 08:06 1439340                    /usr/lib/x86_64-linux-gnu/libgmodule-2.0.so.0.4002.0
7fc9fb985000-7fc9fba8b000 r-xp 00000000 08:06 134871                     /lib/x86_64-linux-gnu/libglib-2.0.so.0.4002.0
7fc9fba8b000-7fc9fbc8a000 ---p 00106000 08:06 134871                     /lib/x86_64-linux-gnu/libglib-2.0.so.0.4002.0
7fc9fbc8a000-7fc9fbc8b000 r--p 00105000 08:06 134871                     /lib/x86_64-linux-gnu/libglib-2.0.so.0.4002.0
7fc9fbc8b000-7fc9fbc8c000 rw-p 00106000 08:06 134871                     /lib/x86_64-linux-gnu/libglib-2.0.so.0.4002.0
7fc9fbc8c000-7fc9fbc8d000 rw-p 00000000 00:00 0 
7fc9fbc8d000-7fc9fbdf9000 r-xp 00000000 08:06 1439362                    /usr/lib/x86_64-linux-gnu/libgio-2.0.so.0.4002.0
7fc9fbdf9000-7fc9fbff8000 ---p 0016c000 08:06 1439362                    /usr/lib/x86_64-linux-gnu/libgio-2.0.so.0.4002.0
7fc9fbff8000-7fc9fbffc000 r--p 0016b000 08:06 1439362                    /usr/lib/x86_64-linux-gnu/libgio-2.0.so.0.4002.0
7fc9fbffc000-7fc9fbffe000 rw-p 0016f000 08:06 1439362                    /usr/lib/x86_64-linux-gnu/libgio-2.0.so.0.4002.0
7fc9fbffe000-7fc9fc000000 rw-p 00000000 00:00 0 
7fc9fc000000-7fc9fd6e7000 rw-p 00000000 00:00 0 
7fc9fd6e7000-7fca00000000 ---p 00000000 00:00 0 
7fca00000000-7fca00021000 rw-p 00000000 00:00 0 
7fca00021000-7fca04000000 ---p 00000000 00:00 0 
7fca04000000-7fca04021000 rw-p 00000000 00:00 0 
7fca04021000-7fca08000000 ---p 00000000 00:00 0 
7fca08000000-7fca09659000 rw-p 00000000 00:00 0 
7fca09659000-7fca0c000000 ---p 00000000 00:00 0 
7fca0c000000-7fca0c021000 rw-p 00000000 00:00 0 
7fca0c021000-7fca10000000 ---p 00000000 00:00 0 
7fca10000000-7fca10021000 rw-p 00000000 00:00 0 
7fca10021000-7fca14000000 ---p 00000000 00:00 0 
7fca14000000-7fca14029000 rw-p 00000000 00:00 0 
7fca14029000-7fca18000000 ---p 00000000 00:00 0 
7fca18000000-7fca18021000 rw-p 00000000 00:00 0 
7fca18021000-7fca1c000000 ---p 00000000 00:00 0 
7fca1c0f8000-7fca1c147000 r-xp 00000000 08:06 1439358                    /usr/lib/x86_64-linux-gnu/libgobject-2.0.so.0.4002.0
7fca1c147000-7fca1c347000 ---p 0004f000 08:06 1439358                    /usr/lib/x86_64-linux-gnu/libgobject-2.0.so.0.4002.0
7fca1c347000-7fca1c348000 r--p 0004f000 08:06 1439358                    /usr/lib/x86_64-linux-gnu/libgobject-2.0.so.0.4002.0
7fca1c348000-7fca1c349000 rw-p 00050000 08:06 1439358                    /usr/lib/x86_64-linux-gnu/libgobject-2.0.so.0.4002.0
7fca1c349000-7fca1c360000 r-xp 00000000 08:06 1489830                    /usr/lib/jvm/java-7-openjdk-amd64/jre/lib/amd64/libnet.so
7fca1c360000-7fca1c55f000 ---p 00017000 08:06 1489830                    /usr/lib/jvm/java-7-openjdk-amd64/jre/lib/amd64/libnet.so
7fca1c55f000-7fca1c560000 r--p 00016000 08:06 1489830                    /usr/lib/jvm/java-7-openjdk-amd64/jre/lib/amd64/libnet.so
7fca1c560000-7fca1c561000 rw-p 00017000 08:06 1489830                    /usr/lib/jvm/java-7-openjdk-amd64/jre/lib/amd64/libnet.so
7fca1c561000-7fca1c571000 r-xp 00000000 08:06 1489812                    /usr/lib/jvm/java-7-openjdk-amd64/jre/lib/amd64/libnio.so
7fca1c571000-7fca1c771000 ---p 00010000 08:06 1489812                    /usr/lib/jvm/java-7-openjdk-amd64/jre/lib/amd64/libnio.so
7fca1c771000-7fca1c772000 r--p 00010000 08:06 1489812                    /usr/lib/jvm/java-7-openjdk-amd64/jre/lib/amd64/libnio.so
7fca1c772000-7fca1c773000 rw-p 00011000 08:06 1489812                    /usr/lib/jvm/java-7-openjdk-amd64/jre/lib/amd64/libnio.so
7fca1c773000-7fca1c774000 ---p 00000000 00:00 0 
7fca1c774000-7fca1c874000 rw-p 00000000 00:00 0                          [stack:5304]
7fca1c874000-7fca1c877000 ---p 00000000 00:00 0 
7fca1c877000-7fca1c975000 rw-p 00000000 00:00 0                          [stack:5302]
7fca1c975000-7fca1c978000 ---p 00000000 00:00 0 
7fca1c978000-7fca1ca76000 rw-p 00000000 00:00 0                          [stack:5301]
7fca1ca76000-7fca1ca79000 ---p 00000000 00:00 0 
7fca1ca79000-7fca1cb77000 rw-p 00000000 00:00 0                          [stack:5296]
7fca1cb77000-7fca1cb7a000 ---p 00000000 00:00 0 
7fca1cb7a000-7fca1cc78000 rw-p 00000000 00:00 0                          [stack:5292]
7fca1cc78000-7fca1d4ca000 r--p 00000000 08:06 1447082                    /usr/lib/locale/locale-archive
7fca1d4ca000-7fca1d4cd000 ---p 00000000 00:00 0 
7fca1d4cd000-7fca1d5cb000 rw-p 00000000 00:00 0                          [stack:5283]
7fca1d5cb000-7fca1d5ce000 ---p 00000000 00:00 0 
7fca1d5ce000-7fca1d6cc000 rw-p 00000000 00:00 0                          [stack:5282]
7fca1d6cc000-7fca1d6cd000 ---p 00000000 00:00 0 
7fca1d6cd000-7fca20000000 rw-p 00000000 00:00 0                          [stack:5279]
7fca20000000-7fca20021000 rw-p 00000000 00:00 0 
7fca20021000-7fca24000000 ---p 00000000 00:00 0 
7fca24000000-7fca24021000 rw-p 00000000 00:00 0 
7fca24021000-7fca28000000 ---p 00000000 00:00 0 
7fca28000000-7fca28021000 rw-p 00000000 00:00 0 
7fca28021000-7fca2c000000 ---p 00000000 00:00 0 
7fca2c09c000-7fca2c0cd000 rw-p 00000000 00:00 0 
7fca2c0e9000-7fca2c0ff000 r--s 000f0000 08:06 3245245                    /home/tulin/AndroidStudioProjects/CamApp/app/build/intermediates/exploded-aar/com.android.support/support-v4/23.2.0/jars/classes.jar
7fca2c0ff000-7fca2cdd8000 rw-p 00000000 00:00 0 
7fca2cdd8000-7fca2cf8a000 r--s 01d2f000 08:06 1489796                    /usr/lib/jvm/java-7-openjdk-amd64/jre/lib/rt.jar
7fca2cf8a000-7fca2d000000 rw-p 00000000 00:00 0 
7fca2d000000-7fca2d270000 rwxp 00000000 00:00 0 
7fca2d270000-7fca301c1000 rw-p 00000000 00:00 0 
7fca301c1000-7fca34000000 ---p 00000000 00:00 0 
7fca3400f000-7fca3401e000 r--s 000df000 08:06 3216701                    /home/tulin/Android/Sdk/build-tools/23.0.2/lib/dx.jar
7fca3401e000-7fca34315000 rw-p 00000000 00:00 0 
7fca34315000-7fca34316000 ---p 00000000 00:00 0 
7fca34316000-7fca34416000 rw-p 00000000 00:00 0                          [stack:5266]
7fca34416000-7fca34417000 ---p 00000000 00:00 0 
7fca34417000-7fca34517000 rw-p 00000000 00:00 0                          [stack:5265]
7fca34517000-7fca34518000 ---p 00000000 00:00 0 
7fca34518000-7fca34618000 rw-p 00000000 00:00 0                          [stack:5264]
7fca34618000-7fca34619000 ---p 00000000 00:00 0 
7fca34619000-7fca34724000 rw-p 00000000 00:00 0                          [stack:5263]
7fca34724000-7fca3476c000 rw-p 00000000 00:00 0 
7fca3476c000-7fca34780000 rw-p 00000000 00:00 0 
7fca34780000-7fca348c2000 rw-p 00000000 00:00 0 
7fca348c2000-7fca348cd000 rw-p 00000000 00:00 0 
7fca348cd000-7fca34915000 rw-p 00000000 00:00 0 
7fca34915000-7fca34929000 rw-p 00000000 00:00 0 
7fca34929000-7fca34a6a000 rw-p 00000000 00:00 0 
7fca34a6a000-7fca34a94000 rw-p 00000000 00:00 0 
7fca34a94000-7fca34b15000 rw-p 00000000 00:00 0 
7fca34b15000-7fca34b16000 rw-p 00000000 00:00 0 
7fca34b16000-7fca34b1e000 r-xp 00000000 08:06 1489805                    /usr/lib/jvm/java-7-openjdk-amd64/jre/lib/amd64/libzip.so
7fca34b1e000-7fca34d1d000 ---p 00008000 08:06 1489805                    /usr/lib/jvm/java-7-openjdk-amd64/jre/lib/amd64/libzip.so
7fca34d1d000-7fca34d1e000 r--p 00007000 08:06 1489805                    /usr/lib/jvm/java-7-openjdk-amd64/jre/lib/amd64/libzip.so
7fca34d1e000-7fca34d1f000 rw-p 00008000 08:06 1489805                    /usr/lib/jvm/java-7-openjdk-amd64/jre/lib/amd64/libzip.so
7fca34d1f000-7fca34d2a000 r-xp 00000000 08:06 184225                     /lib/x86_64-linux-gnu/libnss_files-2.19.so
7fca34d2a000-7fca34f29000 ---p 0000b000 08:06 184225                     /lib/x86_64-linux-gnu/libnss_files-2.19.so
7fca34f29000-7fca34f2a000 r--p 0000a000 08:06 184225                     /lib/x86_64-linux-gnu/libnss_files-2.19.so
7fca34f2a000-7fca34f2b000 rw-p 0000b000 08:06 184225                     /lib/x86_64-linux-gnu/libnss_files-2.19.so
7fca34f2b000-7fca34f36000 r-xp 00000000 08:06 145746                     /lib/x86_64-linux-gnu/libnss_nis-2.19.so
7fca34f36000-7fca35135000 ---p 0000b000 08:06 145746                     /lib/x86_64-linux-gnu/libnss_nis-2.19.so
7fca35135000-7fca35136000 r--p 0000a000 08:06 145746                     /lib/x86_64-linux-gnu/libnss_nis-2.19.so
7fca35136000-7fca35137000 rw-p 0000b000 08:06 145746                     /lib/x86_64-linux-gnu/libnss_nis-2.19.so
7fca35137000-7fca3514e000 r-xp 00000000 08:06 145742                     /lib/x86_64-linux-gnu/libnsl-2.19.so
7fca3514e000-7fca3534d000 ---p 00017000 08:06 145742                     /lib/x86_64-linux-gnu/libnsl-2.19.so
7fca3534d000-7fca3534e000 r--p 00016000 08:06 145742                     /lib/x86_64-linux-gnu/libnsl-2.19.so
7fca3534e000-7fca3534f000 rw-p 00017000 08:06 145742                     /lib/x86_64-linux-gnu/libnsl-2.19.so
7fca3534f000-7fca35351000 rw-p 00000000 00:00 0 
7fca35351000-7fca3535a000 r-xp 00000000 08:06 145741                     /lib/x86_64-linux-gnu/libnss_compat-2.19.so
7fca3535a000-7fca35559000 ---p 00009000 08:06 145741                     /lib/x86_64-linux-gnu/libnss_compat-2.19.so
7fca35559000-7fca3555a000 r--p 00008000 08:06 145741                     /lib/x86_64-linux-gnu/libnss_compat-2.19.so
7fca3555a000-7fca3555b000 rw-p 00009000 08:06 145741                     /lib/x86_64-linux-gnu/libnss_compat-2.19.so
7fca3555b000-7fca35586000 r-xp 00000000 08:06 1489826                    /usr/lib/jvm/java-7-openjdk-amd64/jre/lib/amd64/libjava.so
7fca35586000-7fca35786000 ---p 0002b000 08:06 1489826                    /usr/lib/jvm/java-7-openjdk-amd64/jre/lib/amd64/libjava.so
7fca35786000-7fca35787000 r--p 0002b000 08:06 1489826                    /usr/lib/jvm/java-7-openjdk-amd64/jre/lib/amd64/libjava.so
7fca35787000-7fca35789000 rw-p 0002c000 08:06 1489826                    /usr/lib/jvm/java-7-openjdk-amd64/jre/lib/amd64/libjava.so
7fca35789000-7fca35799000 r-xp 00000000 08:06 1489810                    /usr/lib/jvm/java-7-openjdk-amd64/jre/lib/amd64/libverify.so
7fca35799000-7fca35998000 ---p 00010000 08:06 1489810                    /usr/lib/jvm/java-7-openjdk-amd64/jre/lib/amd64/libverify.so
7fca35998000-7fca3599a000 r--p 0000f000 08:06 1489810                    /usr/lib/jvm/java-7-openjdk-amd64/jre/lib/amd64/libverify.so
7fca3599a000-7fca3599b000 rw-p 00011000 08:06 1489810                    /usr/lib/jvm/java-7-openjdk-amd64/jre/lib/amd64/libverify.so
7fca3599b000-7fca359a2000 r-xp 00000000 08:06 148472                     /lib/x86_64-linux-gnu/librt-2.19.so
7fca359a2000-7fca35ba1000 ---p 00007000 08:06 148472                     /lib/x86_64-linux-gnu/librt-2.19.so
7fca35ba1000-7fca35ba2000 r--p 00006000 08:06 148472                     /lib/x86_64-linux-gnu/librt-2.19.so
7fca35ba2000-7fca35ba3000 rw-p 00007000 08:06 148472                     /lib/x86_64-linux-gnu/librt-2.19.so
7fca35ba3000-7fca35bb9000 r-xp 00000000 08:06 131070                     /lib/x86_64-linux-gnu/libgcc_s.so.1
7fca35bb9000-7fca35db8000 ---p 00016000 08:06 131070                     /lib/x86_64-linux-gnu/libgcc_s.so.1
7fca35db8000-7fca35db9000 rw-p 00015000 08:06 131070                     /lib/x86_64-linux-gnu/libgcc_s.so.1
7fca35db9000-7fca35ebe000 r-xp 00000000 08:06 135048                     /lib/x86_64-linux-gnu/libm-2.19.so
7fca35ebe000-7fca360bd000 ---p 00105000 08:06 135048                     /lib/x86_64-linux-gnu/libm-2.19.so
7fca360bd000-7fca360be000 r--p 00104000 08:06 135048                     /lib/x86_64-linux-gnu/libm-2.19.so
7fca360be000-7fca360bf000 rw-p 00105000 08:06 135048                     /lib/x86_64-linux-gnu/libm-2.19.so
7fca360bf000-7fca361a5000 r-xp 00000000 08:06 1439330                    /usr/lib/x86_64-linux-gnu/libstdc++.so.6.0.19
7fca361a5000-7fca363a4000 ---p 000e6000 08:06 1439330                    /usr/lib/x86_64-linux-gnu/libstdc++.so.6.0.19
7fca363a4000-7fca363ac000 r--p 000e5000 08:06 1439330                    /usr/lib/x86_64-linux-gnu/libstdc++.so.6.0.19
7fca363ac000-7fca363ae000 rw-p 000ed000 08:06 1439330                    /usr/lib/x86_64-linux-gnu/libstdc++.so.6.0.19
7fca363ae000-7fca363c3000 rw-p 00000000 00:00 0 
7fca363c3000-7fca36ee8000 r-xp 00000000 08:06 1489806                    /usr/lib/jvm/java-7-openjdk-amd64/jre/lib/amd64/server/libjvm.so
7fca36ee8000-7fca370e8000 ---p 00b25000 08:06 1489806                    /usr/lib/jvm/java-7-openjdk-amd64/jre/lib/amd64/server/libjvm.so
7fca370e8000-7fca37182000 r--p 00b25000 08:06 1489806                    /usr/lib/jvm/java-7-openjdk-amd64/jre/lib/amd64/server/libjvm.so
7fca37182000-7fca371a5000 rw-p 00bbf000 08:06 1489806                    /usr/lib/jvm/java-7-openjdk-amd64/jre/lib/amd64/server/libjvm.so
7fca371a5000-7fca371d3000 rw-p 00000000 00:00 0 
7fca371d3000-7fca371eb000 r-xp 00000000 08:06 135112                     /lib/x86_64-linux-gnu/libz.so.1.2.8
7fca371eb000-7fca373ea000 ---p 00018000 08:06 135112                     /lib/x86_64-linux-gnu/libz.so.1.2.8
7fca373ea000-7fca373eb000 r--p 00017000 08:06 135112                     /lib/x86_64-linux-gnu/libz.so.1.2.8
7fca373eb000-7fca373ec000 rw-p 00018000 08:06 135112                     /lib/x86_64-linux-gnu/libz.so.1.2.8
7fca373ec000-7fca37405000 r-xp 00000000 08:06 145743                     /lib/x86_64-linux-gnu/libpthread-2.19.so
7fca37405000-7fca37604000 ---p 00019000 08:06 145743                     /lib/x86_64-linux-gnu/libpthread-2.19.so
7fca37604000-7fca37605000 r--p 00018000 08:06 145743                     /lib/x86_64-linux-gnu/libpthread-2.19.so
7fca37605000-7fca37606000 rw-p 00019000 08:06 145743                     /lib/x86_64-linux-gnu/libpthread-2.19.so
7fca37606000-7fca3760a000 rw-p 00000000 00:00 0 
7fca3760a000-7fca3760d000 r-xp 00000000 08:06 145738                     /lib/x86_64-linux-gnu/libdl-2.19.so
7fca3760d000-7fca3780c000 ---p 00003000 08:06 145738                     /lib/x86_64-linux-gnu/libdl-2.19.so
7fca3780c000-7fca3780d000 r--p 00002000 08:06 145738                     /lib/x86_64-linux-gnu/libdl-2.19.so
7fca3780d000-7fca3780e000 rw-p 00003000 08:06 145738                     /lib/x86_64-linux-gnu/libdl-2.19.so
7fca3780e000-7fca379c9000 r-xp 00000000 08:06 148473                     /lib/x86_64-linux-gnu/libc-2.19.so
7fca379c9000-7fca37bc8000 ---p 001bb000 08:06 148473                     /lib/x86_64-linux-gnu/libc-2.19.so
7fca37bc8000-7fca37bcc000 r--p 001ba000 08:06 148473                     /lib/x86_64-linux-gnu/libc-2.19.so
7fca37bcc000-7fca37bce000 rw-p 001be000 08:06 148473                     /lib/x86_64-linux-gnu/libc-2.19.so
7fca37bce000-7fca37bd3000 rw-p 00000000 00:00 0 
7fca37bd3000-7fca37be0000 r-xp 00000000 08:06 1489800                    /usr/lib/jvm/java-7-openjdk-amd64/jre/lib/amd64/jli/libjli.so
7fca37be0000-7fca37ddf000 ---p 0000d000 08:06 1489800                    /usr/lib/jvm/java-7-openjdk-amd64/jre/lib/amd64/jli/libjli.so
7fca37ddf000-7fca37de0000 r--p 0000c000 08:06 1489800                    /usr/lib/jvm/java-7-openjdk-amd64/jre/lib/amd64/jli/libjli.so
7fca37de0000-7fca37de1000 rw-p 0000d000 08:06 1489800                    /usr/lib/jvm/java-7-openjdk-amd64/jre/lib/amd64/jli/libjli.so
7fca37de1000-7fca37e04000 r-xp 00000000 08:06 145744                     /lib/x86_64-linux-gnu/ld-2.19.so
7fca37e04000-7fca37e07000 r--s 0000f000 08:06 1489840                    /usr/lib/jvm/java-7-openjdk-amd64/jre/lib/ext/icedtea-sound.jar
7fca37e07000-7fca37e29000 rw-p 00000000 00:00 0 
7fca37e29000-7fca37edf000 rw-p 00000000 00:00 0 
7fca37edf000-7fca37ee2000 ---p 00000000 00:00 0 
7fca37ee2000-7fca37fe6000 rw-p 00000000 00:00 0                          [stack:5260]
7fca37fe6000-7fca37fe8000 r--s 00012000 08:06 1489837                    /usr/lib/jvm/java-7-openjdk-amd64/jre/lib/ext/zipfs.jar
7fca37fe8000-7fca37fe9000 r--s 00002000 08:06 1489839                    /usr/lib/jvm/java-7-openjdk-amd64/jre/lib/ext/dnsns.jar
7fca37fe9000-7fca37feb000 r--s 00006000 08:06 1840524                    /usr/share/java/java-atk-wrapper.jar
7fca37feb000-7fca37fef000 r--s 0003c000 08:06 1489838                    /usr/lib/jvm/java-7-openjdk-amd64/jre/lib/ext/sunpkcs11.jar
7fca37fef000-7fca37ff3000 r--s 00034000 08:06 1489836                    /usr/lib/jvm/java-7-openjdk-amd64/jre/lib/ext/sunjce_provider.jar
7fca37ff3000-7fca37ff7000 r--s 00085000 08:06 1489835                    /usr/lib/jvm/java-7-openjdk-amd64/jre/lib/ext/localedata.jar
7fca37ff7000-7fca37fff000 rw-s 00000000 08:06 1840625                    /tmp/hsperfdata_tulin/5251
7fca37fff000-7fca38000000 rw-p 00000000 00:00 0 
7fca38000000-7fca38001000 ---p 00000000 00:00 0 
7fca38001000-7fca38003000 rw-p 00000000 00:00 0 
7fca38003000-7fca38004000 r--p 00022000 08:06 145744                     /lib/x86_64-linux-gnu/ld-2.19.so
7fca38004000-7fca38005000 rw-p 00023000 08:06 145744                     /lib/x86_64-linux-gnu/ld-2.19.so
7fca38005000-7fca38006000 rw-p 00000000 00:00 0 
7ffe890af000-7ffe890d0000 rw-p 00000000 00:00 0                          [stack]
7ffe8915e000-7ffe89160000 r-xp 00000000 00:00 0                          [vdso]
ffffffffff600000-ffffffffff601000 r-xp 00000000 00:00 0                  [vsyscall]

VM Arguments:
jvm_args: -Djava.awt.headless=true -Xmx1024M -Dfile.encoding=UTF-8 -Duser.country=US -Duser.language=en -Duser.variant 
java_command: com.android.dx.command.Main --dex --num-threads=4 --output /home/tulin/AndroidStudioProjects/CamApp/app/build/intermediates/pre-dexed/debug/com.android.support-support-v4-23.2.0_4b1fd8c92292e56f5a1fba56278554e72cab954d.jar /home/tulin/AndroidStudioProjects/CamApp/app/build/intermediates/exploded-aar/com.android.support/support-v4/23.2.0/jars/classes.jar
Launcher Type: SUN_STANDARD

Environment Variables:
PATH=/usr/local/sbin:/usr/local/bin:/usr/sbin:/usr/bin:/sbin:/bin:/usr/games:/usr/local/games
SHELL=/bin/bash
DISPLAY=:0

Signal Handlers:
SIGSEGV: [libjvm.so+0x955bc0], sa_mask[0]=0x7ffbfeff, sa_flags=0x10000004
SIGBUS: [libjvm.so+0x955bc0], sa_mask[0]=0x7ffbfeff, sa_flags=0x10000004
SIGFPE: [libjvm.so+0x7caff0], sa_mask[0]=0x7ffbfeff, sa_flags=0x10000004
SIGPIPE: [libjvm.so+0x7caff0], sa_mask[0]=0x7ffbfeff, sa_flags=0x10000004
SIGXFSZ: [libjvm.so+0x7caff0], sa_mask[0]=0x7ffbfeff, sa_flags=0x10000004
SIGILL: [libjvm.so+0x7caff0], sa_mask[0]=0x7ffbfeff, sa_flags=0x10000004
SIGUSR1: SIG_DFL, sa_mask[0]=0x00000000, sa_flags=0x00000000
SIGUSR2: [libjvm.so+0x7cae90], sa_mask[0]=0x00000004, sa_flags=0x10000004
SIGHUP: [libjvm.so+0x7cb070], sa_mask[0]=0x7ffbfeff, sa_flags=0x10000004
SIGINT: [libjvm.so+0x7cb070], sa_mask[0]=0x7ffbfeff, sa_flags=0x10000004
SIGTERM: [libjvm.so+0x7cb070], sa_mask[0]=0x7ffbfeff, sa_flags=0x10000004
SIGQUIT: [libjvm.so+0x7cb070], sa_mask[0]=0x7ffbfeff, sa_flags=0x10000004
SIGTRAP: SIG_DFL, sa_mask[0]=0x00000000, sa_flags=0x00000000


---------------  S Y S T E M  ---------------

OS:Ubuntu 14.04 (trusty)
uname:Linux 3.13.0-79-generic #123-Ubuntu SMP Fri Feb 19 14:27:58 UTC 2016 x86_64
libc:glibc 2.19 NPTL 2.19 
rlimit: STACK 8192k, CORE 0k, NPROC 30460, NOFILE 4096, AS infinity
load average:7,04 3,59 3,83

/proc/meminfo:
MemTotal:        3946988 kB
MemFree:          100492 kB
Buffers:             280 kB
Cached:           712852 kB
SwapCached:            0 kB
Active:          2960212 kB
Inactive:         707804 kB
Active(anon):    2958828 kB
Inactive(anon):   689640 kB
Active(file):       1384 kB
Inactive(file):    18164 kB
Unevictable:          32 kB
Mlocked:              32 kB
SwapTotal:             0 kB
SwapFree:              0 kB
Dirty:               100 kB
Writeback:             0 kB
AnonPages:       2955324 kB
Mapped:           241528 kB
Shmem:            693188 kB
Slab:              74488 kB
SReclaimable:      35488 kB
SUnreclaim:        39000 kB
KernelStack:        6384 kB
PageTables:        44372 kB
NFS_Unstable:          0 kB
Bounce:                0 kB
WritebackTmp:          0 kB
CommitLimit:     1973492 kB
Committed_AS:    9138508 kB
VmallocTotal:   34359738367 kB
VmallocUsed:      350184 kB
VmallocChunk:   34359381756 kB
HardwareCorrupted:     0 kB
AnonHugePages:   1114112 kB
HugePages_Total:       0
HugePages_Free:        0
HugePages_Rsvd:        0
HugePages_Surp:        0
Hugepagesize:       2048 kB
DirectMap4k:       66592 kB
DirectMap2M:     4028416 kB


CPU:total 4 (2 cores per cpu, 2 threads per core) family 6 model 42 stepping 7, cmov, cx8, fxsr, mmx, sse, sse2, sse3, ssse3, sse4.1, sse4.2, popcnt, avx, aes, ht, tsc, tscinvbit

/proc/cpuinfo:
processor	: 0
vendor_id	: GenuineIntel
cpu family	: 6
model		: 42
model name	: Intel(R) Core(TM) i5-2557M CPU @ 1.70GHz
stepping	: 7
microcode	: 0x1a
cpu MHz		: 1701.000
cache size	: 3072 KB
physical id	: 0
siblings	: 4
core id		: 0
cpu cores	: 2
apicid		: 0
initial apicid	: 0
fpu		: yes
fpu_exception	: yes
cpuid level	: 13
wp		: yes
flags		: fpu vme de pse tsc msr pae mce cx8 apic sep mtrr pge mca cmov pat pse36 clflush dts acpi mmx fxsr sse sse2 ss ht tm pbe syscall nx rdtscp lm constant_tsc arch_perfmon pebs bts rep_good nopl xtopology nonstop_tsc aperfmperf eagerfpu pni pclmulqdq dtes64 monitor ds_cpl vmx smx est tm2 ssse3 cx16 xtpr pdcm pcid sse4_1 sse4_2 x2apic popcnt tsc_deadline_timer aes xsave avx lahf_lm ida arat epb xsaveopt pln pts dtherm tpr_shadow vnmi flexpriority ept vpid
bogomips	: 3392.10
clflush size	: 64
cache_alignment	: 64
address sizes	: 36 bits physical, 48 bits virtual
power management:

processor	: 1
vendor_id	: GenuineIntel
cpu family	: 6
model		: 42
model name	: Intel(R) Core(TM) i5-2557M CPU @ 1.70GHz
stepping	: 7
microcode	: 0x1a
cpu MHz		: 1701.000
cache size	: 3072 KB
physical id	: 0
siblings	: 4
core id		: 1
cpu cores	: 2
apicid		: 2
initial apicid	: 2
fpu		: yes
fpu_exception	: yes
cpuid level	: 13
wp		: yes
flags		: fpu vme de pse tsc msr pae mce cx8 apic sep mtrr pge mca cmov pat pse36 clflush dts acpi mmx fxsr sse sse2 ss ht tm pbe syscall nx rdtscp lm constant_tsc arch_perfmon pebs bts rep_good nopl xtopology nonstop_tsc aperfmperf eagerfpu pni pclmulqdq dtes64 monitor ds_cpl vmx smx est tm2 ssse3 cx16 xtpr pdcm pcid sse4_1 sse4_2 x2apic popcnt tsc_deadline_timer aes xsave avx lahf_lm ida arat epb xsaveopt pln pts dtherm tpr_shadow vnmi flexpriority ept vpid
bogomips	: 3392.10
clflush size	: 64
cache_alignment	: 64
address sizes	: 36 bits physical, 48 bits virtual
power management:

processor	: 2
vendor_id	: GenuineIntel
cpu family	: 6
model		: 42
model name	: Intel(R) Core(TM) i5-2557M CPU @ 1.70GHz
stepping	: 7
microcode	: 0x1a
cpu MHz		: 1701.000
cache size	: 3072 KB
physical id	: 0
siblings	: 4
core id		: 0
cpu cores	: 2
apicid		: 1
initial apicid	: 1
fpu		: yes
fpu_exception	: yes
cpuid level	: 13
wp		: yes
flags		: fpu vme de pse tsc msr pae mce cx8 apic sep mtrr pge mca cmov pat pse36 clflush dts acpi mmx fxsr sse sse2 ss ht tm pbe syscall nx rdtscp lm constant_tsc arch_perfmon pebs bts rep_good nopl xtopology nonstop_tsc aperfmperf eagerfpu pni pclmulqdq dtes64 monitor ds_cpl vmx smx est tm2 ssse3 cx16 xtpr pdcm pcid sse4_1 sse4_2 x2apic popcnt tsc_deadline_timer aes xsave avx lahf_lm ida arat epb xsaveopt pln pts dtherm tpr_shadow vnmi flexpriority ept vpid
bogomips	: 3392.10
clflush size	: 64
cache_alignment	: 64
address sizes	: 36 bits physical, 48 bits virtual
power management:

processor	: 3
vendor_id	: GenuineIntel
cpu family	: 6
model		: 42
model name	: Intel(R) Core(TM) i5-2557M CPU @ 1.70GHz
stepping	: 7
microcode	: 0x1a
cpu MHz		: 1701.000
cache size	: 3072 KB
physical id	: 0
siblings	: 4
core id		: 1
cpu cores	: 2
apicid		: 3
initial apicid	: 3
fpu		: yes
fpu_exception	: yes
cpuid level	: 13
wp		: yes
flags		: fpu vme de pse tsc msr pae mce cx8 apic sep mtrr pge mca cmov pat pse36 clflush dts acpi mmx fxsr sse sse2 ss ht tm pbe syscall nx rdtscp lm constant_tsc arch_perfmon pebs bts rep_good nopl xtopology nonstop_tsc aperfmperf eagerfpu pni pclmulqdq dtes64 monitor ds_cpl vmx smx est tm2 ssse3 cx16 xtpr pdcm pcid sse4_1 sse4_2 x2apic popcnt tsc_deadline_timer aes xsave avx lahf_lm ida arat epb xsaveopt pln pts dtherm tpr_shadow vnmi flexpriority ept vpid
bogomips	: 3392.10
clflush size	: 64
cache_alignment	: 64
address sizes	: 36 bits physical, 48 bits virtual
power management:



Memory: 4k page, physical 3946988k(100492k free), swap 0k(0k free)

vm_info: OpenJDK 64-Bit Server VM (24.95-b01) for linux-amd64 JRE (1.7.0_95-b00), built on Jan 21 2016 03:31:40 by "buildd" with gcc 4.8.4

time: Wed Mar 23 15:22:58 2016
elapsed time: 23 seconds

