#
# There is insufficient memory for the Java Runtime Environment to continue.
# Native memory allocation (malloc) failed to allocate 147849216 bytes for committing reserved memory.
# Possible reasons:
#   The system is out of physical RAM or swap space
#   In 32 bit mode, the process size limit was hit
# Possible solutions:
#   Reduce memory load on the system
#   Increase physical memory or swap space
#   Check if swap backing store is full
#   Use 64 bit Java on a 64 bit OS
#   Decrease Java heap size (-Xmx/-Xms)
#   Decrease number of Java threads
#   Decrease Java thread stack sizes (-Xss)
#   Set larger code cache with -XX:ReservedCodeCacheSize=
# This output file may be truncated or incomplete.
#
#  Out of Memory Error (os_linux.cpp:2827), pid=5189, tid=140668027520768
#
# JRE version: OpenJDK Runtime Environment (7.0_95) (build 1.7.0_95-b00)
# Java VM: OpenJDK 64-Bit Server VM (24.95-b01 mixed mode linux-amd64 compressed oops)
# Derivative: IcedTea 2.6.4
# Distribution: Ubuntu 14.04.3 LTS, package 7u95-2.6.4-0ubuntu0.14.04.1
# Failed to write core dump. Core dumps have been disabled. To enable core dumping, try "ulimit -c unlimited" before starting Java again
#

---------------  T H R E A D  ---------------

Current thread (0x00007fefe8076000):  VMThread [stack: 0x00007fefd3bfc000,0x00007fefd3cfd000] [id=5218]

Stack: [0x00007fefd3bfc000,0x00007fefd3cfd000],  sp=0x00007fefd3cfb490,  free space=1021k
Native frames: (J=compiled Java code, j=interpreted, Vv=VM code, C=native code)
V  [libjvm.so+0x9550e5]
V  [libjvm.so+0x4902b4]
V  [libjvm.so+0x7cf7bb]
V  [libjvm.so+0x7ca28f]
V  [libjvm.so+0x83e56b]
V  [libjvm.so+0x83f3e0]
V  [libjvm.so+0x83facb]
V  [libjvm.so+0x83b4d8]
V  [libjvm.so+0x83bd48]
V  [libjvm.so+0x7f1fd3]
V  [libjvm.so+0x956ae4]
V  [libjvm.so+0x95abe7]
V  [libjvm.so+0x9596a8]
V  [libjvm.so+0x959b09]
V  [libjvm.so+0x959f52]
V  [libjvm.so+0x7cc682]

VM_Operation (0x00007fefd121ffb0): ParallelGCFailedAllocation, mode: safepoint, requested by thread 0x00007fefe81aa000


---------------  P R O C E S S  ---------------

Java Threads: ( => current thread )
  0x00007fefe81ab800 JavaThread "pool-1-thread-4" [_thread_blocked, id=5264, stack(0x00007fefd1020000,0x00007fefd1121000)]
  0x00007fefe81aa000 JavaThread "pool-1-thread-3" [_thread_blocked, id=5263, stack(0x00007fefd1121000,0x00007fefd1222000)]
  0x00007fefe81a8000 JavaThread "pool-1-thread-2" [_thread_blocked, id=5262, stack(0x00007fefd1222000,0x00007fefd1323000)]
  0x00007fefe81a5000 JavaThread "pool-2-thread-1" [_thread_blocked, id=5261, stack(0x00007fefd1323000,0x00007fefd1424000)]
  0x00007fefe81a3000 JavaThread "pool-1-thread-1" [_thread_blocked, id=5260, stack(0x00007fefd1424000,0x00007fefd1525000)]
  0x00007fefe80b2000 JavaThread "Service Thread" daemon [_thread_blocked, id=5243, stack(0x00007fefd2da4000,0x00007fefd2ea5000)]
  0x00007fefe80af800 JavaThread "C2 CompilerThread1" daemon [_thread_blocked, id=5242, stack(0x00007fefd2ea5000,0x00007fefd2fa6000)]
  0x00007fefe80ac800 JavaThread "C2 CompilerThread0" daemon [_thread_in_native, id=5241, stack(0x00007fefd2fa6000,0x00007fefd30a7000)]
  0x00007fefe80aa800 JavaThread "Signal Dispatcher" daemon [_thread_blocked, id=5240, stack(0x00007fefd30a7000,0x00007fefd31a8000)]
  0x00007fefe807c000 JavaThread "Finalizer" daemon [_thread_blocked, id=5221, stack(0x00007fefd39fa000,0x00007fefd3afb000)]
  0x00007fefe807a000 JavaThread "Reference Handler" daemon [_thread_blocked, id=5220, stack(0x00007fefd3afb000,0x00007fefd3bfc000)]
  0x00007fefe800a800 JavaThread "main" [_thread_blocked, id=5199, stack(0x00007fefee384000,0x00007fefee485000)]

Other Threads:
=>0x00007fefe8076000 VMThread [stack: 0x00007fefd3bfc000,0x00007fefd3cfd000] [id=5218]
  0x00007fefe80bc800 WatcherThread [stack: 0x00007fefd2ca3000,0x00007fefd2da4000] [id=5244]

VM state:at safepoint (normal execution)

VM Mutex/Monitor currently owned by a thread:  ([mutex/lock_event])
[0x00007fefe8006990] Threads_lock - owner thread: 0x00007fefe8076000
[0x00007fefe8006e90] Heap_lock - owner thread: 0x00007fefe81aa000

Heap
 PSYoungGen      total 142848K, used 17908K [0x00000000eaa80000, 0x00000000f4980000, 0x0000000100000000)
  eden space 124928K, 0% used [0x00000000eaa80000,0x00000000eaa80000,0x00000000f2480000)
  from space 17920K, 99% used [0x00000000f2480000,0x00000000f35fd278,0x00000000f3600000)
  to   space 15872K, 0% used [0x00000000f3600000,0x00000000f3600000,0x00000000f4580000)
 ParOldGen       total 40960K, used 38108K [0x00000000c0000000, 0x00000000c2800000, 0x00000000eaa80000)
  object space 40960K, 93% used [0x00000000c0000000,0x00000000c2537188,0x00000000c2800000)
 PSPermGen       total 21504K, used 6362K [0x00000000b5a00000, 0x00000000b6f00000, 0x00000000c0000000)
  object space 21504K, 29% used [0x00000000b5a00000,0x00000000b6036ba0,0x00000000b6f00000)

Card table byte_map: [0x00007fefe3d1f000,0x00007fefe3f73000] byte_map_base: 0x00007fefe3772000

Polling page: 0x00007fefee4a6000

Code Cache  [0x00007fefe3f73000, 0x00007fefe41e3000, 0x00007fefe6f73000)
 total_blobs=590 nmethods=359 adapters=184 free_code_cache=47561Kb largest_free_block=48654848

Compilation events (10 events):
Event: 28,561 Thread 0x00007fefe80af800 nmethod 366 0x00007fefe4109990 code [0x00007fefe4109c80, 0x00007fefe410ae60]
Event: 28,561 Thread 0x00007fefe80af800  367   !         com.android.dx.cf.code.BaseMachine::arg (36 bytes)
Event: 28,562 Thread 0x00007fefe80af800 nmethod 367 0x00007fefe40fbcd0 code [0x00007fefe40fbe20, 0x00007fefe40fbed8]
Event: 28,562 Thread 0x00007fefe80af800  368             com.android.dx.rop.code.CstInsn::<init> (31 bytes)
Event: 28,584 Thread 0x00007fefe80af800 nmethod 368 0x00007fefe40f9650 code [0x00007fefe40f97a0, 0x00007fefe40f98f8]
Event: 28,584 Thread 0x00007fefe80af800  369             com.android.dx.ssa.back.FirstFitLocalCombiningAllocator$1::visitNonMoveInsn (6 bytes)
Event: 28,595 Thread 0x00007fefe80af800 nmethod 369 0x00007fefe40fba90 code [0x00007fefe40fbbe0, 0x00007fefe40fbc48]
Event: 28,595 Thread 0x00007fefe80af800  370             com.android.dx.rop.code.ThrowingCstInsn::accept (8 bytes)
Event: 28,595 Thread 0x00007fefe80af800 nmethod 370 0x00007fefe40f9410 code [0x00007fefe40f9560, 0x00007fefe40f95d8]
Event: 28,595 Thread 0x00007fefe80af800  372 %           com.android.dx.ssa.LocalVariableExtractor::processBlock @ 119 (383 bytes)

GC Heap History (10 events):
Event: 2,481 GC heap after
Heap after GC invocations=2 (full 0):
 PSYoungGen      total 34304K, used 2554K [0x00000000eaa80000, 0x00000000ece80000, 0x0000000100000000)
  eden space 31744K, 0% used [0x00000000eaa80000,0x00000000eaa80000,0x00000000ec980000)
  from space 2560K, 99% used [0x00000000ecc00000,0x00000000ece7e908,0x00000000ece80000)
  to   space 2560K, 0% used [0x00000000ec980000,0x00000000ec980000,0x00000000ecc00000)
 ParOldGen       total 40960K, used 1934K [0x00000000c0000000, 0x00000000c2800000, 0x00000000eaa80000)
  object space 40960K, 4% used [0x00000000c0000000,0x00000000c01e3a80,0x00000000c2800000)
 PSPermGen       total 21504K, used 5952K [0x00000000b5a00000, 0x00000000b6f00000, 0x00000000c0000000)
  object space 21504K, 27% used [0x00000000b5a00000,0x00000000b5fd0278,0x00000000b6f00000)
}
Event: 5,863 GC heap before
{Heap before GC invocations=3 (full 0):
 PSYoungGen      total 34304K, used 34298K [0x00000000eaa80000, 0x00000000ece80000, 0x0000000100000000)
  eden space 31744K, 100% used [0x00000000eaa80000,0x00000000ec980000,0x00000000ec980000)
  from space 2560K, 99% used [0x00000000ecc00000,0x00000000ece7e908,0x00000000ece80000)
  to   space 2560K, 0% used [0x00000000ec980000,0x00000000ec980000,0x00000000ecc00000)
 ParOldGen       total 40960K, used 1934K [0x00000000c0000000, 0x00000000c2800000, 0x00000000eaa80000)
  object space 40960K, 4% used [0x00000000c0000000,0x00000000c01e3a80,0x00000000c2800000)
 PSPermGen       total 21504K, used 6162K [0x00000000b5a00000, 0x00000000b6f00000, 0x00000000c0000000)
  object space 21504K, 28% used [0x00000000b5a00000,0x00000000b6004998,0x00000000b6f00000)
Event: 5,903 GC heap after
Heap after GC invocations=3 (full 0):
 PSYoungGen      total 34304K, used 2541K [0x00000000eaa80000, 0x00000000eed80000, 0x0000000100000000)
  eden space 31744K, 0% used [0x00000000eaa80000,0x00000000eaa80000,0x00000000ec980000)
  from space 2560K, 99% used [0x00000000ec980000,0x00000000ecbfb488,0x00000000ecc00000)
  to   space 2560K, 0% used [0x00000000eeb00000,0x00000000eeb00000,0x00000000eed80000)
 ParOldGen       total 40960K, used 7544K [0x00000000c0000000, 0x00000000c2800000, 0x00000000eaa80000)
  object space 40960K, 18% used [0x00000000c0000000,0x00000000c075e3a8,0x00000000c2800000)
 PSPermGen       total 21504K, used 6162K [0x00000000b5a00000, 0x00000000b6f00000, 0x00000000c0000000)
  object space 21504K, 28% used [0x00000000b5a00000,0x00000000b6004998,0x00000000b6f00000)
}
Event: 8,198 GC heap before
{Heap before GC invocations=4 (full 0):
 PSYoungGen      total 34304K, used 34285K [0x00000000eaa80000, 0x00000000eed80000, 0x0000000100000000)
  eden space 31744K, 100% used [0x00000000eaa80000,0x00000000ec980000,0x00000000ec980000)
  from space 2560K, 99% used [0x00000000ec980000,0x00000000ecbfb488,0x00000000ecc00000)
  to   space 2560K, 0% used [0x00000000eeb00000,0x00000000eeb00000,0x00000000eed80000)
 ParOldGen       total 40960K, used 7544K [0x00000000c0000000, 0x00000000c2800000, 0x00000000eaa80000)
  object space 40960K, 18% used [0x00000000c0000000,0x00000000c075e3a8,0x00000000c2800000)
 PSPermGen       total 21504K, used 6201K [0x00000000b5a00000, 0x00000000b6f00000, 0x00000000c0000000)
  object space 21504K, 28% used [0x00000000b5a00000,0x00000000b600e400,0x00000000b6f00000)
Event: 8,231 GC heap after
Heap after GC invocations=4 (full 0):
 PSYoungGen      total 66048K, used 2546K [0x00000000eaa80000, 0x00000000eed80000, 0x0000000100000000)
  eden space 63488K, 0% used [0x00000000eaa80000,0x00000000eaa80000,0x00000000ee880000)
  from space 2560K, 99% used [0x00000000eeb00000,0x00000000eed7c850,0x00000000eed80000)
  to   space 2560K, 0% used [0x00000000ee880000,0x00000000ee880000,0x00000000eeb00000)
 ParOldGen       total 40960K, used 13181K [0x00000000c0000000, 0x00000000c2800000, 0x00000000eaa80000)
  object space 40960K, 32% used [0x00000000c0000000,0x00000000c0cdf740,0x00000000c2800000)
 PSPermGen       total 21504K, used 6201K [0x00000000b5a00000, 0x00000000b6f00000, 0x00000000c0000000)
  object space 21504K, 28% used [0x00000000b5a00000,0x00000000b600e400,0x00000000b6f00000)
}
Event: 12,935 GC heap before
{Heap before GC invocations=5 (full 0):
 PSYoungGen      total 66048K, used 66034K [0x00000000eaa80000, 0x00000000eed80000, 0x0000000100000000)
  eden space 63488K, 100% used [0x00000000eaa80000,0x00000000ee880000,0x00000000ee880000)
  from space 2560K, 99% used [0x00000000eeb00000,0x00000000eed7c850,0x00000000eed80000)
  to   space 2560K, 0% used [0x00000000ee880000,0x00000000ee880000,0x00000000eeb00000)
 ParOldGen       total 40960K, used 13181K [0x00000000c0000000, 0x00000000c2800000, 0x00000000eaa80000)
  object space 40960K, 32% used [0x00000000c0000000,0x00000000c0cdf740,0x00000000c2800000)
 PSPermGen       total 21504K, used 6245K [0x00000000b5a00000, 0x00000000b6f00000, 0x00000000c0000000)
  object space 21504K, 29% used [0x00000000b5a00000,0x00000000b6019418,0x00000000b6f00000)
Event: 13,084 GC heap after
Heap after GC invocations=5 (full 0):
 PSYoungGen      total 66048K, used 2541K [0x00000000eaa80000, 0x00000000f4580000, 0x0000000100000000)
  eden space 63488K, 0% used [0x00000000eaa80000,0x00000000eaa80000,0x00000000ee880000)
  from space 2560K, 99% used [0x00000000ee880000,0x00000000eeafb480,0x00000000eeb00000)
  to   space 15872K, 0% used [0x00000000f3600000,0x00000000f3600000,0x00000000f4580000)
 ParOldGen       total 40960K, used 23707K [0x00000000c0000000, 0x00000000c2800000, 0x00000000eaa80000)
  object space 40960K, 57% used [0x00000000c0000000,0x00000000c1726ef0,0x00000000c2800000)
 PSPermGen       total 21504K, used 6245K [0x00000000b5a00000, 0x00000000b6f00000, 0x00000000c0000000)
  object space 21504K, 29% used [0x00000000b5a00000,0x00000000b6019418,0x00000000b6f00000)
}
Event: 19,986 GC heap before
{Heap before GC invocations=6 (full 0):
 PSYoungGen      total 66048K, used 66029K [0x00000000eaa80000, 0x00000000f4580000, 0x0000000100000000)
  eden space 63488K, 100% used [0x00000000eaa80000,0x00000000ee880000,0x00000000ee880000)
  from space 2560K, 99% used [0x00000000ee880000,0x00000000eeafb480,0x00000000eeb00000)
  to   space 15872K, 0% used [0x00000000f3600000,0x00000000f3600000,0x00000000f4580000)
 ParOldGen       total 40960K, used 23707K [0x00000000c0000000, 0x00000000c2800000, 0x00000000eaa80000)
  object space 40960K, 57% used [0x00000000c0000000,0x00000000c1726ef0,0x00000000c2800000)
 PSPermGen       total 21504K, used 6286K [0x00000000b5a00000, 0x00000000b6f00000, 0x00000000c0000000)
  object space 21504K, 29% used [0x00000000b5a00000,0x00000000b6023878,0x00000000b6f00000)
Event: 20,184 GC heap after
Heap after GC invocations=6 (full 0):
 PSYoungGen      total 140800K, used 13106K [0x00000000eaa80000, 0x00000000f4980000, 0x0000000100000000)
  eden space 124928K, 0% used [0x00000000eaa80000,0x00000000eaa80000,0x00000000f2480000)
  from space 15872K, 82% used [0x00000000f3600000,0x00000000f42ccae0,0x00000000f4580000)
  to   space 17920K, 0% used [0x00000000f2480000,0x00000000f2480000,0x00000000f3600000)
 ParOldGen       total 40960K, used 23707K [0x00000000c0000000, 0x00000000c2800000, 0x00000000eaa80000)
  object space 40960K, 57% used [0x00000000c0000000,0x00000000c1726ef0,0x00000000c2800000)
 PSPermGen       total 21504K, used 6286K [0x00000000b5a00000, 0x00000000b6f00000, 0x00000000c0000000)
  object space 21504K, 29% used [0x00000000b5a00000,0x00000000b6023878,0x00000000b6f00000)
}
Event: 28,717 GC heap before
{Heap before GC invocations=7 (full 0):
 PSYoungGen      total 140800K, used 138034K [0x00000000eaa80000, 0x00000000f4980000, 0x0000000100000000)
  eden space 124928K, 100% used [0x00000000eaa80000,0x00000000f2480000,0x00000000f2480000)
  from space 15872K, 82% used [0x00000000f3600000,0x00000000f42ccae0,0x00000000f4580000)
  to   space 17920K, 0% used [0x00000000f2480000,0x00000000f2480000,0x00000000f3600000)
 ParOldGen       total 40960K, used 23707K [0x00000000c0000000, 0x00000000c2800000, 0x00000000eaa80000)
  object space 40960K, 57% used [0x00000000c0000000,0x00000000c1726ef0,0x00000000c2800000)
 PSPermGen       total 21504K, used 6362K [0x00000000b5a00000, 0x00000000b6f00000, 0x00000000c0000000)
  object space 21504K, 29% used [0x00000000b5a00000,0x00000000b6036ba0,0x00000000b6f00000)

Deoptimization events (10 events):
Event: 7,268 Thread 0x00007fefe81aa000 Uncommon trap: reason=unstable_if action=reinterpret pc=0x00007fefe4000788 method=com.android.dx.rop.code.RegisterSpec.equals(ILcom/android/dx/rop/type/TypeBearer;Lcom/android/dx/rop/code/LocalItem;)Z @ 42
Event: 7,720 Thread 0x00007fefe81a3000 Uncommon trap: reason=class_check action=maybe_recompile pc=0x00007fefe401d2f4 method=java.util.HashMap.put(Ljava/lang/Object;Ljava/lang/Object;)Ljava/lang/Object; @ 83
Event: 7,720 Thread 0x00007fefe81a3000 Uncommon trap: reason=class_check action=maybe_recompile pc=0x00007fefe401d2f4 method=java.util.HashMap.put(Ljava/lang/Object;Ljava/lang/Object;)Ljava/lang/Object; @ 83
Event: 7,720 Thread 0x00007fefe81a3000 Uncommon trap: reason=class_check action=maybe_recompile pc=0x00007fefe401d2f4 method=java.util.HashMap.put(Ljava/lang/Object;Ljava/lang/Object;)Ljava/lang/Object; @ 83
Event: 7,720 Thread 0x00007fefe81a3000 Uncommon trap: reason=class_check action=maybe_recompile pc=0x00007fefe401d2f4 method=java.util.HashMap.put(Ljava/lang/Object;Ljava/lang/Object;)Ljava/lang/Object; @ 83
Event: 13,769 Thread 0x00007fefe800a800 Uncommon trap: reason=unloaded action=reinterpret pc=0x00007fefe408bc10 method=com.android.dx.cf.cst.ConstantPoolParser.parse0(ILjava/util/BitSet;)Lcom/android/dx/rop/cst/Constant; @ 220
Event: 14,373 Thread 0x00007fefe81a8000 Uncommon trap: reason=unstable_if action=reinterpret pc=0x00007fefe4060df4 method=com.android.dx.ssa.SCCP.simulateBranch(Lcom/android/dx/ssa/SsaInsn;)V @ 548
Event: 17,344 Thread 0x00007fefe81a3000 Uncommon trap: reason=null_check action=make_not_entrant pc=0x00007fefe40a097c method=com.android.dx.cf.code.Ropper$CatchInfo.getSetup(Lcom/android/dx/rop/type/Type;)Lcom/android/dx/cf/code/Ropper$ExceptionHandlerSetup; @ 10
Event: 25,355 Thread 0x00007fefe81aa000 Uncommon trap: reason=unstable_if action=reinterpret pc=0x00007fefe40c7834 method=java.util.BitSet.ensureCapacity(I)V @ 6
Event: 25,572 Thread 0x00007fefe81a8000 Uncommon trap: reason=unstable_if action=reinterpret pc=0x00007fefe404f764 method=com.android.dx.ssa.Dominators.run()V @ 346

Internal exceptions (10 events):
Event: 1,906 Thread 0x00007fefe81aa000 Threw 0x00000000eb493968 at /build/openjdk-7-2FOwCu/openjdk-7-7u95-2.6.4/build/openjdk/hotspot/src/share/vm/prims/jvm.cpp:1322
Event: 2,284 Thread 0x00007fefe81a8000 Threw 0x00000000eb91b2c8 at /build/openjdk-7-2FOwCu/openjdk-7-7u95-2.6.4/build/openjdk/hotspot/src/share/vm/prims/jvm.cpp:1322
Event: 2,851 Thread 0x00007fefe81a3000 Threw 0x00000000ead5d820 at /build/openjdk-7-2FOwCu/openjdk-7-7u95-2.6.4/build/openjdk/hotspot/src/share/vm/prims/jvm.cpp:1322
Event: 4,280 Thread 0x00007fefe800a800 Implicit null exception at 0x00007fefe40195d7 to 0x00007fefe4019cbd
Event: 5,802 Thread 0x00007fefe800a800 Threw 0x00000000ec7c25d0 at /build/openjdk-7-2FOwCu/openjdk-7-7u95-2.6.4/build/openjdk/hotspot/src/share/vm/prims/jvm.cpp:1322
Event: 6,009 Thread 0x00007fefe800a800 Threw 0x00000000eab52490 at /build/openjdk-7-2FOwCu/openjdk-7-7u95-2.6.4/build/openjdk/hotspot/src/share/vm/prims/jvm.cpp:1322
Event: 7,059 Thread 0x00007fefe800a800 Implicit null exception at 0x00007fefe403a2dc to 0x00007fefe403baa9
Event: 8,106 Thread 0x00007fefe81aa000 Threw 0x00000000ec6c12b8 at /build/openjdk-7-2FOwCu/openjdk-7-7u95-2.6.4/build/openjdk/hotspot/src/share/vm/prims/jvm.cpp:1322
Event: 17,344 Thread 0x00007fefe81a3000 Implicit null exception at 0x00007fefe409c9b1 to 0x00007fefe40a093d
Event: 17,746 Thread 0x00007fefe800a800 Threw 0x00000000ed66c898 at /build/openjdk-7-2FOwCu/openjdk-7-7u95-2.6.4/build/openjdk/hotspot/src/share/vm/prims/jvm.cpp:1322

Events (10 events):
Event: 24,209 Thread 0x00007fefe80af800 flushing nmethod 0x00007fefe4000290
Event: 24,472 Thread 0x00007fefe80ac800 flushing nmethod 0x00007fefe401cad0
Event: 24,558 Thread 0x00007fefe80af800 flushing nmethod 0x00007fefe4039390
Event: 25,355 Thread 0x00007fefe81aa000 Uncommon trap: trap_request=0xffffff75 fr.pc=0x00007fefe40c7834
Event: 25,355 Thread 0x00007fefe81aa000 DEOPT PACKING pc=0x00007fefe40c7834 sp=0x00007fefd1220220
Event: 25,355 Thread 0x00007fefe81aa000 DEOPT UNPACKING pc=0x00007fefe3fac445 sp=0x00007fefd1220058 mode 2
Event: 25,572 Thread 0x00007fefe81a8000 Uncommon trap: trap_request=0xffffff75 fr.pc=0x00007fefe404f764
Event: 25,572 Thread 0x00007fefe81a8000 DEOPT PACKING pc=0x00007fefe404f764 sp=0x00007fefd1321080
Event: 25,572 Thread 0x00007fefe81a8000 DEOPT UNPACKING pc=0x00007fefe3fac445 sp=0x00007fefd1321068 mode 2
Event: 28,703 Executing VM operation: ParallelGCFailedAllocation


Dynamic libraries:
00400000-00401000 r-xp 00000000 08:06 1454669                            /usr/lib/jvm/java-7-openjdk-amd64/jre/bin/java
00600000-00601000 r--p 00000000 08:06 1454669                            /usr/lib/jvm/java-7-openjdk-amd64/jre/bin/java
00601000-00602000 rw-p 00001000 08:06 1454669                            /usr/lib/jvm/java-7-openjdk-amd64/jre/bin/java
023cd000-023ee000 rw-p 00000000 00:00 0                                  [heap]
b5a00000-b6f00000 rw-p 00000000 00:00 0 
b6f00000-c0000000 rw-p 00000000 00:00 0 
c0000000-c2800000 rw-p 00000000 00:00 0 
c2800000-eaa80000 rw-p 00000000 00:00 0 
eaa80000-f4980000 rw-p 00000000 00:00 0 
fd680000-100000000 rw-p 00000000 00:00 0 
7fef98000000-7fef98021000 rw-p 00000000 00:00 0 
7fef98021000-7fef9c000000 ---p 00000000 00:00 0 
7fef9c000000-7fef9c021000 rw-p 00000000 00:00 0 
7fef9c021000-7fefa0000000 ---p 00000000 00:00 0 
7fefa0000000-7fefa0021000 rw-p 00000000 00:00 0 
7fefa0021000-7fefa4000000 ---p 00000000 00:00 0 
7fefa4000000-7fefa4021000 rw-p 00000000 00:00 0 
7fefa4021000-7fefa8000000 ---p 00000000 00:00 0 
7fefa8000000-7fefa8021000 rw-p 00000000 00:00 0 
7fefa8021000-7fefac000000 ---p 00000000 00:00 0 
7fefac000000-7fefac045000 rw-p 00000000 00:00 0 
7fefac045000-7fefb0000000 ---p 00000000 00:00 0 
7fefb0000000-7fefb151f000 rw-p 00000000 00:00 0 
7fefb151f000-7fefb4000000 ---p 00000000 00:00 0 
7fefb4000000-7fefb4021000 rw-p 00000000 00:00 0 
7fefb4021000-7fefb8000000 ---p 00000000 00:00 0 
7fefb8000000-7fefb8021000 rw-p 00000000 00:00 0 
7fefb8021000-7fefbc000000 ---p 00000000 00:00 0 
7fefbc000000-7fefbdaf1000 rw-p 00000000 00:00 0 
7fefbdaf1000-7fefc0000000 ---p 00000000 00:00 0 
7fefc0000000-7fefc0021000 rw-p 00000000 00:00 0 
7fefc0021000-7fefc4000000 ---p 00000000 00:00 0 
7fefc4000000-7fefc4021000 rw-p 00000000 00:00 0 
7fefc4021000-7fefc8000000 ---p 00000000 00:00 0 
7fefc8000000-7fefc8021000 rw-p 00000000 00:00 0 
7fefc8021000-7fefcc000000 ---p 00000000 00:00 0 
7fefcc000000-7fefcc021000 rw-p 00000000 00:00 0 
7fefcc021000-7fefd0000000 ---p 00000000 00:00 0 
7fefd1020000-7fefd1023000 ---p 00000000 00:00 0 
7fefd1023000-7fefd1121000 rw-p 00000000 00:00 0                          [stack:5264]
7fefd1121000-7fefd1124000 ---p 00000000 00:00 0 
7fefd1124000-7fefd1222000 rw-p 00000000 00:00 0                          [stack:5263]
7fefd1222000-7fefd1225000 ---p 00000000 00:00 0 
7fefd1225000-7fefd1323000 rw-p 00000000 00:00 0                          [stack:5262]
7fefd1323000-7fefd1326000 ---p 00000000 00:00 0 
7fefd1326000-7fefd1424000 rw-p 00000000 00:00 0                          [stack:5261]
7fefd1424000-7fefd1427000 ---p 00000000 00:00 0 
7fefd1427000-7fefd1525000 rw-p 00000000 00:00 0                          [stack:5260]
7fefd1525000-7fefd1562000 r-xp 00000000 08:06 130821                     /lib/x86_64-linux-gnu/libpcre.so.3.13.1
7fefd1562000-7fefd1761000 ---p 0003d000 08:06 130821                     /lib/x86_64-linux-gnu/libpcre.so.3.13.1
7fefd1761000-7fefd1762000 r--p 0003c000 08:06 130821                     /lib/x86_64-linux-gnu/libpcre.so.3.13.1
7fefd1762000-7fefd1763000 rw-p 0003d000 08:06 130821                     /lib/x86_64-linux-gnu/libpcre.so.3.13.1
7fefd1763000-7fefd176a000 r-xp 00000000 08:06 1447540                    /usr/lib/x86_64-linux-gnu/libffi.so.6.0.1
7fefd176a000-7fefd1969000 ---p 00007000 08:06 1447540                    /usr/lib/x86_64-linux-gnu/libffi.so.6.0.1
7fefd1969000-7fefd196a000 r--p 00006000 08:06 1447540                    /usr/lib/x86_64-linux-gnu/libffi.so.6.0.1
7fefd196a000-7fefd196b000 rw-p 00007000 08:06 1447540                    /usr/lib/x86_64-linux-gnu/libffi.so.6.0.1
7fefd196b000-7fefd1982000 r-xp 00000000 08:06 134868                     /lib/x86_64-linux-gnu/libresolv-2.19.so
7fefd1982000-7fefd1b82000 ---p 00017000 08:06 134868                     /lib/x86_64-linux-gnu/libresolv-2.19.so
7fefd1b82000-7fefd1b83000 r--p 00017000 08:06 134868                     /lib/x86_64-linux-gnu/libresolv-2.19.so
7fefd1b83000-7fefd1b84000 rw-p 00018000 08:06 134868                     /lib/x86_64-linux-gnu/libresolv-2.19.so
7fefd1b84000-7fefd1b86000 rw-p 00000000 00:00 0 
7fefd1b86000-7fefd1ba6000 r-xp 00000000 08:06 135079                     /lib/x86_64-linux-gnu/libselinux.so.1
7fefd1ba6000-7fefd1da5000 ---p 00020000 08:06 135079                     /lib/x86_64-linux-gnu/libselinux.so.1
7fefd1da5000-7fefd1da6000 r--p 0001f000 08:06 135079                     /lib/x86_64-linux-gnu/libselinux.so.1
7fefd1da6000-7fefd1da7000 rw-p 00020000 08:06 135079                     /lib/x86_64-linux-gnu/libselinux.so.1
7fefd1da7000-7fefd1da9000 rw-p 00000000 00:00 0 
7fefd1da9000-7fefd1dac000 r-xp 00000000 08:06 1439340                    /usr/lib/x86_64-linux-gnu/libgmodule-2.0.so.0.4002.0
7fefd1dac000-7fefd1fab000 ---p 00003000 08:06 1439340                    /usr/lib/x86_64-linux-gnu/libgmodule-2.0.so.0.4002.0
7fefd1fab000-7fefd1fac000 r--p 00002000 08:06 1439340                    /usr/lib/x86_64-linux-gnu/libgmodule-2.0.so.0.4002.0
7fefd1fac000-7fefd1fad000 rw-p 00003000 08:06 1439340                    /usr/lib/x86_64-linux-gnu/libgmodule-2.0.so.0.4002.0
7fefd1fad000-7fefd20b3000 r-xp 00000000 08:06 134871                     /lib/x86_64-linux-gnu/libglib-2.0.so.0.4002.0
7fefd20b3000-7fefd22b2000 ---p 00106000 08:06 134871                     /lib/x86_64-linux-gnu/libglib-2.0.so.0.4002.0
7fefd22b2000-7fefd22b3000 r--p 00105000 08:06 134871                     /lib/x86_64-linux-gnu/libglib-2.0.so.0.4002.0
7fefd22b3000-7fefd22b4000 rw-p 00106000 08:06 134871                     /lib/x86_64-linux-gnu/libglib-2.0.so.0.4002.0
7fefd22b4000-7fefd22b5000 rw-p 00000000 00:00 0 
7fefd22b5000-7fefd2304000 r-xp 00000000 08:06 1439358                    /usr/lib/x86_64-linux-gnu/libgobject-2.0.so.0.4002.0
7fefd2304000-7fefd2504000 ---p 0004f000 08:06 1439358                    /usr/lib/x86_64-linux-gnu/libgobject-2.0.so.0.4002.0
7fefd2504000-7fefd2505000 r--p 0004f000 08:06 1439358                    /usr/lib/x86_64-linux-gnu/libgobject-2.0.so.0.4002.0
7fefd2505000-7fefd2506000 rw-p 00050000 08:06 1439358                    /usr/lib/x86_64-linux-gnu/libgobject-2.0.so.0.4002.0
7fefd2506000-7fefd2672000 r-xp 00000000 08:06 1439362                    /usr/lib/x86_64-linux-gnu/libgio-2.0.so.0.4002.0
7fefd2672000-7fefd2871000 ---p 0016c000 08:06 1439362                    /usr/lib/x86_64-linux-gnu/libgio-2.0.so.0.4002.0
7fefd2871000-7fefd2875000 r--p 0016b000 08:06 1439362                    /usr/lib/x86_64-linux-gnu/libgio-2.0.so.0.4002.0
7fefd2875000-7fefd2877000 rw-p 0016f000 08:06 1439362                    /usr/lib/x86_64-linux-gnu/libgio-2.0.so.0.4002.0
7fefd2877000-7fefd2879000 rw-p 00000000 00:00 0 
7fefd2879000-7fefd2890000 r-xp 00000000 08:06 1489830                    /usr/lib/jvm/java-7-openjdk-amd64/jre/lib/amd64/libnet.so
7fefd2890000-7fefd2a8f000 ---p 00017000 08:06 1489830                    /usr/lib/jvm/java-7-openjdk-amd64/jre/lib/amd64/libnet.so
7fefd2a8f000-7fefd2a90000 r--p 00016000 08:06 1489830                    /usr/lib/jvm/java-7-openjdk-amd64/jre/lib/amd64/libnet.so
7fefd2a90000-7fefd2a91000 rw-p 00017000 08:06 1489830                    /usr/lib/jvm/java-7-openjdk-amd64/jre/lib/amd64/libnet.so
7fefd2a91000-7fefd2aa1000 r-xp 00000000 08:06 1489812                    /usr/lib/jvm/java-7-openjdk-amd64/jre/lib/amd64/libnio.so
7fefd2aa1000-7fefd2ca1000 ---p 00010000 08:06 1489812                    /usr/lib/jvm/java-7-openjdk-amd64/jre/lib/amd64/libnio.so
7fefd2ca1000-7fefd2ca2000 r--p 00010000 08:06 1489812                    /usr/lib/jvm/java-7-openjdk-amd64/jre/lib/amd64/libnio.so
7fefd2ca2000-7fefd2ca3000 rw-p 00011000 08:06 1489812                    /usr/lib/jvm/java-7-openjdk-amd64/jre/lib/amd64/libnio.so
7fefd2ca3000-7fefd2ca4000 ---p 00000000 00:00 0 
7fefd2ca4000-7fefd2da4000 rw-p 00000000 00:00 0                          [stack:5244]
7fefd2da4000-7fefd2da7000 ---p 00000000 00:00 0 
7fefd2da7000-7fefd2ea5000 rw-p 00000000 00:00 0                          [stack:5243]
7fefd2ea5000-7fefd2ea8000 ---p 00000000 00:00 0 
7fefd2ea8000-7fefd2fa6000 rw-p 00000000 00:00 0                          [stack:5242]
7fefd2fa6000-7fefd2fa9000 ---p 00000000 00:00 0 
7fefd2fa9000-7fefd30a7000 rw-p 00000000 00:00 0                          [stack:5241]
7fefd30a7000-7fefd30aa000 ---p 00000000 00:00 0 
7fefd30aa000-7fefd31a8000 rw-p 00000000 00:00 0                          [stack:5240]
7fefd31a8000-7fefd39fa000 r--p 00000000 08:06 1447082                    /usr/lib/locale/locale-archive
7fefd39fa000-7fefd39fd000 ---p 00000000 00:00 0 
7fefd39fd000-7fefd3afb000 rw-p 00000000 00:00 0                          [stack:5221]
7fefd3afb000-7fefd3afe000 ---p 00000000 00:00 0 
7fefd3afe000-7fefd3bfc000 rw-p 00000000 00:00 0                          [stack:5220]
7fefd3bfc000-7fefd3bfd000 ---p 00000000 00:00 0 
7fefd3bfd000-7fefd4000000 rw-p 00000000 00:00 0                          [stack:5218]
7fefd4000000-7fefd4021000 rw-p 00000000 00:00 0 
7fefd4021000-7fefd8000000 ---p 00000000 00:00 0 
7fefd8000000-7fefd8021000 rw-p 00000000 00:00 0 
7fefd8021000-7fefdc000000 ---p 00000000 00:00 0 
7fefdc000000-7fefdc021000 rw-p 00000000 00:00 0 
7fefdc021000-7fefe0000000 ---p 00000000 00:00 0 
7fefe001d000-7fefe004e000 rw-p 00000000 00:00 0 
7fefe006b000-7fefe0081000 r--s 000f0000 08:06 3245283                    /home/tulin/AndroidStudioProjects/CamApp/app/build/intermediates/exploded-aar/com.android.support/support-v4/23.2.0/jars/classes.jar
7fefe0081000-7fefe0090000 r--s 000df000 08:06 3216701                    /home/tulin/Android/Sdk/build-tools/23.0.2/lib/dx.jar
7fefe0090000-7fefe0093000 r--s 0000f000 08:06 1489840                    /usr/lib/jvm/java-7-openjdk-amd64/jre/lib/ext/icedtea-sound.jar
7fefe0093000-7fefe0d6c000 rw-p 00000000 00:00 0 
7fefe0d6c000-7fefe0f1e000 r--s 01d2f000 08:06 1489796                    /usr/lib/jvm/java-7-openjdk-amd64/jre/lib/rt.jar
7fefe0f1e000-7fefe3772000 rw-p 00000000 00:00 0 
7fefe3772000-7fefe3773000 ---p 00000000 00:00 0 
7fefe3773000-7fefe3873000 rw-p 00000000 00:00 0                          [stack:5204]
7fefe3873000-7fefe3874000 ---p 00000000 00:00 0 
7fefe3874000-7fefe3974000 rw-p 00000000 00:00 0                          [stack:5203]
7fefe3974000-7fefe3975000 ---p 00000000 00:00 0 
7fefe3975000-7fefe3a75000 rw-p 00000000 00:00 0                          [stack:5202]
7fefe3a75000-7fefe3a76000 ---p 00000000 00:00 0 
7fefe3a76000-7fefe3b81000 rw-p 00000000 00:00 0                          [stack:5201]
7fefe3b81000-7fefe3bc9000 rw-p 00000000 00:00 0 
7fefe3bc9000-7fefe3bdd000 rw-p 00000000 00:00 0 
7fefe3bdd000-7fefe3d1f000 rw-p 00000000 00:00 0 
7fefe3d1f000-7fefe3d2a000 rw-p 00000000 00:00 0 
7fefe3d2a000-7fefe3d72000 rw-p 00000000 00:00 0 
7fefe3d72000-7fefe3d86000 rw-p 00000000 00:00 0 
7fefe3d86000-7fefe3ec7000 rw-p 00000000 00:00 0 
7fefe3ec7000-7fefe3f17000 rw-p 00000000 00:00 0 
7fefe3f17000-7fefe3f72000 rw-p 00000000 00:00 0 
7fefe3f72000-7fefe3f73000 rw-p 00000000 00:00 0 
7fefe3f73000-7fefe41e3000 rwxp 00000000 00:00 0 
7fefe41e3000-7fefe6f73000 rw-p 00000000 00:00 0 
7fefe6f73000-7fefe6f7b000 r-xp 00000000 08:06 1489805                    /usr/lib/jvm/java-7-openjdk-amd64/jre/lib/amd64/libzip.so
7fefe6f7b000-7fefe717a000 ---p 00008000 08:06 1489805                    /usr/lib/jvm/java-7-openjdk-amd64/jre/lib/amd64/libzip.so
7fefe717a000-7fefe717b000 r--p 00007000 08:06 1489805                    /usr/lib/jvm/java-7-openjdk-amd64/jre/lib/amd64/libzip.so
7fefe717b000-7fefe717c000 rw-p 00008000 08:06 1489805                    /usr/lib/jvm/java-7-openjdk-amd64/jre/lib/amd64/libzip.so
7fefe717c000-7fefe7187000 r-xp 00000000 08:06 184225                     /lib/x86_64-linux-gnu/libnss_files-2.19.so
7fefe7187000-7fefe7386000 ---p 0000b000 08:06 184225                     /lib/x86_64-linux-gnu/libnss_files-2.19.so
7fefe7386000-7fefe7387000 r--p 0000a000 08:06 184225                     /lib/x86_64-linux-gnu/libnss_files-2.19.so
7fefe7387000-7fefe7388000 rw-p 0000b000 08:06 184225                     /lib/x86_64-linux-gnu/libnss_files-2.19.so
7fefe7388000-7fefe7393000 r-xp 00000000 08:06 145746                     /lib/x86_64-linux-gnu/libnss_nis-2.19.so
7fefe7393000-7fefe7592000 ---p 0000b000 08:06 145746                     /lib/x86_64-linux-gnu/libnss_nis-2.19.so
7fefe7592000-7fefe7593000 r--p 0000a000 08:06 145746                     /lib/x86_64-linux-gnu/libnss_nis-2.19.so
7fefe7593000-7fefe7594000 rw-p 0000b000 08:06 145746                     /lib/x86_64-linux-gnu/libnss_nis-2.19.so
7fefe7594000-7fefe75ab000 r-xp 00000000 08:06 145742                     /lib/x86_64-linux-gnu/libnsl-2.19.so
7fefe75ab000-7fefe77aa000 ---p 00017000 08:06 145742                     /lib/x86_64-linux-gnu/libnsl-2.19.so
7fefe77aa000-7fefe77ab000 r--p 00016000 08:06 145742                     /lib/x86_64-linux-gnu/libnsl-2.19.so
7fefe77ab000-7fefe77ac000 rw-p 00017000 08:06 145742                     /lib/x86_64-linux-gnu/libnsl-2.19.so
7fefe77ac000-7fefe77ae000 rw-p 00000000 00:00 0 
7fefe77ae000-7fefe77b7000 r-xp 00000000 08:06 145741                     /lib/x86_64-linux-gnu/libnss_compat-2.19.so
7fefe77b7000-7fefe79b6000 ---p 00009000 08:06 145741                     /lib/x86_64-linux-gnu/libnss_compat-2.19.so
7fefe79b6000-7fefe79b7000 r--p 00008000 08:06 145741                     /lib/x86_64-linux-gnu/libnss_compat-2.19.so
7fefe79b7000-7fefe79b8000 rw-p 00009000 08:06 145741                     /lib/x86_64-linux-gnu/libnss_compat-2.19.so
7fefe79b8000-7fefe79e3000 r-xp 00000000 08:06 1489826                    /usr/lib/jvm/java-7-openjdk-amd64/jre/lib/amd64/libjava.so
7fefe79e3000-7fefe7be3000 ---p 0002b000 08:06 1489826                    /usr/lib/jvm/java-7-openjdk-amd64/jre/lib/amd64/libjava.so
7fefe7be3000-7fefe7be4000 r--p 0002b000 08:06 1489826                    /usr/lib/jvm/java-7-openjdk-amd64/jre/lib/amd64/libjava.so
7fefe7be4000-7fefe7be6000 rw-p 0002c000 08:06 1489826                    /usr/lib/jvm/java-7-openjdk-amd64/jre/lib/amd64/libjava.so
7fefe7be6000-7fefe7bf6000 r-xp 00000000 08:06 1489810                    /usr/lib/jvm/java-7-openjdk-amd64/jre/lib/amd64/libverify.so
7fefe7bf6000-7fefe7df5000 ---p 00010000 08:06 1489810                    /usr/lib/jvm/java-7-openjdk-amd64/jre/lib/amd64/libverify.so
7fefe7df5000-7fefe7df7000 r--p 0000f000 08:06 1489810                    /usr/lib/jvm/java-7-openjdk-amd64/jre/lib/amd64/libverify.so
7fefe7df7000-7fefe7df8000 rw-p 00011000 08:06 1489810                    /usr/lib/jvm/java-7-openjdk-amd64/jre/lib/amd64/libverify.so
7fefe7df8000-7fefe7dff000 r-xp 00000000 08:06 148472                     /lib/x86_64-linux-gnu/librt-2.19.so
7fefe7dff000-7fefe7ffe000 ---p 00007000 08:06 148472                     /lib/x86_64-linux-gnu/librt-2.19.so
7fefe7ffe000-7fefe7fff000 r--p 00006000 08:06 148472                     /lib/x86_64-linux-gnu/librt-2.19.so
7fefe7fff000-7fefe8000000 rw-p 00007000 08:06 148472                     /lib/x86_64-linux-gnu/librt-2.19.so
7fefe8000000-7fefe81e6000 rw-p 00000000 00:00 0 
7fefe81e6000-7fefec000000 ---p 00000000 00:00 0 
7fefec000000-7fefec049000 rw-p 00000000 00:00 0 
7fefec049000-7fefec05f000 r-xp 00000000 08:06 131070                     /lib/x86_64-linux-gnu/libgcc_s.so.1
7fefec05f000-7fefec25e000 ---p 00016000 08:06 131070                     /lib/x86_64-linux-gnu/libgcc_s.so.1
7fefec25e000-7fefec25f000 rw-p 00015000 08:06 131070                     /lib/x86_64-linux-gnu/libgcc_s.so.1
7fefec25f000-7fefec364000 r-xp 00000000 08:06 135048                     /lib/x86_64-linux-gnu/libm-2.19.so
7fefec364000-7fefec563000 ---p 00105000 08:06 135048                     /lib/x86_64-linux-gnu/libm-2.19.so
7fefec563000-7fefec564000 r--p 00104000 08:06 135048                     /lib/x86_64-linux-gnu/libm-2.19.so
7fefec564000-7fefec565000 rw-p 00105000 08:06 135048                     /lib/x86_64-linux-gnu/libm-2.19.so
7fefec565000-7fefec64b000 r-xp 00000000 08:06 1439330                    /usr/lib/x86_64-linux-gnu/libstdc++.so.6.0.19
7fefec64b000-7fefec84a000 ---p 000e6000 08:06 1439330                    /usr/lib/x86_64-linux-gnu/libstdc++.so.6.0.19
7fefec84a000-7fefec852000 r--p 000e5000 08:06 1439330                    /usr/lib/x86_64-linux-gnu/libstdc++.so.6.0.19
7fefec852000-7fefec854000 rw-p 000ed000 08:06 1439330                    /usr/lib/x86_64-linux-gnu/libstdc++.so.6.0.19
7fefec854000-7fefec869000 rw-p 00000000 00:00 0 
7fefec869000-7fefed38e000 r-xp 00000000 08:06 1489806                    /usr/lib/jvm/java-7-openjdk-amd64/jre/lib/amd64/server/libjvm.so
7fefed38e000-7fefed58e000 ---p 00b25000 08:06 1489806                    /usr/lib/jvm/java-7-openjdk-amd64/jre/lib/amd64/server/libjvm.so
7fefed58e000-7fefed628000 r--p 00b25000 08:06 1489806                    /usr/lib/jvm/java-7-openjdk-amd64/jre/lib/amd64/server/libjvm.so
7fefed628000-7fefed64b000 rw-p 00bbf000 08:06 1489806                    /usr/lib/jvm/java-7-openjdk-amd64/jre/lib/amd64/server/libjvm.so
7fefed64b000-7fefed679000 rw-p 00000000 00:00 0 
7fefed679000-7fefed691000 r-xp 00000000 08:06 135112                     /lib/x86_64-linux-gnu/libz.so.1.2.8
7fefed691000-7fefed890000 ---p 00018000 08:06 135112                     /lib/x86_64-linux-gnu/libz.so.1.2.8
7fefed890000-7fefed891000 r--p 00017000 08:06 135112                     /lib/x86_64-linux-gnu/libz.so.1.2.8
7fefed891000-7fefed892000 rw-p 00018000 08:06 135112                     /lib/x86_64-linux-gnu/libz.so.1.2.8
7fefed892000-7fefed8ab000 r-xp 00000000 08:06 145743                     /lib/x86_64-linux-gnu/libpthread-2.19.so
7fefed8ab000-7fefedaaa000 ---p 00019000 08:06 145743                     /lib/x86_64-linux-gnu/libpthread-2.19.so
7fefedaaa000-7fefedaab000 r--p 00018000 08:06 145743                     /lib/x86_64-linux-gnu/libpthread-2.19.so
7fefedaab000-7fefedaac000 rw-p 00019000 08:06 145743                     /lib/x86_64-linux-gnu/libpthread-2.19.so
7fefedaac000-7fefedab0000 rw-p 00000000 00:00 0 
7fefedab0000-7fefedab3000 r-xp 00000000 08:06 145738                     /lib/x86_64-linux-gnu/libdl-2.19.so
7fefedab3000-7fefedcb2000 ---p 00003000 08:06 145738                     /lib/x86_64-linux-gnu/libdl-2.19.so
7fefedcb2000-7fefedcb3000 r--p 00002000 08:06 145738                     /lib/x86_64-linux-gnu/libdl-2.19.so
7fefedcb3000-7fefedcb4000 rw-p 00003000 08:06 145738                     /lib/x86_64-linux-gnu/libdl-2.19.so
7fefedcb4000-7fefede6f000 r-xp 00000000 08:06 148473                     /lib/x86_64-linux-gnu/libc-2.19.so
7fefede6f000-7fefee06e000 ---p 001bb000 08:06 148473                     /lib/x86_64-linux-gnu/libc-2.19.so
7fefee06e000-7fefee072000 r--p 001ba000 08:06 148473                     /lib/x86_64-linux-gnu/libc-2.19.so
7fefee072000-7fefee074000 rw-p 001be000 08:06 148473                     /lib/x86_64-linux-gnu/libc-2.19.so
7fefee074000-7fefee079000 rw-p 00000000 00:00 0 
7fefee079000-7fefee086000 r-xp 00000000 08:06 1489800                    /usr/lib/jvm/java-7-openjdk-amd64/jre/lib/amd64/jli/libjli.so
7fefee086000-7fefee285000 ---p 0000d000 08:06 1489800                    /usr/lib/jvm/java-7-openjdk-amd64/jre/lib/amd64/jli/libjli.so
7fefee285000-7fefee286000 r--p 0000c000 08:06 1489800                    /usr/lib/jvm/java-7-openjdk-amd64/jre/lib/amd64/jli/libjli.so
7fefee286000-7fefee287000 rw-p 0000d000 08:06 1489800                    /usr/lib/jvm/java-7-openjdk-amd64/jre/lib/amd64/jli/libjli.so
7fefee287000-7fefee2aa000 r-xp 00000000 08:06 145744                     /lib/x86_64-linux-gnu/ld-2.19.so
7fefee2ac000-7fefee2ce000 rw-p 00000000 00:00 0 
7fefee2ce000-7fefee384000 rw-p 00000000 00:00 0 
7fefee384000-7fefee387000 ---p 00000000 00:00 0 
7fefee387000-7fefee48a000 rw-p 00000000 00:00 0                          [stack:5199]
7fefee48b000-7fefee48c000 rw-p 00000000 00:00 0 
7fefee48c000-7fefee48e000 r--s 00012000 08:06 1489837                    /usr/lib/jvm/java-7-openjdk-amd64/jre/lib/ext/zipfs.jar
7fefee48e000-7fefee48f000 r--s 00002000 08:06 1489839                    /usr/lib/jvm/java-7-openjdk-amd64/jre/lib/ext/dnsns.jar
7fefee48f000-7fefee491000 r--s 00006000 08:06 1840524                    /usr/share/java/java-atk-wrapper.jar
7fefee491000-7fefee495000 r--s 0003c000 08:06 1489838                    /usr/lib/jvm/java-7-openjdk-amd64/jre/lib/ext/sunpkcs11.jar
7fefee495000-7fefee499000 r--s 00034000 08:06 1489836                    /usr/lib/jvm/java-7-openjdk-amd64/jre/lib/ext/sunjce_provider.jar
7fefee499000-7fefee49d000 r--s 00085000 08:06 1489835                    /usr/lib/jvm/java-7-openjdk-amd64/jre/lib/ext/localedata.jar
7fefee49d000-7fefee4a5000 rw-s 00000000 08:06 1840112                    /tmp/hsperfdata_tulin/5189
7fefee4a5000-7fefee4a6000 rw-p 00000000 00:00 0 
7fefee4a6000-7fefee4a7000 ---p 00000000 00:00 0 
7fefee4a7000-7fefee4a9000 rw-p 00000000 00:00 0 
7fefee4a9000-7fefee4aa000 r--p 00022000 08:06 145744                     /lib/x86_64-linux-gnu/ld-2.19.so
7fefee4aa000-7fefee4ab000 rw-p 00023000 08:06 145744                     /lib/x86_64-linux-gnu/ld-2.19.so
7fefee4ab000-7fefee4ac000 rw-p 00000000 00:00 0 
7ffe9895d000-7ffe9897e000 rw-p 00000000 00:00 0                          [stack]
7ffe989c0000-7ffe989c2000 r-xp 00000000 00:00 0                          [vdso]
ffffffffff600000-ffffffffff601000 r-xp 00000000 00:00 0                  [vsyscall]

VM Arguments:
jvm_args: -Djava.awt.headless=true -Xmx1024M -Dfile.encoding=UTF-8 -Duser.country=US -Duser.language=en -Duser.variant 
java_command: com.android.dx.command.Main --dex --num-threads=4 --output /home/tulin/AndroidStudioProjects/CamApp/app/build/intermediates/pre-dexed/release/com.android.support-support-v4-23.2.0_4b1fd8c92292e56f5a1fba56278554e72cab954d.jar /home/tulin/AndroidStudioProjects/CamApp/app/build/intermediates/exploded-aar/com.android.support/support-v4/23.2.0/jars/classes.jar
Launcher Type: SUN_STANDARD

Environment Variables:
PATH=/usr/local/sbin:/usr/local/bin:/usr/sbin:/usr/bin:/sbin:/bin:/usr/games:/usr/local/games
SHELL=/bin/bash
DISPLAY=:0

Signal Handlers:
SIGSEGV: [libjvm.so+0x955bc0], sa_mask[0]=0x7ffbfeff, sa_flags=0x10000004
SIGBUS: [libjvm.so+0x955bc0], sa_mask[0]=0x7ffbfeff, sa_flags=0x10000004
SIGFPE: [libjvm.so+0x7caff0], sa_mask[0]=0x7ffbfeff, sa_flags=0x10000004
SIGPIPE: [libjvm.so+0x7caff0], sa_mask[0]=0x7ffbfeff, sa_flags=0x10000004
SIGXFSZ: [libjvm.so+0x7caff0], sa_mask[0]=0x7ffbfeff, sa_flags=0x10000004
SIGILL: [libjvm.so+0x7caff0], sa_mask[0]=0x7ffbfeff, sa_flags=0x10000004
SIGUSR1: SIG_DFL, sa_mask[0]=0x00000000, sa_flags=0x00000000
SIGUSR2: [libjvm.so+0x7cae90], sa_mask[0]=0x00000004, sa_flags=0x10000004
SIGHUP: [libjvm.so+0x7cb070], sa_mask[0]=0x7ffbfeff, sa_flags=0x10000004
SIGINT: [libjvm.so+0x7cb070], sa_mask[0]=0x7ffbfeff, sa_flags=0x10000004
SIGTERM: [libjvm.so+0x7cb070], sa_mask[0]=0x7ffbfeff, sa_flags=0x10000004
SIGQUIT: [libjvm.so+0x7cb070], sa_mask[0]=0x7ffbfeff, sa_flags=0x10000004
SIGTRAP: SIG_DFL, sa_mask[0]=0x00000000, sa_flags=0x00000000


---------------  S Y S T E M  ---------------

OS:Ubuntu 14.04 (trusty)
uname:Linux 3.13.0-79-generic #123-Ubuntu SMP Fri Feb 19 14:27:58 UTC 2016 x86_64
libc:glibc 2.19 NPTL 2.19 
rlimit: STACK 8192k, CORE 0k, NPROC 30460, NOFILE 4096, AS infinity
load average:11,85 10,59 6,34

/proc/meminfo:
MemTotal:        3946988 kB
MemFree:          150456 kB
Buffers:            1400 kB
Cached:           330768 kB
SwapCached:            0 kB
Active:          3310820 kB
Inactive:         314824 kB
Active(anon):    3295288 kB
Inactive(anon):   298108 kB
Active(file):      15532 kB
Inactive(file):    16716 kB
Unevictable:          32 kB
Mlocked:              32 kB
SwapTotal:             0 kB
SwapFree:              0 kB
Dirty:               532 kB
Writeback:             0 kB
AnonPages:       3293548 kB
Mapped:           135240 kB
Shmem:            299924 kB
Slab:              69044 kB
SReclaimable:      33316 kB
SUnreclaim:        35728 kB
KernelStack:        5752 kB
PageTables:        39860 kB
NFS_Unstable:          0 kB
Bounce:                0 kB
WritebackTmp:          0 kB
CommitLimit:     1973492 kB
Committed_AS:    8270228 kB
VmallocTotal:   34359738367 kB
VmallocUsed:      350152 kB
VmallocChunk:   34359379708 kB
HardwareCorrupted:     0 kB
AnonHugePages:   1214464 kB
HugePages_Total:       0
HugePages_Free:        0
HugePages_Rsvd:        0
HugePages_Surp:        0
Hugepagesize:       2048 kB
DirectMap4k:       70688 kB
DirectMap2M:     4024320 kB


CPU:total 4 (2 cores per cpu, 2 threads per core) family 6 model 42 stepping 7, cmov, cx8, fxsr, mmx, sse, sse2, sse3, ssse3, sse4.1, sse4.2, popcnt, avx, aes, ht, tsc, tscinvbit

/proc/cpuinfo:
processor	: 0
vendor_id	: GenuineIntel
cpu family	: 6
model		: 42
model name	: Intel(R) Core(TM) i5-2557M CPU @ 1.70GHz
stepping	: 7
microcode	: 0x1a
cpu MHz		: 1701.000
cache size	: 3072 KB
physical id	: 0
siblings	: 4
core id		: 0
cpu cores	: 2
apicid		: 0
initial apicid	: 0
fpu		: yes
fpu_exception	: yes
cpuid level	: 13
wp		: yes
flags		: fpu vme de pse tsc msr pae mce cx8 apic sep mtrr pge mca cmov pat pse36 clflush dts acpi mmx fxsr sse sse2 ss ht tm pbe syscall nx rdtscp lm constant_tsc arch_perfmon pebs bts rep_good nopl xtopology nonstop_tsc aperfmperf eagerfpu pni pclmulqdq dtes64 monitor ds_cpl vmx smx est tm2 ssse3 cx16 xtpr pdcm pcid sse4_1 sse4_2 x2apic popcnt tsc_deadline_timer aes xsave avx lahf_lm ida arat epb xsaveopt pln pts dtherm tpr_shadow vnmi flexpriority ept vpid
bogomips	: 3392.39
clflush size	: 64
cache_alignment	: 64
address sizes	: 36 bits physical, 48 bits virtual
power management:

processor	: 1
vendor_id	: GenuineIntel
cpu family	: 6
model		: 42
model name	: Intel(R) Core(TM) i5-2557M CPU @ 1.70GHz
stepping	: 7
microcode	: 0x1a
cpu MHz		: 1701.000
cache size	: 3072 KB
physical id	: 0
siblings	: 4
core id		: 1
cpu cores	: 2
apicid		: 2
initial apicid	: 2
fpu		: yes
fpu_exception	: yes
cpuid level	: 13
wp		: yes
flags		: fpu vme de pse tsc msr pae mce cx8 apic sep mtrr pge mca cmov pat pse36 clflush dts acpi mmx fxsr sse sse2 ss ht tm pbe syscall nx rdtscp lm constant_tsc arch_perfmon pebs bts rep_good nopl xtopology nonstop_tsc aperfmperf eagerfpu pni pclmulqdq dtes64 monitor ds_cpl vmx smx est tm2 ssse3 cx16 xtpr pdcm pcid sse4_1 sse4_2 x2apic popcnt tsc_deadline_timer aes xsave avx lahf_lm ida arat epb xsaveopt pln pts dtherm tpr_shadow vnmi flexpriority ept vpid
bogomips	: 3392.39
clflush size	: 64
cache_alignment	: 64
address sizes	: 36 bits physical, 48 bits virtual
power management:

processor	: 2
vendor_id	: GenuineIntel
cpu family	: 6
model		: 42
model name	: Intel(R) Core(TM) i5-2557M CPU @ 1.70GHz
stepping	: 7
microcode	: 0x1a
cpu MHz		: 1701.000
cache size	: 3072 KB
physical id	: 0
siblings	: 4
core id		: 0
cpu cores	: 2
apicid		: 1
initial apicid	: 1
fpu		: yes
fpu_exception	: yes
cpuid level	: 13
wp		: yes
flags		: fpu vme de pse tsc msr pae mce cx8 apic sep mtrr pge mca cmov pat pse36 clflush dts acpi mmx fxsr sse sse2 ss ht tm pbe syscall nx rdtscp lm constant_tsc arch_perfmon pebs bts rep_good nopl xtopology nonstop_tsc aperfmperf eagerfpu pni pclmulqdq dtes64 monitor ds_cpl vmx smx est tm2 ssse3 cx16 xtpr pdcm pcid sse4_1 sse4_2 x2apic popcnt tsc_deadline_timer aes xsave avx lahf_lm ida arat epb xsaveopt pln pts dtherm tpr_shadow vnmi flexpriority ept vpid
bogomips	: 3392.39
clflush size	: 64
cache_alignment	: 64
address sizes	: 36 bits physical, 48 bits virtual
power management:

processor	: 3
vendor_id	: GenuineIntel
cpu family	: 6
model		: 42
model name	: Intel(R) Core(TM) i5-2557M CPU @ 1.70GHz
stepping	: 7
microcode	: 0x1a
cpu MHz		: 1701.000
cache size	: 3072 KB
physical id	: 0
siblings	: 4
core id		: 1
cpu cores	: 2
apicid		: 3
initial apicid	: 3
fpu		: yes
fpu_exception	: yes
cpuid level	: 13
wp		: yes
flags		: fpu vme de pse tsc msr pae mce cx8 apic sep mtrr pge mca cmov pat pse36 clflush dts acpi mmx fxsr sse sse2 ss ht tm pbe syscall nx rdtscp lm constant_tsc arch_perfmon pebs bts rep_good nopl xtopology nonstop_tsc aperfmperf eagerfpu pni pclmulqdq dtes64 monitor ds_cpl vmx smx est tm2 ssse3 cx16 xtpr pdcm pcid sse4_1 sse4_2 x2apic popcnt tsc_deadline_timer aes xsave avx lahf_lm ida arat epb xsaveopt pln pts dtherm tpr_shadow vnmi flexpriority ept vpid
bogomips	: 3392.39
clflush size	: 64
cache_alignment	: 64
address sizes	: 36 bits physical, 48 bits virtual
power management:



Memory: 4k page, physical 3946988k(150456k free), swap 0k(0k free)

vm_info: OpenJDK 64-Bit Server VM (24.95-b01) for linux-amd64 JRE (1.7.0_95-b00), built on Jan 21 2016 03:31:40 by "buildd" with gcc 4.8.4

time: Wed Apr  6 13:59:18 2016
elapsed time: 29 seconds

