#
# There is insufficient memory for the Java Runtime Environment to continue.
# Native memory allocation (malloc) failed to allocate 89128960 bytes for committing reserved memory.
# Possible reasons:
#   The system is out of physical RAM or swap space
#   In 32 bit mode, the process size limit was hit
# Possible solutions:
#   Reduce memory load on the system
#   Increase physical memory or swap space
#   Check if swap backing store is full
#   Use 64 bit Java on a 64 bit OS
#   Decrease Java heap size (-Xmx/-Xms)
#   Decrease number of Java threads
#   Decrease Java thread stack sizes (-Xss)
#   Set larger code cache with -XX:ReservedCodeCacheSize=
# This output file may be truncated or incomplete.
#
#  Out of Memory Error (os_linux.cpp:2827), pid=6213, tid=139766101477120
#
# JRE version: OpenJDK Runtime Environment (7.0_95) (build 1.7.0_95-b00)
# Java VM: OpenJDK 64-Bit Server VM (24.95-b01 mixed mode linux-amd64 compressed oops)
# Derivative: IcedTea 2.6.4
# Distribution: Ubuntu 14.04.3 LTS, package 7u95-2.6.4-0ubuntu0.14.04.1
# Failed to write core dump. Core dumps have been disabled. To enable core dumping, try "ulimit -c unlimited" before starting Java again
#

---------------  T H R E A D  ---------------

Current thread (0x00007f1ddc076000):  VMThread [stack: 0x00007f1dd4c48000,0x00007f1dd4d49000] [id=6233]

Stack: [0x00007f1dd4c48000,0x00007f1dd4d49000],  sp=0x00007f1dd4d47490,  free space=1021k
Native frames: (J=compiled Java code, j=interpreted, Vv=VM code, C=native code)
V  [libjvm.so+0x9550e5]
V  [libjvm.so+0x4902b4]
V  [libjvm.so+0x7cf7bb]
V  [libjvm.so+0x7ca28f]
V  [libjvm.so+0x83e56b]
V  [libjvm.so+0x83f3e0]
V  [libjvm.so+0x83facb]
V  [libjvm.so+0x83b4d8]
V  [libjvm.so+0x83bd48]
V  [libjvm.so+0x7f1fd3]
V  [libjvm.so+0x956ae4]
V  [libjvm.so+0x95abe7]
V  [libjvm.so+0x9596a8]
V  [libjvm.so+0x959b09]
V  [libjvm.so+0x959f52]
V  [libjvm.so+0x7cc682]

VM_Operation (0x00007f1db647c020): ParallelGCFailedAllocation, mode: safepoint, requested by thread 0x00007f1ddc193000


---------------  P R O C E S S  ---------------

Java Threads: ( => current thread )
  0x00007f1ddc19d000 JavaThread "pool-1-thread-4" [_thread_blocked, id=6275, stack(0x00007f1db5f79000,0x00007f1db607a000)]
  0x00007f1ddc19b000 JavaThread "pool-1-thread-3" [_thread_blocked, id=6272, stack(0x00007f1db607a000,0x00007f1db617b000)]
  0x00007f1ddc199800 JavaThread "pool-1-thread-2" [_thread_blocked, id=6269, stack(0x00007f1db617b000,0x00007f1db627c000)]
  0x00007f1ddc195000 JavaThread "pool-2-thread-1" [_thread_blocked, id=6268, stack(0x00007f1db627c000,0x00007f1db637d000)]
  0x00007f1ddc193000 JavaThread "pool-1-thread-1" [_thread_blocked, id=6267, stack(0x00007f1db637d000,0x00007f1db647e000)]
  0x00007f1ddc0b2000 JavaThread "Service Thread" daemon [_thread_blocked, id=6255, stack(0x00007f1db7cfd000,0x00007f1db7dfe000)]
  0x00007f1ddc0af800 JavaThread "C2 CompilerThread1" daemon [_thread_in_native, id=6254, stack(0x00007f1db7dfe000,0x00007f1db7eff000)]
  0x00007f1ddc0ac800 JavaThread "C2 CompilerThread0" daemon [_thread_blocked, id=6253, stack(0x00007f1db7eff000,0x00007f1db8000000)]
  0x00007f1ddc0aa800 JavaThread "Signal Dispatcher" daemon [_thread_blocked, id=6251, stack(0x00007f1dd40f3000,0x00007f1dd41f4000)]
  0x00007f1ddc07c000 JavaThread "Finalizer" daemon [_thread_blocked, id=6236, stack(0x00007f1dd4a46000,0x00007f1dd4b47000)]
  0x00007f1ddc07a000 JavaThread "Reference Handler" daemon [_thread_blocked, id=6235, stack(0x00007f1dd4b47000,0x00007f1dd4c48000)]
  0x00007f1ddc00a800 JavaThread "main" [_thread_blocked, id=6217, stack(0x00007f1de3346000,0x00007f1de3447000)]

Other Threads:
=>0x00007f1ddc076000 VMThread [stack: 0x00007f1dd4c48000,0x00007f1dd4d49000] [id=6233]
  0x00007f1ddc0bc800 WatcherThread [stack: 0x00007f1db7bfc000,0x00007f1db7cfd000] [id=6256]

VM state:at safepoint (normal execution)

VM Mutex/Monitor currently owned by a thread:  ([mutex/lock_event])
[0x00007f1ddc006990] Threads_lock - owner thread: 0x00007f1ddc076000
[0x00007f1ddc006e90] Heap_lock - owner thread: 0x00007f1ddc193000

Heap
 PSYoungGen      total 141312K, used 20990K [0x00000000eaa80000, 0x00000000f4d80000, 0x0000000100000000)
  eden space 120320K, 0% used [0x00000000eaa80000,0x00000000eaa80000,0x00000000f2000000)
  from space 20992K, 99% used [0x00000000f2000000,0x00000000f347fa58,0x00000000f3480000)
  to   space 16384K, 0% used [0x00000000f3480000,0x00000000f3480000,0x00000000f4480000)
 ParOldGen       total 40960K, used 38530K [0x00000000c0000000, 0x00000000c2800000, 0x00000000eaa80000)
  object space 40960K, 94% used [0x00000000c0000000,0x00000000c25a0a38,0x00000000c2800000)
 PSPermGen       total 21504K, used 6369K [0x00000000b5a00000, 0x00000000b6f00000, 0x00000000c0000000)
  object space 21504K, 29% used [0x00000000b5a00000,0x00000000b6038538,0x00000000b6f00000)

Card table byte_map: [0x00007f1dd8ba3000,0x00007f1dd8df7000] byte_map_base: 0x00007f1dd85f6000

Polling page: 0x00007f1de3467000

Code Cache  [0x00007f1dd8df7000, 0x00007f1dd9067000, 0x00007f1ddbdf7000)
 total_blobs=582 nmethods=351 adapters=184 free_code_cache=47501Kb largest_free_block=48613568

Compilation events (10 events):
Event: 29,626 Thread 0x00007f1ddc0ac800 nmethod 359 0x00007f1dd8f5ae10 code [0x00007f1dd8f5af80, 0x00007f1dd8f5b138]
Event: 29,626 Thread 0x00007f1ddc0ac800  360             com.android.dx.rop.type.Type::getBasicFrameType (60 bytes)
Event: 29,626 Thread 0x00007f1ddc0ac800 nmethod 360 0x00007f1dd8f599d0 code [0x00007f1dd8f59b00, 0x00007f1dd8f59b78]
Event: 29,626 Thread 0x00007f1ddc0ac800  361             com.android.dx.rop.code.PlainInsn::withNewRegisters (18 bytes)
Event: 29,645 Thread 0x00007f1ddc0ac800 nmethod 361 0x00007f1dd8ec4950 code [0x00007f1dd8ec4aa0, 0x00007f1dd8ec4c58]
Event: 29,645 Thread 0x00007f1ddc0ac800  362             com.android.dx.ssa.back.FirstFitLocalCombiningAllocator$1::processInsn (169 bytes)
Event: 30,026 Thread 0x00007f1ddc0ac800 nmethod 362 0x00007f1dd8f75d50 code [0x00007f1dd8f76040, 0x00007f1dd8f77220]
Event: 30,026 Thread 0x00007f1ddc0ac800  363             com.android.dx.ssa.SsaRenamer$BlockRenamer::visitNonMoveInsn (14 bytes)
Event: 30,125 Thread 0x00007f1ddc0ac800 nmethod 363 0x00007f1dd8f993d0 code [0x00007f1dd8f995c0, 0x00007f1dd8f99c50]
Event: 30,125 Thread 0x00007f1ddc0ac800  364             com.android.dx.ssa.LiteralOpUpgrader$1::visitNonMoveInsn (203 bytes)

GC Heap History (10 events):
Event: 5,661 GC heap after
Heap after GC invocations=4 (full 0):
 PSYoungGen      total 34304K, used 2546K [0x00000000eaa80000, 0x00000000ece80000, 0x0000000100000000)
  eden space 31744K, 0% used [0x00000000eaa80000,0x00000000eaa80000,0x00000000ec980000)
  from space 2560K, 99% used [0x00000000ecc00000,0x00000000ece7c878,0x00000000ece80000)
  to   space 2560K, 0% used [0x00000000ec980000,0x00000000ec980000,0x00000000ecc00000)
 ParOldGen       total 40960K, used 7324K [0x00000000c0000000, 0x00000000c2800000, 0x00000000eaa80000)
  object space 40960K, 17% used [0x00000000c0000000,0x00000000c07272e8,0x00000000c2800000)
 PSPermGen       total 21504K, used 6155K [0x00000000b5a00000, 0x00000000b6f00000, 0x00000000c0000000)
  object space 21504K, 28% used [0x00000000b5a00000,0x00000000b6002f00,0x00000000b6f00000)
}
Event: 8,628 GC heap before
{Heap before GC invocations=5 (full 0):
 PSYoungGen      total 34304K, used 34290K [0x00000000eaa80000, 0x00000000ece80000, 0x0000000100000000)
  eden space 31744K, 100% used [0x00000000eaa80000,0x00000000ec980000,0x00000000ec980000)
  from space 2560K, 99% used [0x00000000ecc00000,0x00000000ece7c878,0x00000000ece80000)
  to   space 2560K, 0% used [0x00000000ec980000,0x00000000ec980000,0x00000000ecc00000)
 ParOldGen       total 40960K, used 7324K [0x00000000c0000000, 0x00000000c2800000, 0x00000000eaa80000)
  object space 40960K, 17% used [0x00000000c0000000,0x00000000c07272e8,0x00000000c2800000)
 PSPermGen       total 21504K, used 6201K [0x00000000b5a00000, 0x00000000b6f00000, 0x00000000c0000000)
  object space 21504K, 28% used [0x00000000b5a00000,0x00000000b600e680,0x00000000b6f00000)
Event: 8,702 GC heap after
Heap after GC invocations=5 (full 0):
 PSYoungGen      total 34304K, used 2541K [0x00000000eaa80000, 0x00000000efb80000, 0x0000000100000000)
  eden space 31744K, 0% used [0x00000000eaa80000,0x00000000eaa80000,0x00000000ec980000)
  from space 2560K, 99% used [0x00000000ec980000,0x00000000ecbfb4a8,0x00000000ecc00000)
  to   space 9728K, 0% used [0x00000000ef200000,0x00000000ef200000,0x00000000efb80000)
 ParOldGen       total 40960K, used 12956K [0x00000000c0000000, 0x00000000c2800000, 0x00000000eaa80000)
  object space 40960K, 31% used [0x00000000c0000000,0x00000000c0ca7230,0x00000000c2800000)
 PSPermGen       total 21504K, used 6201K [0x00000000b5a00000, 0x00000000b6f00000, 0x00000000c0000000)
  object space 21504K, 28% used [0x00000000b5a00000,0x00000000b600e680,0x00000000b6f00000)
}
Event: 11,360 GC heap before
{Heap before GC invocations=6 (full 0):
 PSYoungGen      total 34304K, used 34285K [0x00000000eaa80000, 0x00000000efb80000, 0x0000000100000000)
  eden space 31744K, 100% used [0x00000000eaa80000,0x00000000ec980000,0x00000000ec980000)
  from space 2560K, 99% used [0x00000000ec980000,0x00000000ecbfb4a8,0x00000000ecc00000)
  to   space 9728K, 0% used [0x00000000ef200000,0x00000000ef200000,0x00000000efb80000)
 ParOldGen       total 40960K, used 12956K [0x00000000c0000000, 0x00000000c2800000, 0x00000000eaa80000)
  object space 40960K, 31% used [0x00000000c0000000,0x00000000c0ca7230,0x00000000c2800000)
 PSPermGen       total 21504K, used 6223K [0x00000000b5a00000, 0x00000000b6f00000, 0x00000000c0000000)
  object space 21504K, 28% used [0x00000000b5a00000,0x00000000b6013e90,0x00000000b6f00000)
Event: 11,478 GC heap after
Heap after GC invocations=6 (full 0):
 PSYoungGen      total 72192K, used 8109K [0x00000000eaa80000, 0x00000000efd80000, 0x0000000100000000)
  eden space 62464K, 0% used [0x00000000eaa80000,0x00000000eaa80000,0x00000000ee780000)
  from space 9728K, 83% used [0x00000000ef200000,0x00000000ef9eb488,0x00000000efb80000)
  to   space 10752K, 0% used [0x00000000ee780000,0x00000000ee780000,0x00000000ef200000)
 ParOldGen       total 40960K, used 12956K [0x00000000c0000000, 0x00000000c2800000, 0x00000000eaa80000)
  object space 40960K, 31% used [0x00000000c0000000,0x00000000c0ca7230,0x00000000c2800000)
 PSPermGen       total 21504K, used 6223K [0x00000000b5a00000, 0x00000000b6f00000, 0x00000000c0000000)
  object space 21504K, 28% used [0x00000000b5a00000,0x00000000b6013e90,0x00000000b6f00000)
}
Event: 17,251 GC heap before
{Heap before GC invocations=7 (full 0):
 PSYoungGen      total 72192K, used 70573K [0x00000000eaa80000, 0x00000000efd80000, 0x0000000100000000)
  eden space 62464K, 100% used [0x00000000eaa80000,0x00000000ee780000,0x00000000ee780000)
  from space 9728K, 83% used [0x00000000ef200000,0x00000000ef9eb488,0x00000000efb80000)
  to   space 10752K, 0% used [0x00000000ee780000,0x00000000ee780000,0x00000000ef200000)
 ParOldGen       total 40960K, used 12956K [0x00000000c0000000, 0x00000000c2800000, 0x00000000eaa80000)
  object space 40960K, 31% used [0x00000000c0000000,0x00000000c0ca7230,0x00000000c2800000)
 PSPermGen       total 21504K, used 6269K [0x00000000b5a00000, 0x00000000b6f00000, 0x00000000c0000000)
  object space 21504K, 29% used [0x00000000b5a00000,0x00000000b601f7e0,0x00000000b6f00000)
Event: 17,418 GC heap after
Heap after GC invocations=7 (full 0):
 PSYoungGen      total 73216K, used 10722K [0x00000000eaa80000, 0x00000000f4480000, 0x0000000100000000)
  eden space 62464K, 0% used [0x00000000eaa80000,0x00000000eaa80000,0x00000000ee780000)
  from space 10752K, 99% used [0x00000000ee780000,0x00000000ef1f8910,0x00000000ef200000)
  to   space 16384K, 0% used [0x00000000f3480000,0x00000000f3480000,0x00000000f4480000)
 ParOldGen       total 40960K, used 19478K [0x00000000c0000000, 0x00000000c2800000, 0x00000000eaa80000)
  object space 40960K, 47% used [0x00000000c0000000,0x00000000c1305af0,0x00000000c2800000)
 PSPermGen       total 21504K, used 6269K [0x00000000b5a00000, 0x00000000b6f00000, 0x00000000c0000000)
  object space 21504K, 29% used [0x00000000b5a00000,0x00000000b601f7e0,0x00000000b6f00000)
}
Event: 23,175 GC heap before
{Heap before GC invocations=8 (full 0):
 PSYoungGen      total 73216K, used 73186K [0x00000000eaa80000, 0x00000000f4480000, 0x0000000100000000)
  eden space 62464K, 100% used [0x00000000eaa80000,0x00000000ee780000,0x00000000ee780000)
  from space 10752K, 99% used [0x00000000ee780000,0x00000000ef1f8910,0x00000000ef200000)
  to   space 16384K, 0% used [0x00000000f3480000,0x00000000f3480000,0x00000000f4480000)
 ParOldGen       total 40960K, used 19478K [0x00000000c0000000, 0x00000000c2800000, 0x00000000eaa80000)
  object space 40960K, 47% used [0x00000000c0000000,0x00000000c1305af0,0x00000000c2800000)
 PSPermGen       total 21504K, used 6294K [0x00000000b5a00000, 0x00000000b6f00000, 0x00000000c0000000)
  object space 21504K, 29% used [0x00000000b5a00000,0x00000000b6025b48,0x00000000b6f00000)
Event: 23,294 GC heap after
Heap after GC invocations=8 (full 0):
 PSYoungGen      total 136704K, used 16368K [0x00000000eaa80000, 0x00000000f4d80000, 0x0000000100000000)
  eden space 120320K, 0% used [0x00000000eaa80000,0x00000000eaa80000,0x00000000f2000000)
  from space 16384K, 99% used [0x00000000f3480000,0x00000000f447c030,0x00000000f4480000)
  to   space 20992K, 0% used [0x00000000f2000000,0x00000000f2000000,0x00000000f3480000)
 ParOldGen       total 40960K, used 24005K [0x00000000c0000000, 0x00000000c2800000, 0x00000000eaa80000)
  object space 40960K, 58% used [0x00000000c0000000,0x00000000c17716a8,0x00000000c2800000)
 PSPermGen       total 21504K, used 6294K [0x00000000b5a00000, 0x00000000b6f00000, 0x00000000c0000000)
  object space 21504K, 29% used [0x00000000b5a00000,0x00000000b6025b48,0x00000000b6f00000)
}
Event: 30,464 GC heap before
{Heap before GC invocations=9 (full 0):
 PSYoungGen      total 136704K, used 136688K [0x00000000eaa80000, 0x00000000f4d80000, 0x0000000100000000)
  eden space 120320K, 100% used [0x00000000eaa80000,0x00000000f2000000,0x00000000f2000000)
  from space 16384K, 99% used [0x00000000f3480000,0x00000000f447c030,0x00000000f4480000)
  to   space 20992K, 0% used [0x00000000f2000000,0x00000000f2000000,0x00000000f3480000)
 ParOldGen       total 40960K, used 24005K [0x00000000c0000000, 0x00000000c2800000, 0x00000000eaa80000)
  object space 40960K, 58% used [0x00000000c0000000,0x00000000c17716a8,0x00000000c2800000)
 PSPermGen       total 21504K, used 6369K [0x00000000b5a00000, 0x00000000b6f00000, 0x00000000c0000000)
  object space 21504K, 29% used [0x00000000b5a00000,0x00000000b6038538,0x00000000b6f00000)

Deoptimization events (10 events):
Event: 5,869 Thread 0x00007f1ddc00a800 Uncommon trap: reason=bimorphic action=maybe_recompile pc=0x00007f1dd8e8f4a8 method=com.android.dx.ssa.NormalSsaInsn.accept(Lcom/android/dx/ssa/SsaInsn$Visitor;)V @ 9
Event: 5,869 Thread 0x00007f1ddc00a800 Uncommon trap: reason=bimorphic action=maybe_recompile pc=0x00007f1dd8e6ebc4 method=com.android.dx.ssa.NormalSsaInsn.accept(Lcom/android/dx/ssa/SsaInsn$Visitor;)V @ 9
Event: 6,181 Thread 0x00007f1ddc193000 Uncommon trap: reason=unstable_if action=reinterpret pc=0x00007f1dd8eb1154 method=com.android.dx.ssa.LocalVariableExtractor.processBlock(I)V @ 251
Event: 6,204 Thread 0x00007f1ddc199800 Uncommon trap: reason=unstable_if action=reinterpret pc=0x00007f1dd8e97d74 method=com.android.dx.util.IntList.binarysearch(I)I @ 105
Event: 6,782 Thread 0x00007f1ddc00a800 Uncommon trap: reason=null_check action=make_not_entrant pc=0x00007f1dd8ec0c88 method=com.android.dx.ssa.SsaRenamer.getLocalForNewReg(I)Lcom/android/dx/rop/code/LocalItem; @ 19
Event: 7,636 Thread 0x00007f1ddc199800 Uncommon trap: reason=unstable_if action=reinterpret pc=0x00007f1dd8e8556c method=com.android.dx.rop.code.RegisterSpec.equals(ILcom/android/dx/rop/type/TypeBearer;Lcom/android/dx/rop/code/LocalItem;)Z @ 42
Event: 15,743 Thread 0x00007f1ddc19d000 Uncommon trap: reason=unstable_if action=reinterpret pc=0x00007f1dd8edce88 method=com.android.dx.ssa.SCCP.simulateBranch(Lcom/android/dx/ssa/SsaInsn;)V @ 548
Event: 16,016 Thread 0x00007f1ddc19d000 Uncommon trap: reason=class_check action=maybe_recompile pc=0x00007f1dd8efffec method=com.android.dx.rop.code.RegisterSpec.withSimpleType()Lcom/android/dx/rop/code/RegisterSpec; @ 21
Event: 21,202 Thread 0x00007f1ddc199800 Uncommon trap: reason=null_check action=make_not_entrant pc=0x00007f1dd8f2f85c method=com.android.dx.cf.code.Ropper$CatchInfo.getSetup(Lcom/android/dx/rop/type/Type;)Lcom/android/dx/cf/code/Ropper$ExceptionHandlerSetup; @ 10
Event: 25,550 Thread 0x00007f1ddc19b000 Uncommon trap: reason=unstable_if action=reinterpret pc=0x00007f1dd8eed9bc method=com.android.dx.ssa.Dominators.run()V @ 346

Internal exceptions (10 events):
Event: 1,493 Thread 0x00007f1ddc00a800 Threw 0x00000000eb34e660 at /build/openjdk-7-2FOwCu/openjdk-7-7u95-2.6.4/build/openjdk/hotspot/src/share/vm/prims/jvm.cpp:1322
Event: 2,012 Thread 0x00007f1ddc00a800 Threw 0x00000000eb6d1de8 at /build/openjdk-7-2FOwCu/openjdk-7-7u95-2.6.4/build/openjdk/hotspot/src/share/vm/prims/jvm.cpp:1322
Event: 2,857 Thread 0x00007f1ddc19d000 Threw 0x00000000eaec32b8 at /build/openjdk-7-2FOwCu/openjdk-7-7u95-2.6.4/build/openjdk/hotspot/src/share/vm/prims/jvm.cpp:1322
Event: 4,275 Thread 0x00007f1ddc00a800 Implicit null exception at 0x00007f1dd8ea1f97 to 0x00007f1dd8ea267d
Event: 6,347 Thread 0x00007f1ddc00a800 Threw 0x00000000eb273cc8 at /build/openjdk-7-2FOwCu/openjdk-7-7u95-2.6.4/build/openjdk/hotspot/src/share/vm/prims/jvm.cpp:1322
Event: 6,537 Thread 0x00007f1ddc00a800 Threw 0x00000000eb49b200 at /build/openjdk-7-2FOwCu/openjdk-7-7u95-2.6.4/build/openjdk/hotspot/src/share/vm/prims/jvm.cpp:1322
Event: 6,782 Thread 0x00007f1ddc00a800 Implicit null exception at 0x00007f1dd8ebecba to 0x00007f1dd8ec0c65
Event: 8,546 Thread 0x00007f1ddc199800 Threw 0x00000000ec906b50 at /build/openjdk-7-2FOwCu/openjdk-7-7u95-2.6.4/build/openjdk/hotspot/src/share/vm/prims/jvm.cpp:1322
Event: 19,608 Thread 0x00007f1ddc00a800 Threw 0x00000000eb9d3838 at /build/openjdk-7-2FOwCu/openjdk-7-7u95-2.6.4/build/openjdk/hotspot/src/share/vm/prims/jvm.cpp:1322
Event: 21,202 Thread 0x00007f1ddc199800 Implicit null exception at 0x00007f1dd8f2bb05 to 0x00007f1dd8f2f81d

Events (10 events):
Event: 24,655 Thread 0x00007f1ddc0af800 flushing nmethod 0x00007f1dd8e85150
Event: 24,655 Thread 0x00007f1ddc0af800 flushing nmethod 0x00007f1dd8e8d590
Event: 24,676 Thread 0x00007f1ddc0af800 flushing nmethod 0x00007f1dd8e97ad0
Event: 25,438 Thread 0x00007f1ddc0af800 flushing nmethod 0x00007f1dd8ea1750
Event: 25,514 Thread 0x00007f1ddc0af800 flushing nmethod 0x00007f1dd8eaffd0
Event: 25,516 Thread 0x00007f1ddc0af800 flushing nmethod 0x00007f1dd8ebda50
Event: 25,550 Thread 0x00007f1ddc19b000 Uncommon trap: trap_request=0xffffff75 fr.pc=0x00007f1dd8eed9bc
Event: 25,550 Thread 0x00007f1ddc19b000 DEOPT PACKING pc=0x00007f1dd8eed9bc sp=0x00007f1db6179050
Event: 25,550 Thread 0x00007f1ddc19b000 DEOPT UNPACKING pc=0x00007f1dd8e30445 sp=0x00007f1db6179078 mode 2
Event: 30,446 Executing VM operation: ParallelGCFailedAllocation


Dynamic libraries:
00400000-00401000 r-xp 00000000 08:06 1454669                            /usr/lib/jvm/java-7-openjdk-amd64/jre/bin/java
00600000-00601000 r--p 00000000 08:06 1454669                            /usr/lib/jvm/java-7-openjdk-amd64/jre/bin/java
00601000-00602000 rw-p 00001000 08:06 1454669                            /usr/lib/jvm/java-7-openjdk-amd64/jre/bin/java
01a03000-01a24000 rw-p 00000000 00:00 0                                  [heap]
b5a00000-b6f00000 rw-p 00000000 00:00 0 
b6f00000-c0000000 rw-p 00000000 00:00 0 
c0000000-c2800000 rw-p 00000000 00:00 0 
c2800000-eaa80000 rw-p 00000000 00:00 0 
eaa80000-f4d80000 rw-p 00000000 00:00 0 
fa280000-100000000 rw-p 00000000 00:00 0 
7f1d88000000-7f1d88021000 rw-p 00000000 00:00 0 
7f1d88021000-7f1d8c000000 ---p 00000000 00:00 0 
7f1d90000000-7f1d90023000 rw-p 00000000 00:00 0 
7f1d90023000-7f1d94000000 ---p 00000000 00:00 0 
7f1d94000000-7f1d94021000 rw-p 00000000 00:00 0 
7f1d94021000-7f1d98000000 ---p 00000000 00:00 0 
7f1d98000000-7f1d9804c000 rw-p 00000000 00:00 0 
7f1d9804c000-7f1d9c000000 ---p 00000000 00:00 0 
7f1d9c000000-7f1d9c021000 rw-p 00000000 00:00 0 
7f1d9c021000-7f1da0000000 ---p 00000000 00:00 0 
7f1da0000000-7f1da0021000 rw-p 00000000 00:00 0 
7f1da0021000-7f1da4000000 ---p 00000000 00:00 0 
7f1da4000000-7f1da4021000 rw-p 00000000 00:00 0 
7f1da4021000-7f1da8000000 ---p 00000000 00:00 0 
7f1da8000000-7f1da9872000 rw-p 00000000 00:00 0 
7f1da9872000-7f1dac000000 ---p 00000000 00:00 0 
7f1dac000000-7f1dad700000 rw-p 00000000 00:00 0 
7f1dad700000-7f1db0000000 ---p 00000000 00:00 0 
7f1db0000000-7f1db0021000 rw-p 00000000 00:00 0 
7f1db0021000-7f1db4000000 ---p 00000000 00:00 0 
7f1db5f79000-7f1db5f7c000 ---p 00000000 00:00 0 
7f1db5f7c000-7f1db607a000 rw-p 00000000 00:00 0                          [stack:6275]
7f1db607a000-7f1db607d000 ---p 00000000 00:00 0 
7f1db607d000-7f1db617b000 rw-p 00000000 00:00 0                          [stack:6272]
7f1db617b000-7f1db617e000 ---p 00000000 00:00 0 
7f1db617e000-7f1db627c000 rw-p 00000000 00:00 0                          [stack:6269]
7f1db627c000-7f1db627f000 ---p 00000000 00:00 0 
7f1db627f000-7f1db637d000 rw-p 00000000 00:00 0                          [stack:6268]
7f1db637d000-7f1db6380000 ---p 00000000 00:00 0 
7f1db6380000-7f1db647e000 rw-p 00000000 00:00 0                          [stack:6267]
7f1db647e000-7f1db64bb000 r-xp 00000000 08:06 130821                     /lib/x86_64-linux-gnu/libpcre.so.3.13.1
7f1db64bb000-7f1db66ba000 ---p 0003d000 08:06 130821                     /lib/x86_64-linux-gnu/libpcre.so.3.13.1
7f1db66ba000-7f1db66bb000 r--p 0003c000 08:06 130821                     /lib/x86_64-linux-gnu/libpcre.so.3.13.1
7f1db66bb000-7f1db66bc000 rw-p 0003d000 08:06 130821                     /lib/x86_64-linux-gnu/libpcre.so.3.13.1
7f1db66bc000-7f1db66c3000 r-xp 00000000 08:06 1447540                    /usr/lib/x86_64-linux-gnu/libffi.so.6.0.1
7f1db66c3000-7f1db68c2000 ---p 00007000 08:06 1447540                    /usr/lib/x86_64-linux-gnu/libffi.so.6.0.1
7f1db68c2000-7f1db68c3000 r--p 00006000 08:06 1447540                    /usr/lib/x86_64-linux-gnu/libffi.so.6.0.1
7f1db68c3000-7f1db68c4000 rw-p 00007000 08:06 1447540                    /usr/lib/x86_64-linux-gnu/libffi.so.6.0.1
7f1db68c4000-7f1db68db000 r-xp 00000000 08:06 134868                     /lib/x86_64-linux-gnu/libresolv-2.19.so
7f1db68db000-7f1db6adb000 ---p 00017000 08:06 134868                     /lib/x86_64-linux-gnu/libresolv-2.19.so
7f1db6adb000-7f1db6adc000 r--p 00017000 08:06 134868                     /lib/x86_64-linux-gnu/libresolv-2.19.so
7f1db6adc000-7f1db6add000 rw-p 00018000 08:06 134868                     /lib/x86_64-linux-gnu/libresolv-2.19.so
7f1db6add000-7f1db6adf000 rw-p 00000000 00:00 0 
7f1db6adf000-7f1db6aff000 r-xp 00000000 08:06 135079                     /lib/x86_64-linux-gnu/libselinux.so.1
7f1db6aff000-7f1db6cfe000 ---p 00020000 08:06 135079                     /lib/x86_64-linux-gnu/libselinux.so.1
7f1db6cfe000-7f1db6cff000 r--p 0001f000 08:06 135079                     /lib/x86_64-linux-gnu/libselinux.so.1
7f1db6cff000-7f1db6d00000 rw-p 00020000 08:06 135079                     /lib/x86_64-linux-gnu/libselinux.so.1
7f1db6d00000-7f1db6d02000 rw-p 00000000 00:00 0 
7f1db6d02000-7f1db6d05000 r-xp 00000000 08:06 1439340                    /usr/lib/x86_64-linux-gnu/libgmodule-2.0.so.0.4002.0
7f1db6d05000-7f1db6f04000 ---p 00003000 08:06 1439340                    /usr/lib/x86_64-linux-gnu/libgmodule-2.0.so.0.4002.0
7f1db6f04000-7f1db6f05000 r--p 00002000 08:06 1439340                    /usr/lib/x86_64-linux-gnu/libgmodule-2.0.so.0.4002.0
7f1db6f05000-7f1db6f06000 rw-p 00003000 08:06 1439340                    /usr/lib/x86_64-linux-gnu/libgmodule-2.0.so.0.4002.0
7f1db6f06000-7f1db700c000 r-xp 00000000 08:06 134871                     /lib/x86_64-linux-gnu/libglib-2.0.so.0.4002.0
7f1db700c000-7f1db720b000 ---p 00106000 08:06 134871                     /lib/x86_64-linux-gnu/libglib-2.0.so.0.4002.0
7f1db720b000-7f1db720c000 r--p 00105000 08:06 134871                     /lib/x86_64-linux-gnu/libglib-2.0.so.0.4002.0
7f1db720c000-7f1db720d000 rw-p 00106000 08:06 134871                     /lib/x86_64-linux-gnu/libglib-2.0.so.0.4002.0
7f1db720d000-7f1db720e000 rw-p 00000000 00:00 0 
7f1db720e000-7f1db725d000 r-xp 00000000 08:06 1439358                    /usr/lib/x86_64-linux-gnu/libgobject-2.0.so.0.4002.0
7f1db725d000-7f1db745d000 ---p 0004f000 08:06 1439358                    /usr/lib/x86_64-linux-gnu/libgobject-2.0.so.0.4002.0
7f1db745d000-7f1db745e000 r--p 0004f000 08:06 1439358                    /usr/lib/x86_64-linux-gnu/libgobject-2.0.so.0.4002.0
7f1db745e000-7f1db745f000 rw-p 00050000 08:06 1439358                    /usr/lib/x86_64-linux-gnu/libgobject-2.0.so.0.4002.0
7f1db745f000-7f1db75cb000 r-xp 00000000 08:06 1439362                    /usr/lib/x86_64-linux-gnu/libgio-2.0.so.0.4002.0
7f1db75cb000-7f1db77ca000 ---p 0016c000 08:06 1439362                    /usr/lib/x86_64-linux-gnu/libgio-2.0.so.0.4002.0
7f1db77ca000-7f1db77ce000 r--p 0016b000 08:06 1439362                    /usr/lib/x86_64-linux-gnu/libgio-2.0.so.0.4002.0
7f1db77ce000-7f1db77d0000 rw-p 0016f000 08:06 1439362                    /usr/lib/x86_64-linux-gnu/libgio-2.0.so.0.4002.0
7f1db77d0000-7f1db77d2000 rw-p 00000000 00:00 0 
7f1db77d2000-7f1db77e9000 r-xp 00000000 08:06 1489830                    /usr/lib/jvm/java-7-openjdk-amd64/jre/lib/amd64/libnet.so
7f1db77e9000-7f1db79e8000 ---p 00017000 08:06 1489830                    /usr/lib/jvm/java-7-openjdk-amd64/jre/lib/amd64/libnet.so
7f1db79e8000-7f1db79e9000 r--p 00016000 08:06 1489830                    /usr/lib/jvm/java-7-openjdk-amd64/jre/lib/amd64/libnet.so
7f1db79e9000-7f1db79ea000 rw-p 00017000 08:06 1489830                    /usr/lib/jvm/java-7-openjdk-amd64/jre/lib/amd64/libnet.so
7f1db79ea000-7f1db79fa000 r-xp 00000000 08:06 1489812                    /usr/lib/jvm/java-7-openjdk-amd64/jre/lib/amd64/libnio.so
7f1db79fa000-7f1db7bfa000 ---p 00010000 08:06 1489812                    /usr/lib/jvm/java-7-openjdk-amd64/jre/lib/amd64/libnio.so
7f1db7bfa000-7f1db7bfb000 r--p 00010000 08:06 1489812                    /usr/lib/jvm/java-7-openjdk-amd64/jre/lib/amd64/libnio.so
7f1db7bfb000-7f1db7bfc000 rw-p 00011000 08:06 1489812                    /usr/lib/jvm/java-7-openjdk-amd64/jre/lib/amd64/libnio.so
7f1db7bfc000-7f1db7bfd000 ---p 00000000 00:00 0 
7f1db7bfd000-7f1db7cfd000 rw-p 00000000 00:00 0                          [stack:6256]
7f1db7cfd000-7f1db7d00000 ---p 00000000 00:00 0 
7f1db7d00000-7f1db7dfe000 rw-p 00000000 00:00 0                          [stack:6255]
7f1db7dfe000-7f1db7e01000 ---p 00000000 00:00 0 
7f1db7e01000-7f1db7eff000 rw-p 00000000 00:00 0                          [stack:6254]
7f1db7eff000-7f1db7f02000 ---p 00000000 00:00 0 
7f1db7f02000-7f1db8000000 rw-p 00000000 00:00 0                          [stack:6253]
7f1db8000000-7f1db8021000 rw-p 00000000 00:00 0 
7f1db8021000-7f1dbc000000 ---p 00000000 00:00 0 
7f1dbc000000-7f1dbc021000 rw-p 00000000 00:00 0 
7f1dbc021000-7f1dc0000000 ---p 00000000 00:00 0 
7f1dc0000000-7f1dc0021000 rw-p 00000000 00:00 0 
7f1dc0021000-7f1dc4000000 ---p 00000000 00:00 0 
7f1dc4000000-7f1dc4021000 rw-p 00000000 00:00 0 
7f1dc4021000-7f1dc8000000 ---p 00000000 00:00 0 
7f1dc8000000-7f1dc8021000 rw-p 00000000 00:00 0 
7f1dc8021000-7f1dcc000000 ---p 00000000 00:00 0 
7f1dcc000000-7f1dcc021000 rw-p 00000000 00:00 0 
7f1dcc021000-7f1dd0000000 ---p 00000000 00:00 0 
7f1dd0000000-7f1dd0021000 rw-p 00000000 00:00 0 
7f1dd0021000-7f1dd4000000 ---p 00000000 00:00 0 
7f1dd4081000-7f1dd40b2000 rw-p 00000000 00:00 0 
7f1dd40ce000-7f1dd40e4000 r--s 000f0000 08:06 3245247                    /home/tulin/AndroidStudioProjects/CamApp/app/build/intermediates/exploded-aar/com.android.support/support-v4/23.2.0/jars/classes.jar
7f1dd40e4000-7f1dd40f3000 r--s 000df000 08:06 3216701                    /home/tulin/Android/Sdk/build-tools/23.0.2/lib/dx.jar
7f1dd40f3000-7f1dd40f6000 ---p 00000000 00:00 0 
7f1dd40f6000-7f1dd41f4000 rw-p 00000000 00:00 0                          [stack:6251]
7f1dd41f4000-7f1dd4a46000 r--p 00000000 08:06 1447082                    /usr/lib/locale/locale-archive
7f1dd4a46000-7f1dd4a49000 ---p 00000000 00:00 0 
7f1dd4a49000-7f1dd4b47000 rw-p 00000000 00:00 0                          [stack:6236]
7f1dd4b47000-7f1dd4b4a000 ---p 00000000 00:00 0 
7f1dd4b4a000-7f1dd4c48000 rw-p 00000000 00:00 0                          [stack:6235]
7f1dd4c48000-7f1dd4c49000 ---p 00000000 00:00 0 
7f1dd4c49000-7f1dd5d46000 rw-p 00000000 00:00 0                          [stack:6233]
7f1dd5d46000-7f1dd5ef8000 r--s 01d2f000 08:06 1489796                    /usr/lib/jvm/java-7-openjdk-amd64/jre/lib/rt.jar
7f1dd5ef8000-7f1dd874c000 rw-p 00000000 00:00 0 
7f1dd874c000-7f1dd874d000 ---p 00000000 00:00 0 
7f1dd874d000-7f1dd884d000 rw-p 00000000 00:00 0                          [stack:6228]
7f1dd884d000-7f1dd884e000 ---p 00000000 00:00 0 
7f1dd884e000-7f1dd894e000 rw-p 00000000 00:00 0                          [stack:6224]
7f1dd894e000-7f1dd894f000 ---p 00000000 00:00 0 
7f1dd894f000-7f1dd8a4f000 rw-p 00000000 00:00 0                          [stack:6221]
7f1dd8a4f000-7f1dd8a50000 ---p 00000000 00:00 0 
7f1dd8a50000-7f1dd8b5b000 rw-p 00000000 00:00 0                          [stack:6219]
7f1dd8b5b000-7f1dd8ba3000 rw-p 00000000 00:00 0 
7f1dd8ba3000-7f1dd8bae000 rw-p 00000000 00:00 0 
7f1dd8bae000-7f1dd8bf6000 rw-p 00000000 00:00 0 
7f1dd8bf6000-7f1dd8c0a000 rw-p 00000000 00:00 0 
7f1dd8c0a000-7f1dd8d4b000 rw-p 00000000 00:00 0 
7f1dd8d4b000-7f1dd8d9d000 rw-p 00000000 00:00 0 
7f1dd8d9d000-7f1dd8df6000 rw-p 00000000 00:00 0 
7f1dd8df6000-7f1dd8df7000 rw-p 00000000 00:00 0 
7f1dd8df7000-7f1dd9067000 rwxp 00000000 00:00 0 
7f1dd9067000-7f1ddbdf7000 rw-p 00000000 00:00 0 
7f1ddbdf7000-7f1ddbdff000 r-xp 00000000 08:06 1489805                    /usr/lib/jvm/java-7-openjdk-amd64/jre/lib/amd64/libzip.so
7f1ddbdff000-7f1ddbffe000 ---p 00008000 08:06 1489805                    /usr/lib/jvm/java-7-openjdk-amd64/jre/lib/amd64/libzip.so
7f1ddbffe000-7f1ddbfff000 r--p 00007000 08:06 1489805                    /usr/lib/jvm/java-7-openjdk-amd64/jre/lib/amd64/libzip.so
7f1ddbfff000-7f1ddc000000 rw-p 00008000 08:06 1489805                    /usr/lib/jvm/java-7-openjdk-amd64/jre/lib/amd64/libzip.so
7f1ddc000000-7f1ddc1f3000 rw-p 00000000 00:00 0 
7f1ddc1f3000-7f1de0000000 ---p 00000000 00:00 0 
7f1de0008000-7f1de0044000 rw-p 00000000 00:00 0 
7f1de0044000-7f1de0186000 rw-p 00000000 00:00 0 
7f1de0186000-7f1de0191000 r-xp 00000000 08:06 184225                     /lib/x86_64-linux-gnu/libnss_files-2.19.so
7f1de0191000-7f1de0390000 ---p 0000b000 08:06 184225                     /lib/x86_64-linux-gnu/libnss_files-2.19.so
7f1de0390000-7f1de0391000 r--p 0000a000 08:06 184225                     /lib/x86_64-linux-gnu/libnss_files-2.19.so
7f1de0391000-7f1de0392000 rw-p 0000b000 08:06 184225                     /lib/x86_64-linux-gnu/libnss_files-2.19.so
7f1de0392000-7f1de039d000 r-xp 00000000 08:06 145746                     /lib/x86_64-linux-gnu/libnss_nis-2.19.so
7f1de039d000-7f1de059c000 ---p 0000b000 08:06 145746                     /lib/x86_64-linux-gnu/libnss_nis-2.19.so
7f1de059c000-7f1de059d000 r--p 0000a000 08:06 145746                     /lib/x86_64-linux-gnu/libnss_nis-2.19.so
7f1de059d000-7f1de059e000 rw-p 0000b000 08:06 145746                     /lib/x86_64-linux-gnu/libnss_nis-2.19.so
7f1de059e000-7f1de05b5000 r-xp 00000000 08:06 145742                     /lib/x86_64-linux-gnu/libnsl-2.19.so
7f1de05b5000-7f1de07b4000 ---p 00017000 08:06 145742                     /lib/x86_64-linux-gnu/libnsl-2.19.so
7f1de07b4000-7f1de07b5000 r--p 00016000 08:06 145742                     /lib/x86_64-linux-gnu/libnsl-2.19.so
7f1de07b5000-7f1de07b6000 rw-p 00017000 08:06 145742                     /lib/x86_64-linux-gnu/libnsl-2.19.so
7f1de07b6000-7f1de07b8000 rw-p 00000000 00:00 0 
7f1de07b8000-7f1de07c1000 r-xp 00000000 08:06 145741                     /lib/x86_64-linux-gnu/libnss_compat-2.19.so
7f1de07c1000-7f1de09c0000 ---p 00009000 08:06 145741                     /lib/x86_64-linux-gnu/libnss_compat-2.19.so
7f1de09c0000-7f1de09c1000 r--p 00008000 08:06 145741                     /lib/x86_64-linux-gnu/libnss_compat-2.19.so
7f1de09c1000-7f1de09c2000 rw-p 00009000 08:06 145741                     /lib/x86_64-linux-gnu/libnss_compat-2.19.so
7f1de09c2000-7f1de09ed000 r-xp 00000000 08:06 1489826                    /usr/lib/jvm/java-7-openjdk-amd64/jre/lib/amd64/libjava.so
7f1de09ed000-7f1de0bed000 ---p 0002b000 08:06 1489826                    /usr/lib/jvm/java-7-openjdk-amd64/jre/lib/amd64/libjava.so
7f1de0bed000-7f1de0bee000 r--p 0002b000 08:06 1489826                    /usr/lib/jvm/java-7-openjdk-amd64/jre/lib/amd64/libjava.so
7f1de0bee000-7f1de0bf0000 rw-p 0002c000 08:06 1489826                    /usr/lib/jvm/java-7-openjdk-amd64/jre/lib/amd64/libjava.so
7f1de0bf0000-7f1de0c00000 r-xp 00000000 08:06 1489810                    /usr/lib/jvm/java-7-openjdk-amd64/jre/lib/amd64/libverify.so
7f1de0c00000-7f1de0dff000 ---p 00010000 08:06 1489810                    /usr/lib/jvm/java-7-openjdk-amd64/jre/lib/amd64/libverify.so
7f1de0dff000-7f1de0e01000 r--p 0000f000 08:06 1489810                    /usr/lib/jvm/java-7-openjdk-amd64/jre/lib/amd64/libverify.so
7f1de0e01000-7f1de0e02000 rw-p 00011000 08:06 1489810                    /usr/lib/jvm/java-7-openjdk-amd64/jre/lib/amd64/libverify.so
7f1de0e02000-7f1de0e09000 r-xp 00000000 08:06 148472                     /lib/x86_64-linux-gnu/librt-2.19.so
7f1de0e09000-7f1de1008000 ---p 00007000 08:06 148472                     /lib/x86_64-linux-gnu/librt-2.19.so
7f1de1008000-7f1de1009000 r--p 00006000 08:06 148472                     /lib/x86_64-linux-gnu/librt-2.19.so
7f1de1009000-7f1de100a000 rw-p 00007000 08:06 148472                     /lib/x86_64-linux-gnu/librt-2.19.so
7f1de100a000-7f1de1020000 r-xp 00000000 08:06 131070                     /lib/x86_64-linux-gnu/libgcc_s.so.1
7f1de1020000-7f1de121f000 ---p 00016000 08:06 131070                     /lib/x86_64-linux-gnu/libgcc_s.so.1
7f1de121f000-7f1de1220000 rw-p 00015000 08:06 131070                     /lib/x86_64-linux-gnu/libgcc_s.so.1
7f1de1220000-7f1de1325000 r-xp 00000000 08:06 135048                     /lib/x86_64-linux-gnu/libm-2.19.so
7f1de1325000-7f1de1524000 ---p 00105000 08:06 135048                     /lib/x86_64-linux-gnu/libm-2.19.so
7f1de1524000-7f1de1525000 r--p 00104000 08:06 135048                     /lib/x86_64-linux-gnu/libm-2.19.so
7f1de1525000-7f1de1526000 rw-p 00105000 08:06 135048                     /lib/x86_64-linux-gnu/libm-2.19.so
7f1de1526000-7f1de160c000 r-xp 00000000 08:06 1439330                    /usr/lib/x86_64-linux-gnu/libstdc++.so.6.0.19
7f1de160c000-7f1de180b000 ---p 000e6000 08:06 1439330                    /usr/lib/x86_64-linux-gnu/libstdc++.so.6.0.19
7f1de180b000-7f1de1813000 r--p 000e5000 08:06 1439330                    /usr/lib/x86_64-linux-gnu/libstdc++.so.6.0.19
7f1de1813000-7f1de1815000 rw-p 000ed000 08:06 1439330                    /usr/lib/x86_64-linux-gnu/libstdc++.so.6.0.19
7f1de1815000-7f1de182a000 rw-p 00000000 00:00 0 
7f1de182a000-7f1de234f000 r-xp 00000000 08:06 1489806                    /usr/lib/jvm/java-7-openjdk-amd64/jre/lib/amd64/server/libjvm.so
7f1de234f000-7f1de254f000 ---p 00b25000 08:06 1489806                    /usr/lib/jvm/java-7-openjdk-amd64/jre/lib/amd64/server/libjvm.so
7f1de254f000-7f1de25e9000 r--p 00b25000 08:06 1489806                    /usr/lib/jvm/java-7-openjdk-amd64/jre/lib/amd64/server/libjvm.so
7f1de25e9000-7f1de260c000 rw-p 00bbf000 08:06 1489806                    /usr/lib/jvm/java-7-openjdk-amd64/jre/lib/amd64/server/libjvm.so
7f1de260c000-7f1de263a000 rw-p 00000000 00:00 0 
7f1de263a000-7f1de2652000 r-xp 00000000 08:06 135112                     /lib/x86_64-linux-gnu/libz.so.1.2.8
7f1de2652000-7f1de2851000 ---p 00018000 08:06 135112                     /lib/x86_64-linux-gnu/libz.so.1.2.8
7f1de2851000-7f1de2852000 r--p 00017000 08:06 135112                     /lib/x86_64-linux-gnu/libz.so.1.2.8
7f1de2852000-7f1de2853000 rw-p 00018000 08:06 135112                     /lib/x86_64-linux-gnu/libz.so.1.2.8
7f1de2853000-7f1de286c000 r-xp 00000000 08:06 145743                     /lib/x86_64-linux-gnu/libpthread-2.19.so
7f1de286c000-7f1de2a6b000 ---p 00019000 08:06 145743                     /lib/x86_64-linux-gnu/libpthread-2.19.so
7f1de2a6b000-7f1de2a6c000 r--p 00018000 08:06 145743                     /lib/x86_64-linux-gnu/libpthread-2.19.so
7f1de2a6c000-7f1de2a6d000 rw-p 00019000 08:06 145743                     /lib/x86_64-linux-gnu/libpthread-2.19.so
7f1de2a6d000-7f1de2a71000 rw-p 00000000 00:00 0 
7f1de2a71000-7f1de2a74000 r-xp 00000000 08:06 145738                     /lib/x86_64-linux-gnu/libdl-2.19.so
7f1de2a74000-7f1de2c73000 ---p 00003000 08:06 145738                     /lib/x86_64-linux-gnu/libdl-2.19.so
7f1de2c73000-7f1de2c74000 r--p 00002000 08:06 145738                     /lib/x86_64-linux-gnu/libdl-2.19.so
7f1de2c74000-7f1de2c75000 rw-p 00003000 08:06 145738                     /lib/x86_64-linux-gnu/libdl-2.19.so
7f1de2c75000-7f1de2e30000 r-xp 00000000 08:06 148473                     /lib/x86_64-linux-gnu/libc-2.19.so
7f1de2e30000-7f1de302f000 ---p 001bb000 08:06 148473                     /lib/x86_64-linux-gnu/libc-2.19.so
7f1de302f000-7f1de3033000 r--p 001ba000 08:06 148473                     /lib/x86_64-linux-gnu/libc-2.19.so
7f1de3033000-7f1de3035000 rw-p 001be000 08:06 148473                     /lib/x86_64-linux-gnu/libc-2.19.so
7f1de3035000-7f1de303a000 rw-p 00000000 00:00 0 
7f1de303a000-7f1de3047000 r-xp 00000000 08:06 1489800                    /usr/lib/jvm/java-7-openjdk-amd64/jre/lib/amd64/jli/libjli.so
7f1de3047000-7f1de3246000 ---p 0000d000 08:06 1489800                    /usr/lib/jvm/java-7-openjdk-amd64/jre/lib/amd64/jli/libjli.so
7f1de3246000-7f1de3247000 r--p 0000c000 08:06 1489800                    /usr/lib/jvm/java-7-openjdk-amd64/jre/lib/amd64/jli/libjli.so
7f1de3247000-7f1de3248000 rw-p 0000d000 08:06 1489800                    /usr/lib/jvm/java-7-openjdk-amd64/jre/lib/amd64/jli/libjli.so
7f1de3248000-7f1de326b000 r-xp 00000000 08:06 145744                     /lib/x86_64-linux-gnu/ld-2.19.so
7f1de326b000-7f1de326e000 r--s 0000f000 08:06 1489840                    /usr/lib/jvm/java-7-openjdk-amd64/jre/lib/ext/icedtea-sound.jar
7f1de326e000-7f1de3290000 rw-p 00000000 00:00 0 
7f1de3290000-7f1de3346000 rw-p 00000000 00:00 0 
7f1de3346000-7f1de3349000 ---p 00000000 00:00 0 
7f1de3349000-7f1de344d000 rw-p 00000000 00:00 0                          [stack:6217]
7f1de344d000-7f1de344f000 r--s 00012000 08:06 1489837                    /usr/lib/jvm/java-7-openjdk-amd64/jre/lib/ext/zipfs.jar
7f1de344f000-7f1de3450000 r--s 00002000 08:06 1489839                    /usr/lib/jvm/java-7-openjdk-amd64/jre/lib/ext/dnsns.jar
7f1de3450000-7f1de3452000 r--s 00006000 08:06 1840524                    /usr/share/java/java-atk-wrapper.jar
7f1de3452000-7f1de3456000 r--s 0003c000 08:06 1489838                    /usr/lib/jvm/java-7-openjdk-amd64/jre/lib/ext/sunpkcs11.jar
7f1de3456000-7f1de345a000 r--s 00034000 08:06 1489836                    /usr/lib/jvm/java-7-openjdk-amd64/jre/lib/ext/sunjce_provider.jar
7f1de345a000-7f1de345e000 r--s 00085000 08:06 1489835                    /usr/lib/jvm/java-7-openjdk-amd64/jre/lib/ext/localedata.jar
7f1de345e000-7f1de3466000 rw-s 00000000 08:06 1840101                    /tmp/hsperfdata_tulin/6213
7f1de3466000-7f1de3467000 rw-p 00000000 00:00 0 
7f1de3467000-7f1de3468000 ---p 00000000 00:00 0 
7f1de3468000-7f1de346a000 rw-p 00000000 00:00 0 
7f1de346a000-7f1de346b000 r--p 00022000 08:06 145744                     /lib/x86_64-linux-gnu/ld-2.19.so
7f1de346b000-7f1de346c000 rw-p 00023000 08:06 145744                     /lib/x86_64-linux-gnu/ld-2.19.so
7f1de346c000-7f1de346d000 rw-p 00000000 00:00 0 
7ffd8db35000-7ffd8db56000 rw-p 00000000 00:00 0                          [stack]
7ffd8db61000-7ffd8db63000 r-xp 00000000 00:00 0                          [vdso]
ffffffffff600000-ffffffffff601000 r-xp 00000000 00:00 0                  [vsyscall]

VM Arguments:
jvm_args: -Djava.awt.headless=true -Xmx1024M -Dfile.encoding=UTF-8 -Duser.country=US -Duser.language=en -Duser.variant 
java_command: com.android.dx.command.Main --dex --num-threads=4 --output /home/tulin/AndroidStudioProjects/CamApp/app/build/intermediates/pre-dexed/debug/com.android.support-support-v4-23.2.0_4b1fd8c92292e56f5a1fba56278554e72cab954d.jar /home/tulin/AndroidStudioProjects/CamApp/app/build/intermediates/exploded-aar/com.android.support/support-v4/23.2.0/jars/classes.jar
Launcher Type: SUN_STANDARD

Environment Variables:
PATH=/usr/local/sbin:/usr/local/bin:/usr/sbin:/usr/bin:/sbin:/bin:/usr/games:/usr/local/games
SHELL=/bin/bash
DISPLAY=:0

Signal Handlers:
SIGSEGV: [libjvm.so+0x955bc0], sa_mask[0]=0x7ffbfeff, sa_flags=0x10000004
SIGBUS: [libjvm.so+0x955bc0], sa_mask[0]=0x7ffbfeff, sa_flags=0x10000004
SIGFPE: [libjvm.so+0x7caff0], sa_mask[0]=0x7ffbfeff, sa_flags=0x10000004
SIGPIPE: [libjvm.so+0x7caff0], sa_mask[0]=0x7ffbfeff, sa_flags=0x10000004
SIGXFSZ: [libjvm.so+0x7caff0], sa_mask[0]=0x7ffbfeff, sa_flags=0x10000004
SIGILL: [libjvm.so+0x7caff0], sa_mask[0]=0x7ffbfeff, sa_flags=0x10000004
SIGUSR1: SIG_DFL, sa_mask[0]=0x00000000, sa_flags=0x00000000
SIGUSR2: [libjvm.so+0x7cae90], sa_mask[0]=0x00000004, sa_flags=0x10000004
SIGHUP: [libjvm.so+0x7cb070], sa_mask[0]=0x7ffbfeff, sa_flags=0x10000004
SIGINT: [libjvm.so+0x7cb070], sa_mask[0]=0x7ffbfeff, sa_flags=0x10000004
SIGTERM: [libjvm.so+0x7cb070], sa_mask[0]=0x7ffbfeff, sa_flags=0x10000004
SIGQUIT: [libjvm.so+0x7cb070], sa_mask[0]=0x7ffbfeff, sa_flags=0x10000004
SIGTRAP: SIG_DFL, sa_mask[0]=0x00000000, sa_flags=0x00000000


---------------  S Y S T E M  ---------------

OS:Ubuntu 14.04 (trusty)
uname:Linux 3.13.0-79-generic #123-Ubuntu SMP Fri Feb 19 14:27:58 UTC 2016 x86_64
libc:glibc 2.19 NPTL 2.19 
rlimit: STACK 8192k, CORE 0k, NPROC 30460, NOFILE 4096, AS infinity
load average:14,53 6,45 2,89

/proc/meminfo:
MemTotal:        3946988 kB
MemFree:          134616 kB
Buffers:            1028 kB
Cached:           423416 kB
SwapCached:            0 kB
Active:          3227148 kB
Inactive:         412432 kB
Active(anon):    3217764 kB
Inactive(anon):   394440 kB
Active(file):       9384 kB
Inactive(file):    17992 kB
Unevictable:          80 kB
Mlocked:              80 kB
SwapTotal:             0 kB
SwapFree:              0 kB
Dirty:               180 kB
Writeback:             0 kB
AnonPages:       3215624 kB
Mapped:           124516 kB
Shmem:            396748 kB
Slab:              70864 kB
SReclaimable:      33504 kB
SUnreclaim:        37360 kB
KernelStack:        5880 kB
PageTables:        40608 kB
NFS_Unstable:          0 kB
Bounce:                0 kB
WritebackTmp:          0 kB
CommitLimit:     1973492 kB
Committed_AS:    8331632 kB
VmallocTotal:   34359738367 kB
VmallocUsed:      350184 kB
VmallocChunk:   34359379708 kB
HardwareCorrupted:     0 kB
AnonHugePages:    911360 kB
HugePages_Total:       0
HugePages_Free:        0
HugePages_Rsvd:        0
HugePages_Surp:        0
Hugepagesize:       2048 kB
DirectMap4k:       68640 kB
DirectMap2M:     4026368 kB


CPU:total 4 (2 cores per cpu, 2 threads per core) family 6 model 42 stepping 7, cmov, cx8, fxsr, mmx, sse, sse2, sse3, ssse3, sse4.1, sse4.2, popcnt, avx, aes, ht, tsc, tscinvbit

/proc/cpuinfo:
processor	: 0
vendor_id	: GenuineIntel
cpu family	: 6
model		: 42
model name	: Intel(R) Core(TM) i5-2557M CPU @ 1.70GHz
stepping	: 7
microcode	: 0x1a
cpu MHz		: 1701.000
cache size	: 3072 KB
physical id	: 0
siblings	: 4
core id		: 0
cpu cores	: 2
apicid		: 0
initial apicid	: 0
fpu		: yes
fpu_exception	: yes
cpuid level	: 13
wp		: yes
flags		: fpu vme de pse tsc msr pae mce cx8 apic sep mtrr pge mca cmov pat pse36 clflush dts acpi mmx fxsr sse sse2 ss ht tm pbe syscall nx rdtscp lm constant_tsc arch_perfmon pebs bts rep_good nopl xtopology nonstop_tsc aperfmperf eagerfpu pni pclmulqdq dtes64 monitor ds_cpl vmx smx est tm2 ssse3 cx16 xtpr pdcm pcid sse4_1 sse4_2 x2apic popcnt tsc_deadline_timer aes xsave avx lahf_lm ida arat epb xsaveopt pln pts dtherm tpr_shadow vnmi flexpriority ept vpid
bogomips	: 3391.98
clflush size	: 64
cache_alignment	: 64
address sizes	: 36 bits physical, 48 bits virtual
power management:

processor	: 1
vendor_id	: GenuineIntel
cpu family	: 6
model		: 42
model name	: Intel(R) Core(TM) i5-2557M CPU @ 1.70GHz
stepping	: 7
microcode	: 0x1a
cpu MHz		: 1701.000
cache size	: 3072 KB
physical id	: 0
siblings	: 4
core id		: 1
cpu cores	: 2
apicid		: 2
initial apicid	: 2
fpu		: yes
fpu_exception	: yes
cpuid level	: 13
wp		: yes
flags		: fpu vme de pse tsc msr pae mce cx8 apic sep mtrr pge mca cmov pat pse36 clflush dts acpi mmx fxsr sse sse2 ss ht tm pbe syscall nx rdtscp lm constant_tsc arch_perfmon pebs bts rep_good nopl xtopology nonstop_tsc aperfmperf eagerfpu pni pclmulqdq dtes64 monitor ds_cpl vmx smx est tm2 ssse3 cx16 xtpr pdcm pcid sse4_1 sse4_2 x2apic popcnt tsc_deadline_timer aes xsave avx lahf_lm ida arat epb xsaveopt pln pts dtherm tpr_shadow vnmi flexpriority ept vpid
bogomips	: 3391.98
clflush size	: 64
cache_alignment	: 64
address sizes	: 36 bits physical, 48 bits virtual
power management:

processor	: 2
vendor_id	: GenuineIntel
cpu family	: 6
model		: 42
model name	: Intel(R) Core(TM) i5-2557M CPU @ 1.70GHz
stepping	: 7
microcode	: 0x1a
cpu MHz		: 1701.000
cache size	: 3072 KB
physical id	: 0
siblings	: 4
core id		: 0
cpu cores	: 2
apicid		: 1
initial apicid	: 1
fpu		: yes
fpu_exception	: yes
cpuid level	: 13
wp		: yes
flags		: fpu vme de pse tsc msr pae mce cx8 apic sep mtrr pge mca cmov pat pse36 clflush dts acpi mmx fxsr sse sse2 ss ht tm pbe syscall nx rdtscp lm constant_tsc arch_perfmon pebs bts rep_good nopl xtopology nonstop_tsc aperfmperf eagerfpu pni pclmulqdq dtes64 monitor ds_cpl vmx smx est tm2 ssse3 cx16 xtpr pdcm pcid sse4_1 sse4_2 x2apic popcnt tsc_deadline_timer aes xsave avx lahf_lm ida arat epb xsaveopt pln pts dtherm tpr_shadow vnmi flexpriority ept vpid
bogomips	: 3391.98
clflush size	: 64
cache_alignment	: 64
address sizes	: 36 bits physical, 48 bits virtual
power management:

processor	: 3
vendor_id	: GenuineIntel
cpu family	: 6
model		: 42
model name	: Intel(R) Core(TM) i5-2557M CPU @ 1.70GHz
stepping	: 7
microcode	: 0x1a
cpu MHz		: 1701.000
cache size	: 3072 KB
physical id	: 0
siblings	: 4
core id		: 1
cpu cores	: 2
apicid		: 3
initial apicid	: 3
fpu		: yes
fpu_exception	: yes
cpuid level	: 13
wp		: yes
flags		: fpu vme de pse tsc msr pae mce cx8 apic sep mtrr pge mca cmov pat pse36 clflush dts acpi mmx fxsr sse sse2 ss ht tm pbe syscall nx rdtscp lm constant_tsc arch_perfmon pebs bts rep_good nopl xtopology nonstop_tsc aperfmperf eagerfpu pni pclmulqdq dtes64 monitor ds_cpl vmx smx est tm2 ssse3 cx16 xtpr pdcm pcid sse4_1 sse4_2 x2apic popcnt tsc_deadline_timer aes xsave avx lahf_lm ida arat epb xsaveopt pln pts dtherm tpr_shadow vnmi flexpriority ept vpid
bogomips	: 3391.98
clflush size	: 64
cache_alignment	: 64
address sizes	: 36 bits physical, 48 bits virtual
power management:



Memory: 4k page, physical 3946988k(134616k free), swap 0k(0k free)

vm_info: OpenJDK 64-Bit Server VM (24.95-b01) for linux-amd64 JRE (1.7.0_95-b00), built on Jan 21 2016 03:31:40 by "buildd" with gcc 4.8.4

time: Wed Mar 30 12:46:50 2016
elapsed time: 30 seconds

