#
# There is insufficient memory for the Java Runtime Environment to continue.
# Native memory allocation (malloc) failed to allocate 146800640 bytes for committing reserved memory.
# Possible reasons:
#   The system is out of physical RAM or swap space
#   In 32 bit mode, the process size limit was hit
# Possible solutions:
#   Reduce memory load on the system
#   Increase physical memory or swap space
#   Check if swap backing store is full
#   Use 64 bit Java on a 64 bit OS
#   Decrease Java heap size (-Xmx/-Xms)
#   Decrease number of Java threads
#   Decrease Java thread stack sizes (-Xss)
#   Set larger code cache with -XX:ReservedCodeCacheSize=
# This output file may be truncated or incomplete.
#
#  Out of Memory Error (os_linux.cpp:2827), pid=6524, tid=140195948652288
#
# JRE version: OpenJDK Runtime Environment (7.0_95) (build 1.7.0_95-b00)
# Java VM: OpenJDK 64-Bit Server VM (24.95-b01 mixed mode linux-amd64 compressed oops)
# Derivative: IcedTea 2.6.4
# Distribution: Ubuntu 14.04.3 LTS, package 7u95-2.6.4-0ubuntu0.14.04.1
# Failed to write core dump. Core dumps have been disabled. To enable core dumping, try "ulimit -c unlimited" before starting Java again
#

---------------  T H R E A D  ---------------

Current thread (0x00007f81f0076000):  VMThread [stack: 0x00007f81e9a7e000,0x00007f81e9b7f000] [id=6563]

Stack: [0x00007f81e9a7e000,0x00007f81e9b7f000],  sp=0x00007f81e9b7d490,  free space=1021k
Native frames: (J=compiled Java code, j=interpreted, Vv=VM code, C=native code)
V  [libjvm.so+0x9550e5]
V  [libjvm.so+0x4902b4]
V  [libjvm.so+0x7cf7bb]
V  [libjvm.so+0x7ca28f]
V  [libjvm.so+0x83e56b]
V  [libjvm.so+0x83f3e0]
V  [libjvm.so+0x83facb]
V  [libjvm.so+0x83b4d8]
V  [libjvm.so+0x83bd48]
V  [libjvm.so+0x7f1fd3]
V  [libjvm.so+0x956ae4]
V  [libjvm.so+0x95abe7]
V  [libjvm.so+0x9596a8]
V  [libjvm.so+0x959b09]
V  [libjvm.so+0x959f52]
V  [libjvm.so+0x7cc682]

VM_Operation (0x00007f81baf6afd0): ParallelGCFailedAllocation, mode: safepoint, requested by thread 0x00007f81f019a800


---------------  P R O C E S S  ---------------

Java Threads: ( => current thread )
  0x00007f81f019c000 JavaThread "pool-1-thread-4" [_thread_blocked, id=6623, stack(0x00007f81bad6b000,0x00007f81bae6c000)]
  0x00007f81f019a800 JavaThread "pool-1-thread-3" [_thread_blocked, id=6622, stack(0x00007f81bae6c000,0x00007f81baf6d000)]
  0x00007f81f0199000 JavaThread "pool-1-thread-2" [_thread_blocked, id=6621, stack(0x00007f81baf6d000,0x00007f81bb06e000)]
  0x00007f81f0195000 JavaThread "pool-2-thread-1" [_thread_blocked, id=6618, stack(0x00007f81bb06e000,0x00007f81bb16f000)]
  0x00007f81f0193000 JavaThread "pool-1-thread-1" [_thread_blocked, id=6615, stack(0x00007f81bb16f000,0x00007f81bb270000)]
  0x00007f81f00b2000 JavaThread "Service Thread" daemon [_thread_blocked, id=6579, stack(0x00007f81e8c26000,0x00007f81e8d27000)]
  0x00007f81f00af800 JavaThread "C2 CompilerThread1" daemon [_thread_blocked, id=6578, stack(0x00007f81e8d27000,0x00007f81e8e28000)]
  0x00007f81f00ac800 JavaThread "C2 CompilerThread0" daemon [_thread_in_native, id=6575, stack(0x00007f81e8e28000,0x00007f81e8f29000)]
  0x00007f81f00aa800 JavaThread "Signal Dispatcher" daemon [_thread_blocked, id=6571, stack(0x00007f81e8f29000,0x00007f81e902a000)]
  0x00007f81f007c000 JavaThread "Finalizer" daemon [_thread_blocked, id=6567, stack(0x00007f81e987c000,0x00007f81e997d000)]
  0x00007f81f007a000 JavaThread "Reference Handler" daemon [_thread_blocked, id=6566, stack(0x00007f81e997d000,0x00007f81e9a7e000)]
  0x00007f81f000a800 JavaThread "main" [_thread_blocked, id=6527, stack(0x00007f81f8176000,0x00007f81f8277000)]

Other Threads:
=>0x00007f81f0076000 VMThread [stack: 0x00007f81e9a7e000,0x00007f81e9b7f000] [id=6563]
  0x00007f81f00bc800 WatcherThread [stack: 0x00007f81e8b25000,0x00007f81e8c26000] [id=6580]

VM state:at safepoint (normal execution)

VM Mutex/Monitor currently owned by a thread:  ([mutex/lock_event])
[0x00007f81f0006990] Threads_lock - owner thread: 0x00007f81f0076000
[0x00007f81f0006e90] Heap_lock - owner thread: 0x00007f81f019a800

Heap
 PSYoungGen      total 142336K, used 17911K [0x00000000eaa80000, 0x00000000f4980000, 0x0000000100000000)
  eden space 124416K, 0% used [0x00000000eaa80000,0x00000000eaa80000,0x00000000f2400000)
  from space 17920K, 99% used [0x00000000f2400000,0x00000000f357de70,0x00000000f3580000)
  to   space 15360K, 0% used [0x00000000f3580000,0x00000000f3580000,0x00000000f4480000)
 ParOldGen       total 40960K, used 37218K [0x00000000c0000000, 0x00000000c2800000, 0x00000000eaa80000)
  object space 40960K, 90% used [0x00000000c0000000,0x00000000c2458860,0x00000000c2800000)
 PSPermGen       total 21504K, used 6366K [0x00000000b5a00000, 0x00000000b6f00000, 0x00000000c0000000)
  object space 21504K, 29% used [0x00000000b5a00000,0x00000000b6037bd8,0x00000000b6f00000)

Card table byte_map: [0x00007f81f4b59000,0x00007f81f4dad000] byte_map_base: 0x00007f81f45ac000

Polling page: 0x00007f81f8297000

Code Cache  [0x00007f81ed000000, 0x00007f81ed270000, 0x00007f81f0000000)
 total_blobs=580 nmethods=349 adapters=184 free_code_cache=47617Kb largest_free_block=48714816

Compilation events (10 events):
Event: 24,716 Thread 0x00007f81f00af800 nmethod 357 0x00007f81ed175f50 code [0x00007f81ed176080, 0x00007f81ed1760f8]
Event: 24,716 Thread 0x00007f81f00af800  358             com.android.dx.rop.type.Type::getBasicFrameType (60 bytes)
Event: 24,717 Thread 0x00007f81f00af800 nmethod 358 0x00007f81ed177090 code [0x00007f81ed1771c0, 0x00007f81ed177238]
Event: 24,717 Thread 0x00007f81f00af800  359             java.util.ArrayList::remove (77 bytes)
Event: 24,781 Thread 0x00007f81f00af800 nmethod 359 0x00007f81ed1769d0 code [0x00007f81ed176b20, 0x00007f81ed176eb8]
Event: 24,781 Thread 0x00007f81f00af800  360   !         com.android.dx.rop.code.RegisterSpecSet::get (18 bytes)
Event: 24,781 Thread 0x00007f81f00af800 nmethod 360 0x00007f81ed176750 code [0x00007f81ed1768a0, 0x00007f81ed176938]
Event: 24,781 Thread 0x00007f81f00af800  361             com.android.dx.ssa.LiteralOpUpgrader$1::visitNonMoveInsn (203 bytes)
Event: 25,354 Thread 0x00007f81f00af800 nmethod 361 0x00007f81ed185590 code [0x00007f81ed185a00, 0x00007f81ed1876b8]
Event: 25,354 Thread 0x00007f81f00af800  362             com.android.dx.ssa.LiteralOpUpgrader::access$000 (6 bytes)

GC Heap History (10 events):
Event: 2,600 GC heap after
Heap after GC invocations=2 (full 0):
 PSYoungGen      total 34304K, used 2557K [0x00000000eaa80000, 0x00000000ece80000, 0x0000000100000000)
  eden space 31744K, 0% used [0x00000000eaa80000,0x00000000eaa80000,0x00000000ec980000)
  from space 2560K, 99% used [0x00000000ecc00000,0x00000000ece7f748,0x00000000ece80000)
  to   space 2560K, 0% used [0x00000000ec980000,0x00000000ec980000,0x00000000ecc00000)
 ParOldGen       total 40960K, used 1852K [0x00000000c0000000, 0x00000000c2800000, 0x00000000eaa80000)
  object space 40960K, 4% used [0x00000000c0000000,0x00000000c01cf380,0x00000000c2800000)
 PSPermGen       total 21504K, used 5951K [0x00000000b5a00000, 0x00000000b6f00000, 0x00000000c0000000)
  object space 21504K, 27% used [0x00000000b5a00000,0x00000000b5fcfcd8,0x00000000b6f00000)
}
Event: 4,854 GC heap before
{Heap before GC invocations=3 (full 0):
 PSYoungGen      total 34304K, used 34301K [0x00000000eaa80000, 0x00000000ece80000, 0x0000000100000000)
  eden space 31744K, 100% used [0x00000000eaa80000,0x00000000ec980000,0x00000000ec980000)
  from space 2560K, 99% used [0x00000000ecc00000,0x00000000ece7f748,0x00000000ece80000)
  to   space 2560K, 0% used [0x00000000ec980000,0x00000000ec980000,0x00000000ecc00000)
 ParOldGen       total 40960K, used 1852K [0x00000000c0000000, 0x00000000c2800000, 0x00000000eaa80000)
  object space 40960K, 4% used [0x00000000c0000000,0x00000000c01cf380,0x00000000c2800000)
 PSPermGen       total 21504K, used 6154K [0x00000000b5a00000, 0x00000000b6f00000, 0x00000000c0000000)
  object space 21504K, 28% used [0x00000000b5a00000,0x00000000b60029d0,0x00000000b6f00000)
Event: 4,899 GC heap after
Heap after GC invocations=3 (full 0):
 PSYoungGen      total 34304K, used 2544K [0x00000000eaa80000, 0x00000000eed80000, 0x0000000100000000)
  eden space 31744K, 0% used [0x00000000eaa80000,0x00000000eaa80000,0x00000000ec980000)
  from space 2560K, 99% used [0x00000000ec980000,0x00000000ecbfc118,0x00000000ecc00000)
  to   space 2560K, 0% used [0x00000000eeb00000,0x00000000eeb00000,0x00000000eed80000)
 ParOldGen       total 40960K, used 7051K [0x00000000c0000000, 0x00000000c2800000, 0x00000000eaa80000)
  object space 40960K, 17% used [0x00000000c0000000,0x00000000c06e2fc0,0x00000000c2800000)
 PSPermGen       total 21504K, used 6154K [0x00000000b5a00000, 0x00000000b6f00000, 0x00000000c0000000)
  object space 21504K, 28% used [0x00000000b5a00000,0x00000000b60029d0,0x00000000b6f00000)
}
Event: 7,116 GC heap before
{Heap before GC invocations=4 (full 0):
 PSYoungGen      total 34304K, used 34288K [0x00000000eaa80000, 0x00000000eed80000, 0x0000000100000000)
  eden space 31744K, 100% used [0x00000000eaa80000,0x00000000ec980000,0x00000000ec980000)
  from space 2560K, 99% used [0x00000000ec980000,0x00000000ecbfc118,0x00000000ecc00000)
  to   space 2560K, 0% used [0x00000000eeb00000,0x00000000eeb00000,0x00000000eed80000)
 ParOldGen       total 40960K, used 7051K [0x00000000c0000000, 0x00000000c2800000, 0x00000000eaa80000)
  object space 40960K, 17% used [0x00000000c0000000,0x00000000c06e2fc0,0x00000000c2800000)
 PSPermGen       total 21504K, used 6201K [0x00000000b5a00000, 0x00000000b6f00000, 0x00000000c0000000)
  object space 21504K, 28% used [0x00000000b5a00000,0x00000000b600e768,0x00000000b6f00000)
Event: 7,238 GC heap after
Heap after GC invocations=4 (full 0):
 PSYoungGen      total 66048K, used 2545K [0x00000000eaa80000, 0x00000000eed80000, 0x0000000100000000)
  eden space 63488K, 0% used [0x00000000eaa80000,0x00000000eaa80000,0x00000000ee880000)
  from space 2560K, 99% used [0x00000000eeb00000,0x00000000eed7c5f8,0x00000000eed80000)
  to   space 2560K, 0% used [0x00000000ee880000,0x00000000ee880000,0x00000000eeb00000)
 ParOldGen       total 40960K, used 12302K [0x00000000c0000000, 0x00000000c2800000, 0x00000000eaa80000)
  object space 40960K, 30% used [0x00000000c0000000,0x00000000c0c03930,0x00000000c2800000)
 PSPermGen       total 21504K, used 6201K [0x00000000b5a00000, 0x00000000b6f00000, 0x00000000c0000000)
  object space 21504K, 28% used [0x00000000b5a00000,0x00000000b600e768,0x00000000b6f00000)
}
Event: 12,062 GC heap before
{Heap before GC invocations=5 (full 0):
 PSYoungGen      total 66048K, used 66033K [0x00000000eaa80000, 0x00000000eed80000, 0x0000000100000000)
  eden space 63488K, 100% used [0x00000000eaa80000,0x00000000ee880000,0x00000000ee880000)
  from space 2560K, 99% used [0x00000000eeb00000,0x00000000eed7c5f8,0x00000000eed80000)
  to   space 2560K, 0% used [0x00000000ee880000,0x00000000ee880000,0x00000000eeb00000)
 ParOldGen       total 40960K, used 12302K [0x00000000c0000000, 0x00000000c2800000, 0x00000000eaa80000)
  object space 40960K, 30% used [0x00000000c0000000,0x00000000c0c03930,0x00000000c2800000)
 PSPermGen       total 21504K, used 6243K [0x00000000b5a00000, 0x00000000b6f00000, 0x00000000c0000000)
  object space 21504K, 29% used [0x00000000b5a00000,0x00000000b6018f18,0x00000000b6f00000)
Event: 12,236 GC heap after
Heap after GC invocations=5 (full 0):
 PSYoungGen      total 66048K, used 2530K [0x00000000eaa80000, 0x00000000f4480000, 0x0000000100000000)
  eden space 63488K, 0% used [0x00000000eaa80000,0x00000000eaa80000,0x00000000ee880000)
  from space 2560K, 98% used [0x00000000ee880000,0x00000000eeaf8868,0x00000000eeb00000)
  to   space 15360K, 0% used [0x00000000f3580000,0x00000000f3580000,0x00000000f4480000)
 ParOldGen       total 40960K, used 22907K [0x00000000c0000000, 0x00000000c2800000, 0x00000000eaa80000)
  object space 40960K, 55% used [0x00000000c0000000,0x00000000c165eeb0,0x00000000c2800000)
 PSPermGen       total 21504K, used 6243K [0x00000000b5a00000, 0x00000000b6f00000, 0x00000000c0000000)
  object space 21504K, 29% used [0x00000000b5a00000,0x00000000b6018f18,0x00000000b6f00000)
}
Event: 18,636 GC heap before
{Heap before GC invocations=6 (full 0):
 PSYoungGen      total 66048K, used 66018K [0x00000000eaa80000, 0x00000000f4480000, 0x0000000100000000)
  eden space 63488K, 100% used [0x00000000eaa80000,0x00000000ee880000,0x00000000ee880000)
  from space 2560K, 98% used [0x00000000ee880000,0x00000000eeaf8868,0x00000000eeb00000)
  to   space 15360K, 0% used [0x00000000f3580000,0x00000000f3580000,0x00000000f4480000)
 ParOldGen       total 40960K, used 22907K [0x00000000c0000000, 0x00000000c2800000, 0x00000000eaa80000)
  object space 40960K, 55% used [0x00000000c0000000,0x00000000c165eeb0,0x00000000c2800000)
 PSPermGen       total 21504K, used 6285K [0x00000000b5a00000, 0x00000000b6f00000, 0x00000000c0000000)
  object space 21504K, 29% used [0x00000000b5a00000,0x00000000b6023628,0x00000000b6f00000)
Event: 18,775 GC heap after
Heap after GC invocations=6 (full 0):
 PSYoungGen      total 139776K, used 13588K [0x00000000eaa80000, 0x00000000f4980000, 0x0000000100000000)
  eden space 124416K, 0% used [0x00000000eaa80000,0x00000000eaa80000,0x00000000f2400000)
  from space 15360K, 88% used [0x00000000f3580000,0x00000000f42c5368,0x00000000f4480000)
  to   space 17920K, 0% used [0x00000000f2400000,0x00000000f2400000,0x00000000f3580000)
 ParOldGen       total 40960K, used 22907K [0x00000000c0000000, 0x00000000c2800000, 0x00000000eaa80000)
  object space 40960K, 55% used [0x00000000c0000000,0x00000000c165eeb0,0x00000000c2800000)
 PSPermGen       total 21504K, used 6285K [0x00000000b5a00000, 0x00000000b6f00000, 0x00000000c0000000)
  object space 21504K, 29% used [0x00000000b5a00000,0x00000000b6023628,0x00000000b6f00000)
}
Event: 25,594 GC heap before
{Heap before GC invocations=7 (full 0):
 PSYoungGen      total 139776K, used 138004K [0x00000000eaa80000, 0x00000000f4980000, 0x0000000100000000)
  eden space 124416K, 100% used [0x00000000eaa80000,0x00000000f2400000,0x00000000f2400000)
  from space 15360K, 88% used [0x00000000f3580000,0x00000000f42c5368,0x00000000f4480000)
  to   space 17920K, 0% used [0x00000000f2400000,0x00000000f2400000,0x00000000f3580000)
 ParOldGen       total 40960K, used 22907K [0x00000000c0000000, 0x00000000c2800000, 0x00000000eaa80000)
  object space 40960K, 55% used [0x00000000c0000000,0x00000000c165eeb0,0x00000000c2800000)
 PSPermGen       total 21504K, used 6366K [0x00000000b5a00000, 0x00000000b6f00000, 0x00000000c0000000)
  object space 21504K, 29% used [0x00000000b5a00000,0x00000000b6037bd8,0x00000000b6f00000)

Deoptimization events (10 events):
Event: 4,907 Thread 0x00007f81f000a800 Uncommon trap: reason=class_check action=maybe_recompile pc=0x00007f81ed0a7234 method=java.util.HashMap.put(Ljava/lang/Object;Ljava/lang/Object;)Ljava/lang/Object; @ 83
Event: 4,907 Thread 0x00007f81f000a800 Uncommon trap: reason=class_check action=maybe_recompile pc=0x00007f81ed0a7234 method=java.util.HashMap.put(Ljava/lang/Object;Ljava/lang/Object;)Ljava/lang/Object; @ 83
Event: 5,033 Thread 0x00007f81f019a800 Uncommon trap: reason=unstable_if action=reinterpret pc=0x00007f81ed095b34 method=com.android.dx.util.IntList.binarysearch(I)I @ 105
Event: 5,305 Thread 0x00007f81f000a800 Uncommon trap: reason=unstable_if action=reinterpret pc=0x00007f81ed0b6a18 method=com.android.dx.ssa.SsaRenamer$BlockRenamer.process()V @ 90
Event: 5,600 Thread 0x00007f81f019a800 Uncommon trap: reason=unstable_if action=reinterpret pc=0x00007f81ed08ffe4 method=com.android.dx.rop.code.RegisterSpec.equals(ILcom/android/dx/rop/type/TypeBearer;Lcom/android/dx/rop/code/LocalItem;)Z @ 42
Event: 5,603 Thread 0x00007f81f0199000 Uncommon trap: reason=unstable_if action=reinterpret pc=0x00007f81ed0c48a8 method=com.android.dx.ssa.LocalVariableExtractor.processBlock(I)V @ 251
Event: 13,996 Thread 0x00007f81f000a800 Uncommon trap: reason=unloaded action=reinterpret pc=0x00007f81ed114a7c method=com.android.dx.cf.cst.ConstantPoolParser.parse0(ILjava/util/BitSet;)Lcom/android/dx/rop/cst/Constant; @ 220
Event: 14,508 Thread 0x00007f81f019c000 Uncommon trap: reason=unstable_if action=reinterpret pc=0x00007f81ed0ec548 method=com.android.dx.ssa.SCCP.simulateBranch(Lcom/android/dx/ssa/SsaInsn;)V @ 548
Event: 17,352 Thread 0x00007f81f000a800 Uncommon trap: reason=null_check action=make_not_entrant pc=0x00007f81ed129bcc method=com.android.dx.cf.code.Ropper$CatchInfo.getSetup(Lcom/android/dx/rop/type/Type;)Lcom/android/dx/cf/code/Ropper$ExceptionHandlerSetup; @ 10
Event: 22,573 Thread 0x00007f81f0193000 Uncommon trap: reason=unstable_if action=reinterpret pc=0x00007f81ed0df26c method=com.android.dx.ssa.Dominators.run()V @ 346

Internal exceptions (10 events):
Event: 2,138 Thread 0x00007f81f000a800 Threw 0x00000000eb528480 at /build/openjdk-7-2FOwCu/openjdk-7-7u95-2.6.4/build/openjdk/hotspot/src/share/vm/prims/jvm.cpp:1322
Event: 2,138 Thread 0x00007f81f000a800 Threw 0x00000000eb52af58 at /build/openjdk-7-2FOwCu/openjdk-7-7u95-2.6.4/build/openjdk/hotspot/src/share/vm/prims/jvm.cpp:1322
Event: 2,447 Thread 0x00007f81f019c000 Threw 0x00000000eb7bcc28 at /build/openjdk-7-2FOwCu/openjdk-7-7u95-2.6.4/build/openjdk/hotspot/src/share/vm/prims/jvm.cpp:1322
Event: 2,825 Thread 0x00007f81f0193000 Threw 0x00000000ead556c8 at /build/openjdk-7-2FOwCu/openjdk-7-7u95-2.6.4/build/openjdk/hotspot/src/share/vm/prims/jvm.cpp:1322
Event: 3,547 Thread 0x00007f81f000a800 Implicit null exception at 0x00007f81ed0a20cf to 0x00007f81ed0a27b5
Event: 5,425 Thread 0x00007f81f000a800 Threw 0x00000000eb39bfd0 at /build/openjdk-7-2FOwCu/openjdk-7-7u95-2.6.4/build/openjdk/hotspot/src/share/vm/prims/jvm.cpp:1322
Event: 5,576 Thread 0x00007f81f000a800 Threw 0x00000000eb5a7060 at /build/openjdk-7-2FOwCu/openjdk-7-7u95-2.6.4/build/openjdk/hotspot/src/share/vm/prims/jvm.cpp:1322
Event: 6,900 Thread 0x00007f81f0199000 Threw 0x00000000ec7a6ca8 at /build/openjdk-7-2FOwCu/openjdk-7-7u95-2.6.4/build/openjdk/hotspot/src/share/vm/prims/jvm.cpp:1322
Event: 16,931 Thread 0x00007f81f000a800 Threw 0x00000000ed78be38 at /build/openjdk-7-2FOwCu/openjdk-7-7u95-2.6.4/build/openjdk/hotspot/src/share/vm/prims/jvm.cpp:1322
Event: 17,352 Thread 0x00007f81f000a800 Implicit null exception at 0x00007f81ed125c19 to 0x00007f81ed129b8d

Events (10 events):
Event: 20,686 Thread 0x00007f81f00ac800 flushing nmethod 0x00007f81ed087e50
Event: 20,687 Thread 0x00007f81f00af800 flushing nmethod 0x00007f81ed08fbd0
Event: 20,707 Thread 0x00007f81f00ac800 flushing nmethod 0x00007f81ed095890
Event: 20,708 Thread 0x00007f81f00ac800 flushing nmethod 0x00007f81ed0a6a10
Event: 20,708 Thread 0x00007f81f00ac800 flushing nmethod 0x00007f81ed0b4750
Event: 20,708 Thread 0x00007f81f00ac800 flushing nmethod 0x00007f81ed0c2b90
Event: 22,573 Thread 0x00007f81f0193000 Uncommon trap: trap_request=0xffffff75 fr.pc=0x00007f81ed0df26c
Event: 22,573 Thread 0x00007f81f0193000 DEOPT PACKING pc=0x00007f81ed0df26c sp=0x00007f81bb26e090
Event: 22,573 Thread 0x00007f81f0193000 DEOPT UNPACKING pc=0x00007f81ed039445 sp=0x00007f81bb26e078 mode 2
Event: 25,568 Executing VM operation: ParallelGCFailedAllocation


Dynamic libraries:
00400000-00401000 r-xp 00000000 08:06 1454669                            /usr/lib/jvm/java-7-openjdk-amd64/jre/bin/java
00600000-00601000 r--p 00000000 08:06 1454669                            /usr/lib/jvm/java-7-openjdk-amd64/jre/bin/java
00601000-00602000 rw-p 00001000 08:06 1454669                            /usr/lib/jvm/java-7-openjdk-amd64/jre/bin/java
00d8a000-00dab000 rw-p 00000000 00:00 0                                  [heap]
b5a00000-b6f00000 rw-p 00000000 00:00 0 
b6f00000-c0000000 rw-p 00000000 00:00 0 
c0000000-c2800000 rw-p 00000000 00:00 0 
c2800000-eaa80000 rw-p 00000000 00:00 0 
eaa80000-f4980000 rw-p 00000000 00:00 0 
fd580000-100000000 rw-p 00000000 00:00 0 
7f81a0000000-7f81a0025000 rw-p 00000000 00:00 0 
7f81a0025000-7f81a4000000 ---p 00000000 00:00 0 
7f81a4000000-7f81a402f000 rw-p 00000000 00:00 0 
7f81a402f000-7f81a8000000 ---p 00000000 00:00 0 
7f81a8000000-7f81a8021000 rw-p 00000000 00:00 0 
7f81a8021000-7f81ac000000 ---p 00000000 00:00 0 
7f81ac000000-7f81ac02d000 rw-p 00000000 00:00 0 
7f81ac02d000-7f81b0000000 ---p 00000000 00:00 0 
7f81b0000000-7f81b002f000 rw-p 00000000 00:00 0 
7f81b002f000-7f81b4000000 ---p 00000000 00:00 0 
7f81b4000000-7f81b4021000 rw-p 00000000 00:00 0 
7f81b4021000-7f81b8000000 ---p 00000000 00:00 0 
7f81bad6b000-7f81bad6e000 ---p 00000000 00:00 0 
7f81bad6e000-7f81bae6c000 rw-p 00000000 00:00 0                          [stack:6623]
7f81bae6c000-7f81bae6f000 ---p 00000000 00:00 0 
7f81bae6f000-7f81baf6d000 rw-p 00000000 00:00 0                          [stack:6622]
7f81baf6d000-7f81baf70000 ---p 00000000 00:00 0 
7f81baf70000-7f81bb06e000 rw-p 00000000 00:00 0                          [stack:6621]
7f81bb06e000-7f81bb071000 ---p 00000000 00:00 0 
7f81bb071000-7f81bb16f000 rw-p 00000000 00:00 0                          [stack:6618]
7f81bb16f000-7f81bb172000 ---p 00000000 00:00 0 
7f81bb172000-7f81bb270000 rw-p 00000000 00:00 0                          [stack:6615]
7f81bb270000-7f81bb2ad000 r-xp 00000000 08:06 130821                     /lib/x86_64-linux-gnu/libpcre.so.3.13.1
7f81bb2ad000-7f81bb4ac000 ---p 0003d000 08:06 130821                     /lib/x86_64-linux-gnu/libpcre.so.3.13.1
7f81bb4ac000-7f81bb4ad000 r--p 0003c000 08:06 130821                     /lib/x86_64-linux-gnu/libpcre.so.3.13.1
7f81bb4ad000-7f81bb4ae000 rw-p 0003d000 08:06 130821                     /lib/x86_64-linux-gnu/libpcre.so.3.13.1
7f81bb4ae000-7f81bb4b5000 r-xp 00000000 08:06 1447540                    /usr/lib/x86_64-linux-gnu/libffi.so.6.0.1
7f81bb4b5000-7f81bb6b4000 ---p 00007000 08:06 1447540                    /usr/lib/x86_64-linux-gnu/libffi.so.6.0.1
7f81bb6b4000-7f81bb6b5000 r--p 00006000 08:06 1447540                    /usr/lib/x86_64-linux-gnu/libffi.so.6.0.1
7f81bb6b5000-7f81bb6b6000 rw-p 00007000 08:06 1447540                    /usr/lib/x86_64-linux-gnu/libffi.so.6.0.1
7f81bb6b6000-7f81bb6cd000 r-xp 00000000 08:06 134868                     /lib/x86_64-linux-gnu/libresolv-2.19.so
7f81bb6cd000-7f81bb8cd000 ---p 00017000 08:06 134868                     /lib/x86_64-linux-gnu/libresolv-2.19.so
7f81bb8cd000-7f81bb8ce000 r--p 00017000 08:06 134868                     /lib/x86_64-linux-gnu/libresolv-2.19.so
7f81bb8ce000-7f81bb8cf000 rw-p 00018000 08:06 134868                     /lib/x86_64-linux-gnu/libresolv-2.19.so
7f81bb8cf000-7f81bb8d1000 rw-p 00000000 00:00 0 
7f81bb8d1000-7f81bb8f1000 r-xp 00000000 08:06 135079                     /lib/x86_64-linux-gnu/libselinux.so.1
7f81bb8f1000-7f81bbaf0000 ---p 00020000 08:06 135079                     /lib/x86_64-linux-gnu/libselinux.so.1
7f81bbaf0000-7f81bbaf1000 r--p 0001f000 08:06 135079                     /lib/x86_64-linux-gnu/libselinux.so.1
7f81bbaf1000-7f81bbaf2000 rw-p 00020000 08:06 135079                     /lib/x86_64-linux-gnu/libselinux.so.1
7f81bbaf2000-7f81bbaf4000 rw-p 00000000 00:00 0 
7f81bbaf4000-7f81bbaf7000 r-xp 00000000 08:06 1439340                    /usr/lib/x86_64-linux-gnu/libgmodule-2.0.so.0.4002.0
7f81bbaf7000-7f81bbcf6000 ---p 00003000 08:06 1439340                    /usr/lib/x86_64-linux-gnu/libgmodule-2.0.so.0.4002.0
7f81bbcf6000-7f81bbcf7000 r--p 00002000 08:06 1439340                    /usr/lib/x86_64-linux-gnu/libgmodule-2.0.so.0.4002.0
7f81bbcf7000-7f81bbcf8000 rw-p 00003000 08:06 1439340                    /usr/lib/x86_64-linux-gnu/libgmodule-2.0.so.0.4002.0
7f81bbcf8000-7f81bbdfe000 r-xp 00000000 08:06 134871                     /lib/x86_64-linux-gnu/libglib-2.0.so.0.4002.0
7f81bbdfe000-7f81bbffd000 ---p 00106000 08:06 134871                     /lib/x86_64-linux-gnu/libglib-2.0.so.0.4002.0
7f81bbffd000-7f81bbffe000 r--p 00105000 08:06 134871                     /lib/x86_64-linux-gnu/libglib-2.0.so.0.4002.0
7f81bbffe000-7f81bbfff000 rw-p 00106000 08:06 134871                     /lib/x86_64-linux-gnu/libglib-2.0.so.0.4002.0
7f81bbfff000-7f81bc000000 rw-p 00000000 00:00 0 
7f81bc000000-7f81bd6b1000 rw-p 00000000 00:00 0 
7f81bd6b1000-7f81c0000000 ---p 00000000 00:00 0 
7f81c0000000-7f81c0021000 rw-p 00000000 00:00 0 
7f81c0021000-7f81c4000000 ---p 00000000 00:00 0 
7f81c4000000-7f81c4021000 rw-p 00000000 00:00 0 
7f81c4021000-7f81c8000000 ---p 00000000 00:00 0 
7f81c8000000-7f81c9a97000 rw-p 00000000 00:00 0 
7f81c9a97000-7f81cc000000 ---p 00000000 00:00 0 
7f81cc000000-7f81cc021000 rw-p 00000000 00:00 0 
7f81cc021000-7f81d0000000 ---p 00000000 00:00 0 
7f81d0000000-7f81d0021000 rw-p 00000000 00:00 0 
7f81d0021000-7f81d4000000 ---p 00000000 00:00 0 
7f81d4000000-7f81d4021000 rw-p 00000000 00:00 0 
7f81d4021000-7f81d8000000 ---p 00000000 00:00 0 
7f81d8000000-7f81d8021000 rw-p 00000000 00:00 0 
7f81d8021000-7f81dc000000 ---p 00000000 00:00 0 
7f81dc000000-7f81dc021000 rw-p 00000000 00:00 0 
7f81dc021000-7f81e0000000 ---p 00000000 00:00 0 
7f81e0000000-7f81e0021000 rw-p 00000000 00:00 0 
7f81e0021000-7f81e4000000 ---p 00000000 00:00 0 
7f81e4000000-7f81e4021000 rw-p 00000000 00:00 0 
7f81e4021000-7f81e8000000 ---p 00000000 00:00 0 
7f81e80c5000-7f81e80f6000 rw-p 00000000 00:00 0 
7f81e80f6000-7f81e8145000 r-xp 00000000 08:06 1439358                    /usr/lib/x86_64-linux-gnu/libgobject-2.0.so.0.4002.0
7f81e8145000-7f81e8345000 ---p 0004f000 08:06 1439358                    /usr/lib/x86_64-linux-gnu/libgobject-2.0.so.0.4002.0
7f81e8345000-7f81e8346000 r--p 0004f000 08:06 1439358                    /usr/lib/x86_64-linux-gnu/libgobject-2.0.so.0.4002.0
7f81e8346000-7f81e8347000 rw-p 00050000 08:06 1439358                    /usr/lib/x86_64-linux-gnu/libgobject-2.0.so.0.4002.0
7f81e8347000-7f81e84b3000 r-xp 00000000 08:06 1439362                    /usr/lib/x86_64-linux-gnu/libgio-2.0.so.0.4002.0
7f81e84b3000-7f81e86b2000 ---p 0016c000 08:06 1439362                    /usr/lib/x86_64-linux-gnu/libgio-2.0.so.0.4002.0
7f81e86b2000-7f81e86b6000 r--p 0016b000 08:06 1439362                    /usr/lib/x86_64-linux-gnu/libgio-2.0.so.0.4002.0
7f81e86b6000-7f81e86b8000 rw-p 0016f000 08:06 1439362                    /usr/lib/x86_64-linux-gnu/libgio-2.0.so.0.4002.0
7f81e86b8000-7f81e86ba000 rw-p 00000000 00:00 0 
7f81e86d6000-7f81e86ed000 r-xp 00000000 08:06 1489830                    /usr/lib/jvm/java-7-openjdk-amd64/jre/lib/amd64/libnet.so
7f81e86ed000-7f81e88ec000 ---p 00017000 08:06 1489830                    /usr/lib/jvm/java-7-openjdk-amd64/jre/lib/amd64/libnet.so
7f81e88ec000-7f81e88ed000 r--p 00016000 08:06 1489830                    /usr/lib/jvm/java-7-openjdk-amd64/jre/lib/amd64/libnet.so
7f81e88ed000-7f81e88ee000 rw-p 00017000 08:06 1489830                    /usr/lib/jvm/java-7-openjdk-amd64/jre/lib/amd64/libnet.so
7f81e88ee000-7f81e88fe000 r-xp 00000000 08:06 1489812                    /usr/lib/jvm/java-7-openjdk-amd64/jre/lib/amd64/libnio.so
7f81e88fe000-7f81e8afe000 ---p 00010000 08:06 1489812                    /usr/lib/jvm/java-7-openjdk-amd64/jre/lib/amd64/libnio.so
7f81e8afe000-7f81e8aff000 r--p 00010000 08:06 1489812                    /usr/lib/jvm/java-7-openjdk-amd64/jre/lib/amd64/libnio.so
7f81e8aff000-7f81e8b00000 rw-p 00011000 08:06 1489812                    /usr/lib/jvm/java-7-openjdk-amd64/jre/lib/amd64/libnio.so
7f81e8b00000-7f81e8b16000 r--s 000f0000 08:06 3226665                    /home/tulin/AndroidStudioProjects/CamApp/app/build/intermediates/exploded-aar/com.android.support/support-v4/23.2.0/jars/classes.jar
7f81e8b16000-7f81e8b25000 r--s 000df000 08:06 3216701                    /home/tulin/Android/Sdk/build-tools/23.0.2/lib/dx.jar
7f81e8b25000-7f81e8b26000 ---p 00000000 00:00 0 
7f81e8b26000-7f81e8c26000 rw-p 00000000 00:00 0                          [stack:6580]
7f81e8c26000-7f81e8c29000 ---p 00000000 00:00 0 
7f81e8c29000-7f81e8d27000 rw-p 00000000 00:00 0                          [stack:6579]
7f81e8d27000-7f81e8d2a000 ---p 00000000 00:00 0 
7f81e8d2a000-7f81e8e28000 rw-p 00000000 00:00 0                          [stack:6578]
7f81e8e28000-7f81e8e2b000 ---p 00000000 00:00 0 
7f81e8e2b000-7f81e8f29000 rw-p 00000000 00:00 0                          [stack:6575]
7f81e8f29000-7f81e8f2c000 ---p 00000000 00:00 0 
7f81e8f2c000-7f81e902a000 rw-p 00000000 00:00 0                          [stack:6571]
7f81e902a000-7f81e987c000 r--p 00000000 08:06 1447082                    /usr/lib/locale/locale-archive
7f81e987c000-7f81e987f000 ---p 00000000 00:00 0 
7f81e987f000-7f81e997d000 rw-p 00000000 00:00 0                          [stack:6567]
7f81e997d000-7f81e9980000 ---p 00000000 00:00 0 
7f81e9980000-7f81e9a7e000 rw-p 00000000 00:00 0                          [stack:6566]
7f81e9a7e000-7f81e9a7f000 ---p 00000000 00:00 0 
7f81e9a7f000-7f81ed000000 rw-p 00000000 00:00 0                          [stack:6563]
7f81ed000000-7f81ed270000 rwxp 00000000 00:00 0 
7f81ed270000-7f81f01da000 rw-p 00000000 00:00 0 
7f81f01da000-7f81f4000000 ---p 00000000 00:00 0 
7f81f4002000-7f81f40ae000 rw-p 00000000 00:00 0 
7f81f40ae000-7f81f4260000 r--s 01d2f000 08:06 1489796                    /usr/lib/jvm/java-7-openjdk-amd64/jre/lib/rt.jar
7f81f4260000-7f81f45ac000 rw-p 00000000 00:00 0 
7f81f45ac000-7f81f45ad000 ---p 00000000 00:00 0 
7f81f45ad000-7f81f46ad000 rw-p 00000000 00:00 0                          [stack:6555]
7f81f46ad000-7f81f46ae000 ---p 00000000 00:00 0 
7f81f46ae000-7f81f47ae000 rw-p 00000000 00:00 0                          [stack:6549]
7f81f47ae000-7f81f47af000 ---p 00000000 00:00 0 
7f81f47af000-7f81f48af000 rw-p 00000000 00:00 0                          [stack:6543]
7f81f48af000-7f81f48b0000 ---p 00000000 00:00 0 
7f81f48b0000-7f81f49bb000 rw-p 00000000 00:00 0                          [stack:6538]
7f81f49bb000-7f81f4a03000 rw-p 00000000 00:00 0 
7f81f4a03000-7f81f4a17000 rw-p 00000000 00:00 0 
7f81f4a17000-7f81f4b59000 rw-p 00000000 00:00 0 
7f81f4b59000-7f81f4b64000 rw-p 00000000 00:00 0 
7f81f4b64000-7f81f4bac000 rw-p 00000000 00:00 0 
7f81f4bac000-7f81f4bc0000 rw-p 00000000 00:00 0 
7f81f4bc0000-7f81f4d01000 rw-p 00000000 00:00 0 
7f81f4d01000-7f81f4d51000 rw-p 00000000 00:00 0 
7f81f4d51000-7f81f4dac000 rw-p 00000000 00:00 0 
7f81f4dac000-7f81f4dad000 rw-p 00000000 00:00 0 
7f81f4dad000-7f81f4db5000 r-xp 00000000 08:06 1489805                    /usr/lib/jvm/java-7-openjdk-amd64/jre/lib/amd64/libzip.so
7f81f4db5000-7f81f4fb4000 ---p 00008000 08:06 1489805                    /usr/lib/jvm/java-7-openjdk-amd64/jre/lib/amd64/libzip.so
7f81f4fb4000-7f81f4fb5000 r--p 00007000 08:06 1489805                    /usr/lib/jvm/java-7-openjdk-amd64/jre/lib/amd64/libzip.so
7f81f4fb5000-7f81f4fb6000 rw-p 00008000 08:06 1489805                    /usr/lib/jvm/java-7-openjdk-amd64/jre/lib/amd64/libzip.so
7f81f4fb6000-7f81f4fc1000 r-xp 00000000 08:06 184225                     /lib/x86_64-linux-gnu/libnss_files-2.19.so
7f81f4fc1000-7f81f51c0000 ---p 0000b000 08:06 184225                     /lib/x86_64-linux-gnu/libnss_files-2.19.so
7f81f51c0000-7f81f51c1000 r--p 0000a000 08:06 184225                     /lib/x86_64-linux-gnu/libnss_files-2.19.so
7f81f51c1000-7f81f51c2000 rw-p 0000b000 08:06 184225                     /lib/x86_64-linux-gnu/libnss_files-2.19.so
7f81f51c2000-7f81f51cd000 r-xp 00000000 08:06 145746                     /lib/x86_64-linux-gnu/libnss_nis-2.19.so
7f81f51cd000-7f81f53cc000 ---p 0000b000 08:06 145746                     /lib/x86_64-linux-gnu/libnss_nis-2.19.so
7f81f53cc000-7f81f53cd000 r--p 0000a000 08:06 145746                     /lib/x86_64-linux-gnu/libnss_nis-2.19.so
7f81f53cd000-7f81f53ce000 rw-p 0000b000 08:06 145746                     /lib/x86_64-linux-gnu/libnss_nis-2.19.so
7f81f53ce000-7f81f53e5000 r-xp 00000000 08:06 145742                     /lib/x86_64-linux-gnu/libnsl-2.19.so
7f81f53e5000-7f81f55e4000 ---p 00017000 08:06 145742                     /lib/x86_64-linux-gnu/libnsl-2.19.so
7f81f55e4000-7f81f55e5000 r--p 00016000 08:06 145742                     /lib/x86_64-linux-gnu/libnsl-2.19.so
7f81f55e5000-7f81f55e6000 rw-p 00017000 08:06 145742                     /lib/x86_64-linux-gnu/libnsl-2.19.so
7f81f55e6000-7f81f55e8000 rw-p 00000000 00:00 0 
7f81f55e8000-7f81f55f1000 r-xp 00000000 08:06 145741                     /lib/x86_64-linux-gnu/libnss_compat-2.19.so
7f81f55f1000-7f81f57f0000 ---p 00009000 08:06 145741                     /lib/x86_64-linux-gnu/libnss_compat-2.19.so
7f81f57f0000-7f81f57f1000 r--p 00008000 08:06 145741                     /lib/x86_64-linux-gnu/libnss_compat-2.19.so
7f81f57f1000-7f81f57f2000 rw-p 00009000 08:06 145741                     /lib/x86_64-linux-gnu/libnss_compat-2.19.so
7f81f57f2000-7f81f581d000 r-xp 00000000 08:06 1489826                    /usr/lib/jvm/java-7-openjdk-amd64/jre/lib/amd64/libjava.so
7f81f581d000-7f81f5a1d000 ---p 0002b000 08:06 1489826                    /usr/lib/jvm/java-7-openjdk-amd64/jre/lib/amd64/libjava.so
7f81f5a1d000-7f81f5a1e000 r--p 0002b000 08:06 1489826                    /usr/lib/jvm/java-7-openjdk-amd64/jre/lib/amd64/libjava.so
7f81f5a1e000-7f81f5a20000 rw-p 0002c000 08:06 1489826                    /usr/lib/jvm/java-7-openjdk-amd64/jre/lib/amd64/libjava.so
7f81f5a20000-7f81f5a30000 r-xp 00000000 08:06 1489810                    /usr/lib/jvm/java-7-openjdk-amd64/jre/lib/amd64/libverify.so
7f81f5a30000-7f81f5c2f000 ---p 00010000 08:06 1489810                    /usr/lib/jvm/java-7-openjdk-amd64/jre/lib/amd64/libverify.so
7f81f5c2f000-7f81f5c31000 r--p 0000f000 08:06 1489810                    /usr/lib/jvm/java-7-openjdk-amd64/jre/lib/amd64/libverify.so
7f81f5c31000-7f81f5c32000 rw-p 00011000 08:06 1489810                    /usr/lib/jvm/java-7-openjdk-amd64/jre/lib/amd64/libverify.so
7f81f5c32000-7f81f5c39000 r-xp 00000000 08:06 148472                     /lib/x86_64-linux-gnu/librt-2.19.so
7f81f5c39000-7f81f5e38000 ---p 00007000 08:06 148472                     /lib/x86_64-linux-gnu/librt-2.19.so
7f81f5e38000-7f81f5e39000 r--p 00006000 08:06 148472                     /lib/x86_64-linux-gnu/librt-2.19.so
7f81f5e39000-7f81f5e3a000 rw-p 00007000 08:06 148472                     /lib/x86_64-linux-gnu/librt-2.19.so
7f81f5e3a000-7f81f5e50000 r-xp 00000000 08:06 131070                     /lib/x86_64-linux-gnu/libgcc_s.so.1
7f81f5e50000-7f81f604f000 ---p 00016000 08:06 131070                     /lib/x86_64-linux-gnu/libgcc_s.so.1
7f81f604f000-7f81f6050000 rw-p 00015000 08:06 131070                     /lib/x86_64-linux-gnu/libgcc_s.so.1
7f81f6050000-7f81f6155000 r-xp 00000000 08:06 135048                     /lib/x86_64-linux-gnu/libm-2.19.so
7f81f6155000-7f81f6354000 ---p 00105000 08:06 135048                     /lib/x86_64-linux-gnu/libm-2.19.so
7f81f6354000-7f81f6355000 r--p 00104000 08:06 135048                     /lib/x86_64-linux-gnu/libm-2.19.so
7f81f6355000-7f81f6356000 rw-p 00105000 08:06 135048                     /lib/x86_64-linux-gnu/libm-2.19.so
7f81f6356000-7f81f643c000 r-xp 00000000 08:06 1439330                    /usr/lib/x86_64-linux-gnu/libstdc++.so.6.0.19
7f81f643c000-7f81f663b000 ---p 000e6000 08:06 1439330                    /usr/lib/x86_64-linux-gnu/libstdc++.so.6.0.19
7f81f663b000-7f81f6643000 r--p 000e5000 08:06 1439330                    /usr/lib/x86_64-linux-gnu/libstdc++.so.6.0.19
7f81f6643000-7f81f6645000 rw-p 000ed000 08:06 1439330                    /usr/lib/x86_64-linux-gnu/libstdc++.so.6.0.19
7f81f6645000-7f81f665a000 rw-p 00000000 00:00 0 
7f81f665a000-7f81f717f000 r-xp 00000000 08:06 1489806                    /usr/lib/jvm/java-7-openjdk-amd64/jre/lib/amd64/server/libjvm.so
7f81f717f000-7f81f737f000 ---p 00b25000 08:06 1489806                    /usr/lib/jvm/java-7-openjdk-amd64/jre/lib/amd64/server/libjvm.so
7f81f737f000-7f81f7419000 r--p 00b25000 08:06 1489806                    /usr/lib/jvm/java-7-openjdk-amd64/jre/lib/amd64/server/libjvm.so
7f81f7419000-7f81f743c000 rw-p 00bbf000 08:06 1489806                    /usr/lib/jvm/java-7-openjdk-amd64/jre/lib/amd64/server/libjvm.so
7f81f743c000-7f81f746a000 rw-p 00000000 00:00 0 
7f81f746a000-7f81f7482000 r-xp 00000000 08:06 135112                     /lib/x86_64-linux-gnu/libz.so.1.2.8
7f81f7482000-7f81f7681000 ---p 00018000 08:06 135112                     /lib/x86_64-linux-gnu/libz.so.1.2.8
7f81f7681000-7f81f7682000 r--p 00017000 08:06 135112                     /lib/x86_64-linux-gnu/libz.so.1.2.8
7f81f7682000-7f81f7683000 rw-p 00018000 08:06 135112                     /lib/x86_64-linux-gnu/libz.so.1.2.8
7f81f7683000-7f81f769c000 r-xp 00000000 08:06 145743                     /lib/x86_64-linux-gnu/libpthread-2.19.so
7f81f769c000-7f81f789b000 ---p 00019000 08:06 145743                     /lib/x86_64-linux-gnu/libpthread-2.19.so
7f81f789b000-7f81f789c000 r--p 00018000 08:06 145743                     /lib/x86_64-linux-gnu/libpthread-2.19.so
7f81f789c000-7f81f789d000 rw-p 00019000 08:06 145743                     /lib/x86_64-linux-gnu/libpthread-2.19.so
7f81f789d000-7f81f78a1000 rw-p 00000000 00:00 0 
7f81f78a1000-7f81f78a4000 r-xp 00000000 08:06 145738                     /lib/x86_64-linux-gnu/libdl-2.19.so
7f81f78a4000-7f81f7aa3000 ---p 00003000 08:06 145738                     /lib/x86_64-linux-gnu/libdl-2.19.so
7f81f7aa3000-7f81f7aa4000 r--p 00002000 08:06 145738                     /lib/x86_64-linux-gnu/libdl-2.19.so
7f81f7aa4000-7f81f7aa5000 rw-p 00003000 08:06 145738                     /lib/x86_64-linux-gnu/libdl-2.19.so
7f81f7aa5000-7f81f7c60000 r-xp 00000000 08:06 148473                     /lib/x86_64-linux-gnu/libc-2.19.so
7f81f7c60000-7f81f7e5f000 ---p 001bb000 08:06 148473                     /lib/x86_64-linux-gnu/libc-2.19.so
7f81f7e5f000-7f81f7e63000 r--p 001ba000 08:06 148473                     /lib/x86_64-linux-gnu/libc-2.19.so
7f81f7e63000-7f81f7e65000 rw-p 001be000 08:06 148473                     /lib/x86_64-linux-gnu/libc-2.19.so
7f81f7e65000-7f81f7e6a000 rw-p 00000000 00:00 0 
7f81f7e6a000-7f81f7e77000 r-xp 00000000 08:06 1489800                    /usr/lib/jvm/java-7-openjdk-amd64/jre/lib/amd64/jli/libjli.so
7f81f7e77000-7f81f8076000 ---p 0000d000 08:06 1489800                    /usr/lib/jvm/java-7-openjdk-amd64/jre/lib/amd64/jli/libjli.so
7f81f8076000-7f81f8077000 r--p 0000c000 08:06 1489800                    /usr/lib/jvm/java-7-openjdk-amd64/jre/lib/amd64/jli/libjli.so
7f81f8077000-7f81f8078000 rw-p 0000d000 08:06 1489800                    /usr/lib/jvm/java-7-openjdk-amd64/jre/lib/amd64/jli/libjli.so
7f81f8078000-7f81f809b000 r-xp 00000000 08:06 145744                     /lib/x86_64-linux-gnu/ld-2.19.so
7f81f809b000-7f81f809e000 r--s 0000f000 08:06 1489840                    /usr/lib/jvm/java-7-openjdk-amd64/jre/lib/ext/icedtea-sound.jar
7f81f809e000-7f81f80c0000 rw-p 00000000 00:00 0 
7f81f80c0000-7f81f8176000 rw-p 00000000 00:00 0 
7f81f8176000-7f81f8179000 ---p 00000000 00:00 0 
7f81f8179000-7f81f827d000 rw-p 00000000 00:00 0                          [stack:6527]
7f81f827d000-7f81f827f000 r--s 00012000 08:06 1489837                    /usr/lib/jvm/java-7-openjdk-amd64/jre/lib/ext/zipfs.jar
7f81f827f000-7f81f8280000 r--s 00002000 08:06 1489839                    /usr/lib/jvm/java-7-openjdk-amd64/jre/lib/ext/dnsns.jar
7f81f8280000-7f81f8282000 r--s 00006000 08:06 1840524                    /usr/share/java/java-atk-wrapper.jar
7f81f8282000-7f81f8286000 r--s 0003c000 08:06 1489838                    /usr/lib/jvm/java-7-openjdk-amd64/jre/lib/ext/sunpkcs11.jar
7f81f8286000-7f81f828a000 r--s 00034000 08:06 1489836                    /usr/lib/jvm/java-7-openjdk-amd64/jre/lib/ext/sunjce_provider.jar
7f81f828a000-7f81f828e000 r--s 00085000 08:06 1489835                    /usr/lib/jvm/java-7-openjdk-amd64/jre/lib/ext/localedata.jar
7f81f828e000-7f81f8296000 rw-s 00000000 08:06 1846229                    /tmp/hsperfdata_tulin/6524
7f81f8296000-7f81f8297000 rw-p 00000000 00:00 0 
7f81f8297000-7f81f8298000 ---p 00000000 00:00 0 
7f81f8298000-7f81f829a000 rw-p 00000000 00:00 0 
7f81f829a000-7f81f829b000 r--p 00022000 08:06 145744                     /lib/x86_64-linux-gnu/ld-2.19.so
7f81f829b000-7f81f829c000 rw-p 00023000 08:06 145744                     /lib/x86_64-linux-gnu/ld-2.19.so
7f81f829c000-7f81f829d000 rw-p 00000000 00:00 0 
7ffcc7d4c000-7ffcc7d6d000 rw-p 00000000 00:00 0                          [stack]
7ffcc7d94000-7ffcc7d96000 r-xp 00000000 00:00 0                          [vdso]
ffffffffff600000-ffffffffff601000 r-xp 00000000 00:00 0                  [vsyscall]

VM Arguments:
jvm_args: -Djava.awt.headless=true -Xmx1024M -Dfile.encoding=UTF-8 -Duser.country=US -Duser.language=en -Duser.variant 
java_command: com.android.dx.command.Main --dex --num-threads=4 --output /home/tulin/AndroidStudioProjects/CamApp/app/build/intermediates/pre-dexed/debug/com.android.support-support-v4-23.2.0_4b1fd8c92292e56f5a1fba56278554e72cab954d.jar /home/tulin/AndroidStudioProjects/CamApp/app/build/intermediates/exploded-aar/com.android.support/support-v4/23.2.0/jars/classes.jar
Launcher Type: SUN_STANDARD

Environment Variables:
PATH=/usr/local/sbin:/usr/local/bin:/usr/sbin:/usr/bin:/sbin:/bin:/usr/games:/usr/local/games
SHELL=/bin/bash
DISPLAY=:0

Signal Handlers:
SIGSEGV: [libjvm.so+0x955bc0], sa_mask[0]=0x7ffbfeff, sa_flags=0x10000004
SIGBUS: [libjvm.so+0x955bc0], sa_mask[0]=0x7ffbfeff, sa_flags=0x10000004
SIGFPE: [libjvm.so+0x7caff0], sa_mask[0]=0x7ffbfeff, sa_flags=0x10000004
SIGPIPE: [libjvm.so+0x7caff0], sa_mask[0]=0x7ffbfeff, sa_flags=0x10000004
SIGXFSZ: [libjvm.so+0x7caff0], sa_mask[0]=0x7ffbfeff, sa_flags=0x10000004
SIGILL: [libjvm.so+0x7caff0], sa_mask[0]=0x7ffbfeff, sa_flags=0x10000004
SIGUSR1: SIG_DFL, sa_mask[0]=0x00000000, sa_flags=0x00000000
SIGUSR2: [libjvm.so+0x7cae90], sa_mask[0]=0x00000004, sa_flags=0x10000004
SIGHUP: [libjvm.so+0x7cb070], sa_mask[0]=0x7ffbfeff, sa_flags=0x10000004
SIGINT: [libjvm.so+0x7cb070], sa_mask[0]=0x7ffbfeff, sa_flags=0x10000004
SIGTERM: [libjvm.so+0x7cb070], sa_mask[0]=0x7ffbfeff, sa_flags=0x10000004
SIGQUIT: [libjvm.so+0x7cb070], sa_mask[0]=0x7ffbfeff, sa_flags=0x10000004
SIGTRAP: SIG_DFL, sa_mask[0]=0x00000000, sa_flags=0x00000000


---------------  S Y S T E M  ---------------

OS:Ubuntu 14.04 (trusty)
uname:Linux 3.13.0-79-generic #123-Ubuntu SMP Fri Feb 19 14:27:58 UTC 2016 x86_64
libc:glibc 2.19 NPTL 2.19 
rlimit: STACK 8192k, CORE 0k, NPROC 30460, NOFILE 4096, AS infinity
load average:12,03 5,77 3,00

/proc/meminfo:
MemTotal:        3946988 kB
MemFree:          134704 kB
Buffers:             556 kB
Cached:           461092 kB
SwapCached:            0 kB
Active:          3200912 kB
Inactive:         439560 kB
Active(anon):    3180824 kB
Inactive(anon):   419448 kB
Active(file):      20088 kB
Inactive(file):    20112 kB
Unevictable:          32 kB
Mlocked:              32 kB
SwapTotal:             0 kB
SwapFree:              0 kB
Dirty:               300 kB
Writeback:             0 kB
AnonPages:       3179116 kB
Mapped:           180492 kB
Shmem:            421276 kB
Slab:              70116 kB
SReclaimable:      32604 kB
SUnreclaim:        37512 kB
KernelStack:        5896 kB
PageTables:        40168 kB
NFS_Unstable:          0 kB
Bounce:                0 kB
WritebackTmp:          0 kB
CommitLimit:     1973492 kB
Committed_AS:    8252872 kB
VmallocTotal:   34359738367 kB
VmallocUsed:      350216 kB
VmallocChunk:   34359381756 kB
HardwareCorrupted:     0 kB
AnonHugePages:   1587200 kB
HugePages_Total:       0
HugePages_Free:        0
HugePages_Rsvd:        0
HugePages_Surp:        0
Hugepagesize:       2048 kB
DirectMap4k:       62496 kB
DirectMap2M:     4032512 kB


CPU:total 4 (2 cores per cpu, 2 threads per core) family 6 model 42 stepping 7, cmov, cx8, fxsr, mmx, sse, sse2, sse3, ssse3, sse4.1, sse4.2, popcnt, avx, aes, ht, tsc, tscinvbit

/proc/cpuinfo:
processor	: 0
vendor_id	: GenuineIntel
cpu family	: 6
model		: 42
model name	: Intel(R) Core(TM) i5-2557M CPU @ 1.70GHz
stepping	: 7
microcode	: 0x1a
cpu MHz		: 1701.000
cache size	: 3072 KB
physical id	: 0
siblings	: 4
core id		: 0
cpu cores	: 2
apicid		: 0
initial apicid	: 0
fpu		: yes
fpu_exception	: yes
cpuid level	: 13
wp		: yes
flags		: fpu vme de pse tsc msr pae mce cx8 apic sep mtrr pge mca cmov pat pse36 clflush dts acpi mmx fxsr sse sse2 ss ht tm pbe syscall nx rdtscp lm constant_tsc arch_perfmon pebs bts rep_good nopl xtopology nonstop_tsc aperfmperf eagerfpu pni pclmulqdq dtes64 monitor ds_cpl vmx smx est tm2 ssse3 cx16 xtpr pdcm pcid sse4_1 sse4_2 x2apic popcnt tsc_deadline_timer aes xsave avx lahf_lm ida arat epb xsaveopt pln pts dtherm tpr_shadow vnmi flexpriority ept vpid
bogomips	: 3392.16
clflush size	: 64
cache_alignment	: 64
address sizes	: 36 bits physical, 48 bits virtual
power management:

processor	: 1
vendor_id	: GenuineIntel
cpu family	: 6
model		: 42
model name	: Intel(R) Core(TM) i5-2557M CPU @ 1.70GHz
stepping	: 7
microcode	: 0x1a
cpu MHz		: 1701.000
cache size	: 3072 KB
physical id	: 0
siblings	: 4
core id		: 1
cpu cores	: 2
apicid		: 2
initial apicid	: 2
fpu		: yes
fpu_exception	: yes
cpuid level	: 13
wp		: yes
flags		: fpu vme de pse tsc msr pae mce cx8 apic sep mtrr pge mca cmov pat pse36 clflush dts acpi mmx fxsr sse sse2 ss ht tm pbe syscall nx rdtscp lm constant_tsc arch_perfmon pebs bts rep_good nopl xtopology nonstop_tsc aperfmperf eagerfpu pni pclmulqdq dtes64 monitor ds_cpl vmx smx est tm2 ssse3 cx16 xtpr pdcm pcid sse4_1 sse4_2 x2apic popcnt tsc_deadline_timer aes xsave avx lahf_lm ida arat epb xsaveopt pln pts dtherm tpr_shadow vnmi flexpriority ept vpid
bogomips	: 3392.16
clflush size	: 64
cache_alignment	: 64
address sizes	: 36 bits physical, 48 bits virtual
power management:

processor	: 2
vendor_id	: GenuineIntel
cpu family	: 6
model		: 42
model name	: Intel(R) Core(TM) i5-2557M CPU @ 1.70GHz
stepping	: 7
microcode	: 0x1a
cpu MHz		: 1701.000
cache size	: 3072 KB
physical id	: 0
siblings	: 4
core id		: 0
cpu cores	: 2
apicid		: 1
initial apicid	: 1
fpu		: yes
fpu_exception	: yes
cpuid level	: 13
wp		: yes
flags		: fpu vme de pse tsc msr pae mce cx8 apic sep mtrr pge mca cmov pat pse36 clflush dts acpi mmx fxsr sse sse2 ss ht tm pbe syscall nx rdtscp lm constant_tsc arch_perfmon pebs bts rep_good nopl xtopology nonstop_tsc aperfmperf eagerfpu pni pclmulqdq dtes64 monitor ds_cpl vmx smx est tm2 ssse3 cx16 xtpr pdcm pcid sse4_1 sse4_2 x2apic popcnt tsc_deadline_timer aes xsave avx lahf_lm ida arat epb xsaveopt pln pts dtherm tpr_shadow vnmi flexpriority ept vpid
bogomips	: 3392.16
clflush size	: 64
cache_alignment	: 64
address sizes	: 36 bits physical, 48 bits virtual
power management:

processor	: 3
vendor_id	: GenuineIntel
cpu family	: 6
model		: 42
model name	: Intel(R) Core(TM) i5-2557M CPU @ 1.70GHz
stepping	: 7
microcode	: 0x1a
cpu MHz		: 1701.000
cache size	: 3072 KB
physical id	: 0
siblings	: 4
core id		: 1
cpu cores	: 2
apicid		: 3
initial apicid	: 3
fpu		: yes
fpu_exception	: yes
cpuid level	: 13
wp		: yes
flags		: fpu vme de pse tsc msr pae mce cx8 apic sep mtrr pge mca cmov pat pse36 clflush dts acpi mmx fxsr sse sse2 ss ht tm pbe syscall nx rdtscp lm constant_tsc arch_perfmon pebs bts rep_good nopl xtopology nonstop_tsc aperfmperf eagerfpu pni pclmulqdq dtes64 monitor ds_cpl vmx smx est tm2 ssse3 cx16 xtpr pdcm pcid sse4_1 sse4_2 x2apic popcnt tsc_deadline_timer aes xsave avx lahf_lm ida arat epb xsaveopt pln pts dtherm tpr_shadow vnmi flexpriority ept vpid
bogomips	: 3392.16
clflush size	: 64
cache_alignment	: 64
address sizes	: 36 bits physical, 48 bits virtual
power management:



Memory: 4k page, physical 3946988k(134904k free), swap 0k(0k free)

vm_info: OpenJDK 64-Bit Server VM (24.95-b01) for linux-amd64 JRE (1.7.0_95-b00), built on Jan 21 2016 03:31:40 by "buildd" with gcc 4.8.4

time: Fri Mar 11 02:32:12 2016
elapsed time: 25 seconds

